  Using 'git status' to determine working set for adaptive non-unity build.
  Creating makefile for PairProjectEditor (no existing makefile)
  Using Visual Studio 2017 14.14.26428 toolchain (C:\Program Files (x86)\Microsoft Visual Studio\2017\Professional\VC\Tools\MSVC\14.14.26428) and Windows 10.0.17134.0 SDK (C:\Program Files (x86)\Windows Kits\10).
  Parsing headers for PairProjectEditor
    Running UnrealHeaderTool "C:\Users\h017026h\TGPPairProject\PairProject\PairProject.uproject" "C:\Users\h017026h\TGPPairProject\PairProject\Intermediate\Build\Win64\PairProjectEditor\Development\PairProjectEditor.uhtmanifest" -LogCmds="loginit warning, logexit warning, logdatabase error" -Unattended -WarningsAsErrors -installed
  Reflection code generated for PairProjectEditor in 9.1132445 seconds
  Building 11 actions with 8 processes...
    [1/11] SharedPCH.Engine.cpp
    [2/11] PairProject.cpp
    [3/11] PairProject.init.gen.cpp
    [4/11] BaseEnemy.cpp
    [5/11] BaseEnemy.gen.cpp
    [6/11] PairProjectGameModeBase.cpp
    [7/11] PairProjectGameModeBase.gen.cpp
    [8/11] BaseCharacter.gen.cpp
    [9/11] BaseCharacter.cpp
    [10/11] UE4Editor-PairProject.lib
       Creating library C:\Users\h017026h\TGPPairProject\PairProject\Intermediate\Build\Win64\UE4Editor\Development\PairProject\UE4Editor-PairProject.lib and object C:\Users\h017026h\TGPPairProject\PairProject\Intermediate\Build\Win64\UE4Editor\Development\PairProject\UE4Editor-PairProject.exp
    [11/11] UE4Editor-PairProject.dll
       Creating library C:\Users\h017026h\TGPPairProject\PairProject\Intermediate\Build\Win64\UE4Editor\Development\PairProject\UE4Editor-PairProject.suppressed.lib and object C:\Users\h017026h\TGPPairProject\PairProject\Intermediate\Build\Win64\UE4Editor\Development\PairProject\UE4Editor-PairProject.suppressed.exp
  Deploying PairProjectEditor Win64 Development...
  Total build time: 72.12 seconds (Parallel executor: 26.46 seconds)
