Log file open, 12/29/18 15:59:34
LogWindows: Failed to load 'aqProf.dll' (GetLastError=126)
LogWindows: File 'aqProf.dll' does not exist
LogWindows: Failed to load 'VSPerf140.dll' (GetLastError=126)
LogWindows: File 'VSPerf140.dll' does not exist
LogWindows: Failed to load 'VtuneApi.dll' (GetLastError=126)
LogWindows: File 'VtuneApi.dll' does not exist
LogWindows: Failed to load 'VtuneApi32e.dll' (GetLastError=126)
LogWindows: File 'VtuneApi32e.dll' does not exist
LogInit: Display: Running engine for game: PairProject
LogPlatformFile: Not using cached read wrapper
LogTaskGraph: Started task graph with 5 named threads and 35 total threads with 3 sets of task threads.
LogStats: Stats thread started at 0.507398
LogD3D11RHI: Loaded GFSDK_Aftermath_Lib.x64.dll
LogICUInternationalization: Display: ICU TimeZone Detection - Raw Offset: +0:00, Platform Override: ''
LogPluginManager: Mounting plugin Paper2D
LogPluginManager: Mounting plugin AISupport
LogPluginManager: Mounting plugin LightPropagationVolume
LogPluginManager: Mounting plugin CLionSourceCodeAccess
LogPluginManager: Mounting plugin CodeLiteSourceCodeAccess
LogPluginManager: Mounting plugin GitSourceControl
LogPluginManager: Mounting plugin KDevelopSourceCodeAccess
LogPluginManager: Mounting plugin NullSourceCodeAccess
LogPluginManager: Mounting plugin PerforceSourceControl
LogPluginManager: Mounting plugin SubversionSourceControl
LogPluginManager: Mounting plugin UObjectPlugin
LogPluginManager: Mounting plugin VisualStudioCodeSourceCodeAccess
LogPluginManager: Mounting plugin VisualStudioSourceCodeAccess
LogPluginManager: Mounting plugin XCodeSourceCodeAccess
LogPluginManager: Mounting plugin AssetManagerEditor
LogPluginManager: Mounting plugin CryptoKeys
LogPluginManager: Mounting plugin DataValidation
LogPluginManager: Mounting plugin FacialAnimation
LogPluginManager: Mounting plugin GameplayTagsEditor
LogPluginManager: Mounting plugin MacGraphicsSwitching
LogPluginManager: Mounting plugin MeshEditor
LogPluginManager: Mounting plugin MobileLauncherProfileWizard
LogPluginManager: Mounting plugin PluginBrowser
LogPluginManager: Mounting plugin SpeedTreeImporter
LogPluginManager: Mounting plugin DatasmithContent
LogPluginManager: Mounting plugin AlembicImporter
LogPluginManager: Mounting plugin AppleImageUtils
LogPluginManager: Mounting plugin AppleVision
LogPluginManager: Mounting plugin BackChannel
LogPluginManager: Mounting plugin CharacterAI
LogPluginManager: Mounting plugin GeometryCache
LogPluginManager: Mounting plugin HTML5Networking
LogPluginManager: Mounting plugin ProxyLODPlugin
LogPluginManager: Mounting plugin MagicLeap
LogPluginManager: Mounting plugin MagicLeapEmulator
LogPluginManager: Mounting plugin MagicLeapMedia
LogPluginManager: Mounting plugin AndroidMedia
LogPluginManager: Mounting plugin AvfMedia
LogPluginManager: Mounting plugin ImgMedia
LogPluginManager: Mounting plugin LinearTimecode
LogPluginManager: Mounting plugin MediaCompositing
LogPluginManager: Mounting plugin MediaPlayerEditor
LogPluginManager: Mounting plugin WmfMedia
LogPluginManager: Mounting plugin TcpMessaging
LogPluginManager: Mounting plugin UdpMessaging
LogPluginManager: Mounting plugin ActorSequence
LogPluginManager: Mounting plugin LevelSequenceEditor
LogPluginManager: Mounting plugin MatineeToLevelSequence
LogPluginManager: Mounting plugin NetcodeUnitTest
LogPluginManager: Mounting plugin NUTUnrealEngine4
LogPluginManager: Mounting plugin OnlineSubsystemGooglePlay
LogPluginManager: Mounting plugin OnlineSubsystemIOS
LogPluginManager: Mounting plugin OnlineSubsystem
LogPluginManager: Mounting plugin OnlineSubsystemNull
LogPluginManager: Mounting plugin OnlineSubsystemUtils
LogPluginManager: Mounting plugin LauncherChunkInstaller
LogPluginManager: Mounting plugin AndroidDeviceProfileSelector
LogPluginManager: Mounting plugin AndroidMoviePlayer
LogPluginManager: Mounting plugin AndroidPermission
LogPluginManager: Mounting plugin AppleMoviePlayer
LogPluginManager: Mounting plugin ArchVisCharacter
LogPluginManager: Mounting plugin AudioCapture
LogPluginManager: Mounting plugin CableComponent
LogPluginManager: Mounting plugin CustomMeshComponent
LogPluginManager: Mounting plugin EditableMesh
LogPluginManager: Mounting plugin ExampleDeviceProfileSelector
LogPluginManager: Mounting plugin GoogleCloudMessaging
LogPluginManager: Mounting plugin ImmediatePhysics
LogPluginManager: Mounting plugin IOSDeviceProfileSelector
LogPluginManager: Mounting plugin LinuxDeviceProfileSelector
LogPluginManager: Mounting plugin LocationServicesBPLibrary
LogPluginManager: Mounting plugin MobilePatchingUtils
LogPluginManager: Mounting plugin OculusVR
LogPluginManager: Plugin shader directory ../../../Engine/Plugins/Runtime/Oculus/OculusVR/Shaders found
LogPluginManager: Mapping shader source directory ../../../Engine/Plugins/Runtime/Oculus/OculusVR/Shaders to virtual directory /Plugin/OculusVR
LogPluginManager: Mounting plugin PhysXVehicles
LogPluginManager: Mounting plugin ProceduralMeshComponent
LogPluginManager: Mounting plugin RuntimePhysXCooking
LogPluginManager: Mounting plugin SteamVR
LogPluginManager: Mounting plugin WindowsMoviePlayer
LogStreaming: Display: Took  0.113s to configure plugins.
LogInit: Using libcurl 7.55.1-DEV
LogInit:  - built for x86_64-pc-win32
LogInit:  - supports SSL with OpenSSL/1.0.2h
LogInit:  - supports HTTP deflate (compression) using libz 1.2.8
LogInit:  - other features:
LogInit:      CURL_VERSION_SSL
LogInit:      CURL_VERSION_LIBZ
LogInit:      CURL_VERSION_IPV6
LogInit:      CURL_VERSION_ASYNCHDNS
LogInit:      CURL_VERSION_LARGEFILE
LogInit:      CURL_VERSION_IDN
LogInit:  CurlRequestOptions (configurable via config and command line):
LogInit:  - bVerifyPeer = false  - Libcurl will NOT verify peer certificate
LogInit:  - bUseHttpProxy = false  - Libcurl will NOT use HTTP proxy
LogInit:  - bDontReuseConnections = false  - Libcurl will reuse connections
LogInit:  - CertBundlePath = nullptr  - Libcurl will use whatever was configured at build time.
LogInit:  - MaxHostConnections = 16  - Libcurl will limit the number of connections to a host
LogInit:  - LocalHostAddr = Default
LogInit:  - BufferSize = 65536
LogInit: WinSock: version 1.1 (2.2), MaxSocks=32767, MaxUdp=65467
LogInit: Build: ++UE4+Release-4.20-CL-4369336
LogInit: Engine Version: 4.20.3-4369336+++UE4+Release-4.20
LogInit: Compatible Engine Version: 4.20.0-4212847+++UE4+Release-4.20
LogInit: Net CL: 4212847
LogInit: OS: Windows 10 (), CPU: Intel(R) Core(TM) i7-8700K CPU @ 3.70GHz, GPU: NVIDIA GeForce GTX 950
LogInit: Compiled (64-bit): Sep 17 2018 12:26:19
LogInit: Compiled with Visual C++: 19.13.26129.00
LogInit: Build Configuration: Development
LogInit: Branch Name: ++UE4+Release-4.20
LogInit: Command Line:  -skipcompile
LogInit: Base Directory: D:/Program Files (x86)/UE_4.20/Engine/Binaries/Win64/
LogInit: Installed Engine Build: 1
LogDevObjectVersion: Number of dev versions registered: 20
LogDevObjectVersion:   Dev-Blueprints (B0D832E4-1F89-4F0D-ACCF-7EB736FD4AA2): 10
LogDevObjectVersion:   Dev-Build (E1C64328-A22C-4D53-A36C-8E866417BD8C): 0
LogDevObjectVersion:   Dev-Core (375EC13C-06E4-48FB-B500-84F0262A717E): 2
LogDevObjectVersion:   Dev-Editor (E4B068ED-F494-42E9-A231-DA0B2E46BB41): 24
LogDevObjectVersion:   Dev-Framework (CFFC743F-43B0-4480-9391-14DF171D2073): 34
LogDevObjectVersion:   Dev-Mobile (B02B49B5-BB20-44E9-A304-32B752E40360): 2
LogDevObjectVersion:   Dev-Networking (A4E4105C-59A1-49B5-A7C5-40C4547EDFEE): 0
LogDevObjectVersion:   Dev-Online (39C831C9-5AE6-47DC-9A44-9C173E1C8E7C): 0
LogDevObjectVersion:   Dev-Physics (78F01B33-EBEA-4F98-B9B4-84EACCB95AA2): 0
LogDevObjectVersion:   Dev-Platform (6631380F-2D4D-43E0-8009-CF276956A95A): 0
LogDevObjectVersion:   Dev-Rendering (12F88B9F-8875-4AFC-A67C-D90C383ABD29): 26
LogDevObjectVersion:   Dev-Sequencer (7B5AE74C-D270-4C10-A958-57980B212A5A): 9
LogDevObjectVersion:   Dev-VR (D7296918-1DD6-4BDD-9DE2-64A83CC13884): 2
LogDevObjectVersion:   Dev-LoadTimes (C2A15278-BFE7-4AFE-6C17-90FF531DF755): 1
LogDevObjectVersion:   Private-Geometry (6EACA3D4-40EC-4CC1-B786-8BED09428FC5): 3
LogDevObjectVersion:   Dev-AnimPhys (29E575DD-E0A3-4627-9D10-D276232CDCEA): 17
LogDevObjectVersion:   Dev-ReflectionCapture (6B266CEC-1EC7-4B8F-A30B-E4D90942FC07): 1
LogDevObjectVersion:   Dev-Automation (0DF73D61-A23F-47EA-B727-89E90C41499A): 1
LogDevObjectVersion:   FortniteMain (601D1886-AC64-4F84-AA16-D3DE0DEAC7D6): 12
LogDevObjectVersion:   Dev-Enterprise (9DFFBCD6-494F-0158-E221-12823C92A888): 1
LogStreaming: Display: Took  0.001s to delete old logs.
LogInit: Presizing for max 8388607 objects, including 0 objects not considered by GC, pre-allocating 0 bytes for permanent pool.
LogInit: Object subsystem initialized
[2018.12.29-15.59.35:010][  0]LogInit: Selected Device Profile: [Windows]
[2018.12.29-15.59.35:011][  0]LogInit: Applying CVar settings loaded from the selected device profile: [Windows]
[2018.12.29-15.59.35:021][  0]LogHAL: Display: Platform has ~ 16 GB [17132584960 / 17179869184 / 16], which maps to Larger [LargestMinGB=32, LargerMinGB=12, DefaultMinGB=8, SmallerMinGB=6, SmallestMinGB=0)
[2018.12.29-15.59.35:021][  0]LogInit: Setting Device Profile CVar: [[r.Vulkan.UseRealUBs:1]]
[2018.12.29-15.59.35:021][  0]LogInit: Going up to parent DeviceProfile []
[2018.12.29-15.59.35:021][  0]LogInit: Computer: DESKTOP-D8L6EI8
[2018.12.29-15.59.35:022][  0]LogInit: User: h017026h
[2018.12.29-15.59.35:022][  0]LogInit: CPU Page size=4096, Cores=6
[2018.12.29-15.59.35:022][  0]LogInit: High frequency timer resolution =3.609372 MHz
[2018.12.29-15.59.35:022][  0]LogMemory: Memory total: Physical=16.0GB (16GB approx)
[2018.12.29-15.59.35:022][  0]LogMemory: Platform Memory Stats for Windows
[2018.12.29-15.59.35:022][  0]LogMemory: Process Physical Memory: 101.88 MB used, 101.88 MB peak
[2018.12.29-15.59.35:022][  0]LogMemory: Process Virtual Memory: 94.20 MB used, 94.20 MB peak
[2018.12.29-15.59.35:022][  0]LogMemory: Physical Memory: 6945.29 MB used,  9393.62 MB free, 16338.91 MB total
[2018.12.29-15.59.35:023][  0]LogMemory: Virtual Memory: 4661.10 MB used,  9393.62 MB free, 134217728.00 MB total
[2018.12.29-15.59.35:108][  0]LogInit: Using OS detected language (en-GB).
[2018.12.29-15.59.35:108][  0]LogInit: Using OS detected locale (en-GB).
[2018.12.29-15.59.35:109][  0]LogTextLocalizationManager: No specific localization for 'en-GB' exists, so the 'en' localization will be used.
[2018.12.29-15.59.35:399][  0]LogStreaming: Display: Took  0.291s to InitEngineTextLocalization.
[2018.12.29-15.59.35:399][  0]LogInit: Setting process to per monitor DPI aware
[2018.12.29-15.59.35:447][  0]LogSlate: New Slate User Created.  User Index 0, Is Virtual User: 0
[2018.12.29-15.59.35:447][  0]LogSlate: Slate User Registered.  User Index 0, Is Virtual User: 0
[2018.12.29-15.59.35:675][  0]LogHMD: Failed to initialize OpenVR with code 110
[2018.12.29-15.59.35:676][  0]LogD3D11RHI: D3D11 adapters:
[2018.12.29-15.59.35:737][  0]LogD3D11RHI:    0. 'NVIDIA GeForce GTX 950' (Feature Level 11_0)
[2018.12.29-15.59.35:737][  0]LogD3D11RHI:       2007/0/8169 MB DedicatedVideo/DedicatedSystem/SharedSystem, Outputs:1, VendorId:0x10de
[2018.12.29-15.59.35:741][  0]LogD3D11RHI:    1. 'Microsoft Basic Render Driver' (Feature Level 11_0)
[2018.12.29-15.59.35:741][  0]LogD3D11RHI:       0/0/8169 MB DedicatedVideo/DedicatedSystem/SharedSystem, Outputs:0, VendorId:0x1414
[2018.12.29-15.59.35:741][  0]LogD3D11RHI: Chosen D3D11 Adapter: 0
[2018.12.29-15.59.35:748][  0]LogD3D11RHI: Creating new Direct3DDevice
[2018.12.29-15.59.35:749][  0]LogD3D11RHI:     GPU DeviceId: 0x1402 (for the marketing name, search the web for "GPU Device Id")
[2018.12.29-15.59.35:749][  0]LogWindows: EnumDisplayDevices:
[2018.12.29-15.59.35:749][  0]LogWindows:    0. 'NVIDIA GeForce GTX 950' (P:1 D:1)
[2018.12.29-15.59.35:749][  0]LogWindows:    1. 'NVIDIA GeForce GTX 950' (P:0 D:0)
[2018.12.29-15.59.35:749][  0]LogWindows:    2. 'NVIDIA GeForce GTX 950' (P:0 D:0)
[2018.12.29-15.59.35:750][  0]LogWindows:    3. 'NVIDIA GeForce GTX 950' (P:0 D:0)
[2018.12.29-15.59.35:750][  0]LogWindows: DebugString: FoundDriverCount:4 
[2018.12.29-15.59.35:750][  0]LogD3D11RHI:     Adapter Name: NVIDIA GeForce GTX 950
[2018.12.29-15.59.35:750][  0]LogD3D11RHI:   Driver Version: 399.07 (internal:24.21.13.9907, unified:399.07)
[2018.12.29-15.59.35:750][  0]LogD3D11RHI:      Driver Date: 8-21-2018
[2018.12.29-15.59.35:750][  0]LogRHI: Texture pool is 1405 MB (70% of 2007 MB)
[2018.12.29-15.59.35:783][  0]LogD3D11RHI: Async texture creation enabled
[2018.12.29-15.59.35:815][  0]LogD3D11RHI: GPU Timing Frequency: 1000.000000 (Debug: 2 2)
[2018.12.29-15.59.35:864][  0]LogShaderCompilers: Guid format shader working directory is -27 characters bigger than the processId version (../../../../../Users/h017026h/Documents/GitKraken/TGPPairProject/PairProject/Intermediate/Shaders/WorkingDirectory/6884/).
[2018.12.29-15.59.35:864][  0]LogShaderCompilers: Cleaned the shader compiler working directory 'C:/Users/h017026h/AppData/Local/Temp/UnrealShaderWorkingDir/6F5A85BD4B0F93EF5E9F0D939B24F0A9/'.
[2018.12.29-15.59.36:057][  0]LogTemp: Display: Loaded TP AllDesktopTargetPlatform
[2018.12.29-15.59.36:069][  0]LogTemp: Display: Loaded TP MacClientTargetPlatform
[2018.12.29-15.59.36:080][  0]LogTemp: Display: Loaded TP MacNoEditorTargetPlatform
[2018.12.29-15.59.36:091][  0]LogTemp: Display: Loaded TP MacServerTargetPlatform
[2018.12.29-15.59.36:102][  0]LogTemp: Display: Loaded TP MacTargetPlatform
[2018.12.29-15.59.36:114][  0]LogTemp: Display: Loaded TP WindowsClientTargetPlatform
[2018.12.29-15.59.36:128][  0]LogTemp: Display: Loaded TP WindowsNoEditorTargetPlatform
[2018.12.29-15.59.36:139][  0]LogTemp: Display: Loaded TP WindowsServerTargetPlatform
[2018.12.29-15.59.36:145][  0]LogTemp: Display: Loaded TP WindowsTargetPlatform
[2018.12.29-15.59.36:204][  0]LogTemp: Display: Loaded TP AndroidTargetPlatform
[2018.12.29-15.59.36:204][  0]LogTemp: Display: Loaded TP AndroidTargetPlatform
[2018.12.29-15.59.36:204][  0]LogTemp: Display: Loaded TP AndroidTargetPlatform
[2018.12.29-15.59.36:205][  0]LogTemp: Display: Loaded TP AndroidTargetPlatform
[2018.12.29-15.59.36:205][  0]LogTemp: Display: Loaded TP AndroidTargetPlatform
[2018.12.29-15.59.36:205][  0]LogTemp: Display: Loaded TP AndroidTargetPlatform
[2018.12.29-15.59.36:205][  0]LogTemp: Display: Loaded TP AndroidTargetPlatform
[2018.12.29-15.59.36:205][  0]LogTemp: Display: Loaded TP AndroidTargetPlatform
[2018.12.29-15.59.36:205][  0]LogTemp: Display: Loaded TP AndroidTargetPlatform
[2018.12.29-15.59.36:205][  0]LogTemp: Display: Loaded TP AndroidTargetPlatform
[2018.12.29-15.59.36:205][  0]LogTemp: Display: Loaded TP AndroidTargetPlatform
[2018.12.29-15.59.36:205][  0]LogTemp: Display: Loaded TP AndroidTargetPlatform
[2018.12.29-15.59.36:205][  0]LogTemp: Display: Loaded TP AndroidTargetPlatform
[2018.12.29-15.59.36:205][  0]LogTemp: Display: Loaded TP AndroidTargetPlatform
[2018.12.29-15.59.36:205][  0]LogTemp: Display: Loaded TP AndroidTargetPlatform
[2018.12.29-15.59.36:205][  0]LogTemp: Display: Loaded TP AndroidTargetPlatform
[2018.12.29-15.59.36:205][  0]LogTemp: Display: Loaded TP AndroidTargetPlatform
[2018.12.29-15.59.36:205][  0]LogTemp: Display: Loaded TP AndroidTargetPlatform
[2018.12.29-15.59.36:207][  0]LogTemp: Display: Loaded TP HTML5TargetPlatform
[2018.12.29-15.59.36:268][  0]LogTemp: Display: Loaded TP IOSTargetPlatform
[2018.12.29-15.59.36:268][  0]LogTemp: Display: Loaded TP IOSTargetPlatform
[2018.12.29-15.59.36:288][  0]LogTemp: Display: Loaded TP TVOSTargetPlatform
[2018.12.29-15.59.36:288][  0]LogTemp: Display: Loaded TP TVOSTargetPlatform
[2018.12.29-15.59.36:300][  0]LogTemp: Display: Loaded TP LinuxClientTargetPlatform
[2018.12.29-15.59.36:312][  0]LogTemp: Display: Loaded TP LinuxNoEditorTargetPlatform
[2018.12.29-15.59.36:323][  0]LogTemp: Display: Loaded TP LinuxServerTargetPlatform
[2018.12.29-15.59.36:335][  0]LogTemp: Display: Loaded TP LinuxTargetPlatform
[2018.12.29-15.59.36:343][  0]LogTemp: Display: Loaded TP LuminTargetPlatform
[2018.12.29-15.59.36:344][  0]LogTargetPlatformManager: Display: Building Assets For Windows
[2018.12.29-15.59.36:426][  0]LogXGEController: Cleaning working directory: C:/Users/h017026h/AppData/Local/Temp/UnrealXGEWorkingDir/
[2018.12.29-15.59.36:426][  0]LogXGEController: Cannot use XGE Controller as Incredibuild is not installed on this machine.
[2018.12.29-15.59.36:427][  0]LogShaderCompilers: Cannot use XGE Shader Compiler as Incredibuild is not installed on this machine.
[2018.12.29-15.59.36:427][  0]LogShaderCompilers: Display: Using Local Shader Compiler.
[2018.12.29-15.59.36:972][  0]LogDerivedDataCache: Display: Max Cache Size: 512 MB
[2018.12.29-15.59.37:015][  0]LogDerivedDataCache: Loaded boot cache 0.04s 71MB C:/Users/h017026h/AppData/Local/UnrealEngine/4.20/DerivedDataCache/Boot.ddc.
[2018.12.29-15.59.37:015][  0]LogDerivedDataCache: Display: Loaded Boot cache: C:/Users/h017026h/AppData/Local/UnrealEngine/4.20/DerivedDataCache/Boot.ddc
[2018.12.29-15.59.37:016][  0]LogDerivedDataCache: FDerivedDataBackendGraph:  Pak pak cache file ../../../../../Users/h017026h/Documents/GitKraken/TGPPairProject/PairProject/DerivedDataCache/DDC.ddp not found, will not use a pak cache.
[2018.12.29-15.59.37:016][  0]LogDerivedDataCache: Unable to find inner node Pak for hierarchical cache Hierarchy.
[2018.12.29-15.59.37:016][  0]LogDerivedDataCache: FDerivedDataBackendGraph:  CompressedPak pak cache file ../../../../../Users/h017026h/Documents/GitKraken/TGPPairProject/PairProject/DerivedDataCache/Compressed.ddp not found, will not use a pak cache.
[2018.12.29-15.59.37:016][  0]LogDerivedDataCache: Unable to find inner node CompressedPak for hierarchical cache Hierarchy.
[2018.12.29-15.59.37:026][  0]LogDerivedDataCache: Display: Pak cache opened for reading ../../../Engine/DerivedDataCache/Compressed.ddp.
[2018.12.29-15.59.37:039][  0]LogDerivedDataCache: Using Local data cache path C:/Users/h017026h/AppData/Local/UnrealEngine/Common/DerivedDataCache: Writable
[2018.12.29-15.59.37:039][  0]LogDerivedDataCache: Shared data cache path not found in *engine.ini, will not use an Shared cache.
[2018.12.29-15.59.37:039][  0]LogDerivedDataCache: Unable to find inner node Shared for hierarchical cache Hierarchy.
[2018.12.29-15.59.37:053][  0]LogMaterial: Verifying Global Shaders for PCD3D_SM5
[2018.12.29-15.59.37:055][  0]LogSlate: Using FreeType 2.6.0
[2018.12.29-15.59.37:055][  0]LogSlate: SlateFontServices - WITH_FREETYPE: 1, WITH_HARFBUZZ: 1
[2018.12.29-15.59.37:124][  0]LogAssetRegistry: FAssetRegistry took 0.0272 seconds to start up
[2018.12.29-15.59.37:356][  0]LogInit: Selected Device Profile: [Windows]
[2018.12.29-15.59.37:465][  0]LogSimplygon: Simplygon DLL not present - disabling.
[2018.12.29-15.59.37:471][  0]LogMeshReduction: Using SimplygonSwarm for distributed automatic mesh merging
[2018.12.29-15.59.37:471][  0]LogMeshReduction: Using ProxyLODMeshReduction for automatic mesh merging
[2018.12.29-15.59.37:471][  0]LogMeshReduction: Using QuadricMeshReduction for automatic static mesh reduction
[2018.12.29-15.59.37:471][  0]LogMeshReduction: No automatic skeletal mesh reduction module available
[2018.12.29-15.59.37:481][  0]LogNetVersion: PairProject 1.0.0, NetCL: 4212847, EngineNetVer: 5, GameNetVer: 0 (Checksum: 2248716754)
[2018.12.29-15.59.37:874][  0]LogPackageLocalizationCache: Processed 11 localized package path(s) for 2 prioritized culture(s) in 0.096740 seconds
[2018.12.29-15.59.37:879][  0]LogUObjectArray: 38425 objects as part of root set at end of initial load.
[2018.12.29-15.59.37:879][  0]LogUObjectAllocator: 6690872 out of 0 bytes used by permanent object pool.
[2018.12.29-15.59.37:879][  0]LogUObjectArray: CloseDisregardForGC: 0/0 objects in disregard for GC pool
[2018.12.29-15.59.38:653][  0]LogTcpMessaging: Initializing TcpMessaging bridge
[2018.12.29-15.59.38:668][  0]LogUdpMessaging: Initializing bridge on interface 0.0.0.0:0 to multicast group 230.0.0.1:6666.
[2018.12.29-15.59.38:837][  0]SourceControl: Source control is disabled
[2018.12.29-15.59.38:837][  0]SourceControl: Source control is disabled
[2018.12.29-15.59.38:840][  0]SourceControl: Source control is disabled
[2018.12.29-15.59.38:843][  0]SourceControl: Source control is disabled
[2018.12.29-15.59.39:076][  0]LogAndroidPermission: UAndroidPermissionCallbackProxy::GetInstance
[2018.12.29-15.59.39:174][  0]LogOcInput: OculusInput pre-init called
[2018.12.29-15.59.39:232][  0]LogEngine: Initializing Engine...
[2018.12.29-15.59.39:233][  0]LogHMD: Failed to initialize OpenVR with code 110
[2018.12.29-15.59.39:234][  0]LogStats: UGameplayTagsManager::ConstructGameplayTagTree: ImportINI prefixes -  0.000 s
[2018.12.29-15.59.39:234][  0]LogStats: UGameplayTagsManager::ConstructGameplayTagTree: Construct from data asset -  0.000 s
[2018.12.29-15.59.39:234][  0]LogStats: UGameplayTagsManager::ConstructGameplayTagTree: ImportINI -  0.000 s
[2018.12.29-15.59.39:234][  0]LogStats: UGameplayTagsManager::ConstructGameplayTagTree: GameplayTagTreeChangedEvent.Broadcast -  0.000 s
[2018.12.29-15.59.39:393][  0]LogInit: Initializing FReadOnlyCVARCache
[2018.12.29-15.59.39:401][  0]LogAIModule: Creating AISystem for world Untitled
[2018.12.29-15.59.39:421][  0]LogInit: XAudio2 using 'Headset Earphone (Corsair VOID PRO USB Gaming Headset)' : 6 channels at 48 kHz using 16 bits per sample (channel mask 0x3f)
[2018.12.29-15.59.39:513][  0]LogInit: FAudioDevice initialized.
[2018.12.29-15.59.39:513][  0]LogNetVersion: Set ProjectVersion to 1.0.0.0. Version Checksum will be recalculated on next use.
[2018.12.29-15.59.39:578][  0]LogDerivedDataCache: Saved boot cache 0.06s 71MB C:/Users/h017026h/AppData/Local/UnrealEngine/4.20/DerivedDataCache/Boot.ddc.
[2018.12.29-15.59.39:588][  0]LogInit: Texture streaming: Enabled
[2018.12.29-15.59.39:605][  0]LogEngineSessionManager: EngineSessionManager initialized
[2018.12.29-15.59.39:615][  0]LogInit: Transaction tracking system initialized
[2018.12.29-15.59.39:641][  0]BlueprintLog: New page: Editor Load
[2018.12.29-15.59.39:729][  0]LocalizationService: Localization service is disabled
[2018.12.29-15.59.39:966][  0]LogCook: Display: Max memory allowance for cook 16384mb min free memory 0mb
[2018.12.29-15.59.39:966][  0]LogCook: Display: Mobile HDR setting 1
[2018.12.29-15.59.39:967][  0]LogGameplayTags: Display: UGameplayTagsManager::DoneAddingNativeTags. DelegateIsBound: 0
[2018.12.29-15.59.39:967][  0]LogStats: UGameplayTagsManager::ConstructGameplayTagTree: ImportINI prefixes -  0.000 s
[2018.12.29-15.59.39:967][  0]LogStats: UGameplayTagsManager::ConstructGameplayTagTree: Construct from data asset -  0.000 s
[2018.12.29-15.59.39:967][  0]LogStats: UGameplayTagsManager::ConstructGameplayTagTree: ImportINI -  0.000 s
[2018.12.29-15.59.39:967][  0]LogStats: UGameplayTagsManager::ConstructGameplayTagTree: GameplayTagTreeChangedEvent.Broadcast -  0.000 s
[2018.12.29-15.59.40:112][  0]LogFileCache: Scanning file cache for directory 'D:/Users/h017026h/Documents/GitKraken/TGPPairProject/PairProject/Content/' took 0.02s
[2018.12.29-15.59.40:112][  0]SourceControl: Source control is disabled
[2018.12.29-15.59.40:113][  0]Cmd: MAP LOAD FILE="../../../../../Users/h017026h/Documents/GitKraken/TGPPairProject/PairProject/Content/Scenes/StartScreen.umap" TEMPLATE=0 SHOWPROGRESS=1 FEATURELEVEL=3
[2018.12.29-15.59.40:113][  0]LightingResults: New page: Lighting Build
[2018.12.29-15.59.40:116][  0]MapCheck: New page: Map Check
[2018.12.29-15.59.40:116][  0]LightingResults: New page: Lighting Build
[2018.12.29-15.59.40:204][  0]LogAIModule: Creating AISystem for world StartScreen
[2018.12.29-15.59.40:204][  0]LogEditorServer: Finished looking for orphan Actors (0.000 secs)
[2018.12.29-15.59.40:226][  0]Cmd: MAP CHECKDEP NOCLEARLOG
[2018.12.29-15.59.40:266][  0]MapCheck: Map check complete: 0 Error(s), 0 Warning(s), took 40.113ms to complete.
[2018.12.29-15.59.40:266][  0]LogFileHelpers: Loading map 'StartScreen' took 0.153
[2018.12.29-15.59.40:364][  0]LogSlate: Updating window title bar state: overlay mode, drag disabled, window buttons hidden, title bar hidden
[2018.12.29-15.59.40:371][  0]LogSlate: Updating window title bar state: overlay mode, drag disabled, window buttons hidden, title bar hidden
[2018.12.29-15.59.40:377][  0]LogSlate: Updating window title bar state: overlay mode, drag disabled, window buttons hidden, title bar hidden
[2018.12.29-15.59.40:383][  0]LogSlate: Updating window title bar state: overlay mode, drag disabled, window buttons hidden, title bar hidden
[2018.12.29-15.59.40:389][  0]LogCollectionManager: Loaded 0 collections in 0.001135 seconds
[2018.12.29-15.59.40:434][  0]LogFileCache: Scanning file cache for directory 'D:/Users/h017026h/Documents/GitKraken/TGPPairProject/PairProject/Saved/Collections/' took 0.01s
[2018.12.29-15.59.40:435][  0]LogFileCache: Scanning file cache for directory 'D:/Users/h017026h/Documents/GitKraken/TGPPairProject/PairProject/Content/Developers/h017026h/Collections/' took 0.01s
[2018.12.29-15.59.40:435][  0]LogFileCache: Scanning file cache for directory 'D:/Users/h017026h/Documents/GitKraken/TGPPairProject/PairProject/Content/Collections/' took 0.01s
[2018.12.29-15.59.40:435][  0]LogCollectionManager: Rebuilt the GUID cache for 0 collections in 0.000000 seconds
[2018.12.29-15.59.40:442][  0]LogContentBrowser: Native class hierarchy populated in 0.0074 seconds. Added 2580 classes and 606 folders.
[2018.12.29-15.59.40:446][  0]LogContentBrowser: Native class hierarchy updated for 'WidgetCarousel' in 0.0003 seconds. Added 0 classes and 0 folders.
[2018.12.29-15.59.40:490][  0]LogContentBrowser: Native class hierarchy updated for 'AddContentDialog' in 0.0003 seconds. Added 0 classes and 0 folders.
[2018.12.29-15.59.40:495][  0]LogContentBrowser: Native class hierarchy updated for 'SceneOutliner' in 0.0003 seconds. Added 1 classes and 2 folders.
[2018.12.29-15.59.41:257][  0]LogSlate: Only BGRA pngs, bmps or icos are supported in by External Image Picker
[2018.12.29-15.59.41:278][  0]LogTemp: Executing iPhonePackager certificates Engine -bundlename com.YourCompany.PairProject
[2018.12.29-15.59.41:279][  0]LogTemp: CWD: D:\Program Files (x86)\UE_4.20\Engine\Binaries\DotNET\IOS
[2018.12.29-15.59.41:279][  0]LogTemp: Initial Dir: D:\Program Files (x86)\UE_4.20
[2018.12.29-15.59.41:279][  0]LogTemp: Env CWD: D:\Program Files (x86)\UE_4.20\Engine\Binaries\DotNET\IOS
[2018.12.29-15.59.41:279][  0]LogTemp: BranchPath = DESKTOP-D8L6EI8/D/Program Files (x86)/UE_4.20/Engine/Binaries --- GameBranchPath = DESKTOP-D8L6EI8/D/Program Files (x86)/UE_4.20/Engine/Binaries
[2018.12.29-15.59.41:279][  0]LogSlate: Took 0.000274 seconds to synchronously load lazily loaded font '../../../Engine/Content/Slate/Fonts/Roboto-Regular.ttf' (155K)
[2018.12.29-15.59.41:281][  0]LogSlate: Took 0.000318 seconds to synchronously load lazily loaded font '../../../Engine/Content/Slate/Fonts/Roboto-Bold.ttf' (160K)
[2018.12.29-15.59.41:286][  0]LogSlate: Took 0.000205 seconds to synchronously load lazily loaded font '../../../Engine/Content/Editor/Slate/Fonts/FontAwesome.ttf' (139K)
[2018.12.29-15.59.41:365][  0]LogTemp: IPP ERROR: Could not find provision directory 'C:\Users\h017026h\AppData\Local/Apple Computer/MobileDevice/Provisioning Profiles/'.
[2018.12.29-15.59.41:365][  0]LogRenderer: Reallocating scene render targets to support 1208x576 Format 10 NumSamples 1 (Frame:1).
[2018.12.29-15.59.41:454][  0]LogContentBrowser: Native class hierarchy updated for 'HierarchicalLODOutliner' in 0.0004 seconds. Added 0 classes and 0 folders.
[2018.12.29-15.59.41:454][  0]LogLoad: (Engine Initialization) Total time: 8.35 seconds
[2018.12.29-15.59.41:454][  0]LogLoad: (Engine Initialization) Total Blueprint compile time: 0.00 seconds
[2018.12.29-15.59.41:466][  0]LogWindowsTextInputMethodSystem: Display: IME system now deactivated.
[2018.12.29-15.59.41:495][  0]LogContentStreaming: Texture pool size now 1000 MB
[2018.12.29-15.59.41:509][  0]LogSlate: Took 0.000209 seconds to synchronously load lazily loaded font '../../../Engine/Content/Slate/Fonts/Roboto-Light.ttf' (167K)
[2018.12.29-15.59.41:524][  1]LogAssetRegistry: Asset discovery search completed in 4.4248 seconds
[2018.12.29-15.59.41:527][  1]LogCollectionManager: Rebuilt the object cache for 0 collections in 0.000001 seconds (found 0 objects)
[2018.12.29-15.59.41:527][  1]LogCollectionManager: Fixed up redirectors for 0 collections in 0.000086 seconds (updated 0 objects)
[2018.12.29-15.59.48:589][840]LogSlate: FSceneViewport::OnFocusLost() reason 0
[2018.12.29-16.00.23:198][461]LogSlate: Took 0.000157 seconds to synchronously load lazily loaded font '../../../Engine/Content/Slate/Fonts/Roboto-Light.ttf' (167K)
[2018.12.29-16.00.23:222][461]LogFactory: FactoryCreateFile: Texture with ReimportTextureFactory (0 0 C:/Users/h017026h/3D Objects/Master Sword/0.png)
[2018.12.29-16.00.23:241][461]LogTexture: Display: Building textures: 0 (AutoDXT, 512X512)
[2018.12.29-16.00.23:322][461]LogFactory: FactoryCreateFile: Texture with ReimportTextureFactory (0 0 C:/Users/h017026h/3D Objects/Master Sword/1.png)
[2018.12.29-16.00.23:334][461]LogTexture: Display: Building textures: 1 (BC5, 512X512)
[2018.12.29-16.00.23:354][461]LogFactory: FactoryCreateFile: Texture with ReimportTextureFactory (0 0 C:/Users/h017026h/3D Objects/Master Sword/2.png)
[2018.12.29-16.00.23:363][461]LogTexture: Display: Building textures: 2 (AutoDXT, 512X512)
[2018.12.29-16.00.23:402][461]LogFactory: FactoryCreateFile: Texture with ReimportTextureFactory (0 0 C:/Users/h017026h/3D Objects/Master Sword/3.png)
[2018.12.29-16.00.23:403][461]LogTexture: Display: Building textures: 3 (AutoDXT, 16X16)
[2018.12.29-16.00.23:412][461]LogFactory: FactoryCreateFile: Texture with ReimportTextureFactory (0 0 C:/Users/h017026h/3D Objects/Master Sword/4.png)
[2018.12.29-16.00.23:415][461]LogTexture: Display: Building textures: 4 (AutoDXT, 16X16)
[2018.12.29-16.00.23:423][461]LogFactory: FactoryCreateFile: StaticMesh with FbxFactory (0 0 C:/Users/h017026h/3D Objects/Master Sword/MasterSwordFBX.FBX)
[2018.12.29-16.00.23:437][461]LogFbx: Loading FBX Scene from C:/Users/h017026h/3D Objects/Master Sword/MasterSwordFBX.FBX
[2018.12.29-16.00.23:461][461]LogFbx: FBX Scene Loaded Succesfully
[2018.12.29-16.00.31:261][461]LogSlate: Window 'FBX Import Options' being destroyed
[2018.12.29-16.00.31:401][461]LogTexture: Display: Building textures: 0 (AutoDXT, 512X512)
[2018.12.29-16.00.31:483][461]LogFbxMaterialImport: Warning: Manual texture reimport and recompression may be needed for 1
[2018.12.29-16.00.31:489][461]LogTexture: Display: Building textures: 1 (BC5, 512X512)
[2018.12.29-16.00.31:500][461]LogMaterial: Display: Missing cached shader map for material material_0, compiling. 
[2018.12.29-16.00.31:563][461]LogShaderCompilers: Display: Shaders left to compile 22
[2018.12.29-16.00.31:564][461]LogShaderCompilers: Display: Shaders left to compile 12
[2018.12.29-16.00.31:564][461]LogShaderCompilers: Display: Shaders left to compile 2
[2018.12.29-16.00.31:574][461]LogStaticMesh: Building static mesh MasterSwordFBX...
[2018.12.29-16.00.31:614][461]LogStaticMesh: Built static mesh [0.04s] /Game/Assets/Models/Weapon_Models/MasterSwordFBX.MasterSwordFBX
[2018.12.29-16.00.31:631][461]FBXImport: Warning: No smoothing group information was found in this FBX scene.  Please make sure to enable the 'Export Smoothing Groups' option in the FBX Exporter plug-in before exporting the file.  Even for tools that don't support smoothing groups, the FBX Exporter will generate appropriate smoothing data at export-time so that correct vertex normals can be inferred while importing. 
[2018.12.29-16.00.34:881][829]LogSlate: Window 'Message Log' being destroyed
[2018.12.29-16.00.34:884][829]LogSlate: Window 'Message Log' being destroyed
[2018.12.29-16.00.40:288][440]LogAIModule: Creating AISystem for world CameraTestScene
[2018.12.29-16.00.40:298][440]LogAssetEditorManager: Opening Asset editor for World /Game/Scenes/CameraTestScene.CameraTestScene
[2018.12.29-16.00.45:696][440]LogSlate: Window 'Save Content' being destroyed
[2018.12.29-16.00.48:794][796]LogSavePackage: Moving '../../../../../Users/h017026h/Documents/GitKraken/TGPPairProject/PairProject/Saved/025BAA21F4B51A57007093FB8C41D2938.tmp' to '../../../../../Users/h017026h/Documents/GitKraken/TGPPairProject/PairProject/Content/Assets/Models/Weapon_Models/0.uasset'
[2018.12.29-16.00.48:829][796]LogSavePackage: Moving '../../../../../Users/h017026h/Documents/GitKraken/TGPPairProject/PairProject/Saved/1CC7F67B245F7BB387BA678A25202DB71.tmp' to '../../../../../Users/h017026h/Documents/GitKraken/TGPPairProject/PairProject/Content/Assets/Models/Weapon_Models/1.uasset'
[2018.12.29-16.00.48:878][796]LogSavePackage: Moving '../../../../../Users/h017026h/Documents/GitKraken/TGPPairProject/PairProject/Saved/275A5A9AE425C5AD0CB0B1CB51A967A0B.tmp' to '../../../../../Users/h017026h/Documents/GitKraken/TGPPairProject/PairProject/Content/Assets/Models/Weapon_Models/2.uasset'
[2018.12.29-16.00.48:891][796]LogSavePackage: Moving '../../../../../Users/h017026h/Documents/GitKraken/TGPPairProject/PairProject/Saved/3F5D7776E489CFD9F99F108B5946585F8.tmp' to '../../../../../Users/h017026h/Documents/GitKraken/TGPPairProject/PairProject/Content/Assets/Models/Weapon_Models/3.uasset'
[2018.12.29-16.00.48:904][796]LogSavePackage: Moving '../../../../../Users/h017026h/Documents/GitKraken/TGPPairProject/PairProject/Saved/4C9A1ED914714C46FC1D1AA8724E11567.tmp' to '../../../../../Users/h017026h/Documents/GitKraken/TGPPairProject/PairProject/Content/Assets/Models/Weapon_Models/4.uasset'
[2018.12.29-16.00.48:938][796]LogSavePackage: Moving '../../../../../Users/h017026h/Documents/GitKraken/TGPPairProject/PairProject/Saved/MasterSwordFBX28ED15F34DBF8EDAEA77ECA0B43A0CD8.tmp' to '../../../../../Users/h017026h/Documents/GitKraken/TGPPairProject/PairProject/Content/Assets/Models/Weapon_Models/MasterSwordFBX.uasset'
[2018.12.29-16.00.48:974][796]LogSavePackage: Moving '../../../../../Users/h017026h/Documents/GitKraken/TGPPairProject/PairProject/Saved/material_0E17F8F334AF66F7DA2ECB8863FC0F19C.tmp' to '../../../../../Users/h017026h/Documents/GitKraken/TGPPairProject/PairProject/Content/Assets/Models/Weapon_Models/material_0.uasset'
[2018.12.29-16.00.51:683][120]LogAssetEditorManager: Opening Asset editor for World /Game/Scenes/CameraTestScene.CameraTestScene
[2018.12.29-16.00.51:706][120]Cmd: MAP LOAD FILE="../../../../../Users/h017026h/Documents/GitKraken/TGPPairProject/PairProject/Content/Scenes/CameraTestScene.umap" TEMPLATE=0 SHOWPROGRESS=1 FEATURELEVEL=3
[2018.12.29-16.00.51:707][120]LightingResults: New page: Lighting Build
[2018.12.29-16.00.51:707][120]LoadErrors: New page: Loading map: CameraTestScene.umap
[2018.12.29-16.00.51:708][120]MapCheck: New page: Map Check
[2018.12.29-16.00.51:708][120]LightingResults: New page: Lighting Build
[2018.12.29-16.00.51:732][120]LogEditorServer: Finished looking for orphan Actors (0.000 secs)
[2018.12.29-16.00.51:782][120]Cmd: MAP CHECKDEP NOCLEARLOG
[2018.12.29-16.00.51:836][120]MapCheck: Map check complete: 0 Error(s), 0 Warning(s), took 53.766ms to complete.
[2018.12.29-16.00.51:838][120]LogFileHelpers: Loading map 'CameraTestScene' took 0.132
[2018.12.29-16.00.58:215][877]LogActorFactory: Actor Factory created MasterSwordFBX
[2018.12.29-16.00.58:869][954]LogActorFactory: Actor Factory created MasterSwordFBX
[2018.12.29-16.01.02:935][431]LogEditorViewport: Clicking on Actor (LMB): StaticMeshActor (Floor)
[2018.12.29-16.01.06:057][798]LogEditorViewport: Clicking on Actor (LMB): StaticMeshActor (MasterSwordFBX)
[2018.12.29-16.01.07:374][951]Cmd: DELETE
[2018.12.29-16.01.07:374][951]Cmd: ACTOR DELETE
[2018.12.29-16.01.07:376][951]LogEditorActor: Deleted Actor: StaticMeshActor
[2018.12.29-16.01.07:395][951]LogEditorActor: Deleted 1 Actors (0.021 secs)
[2018.12.29-16.01.08:317][ 62]LogSlate: FSceneViewport::OnFocusLost() reason 0
[2018.12.29-16.01.08:505][ 84]LogAssetEditorManager: Opening Asset editor for StaticMesh /Game/Assets/Models/Weapon_Models/MasterSwordFBX.MasterSwordFBX
[2018.12.29-16.01.08:892][ 84]LogRenderer: Reallocating scene render targets to support 1208x632 Format 10 NumSamples 1 (Frame:1).
[2018.12.29-16.01.08:893][ 84]LogSlate: Took 0.000260 seconds to synchronously load lazily loaded font '../../../Engine/Content/Slate/Fonts/Roboto-Italic.ttf' (157K)
[2018.12.29-16.01.16:362][963]LogEditorFactories: Performing atomic reimport of [C:/Users/h017026h/3D Objects/Master Sword/MasterSwordFBX.FBX]
[2018.12.29-16.01.16:383][963]LogFbx: Loading FBX Scene from C:/Users/h017026h/3D Objects/Master Sword/MasterSwordFBX.FBX
[2018.12.29-16.01.16:390][963]LogFbx: FBX Scene Loaded Succesfully
[2018.12.29-16.01.16:422][963]LogStaticMesh: Building static mesh MasterSwordFBX...
[2018.12.29-16.01.16:454][963]LogStaticMesh: Built static mesh [0.03s] /Game/Assets/Models/Weapon_Models/MasterSwordFBX.MasterSwordFBX
[2018.12.29-16.01.16:471][963]LogEditorFactories: -- imported successfully
[2018.12.29-16.01.16:474][963]FBXImport: Warning: No smoothing group information was found in this FBX scene.  Please make sure to enable the 'Export Smoothing Groups' option in the FBX Exporter plug-in before exporting the file.  Even for tools that don't support smoothing groups, the FBX Exporter will generate appropriate smoothing data at export-time so that correct vertex normals can be inferred while importing. 
[2018.12.29-16.01.18:520][201]LogSlate: Window 'MasterSwordFBX*' being destroyed
[2018.12.29-16.01.18:522][201]LogSlate: Window 'MasterSwordFBX*' being destroyed
[2018.12.29-16.01.21:565][529]LogSavePackage: Moving '../../../../../Users/h017026h/Documents/GitKraken/TGPPairProject/PairProject/Saved/CameraTestScene08435AD4474BD3EA23199E9D8433FBA5.tmp' to '../../../../../Users/h017026h/Documents/GitKraken/TGPPairProject/PairProject/Content/Scenes/CameraTestScene.umap'
[2018.12.29-16.01.21:601][529]LogFileHelpers: Saving map 'CameraTestScene' took 0.221
[2018.12.29-16.01.21:639][529]LogSavePackage: Moving '../../../../../Users/h017026h/Documents/GitKraken/TGPPairProject/PairProject/Saved/MasterSwordFBX2193DA90477C93E12E88998EFBE64FC0.tmp' to '../../../../../Users/h017026h/Documents/GitKraken/TGPPairProject/PairProject/Content/Assets/Models/Weapon_Models/MasterSwordFBX.uasset'
[2018.12.29-16.01.22:439][623]LogActorFactory: Actor Factory created MasterSwordFBX
[2018.12.29-16.01.23:251][719]LogActorFactory: Actor Factory created MasterSwordFBX
[2018.12.29-16.01.25:744][ 12]Cmd: DELETE
[2018.12.29-16.01.25:744][ 12]Cmd: ACTOR DELETE
[2018.12.29-16.01.25:746][ 12]LogEditorActor: Deleted Actor: StaticMeshActor
[2018.12.29-16.01.25:767][ 12]LogEditorActor: Deleted 1 Actors (0.022 secs)
[2018.12.29-16.01.28:306][317]LogSlate: FSceneViewport::OnFocusLost() reason 0
[2018.12.29-16.01.37:186][366]LogMetaData: Removing '/Game/Assets/Models/Weapon_Models/Link/MasterSwordFBX.MasterSwordFBX' ref from Metadata '/Game/Assets/Models/Weapon_Models/MasterSwordFBX.PackageMetaData'
[2018.12.29-16.01.37:226][366]LogSavePackage: Moving '../../../../../Users/h017026h/Documents/GitKraken/TGPPairProject/PairProject/Saved/03BB5B50E4E8A7009C4C20CB956337FD5.tmp' to '../../../../../Users/h017026h/Documents/GitKraken/TGPPairProject/PairProject/Content/Assets/Models/Weapon_Models/Link/0.uasset'
[2018.12.29-16.01.37:251][366]LogSavePackage: Moving '../../../../../Users/h017026h/Documents/GitKraken/TGPPairProject/PairProject/Saved/1C5F5646A457DCB75900BB6BB9B36E59E.tmp' to '../../../../../Users/h017026h/Documents/GitKraken/TGPPairProject/PairProject/Content/Assets/Models/Weapon_Models/Link/1.uasset'
[2018.12.29-16.01.37:276][366]LogSavePackage: Moving '../../../../../Users/h017026h/Documents/GitKraken/TGPPairProject/PairProject/Saved/2EBB0BB344048258E330751BCC52BE241.tmp' to '../../../../../Users/h017026h/Documents/GitKraken/TGPPairProject/PairProject/Content/Assets/Models/Weapon_Models/Link/2.uasset'
[2018.12.29-16.01.37:288][366]LogSavePackage: Moving '../../../../../Users/h017026h/Documents/GitKraken/TGPPairProject/PairProject/Saved/35837A3ED49365D6BACB966B4A2899A66.tmp' to '../../../../../Users/h017026h/Documents/GitKraken/TGPPairProject/PairProject/Content/Assets/Models/Weapon_Models/Link/3.uasset'
[2018.12.29-16.01.37:301][366]LogSavePackage: Moving '../../../../../Users/h017026h/Documents/GitKraken/TGPPairProject/PairProject/Saved/4F067F9824AFF8444B88221B6592D15C6.tmp' to '../../../../../Users/h017026h/Documents/GitKraken/TGPPairProject/PairProject/Content/Assets/Models/Weapon_Models/Link/4.uasset'
[2018.12.29-16.01.37:335][366]LogSavePackage: Moving '../../../../../Users/h017026h/Documents/GitKraken/TGPPairProject/PairProject/Saved/MasterSwordFBX13646E9B40283B5F1B6E8FA6BEC76EB0.tmp' to '../../../../../Users/h017026h/Documents/GitKraken/TGPPairProject/PairProject/Content/Assets/Models/Weapon_Models/Link/MasterSwordFBX.uasset'
[2018.12.29-16.01.37:372][366]LogSavePackage: Moving '../../../../../Users/h017026h/Documents/GitKraken/TGPPairProject/PairProject/Saved/material_0107BF059497478F594BA5DB284A85EB9.tmp' to '../../../../../Users/h017026h/Documents/GitKraken/TGPPairProject/PairProject/Content/Assets/Models/Weapon_Models/Link/material_0.uasset'
[2018.12.29-16.01.43:342][ 28]LogMetaData: Removing '/Game/Assets/Models/Weapon_Models/Link_Weapons/MasterSwordFBX.MasterSwordFBX' ref from Metadata '/Game/Assets/Models/Weapon_Models/Link/MasterSwordFBX.PackageMetaData'
[2018.12.29-16.01.43:408][ 28]LogSavePackage: Moving '../../../../../Users/h017026h/Documents/GitKraken/TGPPairProject/PairProject/Saved/material_0394B3C7E465CCE0F51E714BBBECD7450.tmp' to '../../../../../Users/h017026h/Documents/GitKraken/TGPPairProject/PairProject/Content/Assets/Models/Weapon_Models/Link_Weapons/material_0.uasset'
[2018.12.29-16.01.43:438][ 28]LogSavePackage: Moving '../../../../../Users/h017026h/Documents/GitKraken/TGPPairProject/PairProject/Saved/MasterSwordFBX268D283441BC3BFB762369A784C828C2.tmp' to '../../../../../Users/h017026h/Documents/GitKraken/TGPPairProject/PairProject/Content/Assets/Models/Weapon_Models/Link_Weapons/MasterSwordFBX.uasset'
[2018.12.29-16.01.43:452][ 28]LogSavePackage: Moving '../../../../../Users/h017026h/Documents/GitKraken/TGPPairProject/PairProject/Saved/4BEEC5E1845F7BD1ECCA230ADCBCF3511.tmp' to '../../../../../Users/h017026h/Documents/GitKraken/TGPPairProject/PairProject/Content/Assets/Models/Weapon_Models/Link_Weapons/4.uasset'
[2018.12.29-16.01.43:468][ 28]LogSavePackage: Moving '../../../../../Users/h017026h/Documents/GitKraken/TGPPairProject/PairProject/Saved/3B223D073466D1FAC46B5BF8333B4A8AC.tmp' to '../../../../../Users/h017026h/Documents/GitKraken/TGPPairProject/PairProject/Content/Assets/Models/Weapon_Models/Link_Weapons/3.uasset'
[2018.12.29-16.01.43:495][ 28]LogSavePackage: Moving '../../../../../Users/h017026h/Documents/GitKraken/TGPPairProject/PairProject/Saved/2E5A99D534DA237C592145693C6E82AFE.tmp' to '../../../../../Users/h017026h/Documents/GitKraken/TGPPairProject/PairProject/Content/Assets/Models/Weapon_Models/Link_Weapons/2.uasset'
[2018.12.29-16.01.43:526][ 28]LogSavePackage: Moving '../../../../../Users/h017026h/Documents/GitKraken/TGPPairProject/PairProject/Saved/155E361EB455AC73845363392C11E73F2.tmp' to '../../../../../Users/h017026h/Documents/GitKraken/TGPPairProject/PairProject/Content/Assets/Models/Weapon_Models/Link_Weapons/1.uasset'
[2018.12.29-16.01.43:553][ 28]LogSavePackage: Moving '../../../../../Users/h017026h/Documents/GitKraken/TGPPairProject/PairProject/Saved/0C03E49704AB7AE66868B7BAFBB4BB325.tmp' to '../../../../../Users/h017026h/Documents/GitKraken/TGPPairProject/PairProject/Content/Assets/Models/Weapon_Models/Link_Weapons/0.uasset'
[2018.12.29-16.01.59:035][114]LogFactory: FactoryCreateFile: Texture with ReimportTextureFactory (0 0 C:/Users/h017026h/3D Objects/Impa's Knives/Giant's Knife/0.png)
[2018.12.29-16.01.59:038][114]LogTexture: Display: Building textures: 0 (AutoDXT, 256X256)
[2018.12.29-16.01.59:055][114]LogFactory: FactoryCreateFile: Texture with ReimportTextureFactory (0 0 C:/Users/h017026h/3D Objects/Impa's Knives/Giant's Knife/1.png)
[2018.12.29-16.01.59:064][114]LogTexture: Display: Building textures: 1 (BC5, 256X256)
[2018.12.29-16.01.59:075][114]LogFactory: FactoryCreateFile: Texture with ReimportTextureFactory (0 0 C:/Users/h017026h/3D Objects/Impa's Knives/Giant's Knife/2.png)
[2018.12.29-16.01.59:080][114]LogTexture: Display: Building textures: 2 (AutoDXT, 256X256)
[2018.12.29-16.01.59:103][114]LogFactory: FactoryCreateFile: Texture with ReimportTextureFactory (0 0 C:/Users/h017026h/3D Objects/Impa's Knives/Giant's Knife/3.png)
[2018.12.29-16.01.59:105][114]LogTexture: Display: Building textures: 3 (AutoDXT, 16X16)
[2018.12.29-16.01.59:114][114]LogFactory: FactoryCreateFile: Texture with ReimportTextureFactory (0 0 C:/Users/h017026h/3D Objects/Impa's Knives/Giant's Knife/4.png)
[2018.12.29-16.01.59:116][114]LogTexture: Display: Building textures: 4 (AutoDXT, 16X16)
[2018.12.29-16.01.59:124][114]LogFactory: FactoryCreateFile: StaticMesh with FbxFactory (0 0 C:/Users/h017026h/3D Objects/Impa's Knives/Giant's Knife/GiantKnifeFBX.FBX)
[2018.12.29-16.01.59:139][114]LogFbx: Loading FBX Scene from C:/Users/h017026h/3D Objects/Impa's Knives/Giant's Knife/GiantKnifeFBX.FBX
[2018.12.29-16.01.59:146][114]LogFbx: FBX Scene Loaded Succesfully
[2018.12.29-16.02.08:755][114]LogSlate: Window 'FBX Import Options' being destroyed
[2018.12.29-16.02.08:784][114]LogTexture: Display: Building textures: 0 (AutoDXT, 256X256)
[2018.12.29-16.02.08:799][114]LogFbxMaterialImport: Warning: Manual texture reimport and recompression may be needed for 1
[2018.12.29-16.02.08:803][114]LogTexture: Display: Building textures: 1 (BC5, 256X256)
[2018.12.29-16.02.08:809][114]LogMaterial: Display: Missing cached shader map for material material_0, compiling. 
[2018.12.29-16.02.08:827][114]LogShaderCompilers: Display: Shaders left to compile 22
[2018.12.29-16.02.08:827][114]LogShaderCompilers: Display: Shaders left to compile 12
[2018.12.29-16.02.08:828][114]LogShaderCompilers: Display: Shaders left to compile 2
[2018.12.29-16.02.08:833][114]LogStaticMesh: Building static mesh GiantKnifeFBX...
[2018.12.29-16.02.08:857][114]LogStaticMesh: Built static mesh [0.02s] /Game/Assets/Models/Weapon_Models/Impa_Weapons/GiantKnifeFBX.GiantKnifeFBX
[2018.12.29-16.02.08:872][114]FBXImport: Warning: No smoothing group information was found in this FBX scene.  Please make sure to enable the 'Export Smoothing Groups' option in the FBX Exporter plug-in before exporting the file.  Even for tools that don't support smoothing groups, the FBX Exporter will generate appropriate smoothing data at export-time so that correct vertex normals can be inferred while importing. 
[2018.12.29-16.02.11:708][437]LogSlate: Window 'Message Log' being destroyed
[2018.12.29-16.02.11:712][437]LogSlate: Window 'Message Log' being destroyed
[2018.12.29-16.02.16:512][ 12]LogActorFactory: Actor Factory created GiantKnifeFBX
[2018.12.29-16.02.17:890][175]LogActorFactory: Actor Factory created GiantKnifeFBX
[2018.12.29-16.02.18:981][301]Cmd: DELETE
[2018.12.29-16.02.18:981][301]Cmd: ACTOR DELETE
[2018.12.29-16.02.18:983][301]LogEditorActor: Deleted Actor: StaticMeshActor
[2018.12.29-16.02.19:004][301]LogEditorActor: Deleted 1 Actors (0.023 secs)
[2018.12.29-16.02.19:786][394]LogSlate: FSceneViewport::OnFocusLost() reason 0
[2018.12.29-16.02.19:958][414]LogAssetEditorManager: Opening Asset editor for StaticMesh /Game/Assets/Models/Weapon_Models/Impa_Weapons/GiantKnifeFBX.GiantKnifeFBX
[2018.12.29-16.02.26:323][143]LogEditorFactories: Performing atomic reimport of [C:/Users/h017026h/3D Objects/Impa's Knives/Giant's Knife/GiantKnifeFBX.FBX]
[2018.12.29-16.02.26:341][143]LogFbx: Loading FBX Scene from C:/Users/h017026h/3D Objects/Impa's Knives/Giant's Knife/GiantKnifeFBX.FBX
[2018.12.29-16.02.26:348][143]LogFbx: FBX Scene Loaded Succesfully
[2018.12.29-16.02.26:369][143]LogStaticMesh: Building static mesh GiantKnifeFBX...
[2018.12.29-16.02.26:391][143]LogStaticMesh: Built static mesh [0.02s] /Game/Assets/Models/Weapon_Models/Impa_Weapons/GiantKnifeFBX.GiantKnifeFBX
[2018.12.29-16.02.26:395][143]LogStaticMesh: Warning: GiantKnifeFBX has some nearly zero tangents which can create some issues. (Tolerance of 1E-4)
[2018.12.29-16.02.26:395][143]LogStaticMesh: Warning: GiantKnifeFBX has some nearly zero bi-normals which can create some issues. (Tolerance of 1E-4)
[2018.12.29-16.02.26:404][143]LogEditorFactories: -- imported successfully
[2018.12.29-16.02.26:408][143]FBXImport: Warning: No smoothing group information was found in this FBX scene.  Please make sure to enable the 'Export Smoothing Groups' option in the FBX Exporter plug-in before exporting the file.  Even for tools that don't support smoothing groups, the FBX Exporter will generate appropriate smoothing data at export-time so that correct vertex normals can be inferred while importing. 
[2018.12.29-16.02.26:408][143]FBXImport: Warning: GiantKnifeFBX has some nearly zero tangents which can create some issues. (Tolerance of 1E-4) 
[2018.12.29-16.02.26:408][143]FBXImport: Warning: GiantKnifeFBX has some nearly zero bi-normals which can create some issues. (Tolerance of 1E-4) 
[2018.12.29-16.02.29:418][489]LogSavePackage: Moving '../../../../../Users/h017026h/Documents/GitKraken/TGPPairProject/PairProject/Saved/GiantKnifeFBXD9006E3D4BB6CB8CCB6263A649E50413.tmp' to '../../../../../Users/h017026h/Documents/GitKraken/TGPPairProject/PairProject/Content/Assets/Models/Weapon_Models/Impa_Weapons/GiantKnifeFBX.uasset'
[2018.12.29-16.02.30:513][619]LogSlate: Window 'GiantKnifeFBX' being destroyed
[2018.12.29-16.02.31:481][724]LogActorFactory: Actor Factory created GiantKnifeFBX
[2018.12.29-16.02.33:159][924]LogActorFactory: Actor Factory created GiantKnifeFBX
[2018.12.29-16.02.33:927][ 12]Cmd: DELETE
[2018.12.29-16.02.33:927][ 12]Cmd: ACTOR DELETE
[2018.12.29-16.02.33:929][ 12]LogEditorActor: Deleted Actor: StaticMeshActor
[2018.12.29-16.02.33:951][ 12]LogEditorActor: Deleted 1 Actors (0.023 secs)
[2018.12.29-16.02.35:340][178]LogSlate: FSceneViewport::OnFocusLost() reason 0
[2018.12.29-16.02.40:278][744]LogSavePackage: Moving '../../../../../Users/h017026h/Documents/GitKraken/TGPPairProject/PairProject/Saved/CameraTestScene37C5C023441A9C2D451350905EE8A765.tmp' to '../../../../../Users/h017026h/Documents/GitKraken/TGPPairProject/PairProject/Content/Scenes/CameraTestScene.umap'
[2018.12.29-16.02.40:312][744]LogFileHelpers: Saving map 'CameraTestScene' took 0.219
[2018.12.29-16.02.40:338][744]LogSavePackage: Moving '../../../../../Users/h017026h/Documents/GitKraken/TGPPairProject/PairProject/Saved/025D3C1CF4D47B729F6413DB201DD9529.tmp' to '../../../../../Users/h017026h/Documents/GitKraken/TGPPairProject/PairProject/Content/Assets/Models/Weapon_Models/Impa_Weapons/0.uasset'
[2018.12.29-16.02.40:367][744]LogSavePackage: Moving '../../../../../Users/h017026h/Documents/GitKraken/TGPPairProject/PairProject/Saved/1D2673CFB461BAFF03D4DBDB1C6E8B29B.tmp' to '../../../../../Users/h017026h/Documents/GitKraken/TGPPairProject/PairProject/Content/Assets/Models/Weapon_Models/Impa_Weapons/1.uasset'
[2018.12.29-16.02.40:398][744]LogSavePackage: Moving '../../../../../Users/h017026h/Documents/GitKraken/TGPPairProject/PairProject/Saved/2FBC4F4624F60CB8515A66EA441428A42.tmp' to '../../../../../Users/h017026h/Documents/GitKraken/TGPPairProject/PairProject/Content/Assets/Models/Weapon_Models/Impa_Weapons/2.uasset'
[2018.12.29-16.02.40:412][744]LogSavePackage: Moving '../../../../../Users/h017026h/Documents/GitKraken/TGPPairProject/PairProject/Saved/3CEF8817549160D9792CCC3A176DD63CA.tmp' to '../../../../../Users/h017026h/Documents/GitKraken/TGPPairProject/PairProject/Content/Assets/Models/Weapon_Models/Impa_Weapons/3.uasset'
[2018.12.29-16.02.40:426][744]LogSavePackage: Moving '../../../../../Users/h017026h/Documents/GitKraken/TGPPairProject/PairProject/Saved/4AE005C5A4C69A0BC5D684F83748D6000.tmp' to '../../../../../Users/h017026h/Documents/GitKraken/TGPPairProject/PairProject/Content/Assets/Models/Weapon_Models/Impa_Weapons/4.uasset'
[2018.12.29-16.02.40:479][744]LogSavePackage: Moving '../../../../../Users/h017026h/Documents/GitKraken/TGPPairProject/PairProject/Saved/material_03E23706E4F2BD2235AB770AADE989CC3.tmp' to '../../../../../Users/h017026h/Documents/GitKraken/TGPPairProject/PairProject/Content/Assets/Models/Weapon_Models/Impa_Weapons/material_0.uasset'
[2018.12.29-16.02.47:827][608]LogSlate: Window 'PairProject - Unreal Editor' being destroyed
[2018.12.29-16.02.47:829][608]LogWindowsTextInputMethodSystem: Display: IME system now deactivated.
[2018.12.29-16.02.48:022][609]Cmd: QUIT_EDITOR
[2018.12.29-16.02.48:056][609]LogExit: Preparing to exit.
[2018.12.29-16.02.48:227][609]LogExit: Editor shut down
[2018.12.29-16.02.48:227][609]LogExit: Transaction tracking system shut down
[2018.12.29-16.02.48:501][609]LogExit: Object subsystem successfully closed.
[2018.12.29-16.02.48:538][609]LogShaderCompilers: Display: Shaders left to compile 0
[2018.12.29-16.02.48:541][609]LogD3D11RHI: Shutdown
[2018.12.29-16.02.48:541][609]LogD3D11RHI: CleanupD3DDevice
[2018.12.29-16.02.48:544][609]LogD3D11RHI: ~FD3D11DynamicRHI
[2018.12.29-16.02.48:551][609]LogModuleManager: Shutting down and abandoning module StaticMeshEditor (618)
[2018.12.29-16.02.48:551][609]LogModuleManager: Shutting down and abandoning module MeshBuilder (616)
[2018.12.29-16.02.48:551][609]LogModuleManager: Shutting down and abandoning module HierarchicalLODOutliner (614)
[2018.12.29-16.02.48:552][609]LogModuleManager: Shutting down and abandoning module ExternalImagePicker (612)
[2018.12.29-16.02.48:552][609]LogModuleManager: Shutting down and abandoning module SceneOutliner (610)
[2018.12.29-16.02.48:552][609]LogModuleManager: Shutting down and abandoning module AddContentDialog (608)
[2018.12.29-16.02.48:552][609]LogModuleManager: Shutting down and abandoning module WidgetCarousel (607)
[2018.12.29-16.02.48:552][609]LogModuleManager: Shutting down and abandoning module EditorWidgets (604)
[2018.12.29-16.02.48:552][609]LogModuleManager: Shutting down and abandoning module CollectionManager (602)
[2018.12.29-16.02.48:553][609]LogModuleManager: Shutting down and abandoning module StatsViewer (600)
[2018.12.29-16.02.48:553][609]LogModuleManager: Shutting down and abandoning module FoliageEdit (598)
[2018.12.29-16.02.48:553][609]LogModuleManager: Shutting down and abandoning module LandscapeEditor (596)
[2018.12.29-16.02.48:553][609]LogModuleManager: Shutting down and abandoning module MeshPaintMode (594)
[2018.12.29-16.02.48:553][609]LogModuleManager: Shutting down and abandoning module SceneDepthPickerMode (592)
[2018.12.29-16.02.48:553][609]LogModuleManager: Shutting down and abandoning module ActorPickerMode (590)
[2018.12.29-16.02.48:553][609]LogModuleManager: Shutting down and abandoning module GeometryMode (588)
[2018.12.29-16.02.48:553][609]LogModuleManager: Shutting down and abandoning module TextureAlignMode (586)
[2018.12.29-16.02.48:554][609]LogModuleManager: Shutting down and abandoning module BspMode (584)
[2018.12.29-16.02.48:554][609]LogModuleManager: Shutting down and abandoning module PIEPreviewDeviceProfileSelector (582)
[2018.12.29-16.02.48:554][609]LogModuleManager: Shutting down and abandoning module SequenceRecorderSections (580)
[2018.12.29-16.02.48:554][609]LogModuleManager: Shutting down and abandoning module AutomationWorker (578)
[2018.12.29-16.02.48:554][609]LogModuleManager: Shutting down and abandoning module AudioCaptureEditor (576)
[2018.12.29-16.02.48:554][609]LogModuleManager: Shutting down and abandoning module SequenceRecorder (575)
[2018.12.29-16.02.48:554][609]LogModuleManager: Shutting down and abandoning module MatineeToLevelSequence (572)
[2018.12.29-16.02.48:554][609]LogModuleManager: Shutting down and abandoning module LevelSequenceEditor (570)
[2018.12.29-16.02.48:554][609]LogModuleManager: Shutting down and abandoning module PlacementMode (569)
[2018.12.29-16.02.48:554][609]LogModuleManager: Shutting down and abandoning module MaterialEditor (568)
[2018.12.29-16.02.48:554][609]LogModuleManager: Shutting down and abandoning module WmfMediaFactory (564)
[2018.12.29-16.02.48:554][609]LogModuleManager: Shutting down and abandoning module WmfMediaEditor (562)
[2018.12.29-16.02.48:554][609]LogModuleManager: Shutting down and abandoning module MediaPlayerEditor (560)
[2018.12.29-16.02.48:554][609]LogModuleManager: Shutting down and abandoning module OpenExrWrapper (558)
[2018.12.29-16.02.48:554][609]LogModuleManager: Shutting down and abandoning module ImgMediaFactory (556)
[2018.12.29-16.02.48:554][609]LogModuleManager: Shutting down and abandoning module ImgMediaEditor (554)
[2018.12.29-16.02.48:555][609]LogModuleManager: Shutting down and abandoning module AvfMediaFactory (552)
[2018.12.29-16.02.48:555][609]LogModuleManager: Shutting down and abandoning module AvfMediaEditor (550)
[2018.12.29-16.02.48:555][609]LogModuleManager: Shutting down and abandoning module AndroidMediaFactory (548)
[2018.12.29-16.02.48:555][609]LogModuleManager: Shutting down and abandoning module AndroidMediaEditor (546)
[2018.12.29-16.02.48:555][609]LogModuleManager: Shutting down and abandoning module MagicLeapCameraPreviewFactory (544)
[2018.12.29-16.02.48:555][609]LogModuleManager: Shutting down and abandoning module MagicLeapMediaFactory (542)
[2018.12.29-16.02.48:555][609]LogModuleManager: Shutting down and abandoning module MagicLeapMediaEditor (540)
[2018.12.29-16.02.48:555][609]LogModuleManager: Shutting down and abandoning module CharacterAI (538)
[2018.12.29-16.02.48:555][609]LogModuleManager: Shutting down and abandoning module SmartSnapping (536)
[2018.12.29-16.02.48:555][609]LogModuleManager: Shutting down and abandoning module SessionServices (534)
[2018.12.29-16.02.48:555][609]LogModuleManager: Shutting down and abandoning module ViewportSnapping (532)
[2018.12.29-16.02.48:555][609]LogModuleManager: Shutting down and abandoning module ViewportInteraction (530)
[2018.12.29-16.02.48:555][609]LogModuleManager: Shutting down and abandoning module ClothPainter (528)
[2018.12.29-16.02.48:555][609]LogModuleManager: Shutting down and abandoning module SkeletalMeshEditor (527)
[2018.12.29-16.02.48:555][609]LogModuleManager: Shutting down and abandoning module LogVisualizer (524)
[2018.12.29-16.02.48:555][609]LogModuleManager: Shutting down and abandoning module IntroTutorials (522)
[2018.12.29-16.02.48:555][609]LogModuleManager: Shutting down and abandoning module GameProjectGeneration (521)
[2018.12.29-16.02.48:555][609]LogModuleManager: Shutting down and abandoning module LuminPlatformEditor (518)
[2018.12.29-16.02.48:555][609]LogModuleManager: Shutting down and abandoning module IOSPlatformEditor (516)
[2018.12.29-16.02.48:556][609]LogModuleManager: Shutting down and abandoning module HTML5PlatformEditor (514)
[2018.12.29-16.02.48:556][609]LogModuleManager: Shutting down and abandoning module AndroidPlatformEditor (512)
[2018.12.29-16.02.48:556][609]LogModuleManager: Shutting down and abandoning module AndroidDeviceDetection (511)
[2018.12.29-16.02.49:119][609]LogModuleManager: Shutting down and abandoning module WindowsPlatformEditor (508)
[2018.12.29-16.02.49:119][609]LogModuleManager: Shutting down and abandoning module LuminRuntimeSettings (506)
[2018.12.29-16.02.49:119][609]LogModuleManager: Shutting down and abandoning module IOSRuntimeSettings (504)
[2018.12.29-16.02.49:119][609]LogModuleManager: Shutting down and abandoning module AndroidRuntimeSettings (502)
[2018.12.29-16.02.49:119][609]LogModuleManager: Shutting down and abandoning module InputBindingEditor (500)
[2018.12.29-16.02.49:119][609]LogModuleManager: Shutting down and abandoning module MergeActors (498)
[2018.12.29-16.02.49:120][609]LogModuleManager: Shutting down and abandoning module LocalizationDashboard (496)
[2018.12.29-16.02.49:120][609]LogModuleManager: Shutting down and abandoning module LocalizationService (495)
[2018.12.29-16.02.49:120][609]LogModuleManager: Shutting down and abandoning module HardwareTargeting (492)
[2018.12.29-16.02.49:120][609]LogModuleManager: Shutting down and abandoning module DeviceProfileEditor (490)
[2018.12.29-16.02.49:120][609]LogModuleManager: Shutting down and abandoning module UndoHistory (488)
[2018.12.29-16.02.49:120][609]LogModuleManager: Shutting down and abandoning module XmlParser (486)
[2018.12.29-16.02.49:120][609]LogModuleManager: Shutting down and abandoning module Blutility (484)
[2018.12.29-16.02.49:120][609]LogModuleManager: Shutting down and abandoning module ProjectSettingsViewer (482)
[2018.12.29-16.02.49:120][609]LogModuleManager: Shutting down and abandoning module ProjectTargetPlatformEditor (481)
[2018.12.29-16.02.49:121][609]LogModuleManager: Shutting down and abandoning module EditorSettingsViewer (478)
[2018.12.29-16.02.49:121][609]LogModuleManager: Shutting down and abandoning module SettingsEditor (476)
[2018.12.29-16.02.49:121][609]LogModuleManager: Shutting down and abandoning module ProjectLauncher (474)
[2018.12.29-16.02.49:121][609]LogModuleManager: Shutting down and abandoning module SessionFrontend (472)
[2018.12.29-16.02.49:121][609]LogModuleManager: Shutting down and abandoning module ProfilerClient (470)
[2018.12.29-16.02.49:121][609]LogModuleManager: Shutting down and abandoning module DeviceManager (468)
[2018.12.29-16.02.49:121][609]LogModuleManager: Shutting down and abandoning module TargetDeviceServices (467)
[2018.12.29-16.02.49:176][609]LogModuleManager: Shutting down and abandoning module AutomationController (464)
[2018.12.29-16.02.49:176][609]LogModuleManager: Shutting down and abandoning module AutomationWindow (462)
[2018.12.29-16.02.49:176][609]LogModuleManager: Shutting down and abandoning module Layers (460)
[2018.12.29-16.02.49:176][609]LogModuleManager: Shutting down and abandoning module ComponentVisualizers (458)
[2018.12.29-16.02.49:176][609]LogModuleManager: Shutting down and abandoning module DetailCustomizations (456)
[2018.12.29-16.02.49:176][609]LogModuleManager: Shutting down and abandoning module PackagesDialog (454)
[2018.12.29-16.02.49:177][609]LogModuleManager: Shutting down and abandoning module Persona (452)
[2018.12.29-16.02.49:177][609]LogModuleManager: Shutting down and abandoning module AdvancedPreviewScene (451)
[2018.12.29-16.02.49:177][609]LogModuleManager: Shutting down and abandoning module AnimGraph (449)
[2018.12.29-16.02.49:177][609]LogModuleManager: Shutting down and abandoning module Kismet (446)
[2018.12.29-16.02.49:178][609]LogModuleManager: Shutting down and abandoning module GraphEditor (444)
[2018.12.29-16.02.49:178][609]LogModuleManager: Shutting down and abandoning module ClassViewer (442)
[2018.12.29-16.02.49:178][609]LogModuleManager: Shutting down and abandoning module Toolbox (440)
[2018.12.29-16.02.49:178][609]LogModuleManager: Shutting down and abandoning module DesktopPlatform (439)
[2018.12.29-16.02.49:178][609]LogModuleManager: Shutting down and abandoning module ModuleUI (436)
[2018.12.29-16.02.49:178][609]LogModuleManager: Shutting down and abandoning module MovieSceneTools (434)
[2018.12.29-16.02.49:178][609]LogModuleManager: Shutting down and abandoning module OutputLog (432)
[2018.12.29-16.02.49:178][609]LogModuleManager: Shutting down and abandoning module GammaUI (430)
[2018.12.29-16.02.49:178][609]LogModuleManager: Shutting down and abandoning module Documentation (428)
[2018.12.29-16.02.49:179][609]LogModuleManager: Shutting down and abandoning module MovieSceneTracks (426)
[2018.12.29-16.02.49:179][609]LogModuleManager: Shutting down and abandoning module MovieScene (424)
[2018.12.29-16.02.49:179][609]LogModuleManager: Shutting down and abandoning module StreamingPauseRendering (422)
[2018.12.29-16.02.49:179][609]LogModuleManager: Shutting down and abandoning module LauncherPlatform (420)
[2018.12.29-16.02.49:179][609]LogModuleManager: Shutting down and abandoning module AnalyticsET (418)
[2018.12.29-16.02.49:179][609]LogModuleManager: Shutting down and abandoning module PortalServices (416)
[2018.12.29-16.02.49:179][609]LogModuleManager: Shutting down and abandoning module PortalRpc (414)
[2018.12.29-16.02.49:179][609]LogModuleManager: Shutting down and abandoning module MessagingRpc (412)
[2018.12.29-16.02.49:179][609]LogModuleManager: Shutting down and abandoning module AIModule (410)
[2018.12.29-16.02.49:179][609]LogModuleManager: Shutting down and abandoning module GameplayDebugger (409)
[2018.12.29-16.02.49:179][609]LogModuleManager: Shutting down and abandoning module AITestSuite (407)
[2018.12.29-16.02.49:179][609]LogModuleManager: Shutting down and abandoning module NavigationSystem (405)
[2018.12.29-16.02.49:179][609]LogModuleManager: Shutting down and abandoning module ProfilerService (402)
[2018.12.29-16.02.49:392][609]LogModuleManager: Shutting down and abandoning module TaskGraph (400)
[2018.12.29-16.02.49:392][609]LogModuleManager: Shutting down and abandoning module SteamVRController (398)
[2018.12.29-16.02.49:392][609]LogModuleManager: Shutting down and abandoning module ProceduralMeshComponentEditor (396)
[2018.12.29-16.02.49:392][609]LogModuleManager: Shutting down and abandoning module ProceduralMeshComponent (394)
[2018.12.29-16.02.49:392][609]LogModuleManager: Shutting down and abandoning module OculusInput (392)
[2018.12.29-16.02.49:392][609]LogModuleManager: Shutting down and abandoning module MobilePatchingUtils (390)
[2018.12.29-16.02.49:392][609]LogModuleManager: Shutting down and abandoning module EditableMesh (388)
[2018.12.29-16.02.49:392][609]LogModuleManager: Shutting down and abandoning module CustomMeshComponent (386)
[2018.12.29-16.02.49:392][609]LogModuleManager: Shutting down and abandoning module CableComponent (384)
[2018.12.29-16.02.49:392][609]LogModuleManager: Shutting down and abandoning module AudioCapture (382)
[2018.12.29-16.02.49:392][609]LogModuleManager: Shutting down and abandoning module ArchVisCharacter (380)
[2018.12.29-16.02.49:392][609]LogModuleManager: Shutting down and abandoning module AndroidPermission (378)
[2018.12.29-16.02.49:392][609]LogModuleManager: Shutting down and abandoning module NUTUnrealEngine4 (376)
[2018.12.29-16.02.49:392][609]LogModuleManager: Shutting down and abandoning module NetcodeUnitTest (374)
[2018.12.29-16.02.49:392][609]LogModuleManager: Shutting down and abandoning module MediaCompositingEditor (372)
[2018.12.29-16.02.49:392][609]LogModuleManager: Shutting down and abandoning module MediaCompositing (370)
[2018.12.29-16.02.49:392][609]LogModuleManager: Shutting down and abandoning module LinearTimecode (368)
[2018.12.29-16.02.49:392][609]LogModuleManager: Shutting down and abandoning module ImgMedia (366)
[2018.12.29-16.02.49:397][609]LogModuleManager: Shutting down and abandoning module HTML5Networking (364)
[2018.12.29-16.02.49:397][609]LogModuleManager: Shutting down and abandoning module GeometryCacheTracks (362)
[2018.12.29-16.02.49:397][609]LogModuleManager: Shutting down and abandoning module GeometryCacheSequencer (360)
[2018.12.29-16.02.49:397][609]LogModuleManager: Shutting down and abandoning module BackChannel (358)
[2018.12.29-16.02.49:397][609]LogModuleManager: Shutting down and abandoning module AppleVision (356)
[2018.12.29-16.02.49:397][609]LogModuleManager: Shutting down and abandoning module AppleImageUtils (354)
[2018.12.29-16.02.49:397][609]LogModuleManager: Shutting down and abandoning module AlembicImporter (352)
[2018.12.29-16.02.49:397][609]LogModuleManager: Shutting down and abandoning module AlembicLibrary (351)
[2018.12.29-16.02.49:397][609]LogModuleManager: Shutting down and abandoning module GeometryCache (350)
[2018.12.29-16.02.49:397][609]LogModuleManager: Shutting down and abandoning module GeometryCacheEd (349)
[2018.12.29-16.02.49:397][609]LogModuleManager: Shutting down and abandoning module DatasmithContentEditor (344)
[2018.12.29-16.02.49:397][609]LogModuleManager: Shutting down and abandoning module DatasmithContent (342)
[2018.12.29-16.02.49:398][609]LogModuleManager: Shutting down and abandoning module SpeedTreeImporter (340)
[2018.12.29-16.02.49:398][609]LogModuleManager: Shutting down and abandoning module PluginBrowser (338)
[2018.12.29-16.02.49:398][609]LogModuleManager: Shutting down and abandoning module MobileLauncherProfileWizard (336)
[2018.12.29-16.02.49:398][609]LogModuleManager: Shutting down and abandoning module PolygonModeling (334)
[2018.12.29-16.02.49:398][609]LogModuleManager: Shutting down and abandoning module MeshEditor (332)
[2018.12.29-16.02.49:398][609]LogModuleManager: Shutting down and abandoning module CryptoKeysOpenSSL (330)
[2018.12.29-16.02.49:398][609]LogModuleManager: Shutting down and abandoning module CryptoKeys (328)
[2018.12.29-16.02.49:398][609]LogModuleManager: Shutting down and abandoning module VisualStudioSourceCodeAccess (326)
[2018.12.29-16.02.49:398][609]LogModuleManager: Shutting down and abandoning module VisualStudioCodeSourceCodeAccess (324)
[2018.12.29-16.02.49:398][609]LogModuleManager: Shutting down and abandoning module UObjectPlugin (322)
[2018.12.29-16.02.49:398][609]LogModuleManager: Shutting down and abandoning module SubversionSourceControl (320)
[2018.12.29-16.02.49:398][609]LogModuleManager: Shutting down and abandoning module PerforceSourceControl (318)
[2018.12.29-16.02.49:398][609]LogModuleManager: Shutting down and abandoning module GitSourceControl (316)
[2018.12.29-16.02.49:399][609]LogModuleManager: Shutting down and abandoning module SourceControl (315)
[2018.12.29-16.02.49:399][609]LogModuleManager: Shutting down and abandoning module CLionSourceCodeAccess (312)
[2018.12.29-16.02.49:399][609]LogModuleManager: Shutting down and abandoning module LightPropagationVolumeEditor (310)
[2018.12.29-16.02.49:399][609]LogModuleManager: Shutting down and abandoning module PaperTiledImporter (308)
[2018.12.29-16.02.49:399][609]LogModuleManager: Shutting down and abandoning module PaperSpriteSheetImporter (306)
[2018.12.29-16.02.49:399][609]LogModuleManager: Shutting down and abandoning module Paper2DEditor (304)
[2018.12.29-16.02.49:399][609]LogModuleManager: Shutting down and abandoning module MeshPaint (303)
[2018.12.29-16.02.49:399][609]LogModuleManager: Shutting down and abandoning module PairProject (300)
[2018.12.29-16.02.49:399][609]LogModuleManager: Shutting down and abandoning module RuntimePhysXCooking (298)
[2018.12.29-16.02.49:399][609]LogModuleManager: Shutting down and abandoning module PhysXVehiclesEditor (296)
[2018.12.29-16.02.49:399][609]LogModuleManager: Shutting down and abandoning module PhysXVehicles (294)
[2018.12.29-16.02.49:399][609]LogModuleManager: Shutting down and abandoning module OculusEditor (292)
[2018.12.29-16.02.49:399][609]LogModuleManager: Shutting down and abandoning module LocationServicesBPLibrary (290)
[2018.12.29-16.02.49:399][609]LogModuleManager: Shutting down and abandoning module ImmediatePhysicsEditor (288)
[2018.12.29-16.02.49:399][609]LogModuleManager: Shutting down and abandoning module ImmediatePhysics (286)
[2018.12.29-16.02.49:399][609]LogModuleManager: Shutting down and abandoning module ActorSequence (284)
[2018.12.29-16.02.49:399][609]LogModuleManager: Shutting down and abandoning module UdpMessaging (282)
[2018.12.29-16.02.49:500][609]LogModuleManager: Shutting down and abandoning module TcpMessaging (280)
[2018.12.29-16.02.49:601][609]LogModuleManager: Shutting down and abandoning module MagicLeapAudio (278)
[2018.12.29-16.02.49:601][609]LogModuleManager: Shutting down and abandoning module GameplayTagsEditor (276)
[2018.12.29-16.02.49:601][609]LogModuleManager: Shutting down and abandoning module FacialAnimationEditor (274)
[2018.12.29-16.02.49:601][609]LogModuleManager: Shutting down and abandoning module FacialAnimation (272)
[2018.12.29-16.02.49:601][609]LogModuleManager: Shutting down and abandoning module DataValidation (270)
[2018.12.29-16.02.49:601][609]LogModuleManager: Shutting down and abandoning module AssetManagerEditor (268)
[2018.12.29-16.02.49:602][609]LogModuleManager: Shutting down and abandoning module LevelEditor (267)
[2018.12.29-16.02.49:602][609]LogModuleManager: Shutting down and abandoning module PixelInspectorModule (266)
[2018.12.29-16.02.49:602][609]LogModuleManager: Shutting down and abandoning module CommonMenuExtensions (264)
[2018.12.29-16.02.49:602][609]LogModuleManager: Shutting down and abandoning module MainFrame (262)
[2018.12.29-16.02.49:603][609]LogModuleManager: Shutting down and abandoning module HotReload (261)
[2018.12.29-16.02.49:603][609]LogModuleManager: Shutting down and abandoning module ContentBrowser (257)
[2018.12.29-16.02.49:604][609]LogModuleManager: Shutting down and abandoning module TreeMap (255)
[2018.12.29-16.02.49:604][609]LogModuleManager: Shutting down and abandoning module LightPropagationVolumeRuntime (252)
[2018.12.29-16.02.49:604][609]LogModuleManager: Shutting down and abandoning module AISupportModule (250)
[2018.12.29-16.02.49:604][609]LogModuleManager: Shutting down and abandoning module Paper2D (248)
[2018.12.29-16.02.49:604][609]LogModuleManager: Shutting down and abandoning module WindowsMoviePlayer (246)
[2018.12.29-16.02.49:604][609]LogModuleManager: Shutting down and abandoning module WmfMedia (244)
[2018.12.29-16.02.49:609][609]LogModuleManager: Shutting down and abandoning module Media (243)
[2018.12.29-16.02.49:615][609]LogModuleManager: Shutting down and abandoning module PacketHandler (240)
[2018.12.29-16.02.49:616][609]LogModuleManager: Shutting down and abandoning module ClothingSystemEditor (238)
[2018.12.29-16.02.49:616][609]LogModuleManager: Shutting down and abandoning module ClothingSystemRuntime (236)
[2018.12.29-16.02.49:616][609]LogModuleManager: Shutting down and abandoning module MediaAssets (234)
[2018.12.29-16.02.49:616][609]LogModuleManager: Shutting down and abandoning module Overlay (232)
[2018.12.29-16.02.49:616][609]LogModuleManager: Shutting down and abandoning module OverlayEditor (231)
[2018.12.29-16.02.49:616][609]LogModuleManager: Shutting down and abandoning module VREditor (228)
[2018.12.29-16.02.49:616][609]LogModuleManager: Shutting down and abandoning module StringTableEditor (226)
[2018.12.29-16.02.49:616][609]LogModuleManager: Shutting down and abandoning module GameplayTasksEditor (224)
[2018.12.29-16.02.49:616][609]LogModuleManager: Shutting down and abandoning module BehaviorTreeEditor (222)
[2018.12.29-16.02.49:616][609]LogModuleManager: Shutting down and abandoning module FunctionalTesting (220)
[2018.12.29-16.02.49:616][609]LogModuleManager: Shutting down and abandoning module CollisionAnalyzer (218)
[2018.12.29-16.02.49:616][609]LogModuleManager: Shutting down and abandoning module WorkspaceMenuStructure (217)
[2018.12.29-16.02.49:617][609]LogModuleManager: Shutting down and abandoning module UMG (214)
[2018.12.29-16.02.49:617][609]LogModuleManager: Shutting down and abandoning module UMGEditor (213)
[2018.12.29-16.02.49:617][609]LogModuleManager: Shutting down and abandoning module Sequencer (212)
[2018.12.29-16.02.49:617][609]LogModuleManager: Shutting down and abandoning module MessageLog (209)
[2018.12.29-16.02.49:617][609]LogModuleManager: Shutting down and abandoning module SlateReflector (204)
[2018.12.29-16.02.49:617][609]LogModuleManager: Shutting down and abandoning module Slate (202)
[2018.12.29-16.02.49:617][609]LogModuleManager: Shutting down and abandoning module EditorStyle (200)
[2018.12.29-16.02.49:618][609]LogModuleManager: Shutting down and abandoning module MRMesh (198)
[2018.12.29-16.02.49:618][609]LogModuleManager: Shutting down and abandoning module SourceCodeAccess (196)
[2018.12.29-16.02.49:618][609]LogModuleManager: Shutting down and abandoning module HeadMountedDisplay (194)
[2018.12.29-16.02.49:618][609]LogModuleManager: Shutting down and abandoning module XAudio2 (192)
[2018.12.29-16.02.49:618][609]LogModuleManager: Shutting down and abandoning module Networking (190)
[2018.12.29-16.02.49:618][609]LogModuleManager: Shutting down and abandoning module Core (188)
[2018.12.29-16.02.49:618][609]LogModuleManager: Shutting down and abandoning module LevelSequence (186)
[2018.12.29-16.02.49:618][609]LogModuleManager: Shutting down and abandoning module KismetCompiler (184)
[2018.12.29-16.02.49:618][609]LogModuleManager: Shutting down and abandoning module MeshUtilities (182)
[2018.12.29-16.02.49:618][609]LogModuleManager: Shutting down and abandoning module MeshMergeUtilities (181)
[2018.12.29-16.02.49:618][609]LogModuleManager: Shutting down and abandoning module MeshReductionInterface (180)
[2018.12.29-16.02.49:618][609]LogModuleManager: Shutting down and abandoning module SimplygonSwarm (179)
[2018.12.29-16.02.49:618][609]LogModuleManager: Shutting down and abandoning module ProxyLODMeshReduction (177)
[2018.12.29-16.02.49:618][609]LogModuleManager: Shutting down and abandoning module SimplygonMeshReduction (175)
[2018.12.29-16.02.49:618][609]LogModuleManager: Shutting down and abandoning module QuadricMeshReduction (173)
[2018.12.29-16.02.49:619][609]LogModuleManager: Shutting down and abandoning module MaterialBaking (169)
[2018.12.29-16.02.49:619][609]LogModuleManager: Shutting down and abandoning module DirectoryWatcher (165)
[2018.12.29-16.02.49:619][609]LogModuleManager: Shutting down and abandoning module DerivedDataCache (162)
[2018.12.29-16.02.49:717][609]LogDerivedDataCache: Shutdown
[2018.12.29-16.02.49:717][609]LogModuleManager: Shutting down and abandoning module XGEController (160)
[2018.12.29-16.02.49:717][609]LogXGEController: Cleaning working directory: C:/Users/h017026h/AppData/Local/Temp/UnrealXGEWorkingDir/
[2018.12.29-16.02.49:717][609]LogModuleManager: Shutting down and abandoning module TargetPlatform (158)
[2018.12.29-16.02.49:717][609]LogModuleManager: Shutting down and abandoning module VulkanShaderFormat (157)
[2018.12.29-16.02.49:717][609]LogModuleManager: Shutting down and abandoning module ShaderFormatVectorVM (155)
[2018.12.29-16.02.49:717][609]LogModuleManager: Shutting down and abandoning module ShaderFormatOpenGL (153)
[2018.12.29-16.02.49:717][609]LogModuleManager: Shutting down and abandoning module ShaderFormatD3D (151)
[2018.12.29-16.02.49:717][609]LogModuleManager: Shutting down and abandoning module MetalShaderFormat (149)
[2018.12.29-16.02.49:718][609]LogModuleManager: Shutting down and abandoning module TextureFormatUncompressed (147)
[2018.12.29-16.02.49:718][609]LogModuleManager: Shutting down and abandoning module TextureFormatPVR (145)
[2018.12.29-16.02.49:718][609]LogModuleManager: Shutting down and abandoning module TextureFormatDXT (143)
[2018.12.29-16.02.49:718][609]LogModuleManager: Shutting down and abandoning module TextureFormatIntelISPCTexComp (141)
[2018.12.29-16.02.49:719][609]LogModuleManager: Shutting down and abandoning module TextureFormatASTC (139)
[2018.12.29-16.02.49:719][609]LogModuleManager: Shutting down and abandoning module ImageWrapper (138)
[2018.12.29-16.02.49:719][609]LogModuleManager: Shutting down and abandoning module TextureFormatAndroid (135)
[2018.12.29-16.02.49:719][609]LogModuleManager: Shutting down and abandoning module AudioFormatOpus (133)
[2018.12.29-16.02.49:719][609]LogModuleManager: Shutting down and abandoning module AudioFormatOgg (131)
[2018.12.29-16.02.49:719][609]LogModuleManager: Shutting down and abandoning module AudioFormatADPCM (129)
[2018.12.29-16.02.49:719][609]LogModuleManager: Shutting down and abandoning module LuminTargetPlatform (127)
[2018.12.29-16.02.49:719][609]LogModuleManager: Shutting down and abandoning module LinuxTargetPlatform (125)
[2018.12.29-16.02.49:719][609]LogModuleManager: Shutting down and abandoning module LinuxServerTargetPlatform (123)
[2018.12.29-16.02.49:719][609]LogModuleManager: Shutting down and abandoning module LinuxNoEditorTargetPlatform (121)
[2018.12.29-16.02.49:719][609]LogModuleManager: Shutting down and abandoning module LinuxClientTargetPlatform (119)
[2018.12.29-16.02.49:719][609]LogModuleManager: Shutting down and abandoning module TVOSTargetPlatform (117)
[2018.12.29-16.02.49:720][609]LogModuleManager: Shutting down and abandoning module Messaging (115)
[2018.12.29-16.02.49:720][609]LogModuleManager: Shutting down and abandoning module IOSTargetPlatform (113)
[2018.12.29-16.02.49:720][609]LogModuleManager: Shutting down and abandoning module HTML5TargetPlatform (111)
[2018.12.29-16.02.49:720][609]LogModuleManager: Shutting down and abandoning module AndroidTargetPlatform (109)
[2018.12.29-16.02.49:724][609]LogModuleManager: Shutting down and abandoning module WindowsTargetPlatform (107)
[2018.12.29-16.02.49:725][609]LogModuleManager: Shutting down and abandoning module WindowsServerTargetPlatform (105)
[2018.12.29-16.02.49:725][609]LogModuleManager: Shutting down and abandoning module WindowsNoEditorTargetPlatform (103)
[2018.12.29-16.02.49:725][609]LogModuleManager: Shutting down and abandoning module WindowsClientTargetPlatform (101)
[2018.12.29-16.02.49:725][609]LogModuleManager: Shutting down and abandoning module MacTargetPlatform (99)
[2018.12.29-16.02.49:725][609]LogModuleManager: Shutting down and abandoning module MacServerTargetPlatform (97)
[2018.12.29-16.02.49:725][609]LogModuleManager: Shutting down and abandoning module MacNoEditorTargetPlatform (95)
[2018.12.29-16.02.49:725][609]LogModuleManager: Shutting down and abandoning module MacClientTargetPlatform (93)
[2018.12.29-16.02.49:725][609]LogModuleManager: Shutting down and abandoning module AllDesktopTargetPlatform (91)
[2018.12.29-16.02.49:725][609]LogModuleManager: Shutting down and abandoning module InputCore (88)
[2018.12.29-16.02.49:725][609]LogModuleManager: Shutting down and abandoning module Settings (86)
[2018.12.29-16.02.49:725][609]LogModuleManager: Shutting down and abandoning module PhysXCooking (84)
[2018.12.29-16.02.49:725][609]LogModuleManager: Shutting down and abandoning module SteamVR (82)
[2018.12.29-16.02.49:725][609]LogModuleManager: Shutting down and abandoning module OculusHMD (80)
[2018.12.29-16.02.49:725][609]LogModuleManager: Shutting down and abandoning module ExampleDeviceProfileSelector (78)
[2018.12.29-16.02.49:725][609]LogModuleManager: Shutting down and abandoning module LauncherChunkInstaller (76)
[2018.12.29-16.02.49:725][609]LogModuleManager: Shutting down and abandoning module OnlineBlueprintSupport (74)
[2018.12.29-16.02.49:725][609]LogModuleManager: Shutting down and abandoning module OnlineSubsystem (70)
[2018.12.29-16.02.49:726][609]LogModuleManager: Shutting down and abandoning module XMPP (65)
[2018.12.29-16.02.49:726][609]LogModuleManager: Shutting down and abandoning module WebSockets (64)
[2018.12.29-16.02.49:742][609]LogModuleManager: Shutting down and abandoning module HTTP (61)
[2018.12.29-16.02.49:742][609]LogHttp: Display: Http module shutting down, but needs to wait on 1 outstanding Http requests:
[2018.12.29-16.02.49:742][609]LogHttp: Display: 	verb=[POST] url=[https://datarouter.ol.epicgames.com/datarouter/api/v1/public/data?SessionID=%7B8C78F193-4817-7D30-9121-B5A9584BEC51%7D&AppID=UEEditor.Rocket.Release&AppVersion=4.20.3-4369336%2B%2B%2BUE4%2BRelease-4.20&UserID=81238f3745259e4ccbe49699fefb750c%7C57acdad4fb0c413ba5aebbf147efe532%7C4262c4f5-6bc8-4dde-bd6b-1806285362b0&AppEnvironment=datacollector-binary&UploadType=eteventstream] status=Processing
[2018.12.29-16.02.49:768][609]LogModuleManager: Shutting down and abandoning module SSL (60)
[2018.12.29-16.02.49:769][609]LogModuleManager: Shutting down and abandoning module MagicLeapEmulator (56)
[2018.12.29-16.02.49:769][609]LogModuleManager: Shutting down and abandoning module MagicLeapPrivileges (54)
[2018.12.29-16.02.49:769][609]LogModuleManager: Shutting down and abandoning module MagicLeapIdentity (52)
[2018.12.29-16.02.49:769][609]LogModuleManager: Shutting down and abandoning module MagicLeapHelperVulkan (50)
[2018.12.29-16.02.49:769][609]LogModuleManager: Shutting down and abandoning module MagicLeapHelperOpenGL (48)
[2018.12.29-16.02.49:769][609]LogModuleManager: Shutting down and abandoning module MagicLeapSecureStorage (46)
[2018.12.29-16.02.49:769][609]LogModuleManager: Shutting down and abandoning module MagicLeapGestures (44)
[2018.12.29-16.02.49:769][609]LogModuleManager: Shutting down and abandoning module MagicLeapEyeTracker (42)
[2018.12.29-16.02.49:769][609]LogModuleManager: Shutting down and abandoning module MagicLeapController (40)
[2018.12.29-16.02.49:770][609]LogSlate: Slate User Destroyed.  User Index 0, Is Virtual User: 0
[2018.12.29-16.02.49:770][609]LogModuleManager: Shutting down and abandoning module MagicLeap (38)
[2018.12.29-16.02.49:770][609]LogModuleManager: Shutting down and abandoning module AnimationModifiers (36)
[2018.12.29-16.02.49:770][609]LogModuleManager: Shutting down and abandoning module PropertyEditor (35)
[2018.12.29-16.02.49:770][609]LogModuleManager: Shutting down and abandoning module AudioEditor (32)
[2018.12.29-16.02.49:770][609]LogModuleManager: Shutting down and abandoning module TextureCompressor (30)
[2018.12.29-16.02.49:770][609]LogModuleManager: Shutting down and abandoning module ShaderCore (28)
[2018.12.29-16.02.49:770][609]LogModuleManager: Shutting down and abandoning module Landscape (26)
[2018.12.29-16.02.49:770][609]LogModuleManager: Shutting down and abandoning module SlateRHIRenderer (24)
[2018.12.29-16.02.49:771][609]LogModuleManager: Shutting down and abandoning module OpenGLDrv (22)
[2018.12.29-16.02.49:771][609]LogModuleManager: Shutting down and abandoning module D3D11RHI (20)
[2018.12.29-16.02.49:771][609]LogModuleManager: Shutting down and abandoning module AnimGraphRuntime (18)
[2018.12.29-16.02.49:771][609]LogModuleManager: Shutting down and abandoning module Renderer (16)
[2018.12.29-16.02.49:771][609]LogModuleManager: Shutting down and abandoning module Engine (14)
[2018.12.29-16.02.49:771][609]LogModuleManager: Shutting down and abandoning module CoreUObject (12)
[2018.12.29-16.02.49:771][609]LogModuleManager: Shutting down and abandoning module NetworkFile (10)
[2018.12.29-16.02.49:771][609]LogModuleManager: Shutting down and abandoning module CookedIterativeFile (8)
[2018.12.29-16.02.49:771][609]LogModuleManager: Shutting down and abandoning module StreamingFile (6)
[2018.12.29-16.02.49:771][609]LogModuleManager: Shutting down and abandoning module SandboxFile (4)
[2018.12.29-16.02.49:771][609]LogModuleManager: Shutting down and abandoning module PakFile (2)
[2018.12.29-16.02.49:786][609]LogExit: Exiting.
[2018.12.29-16.02.49:809][609]Log file closed, 12/29/18 16:02:49
