Log file open, 01/06/19 19:46:48
LogWindows: Failed to load 'aqProf.dll' (GetLastError=126)
LogWindows: File 'aqProf.dll' does not exist
LogWindows: Failed to load 'VSPerf140.dll' (GetLastError=126)
LogWindows: File 'VSPerf140.dll' does not exist
LogWindows: Failed to load 'VtuneApi.dll' (GetLastError=126)
LogWindows: File 'VtuneApi.dll' does not exist
LogWindows: Failed to load 'VtuneApi32e.dll' (GetLastError=126)
LogWindows: File 'VtuneApi32e.dll' does not exist
LogInit: Display: Running engine for game: PairProject
LogPlatformFile: Not using cached read wrapper
LogTaskGraph: Started task graph with 5 named threads and 14 total threads with 3 sets of task threads.
LogStats: Stats thread started at 0.563830
LogD3D11RHI: Loaded GFSDK_Aftermath_Lib.x64.dll
LogICUInternationalization: Display: ICU TimeZone Detection - Raw Offset: +0:00, Platform Override: ''
LogPluginManager: Mounting plugin Paper2D
LogPluginManager: Mounting plugin AISupport
LogPluginManager: Mounting plugin LightPropagationVolume
LogPluginManager: Mounting plugin CLionSourceCodeAccess
LogPluginManager: Mounting plugin CodeLiteSourceCodeAccess
LogPluginManager: Mounting plugin GitSourceControl
LogPluginManager: Mounting plugin KDevelopSourceCodeAccess
LogPluginManager: Mounting plugin NullSourceCodeAccess
LogPluginManager: Mounting plugin PerforceSourceControl
LogPluginManager: Mounting plugin SubversionSourceControl
LogPluginManager: Mounting plugin UObjectPlugin
LogPluginManager: Mounting plugin VisualStudioCodeSourceCodeAccess
LogPluginManager: Mounting plugin VisualStudioSourceCodeAccess
LogPluginManager: Mounting plugin XCodeSourceCodeAccess
LogPluginManager: Mounting plugin AssetManagerEditor
LogPluginManager: Mounting plugin CryptoKeys
LogPluginManager: Mounting plugin DataValidation
LogPluginManager: Mounting plugin FacialAnimation
LogPluginManager: Mounting plugin GameplayTagsEditor
LogPluginManager: Mounting plugin MacGraphicsSwitching
LogPluginManager: Mounting plugin MeshEditor
LogPluginManager: Mounting plugin MobileLauncherProfileWizard
LogPluginManager: Mounting plugin PluginBrowser
LogPluginManager: Mounting plugin SpeedTreeImporter
LogPluginManager: Mounting plugin DatasmithContent
LogPluginManager: Mounting plugin AlembicImporter
LogPluginManager: Mounting plugin AppleImageUtils
LogPluginManager: Mounting plugin AppleVision
LogPluginManager: Mounting plugin BackChannel
LogPluginManager: Mounting plugin CharacterAI
LogPluginManager: Mounting plugin GeometryCache
LogPluginManager: Mounting plugin HTML5Networking
LogPluginManager: Mounting plugin ProxyLODPlugin
LogPluginManager: Mounting plugin MagicLeap
LogPluginManager: Mounting plugin MagicLeapEmulator
LogPluginManager: Mounting plugin MagicLeapMedia
LogPluginManager: Mounting plugin AndroidMedia
LogPluginManager: Mounting plugin AvfMedia
LogPluginManager: Mounting plugin ImgMedia
LogPluginManager: Mounting plugin LinearTimecode
LogPluginManager: Mounting plugin MediaCompositing
LogPluginManager: Mounting plugin MediaPlayerEditor
LogPluginManager: Mounting plugin WmfMedia
LogPluginManager: Mounting plugin TcpMessaging
LogPluginManager: Mounting plugin UdpMessaging
LogPluginManager: Mounting plugin ActorSequence
LogPluginManager: Mounting plugin LevelSequenceEditor
LogPluginManager: Mounting plugin MatineeToLevelSequence
LogPluginManager: Mounting plugin NetcodeUnitTest
LogPluginManager: Mounting plugin NUTUnrealEngine4
LogPluginManager: Mounting plugin OnlineSubsystemGooglePlay
LogPluginManager: Mounting plugin OnlineSubsystemIOS
LogPluginManager: Mounting plugin OnlineSubsystem
LogPluginManager: Mounting plugin OnlineSubsystemNull
LogPluginManager: Mounting plugin OnlineSubsystemUtils
LogPluginManager: Mounting plugin LauncherChunkInstaller
LogPluginManager: Mounting plugin AndroidDeviceProfileSelector
LogPluginManager: Mounting plugin AndroidMoviePlayer
LogPluginManager: Mounting plugin AndroidPermission
LogPluginManager: Mounting plugin ApexDestruction
LogPluginManager: Mounting plugin AppleMoviePlayer
LogPluginManager: Mounting plugin ArchVisCharacter
LogPluginManager: Mounting plugin AudioCapture
LogPluginManager: Mounting plugin CableComponent
LogPluginManager: Mounting plugin CustomMeshComponent
LogPluginManager: Mounting plugin EditableMesh
LogPluginManager: Mounting plugin ExampleDeviceProfileSelector
LogPluginManager: Mounting plugin GoogleCloudMessaging
LogPluginManager: Mounting plugin ImmediatePhysics
LogPluginManager: Mounting plugin IOSDeviceProfileSelector
LogPluginManager: Mounting plugin LinuxDeviceProfileSelector
LogPluginManager: Mounting plugin LocationServicesBPLibrary
LogPluginManager: Mounting plugin MobilePatchingUtils
LogPluginManager: Mounting plugin OculusVR
LogPluginManager: Plugin shader directory ../../../Engine/Plugins/Runtime/Oculus/OculusVR/Shaders found
LogPluginManager: Mapping shader source directory ../../../Engine/Plugins/Runtime/Oculus/OculusVR/Shaders to virtual directory /Plugin/OculusVR
LogPluginManager: Mounting plugin PhysXVehicles
LogPluginManager: Mounting plugin ProceduralMeshComponent
LogPluginManager: Mounting plugin RuntimePhysXCooking
LogPluginManager: Mounting plugin SteamVR
LogPluginManager: Mounting plugin WindowsMoviePlayer
LogStreaming: Display: Took  0.440s to configure plugins.
LogInit: Using libcurl 7.55.1-DEV
LogInit:  - built for x86_64-pc-win32
LogInit:  - supports SSL with OpenSSL/1.0.2h
LogInit:  - supports HTTP deflate (compression) using libz 1.2.8
LogInit:  - other features:
LogInit:      CURL_VERSION_SSL
LogInit:      CURL_VERSION_LIBZ
LogInit:      CURL_VERSION_IPV6
LogInit:      CURL_VERSION_ASYNCHDNS
LogInit:      CURL_VERSION_LARGEFILE
LogInit:      CURL_VERSION_IDN
LogInit:  CurlRequestOptions (configurable via config and command line):
LogInit:  - bVerifyPeer = false  - Libcurl will NOT verify peer certificate
LogInit:  - bUseHttpProxy = false  - Libcurl will NOT use HTTP proxy
LogInit:  - bDontReuseConnections = false  - Libcurl will reuse connections
LogInit:  - CertBundlePath = nullptr  - Libcurl will use whatever was configured at build time.
LogInit:  - MaxHostConnections = 16  - Libcurl will limit the number of connections to a host
LogInit:  - LocalHostAddr = Default
LogInit:  - BufferSize = 65536
LogInit: WinSock: version 1.1 (2.2), MaxSocks=32767, MaxUdp=65467
LogInit: Build: ++UE4+Release-4.20-CL-4369336
LogInit: Engine Version: 4.20.3-4369336+++UE4+Release-4.20
LogInit: Compatible Engine Version: 4.20.0-4212847+++UE4+Release-4.20
LogInit: Net CL: 4212847
LogInit: OS: Windows 10 (), CPU: Intel(R) Xeon(R) CPU E5-1607 v3 @ 3.10GHz, GPU: NVIDIA GeForce GTX 970
LogInit: Compiled (64-bit): Sep 17 2018 12:26:19
LogInit: Compiled with Visual C++: 19.13.26129.00
LogInit: Build Configuration: Development
LogInit: Branch Name: ++UE4+Release-4.20
LogInit: Command Line:  -skipcompile
LogInit: Base Directory: C:/Epic/UE4/UE_4.20/Engine/Binaries/Win64/
LogInit: Installed Engine Build: 1
LogDevObjectVersion: Number of dev versions registered: 20
LogDevObjectVersion:   Dev-Blueprints (B0D832E4-1F89-4F0D-ACCF-7EB736FD4AA2): 10
LogDevObjectVersion:   Dev-Build (E1C64328-A22C-4D53-A36C-8E866417BD8C): 0
LogDevObjectVersion:   Dev-Core (375EC13C-06E4-48FB-B500-84F0262A717E): 2
LogDevObjectVersion:   Dev-Editor (E4B068ED-F494-42E9-A231-DA0B2E46BB41): 24
LogDevObjectVersion:   Dev-Framework (CFFC743F-43B0-4480-9391-14DF171D2073): 34
LogDevObjectVersion:   Dev-Mobile (B02B49B5-BB20-44E9-A304-32B752E40360): 2
LogDevObjectVersion:   Dev-Networking (A4E4105C-59A1-49B5-A7C5-40C4547EDFEE): 0
LogDevObjectVersion:   Dev-Online (39C831C9-5AE6-47DC-9A44-9C173E1C8E7C): 0
LogDevObjectVersion:   Dev-Physics (78F01B33-EBEA-4F98-B9B4-84EACCB95AA2): 0
LogDevObjectVersion:   Dev-Platform (6631380F-2D4D-43E0-8009-CF276956A95A): 0
LogDevObjectVersion:   Dev-Rendering (12F88B9F-8875-4AFC-A67C-D90C383ABD29): 26
LogDevObjectVersion:   Dev-Sequencer (7B5AE74C-D270-4C10-A958-57980B212A5A): 9
LogDevObjectVersion:   Dev-VR (D7296918-1DD6-4BDD-9DE2-64A83CC13884): 2
LogDevObjectVersion:   Dev-LoadTimes (C2A15278-BFE7-4AFE-6C17-90FF531DF755): 1
LogDevObjectVersion:   Private-Geometry (6EACA3D4-40EC-4CC1-B786-8BED09428FC5): 3
LogDevObjectVersion:   Dev-AnimPhys (29E575DD-E0A3-4627-9D10-D276232CDCEA): 17
LogDevObjectVersion:   Dev-ReflectionCapture (6B266CEC-1EC7-4B8F-A30B-E4D90942FC07): 1
LogDevObjectVersion:   Dev-Automation (0DF73D61-A23F-47EA-B727-89E90C41499A): 1
LogDevObjectVersion:   FortniteMain (601D1886-AC64-4F84-AA16-D3DE0DEAC7D6): 12
LogDevObjectVersion:   Dev-Enterprise (9DFFBCD6-494F-0158-E221-12823C92A888): 1
LogStreaming: Display: Took  0.010s to delete old logs.
LogInit: Presizing for max 8388607 objects, including 0 objects not considered by GC, pre-allocating 0 bytes for permanent pool.
LogInit: Object subsystem initialized
[2019.01.06-19.46.49:327][  0]LogInit: Selected Device Profile: [Windows]
[2019.01.06-19.46.49:328][  0]LogInit: Applying CVar settings loaded from the selected device profile: [Windows]
[2019.01.06-19.46.49:357][  0]LogHAL: Display: Platform has ~ 16 GB [17092071424 / 17179869184 / 16], which maps to Larger [LargestMinGB=32, LargerMinGB=12, DefaultMinGB=8, SmallerMinGB=6, SmallestMinGB=0)
[2019.01.06-19.46.49:357][  0]LogInit: Setting Device Profile CVar: [[r.Vulkan.UseRealUBs:1]]
[2019.01.06-19.46.49:357][  0]LogInit: Going up to parent DeviceProfile []
[2019.01.06-19.46.49:363][  0]LogInit: Computer: S500-15
[2019.01.06-19.46.49:363][  0]LogInit: User: c013767h
[2019.01.06-19.46.49:363][  0]LogInit: CPU Page size=4096, Cores=4
[2019.01.06-19.46.49:363][  0]LogInit: High frequency timer resolution =3.020347 MHz
[2019.01.06-19.46.49:363][  0]LogMemory: Memory total: Physical=15.9GB (16GB approx)
[2019.01.06-19.46.49:363][  0]LogMemory: Platform Memory Stats for Windows
[2019.01.06-19.46.49:364][  0]LogMemory: Process Physical Memory: 103.47 MB used, 103.47 MB peak
[2019.01.06-19.46.49:364][  0]LogMemory: Process Virtual Memory: 98.90 MB used, 98.90 MB peak
[2019.01.06-19.46.49:364][  0]LogMemory: Physical Memory: 6940.54 MB used,  9359.73 MB free, 16300.27 MB total
[2019.01.06-19.46.49:365][  0]LogMemory: Virtual Memory: 4635.11 MB used,  9359.73 MB free, 134217728.00 MB total
[2019.01.06-19.46.49:555][  0]LogInit: Using OS detected language (en-US).
[2019.01.06-19.46.49:555][  0]LogInit: Using OS detected locale (en-GB).
[2019.01.06-19.46.49:557][  0]LogTextLocalizationManager: No specific localization for 'en-US' exists, so the 'en' localization will be used.
[2019.01.06-19.46.50:066][  0]LogStreaming: Display: Took  0.512s to InitEngineTextLocalization.
[2019.01.06-19.46.50:069][  0]LogInit: Setting process to per monitor DPI aware
[2019.01.06-19.46.50:239][  0]LogSlate: New Slate User Created.  User Index 0, Is Virtual User: 0
[2019.01.06-19.46.50:240][  0]LogSlate: Slate User Registered.  User Index 0, Is Virtual User: 0
[2019.01.06-19.46.53:182][  0]LogHMD: Failed to initialize OpenVR with code 126
[2019.01.06-19.46.53:182][  0]LogD3D11RHI: D3D11 adapters:
[2019.01.06-19.46.53:292][  0]LogD3D11RHI:    0. 'NVIDIA GeForce GTX 970' (Feature Level 11_0)
[2019.01.06-19.46.53:292][  0]LogD3D11RHI:       4043/0/8150 MB DedicatedVideo/DedicatedSystem/SharedSystem, Outputs:2, VendorId:0x10de
[2019.01.06-19.46.53:299][  0]LogD3D11RHI:    1. 'Microsoft Basic Render Driver' (Feature Level 11_0)
[2019.01.06-19.46.53:299][  0]LogD3D11RHI:       0/0/8150 MB DedicatedVideo/DedicatedSystem/SharedSystem, Outputs:0, VendorId:0x1414
[2019.01.06-19.46.53:299][  0]LogD3D11RHI: Chosen D3D11 Adapter: 0
[2019.01.06-19.46.53:311][  0]LogD3D11RHI: Creating new Direct3DDevice
[2019.01.06-19.46.53:311][  0]LogD3D11RHI:     GPU DeviceId: 0x13c2 (for the marketing name, search the web for "GPU Device Id")
[2019.01.06-19.46.53:311][  0]LogWindows: EnumDisplayDevices:
[2019.01.06-19.46.53:312][  0]LogWindows:    0. 'NVIDIA GeForce GTX 970' (P:1 D:1)
[2019.01.06-19.46.53:312][  0]LogWindows:    1. 'NVIDIA GeForce GTX 970' (P:0 D:1)
[2019.01.06-19.46.53:313][  0]LogWindows:    2. 'NVIDIA GeForce GTX 970' (P:0 D:0)
[2019.01.06-19.46.53:313][  0]LogWindows:    3. 'NVIDIA GeForce GTX 970' (P:0 D:0)
[2019.01.06-19.46.53:314][  0]LogWindows: DebugString: FoundDriverCount:4 
[2019.01.06-19.46.53:314][  0]LogD3D11RHI:     Adapter Name: NVIDIA GeForce GTX 970
[2019.01.06-19.46.53:314][  0]LogD3D11RHI:   Driver Version: 399.24 (internal:24.21.13.9924, unified:399.24)
[2019.01.06-19.46.53:314][  0]LogD3D11RHI:      Driver Date: 9-5-2018
[2019.01.06-19.46.53:314][  0]LogRHI: Texture pool is 2830 MB (70% of 4043 MB)
[2019.01.06-19.46.53:372][  0]LogD3D11RHI: Async texture creation enabled
[2019.01.06-19.46.53:391][  0]LogD3D11RHI: GPU Timing Frequency: 1000.000000 (Debug: 2 2)
[2019.01.06-19.46.53:477][  0]LogShaderCompilers: Guid format shader working directory is -22 characters bigger than the processId version (E:/Staffs Uni/Level 5/Technical Games Production/Pair/TGPPairProject/PairProject/Intermediate/Shaders/WorkingDirectory/824/).
[2019.01.06-19.46.53:478][  0]LogShaderCompilers: Cleaned the shader compiler working directory 'C:/Users/c013767h.STUDENT/AppData/Local/Temp/UnrealShaderWorkingDir/1A51738C48C22ACF5ED543AE4E2310A8/'.
[2019.01.06-19.46.53:895][  0]LogTemp: Display: Loaded TP AllDesktopTargetPlatform
[2019.01.06-19.46.53:920][  0]LogTemp: Display: Loaded TP MacClientTargetPlatform
[2019.01.06-19.46.53:943][  0]LogTemp: Display: Loaded TP MacNoEditorTargetPlatform
[2019.01.06-19.46.53:966][  0]LogTemp: Display: Loaded TP MacServerTargetPlatform
[2019.01.06-19.46.54:003][  0]LogTemp: Display: Loaded TP MacTargetPlatform
[2019.01.06-19.46.54:026][  0]LogTemp: Display: Loaded TP WindowsClientTargetPlatform
[2019.01.06-19.46.54:048][  0]LogTemp: Display: Loaded TP WindowsNoEditorTargetPlatform
[2019.01.06-19.46.54:070][  0]LogTemp: Display: Loaded TP WindowsServerTargetPlatform
[2019.01.06-19.46.54:083][  0]LogTemp: Display: Loaded TP WindowsTargetPlatform
[2019.01.06-19.46.54:196][  0]LogTemp: Display: Loaded TP AndroidTargetPlatform
[2019.01.06-19.46.54:197][  0]LogTemp: Display: Loaded TP AndroidTargetPlatform
[2019.01.06-19.46.54:197][  0]LogTemp: Display: Loaded TP AndroidTargetPlatform
[2019.01.06-19.46.54:197][  0]LogTemp: Display: Loaded TP AndroidTargetPlatform
[2019.01.06-19.46.54:199][  0]LogTemp: Display: Loaded TP AndroidTargetPlatform
[2019.01.06-19.46.54:199][  0]LogTemp: Display: Loaded TP AndroidTargetPlatform
[2019.01.06-19.46.54:204][  0]LogTemp: Display: Loaded TP AndroidTargetPlatform
[2019.01.06-19.46.54:204][  0]LogTemp: Display: Loaded TP AndroidTargetPlatform
[2019.01.06-19.46.54:204][  0]LogTemp: Display: Loaded TP AndroidTargetPlatform
[2019.01.06-19.46.54:205][  0]LogTemp: Display: Loaded TP AndroidTargetPlatform
[2019.01.06-19.46.54:205][  0]LogTemp: Display: Loaded TP AndroidTargetPlatform
[2019.01.06-19.46.54:205][  0]LogTemp: Display: Loaded TP AndroidTargetPlatform
[2019.01.06-19.46.54:205][  0]LogTemp: Display: Loaded TP AndroidTargetPlatform
[2019.01.06-19.46.54:205][  0]LogTemp: Display: Loaded TP AndroidTargetPlatform
[2019.01.06-19.46.54:205][  0]LogTemp: Display: Loaded TP AndroidTargetPlatform
[2019.01.06-19.46.54:205][  0]LogTemp: Display: Loaded TP AndroidTargetPlatform
[2019.01.06-19.46.54:206][  0]LogTemp: Display: Loaded TP AndroidTargetPlatform
[2019.01.06-19.46.54:206][  0]LogTemp: Display: Loaded TP AndroidTargetPlatform
[2019.01.06-19.46.54:213][  0]LogTemp: Display: Loaded TP HTML5TargetPlatform
[2019.01.06-19.46.54:301][  0]LogTemp: Display: Loaded TP IOSTargetPlatform
[2019.01.06-19.46.54:301][  0]LogTemp: Display: Loaded TP IOSTargetPlatform
[2019.01.06-19.46.54:334][  0]LogTemp: Display: Loaded TP TVOSTargetPlatform
[2019.01.06-19.46.54:334][  0]LogTemp: Display: Loaded TP TVOSTargetPlatform
[2019.01.06-19.46.54:353][  0]LogTemp: Display: Loaded TP LinuxClientTargetPlatform
[2019.01.06-19.46.54:372][  0]LogTemp: Display: Loaded TP LinuxNoEditorTargetPlatform
[2019.01.06-19.46.54:390][  0]LogTemp: Display: Loaded TP LinuxServerTargetPlatform
[2019.01.06-19.46.54:419][  0]LogTemp: Display: Loaded TP LinuxTargetPlatform
[2019.01.06-19.46.54:434][  0]LogTemp: Display: Loaded TP LuminTargetPlatform
[2019.01.06-19.46.54:434][  0]LogTargetPlatformManager: Display: Building Assets For Windows
[2019.01.06-19.46.54:630][  0]LogXGEController: Cleaning working directory: C:/Users/c013767h.STUDENT/AppData/Local/Temp/UnrealXGEWorkingDir/
[2019.01.06-19.46.54:631][  0]LogXGEController: Cannot use XGE Controller as Incredibuild is not installed on this machine.
[2019.01.06-19.46.54:631][  0]LogShaderCompilers: Cannot use XGE Shader Compiler as Incredibuild is not installed on this machine.
[2019.01.06-19.46.54:631][  0]LogShaderCompilers: Display: Using Local Shader Compiler.
[2019.01.06-19.46.57:159][  0]LogDerivedDataCache: Display: Max Cache Size: 512 MB
[2019.01.06-19.46.57:430][  0]LogDerivedDataCache: Loaded boot cache 0.27s 71MB C:/Users/c013767h.STUDENT/AppData/Local/UnrealEngine/4.20/DerivedDataCache/Boot.ddc.
[2019.01.06-19.46.57:431][  0]LogDerivedDataCache: Display: Loaded Boot cache: C:/Users/c013767h.STUDENT/AppData/Local/UnrealEngine/4.20/DerivedDataCache/Boot.ddc
[2019.01.06-19.46.57:431][  0]LogDerivedDataCache: FDerivedDataBackendGraph:  Pak pak cache file E:/Staffs Uni/Level 5/Technical Games Production/Pair/TGPPairProject/PairProject/DerivedDataCache/DDC.ddp not found, will not use a pak cache.
[2019.01.06-19.46.57:431][  0]LogDerivedDataCache: Unable to find inner node Pak for hierarchical cache Hierarchy.
[2019.01.06-19.46.57:431][  0]LogDerivedDataCache: FDerivedDataBackendGraph:  CompressedPak pak cache file E:/Staffs Uni/Level 5/Technical Games Production/Pair/TGPPairProject/PairProject/DerivedDataCache/Compressed.ddp not found, will not use a pak cache.
[2019.01.06-19.46.57:431][  0]LogDerivedDataCache: Unable to find inner node CompressedPak for hierarchical cache Hierarchy.
[2019.01.06-19.46.57:446][  0]LogDerivedDataCache: Display: Pak cache opened for reading ../../../Engine/DerivedDataCache/Compressed.ddp.
[2019.01.06-19.46.57:461][  0]LogDerivedDataCache: Using Local data cache path C:/Users/c013767h.STUDENT/AppData/Local/UnrealEngine/Common/DerivedDataCache: Writable
[2019.01.06-19.46.57:461][  0]LogDerivedDataCache: Shared data cache path not found in *engine.ini, will not use an Shared cache.
[2019.01.06-19.46.57:461][  0]LogDerivedDataCache: Unable to find inner node Shared for hierarchical cache Hierarchy.
[2019.01.06-19.46.57:484][  0]LogMaterial: Verifying Global Shaders for PCD3D_SM5
[2019.01.06-19.46.57:485][  0]LogSlate: Using FreeType 2.6.0
[2019.01.06-19.46.57:502][  0]LogSlate: SlateFontServices - WITH_FREETYPE: 1, WITH_HARFBUZZ: 1
[2019.01.06-19.46.57:798][  0]LogAssetRegistry: FAssetRegistry took 0.0385 seconds to start up
[2019.01.06-19.46.58:225][  0]LogInit: Selected Device Profile: [Windows]
[2019.01.06-19.46.58:409][  0]LogSimplygon: Simplygon DLL not present - disabling.
[2019.01.06-19.46.58:422][  0]LogMeshReduction: Using SimplygonSwarm for distributed automatic mesh merging
[2019.01.06-19.46.58:422][  0]LogMeshReduction: Using ProxyLODMeshReduction for automatic mesh merging
[2019.01.06-19.46.58:423][  0]LogMeshReduction: Using QuadricMeshReduction for automatic static mesh reduction
[2019.01.06-19.46.58:423][  0]LogMeshReduction: No automatic skeletal mesh reduction module available
[2019.01.06-19.46.58:568][  0]LogNetVersion: PairProject 1.0.0, NetCL: 4212847, EngineNetVer: 5, GameNetVer: 0 (Checksum: 2248716754)
[2019.01.06-19.46.59:787][  0]LogPackageLocalizationCache: Processed 11 localized package path(s) for 2 prioritized culture(s) in 0.305211 seconds
[2019.01.06-19.46.59:795][  0]LogUObjectArray: 38425 objects as part of root set at end of initial load.
[2019.01.06-19.46.59:795][  0]LogUObjectAllocator: 6690872 out of 0 bytes used by permanent object pool.
[2019.01.06-19.46.59:795][  0]LogUObjectArray: CloseDisregardForGC: 0/0 objects in disregard for GC pool
[2019.01.06-19.47.03:500][  0]LogTcpMessaging: Initializing TcpMessaging bridge
[2019.01.06-19.47.03:518][  0]LogUdpMessaging: Initializing bridge on interface 0.0.0.0:0 to multicast group 230.0.0.1:6666.
[2019.01.06-19.47.03:876][  0]SourceControl: Source control is disabled
[2019.01.06-19.47.03:877][  0]SourceControl: Source control is disabled
[2019.01.06-19.47.03:883][  0]SourceControl: Source control is disabled
[2019.01.06-19.47.03:887][  0]SourceControl: Source control is disabled
[2019.01.06-19.47.04:405][  0]LogAndroidPermission: UAndroidPermissionCallbackProxy::GetInstance
[2019.01.06-19.47.04:551][  0]LogOcInput: OculusInput pre-init called
[2019.01.06-19.47.04:652][  0]LogEngine: Initializing Engine...
[2019.01.06-19.47.04:745][  0]LogHMD: Failed to initialize OpenVR with code 126
[2019.01.06-19.47.04:762][  0]LogStats: UGameplayTagsManager::ConstructGameplayTagTree: ImportINI prefixes -  0.000 s
[2019.01.06-19.47.04:762][  0]LogStats: UGameplayTagsManager::ConstructGameplayTagTree: Construct from data asset -  0.000 s
[2019.01.06-19.47.04:762][  0]LogStats: UGameplayTagsManager::ConstructGameplayTagTree: ImportINI -  0.000 s
[2019.01.06-19.47.04:762][  0]LogStats: UGameplayTagsManager::ConstructGameplayTagTree: GameplayTagTreeChangedEvent.Broadcast -  0.000 s
[2019.01.06-19.47.05:148][  0]LogInit: Initializing FReadOnlyCVARCache
[2019.01.06-19.47.05:192][  0]LogAIModule: Creating AISystem for world Untitled
[2019.01.06-19.47.05:247][  0]LogInit: XAudio2 using 'Speakers (Realtek High Definition Audio)' : 2 channels at 48 kHz using 32 bits per sample (channel mask 0x3)
[2019.01.06-19.47.05:374][  0]LogInit: FAudioDevice initialized.
[2019.01.06-19.47.05:374][  0]LogNetVersion: Set ProjectVersion to 1.0.0.0. Version Checksum will be recalculated on next use.
[2019.01.06-19.47.05:596][  0]LogDerivedDataCache: Saved boot cache 0.22s 71MB C:/Users/c013767h.STUDENT/AppData/Local/UnrealEngine/4.20/DerivedDataCache/Boot.ddc.
[2019.01.06-19.47.05:600][  0]LogInit: Texture streaming: Enabled
[2019.01.06-19.47.05:642][  0]LogEngineSessionManager: EngineSessionManager initialized
[2019.01.06-19.47.05:667][  0]LogInit: Transaction tracking system initialized
[2019.01.06-19.47.05:743][  0]BlueprintLog: New page: Editor Load
[2019.01.06-19.47.06:025][  0]LocalizationService: Localization service is disabled
[2019.01.06-19.47.06:973][  0]LogCook: Display: Max memory allowance for cook 16384mb min free memory 0mb
[2019.01.06-19.47.06:973][  0]LogCook: Display: Mobile HDR setting 1
[2019.01.06-19.47.06:973][  0]LogGameplayTags: Display: UGameplayTagsManager::DoneAddingNativeTags. DelegateIsBound: 0
[2019.01.06-19.47.06:974][  0]LogStats: UGameplayTagsManager::ConstructGameplayTagTree: ImportINI prefixes -  0.000 s
[2019.01.06-19.47.06:974][  0]LogStats: UGameplayTagsManager::ConstructGameplayTagTree: Construct from data asset -  0.000 s
[2019.01.06-19.47.06:974][  0]LogStats: UGameplayTagsManager::ConstructGameplayTagTree: ImportINI -  0.000 s
[2019.01.06-19.47.06:974][  0]LogStats: UGameplayTagsManager::ConstructGameplayTagTree: GameplayTagTreeChangedEvent.Broadcast -  0.000 s
[2019.01.06-19.47.07:582][  0]LogFileCache: Scanning file cache for directory 'E:/Staffs Uni/Level 5/Technical Games Production/Pair/TGPPairProject/PairProject/Content/' took 0.03s
[2019.01.06-19.47.07:583][  0]SourceControl: Source control is disabled
[2019.01.06-19.47.07:583][  0]Cmd: MAP LOAD FILE="E:/Staffs Uni/Level 5/Technical Games Production/Pair/TGPPairProject/PairProject/Content/Scenes/StartScreen.umap" TEMPLATE=0 SHOWPROGRESS=1 FEATURELEVEL=3
[2019.01.06-19.47.07:611][  0]LightingResults: New page: Lighting Build
[2019.01.06-19.47.07:619][  0]MapCheck: New page: Map Check
[2019.01.06-19.47.07:619][  0]LightingResults: New page: Lighting Build
[2019.01.06-19.47.07:647][  0]LogLinker: Warning: Can't find file '/Game/Scenes/StartScreen_BuiltData'
[2019.01.06-19.47.07:653][  0]LogLinker: Warning: Can't find file for asset '/Game/Scenes/StartScreen_BuiltData' while loading E:/Staffs Uni/Level 5/Technical Games Production/Pair/TGPPairProject/PairProject/Content/Scenes/StartScreen.umap.
[2019.01.06-19.47.07:653][  0]LoadErrors: Error: /Game/Scenes/StartScreen : Can't find file for asset. /Game/Scenes/StartScreen_BuiltData
[2019.01.06-19.47.07:654][  0]LogLinker: Warning: Can't find file '/Game/Scenes/StartScreen_BuiltData'
[2019.01.06-19.47.07:654][  0]LogLinker: Warning: Can't find file for asset '/Game/Scenes/StartScreen_BuiltData' while loading E:/Staffs Uni/Level 5/Technical Games Production/Pair/TGPPairProject/PairProject/Content/Scenes/StartScreen.umap.
[2019.01.06-19.47.07:654][  0]LoadErrors: Error: /Game/Scenes/StartScreen : Can't find file for asset. /Game/Scenes/StartScreen_BuiltData
[2019.01.06-19.47.07:702][  0]LogLinker: Warning: Can't find file '/Game/Scenes/StartScreen_BuiltData'
[2019.01.06-19.47.07:703][  0]LogLinker: Warning: Can't find file for asset '/Game/Scenes/StartScreen_BuiltData' while loading NULL.
[2019.01.06-19.47.07:704][  0]LogLinker: Warning: Can't find file '/Game/Scenes/StartScreen_BuiltData'
[2019.01.06-19.47.07:705][  0]LogLinker: Warning: Can't find file for asset '/Game/Scenes/StartScreen_BuiltData' while loading NULL.
[2019.01.06-19.47.07:710][  0]LogLinker: Warning: Can't find file '/Game/Scenes/StartScreen_BuiltData'
[2019.01.06-19.47.07:711][  0]LoadErrors: Failed to load /Game/Scenes/StartScreen_BuiltData.StartScreen_BuiltData Referenced by PersistentLevel
[2019.01.06-19.47.07:711][  0]LogLinker: Warning: Can't find file for asset '/Game/Scenes/StartScreen_BuiltData' while loading NULL.
[2019.01.06-19.47.07:716][  0]LoadErrors: Failed to load /Game/Scenes/StartScreen_BuiltData.StartScreen_BuiltData Referenced by PersistentLevel
[2019.01.06-19.47.07:767][  0]LogAIModule: Creating AISystem for world StartScreen
[2019.01.06-19.47.07:769][  0]LogEditorServer: Finished looking for orphan Actors (0.000 secs)
[2019.01.06-19.47.07:797][  0]Cmd: MAP CHECKDEP NOCLEARLOG
[2019.01.06-19.47.08:021][  0]MapCheck: Map check complete: 0 Error(s), 0 Warning(s), took 221.82ms to complete.
[2019.01.06-19.47.08:022][  0]LogFileHelpers: Loading map 'StartScreen' took 0.439
[2019.01.06-19.47.08:330][  0]LogSlate: Updating window title bar state: overlay mode, drag disabled, window buttons hidden, title bar hidden
[2019.01.06-19.47.08:339][  0]LogSlate: Updating window title bar state: overlay mode, drag disabled, window buttons hidden, title bar hidden
[2019.01.06-19.47.08:349][  0]LogSlate: Updating window title bar state: overlay mode, drag disabled, window buttons hidden, title bar hidden
[2019.01.06-19.47.08:358][  0]LogSlate: Updating window title bar state: overlay mode, drag disabled, window buttons hidden, title bar hidden
[2019.01.06-19.47.08:387][  0]LogCollectionManager: Loaded 0 collections in 0.004530 seconds
[2019.01.06-19.47.08:454][  0]LogFileCache: Scanning file cache for directory 'E:/Staffs Uni/Level 5/Technical Games Production/Pair/TGPPairProject/PairProject/Saved/Collections/' took 0.02s
[2019.01.06-19.47.08:454][  0]LogFileCache: Scanning file cache for directory 'E:/Staffs Uni/Level 5/Technical Games Production/Pair/TGPPairProject/PairProject/Content/Developers/c013767h/Collections/' took 0.02s
[2019.01.06-19.47.08:454][  0]LogFileCache: Scanning file cache for directory 'E:/Staffs Uni/Level 5/Technical Games Production/Pair/TGPPairProject/PairProject/Content/Collections/' took 0.01s
[2019.01.06-19.47.08:454][  0]LogCollectionManager: Rebuilt the GUID cache for 0 collections in 0.000000 seconds
[2019.01.06-19.47.08:466][  0]LogContentBrowser: Native class hierarchy populated in 0.0112 seconds. Added 2596 classes and 611 folders.
[2019.01.06-19.47.08:479][  0]LogContentBrowser: Native class hierarchy updated for 'WidgetCarousel' in 0.0004 seconds. Added 0 classes and 0 folders.
[2019.01.06-19.47.08:717][  0]LogContentBrowser: Native class hierarchy updated for 'AddContentDialog' in 0.0004 seconds. Added 0 classes and 0 folders.
[2019.01.06-19.47.08:729][  0]LogContentBrowser: Native class hierarchy updated for 'SceneOutliner' in 0.0004 seconds. Added 1 classes and 2 folders.
[2019.01.06-19.47.08:812][  0]LogSlate: Took 0.000354 seconds to synchronously load lazily loaded font '../../../Engine/Content/Slate/Fonts/Roboto-Regular.ttf' (155K)
[2019.01.06-19.47.08:817][  0]LogSlate: Took 0.000263 seconds to synchronously load lazily loaded font '../../../Engine/Content/Slate/Fonts/Roboto-Bold.ttf' (160K)
[2019.01.06-19.47.08:832][  0]LogSlate: Took 0.006603 seconds to synchronously load lazily loaded font '../../../Engine/Content/Editor/Slate/Fonts/FontAwesome.ttf' (139K)
[2019.01.06-19.47.08:983][  0]LogRenderer: Reallocating scene render targets to support 1208x576 Format 10 NumSamples 1 (Frame:1).
[2019.01.06-19.47.09:159][  0]LogContentBrowser: Native class hierarchy updated for 'HierarchicalLODOutliner' in 0.0005 seconds. Added 0 classes and 0 folders.
[2019.01.06-19.47.09:159][  0]LogLoad: (Engine Initialization) Total time: 24.49 seconds
[2019.01.06-19.47.09:159][  0]LogLoad: (Engine Initialization) Total Blueprint compile time: 0.00 seconds
[2019.01.06-19.47.09:208][  0]LogContentStreaming: Texture pool size now 1000 MB
[2019.01.06-19.47.09:217][  0]LogSlate: FSceneViewport::OnFocusLost() reason 2
[2019.01.06-19.47.09:270][  0]LogSlate: Took 0.000257 seconds to synchronously load lazily loaded font '../../../Engine/Content/Slate/Fonts/Roboto-Light.ttf' (167K)
[2019.01.06-19.47.09:373][  2]LogAssetRegistry: Asset discovery search completed in 11.6068 seconds
[2019.01.06-19.47.09:375][  2]LogCollectionManager: Rebuilt the object cache for 0 collections in 0.000000 seconds (found 0 objects)
[2019.01.06-19.47.09:376][  2]LogCollectionManager: Fixed up redirectors for 0 collections in 0.000222 seconds (updated 0 objects)
[2019.01.06-19.48.37:117][525]LogSlate: Took 0.000298 seconds to synchronously load lazily loaded font '../../../Engine/Content/Slate/Fonts/Roboto-Light.ttf' (167K)
[2019.01.06-19.48.37:127][525]LogAssetEditorManager: Opening Asset editor for Blueprint /Game/Blueprints/Enemies/MyBaseEnemy.MyBaseEnemy
[2019.01.06-19.48.37:725][525]LogContentBrowser: Native class hierarchy updated for 'BlueprintGraph' in 0.0008 seconds. Added 116 classes and 0 folders.
[2019.01.06-19.48.38:750][525]LogSlate: Took 0.000261 seconds to synchronously load lazily loaded font '../../../Engine/Content/Slate/Fonts/Roboto-BoldCondensed.ttf' (158K)
[2019.01.06-19.48.39:559][575]LogAssetEditorManager: Opening Asset editor for Blueprint /Game/Blueprints/Enemies/MyFreezeEnemy.MyFreezeEnemy
[2019.01.06-19.49.44:658][704]LogSlate: Took 0.000284 seconds to synchronously load lazily loaded font '../../../Engine/Content/Slate/Fonts/Roboto-Italic.ttf' (157K)
[2019.01.06-19.49.45:824][820]LogSlate: FSceneViewport::OnFocusLost() reason 2
[2019.01.06-19.49.47:859][ 18]LogSlate: FSceneViewport::OnFocusLost() reason 2
[2019.01.06-19.49.50:361][248]LogEditorTransaction: Undo Add Component
[2019.01.06-19.50.10:763][337]LogSlate: FSceneViewport::OnFocusLost() reason 2
[2019.01.06-19.50.10:877][337]LogSavePackage: Moving 'E:/Staffs Uni/Level 5/Technical Games Production/Pair/TGPPairProject/PairProject/Saved/MyBaseEnemyBC17E96D41146E3D85241AB70C765E32.tmp' to 'E:/Staffs Uni/Level 5/Technical Games Production/Pair/TGPPairProject/PairProject/Content/Blueprints/Enemies/MyBaseEnemy.uasset'
[2019.01.06-19.50.16:383][846]LogAssetEditorManager: Opening Asset editor for Blueprint /Game/Blueprints/Enemies/MyFreezeEnemy.MyFreezeEnemy
[2019.01.06-19.50.21:464][303]LogSavePackage: Moving 'E:/Staffs Uni/Level 5/Technical Games Production/Pair/TGPPairProject/PairProject/Saved/MyFreezeEnemy18DF5D3A48B4213FBD399D800E92FCB9.tmp' to 'E:/Staffs Uni/Level 5/Technical Games Production/Pair/TGPPairProject/PairProject/Content/Blueprints/Enemies/MyFreezeEnemy.uasset'
[2019.01.06-19.50.24:153][581]BlueprintLog: New page: Compile MyFreezeEnemy
[2019.01.06-19.50.24:860][618]LogSavePackage: Moving 'E:/Staffs Uni/Level 5/Technical Games Production/Pair/TGPPairProject/PairProject/Saved/MyFreezeEnemyF21EA99B48A675FDB4AB0B8EAF134E17.tmp' to 'E:/Staffs Uni/Level 5/Technical Games Production/Pair/TGPPairProject/PairProject/Content/Blueprints/Enemies/MyFreezeEnemy.uasset'
[2019.01.06-19.50.52:357][516]LogAssetEditorManager: Opening Asset editor for Blueprint /Game/Blueprints/Enemies/MyBomberEnemy.MyBomberEnemy
[2019.01.06-19.50.54:914][725]LogAssetEditorManager: Opening Asset editor for Blueprint /Game/Blueprints/Enemies/MyBomberEnemy.MyBomberEnemy
[2019.01.06-19.51.01:490][338]LogSlate: FSceneViewport::OnFocusLost() reason 0
[2019.01.06-19.51.13:306][580]LogSlate: FSceneViewport::OnFocusLost() reason 2
[2019.01.06-19.51.13:372][580]LogSavePackage: Moving 'E:/Staffs Uni/Level 5/Technical Games Production/Pair/TGPPairProject/PairProject/Saved/MyBomberEnemy7BAAD3044552C790E4A50D903D287636.tmp' to 'E:/Staffs Uni/Level 5/Technical Games Production/Pair/TGPPairProject/PairProject/Content/Blueprints/Enemies/MyBomberEnemy.uasset'
[2019.01.06-19.51.30:328][360]LogSavePackage: Moving 'E:/Staffs Uni/Level 5/Technical Games Production/Pair/TGPPairProject/PairProject/Saved/MyBomberEnemy8A43916D4A0B781BA7040FA1F70ABC83.tmp' to 'E:/Staffs Uni/Level 5/Technical Games Production/Pair/TGPPairProject/PairProject/Content/Blueprints/Enemies/MyBomberEnemy.uasset'
[2019.01.06-19.51.30:682][385]BlueprintLog: New page: Compile MyBomberEnemy
[2019.01.06-19.51.31:784][477]LogSlate: Window 'MyBomberEnemy' being destroyed
[2019.01.06-19.51.31:789][477]LogSlate: Window 'MyBomberEnemy' being destroyed
[2019.01.06-19.51.31:860][477]LogActorComponent: UnregisterComponent: (/Engine/Transient.EditorFloorComp) Not registered. Aborting.
[2019.01.06-19.51.31:925][477]LogActorComponent: UnregisterComponent: (/Engine/Transient.EditorFloorComp) Not registered. Aborting.
[2019.01.06-19.51.45:512][ 82]LogSlate: Window 'Message Log' being destroyed
[2019.01.06-19.51.45:515][ 82]LogSlate: Window 'Message Log' being destroyed
[2019.01.06-19.51.47:541][299]LogSlate: Window 'PairProject - Unreal Editor' being destroyed
[2019.01.06-19.51.47:542][299]LogWindowsTextInputMethodSystem: Display: IME system now deactivated.
[2019.01.06-19.51.47:769][300]Cmd: QUIT_EDITOR
[2019.01.06-19.51.47:858][300]LogExit: Preparing to exit.
[2019.01.06-19.51.48:209][300]LogExit: Editor shut down
[2019.01.06-19.51.48:212][300]LogExit: Transaction tracking system shut down
[2019.01.06-19.51.48:576][300]LogExit: Object subsystem successfully closed.
[2019.01.06-19.51.48:603][300]LogShaderCompilers: Display: Shaders left to compile 0
[2019.01.06-19.51.48:607][300]LogD3D11RHI: Shutdown
[2019.01.06-19.51.48:608][300]LogD3D11RHI: CleanupD3DDevice
[2019.01.06-19.51.48:610][300]LogD3D11RHI: ~FD3D11DynamicRHI
[2019.01.06-19.51.48:656][300]LogModuleManager: Shutting down and abandoning module BlueprintGraph (618)
[2019.01.06-19.51.48:656][300]LogModuleManager: Shutting down and abandoning module HierarchicalLODOutliner (616)
[2019.01.06-19.51.48:656][300]LogModuleManager: Shutting down and abandoning module SceneOutliner (614)
[2019.01.06-19.51.48:656][300]LogModuleManager: Shutting down and abandoning module AddContentDialog (612)
[2019.01.06-19.51.48:657][300]LogModuleManager: Shutting down and abandoning module WidgetCarousel (611)
[2019.01.06-19.51.48:657][300]LogModuleManager: Shutting down and abandoning module EditorWidgets (608)
[2019.01.06-19.51.48:657][300]LogModuleManager: Shutting down and abandoning module CollectionManager (606)
[2019.01.06-19.51.48:659][300]LogModuleManager: Shutting down and abandoning module StatsViewer (604)
[2019.01.06-19.51.48:659][300]LogModuleManager: Shutting down and abandoning module FoliageEdit (602)
[2019.01.06-19.51.48:659][300]LogModuleManager: Shutting down and abandoning module LandscapeEditor (600)
[2019.01.06-19.51.48:659][300]LogModuleManager: Shutting down and abandoning module MeshPaintMode (598)
[2019.01.06-19.51.48:659][300]LogModuleManager: Shutting down and abandoning module SceneDepthPickerMode (596)
[2019.01.06-19.51.48:659][300]LogModuleManager: Shutting down and abandoning module ActorPickerMode (594)
[2019.01.06-19.51.48:660][300]LogModuleManager: Shutting down and abandoning module GeometryMode (592)
[2019.01.06-19.51.48:660][300]LogModuleManager: Shutting down and abandoning module TextureAlignMode (590)
[2019.01.06-19.51.48:660][300]LogModuleManager: Shutting down and abandoning module BspMode (588)
[2019.01.06-19.51.48:660][300]LogModuleManager: Shutting down and abandoning module PIEPreviewDeviceProfileSelector (586)
[2019.01.06-19.51.48:661][300]LogModuleManager: Shutting down and abandoning module SequenceRecorderSections (584)
[2019.01.06-19.51.48:661][300]LogModuleManager: Shutting down and abandoning module AutomationWorker (582)
[2019.01.06-19.51.48:662][300]LogModuleManager: Shutting down and abandoning module AudioCaptureEditor (580)
[2019.01.06-19.51.48:662][300]LogModuleManager: Shutting down and abandoning module SequenceRecorder (579)
[2019.01.06-19.51.48:662][300]LogModuleManager: Shutting down and abandoning module MatineeToLevelSequence (576)
[2019.01.06-19.51.48:662][300]LogModuleManager: Shutting down and abandoning module LevelSequenceEditor (574)
[2019.01.06-19.51.48:662][300]LogModuleManager: Shutting down and abandoning module PlacementMode (573)
[2019.01.06-19.51.48:662][300]LogModuleManager: Shutting down and abandoning module MaterialEditor (572)
[2019.01.06-19.51.48:663][300]LogModuleManager: Shutting down and abandoning module WmfMediaFactory (568)
[2019.01.06-19.51.48:663][300]LogModuleManager: Shutting down and abandoning module WmfMediaEditor (566)
[2019.01.06-19.51.48:663][300]LogModuleManager: Shutting down and abandoning module MediaPlayerEditor (564)
[2019.01.06-19.51.48:663][300]LogModuleManager: Shutting down and abandoning module OpenExrWrapper (562)
[2019.01.06-19.51.48:663][300]LogModuleManager: Shutting down and abandoning module ImgMediaFactory (560)
[2019.01.06-19.51.48:664][300]LogModuleManager: Shutting down and abandoning module ImgMediaEditor (558)
[2019.01.06-19.51.48:664][300]LogModuleManager: Shutting down and abandoning module AvfMediaFactory (556)
[2019.01.06-19.51.48:664][300]LogModuleManager: Shutting down and abandoning module AvfMediaEditor (554)
[2019.01.06-19.51.48:664][300]LogModuleManager: Shutting down and abandoning module AndroidMediaFactory (552)
[2019.01.06-19.51.48:664][300]LogModuleManager: Shutting down and abandoning module AndroidMediaEditor (550)
[2019.01.06-19.51.48:664][300]LogModuleManager: Shutting down and abandoning module MagicLeapCameraPreviewFactory (548)
[2019.01.06-19.51.48:665][300]LogModuleManager: Shutting down and abandoning module MagicLeapMediaFactory (546)
[2019.01.06-19.51.48:665][300]LogModuleManager: Shutting down and abandoning module MagicLeapMediaEditor (544)
[2019.01.06-19.51.48:665][300]LogModuleManager: Shutting down and abandoning module CharacterAI (542)
[2019.01.06-19.51.48:665][300]LogModuleManager: Shutting down and abandoning module SmartSnapping (540)
[2019.01.06-19.51.48:665][300]LogModuleManager: Shutting down and abandoning module SessionServices (538)
[2019.01.06-19.51.48:665][300]LogModuleManager: Shutting down and abandoning module ViewportSnapping (536)
[2019.01.06-19.51.48:666][300]LogModuleManager: Shutting down and abandoning module ViewportInteraction (534)
[2019.01.06-19.51.48:666][300]LogModuleManager: Shutting down and abandoning module ClothPainter (532)
[2019.01.06-19.51.48:666][300]LogModuleManager: Shutting down and abandoning module SkeletalMeshEditor (531)
[2019.01.06-19.51.48:666][300]LogModuleManager: Shutting down and abandoning module LogVisualizer (528)
[2019.01.06-19.51.48:667][300]LogModuleManager: Shutting down and abandoning module IntroTutorials (526)
[2019.01.06-19.51.48:667][300]LogModuleManager: Shutting down and abandoning module GameProjectGeneration (525)
[2019.01.06-19.51.48:667][300]LogModuleManager: Shutting down and abandoning module LuminPlatformEditor (522)
[2019.01.06-19.51.48:667][300]LogModuleManager: Shutting down and abandoning module IOSPlatformEditor (520)
[2019.01.06-19.51.48:667][300]LogModuleManager: Shutting down and abandoning module HTML5PlatformEditor (518)
[2019.01.06-19.51.48:668][300]LogModuleManager: Shutting down and abandoning module AndroidPlatformEditor (516)
[2019.01.06-19.51.48:668][300]LogModuleManager: Shutting down and abandoning module AndroidDeviceDetection (515)
[2019.01.06-19.51.48:993][300]LogModuleManager: Shutting down and abandoning module WindowsPlatformEditor (512)
[2019.01.06-19.51.48:993][300]LogModuleManager: Shutting down and abandoning module LuminRuntimeSettings (510)
[2019.01.06-19.51.48:993][300]LogModuleManager: Shutting down and abandoning module IOSRuntimeSettings (508)
[2019.01.06-19.51.48:993][300]LogModuleManager: Shutting down and abandoning module AndroidRuntimeSettings (506)
[2019.01.06-19.51.48:994][300]LogModuleManager: Shutting down and abandoning module InputBindingEditor (504)
[2019.01.06-19.51.48:994][300]LogModuleManager: Shutting down and abandoning module MergeActors (502)
[2019.01.06-19.51.48:994][300]LogModuleManager: Shutting down and abandoning module LocalizationDashboard (500)
[2019.01.06-19.51.48:994][300]LogModuleManager: Shutting down and abandoning module LocalizationService (499)
[2019.01.06-19.51.48:995][300]LogModuleManager: Shutting down and abandoning module HardwareTargeting (496)
[2019.01.06-19.51.48:995][300]LogModuleManager: Shutting down and abandoning module DeviceProfileEditor (494)
[2019.01.06-19.51.48:995][300]LogModuleManager: Shutting down and abandoning module UndoHistory (492)
[2019.01.06-19.51.48:995][300]LogModuleManager: Shutting down and abandoning module XmlParser (490)
[2019.01.06-19.51.48:995][300]LogModuleManager: Shutting down and abandoning module Blutility (488)
[2019.01.06-19.51.48:995][300]LogModuleManager: Shutting down and abandoning module ProjectSettingsViewer (486)
[2019.01.06-19.51.48:996][300]LogModuleManager: Shutting down and abandoning module ProjectTargetPlatformEditor (485)
[2019.01.06-19.51.48:996][300]LogModuleManager: Shutting down and abandoning module EditorSettingsViewer (482)
[2019.01.06-19.51.48:996][300]LogModuleManager: Shutting down and abandoning module SettingsEditor (480)
[2019.01.06-19.51.48:996][300]LogModuleManager: Shutting down and abandoning module ProjectLauncher (478)
[2019.01.06-19.51.48:997][300]LogModuleManager: Shutting down and abandoning module SessionFrontend (476)
[2019.01.06-19.51.48:997][300]LogModuleManager: Shutting down and abandoning module ProfilerClient (474)
[2019.01.06-19.51.48:997][300]LogModuleManager: Shutting down and abandoning module DeviceManager (472)
[2019.01.06-19.51.48:997][300]LogModuleManager: Shutting down and abandoning module TargetDeviceServices (471)
[2019.01.06-19.51.49:064][300]LogModuleManager: Shutting down and abandoning module AutomationController (468)
[2019.01.06-19.51.49:064][300]LogModuleManager: Shutting down and abandoning module AutomationWindow (466)
[2019.01.06-19.51.49:064][300]LogModuleManager: Shutting down and abandoning module Layers (464)
[2019.01.06-19.51.49:064][300]LogModuleManager: Shutting down and abandoning module ComponentVisualizers (462)
[2019.01.06-19.51.49:064][300]LogModuleManager: Shutting down and abandoning module DetailCustomizations (460)
[2019.01.06-19.51.49:064][300]LogModuleManager: Shutting down and abandoning module PackagesDialog (458)
[2019.01.06-19.51.49:065][300]LogModuleManager: Shutting down and abandoning module Persona (456)
[2019.01.06-19.51.49:065][300]LogModuleManager: Shutting down and abandoning module AdvancedPreviewScene (455)
[2019.01.06-19.51.49:065][300]LogModuleManager: Shutting down and abandoning module AnimGraph (453)
[2019.01.06-19.51.49:066][300]LogModuleManager: Shutting down and abandoning module Kismet (450)
[2019.01.06-19.51.49:070][300]LogModuleManager: Shutting down and abandoning module GraphEditor (448)
[2019.01.06-19.51.49:071][300]LogModuleManager: Shutting down and abandoning module ClassViewer (446)
[2019.01.06-19.51.49:071][300]LogModuleManager: Shutting down and abandoning module Toolbox (444)
[2019.01.06-19.51.49:071][300]LogModuleManager: Shutting down and abandoning module DesktopPlatform (443)
[2019.01.06-19.51.49:071][300]LogModuleManager: Shutting down and abandoning module ModuleUI (440)
[2019.01.06-19.51.49:071][300]LogModuleManager: Shutting down and abandoning module MovieSceneTools (438)
[2019.01.06-19.51.49:071][300]LogModuleManager: Shutting down and abandoning module OutputLog (436)
[2019.01.06-19.51.49:072][300]LogModuleManager: Shutting down and abandoning module GammaUI (434)
[2019.01.06-19.51.49:072][300]LogModuleManager: Shutting down and abandoning module Documentation (432)
[2019.01.06-19.51.49:072][300]LogModuleManager: Shutting down and abandoning module MovieSceneTracks (430)
[2019.01.06-19.51.49:072][300]LogModuleManager: Shutting down and abandoning module MovieScene (428)
[2019.01.06-19.51.49:072][300]LogModuleManager: Shutting down and abandoning module StreamingPauseRendering (426)
[2019.01.06-19.51.49:072][300]LogModuleManager: Shutting down and abandoning module LauncherPlatform (424)
[2019.01.06-19.51.49:072][300]LogModuleManager: Shutting down and abandoning module AnalyticsET (422)
[2019.01.06-19.51.49:073][300]LogModuleManager: Shutting down and abandoning module PortalServices (420)
[2019.01.06-19.51.49:073][300]LogModuleManager: Shutting down and abandoning module PortalRpc (418)
[2019.01.06-19.51.49:073][300]LogModuleManager: Shutting down and abandoning module MessagingRpc (416)
[2019.01.06-19.51.49:073][300]LogModuleManager: Shutting down and abandoning module AIModule (414)
[2019.01.06-19.51.49:073][300]LogModuleManager: Shutting down and abandoning module GameplayDebugger (413)
[2019.01.06-19.51.49:074][300]LogModuleManager: Shutting down and abandoning module AITestSuite (411)
[2019.01.06-19.51.49:075][300]LogModuleManager: Shutting down and abandoning module NavigationSystem (409)
[2019.01.06-19.51.49:075][300]LogModuleManager: Shutting down and abandoning module ProfilerService (406)
[2019.01.06-19.51.49:212][300]LogModuleManager: Shutting down and abandoning module TaskGraph (404)
[2019.01.06-19.51.49:212][300]LogModuleManager: Shutting down and abandoning module SteamVRController (402)
[2019.01.06-19.51.49:212][300]LogModuleManager: Shutting down and abandoning module ProceduralMeshComponentEditor (400)
[2019.01.06-19.51.49:212][300]LogModuleManager: Shutting down and abandoning module ProceduralMeshComponent (398)
[2019.01.06-19.51.49:212][300]LogModuleManager: Shutting down and abandoning module OculusInput (396)
[2019.01.06-19.51.49:213][300]LogModuleManager: Shutting down and abandoning module MobilePatchingUtils (394)
[2019.01.06-19.51.49:213][300]LogModuleManager: Shutting down and abandoning module EditableMesh (392)
[2019.01.06-19.51.49:213][300]LogModuleManager: Shutting down and abandoning module CustomMeshComponent (390)
[2019.01.06-19.51.49:213][300]LogModuleManager: Shutting down and abandoning module CableComponent (388)
[2019.01.06-19.51.49:213][300]LogModuleManager: Shutting down and abandoning module AudioCapture (386)
[2019.01.06-19.51.49:213][300]LogModuleManager: Shutting down and abandoning module ArchVisCharacter (384)
[2019.01.06-19.51.49:213][300]LogModuleManager: Shutting down and abandoning module AndroidPermission (382)
[2019.01.06-19.51.49:214][300]LogModuleManager: Shutting down and abandoning module NUTUnrealEngine4 (380)
[2019.01.06-19.51.49:215][300]LogModuleManager: Shutting down and abandoning module NetcodeUnitTest (378)
[2019.01.06-19.51.49:215][300]LogModuleManager: Shutting down and abandoning module MediaCompositingEditor (376)
[2019.01.06-19.51.49:215][300]LogModuleManager: Shutting down and abandoning module MediaCompositing (374)
[2019.01.06-19.51.49:215][300]LogModuleManager: Shutting down and abandoning module LinearTimecode (372)
[2019.01.06-19.51.49:216][300]LogModuleManager: Shutting down and abandoning module ImgMedia (370)
[2019.01.06-19.51.49:223][300]LogModuleManager: Shutting down and abandoning module HTML5Networking (368)
[2019.01.06-19.51.49:223][300]LogModuleManager: Shutting down and abandoning module GeometryCacheTracks (366)
[2019.01.06-19.51.49:223][300]LogModuleManager: Shutting down and abandoning module GeometryCacheSequencer (364)
[2019.01.06-19.51.49:223][300]LogModuleManager: Shutting down and abandoning module BackChannel (362)
[2019.01.06-19.51.49:223][300]LogModuleManager: Shutting down and abandoning module AppleVision (360)
[2019.01.06-19.51.49:223][300]LogModuleManager: Shutting down and abandoning module AppleImageUtils (358)
[2019.01.06-19.51.49:223][300]LogModuleManager: Shutting down and abandoning module AlembicImporter (356)
[2019.01.06-19.51.49:224][300]LogModuleManager: Shutting down and abandoning module AlembicLibrary (355)
[2019.01.06-19.51.49:224][300]LogModuleManager: Shutting down and abandoning module GeometryCache (354)
[2019.01.06-19.51.49:225][300]LogModuleManager: Shutting down and abandoning module GeometryCacheEd (353)
[2019.01.06-19.51.49:226][300]LogModuleManager: Shutting down and abandoning module DatasmithContentEditor (348)
[2019.01.06-19.51.49:226][300]LogModuleManager: Shutting down and abandoning module DatasmithContent (346)
[2019.01.06-19.51.49:230][300]LogModuleManager: Shutting down and abandoning module SpeedTreeImporter (344)
[2019.01.06-19.51.49:230][300]LogModuleManager: Shutting down and abandoning module PluginBrowser (342)
[2019.01.06-19.51.49:230][300]LogModuleManager: Shutting down and abandoning module MobileLauncherProfileWizard (340)
[2019.01.06-19.51.49:230][300]LogModuleManager: Shutting down and abandoning module PolygonModeling (338)
[2019.01.06-19.51.49:230][300]LogModuleManager: Shutting down and abandoning module MeshEditor (336)
[2019.01.06-19.51.49:230][300]LogModuleManager: Shutting down and abandoning module CryptoKeysOpenSSL (334)
[2019.01.06-19.51.49:230][300]LogModuleManager: Shutting down and abandoning module CryptoKeys (332)
[2019.01.06-19.51.49:231][300]LogModuleManager: Shutting down and abandoning module VisualStudioSourceCodeAccess (330)
[2019.01.06-19.51.49:231][300]LogModuleManager: Shutting down and abandoning module VisualStudioCodeSourceCodeAccess (328)
[2019.01.06-19.51.49:231][300]LogModuleManager: Shutting down and abandoning module UObjectPlugin (326)
[2019.01.06-19.51.49:231][300]LogModuleManager: Shutting down and abandoning module SubversionSourceControl (324)
[2019.01.06-19.51.49:232][300]LogModuleManager: Shutting down and abandoning module PerforceSourceControl (322)
[2019.01.06-19.51.49:232][300]LogModuleManager: Shutting down and abandoning module GitSourceControl (320)
[2019.01.06-19.51.49:233][300]LogModuleManager: Shutting down and abandoning module SourceControl (319)
[2019.01.06-19.51.49:233][300]LogModuleManager: Shutting down and abandoning module CLionSourceCodeAccess (316)
[2019.01.06-19.51.49:233][300]LogModuleManager: Shutting down and abandoning module LightPropagationVolumeEditor (314)
[2019.01.06-19.51.49:234][300]LogModuleManager: Shutting down and abandoning module PaperTiledImporter (312)
[2019.01.06-19.51.49:234][300]LogModuleManager: Shutting down and abandoning module PaperSpriteSheetImporter (310)
[2019.01.06-19.51.49:235][300]LogModuleManager: Shutting down and abandoning module Paper2DEditor (308)
[2019.01.06-19.51.49:235][300]LogModuleManager: Shutting down and abandoning module MeshPaint (307)
[2019.01.06-19.51.49:235][300]LogModuleManager: Shutting down and abandoning module PairProject (304)
[2019.01.06-19.51.49:235][300]LogModuleManager: Shutting down and abandoning module RuntimePhysXCooking (302)
[2019.01.06-19.51.49:236][300]LogModuleManager: Shutting down and abandoning module PhysXVehiclesEditor (300)
[2019.01.06-19.51.49:236][300]LogModuleManager: Shutting down and abandoning module PhysXVehicles (298)
[2019.01.06-19.51.49:236][300]LogModuleManager: Shutting down and abandoning module OculusEditor (296)
[2019.01.06-19.51.49:237][300]LogModuleManager: Shutting down and abandoning module LocationServicesBPLibrary (294)
[2019.01.06-19.51.49:237][300]LogModuleManager: Shutting down and abandoning module ImmediatePhysicsEditor (292)
[2019.01.06-19.51.49:237][300]LogModuleManager: Shutting down and abandoning module ImmediatePhysics (290)
[2019.01.06-19.51.49:237][300]LogModuleManager: Shutting down and abandoning module ApexDestructionEditor (288)
[2019.01.06-19.51.49:237][300]LogModuleManager: Shutting down and abandoning module ApexDestruction (286)
[2019.01.06-19.51.49:237][300]LogModuleManager: Shutting down and abandoning module ActorSequence (284)
[2019.01.06-19.51.49:237][300]LogModuleManager: Shutting down and abandoning module UdpMessaging (282)
[2019.01.06-19.51.49:339][300]LogModuleManager: Shutting down and abandoning module TcpMessaging (280)
[2019.01.06-19.51.49:440][300]LogModuleManager: Shutting down and abandoning module MagicLeapAudio (278)
[2019.01.06-19.51.49:440][300]LogModuleManager: Shutting down and abandoning module GameplayTagsEditor (276)
[2019.01.06-19.51.49:440][300]LogModuleManager: Shutting down and abandoning module FacialAnimationEditor (274)
[2019.01.06-19.51.49:440][300]LogModuleManager: Shutting down and abandoning module FacialAnimation (272)
[2019.01.06-19.51.49:440][300]LogModuleManager: Shutting down and abandoning module DataValidation (270)
[2019.01.06-19.51.49:440][300]LogModuleManager: Shutting down and abandoning module AssetManagerEditor (268)
[2019.01.06-19.51.49:440][300]LogModuleManager: Shutting down and abandoning module LevelEditor (267)
[2019.01.06-19.51.49:442][300]LogModuleManager: Shutting down and abandoning module PixelInspectorModule (266)
[2019.01.06-19.51.49:442][300]LogModuleManager: Shutting down and abandoning module CommonMenuExtensions (264)
[2019.01.06-19.51.49:443][300]LogModuleManager: Shutting down and abandoning module MainFrame (262)
[2019.01.06-19.51.49:444][300]LogModuleManager: Shutting down and abandoning module HotReload (261)
[2019.01.06-19.51.49:445][300]LogModuleManager: Shutting down and abandoning module ContentBrowser (257)
[2019.01.06-19.51.49:446][300]LogModuleManager: Shutting down and abandoning module TreeMap (255)
[2019.01.06-19.51.49:446][300]LogModuleManager: Shutting down and abandoning module LightPropagationVolumeRuntime (252)
[2019.01.06-19.51.49:446][300]LogModuleManager: Shutting down and abandoning module AISupportModule (250)
[2019.01.06-19.51.49:446][300]LogModuleManager: Shutting down and abandoning module Paper2D (248)
[2019.01.06-19.51.49:446][300]LogModuleManager: Shutting down and abandoning module WindowsMoviePlayer (246)
[2019.01.06-19.51.49:446][300]LogModuleManager: Shutting down and abandoning module WmfMedia (244)
[2019.01.06-19.51.49:451][300]LogModuleManager: Shutting down and abandoning module Media (243)
[2019.01.06-19.51.49:457][300]LogModuleManager: Shutting down and abandoning module PacketHandler (240)
[2019.01.06-19.51.49:458][300]LogModuleManager: Shutting down and abandoning module ClothingSystemEditor (238)
[2019.01.06-19.51.49:458][300]LogModuleManager: Shutting down and abandoning module ClothingSystemRuntime (236)
[2019.01.06-19.51.49:458][300]LogModuleManager: Shutting down and abandoning module MediaAssets (234)
[2019.01.06-19.51.49:459][300]LogModuleManager: Shutting down and abandoning module Overlay (232)
[2019.01.06-19.51.49:459][300]LogModuleManager: Shutting down and abandoning module OverlayEditor (231)
[2019.01.06-19.51.49:459][300]LogModuleManager: Shutting down and abandoning module VREditor (228)
[2019.01.06-19.51.49:459][300]LogModuleManager: Shutting down and abandoning module StringTableEditor (226)
[2019.01.06-19.51.49:460][300]LogModuleManager: Shutting down and abandoning module GameplayTasksEditor (224)
[2019.01.06-19.51.49:460][300]LogModuleManager: Shutting down and abandoning module BehaviorTreeEditor (222)
[2019.01.06-19.51.49:460][300]LogModuleManager: Shutting down and abandoning module FunctionalTesting (220)
[2019.01.06-19.51.49:460][300]LogModuleManager: Shutting down and abandoning module CollisionAnalyzer (218)
[2019.01.06-19.51.49:460][300]LogModuleManager: Shutting down and abandoning module WorkspaceMenuStructure (217)
[2019.01.06-19.51.49:460][300]LogModuleManager: Shutting down and abandoning module UMG (214)
[2019.01.06-19.51.49:460][300]LogModuleManager: Shutting down and abandoning module UMGEditor (213)
[2019.01.06-19.51.49:461][300]LogModuleManager: Shutting down and abandoning module Sequencer (212)
[2019.01.06-19.51.49:461][300]LogModuleManager: Shutting down and abandoning module MessageLog (209)
[2019.01.06-19.51.49:461][300]LogModuleManager: Shutting down and abandoning module SlateReflector (204)
[2019.01.06-19.51.49:461][300]LogModuleManager: Shutting down and abandoning module Slate (202)
[2019.01.06-19.51.49:461][300]LogModuleManager: Shutting down and abandoning module EditorStyle (200)
[2019.01.06-19.51.49:464][300]LogModuleManager: Shutting down and abandoning module MRMesh (198)
[2019.01.06-19.51.49:464][300]LogModuleManager: Shutting down and abandoning module SourceCodeAccess (196)
[2019.01.06-19.51.49:464][300]LogModuleManager: Shutting down and abandoning module HeadMountedDisplay (194)
[2019.01.06-19.51.49:464][300]LogModuleManager: Shutting down and abandoning module XAudio2 (192)
[2019.01.06-19.51.49:464][300]LogModuleManager: Shutting down and abandoning module Networking (190)
[2019.01.06-19.51.49:464][300]LogModuleManager: Shutting down and abandoning module Core (188)
[2019.01.06-19.51.49:464][300]LogModuleManager: Shutting down and abandoning module LevelSequence (186)
[2019.01.06-19.51.49:464][300]LogModuleManager: Shutting down and abandoning module KismetCompiler (184)
[2019.01.06-19.51.49:464][300]LogModuleManager: Shutting down and abandoning module MeshUtilities (182)
[2019.01.06-19.51.49:465][300]LogModuleManager: Shutting down and abandoning module MeshMergeUtilities (181)
[2019.01.06-19.51.49:465][300]LogModuleManager: Shutting down and abandoning module MeshReductionInterface (180)
[2019.01.06-19.51.49:465][300]LogModuleManager: Shutting down and abandoning module SimplygonSwarm (179)
[2019.01.06-19.51.49:465][300]LogModuleManager: Shutting down and abandoning module ProxyLODMeshReduction (177)
[2019.01.06-19.51.49:465][300]LogModuleManager: Shutting down and abandoning module SimplygonMeshReduction (175)
[2019.01.06-19.51.49:465][300]LogModuleManager: Shutting down and abandoning module QuadricMeshReduction (173)
[2019.01.06-19.51.49:465][300]LogModuleManager: Shutting down and abandoning module MaterialBaking (169)
[2019.01.06-19.51.49:465][300]LogModuleManager: Shutting down and abandoning module DirectoryWatcher (165)
[2019.01.06-19.51.49:466][300]LogModuleManager: Shutting down and abandoning module DerivedDataCache (162)
[2019.01.06-19.51.49:506][300]LogDerivedDataCache: Shutdown
[2019.01.06-19.51.49:507][300]LogModuleManager: Shutting down and abandoning module XGEController (160)
[2019.01.06-19.51.49:507][300]LogXGEController: Cleaning working directory: C:/Users/c013767h.STUDENT/AppData/Local/Temp/UnrealXGEWorkingDir/
[2019.01.06-19.51.49:510][300]LogModuleManager: Shutting down and abandoning module TargetPlatform (158)
[2019.01.06-19.51.49:510][300]LogModuleManager: Shutting down and abandoning module VulkanShaderFormat (157)
[2019.01.06-19.51.49:511][300]LogModuleManager: Shutting down and abandoning module ShaderFormatVectorVM (155)
[2019.01.06-19.51.49:511][300]LogModuleManager: Shutting down and abandoning module ShaderFormatOpenGL (153)
[2019.01.06-19.51.49:511][300]LogModuleManager: Shutting down and abandoning module ShaderFormatD3D (151)
[2019.01.06-19.51.49:511][300]LogModuleManager: Shutting down and abandoning module MetalShaderFormat (149)
[2019.01.06-19.51.49:511][300]LogModuleManager: Shutting down and abandoning module TextureFormatUncompressed (147)
[2019.01.06-19.51.49:511][300]LogModuleManager: Shutting down and abandoning module TextureFormatPVR (145)
[2019.01.06-19.51.49:512][300]LogModuleManager: Shutting down and abandoning module TextureFormatDXT (143)
[2019.01.06-19.51.49:512][300]LogModuleManager: Shutting down and abandoning module TextureFormatIntelISPCTexComp (141)
[2019.01.06-19.51.49:513][300]LogModuleManager: Shutting down and abandoning module TextureFormatASTC (139)
[2019.01.06-19.51.49:513][300]LogModuleManager: Shutting down and abandoning module ImageWrapper (138)
[2019.01.06-19.51.49:513][300]LogModuleManager: Shutting down and abandoning module TextureFormatAndroid (135)
[2019.01.06-19.51.49:513][300]LogModuleManager: Shutting down and abandoning module AudioFormatOpus (133)
[2019.01.06-19.51.49:513][300]LogModuleManager: Shutting down and abandoning module AudioFormatOgg (131)
[2019.01.06-19.51.49:514][300]LogModuleManager: Shutting down and abandoning module AudioFormatADPCM (129)
[2019.01.06-19.51.49:518][300]LogModuleManager: Shutting down and abandoning module LuminTargetPlatform (127)
[2019.01.06-19.51.49:519][300]LogModuleManager: Shutting down and abandoning module LinuxTargetPlatform (125)
[2019.01.06-19.51.49:519][300]LogModuleManager: Shutting down and abandoning module LinuxServerTargetPlatform (123)
[2019.01.06-19.51.49:520][300]LogModuleManager: Shutting down and abandoning module LinuxNoEditorTargetPlatform (121)
[2019.01.06-19.51.49:520][300]LogModuleManager: Shutting down and abandoning module LinuxClientTargetPlatform (119)
[2019.01.06-19.51.49:521][300]LogModuleManager: Shutting down and abandoning module TVOSTargetPlatform (117)
[2019.01.06-19.51.49:522][300]LogModuleManager: Shutting down and abandoning module Messaging (115)
[2019.01.06-19.51.49:522][300]LogModuleManager: Shutting down and abandoning module IOSTargetPlatform (113)
[2019.01.06-19.51.49:524][300]LogModuleManager: Shutting down and abandoning module HTML5TargetPlatform (111)
[2019.01.06-19.51.49:525][300]LogModuleManager: Shutting down and abandoning module AndroidTargetPlatform (109)
[2019.01.06-19.51.49:534][300]LogModuleManager: Shutting down and abandoning module WindowsTargetPlatform (107)
[2019.01.06-19.51.49:535][300]LogModuleManager: Shutting down and abandoning module WindowsServerTargetPlatform (105)
[2019.01.06-19.51.49:535][300]LogModuleManager: Shutting down and abandoning module WindowsNoEditorTargetPlatform (103)
[2019.01.06-19.51.49:535][300]LogModuleManager: Shutting down and abandoning module WindowsClientTargetPlatform (101)
[2019.01.06-19.51.49:536][300]LogModuleManager: Shutting down and abandoning module MacTargetPlatform (99)
[2019.01.06-19.51.49:536][300]LogModuleManager: Shutting down and abandoning module MacServerTargetPlatform (97)
[2019.01.06-19.51.49:537][300]LogModuleManager: Shutting down and abandoning module MacNoEditorTargetPlatform (95)
[2019.01.06-19.51.49:537][300]LogModuleManager: Shutting down and abandoning module MacClientTargetPlatform (93)
[2019.01.06-19.51.49:538][300]LogModuleManager: Shutting down and abandoning module AllDesktopTargetPlatform (91)
[2019.01.06-19.51.49:540][300]LogModuleManager: Shutting down and abandoning module InputCore (88)
[2019.01.06-19.51.49:540][300]LogModuleManager: Shutting down and abandoning module Settings (86)
[2019.01.06-19.51.49:542][300]LogModuleManager: Shutting down and abandoning module PhysXCooking (84)
[2019.01.06-19.51.49:544][300]LogModuleManager: Shutting down and abandoning module SteamVR (82)
[2019.01.06-19.51.49:545][300]LogModuleManager: Shutting down and abandoning module OculusHMD (80)
[2019.01.06-19.51.49:545][300]LogModuleManager: Shutting down and abandoning module ExampleDeviceProfileSelector (78)
[2019.01.06-19.51.49:546][300]LogModuleManager: Shutting down and abandoning module LauncherChunkInstaller (76)
[2019.01.06-19.51.49:546][300]LogModuleManager: Shutting down and abandoning module OnlineBlueprintSupport (74)
[2019.01.06-19.51.49:547][300]LogModuleManager: Shutting down and abandoning module OnlineSubsystem (70)
[2019.01.06-19.51.49:551][300]LogModuleManager: Shutting down and abandoning module XMPP (65)
[2019.01.06-19.51.49:555][300]LogModuleManager: Shutting down and abandoning module WebSockets (64)
[2019.01.06-19.51.49:581][300]LogModuleManager: Shutting down and abandoning module HTTP (61)
[2019.01.06-19.51.49:581][300]LogHttp: Display: Http module shutting down, but needs to wait on 1 outstanding Http requests:
[2019.01.06-19.51.49:581][300]LogHttp: Display: 	verb=[POST] url=[https://datarouter.ol.epicgames.com/datarouter/api/v1/public/data?SessionID=%7BC86CB398-4163-5D6C-9C45-58BFCA81A193%7D&AppID=UEEditor.Rocket.Release&AppVersion=4.20.3-4369336%2B%2B%2BUE4%2BRelease-4.20&UserID=44c9e7594b135b8ff9f642ae472475c3%7C8ec15df8aecb4d8492a8af43ac10b70b%7C6859e6fe-a307-4c78-9b87-ec2884ab9362&AppEnvironment=datacollector-binary&UploadType=eteventstream] status=Processing
[2019.01.06-19.51.49:615][300]LogModuleManager: Shutting down and abandoning module SSL (60)
[2019.01.06-19.51.49:617][300]LogModuleManager: Shutting down and abandoning module MagicLeapEmulator (56)
[2019.01.06-19.51.49:617][300]LogModuleManager: Shutting down and abandoning module MagicLeapPrivileges (54)
[2019.01.06-19.51.49:619][300]LogModuleManager: Shutting down and abandoning module MagicLeapIdentity (52)
[2019.01.06-19.51.49:634][300]LogModuleManager: Shutting down and abandoning module MagicLeapHelperVulkan (50)
[2019.01.06-19.51.49:635][300]LogModuleManager: Shutting down and abandoning module MagicLeapHelperOpenGL (48)
[2019.01.06-19.51.49:637][300]LogModuleManager: Shutting down and abandoning module MagicLeapSecureStorage (46)
[2019.01.06-19.51.49:637][300]LogModuleManager: Shutting down and abandoning module MagicLeapGestures (44)
[2019.01.06-19.51.49:638][300]LogModuleManager: Shutting down and abandoning module MagicLeapEyeTracker (42)
[2019.01.06-19.51.49:639][300]LogModuleManager: Shutting down and abandoning module MagicLeapController (40)
[2019.01.06-19.51.49:639][300]LogSlate: Slate User Destroyed.  User Index 0, Is Virtual User: 0
[2019.01.06-19.51.49:639][300]LogModuleManager: Shutting down and abandoning module MagicLeap (38)
[2019.01.06-19.51.49:640][300]LogModuleManager: Shutting down and abandoning module AnimationModifiers (36)
[2019.01.06-19.51.49:640][300]LogModuleManager: Shutting down and abandoning module PropertyEditor (35)
[2019.01.06-19.51.49:641][300]LogModuleManager: Shutting down and abandoning module AudioEditor (32)
[2019.01.06-19.51.49:643][300]LogModuleManager: Shutting down and abandoning module TextureCompressor (30)
[2019.01.06-19.51.49:645][300]LogModuleManager: Shutting down and abandoning module ShaderCore (28)
[2019.01.06-19.51.49:645][300]LogModuleManager: Shutting down and abandoning module Landscape (26)
[2019.01.06-19.51.49:645][300]LogModuleManager: Shutting down and abandoning module SlateRHIRenderer (24)
[2019.01.06-19.51.49:646][300]LogModuleManager: Shutting down and abandoning module OpenGLDrv (22)
[2019.01.06-19.51.49:646][300]LogModuleManager: Shutting down and abandoning module D3D11RHI (20)
[2019.01.06-19.51.49:646][300]LogModuleManager: Shutting down and abandoning module AnimGraphRuntime (18)
[2019.01.06-19.51.49:646][300]LogModuleManager: Shutting down and abandoning module Renderer (16)
[2019.01.06-19.51.49:647][300]LogModuleManager: Shutting down and abandoning module Engine (14)
[2019.01.06-19.51.49:647][300]LogModuleManager: Shutting down and abandoning module CoreUObject (12)
[2019.01.06-19.51.49:647][300]LogModuleManager: Shutting down and abandoning module NetworkFile (10)
[2019.01.06-19.51.49:647][300]LogModuleManager: Shutting down and abandoning module CookedIterativeFile (8)
[2019.01.06-19.51.49:648][300]LogModuleManager: Shutting down and abandoning module StreamingFile (6)
[2019.01.06-19.51.49:648][300]LogModuleManager: Shutting down and abandoning module SandboxFile (4)
[2019.01.06-19.51.49:649][300]LogModuleManager: Shutting down and abandoning module PakFile (2)
[2019.01.06-19.51.49:663][300]LogExit: Exiting.
[2019.01.06-19.51.49:673][300]Log file closed, 01/06/19 19:51:49
