Log file open, 01/02/19 21:45:25
LogWindows: Failed to load 'aqProf.dll' (GetLastError=126)
LogWindows: File 'aqProf.dll' does not exist
LogWindows: Failed to load 'VSPerf140.dll' (GetLastError=126)
LogWindows: File 'VSPerf140.dll' does not exist
LogWindows: Failed to load 'VtuneApi.dll' (GetLastError=126)
LogWindows: File 'VtuneApi.dll' does not exist
LogWindows: Failed to load 'VtuneApi32e.dll' (GetLastError=126)
LogWindows: File 'VtuneApi32e.dll' does not exist
LogInit: Display: Running engine for game: PairProject
LogPlatformFile: Not using cached read wrapper
LogTaskGraph: Started task graph with 5 named threads and 35 total threads with 3 sets of task threads.
LogStats: Stats thread started at 0.488074
LogD3D11RHI: Loaded GFSDK_Aftermath_Lib.x64.dll
LogICUInternationalization: Display: ICU TimeZone Detection - Raw Offset: +0:00, Platform Override: ''
LogPluginManager: Mounting plugin Paper2D
LogPluginManager: Mounting plugin AISupport
LogPluginManager: Mounting plugin LightPropagationVolume
LogPluginManager: Mounting plugin CLionSourceCodeAccess
LogPluginManager: Mounting plugin CodeLiteSourceCodeAccess
LogPluginManager: Mounting plugin GitSourceControl
LogPluginManager: Mounting plugin KDevelopSourceCodeAccess
LogPluginManager: Mounting plugin NullSourceCodeAccess
LogPluginManager: Mounting plugin PerforceSourceControl
LogPluginManager: Mounting plugin SubversionSourceControl
LogPluginManager: Mounting plugin UObjectPlugin
LogPluginManager: Mounting plugin VisualStudioCodeSourceCodeAccess
LogPluginManager: Mounting plugin VisualStudioSourceCodeAccess
LogPluginManager: Mounting plugin XCodeSourceCodeAccess
LogPluginManager: Mounting plugin AssetManagerEditor
LogPluginManager: Mounting plugin CryptoKeys
LogPluginManager: Mounting plugin DataValidation
LogPluginManager: Mounting plugin FacialAnimation
LogPluginManager: Mounting plugin GameplayTagsEditor
LogPluginManager: Mounting plugin MacGraphicsSwitching
LogPluginManager: Mounting plugin MeshEditor
LogPluginManager: Mounting plugin MobileLauncherProfileWizard
LogPluginManager: Mounting plugin PluginBrowser
LogPluginManager: Mounting plugin SpeedTreeImporter
LogPluginManager: Mounting plugin DatasmithContent
LogPluginManager: Mounting plugin AlembicImporter
LogPluginManager: Mounting plugin AppleImageUtils
LogPluginManager: Mounting plugin AppleVision
LogPluginManager: Mounting plugin BackChannel
LogPluginManager: Mounting plugin CharacterAI
LogPluginManager: Mounting plugin GeometryCache
LogPluginManager: Mounting plugin HTML5Networking
LogPluginManager: Mounting plugin ProxyLODPlugin
LogPluginManager: Mounting plugin MagicLeap
LogPluginManager: Mounting plugin MagicLeapEmulator
LogPluginManager: Mounting plugin MagicLeapMedia
LogPluginManager: Mounting plugin AndroidMedia
LogPluginManager: Mounting plugin AvfMedia
LogPluginManager: Mounting plugin ImgMedia
LogPluginManager: Mounting plugin LinearTimecode
LogPluginManager: Mounting plugin MediaCompositing
LogPluginManager: Mounting plugin MediaPlayerEditor
LogPluginManager: Mounting plugin WmfMedia
LogPluginManager: Mounting plugin TcpMessaging
LogPluginManager: Mounting plugin UdpMessaging
LogPluginManager: Mounting plugin ActorSequence
LogPluginManager: Mounting plugin LevelSequenceEditor
LogPluginManager: Mounting plugin MatineeToLevelSequence
LogPluginManager: Mounting plugin NetcodeUnitTest
LogPluginManager: Mounting plugin NUTUnrealEngine4
LogPluginManager: Mounting plugin OnlineSubsystemGooglePlay
LogPluginManager: Mounting plugin OnlineSubsystemIOS
LogPluginManager: Mounting plugin OnlineSubsystem
LogPluginManager: Mounting plugin OnlineSubsystemNull
LogPluginManager: Mounting plugin OnlineSubsystemUtils
LogPluginManager: Mounting plugin LauncherChunkInstaller
LogPluginManager: Mounting plugin AndroidDeviceProfileSelector
LogPluginManager: Mounting plugin AndroidMoviePlayer
LogPluginManager: Mounting plugin AndroidPermission
LogPluginManager: Mounting plugin AppleMoviePlayer
LogPluginManager: Mounting plugin ArchVisCharacter
LogPluginManager: Mounting plugin AudioCapture
LogPluginManager: Mounting plugin CableComponent
LogPluginManager: Mounting plugin CustomMeshComponent
LogPluginManager: Mounting plugin EditableMesh
LogPluginManager: Mounting plugin ExampleDeviceProfileSelector
LogPluginManager: Mounting plugin GoogleCloudMessaging
LogPluginManager: Mounting plugin ImmediatePhysics
LogPluginManager: Mounting plugin IOSDeviceProfileSelector
LogPluginManager: Mounting plugin LinuxDeviceProfileSelector
LogPluginManager: Mounting plugin LocationServicesBPLibrary
LogPluginManager: Mounting plugin MobilePatchingUtils
LogPluginManager: Mounting plugin OculusVR
LogPluginManager: Plugin shader directory ../../../Engine/Plugins/Runtime/Oculus/OculusVR/Shaders found
LogPluginManager: Mapping shader source directory ../../../Engine/Plugins/Runtime/Oculus/OculusVR/Shaders to virtual directory /Plugin/OculusVR
LogPluginManager: Mounting plugin PhysXVehicles
LogPluginManager: Mounting plugin ProceduralMeshComponent
LogPluginManager: Mounting plugin RuntimePhysXCooking
LogPluginManager: Mounting plugin SteamVR
LogPluginManager: Mounting plugin WindowsMoviePlayer
LogStreaming: Display: Took  0.113s to configure plugins.
LogInit: Using libcurl 7.55.1-DEV
LogInit:  - built for x86_64-pc-win32
LogInit:  - supports SSL with OpenSSL/1.0.2h
LogInit:  - supports HTTP deflate (compression) using libz 1.2.8
LogInit:  - other features:
LogInit:      CURL_VERSION_SSL
LogInit:      CURL_VERSION_LIBZ
LogInit:      CURL_VERSION_IPV6
LogInit:      CURL_VERSION_ASYNCHDNS
LogInit:      CURL_VERSION_LARGEFILE
LogInit:      CURL_VERSION_IDN
LogInit:  CurlRequestOptions (configurable via config and command line):
LogInit:  - bVerifyPeer = false  - Libcurl will NOT verify peer certificate
LogInit:  - bUseHttpProxy = false  - Libcurl will NOT use HTTP proxy
LogInit:  - bDontReuseConnections = false  - Libcurl will reuse connections
LogInit:  - CertBundlePath = nullptr  - Libcurl will use whatever was configured at build time.
LogInit:  - MaxHostConnections = 16  - Libcurl will limit the number of connections to a host
LogInit:  - LocalHostAddr = Default
LogInit:  - BufferSize = 65536
LogInit: WinSock: version 1.1 (2.2), MaxSocks=32767, MaxUdp=65467
LogInit: Build: ++UE4+Release-4.20-CL-4369336
LogInit: Engine Version: 4.20.3-4369336+++UE4+Release-4.20
LogInit: Compatible Engine Version: 4.20.0-4212847+++UE4+Release-4.20
LogInit: Net CL: 4212847
LogInit: OS: Windows 10 (), CPU: Intel(R) Core(TM) i7-8700K CPU @ 3.70GHz, GPU: NVIDIA GeForce GTX 950
LogInit: Compiled (64-bit): Sep 17 2018 12:26:19
LogInit: Compiled with Visual C++: 19.13.26129.00
LogInit: Build Configuration: Development
LogInit: Branch Name: ++UE4+Release-4.20
LogInit: Command Line:  -skipcompile
LogInit: Base Directory: D:/Program Files (x86)/UE_4.20/Engine/Binaries/Win64/
LogInit: Installed Engine Build: 1
LogDevObjectVersion: Number of dev versions registered: 20
LogDevObjectVersion:   Dev-Blueprints (B0D832E4-1F89-4F0D-ACCF-7EB736FD4AA2): 10
LogDevObjectVersion:   Dev-Build (E1C64328-A22C-4D53-A36C-8E866417BD8C): 0
LogDevObjectVersion:   Dev-Core (375EC13C-06E4-48FB-B500-84F0262A717E): 2
LogDevObjectVersion:   Dev-Editor (E4B068ED-F494-42E9-A231-DA0B2E46BB41): 24
LogDevObjectVersion:   Dev-Framework (CFFC743F-43B0-4480-9391-14DF171D2073): 34
LogDevObjectVersion:   Dev-Mobile (B02B49B5-BB20-44E9-A304-32B752E40360): 2
LogDevObjectVersion:   Dev-Networking (A4E4105C-59A1-49B5-A7C5-40C4547EDFEE): 0
LogDevObjectVersion:   Dev-Online (39C831C9-5AE6-47DC-9A44-9C173E1C8E7C): 0
LogDevObjectVersion:   Dev-Physics (78F01B33-EBEA-4F98-B9B4-84EACCB95AA2): 0
LogDevObjectVersion:   Dev-Platform (6631380F-2D4D-43E0-8009-CF276956A95A): 0
LogDevObjectVersion:   Dev-Rendering (12F88B9F-8875-4AFC-A67C-D90C383ABD29): 26
LogDevObjectVersion:   Dev-Sequencer (7B5AE74C-D270-4C10-A958-57980B212A5A): 9
LogDevObjectVersion:   Dev-VR (D7296918-1DD6-4BDD-9DE2-64A83CC13884): 2
LogDevObjectVersion:   Dev-LoadTimes (C2A15278-BFE7-4AFE-6C17-90FF531DF755): 1
LogDevObjectVersion:   Private-Geometry (6EACA3D4-40EC-4CC1-B786-8BED09428FC5): 3
LogDevObjectVersion:   Dev-AnimPhys (29E575DD-E0A3-4627-9D10-D276232CDCEA): 17
LogDevObjectVersion:   Dev-ReflectionCapture (6B266CEC-1EC7-4B8F-A30B-E4D90942FC07): 1
LogDevObjectVersion:   Dev-Automation (0DF73D61-A23F-47EA-B727-89E90C41499A): 1
LogDevObjectVersion:   FortniteMain (601D1886-AC64-4F84-AA16-D3DE0DEAC7D6): 12
LogDevObjectVersion:   Dev-Enterprise (9DFFBCD6-494F-0158-E221-12823C92A888): 1
LogStreaming: Display: Took  0.002s to delete old logs.
LogInit: Presizing for max 8388607 objects, including 0 objects not considered by GC, pre-allocating 0 bytes for permanent pool.
LogInit: Object subsystem initialized
[2019.01.02-21.45.26:104][  0]LogInit: Selected Device Profile: [Windows]
[2019.01.02-21.45.26:104][  0]LogInit: Applying CVar settings loaded from the selected device profile: [Windows]
[2019.01.02-21.45.26:115][  0]LogHAL: Display: Platform has ~ 16 GB [17132584960 / 17179869184 / 16], which maps to Larger [LargestMinGB=32, LargerMinGB=12, DefaultMinGB=8, SmallerMinGB=6, SmallestMinGB=0)
[2019.01.02-21.45.26:115][  0]LogInit: Setting Device Profile CVar: [[r.Vulkan.UseRealUBs:1]]
[2019.01.02-21.45.26:115][  0]LogInit: Going up to parent DeviceProfile []
[2019.01.02-21.45.26:116][  0]LogInit: Computer: DESKTOP-D8L6EI8
[2019.01.02-21.45.26:116][  0]LogInit: User: h017026h
[2019.01.02-21.45.26:116][  0]LogInit: CPU Page size=4096, Cores=6
[2019.01.02-21.45.26:116][  0]LogInit: High frequency timer resolution =3.609376 MHz
[2019.01.02-21.45.26:117][  0]LogMemory: Memory total: Physical=16.0GB (16GB approx)
[2019.01.02-21.45.26:117][  0]LogMemory: Platform Memory Stats for Windows
[2019.01.02-21.45.26:117][  0]LogMemory: Process Physical Memory: 103.39 MB used, 103.39 MB peak
[2019.01.02-21.45.26:117][  0]LogMemory: Process Virtual Memory: 97.75 MB used, 97.75 MB peak
[2019.01.02-21.45.26:117][  0]LogMemory: Physical Memory: 7333.51 MB used,  9005.39 MB free, 16338.91 MB total
[2019.01.02-21.45.26:117][  0]LogMemory: Virtual Memory: 4664.66 MB used,  9005.39 MB free, 134217728.00 MB total
[2019.01.02-21.45.26:223][  0]LogInit: Using OS detected language (en-GB).
[2019.01.02-21.45.26:223][  0]LogInit: Using OS detected locale (en-GB).
[2019.01.02-21.45.26:224][  0]LogTextLocalizationManager: No specific localization for 'en-GB' exists, so the 'en' localization will be used.
[2019.01.02-21.45.26:523][  0]LogStreaming: Display: Took  0.300s to InitEngineTextLocalization.
[2019.01.02-21.45.26:523][  0]LogInit: Setting process to per monitor DPI aware
[2019.01.02-21.45.26:570][  0]LogSlate: New Slate User Created.  User Index 0, Is Virtual User: 0
[2019.01.02-21.45.26:570][  0]LogSlate: Slate User Registered.  User Index 0, Is Virtual User: 0
[2019.01.02-21.45.26:796][  0]LogHMD: Failed to initialize OpenVR with code 110
[2019.01.02-21.45.26:797][  0]LogD3D11RHI: D3D11 adapters:
[2019.01.02-21.45.26:873][  0]LogD3D11RHI:    0. 'NVIDIA GeForce GTX 950' (Feature Level 11_0)
[2019.01.02-21.45.26:873][  0]LogD3D11RHI:       2007/0/8169 MB DedicatedVideo/DedicatedSystem/SharedSystem, Outputs:1, VendorId:0x10de
[2019.01.02-21.45.26:877][  0]LogD3D11RHI:    1. 'Microsoft Basic Render Driver' (Feature Level 11_0)
[2019.01.02-21.45.26:877][  0]LogD3D11RHI:       0/0/8169 MB DedicatedVideo/DedicatedSystem/SharedSystem, Outputs:0, VendorId:0x1414
[2019.01.02-21.45.26:877][  0]LogD3D11RHI: Chosen D3D11 Adapter: 0
[2019.01.02-21.45.26:883][  0]LogD3D11RHI: Creating new Direct3DDevice
[2019.01.02-21.45.26:884][  0]LogD3D11RHI:     GPU DeviceId: 0x1402 (for the marketing name, search the web for "GPU Device Id")
[2019.01.02-21.45.26:884][  0]LogWindows: EnumDisplayDevices:
[2019.01.02-21.45.26:884][  0]LogWindows:    0. 'NVIDIA GeForce GTX 950' (P:1 D:1)
[2019.01.02-21.45.26:884][  0]LogWindows:    1. 'NVIDIA GeForce GTX 950' (P:0 D:0)
[2019.01.02-21.45.26:884][  0]LogWindows:    2. 'NVIDIA GeForce GTX 950' (P:0 D:0)
[2019.01.02-21.45.26:885][  0]LogWindows:    3. 'NVIDIA GeForce GTX 950' (P:0 D:0)
[2019.01.02-21.45.26:885][  0]LogWindows: DebugString: FoundDriverCount:4 
[2019.01.02-21.45.26:885][  0]LogD3D11RHI:     Adapter Name: NVIDIA GeForce GTX 950
[2019.01.02-21.45.26:885][  0]LogD3D11RHI:   Driver Version: 399.07 (internal:24.21.13.9907, unified:399.07)
[2019.01.02-21.45.26:885][  0]LogD3D11RHI:      Driver Date: 8-21-2018
[2019.01.02-21.45.26:885][  0]LogRHI: Texture pool is 1405 MB (70% of 2007 MB)
[2019.01.02-21.45.26:921][  0]LogD3D11RHI: Async texture creation enabled
[2019.01.02-21.45.26:952][  0]LogD3D11RHI: GPU Timing Frequency: 1000.000000 (Debug: 2 2)
[2019.01.02-21.45.27:001][  0]LogShaderCompilers: Guid format shader working directory is -28 characters bigger than the processId version (../../../../../Users/h017026h/Documents/GitKraken/TGPPairProject/PairProject/Intermediate/Shaders/WorkingDirectory/17688/).
[2019.01.02-21.45.27:001][  0]LogShaderCompilers: Cleaned the shader compiler working directory 'C:/Users/h017026h/AppData/Local/Temp/UnrealShaderWorkingDir/CE0BE6AD4918F17DADAD189918D7D22C/'.
[2019.01.02-21.45.27:218][  0]LogTemp: Display: Loaded TP AllDesktopTargetPlatform
[2019.01.02-21.45.27:230][  0]LogTemp: Display: Loaded TP MacClientTargetPlatform
[2019.01.02-21.45.27:243][  0]LogTemp: Display: Loaded TP MacNoEditorTargetPlatform
[2019.01.02-21.45.27:255][  0]LogTemp: Display: Loaded TP MacServerTargetPlatform
[2019.01.02-21.45.27:268][  0]LogTemp: Display: Loaded TP MacTargetPlatform
[2019.01.02-21.45.27:281][  0]LogTemp: Display: Loaded TP WindowsClientTargetPlatform
[2019.01.02-21.45.27:294][  0]LogTemp: Display: Loaded TP WindowsNoEditorTargetPlatform
[2019.01.02-21.45.27:306][  0]LogTemp: Display: Loaded TP WindowsServerTargetPlatform
[2019.01.02-21.45.27:313][  0]LogTemp: Display: Loaded TP WindowsTargetPlatform
[2019.01.02-21.45.27:379][  0]LogTemp: Display: Loaded TP AndroidTargetPlatform
[2019.01.02-21.45.27:379][  0]LogTemp: Display: Loaded TP AndroidTargetPlatform
[2019.01.02-21.45.27:379][  0]LogTemp: Display: Loaded TP AndroidTargetPlatform
[2019.01.02-21.45.27:379][  0]LogTemp: Display: Loaded TP AndroidTargetPlatform
[2019.01.02-21.45.27:379][  0]LogTemp: Display: Loaded TP AndroidTargetPlatform
[2019.01.02-21.45.27:379][  0]LogTemp: Display: Loaded TP AndroidTargetPlatform
[2019.01.02-21.45.27:379][  0]LogTemp: Display: Loaded TP AndroidTargetPlatform
[2019.01.02-21.45.27:379][  0]LogTemp: Display: Loaded TP AndroidTargetPlatform
[2019.01.02-21.45.27:379][  0]LogTemp: Display: Loaded TP AndroidTargetPlatform
[2019.01.02-21.45.27:379][  0]LogTemp: Display: Loaded TP AndroidTargetPlatform
[2019.01.02-21.45.27:380][  0]LogTemp: Display: Loaded TP AndroidTargetPlatform
[2019.01.02-21.45.27:380][  0]LogTemp: Display: Loaded TP AndroidTargetPlatform
[2019.01.02-21.45.27:380][  0]LogTemp: Display: Loaded TP AndroidTargetPlatform
[2019.01.02-21.45.27:380][  0]LogTemp: Display: Loaded TP AndroidTargetPlatform
[2019.01.02-21.45.27:380][  0]LogTemp: Display: Loaded TP AndroidTargetPlatform
[2019.01.02-21.45.27:380][  0]LogTemp: Display: Loaded TP AndroidTargetPlatform
[2019.01.02-21.45.27:380][  0]LogTemp: Display: Loaded TP AndroidTargetPlatform
[2019.01.02-21.45.27:380][  0]LogTemp: Display: Loaded TP AndroidTargetPlatform
[2019.01.02-21.45.27:383][  0]LogTemp: Display: Loaded TP HTML5TargetPlatform
[2019.01.02-21.45.27:451][  0]LogTemp: Display: Loaded TP IOSTargetPlatform
[2019.01.02-21.45.27:451][  0]LogTemp: Display: Loaded TP IOSTargetPlatform
[2019.01.02-21.45.27:477][  0]LogTemp: Display: Loaded TP TVOSTargetPlatform
[2019.01.02-21.45.27:477][  0]LogTemp: Display: Loaded TP TVOSTargetPlatform
[2019.01.02-21.45.27:490][  0]LogTemp: Display: Loaded TP LinuxClientTargetPlatform
[2019.01.02-21.45.27:507][  0]LogTemp: Display: Loaded TP LinuxNoEditorTargetPlatform
[2019.01.02-21.45.27:526][  0]LogTemp: Display: Loaded TP LinuxServerTargetPlatform
[2019.01.02-21.45.27:545][  0]LogTemp: Display: Loaded TP LinuxTargetPlatform
[2019.01.02-21.45.27:554][  0]LogTemp: Display: Loaded TP LuminTargetPlatform
[2019.01.02-21.45.27:554][  0]LogTargetPlatformManager: Display: Building Assets For Windows
[2019.01.02-21.45.27:647][  0]LogXGEController: Cleaning working directory: C:/Users/h017026h/AppData/Local/Temp/UnrealXGEWorkingDir/
[2019.01.02-21.45.27:647][  0]LogXGEController: Cannot use XGE Controller as Incredibuild is not installed on this machine.
[2019.01.02-21.45.27:648][  0]LogShaderCompilers: Cannot use XGE Shader Compiler as Incredibuild is not installed on this machine.
[2019.01.02-21.45.27:648][  0]LogShaderCompilers: Display: Using Local Shader Compiler.
[2019.01.02-21.45.28:279][  0]LogDerivedDataCache: Display: Max Cache Size: 512 MB
[2019.01.02-21.45.28:331][  0]LogDerivedDataCache: Loaded boot cache 0.05s 71MB C:/Users/h017026h/AppData/Local/UnrealEngine/4.20/DerivedDataCache/Boot.ddc.
[2019.01.02-21.45.28:331][  0]LogDerivedDataCache: Display: Loaded Boot cache: C:/Users/h017026h/AppData/Local/UnrealEngine/4.20/DerivedDataCache/Boot.ddc
[2019.01.02-21.45.28:331][  0]LogDerivedDataCache: FDerivedDataBackendGraph:  Pak pak cache file ../../../../../Users/h017026h/Documents/GitKraken/TGPPairProject/PairProject/DerivedDataCache/DDC.ddp not found, will not use a pak cache.
[2019.01.02-21.45.28:331][  0]LogDerivedDataCache: Unable to find inner node Pak for hierarchical cache Hierarchy.
[2019.01.02-21.45.28:331][  0]LogDerivedDataCache: FDerivedDataBackendGraph:  CompressedPak pak cache file ../../../../../Users/h017026h/Documents/GitKraken/TGPPairProject/PairProject/DerivedDataCache/Compressed.ddp not found, will not use a pak cache.
[2019.01.02-21.45.28:331][  0]LogDerivedDataCache: Unable to find inner node CompressedPak for hierarchical cache Hierarchy.
[2019.01.02-21.45.28:341][  0]LogDerivedDataCache: Display: Pak cache opened for reading ../../../Engine/DerivedDataCache/Compressed.ddp.
[2019.01.02-21.45.28:354][  0]LogDerivedDataCache: Using Local data cache path C:/Users/h017026h/AppData/Local/UnrealEngine/Common/DerivedDataCache: Writable
[2019.01.02-21.45.28:354][  0]LogDerivedDataCache: Shared data cache path not found in *engine.ini, will not use an Shared cache.
[2019.01.02-21.45.28:354][  0]LogDerivedDataCache: Unable to find inner node Shared for hierarchical cache Hierarchy.
[2019.01.02-21.45.28:373][  0]LogMaterial: Verifying Global Shaders for PCD3D_SM5
[2019.01.02-21.45.28:374][  0]LogSlate: Using FreeType 2.6.0
[2019.01.02-21.45.28:375][  0]LogSlate: SlateFontServices - WITH_FREETYPE: 1, WITH_HARFBUZZ: 1
[2019.01.02-21.45.28:452][  0]LogAssetRegistry: FAssetRegistry took 0.0298 seconds to start up
[2019.01.02-21.45.28:741][  0]LogInit: Selected Device Profile: [Windows]
[2019.01.02-21.45.28:871][  0]LogSimplygon: Simplygon DLL not present - disabling.
[2019.01.02-21.45.28:876][  0]LogMeshReduction: Using SimplygonSwarm for distributed automatic mesh merging
[2019.01.02-21.45.28:876][  0]LogMeshReduction: Using ProxyLODMeshReduction for automatic mesh merging
[2019.01.02-21.45.28:877][  0]LogMeshReduction: Using QuadricMeshReduction for automatic static mesh reduction
[2019.01.02-21.45.28:877][  0]LogMeshReduction: No automatic skeletal mesh reduction module available
[2019.01.02-21.45.28:887][  0]LogNetVersion: PairProject 1.0.0, NetCL: 4212847, EngineNetVer: 5, GameNetVer: 0 (Checksum: 2248716754)
[2019.01.02-21.45.29:329][  0]LogPackageLocalizationCache: Processed 11 localized package path(s) for 2 prioritized culture(s) in 0.104104 seconds
[2019.01.02-21.45.29:336][  0]LogUObjectArray: 38425 objects as part of root set at end of initial load.
[2019.01.02-21.45.29:336][  0]LogUObjectAllocator: 6690872 out of 0 bytes used by permanent object pool.
[2019.01.02-21.45.29:336][  0]LogUObjectArray: CloseDisregardForGC: 0/0 objects in disregard for GC pool
[2019.01.02-21.45.30:208][  0]LogTcpMessaging: Initializing TcpMessaging bridge
[2019.01.02-21.45.30:223][  0]LogUdpMessaging: Initializing bridge on interface 0.0.0.0:0 to multicast group 230.0.0.1:6666.
[2019.01.02-21.45.30:411][  0]SourceControl: Source control is disabled
[2019.01.02-21.45.30:411][  0]SourceControl: Source control is disabled
[2019.01.02-21.45.30:414][  0]SourceControl: Source control is disabled
[2019.01.02-21.45.30:417][  0]SourceControl: Source control is disabled
[2019.01.02-21.45.30:661][  0]LogAndroidPermission: UAndroidPermissionCallbackProxy::GetInstance
[2019.01.02-21.45.30:763][  0]LogOcInput: OculusInput pre-init called
[2019.01.02-21.45.30:825][  0]LogEngine: Initializing Engine...
[2019.01.02-21.45.30:826][  0]LogHMD: Failed to initialize OpenVR with code 110
[2019.01.02-21.45.30:827][  0]LogStats: UGameplayTagsManager::ConstructGameplayTagTree: ImportINI prefixes -  0.000 s
[2019.01.02-21.45.30:827][  0]LogStats: UGameplayTagsManager::ConstructGameplayTagTree: Construct from data asset -  0.000 s
[2019.01.02-21.45.30:827][  0]LogStats: UGameplayTagsManager::ConstructGameplayTagTree: ImportINI -  0.000 s
[2019.01.02-21.45.30:827][  0]LogStats: UGameplayTagsManager::ConstructGameplayTagTree: GameplayTagTreeChangedEvent.Broadcast -  0.000 s
[2019.01.02-21.45.31:003][  0]LogInit: Initializing FReadOnlyCVARCache
[2019.01.02-21.45.31:017][  0]LogAIModule: Creating AISystem for world Untitled
[2019.01.02-21.45.31:038][  0]LogInit: XAudio2 using 'Headset Earphone (Corsair VOID PRO USB Gaming Headset)' : 6 channels at 48 kHz using 16 bits per sample (channel mask 0x3f)
[2019.01.02-21.45.31:131][  0]LogInit: FAudioDevice initialized.
[2019.01.02-21.45.31:131][  0]LogNetVersion: Set ProjectVersion to 1.0.0.0. Version Checksum will be recalculated on next use.
[2019.01.02-21.45.31:200][  0]LogDerivedDataCache: Saved boot cache 0.07s 71MB C:/Users/h017026h/AppData/Local/UnrealEngine/4.20/DerivedDataCache/Boot.ddc.
[2019.01.02-21.45.31:207][  0]LogInit: Texture streaming: Enabled
[2019.01.02-21.45.31:226][  0]LogEngineSessionManager: EngineSessionManager initialized
[2019.01.02-21.45.31:234][  0]LogInit: Transaction tracking system initialized
[2019.01.02-21.45.31:260][  0]BlueprintLog: New page: Editor Load
[2019.01.02-21.45.31:361][  0]LocalizationService: Localization service is disabled
[2019.01.02-21.45.31:615][  0]LogCook: Display: Max memory allowance for cook 16384mb min free memory 0mb
[2019.01.02-21.45.31:615][  0]LogCook: Display: Mobile HDR setting 1
[2019.01.02-21.45.31:615][  0]LogGameplayTags: Display: UGameplayTagsManager::DoneAddingNativeTags. DelegateIsBound: 0
[2019.01.02-21.45.31:615][  0]LogStats: UGameplayTagsManager::ConstructGameplayTagTree: ImportINI prefixes -  0.000 s
[2019.01.02-21.45.31:615][  0]LogStats: UGameplayTagsManager::ConstructGameplayTagTree: Construct from data asset -  0.000 s
[2019.01.02-21.45.31:615][  0]LogStats: UGameplayTagsManager::ConstructGameplayTagTree: ImportINI -  0.000 s
[2019.01.02-21.45.31:615][  0]LogStats: UGameplayTagsManager::ConstructGameplayTagTree: GameplayTagTreeChangedEvent.Broadcast -  0.000 s
[2019.01.02-21.45.31:766][  0]LogFileCache: Scanning file cache for directory 'D:/Users/h017026h/Documents/GitKraken/TGPPairProject/PairProject/Content/' took 0.02s
[2019.01.02-21.45.31:766][  0]SourceControl: Source control is disabled
[2019.01.02-21.45.31:766][  0]Cmd: MAP LOAD FILE="../../../../../Users/h017026h/Documents/GitKraken/TGPPairProject/PairProject/Content/Scenes/StartScreen.umap" TEMPLATE=0 SHOWPROGRESS=1 FEATURELEVEL=3
[2019.01.02-21.45.31:767][  0]LightingResults: New page: Lighting Build
[2019.01.02-21.45.31:770][  0]MapCheck: New page: Map Check
[2019.01.02-21.45.31:770][  0]LightingResults: New page: Lighting Build
[2019.01.02-21.45.31:864][  0]LogAIModule: Creating AISystem for world StartScreen
[2019.01.02-21.45.31:865][  0]LogEditorServer: Finished looking for orphan Actors (0.000 secs)
[2019.01.02-21.45.31:888][  0]Cmd: MAP CHECKDEP NOCLEARLOG
[2019.01.02-21.45.31:935][  0]MapCheck: Map check complete: 0 Error(s), 0 Warning(s), took 47.436ms to complete.
[2019.01.02-21.45.31:935][  0]LogFileHelpers: Loading map 'StartScreen' took 0.169
[2019.01.02-21.45.32:040][  0]LogSlate: Updating window title bar state: overlay mode, drag disabled, window buttons hidden, title bar hidden
[2019.01.02-21.45.32:047][  0]LogSlate: Updating window title bar state: overlay mode, drag disabled, window buttons hidden, title bar hidden
[2019.01.02-21.45.32:054][  0]LogSlate: Updating window title bar state: overlay mode, drag disabled, window buttons hidden, title bar hidden
[2019.01.02-21.45.32:060][  0]LogSlate: Updating window title bar state: overlay mode, drag disabled, window buttons hidden, title bar hidden
[2019.01.02-21.45.32:066][  0]LogCollectionManager: Loaded 0 collections in 0.001017 seconds
[2019.01.02-21.45.32:112][  0]LogFileCache: Scanning file cache for directory 'D:/Users/h017026h/Documents/GitKraken/TGPPairProject/PairProject/Saved/Collections/' took 0.01s
[2019.01.02-21.45.32:112][  0]LogFileCache: Scanning file cache for directory 'D:/Users/h017026h/Documents/GitKraken/TGPPairProject/PairProject/Content/Developers/h017026h/Collections/' took 0.01s
[2019.01.02-21.45.32:113][  0]LogFileCache: Scanning file cache for directory 'D:/Users/h017026h/Documents/GitKraken/TGPPairProject/PairProject/Content/Collections/' took 0.01s
[2019.01.02-21.45.32:113][  0]LogCollectionManager: Rebuilt the GUID cache for 0 collections in 0.000000 seconds
[2019.01.02-21.45.32:121][  0]LogContentBrowser: Native class hierarchy populated in 0.0079 seconds. Added 2582 classes and 606 folders.
[2019.01.02-21.45.32:127][  0]LogContentBrowser: Native class hierarchy updated for 'WidgetCarousel' in 0.0004 seconds. Added 0 classes and 0 folders.
[2019.01.02-21.45.32:175][  0]LogContentBrowser: Native class hierarchy updated for 'AddContentDialog' in 0.0003 seconds. Added 0 classes and 0 folders.
[2019.01.02-21.45.32:180][  0]LogContentBrowser: Native class hierarchy updated for 'SceneOutliner' in 0.0006 seconds. Added 1 classes and 2 folders.
[2019.01.02-21.45.32:229][  0]LogContentBrowser: Native class hierarchy updated for 'HierarchicalLODOutliner' in 0.0004 seconds. Added 0 classes and 0 folders.
[2019.01.02-21.45.32:229][  0]LogLoad: (Engine Initialization) Total time: 8.13 seconds
[2019.01.02-21.45.32:229][  0]LogLoad: (Engine Initialization) Total Blueprint compile time: 0.00 seconds
[2019.01.02-21.45.32:242][  0]LogWindowsTextInputMethodSystem: Display: IME system now deactivated.
[2019.01.02-21.45.32:261][  0]LogContentStreaming: Texture pool size now 1000 MB
[2019.01.02-21.45.32:263][  0]LogSlate: Took 0.000227 seconds to synchronously load lazily loaded font '../../../Engine/Content/Slate/Fonts/Roboto-Regular.ttf' (155K)
[2019.01.02-21.45.32:265][  0]LogSlate: Took 0.000224 seconds to synchronously load lazily loaded font '../../../Engine/Content/Slate/Fonts/Roboto-Bold.ttf' (160K)
[2019.01.02-21.45.32:268][  0]LogSlate: Took 0.000227 seconds to synchronously load lazily loaded font '../../../Engine/Content/Editor/Slate/Fonts/FontAwesome.ttf' (139K)
[2019.01.02-21.45.32:366][  0]LogRenderer: Reallocating scene render targets to support 752x408 Format 10 NumSamples 1 (Frame:1).
[2019.01.02-21.45.32:405][  0]LogSlate: Took 0.000233 seconds to synchronously load lazily loaded font '../../../Engine/Content/Slate/Fonts/Roboto-Light.ttf' (167K)
[2019.01.02-21.45.32:444][  1]LogAssetRegistry: Asset discovery search completed in 4.0154 seconds
[2019.01.02-21.45.32:445][  1]LogCollectionManager: Rebuilt the object cache for 0 collections in 0.000000 seconds (found 0 objects)
[2019.01.02-21.45.32:445][  1]LogCollectionManager: Fixed up redirectors for 0 collections in 0.000186 seconds (updated 0 objects)
[2019.01.02-21.46.45:488][659]LogSlate: FSceneViewport::OnFocusLost() reason 0
[2019.01.02-21.46.45:602][668]LogRenderer: Reallocating scene render targets to support 1208x480 Format 10 NumSamples 1 (Frame:4).
[2019.01.02-21.46.57:964][589]LogSlate: Took 0.000323 seconds to synchronously load lazily loaded font '../../../Engine/Content/Slate/Fonts/Roboto-Light.ttf' (167K)
[2019.01.02-21.46.57:974][589]LogFactory: FactoryCreateFile: StaticMesh with FbxFactory (0 0 C:/Users/h017026h/3D Objects/Pot/PotBackup.FBX)
[2019.01.02-21.46.57:990][589]LogFbx: Loading FBX Scene from C:/Users/h017026h/3D Objects/Pot/PotBackup.FBX
[2019.01.02-21.46.58:005][589]LogFbx: FBX Scene Loaded Succesfully
[2019.01.02-21.47.01:181][589]LogSlate: Window 'FBX Import Options' being destroyed
[2019.01.02-21.47.01:352][589]LogMaterial: Display: Missing cached shader map for material Color_C07, compiling. 
[2019.01.02-21.47.01:391][589]LogTexture: Display: Building textures: __Light_Sprite1 (AutoDXT, 32X32)
[2019.01.02-21.47.01:396][589]LogShaderCompilers: Display: Shaders left to compile 22
[2019.01.02-21.47.01:396][589]LogShaderCompilers: Display: Shaders left to compile 12
[2019.01.02-21.47.01:396][589]LogShaderCompilers: Display: Shaders left to compile 2
[2019.01.02-21.47.01:398][589]LogTexture: Display: Building textures: __Light_Sprite2 (AutoDXT, 32X32)
[2019.01.02-21.47.01:404][589]LogMaterial: Display: Missing cached shader map for material __Light_Sprite, compiling. 
[2019.01.02-21.47.01:456][589]LogShaderCompilers: Display: Shaders left to compile 31
[2019.01.02-21.47.01:456][589]LogShaderCompilers: Display: Shaders left to compile 21
[2019.01.02-21.47.01:456][589]LogShaderCompilers: Display: Shaders left to compile 11
[2019.01.02-21.47.01:456][589]LogShaderCompilers: Display: Shaders left to compile 1
[2019.01.02-21.47.01:538][589]LogStaticMesh: Building static mesh PotBackup_SketchUp...
[2019.01.02-21.47.01:930][589]LogStaticMesh: Built static mesh [0.39s] /Game/Assets/Models/Pot/Test/PotBackup_SketchUp.PotBackup_SketchUp
[2019.01.02-21.47.01:950][589]LogStaticMesh: Warning: PotBackup_SketchUp has degenerate tangent bases which will result in incorrect shading.  MikkTSpace relies on tangent bases and may result in mesh corruption, consider disabling this option.
[2019.01.02-21.47.01:950][589]LogStaticMesh: Warning: PotBackup_SketchUp has some nearly zero bi-normals which can create some issues. (Tolerance of 1E-4)
[2019.01.02-21.47.01:989][589]LogTexture: Display: Building textures: Translucent_Glass_Safety1 (BGRA8, 150X151)
[2019.01.02-21.47.01:995][589]LogMaterial: Display: Missing cached shader map for material Translucent_Glass_Safety, compiling. 
[2019.01.02-21.47.02:008][589]LogShaderCompilers: Display: Shaders left to compile 22
[2019.01.02-21.47.02:008][589]LogShaderCompilers: Display: Shaders left to compile 12
[2019.01.02-21.47.02:011][589]LogStaticMesh: Building static mesh PotBackup_ID26...
[2019.01.02-21.47.02:030][589]LogStaticMesh: Built static mesh [0.02s] /Game/Assets/Models/Pot/Test/PotBackup_ID26.PotBackup_ID26
[2019.01.02-21.47.02:033][589]LogStaticMesh: Building static mesh PotBackup_ID39...
[2019.01.02-21.47.02:034][589]LogStaticMesh: Built static mesh [0.00s] /Game/Assets/Models/Pot/Test/PotBackup_ID39.PotBackup_ID39
[2019.01.02-21.47.02:045][589]LogStaticMesh: Building static mesh PotBackup_ID45...
[2019.01.02-21.47.02:056][589]LogStaticMesh: Built static mesh [0.01s] /Game/Assets/Models/Pot/Test/PotBackup_ID45.PotBackup_ID45
[2019.01.02-21.47.02:058][589]LogStaticMesh: Building static mesh PotBackup_ID53...
[2019.01.02-21.47.02:059][589]LogStaticMesh: Built static mesh [0.00s] /Game/Assets/Models/Pot/Test/PotBackup_ID53.PotBackup_ID53
[2019.01.02-21.47.02:080][589]FBXImport: Warning: No smoothing group information was found in this FBX scene.  Please make sure to enable the 'Export Smoothing Groups' option in the FBX Exporter plug-in before exporting the file.  Even for tools that don't support smoothing groups, the FBX Exporter will generate appropriate smoothing data at export-time so that correct vertex normals can be inferred while importing. 
[2019.01.02-21.47.02:081][589]FBXImport: Warning: PotBackup_SketchUp has degenerate tangent bases which will result in incorrect shading.  MikkTSpace relies on tangent bases and may result in mesh corruption, consider disabling this option. 
[2019.01.02-21.47.02:081][589]FBXImport: Warning: PotBackup_SketchUp has some nearly zero bi-normals which can create some issues. (Tolerance of 1E-4) 
[2019.01.02-21.47.02:152][594]LogShaderCompilers: Display: Shaders left to compile 2
[2019.01.02-21.47.13:432][458]LogSlate: Window 'Delete Assets' being destroyed
[2019.01.02-21.47.20:735][319]LogDirectoryWatcher: Warning: Failed to begin reading directory changes for ../../../../../Users/h017026h/Documents/GitKraken/TGPPairProject/PairProject/Plugins/. Error: The system cannot find the file specified. (0x00000002)
[2019.01.02-21.47.24:260][735]LogSlate: Window 'Plugins' being destroyed
[2019.01.02-21.47.58:513][436]Cmd: CLOSE_SLATE_MAINFRAME
[2019.01.02-21.47.58:617][436]LogSlate: Window 'PairProject - Unreal Editor' being destroyed
[2019.01.02-21.47.58:618][436]LogWindowsTextInputMethodSystem: Display: IME system now deactivated.
[2019.01.02-21.47.58:790][436]LogDirectoryWatcher: A directory notification for '../../../Engine/Plugins/' was aborted.
[2019.01.02-21.47.58:851][437]Cmd: QUIT_EDITOR
[2019.01.02-21.47.58:880][437]LogExit: Preparing to exit.
[2019.01.02-21.47.59:726][437]LogExit: Editor shut down
[2019.01.02-21.47.59:726][437]LogExit: Transaction tracking system shut down
[2019.01.02-21.48.00:382][437]LogExit: Object subsystem successfully closed.
[2019.01.02-21.48.00:406][437]LogShaderCompilers: Display: Shaders left to compile 0
[2019.01.02-21.48.00:409][437]LogD3D11RHI: Shutdown
[2019.01.02-21.48.00:409][437]LogD3D11RHI: CleanupD3DDevice
[2019.01.02-21.48.00:410][437]LogD3D11RHI: ~FD3D11DynamicRHI
[2019.01.02-21.48.00:417][437]LogModuleManager: Shutting down and abandoning module MeshBuilder (614)
[2019.01.02-21.48.00:417][437]LogModuleManager: Shutting down and abandoning module HierarchicalLODOutliner (612)
[2019.01.02-21.48.00:417][437]LogModuleManager: Shutting down and abandoning module SceneOutliner (610)
[2019.01.02-21.48.00:417][437]LogModuleManager: Shutting down and abandoning module AddContentDialog (608)
[2019.01.02-21.48.00:419][437]LogModuleManager: Shutting down and abandoning module WidgetCarousel (607)
[2019.01.02-21.48.00:419][437]LogModuleManager: Shutting down and abandoning module EditorWidgets (604)
[2019.01.02-21.48.00:419][437]LogModuleManager: Shutting down and abandoning module CollectionManager (602)
[2019.01.02-21.48.00:420][437]LogModuleManager: Shutting down and abandoning module StatsViewer (600)
[2019.01.02-21.48.00:420][437]LogModuleManager: Shutting down and abandoning module FoliageEdit (598)
[2019.01.02-21.48.00:420][437]LogModuleManager: Shutting down and abandoning module LandscapeEditor (596)
[2019.01.02-21.48.00:420][437]LogModuleManager: Shutting down and abandoning module MeshPaintMode (594)
[2019.01.02-21.48.00:420][437]LogModuleManager: Shutting down and abandoning module SceneDepthPickerMode (592)
[2019.01.02-21.48.00:420][437]LogModuleManager: Shutting down and abandoning module ActorPickerMode (590)
[2019.01.02-21.48.00:420][437]LogModuleManager: Shutting down and abandoning module GeometryMode (588)
[2019.01.02-21.48.00:420][437]LogModuleManager: Shutting down and abandoning module TextureAlignMode (586)
[2019.01.02-21.48.00:420][437]LogModuleManager: Shutting down and abandoning module BspMode (584)
[2019.01.02-21.48.00:421][437]LogModuleManager: Shutting down and abandoning module PIEPreviewDeviceProfileSelector (582)
[2019.01.02-21.48.00:421][437]LogModuleManager: Shutting down and abandoning module SequenceRecorderSections (580)
[2019.01.02-21.48.00:421][437]LogModuleManager: Shutting down and abandoning module AutomationWorker (578)
[2019.01.02-21.48.00:421][437]LogModuleManager: Shutting down and abandoning module AudioCaptureEditor (576)
[2019.01.02-21.48.00:421][437]LogModuleManager: Shutting down and abandoning module SequenceRecorder (575)
[2019.01.02-21.48.00:421][437]LogModuleManager: Shutting down and abandoning module MatineeToLevelSequence (572)
[2019.01.02-21.48.00:421][437]LogModuleManager: Shutting down and abandoning module LevelSequenceEditor (570)
[2019.01.02-21.48.00:421][437]LogModuleManager: Shutting down and abandoning module PlacementMode (569)
[2019.01.02-21.48.00:421][437]LogModuleManager: Shutting down and abandoning module MaterialEditor (568)
[2019.01.02-21.48.00:421][437]LogModuleManager: Shutting down and abandoning module WmfMediaFactory (564)
[2019.01.02-21.48.00:422][437]LogModuleManager: Shutting down and abandoning module WmfMediaEditor (562)
[2019.01.02-21.48.00:422][437]LogModuleManager: Shutting down and abandoning module MediaPlayerEditor (560)
[2019.01.02-21.48.00:422][437]LogModuleManager: Shutting down and abandoning module OpenExrWrapper (558)
[2019.01.02-21.48.00:422][437]LogModuleManager: Shutting down and abandoning module ImgMediaFactory (556)
[2019.01.02-21.48.00:422][437]LogModuleManager: Shutting down and abandoning module ImgMediaEditor (554)
[2019.01.02-21.48.00:422][437]LogModuleManager: Shutting down and abandoning module AvfMediaFactory (552)
[2019.01.02-21.48.00:422][437]LogModuleManager: Shutting down and abandoning module AvfMediaEditor (550)
[2019.01.02-21.48.00:422][437]LogModuleManager: Shutting down and abandoning module AndroidMediaFactory (548)
[2019.01.02-21.48.00:422][437]LogModuleManager: Shutting down and abandoning module AndroidMediaEditor (546)
[2019.01.02-21.48.00:422][437]LogModuleManager: Shutting down and abandoning module MagicLeapCameraPreviewFactory (544)
[2019.01.02-21.48.00:422][437]LogModuleManager: Shutting down and abandoning module MagicLeapMediaFactory (542)
[2019.01.02-21.48.00:423][437]LogModuleManager: Shutting down and abandoning module MagicLeapMediaEditor (540)
[2019.01.02-21.48.00:423][437]LogModuleManager: Shutting down and abandoning module CharacterAI (538)
[2019.01.02-21.48.00:423][437]LogModuleManager: Shutting down and abandoning module SmartSnapping (536)
[2019.01.02-21.48.00:423][437]LogModuleManager: Shutting down and abandoning module SessionServices (534)
[2019.01.02-21.48.00:423][437]LogModuleManager: Shutting down and abandoning module ViewportSnapping (532)
[2019.01.02-21.48.00:423][437]LogModuleManager: Shutting down and abandoning module ViewportInteraction (530)
[2019.01.02-21.48.00:423][437]LogModuleManager: Shutting down and abandoning module ClothPainter (528)
[2019.01.02-21.48.00:423][437]LogModuleManager: Shutting down and abandoning module SkeletalMeshEditor (527)
[2019.01.02-21.48.00:423][437]LogModuleManager: Shutting down and abandoning module LogVisualizer (524)
[2019.01.02-21.48.00:423][437]LogModuleManager: Shutting down and abandoning module IntroTutorials (522)
[2019.01.02-21.48.00:424][437]LogModuleManager: Shutting down and abandoning module GameProjectGeneration (521)
[2019.01.02-21.48.00:424][437]LogModuleManager: Shutting down and abandoning module LuminPlatformEditor (518)
[2019.01.02-21.48.00:424][437]LogModuleManager: Shutting down and abandoning module IOSPlatformEditor (516)
[2019.01.02-21.48.00:424][437]LogModuleManager: Shutting down and abandoning module HTML5PlatformEditor (514)
[2019.01.02-21.48.00:424][437]LogModuleManager: Shutting down and abandoning module AndroidPlatformEditor (512)
[2019.01.02-21.48.00:424][437]LogModuleManager: Shutting down and abandoning module AndroidDeviceDetection (511)
[2019.01.02-21.48.00:694][437]LogModuleManager: Shutting down and abandoning module WindowsPlatformEditor (508)
[2019.01.02-21.48.00:694][437]LogModuleManager: Shutting down and abandoning module LuminRuntimeSettings (506)
[2019.01.02-21.48.00:694][437]LogModuleManager: Shutting down and abandoning module IOSRuntimeSettings (504)
[2019.01.02-21.48.00:694][437]LogModuleManager: Shutting down and abandoning module AndroidRuntimeSettings (502)
[2019.01.02-21.48.00:694][437]LogModuleManager: Shutting down and abandoning module InputBindingEditor (500)
[2019.01.02-21.48.00:695][437]LogModuleManager: Shutting down and abandoning module MergeActors (498)
[2019.01.02-21.48.00:695][437]LogModuleManager: Shutting down and abandoning module LocalizationDashboard (496)
[2019.01.02-21.48.00:695][437]LogModuleManager: Shutting down and abandoning module LocalizationService (495)
[2019.01.02-21.48.00:695][437]LogModuleManager: Shutting down and abandoning module HardwareTargeting (492)
[2019.01.02-21.48.00:695][437]LogModuleManager: Shutting down and abandoning module DeviceProfileEditor (490)
[2019.01.02-21.48.00:695][437]LogModuleManager: Shutting down and abandoning module UndoHistory (488)
[2019.01.02-21.48.00:695][437]LogModuleManager: Shutting down and abandoning module XmlParser (486)
[2019.01.02-21.48.00:695][437]LogModuleManager: Shutting down and abandoning module Blutility (484)
[2019.01.02-21.48.00:695][437]LogModuleManager: Shutting down and abandoning module ProjectSettingsViewer (482)
[2019.01.02-21.48.00:696][437]LogModuleManager: Shutting down and abandoning module ProjectTargetPlatformEditor (481)
[2019.01.02-21.48.00:696][437]LogModuleManager: Shutting down and abandoning module EditorSettingsViewer (478)
[2019.01.02-21.48.00:696][437]LogModuleManager: Shutting down and abandoning module SettingsEditor (476)
[2019.01.02-21.48.00:696][437]LogModuleManager: Shutting down and abandoning module ProjectLauncher (474)
[2019.01.02-21.48.00:696][437]LogModuleManager: Shutting down and abandoning module SessionFrontend (472)
[2019.01.02-21.48.00:696][437]LogModuleManager: Shutting down and abandoning module ProfilerClient (470)
[2019.01.02-21.48.00:696][437]LogModuleManager: Shutting down and abandoning module DeviceManager (468)
[2019.01.02-21.48.00:696][437]LogModuleManager: Shutting down and abandoning module TargetDeviceServices (467)
[2019.01.02-21.48.00:752][437]LogModuleManager: Shutting down and abandoning module AutomationController (464)
[2019.01.02-21.48.00:752][437]LogModuleManager: Shutting down and abandoning module AutomationWindow (462)
[2019.01.02-21.48.00:752][437]LogModuleManager: Shutting down and abandoning module Layers (460)
[2019.01.02-21.48.00:752][437]LogModuleManager: Shutting down and abandoning module ComponentVisualizers (458)
[2019.01.02-21.48.00:752][437]LogModuleManager: Shutting down and abandoning module DetailCustomizations (456)
[2019.01.02-21.48.00:752][437]LogModuleManager: Shutting down and abandoning module PackagesDialog (454)
[2019.01.02-21.48.00:752][437]LogModuleManager: Shutting down and abandoning module Persona (452)
[2019.01.02-21.48.00:753][437]LogModuleManager: Shutting down and abandoning module AdvancedPreviewScene (451)
[2019.01.02-21.48.00:753][437]LogModuleManager: Shutting down and abandoning module AnimGraph (449)
[2019.01.02-21.48.00:753][437]LogModuleManager: Shutting down and abandoning module Kismet (446)
[2019.01.02-21.48.00:753][437]LogModuleManager: Shutting down and abandoning module GraphEditor (444)
[2019.01.02-21.48.00:753][437]LogModuleManager: Shutting down and abandoning module ClassViewer (442)
[2019.01.02-21.48.00:753][437]LogModuleManager: Shutting down and abandoning module Toolbox (440)
[2019.01.02-21.48.00:753][437]LogModuleManager: Shutting down and abandoning module DesktopPlatform (439)
[2019.01.02-21.48.00:753][437]LogModuleManager: Shutting down and abandoning module ModuleUI (436)
[2019.01.02-21.48.00:753][437]LogModuleManager: Shutting down and abandoning module MovieSceneTools (434)
[2019.01.02-21.48.00:754][437]LogModuleManager: Shutting down and abandoning module OutputLog (432)
[2019.01.02-21.48.00:754][437]LogModuleManager: Shutting down and abandoning module GammaUI (430)
[2019.01.02-21.48.00:754][437]LogModuleManager: Shutting down and abandoning module Documentation (428)
[2019.01.02-21.48.00:754][437]LogModuleManager: Shutting down and abandoning module MovieSceneTracks (426)
[2019.01.02-21.48.00:754][437]LogModuleManager: Shutting down and abandoning module MovieScene (424)
[2019.01.02-21.48.00:754][437]LogModuleManager: Shutting down and abandoning module StreamingPauseRendering (422)
[2019.01.02-21.48.00:754][437]LogModuleManager: Shutting down and abandoning module LauncherPlatform (420)
[2019.01.02-21.48.00:754][437]LogModuleManager: Shutting down and abandoning module AnalyticsET (418)
[2019.01.02-21.48.00:754][437]LogModuleManager: Shutting down and abandoning module PortalServices (416)
[2019.01.02-21.48.00:754][437]LogModuleManager: Shutting down and abandoning module PortalRpc (414)
[2019.01.02-21.48.00:754][437]LogModuleManager: Shutting down and abandoning module MessagingRpc (412)
[2019.01.02-21.48.00:754][437]LogModuleManager: Shutting down and abandoning module AIModule (410)
[2019.01.02-21.48.00:754][437]LogModuleManager: Shutting down and abandoning module GameplayDebugger (409)
[2019.01.02-21.48.00:755][437]LogModuleManager: Shutting down and abandoning module AITestSuite (407)
[2019.01.02-21.48.00:755][437]LogModuleManager: Shutting down and abandoning module NavigationSystem (405)
[2019.01.02-21.48.00:755][437]LogModuleManager: Shutting down and abandoning module ProfilerService (402)
[2019.01.02-21.48.00:825][437]LogModuleManager: Shutting down and abandoning module TaskGraph (400)
[2019.01.02-21.48.00:825][437]LogModuleManager: Shutting down and abandoning module SteamVRController (398)
[2019.01.02-21.48.00:825][437]LogModuleManager: Shutting down and abandoning module ProceduralMeshComponentEditor (396)
[2019.01.02-21.48.00:825][437]LogModuleManager: Shutting down and abandoning module ProceduralMeshComponent (394)
[2019.01.02-21.48.00:826][437]LogModuleManager: Shutting down and abandoning module OculusInput (392)
[2019.01.02-21.48.00:826][437]LogModuleManager: Shutting down and abandoning module MobilePatchingUtils (390)
[2019.01.02-21.48.00:826][437]LogModuleManager: Shutting down and abandoning module EditableMesh (388)
[2019.01.02-21.48.00:826][437]LogModuleManager: Shutting down and abandoning module CustomMeshComponent (386)
[2019.01.02-21.48.00:826][437]LogModuleManager: Shutting down and abandoning module CableComponent (384)
[2019.01.02-21.48.00:826][437]LogModuleManager: Shutting down and abandoning module AudioCapture (382)
[2019.01.02-21.48.00:826][437]LogModuleManager: Shutting down and abandoning module ArchVisCharacter (380)
[2019.01.02-21.48.00:826][437]LogModuleManager: Shutting down and abandoning module AndroidPermission (378)
[2019.01.02-21.48.00:826][437]LogModuleManager: Shutting down and abandoning module NUTUnrealEngine4 (376)
[2019.01.02-21.48.00:826][437]LogModuleManager: Shutting down and abandoning module NetcodeUnitTest (374)
[2019.01.02-21.48.00:827][437]LogModuleManager: Shutting down and abandoning module MediaCompositingEditor (372)
[2019.01.02-21.48.00:827][437]LogModuleManager: Shutting down and abandoning module MediaCompositing (370)
[2019.01.02-21.48.00:827][437]LogModuleManager: Shutting down and abandoning module LinearTimecode (368)
[2019.01.02-21.48.00:827][437]LogModuleManager: Shutting down and abandoning module ImgMedia (366)
[2019.01.02-21.48.00:832][437]LogModuleManager: Shutting down and abandoning module HTML5Networking (364)
[2019.01.02-21.48.00:833][437]LogModuleManager: Shutting down and abandoning module GeometryCacheTracks (362)
[2019.01.02-21.48.00:833][437]LogModuleManager: Shutting down and abandoning module GeometryCacheSequencer (360)
[2019.01.02-21.48.00:833][437]LogModuleManager: Shutting down and abandoning module BackChannel (358)
[2019.01.02-21.48.00:833][437]LogModuleManager: Shutting down and abandoning module AppleVision (356)
[2019.01.02-21.48.00:833][437]LogModuleManager: Shutting down and abandoning module AppleImageUtils (354)
[2019.01.02-21.48.00:833][437]LogModuleManager: Shutting down and abandoning module AlembicImporter (352)
[2019.01.02-21.48.00:833][437]LogModuleManager: Shutting down and abandoning module AlembicLibrary (351)
[2019.01.02-21.48.00:833][437]LogModuleManager: Shutting down and abandoning module GeometryCache (350)
[2019.01.02-21.48.00:833][437]LogModuleManager: Shutting down and abandoning module GeometryCacheEd (349)
[2019.01.02-21.48.00:833][437]LogModuleManager: Shutting down and abandoning module DatasmithContentEditor (344)
[2019.01.02-21.48.00:833][437]LogModuleManager: Shutting down and abandoning module DatasmithContent (342)
[2019.01.02-21.48.00:833][437]LogModuleManager: Shutting down and abandoning module SpeedTreeImporter (340)
[2019.01.02-21.48.00:834][437]LogModuleManager: Shutting down and abandoning module PluginBrowser (338)
[2019.01.02-21.48.00:834][437]LogModuleManager: Shutting down and abandoning module MobileLauncherProfileWizard (336)
[2019.01.02-21.48.00:834][437]LogModuleManager: Shutting down and abandoning module PolygonModeling (334)
[2019.01.02-21.48.00:834][437]LogModuleManager: Shutting down and abandoning module MeshEditor (332)
[2019.01.02-21.48.00:834][437]LogModuleManager: Shutting down and abandoning module CryptoKeysOpenSSL (330)
[2019.01.02-21.48.00:834][437]LogModuleManager: Shutting down and abandoning module CryptoKeys (328)
[2019.01.02-21.48.00:834][437]LogModuleManager: Shutting down and abandoning module VisualStudioSourceCodeAccess (326)
[2019.01.02-21.48.00:834][437]LogModuleManager: Shutting down and abandoning module VisualStudioCodeSourceCodeAccess (324)
[2019.01.02-21.48.00:834][437]LogModuleManager: Shutting down and abandoning module UObjectPlugin (322)
[2019.01.02-21.48.00:834][437]LogModuleManager: Shutting down and abandoning module SubversionSourceControl (320)
[2019.01.02-21.48.00:834][437]LogModuleManager: Shutting down and abandoning module PerforceSourceControl (318)
[2019.01.02-21.48.00:834][437]LogModuleManager: Shutting down and abandoning module GitSourceControl (316)
[2019.01.02-21.48.00:834][437]LogModuleManager: Shutting down and abandoning module SourceControl (315)
[2019.01.02-21.48.00:834][437]LogModuleManager: Shutting down and abandoning module CLionSourceCodeAccess (312)
[2019.01.02-21.48.00:835][437]LogModuleManager: Shutting down and abandoning module LightPropagationVolumeEditor (310)
[2019.01.02-21.48.00:835][437]LogModuleManager: Shutting down and abandoning module PaperTiledImporter (308)
[2019.01.02-21.48.00:835][437]LogModuleManager: Shutting down and abandoning module PaperSpriteSheetImporter (306)
[2019.01.02-21.48.00:835][437]LogModuleManager: Shutting down and abandoning module Paper2DEditor (304)
[2019.01.02-21.48.00:835][437]LogModuleManager: Shutting down and abandoning module MeshPaint (303)
[2019.01.02-21.48.00:835][437]LogModuleManager: Shutting down and abandoning module PairProject (300)
[2019.01.02-21.48.00:835][437]LogModuleManager: Shutting down and abandoning module RuntimePhysXCooking (298)
[2019.01.02-21.48.00:835][437]LogModuleManager: Shutting down and abandoning module PhysXVehiclesEditor (296)
[2019.01.02-21.48.00:835][437]LogModuleManager: Shutting down and abandoning module PhysXVehicles (294)
[2019.01.02-21.48.00:835][437]LogModuleManager: Shutting down and abandoning module OculusEditor (292)
[2019.01.02-21.48.00:835][437]LogModuleManager: Shutting down and abandoning module LocationServicesBPLibrary (290)
[2019.01.02-21.48.00:835][437]LogModuleManager: Shutting down and abandoning module ImmediatePhysicsEditor (288)
[2019.01.02-21.48.00:835][437]LogModuleManager: Shutting down and abandoning module ImmediatePhysics (286)
[2019.01.02-21.48.00:835][437]LogModuleManager: Shutting down and abandoning module ActorSequence (284)
[2019.01.02-21.48.00:835][437]LogModuleManager: Shutting down and abandoning module UdpMessaging (282)
[2019.01.02-21.48.00:937][437]LogModuleManager: Shutting down and abandoning module TcpMessaging (280)
[2019.01.02-21.48.01:037][437]LogModuleManager: Shutting down and abandoning module MagicLeapAudio (278)
[2019.01.02-21.48.01:037][437]LogModuleManager: Shutting down and abandoning module GameplayTagsEditor (276)
[2019.01.02-21.48.01:037][437]LogModuleManager: Shutting down and abandoning module FacialAnimationEditor (274)
[2019.01.02-21.48.01:037][437]LogModuleManager: Shutting down and abandoning module FacialAnimation (272)
[2019.01.02-21.48.01:037][437]LogModuleManager: Shutting down and abandoning module DataValidation (270)
[2019.01.02-21.48.01:037][437]LogModuleManager: Shutting down and abandoning module AssetManagerEditor (268)
[2019.01.02-21.48.01:037][437]LogModuleManager: Shutting down and abandoning module LevelEditor (267)
[2019.01.02-21.48.01:038][437]LogModuleManager: Shutting down and abandoning module PixelInspectorModule (266)
[2019.01.02-21.48.01:038][437]LogModuleManager: Shutting down and abandoning module CommonMenuExtensions (264)
[2019.01.02-21.48.01:038][437]LogModuleManager: Shutting down and abandoning module MainFrame (262)
[2019.01.02-21.48.01:038][437]LogModuleManager: Shutting down and abandoning module HotReload (261)
[2019.01.02-21.48.01:039][437]LogModuleManager: Shutting down and abandoning module ContentBrowser (257)
[2019.01.02-21.48.01:039][437]LogModuleManager: Shutting down and abandoning module TreeMap (255)
[2019.01.02-21.48.01:039][437]LogModuleManager: Shutting down and abandoning module LightPropagationVolumeRuntime (252)
[2019.01.02-21.48.01:040][437]LogModuleManager: Shutting down and abandoning module AISupportModule (250)
[2019.01.02-21.48.01:040][437]LogModuleManager: Shutting down and abandoning module Paper2D (248)
[2019.01.02-21.48.01:040][437]LogModuleManager: Shutting down and abandoning module WindowsMoviePlayer (246)
[2019.01.02-21.48.01:040][437]LogModuleManager: Shutting down and abandoning module WmfMedia (244)
[2019.01.02-21.48.01:049][437]LogModuleManager: Shutting down and abandoning module Media (243)
[2019.01.02-21.48.01:057][437]LogModuleManager: Shutting down and abandoning module PacketHandler (240)
[2019.01.02-21.48.01:057][437]LogModuleManager: Shutting down and abandoning module ClothingSystemEditor (238)
[2019.01.02-21.48.01:057][437]LogModuleManager: Shutting down and abandoning module ClothingSystemRuntime (236)
[2019.01.02-21.48.01:057][437]LogModuleManager: Shutting down and abandoning module MediaAssets (234)
[2019.01.02-21.48.01:057][437]LogModuleManager: Shutting down and abandoning module Overlay (232)
[2019.01.02-21.48.01:057][437]LogModuleManager: Shutting down and abandoning module OverlayEditor (231)
[2019.01.02-21.48.01:057][437]LogModuleManager: Shutting down and abandoning module VREditor (228)
[2019.01.02-21.48.01:057][437]LogModuleManager: Shutting down and abandoning module StringTableEditor (226)
[2019.01.02-21.48.01:057][437]LogModuleManager: Shutting down and abandoning module GameplayTasksEditor (224)
[2019.01.02-21.48.01:058][437]LogModuleManager: Shutting down and abandoning module BehaviorTreeEditor (222)
[2019.01.02-21.48.01:058][437]LogModuleManager: Shutting down and abandoning module FunctionalTesting (220)
[2019.01.02-21.48.01:058][437]LogModuleManager: Shutting down and abandoning module CollisionAnalyzer (218)
[2019.01.02-21.48.01:058][437]LogModuleManager: Shutting down and abandoning module WorkspaceMenuStructure (217)
[2019.01.02-21.48.01:058][437]LogModuleManager: Shutting down and abandoning module UMG (214)
[2019.01.02-21.48.01:058][437]LogModuleManager: Shutting down and abandoning module UMGEditor (213)
[2019.01.02-21.48.01:058][437]LogModuleManager: Shutting down and abandoning module Sequencer (212)
[2019.01.02-21.48.01:058][437]LogModuleManager: Shutting down and abandoning module MessageLog (209)
[2019.01.02-21.48.01:058][437]LogModuleManager: Shutting down and abandoning module SlateReflector (204)
[2019.01.02-21.48.01:058][437]LogModuleManager: Shutting down and abandoning module Slate (202)
[2019.01.02-21.48.01:058][437]LogModuleManager: Shutting down and abandoning module EditorStyle (200)
[2019.01.02-21.48.01:060][437]LogModuleManager: Shutting down and abandoning module MRMesh (198)
[2019.01.02-21.48.01:060][437]LogModuleManager: Shutting down and abandoning module SourceCodeAccess (196)
[2019.01.02-21.48.01:060][437]LogModuleManager: Shutting down and abandoning module HeadMountedDisplay (194)
[2019.01.02-21.48.01:060][437]LogModuleManager: Shutting down and abandoning module XAudio2 (192)
[2019.01.02-21.48.01:060][437]LogModuleManager: Shutting down and abandoning module Networking (190)
[2019.01.02-21.48.01:060][437]LogModuleManager: Shutting down and abandoning module Core (188)
[2019.01.02-21.48.01:060][437]LogModuleManager: Shutting down and abandoning module LevelSequence (186)
[2019.01.02-21.48.01:060][437]LogModuleManager: Shutting down and abandoning module KismetCompiler (184)
[2019.01.02-21.48.01:060][437]LogModuleManager: Shutting down and abandoning module MeshUtilities (182)
[2019.01.02-21.48.01:060][437]LogModuleManager: Shutting down and abandoning module MeshMergeUtilities (181)
[2019.01.02-21.48.01:061][437]LogModuleManager: Shutting down and abandoning module MeshReductionInterface (180)
[2019.01.02-21.48.01:061][437]LogModuleManager: Shutting down and abandoning module SimplygonSwarm (179)
[2019.01.02-21.48.01:061][437]LogModuleManager: Shutting down and abandoning module ProxyLODMeshReduction (177)
[2019.01.02-21.48.01:061][437]LogModuleManager: Shutting down and abandoning module SimplygonMeshReduction (175)
[2019.01.02-21.48.01:061][437]LogModuleManager: Shutting down and abandoning module QuadricMeshReduction (173)
[2019.01.02-21.48.01:061][437]LogModuleManager: Shutting down and abandoning module MaterialBaking (169)
[2019.01.02-21.48.01:061][437]LogModuleManager: Shutting down and abandoning module DirectoryWatcher (165)
[2019.01.02-21.48.01:061][437]LogModuleManager: Shutting down and abandoning module DerivedDataCache (162)
[2019.01.02-21.48.01:149][437]LogDerivedDataCache: Shutdown
[2019.01.02-21.48.01:149][437]LogModuleManager: Shutting down and abandoning module XGEController (160)
[2019.01.02-21.48.01:149][437]LogXGEController: Cleaning working directory: C:/Users/h017026h/AppData/Local/Temp/UnrealXGEWorkingDir/
[2019.01.02-21.48.01:149][437]LogModuleManager: Shutting down and abandoning module TargetPlatform (158)
[2019.01.02-21.48.01:149][437]LogModuleManager: Shutting down and abandoning module VulkanShaderFormat (157)
[2019.01.02-21.48.01:150][437]LogModuleManager: Shutting down and abandoning module ShaderFormatVectorVM (155)
[2019.01.02-21.48.01:150][437]LogModuleManager: Shutting down and abandoning module ShaderFormatOpenGL (153)
[2019.01.02-21.48.01:150][437]LogModuleManager: Shutting down and abandoning module ShaderFormatD3D (151)
[2019.01.02-21.48.01:150][437]LogModuleManager: Shutting down and abandoning module MetalShaderFormat (149)
[2019.01.02-21.48.01:150][437]LogModuleManager: Shutting down and abandoning module TextureFormatUncompressed (147)
[2019.01.02-21.48.01:150][437]LogModuleManager: Shutting down and abandoning module TextureFormatPVR (145)
[2019.01.02-21.48.01:150][437]LogModuleManager: Shutting down and abandoning module TextureFormatDXT (143)
[2019.01.02-21.48.01:150][437]LogModuleManager: Shutting down and abandoning module TextureFormatIntelISPCTexComp (141)
[2019.01.02-21.48.01:152][437]LogModuleManager: Shutting down and abandoning module TextureFormatASTC (139)
[2019.01.02-21.48.01:152][437]LogModuleManager: Shutting down and abandoning module ImageWrapper (138)
[2019.01.02-21.48.01:152][437]LogModuleManager: Shutting down and abandoning module TextureFormatAndroid (135)
[2019.01.02-21.48.01:152][437]LogModuleManager: Shutting down and abandoning module AudioFormatOpus (133)
[2019.01.02-21.48.01:152][437]LogModuleManager: Shutting down and abandoning module AudioFormatOgg (131)
[2019.01.02-21.48.01:152][437]LogModuleManager: Shutting down and abandoning module AudioFormatADPCM (129)
[2019.01.02-21.48.01:152][437]LogModuleManager: Shutting down and abandoning module LuminTargetPlatform (127)
[2019.01.02-21.48.01:152][437]LogModuleManager: Shutting down and abandoning module LinuxTargetPlatform (125)
[2019.01.02-21.48.01:152][437]LogModuleManager: Shutting down and abandoning module LinuxServerTargetPlatform (123)
[2019.01.02-21.48.01:152][437]LogModuleManager: Shutting down and abandoning module LinuxNoEditorTargetPlatform (121)
[2019.01.02-21.48.01:152][437]LogModuleManager: Shutting down and abandoning module LinuxClientTargetPlatform (119)
[2019.01.02-21.48.01:153][437]LogModuleManager: Shutting down and abandoning module TVOSTargetPlatform (117)
[2019.01.02-21.48.01:153][437]LogModuleManager: Shutting down and abandoning module Messaging (115)
[2019.01.02-21.48.01:154][437]LogModuleManager: Shutting down and abandoning module IOSTargetPlatform (113)
[2019.01.02-21.48.01:154][437]LogModuleManager: Shutting down and abandoning module HTML5TargetPlatform (111)
[2019.01.02-21.48.01:154][437]LogModuleManager: Shutting down and abandoning module AndroidTargetPlatform (109)
[2019.01.02-21.48.01:159][437]LogModuleManager: Shutting down and abandoning module WindowsTargetPlatform (107)
[2019.01.02-21.48.01:159][437]LogModuleManager: Shutting down and abandoning module WindowsServerTargetPlatform (105)
[2019.01.02-21.48.01:159][437]LogModuleManager: Shutting down and abandoning module WindowsNoEditorTargetPlatform (103)
[2019.01.02-21.48.01:159][437]LogModuleManager: Shutting down and abandoning module WindowsClientTargetPlatform (101)
[2019.01.02-21.48.01:159][437]LogModuleManager: Shutting down and abandoning module MacTargetPlatform (99)
[2019.01.02-21.48.01:159][437]LogModuleManager: Shutting down and abandoning module MacServerTargetPlatform (97)
[2019.01.02-21.48.01:159][437]LogModuleManager: Shutting down and abandoning module MacNoEditorTargetPlatform (95)
[2019.01.02-21.48.01:159][437]LogModuleManager: Shutting down and abandoning module MacClientTargetPlatform (93)
[2019.01.02-21.48.01:159][437]LogModuleManager: Shutting down and abandoning module AllDesktopTargetPlatform (91)
[2019.01.02-21.48.01:160][437]LogModuleManager: Shutting down and abandoning module InputCore (88)
[2019.01.02-21.48.01:160][437]LogModuleManager: Shutting down and abandoning module Settings (86)
[2019.01.02-21.48.01:160][437]LogModuleManager: Shutting down and abandoning module PhysXCooking (84)
[2019.01.02-21.48.01:160][437]LogModuleManager: Shutting down and abandoning module SteamVR (82)
[2019.01.02-21.48.01:160][437]LogModuleManager: Shutting down and abandoning module OculusHMD (80)
[2019.01.02-21.48.01:160][437]LogModuleManager: Shutting down and abandoning module ExampleDeviceProfileSelector (78)
[2019.01.02-21.48.01:160][437]LogModuleManager: Shutting down and abandoning module LauncherChunkInstaller (76)
[2019.01.02-21.48.01:160][437]LogModuleManager: Shutting down and abandoning module OnlineBlueprintSupport (74)
[2019.01.02-21.48.01:160][437]LogModuleManager: Shutting down and abandoning module OnlineSubsystem (70)
[2019.01.02-21.48.01:162][437]LogModuleManager: Shutting down and abandoning module XMPP (65)
[2019.01.02-21.48.01:162][437]LogModuleManager: Shutting down and abandoning module WebSockets (64)
[2019.01.02-21.48.01:198][437]LogModuleManager: Shutting down and abandoning module HTTP (61)
[2019.01.02-21.48.01:198][437]LogHttp: Display: Http module shutting down, but needs to wait on 1 outstanding Http requests:
[2019.01.02-21.48.01:198][437]LogHttp: Display: 	verb=[POST] url=[https://datarouter.ol.epicgames.com/datarouter/api/v1/public/data?SessionID=%7B327A5F1B-4E14-00B0-6FA6-2ABF4DC83F89%7D&AppID=UEEditor.Rocket.Release&AppVersion=4.20.3-4369336%2B%2B%2BUE4%2BRelease-4.20&UserID=81238f3745259e4ccbe49699fefb750c%7C57acdad4fb0c413ba5aebbf147efe532%7C4262c4f5-6bc8-4dde-bd6b-1806285362b0&AppEnvironment=datacollector-binary&UploadType=eteventstream] status=Processing
[2019.01.02-21.48.01:231][437]LogModuleManager: Shutting down and abandoning module SSL (60)
[2019.01.02-21.48.01:232][437]LogModuleManager: Shutting down and abandoning module MagicLeapEmulator (56)
[2019.01.02-21.48.01:232][437]LogModuleManager: Shutting down and abandoning module MagicLeapPrivileges (54)
[2019.01.02-21.48.01:232][437]LogModuleManager: Shutting down and abandoning module MagicLeapIdentity (52)
[2019.01.02-21.48.01:232][437]LogModuleManager: Shutting down and abandoning module MagicLeapHelperVulkan (50)
[2019.01.02-21.48.01:232][437]LogModuleManager: Shutting down and abandoning module MagicLeapHelperOpenGL (48)
[2019.01.02-21.48.01:232][437]LogModuleManager: Shutting down and abandoning module MagicLeapSecureStorage (46)
[2019.01.02-21.48.01:232][437]LogModuleManager: Shutting down and abandoning module MagicLeapGestures (44)
[2019.01.02-21.48.01:232][437]LogModuleManager: Shutting down and abandoning module MagicLeapEyeTracker (42)
[2019.01.02-21.48.01:232][437]LogModuleManager: Shutting down and abandoning module MagicLeapController (40)
[2019.01.02-21.48.01:232][437]LogSlate: Slate User Destroyed.  User Index 0, Is Virtual User: 0
[2019.01.02-21.48.01:232][437]LogModuleManager: Shutting down and abandoning module MagicLeap (38)
[2019.01.02-21.48.01:232][437]LogModuleManager: Shutting down and abandoning module AnimationModifiers (36)
[2019.01.02-21.48.01:233][437]LogModuleManager: Shutting down and abandoning module PropertyEditor (35)
[2019.01.02-21.48.01:233][437]LogModuleManager: Shutting down and abandoning module AudioEditor (32)
[2019.01.02-21.48.01:233][437]LogModuleManager: Shutting down and abandoning module TextureCompressor (30)
[2019.01.02-21.48.01:233][437]LogModuleManager: Shutting down and abandoning module ShaderCore (28)
[2019.01.02-21.48.01:233][437]LogModuleManager: Shutting down and abandoning module Landscape (26)
[2019.01.02-21.48.01:233][437]LogModuleManager: Shutting down and abandoning module SlateRHIRenderer (24)
[2019.01.02-21.48.01:233][437]LogModuleManager: Shutting down and abandoning module OpenGLDrv (22)
[2019.01.02-21.48.01:233][437]LogModuleManager: Shutting down and abandoning module D3D11RHI (20)
[2019.01.02-21.48.01:233][437]LogModuleManager: Shutting down and abandoning module AnimGraphRuntime (18)
[2019.01.02-21.48.01:233][437]LogModuleManager: Shutting down and abandoning module Renderer (16)
[2019.01.02-21.48.01:233][437]LogModuleManager: Shutting down and abandoning module Engine (14)
[2019.01.02-21.48.01:233][437]LogModuleManager: Shutting down and abandoning module CoreUObject (12)
[2019.01.02-21.48.01:234][437]LogModuleManager: Shutting down and abandoning module NetworkFile (10)
[2019.01.02-21.48.01:234][437]LogModuleManager: Shutting down and abandoning module CookedIterativeFile (8)
[2019.01.02-21.48.01:234][437]LogModuleManager: Shutting down and abandoning module StreamingFile (6)
[2019.01.02-21.48.01:234][437]LogModuleManager: Shutting down and abandoning module SandboxFile (4)
[2019.01.02-21.48.01:234][437]LogModuleManager: Shutting down and abandoning module PakFile (2)
[2019.01.02-21.48.01:256][437]LogExit: Exiting.
[2019.01.02-21.48.01:280][437]Log file closed, 01/02/19 21:48:01
