Log file open, 01/05/19 19:48:15
LogWindows: Failed to load 'aqProf.dll' (GetLastError=126)
LogWindows: File 'aqProf.dll' does not exist
LogWindows: Failed to load 'VSPerf140.dll' (GetLastError=126)
LogWindows: File 'VSPerf140.dll' does not exist
LogWindows: Failed to load 'VtuneApi.dll' (GetLastError=126)
LogWindows: File 'VtuneApi.dll' does not exist
LogWindows: Failed to load 'VtuneApi32e.dll' (GetLastError=126)
LogWindows: File 'VtuneApi32e.dll' does not exist
LogInit: Display: Running engine for game: PairProject
LogPlatformFile: Not using cached read wrapper
LogTaskGraph: Started task graph with 5 named threads and 35 total threads with 3 sets of task threads.
LogStats: Stats thread started at 0.550815
LogD3D11RHI: Loaded GFSDK_Aftermath_Lib.x64.dll
LogICUInternationalization: Display: ICU TimeZone Detection - Raw Offset: +0:00, Platform Override: ''
LogPluginManager: Mounting plugin Paper2D
LogPluginManager: Mounting plugin AISupport
LogPluginManager: Mounting plugin LightPropagationVolume
LogPluginManager: Mounting plugin CLionSourceCodeAccess
LogPluginManager: Mounting plugin CodeLiteSourceCodeAccess
LogPluginManager: Mounting plugin GitSourceControl
LogPluginManager: Mounting plugin KDevelopSourceCodeAccess
LogPluginManager: Mounting plugin NullSourceCodeAccess
LogPluginManager: Mounting plugin PerforceSourceControl
LogPluginManager: Mounting plugin SubversionSourceControl
LogPluginManager: Mounting plugin UObjectPlugin
LogPluginManager: Mounting plugin VisualStudioCodeSourceCodeAccess
LogPluginManager: Mounting plugin VisualStudioSourceCodeAccess
LogPluginManager: Mounting plugin XCodeSourceCodeAccess
LogPluginManager: Mounting plugin AssetManagerEditor
LogPluginManager: Mounting plugin CryptoKeys
LogPluginManager: Mounting plugin DataValidation
LogPluginManager: Mounting plugin FacialAnimation
LogPluginManager: Mounting plugin GameplayTagsEditor
LogPluginManager: Mounting plugin MacGraphicsSwitching
LogPluginManager: Mounting plugin MeshEditor
LogPluginManager: Mounting plugin MobileLauncherProfileWizard
LogPluginManager: Mounting plugin PluginBrowser
LogPluginManager: Mounting plugin SpeedTreeImporter
LogPluginManager: Mounting plugin DatasmithContent
LogPluginManager: Mounting plugin AlembicImporter
LogPluginManager: Mounting plugin AppleImageUtils
LogPluginManager: Mounting plugin AppleVision
LogPluginManager: Mounting plugin BackChannel
LogPluginManager: Mounting plugin CharacterAI
LogPluginManager: Mounting plugin GeometryCache
LogPluginManager: Mounting plugin HTML5Networking
LogPluginManager: Mounting plugin ProxyLODPlugin
LogPluginManager: Mounting plugin MagicLeap
LogPluginManager: Mounting plugin MagicLeapEmulator
LogPluginManager: Mounting plugin MagicLeapMedia
LogPluginManager: Mounting plugin AndroidMedia
LogPluginManager: Mounting plugin AvfMedia
LogPluginManager: Mounting plugin ImgMedia
LogPluginManager: Mounting plugin LinearTimecode
LogPluginManager: Mounting plugin MediaCompositing
LogPluginManager: Mounting plugin MediaPlayerEditor
LogPluginManager: Mounting plugin WmfMedia
LogPluginManager: Mounting plugin TcpMessaging
LogPluginManager: Mounting plugin UdpMessaging
LogPluginManager: Mounting plugin ActorSequence
LogPluginManager: Mounting plugin LevelSequenceEditor
LogPluginManager: Mounting plugin MatineeToLevelSequence
LogPluginManager: Mounting plugin NetcodeUnitTest
LogPluginManager: Mounting plugin NUTUnrealEngine4
LogPluginManager: Mounting plugin OnlineSubsystemGooglePlay
LogPluginManager: Mounting plugin OnlineSubsystemIOS
LogPluginManager: Mounting plugin OnlineSubsystem
LogPluginManager: Mounting plugin OnlineSubsystemNull
LogPluginManager: Mounting plugin OnlineSubsystemUtils
LogPluginManager: Mounting plugin LauncherChunkInstaller
LogPluginManager: Mounting plugin AndroidDeviceProfileSelector
LogPluginManager: Mounting plugin AndroidMoviePlayer
LogPluginManager: Mounting plugin AndroidPermission
LogPluginManager: Mounting plugin ApexDestruction
LogPluginManager: Mounting plugin AppleMoviePlayer
LogPluginManager: Mounting plugin ArchVisCharacter
LogPluginManager: Mounting plugin AudioCapture
LogPluginManager: Mounting plugin CableComponent
LogPluginManager: Mounting plugin CustomMeshComponent
LogPluginManager: Mounting plugin EditableMesh
LogPluginManager: Mounting plugin ExampleDeviceProfileSelector
LogPluginManager: Mounting plugin GoogleCloudMessaging
LogPluginManager: Mounting plugin ImmediatePhysics
LogPluginManager: Mounting plugin IOSDeviceProfileSelector
LogPluginManager: Mounting plugin LinuxDeviceProfileSelector
LogPluginManager: Mounting plugin LocationServicesBPLibrary
LogPluginManager: Mounting plugin MobilePatchingUtils
LogPluginManager: Mounting plugin OculusVR
LogPluginManager: Plugin shader directory ../../../Engine/Plugins/Runtime/Oculus/OculusVR/Shaders found
LogPluginManager: Mapping shader source directory ../../../Engine/Plugins/Runtime/Oculus/OculusVR/Shaders to virtual directory /Plugin/OculusVR
LogPluginManager: Mounting plugin PhysXVehicles
LogPluginManager: Mounting plugin ProceduralMeshComponent
LogPluginManager: Mounting plugin RuntimePhysXCooking
LogPluginManager: Mounting plugin SteamVR
LogPluginManager: Mounting plugin WindowsMoviePlayer
LogStreaming: Display: Took  0.169s to configure plugins.
LogInit: Using libcurl 7.55.1-DEV
LogInit:  - built for x86_64-pc-win32
LogInit:  - supports SSL with OpenSSL/1.0.2h
LogInit:  - supports HTTP deflate (compression) using libz 1.2.8
LogInit:  - other features:
LogInit:      CURL_VERSION_SSL
LogInit:      CURL_VERSION_LIBZ
LogInit:      CURL_VERSION_IPV6
LogInit:      CURL_VERSION_ASYNCHDNS
LogInit:      CURL_VERSION_LARGEFILE
LogInit:      CURL_VERSION_IDN
LogInit:  CurlRequestOptions (configurable via config and command line):
LogInit:  - bVerifyPeer = false  - Libcurl will NOT verify peer certificate
LogInit:  - bUseHttpProxy = false  - Libcurl will NOT use HTTP proxy
LogInit:  - bDontReuseConnections = false  - Libcurl will reuse connections
LogInit:  - CertBundlePath = nullptr  - Libcurl will use whatever was configured at build time.
LogInit:  - MaxHostConnections = 16  - Libcurl will limit the number of connections to a host
LogInit:  - LocalHostAddr = Default
LogInit:  - BufferSize = 65536
LogInit: WinSock: version 1.1 (2.2), MaxSocks=32767, MaxUdp=65467
LogInit: Build: ++UE4+Release-4.20-CL-4369336
LogInit: Engine Version: 4.20.3-4369336+++UE4+Release-4.20
LogInit: Compatible Engine Version: 4.20.0-4212847+++UE4+Release-4.20
LogInit: Net CL: 4212847
LogInit: OS: Windows 10 (), CPU: Intel(R) Core(TM) i7-8700K CPU @ 3.70GHz, GPU: NVIDIA GeForce GTX 950
LogInit: Compiled (64-bit): Sep 17 2018 12:26:19
LogInit: Compiled with Visual C++: 19.13.26129.00
LogInit: Build Configuration: Development
LogInit: Branch Name: ++UE4+Release-4.20
LogInit: Command Line:  -skipcompile
LogInit: Base Directory: D:/Program Files (x86)/UE_4.20/Engine/Binaries/Win64/
LogInit: Installed Engine Build: 1
LogDevObjectVersion: Number of dev versions registered: 20
LogDevObjectVersion:   Dev-Blueprints (B0D832E4-1F89-4F0D-ACCF-7EB736FD4AA2): 10
LogDevObjectVersion:   Dev-Build (E1C64328-A22C-4D53-A36C-8E866417BD8C): 0
LogDevObjectVersion:   Dev-Core (375EC13C-06E4-48FB-B500-84F0262A717E): 2
LogDevObjectVersion:   Dev-Editor (E4B068ED-F494-42E9-A231-DA0B2E46BB41): 24
LogDevObjectVersion:   Dev-Framework (CFFC743F-43B0-4480-9391-14DF171D2073): 34
LogDevObjectVersion:   Dev-Mobile (B02B49B5-BB20-44E9-A304-32B752E40360): 2
LogDevObjectVersion:   Dev-Networking (A4E4105C-59A1-49B5-A7C5-40C4547EDFEE): 0
LogDevObjectVersion:   Dev-Online (39C831C9-5AE6-47DC-9A44-9C173E1C8E7C): 0
LogDevObjectVersion:   Dev-Physics (78F01B33-EBEA-4F98-B9B4-84EACCB95AA2): 0
LogDevObjectVersion:   Dev-Platform (6631380F-2D4D-43E0-8009-CF276956A95A): 0
LogDevObjectVersion:   Dev-Rendering (12F88B9F-8875-4AFC-A67C-D90C383ABD29): 26
LogDevObjectVersion:   Dev-Sequencer (7B5AE74C-D270-4C10-A958-57980B212A5A): 9
LogDevObjectVersion:   Dev-VR (D7296918-1DD6-4BDD-9DE2-64A83CC13884): 2
LogDevObjectVersion:   Dev-LoadTimes (C2A15278-BFE7-4AFE-6C17-90FF531DF755): 1
LogDevObjectVersion:   Private-Geometry (6EACA3D4-40EC-4CC1-B786-8BED09428FC5): 3
LogDevObjectVersion:   Dev-AnimPhys (29E575DD-E0A3-4627-9D10-D276232CDCEA): 17
LogDevObjectVersion:   Dev-ReflectionCapture (6B266CEC-1EC7-4B8F-A30B-E4D90942FC07): 1
LogDevObjectVersion:   Dev-Automation (0DF73D61-A23F-47EA-B727-89E90C41499A): 1
LogDevObjectVersion:   FortniteMain (601D1886-AC64-4F84-AA16-D3DE0DEAC7D6): 12
LogDevObjectVersion:   Dev-Enterprise (9DFFBCD6-494F-0158-E221-12823C92A888): 1
LogStreaming: Display: Took  0.002s to delete old logs.
LogInit: Presizing for max 8388607 objects, including 0 objects not considered by GC, pre-allocating 0 bytes for permanent pool.
LogInit: Object subsystem initialized
[2019.01.05-19.48.15:722][  0]LogInit: Selected Device Profile: [Windows]
[2019.01.05-19.48.15:723][  0]LogInit: Applying CVar settings loaded from the selected device profile: [Windows]
[2019.01.05-19.48.15:736][  0]LogHAL: Display: Platform has ~ 16 GB [17132584960 / 17179869184 / 16], which maps to Larger [LargestMinGB=32, LargerMinGB=12, DefaultMinGB=8, SmallerMinGB=6, SmallestMinGB=0)
[2019.01.05-19.48.15:736][  0]LogInit: Setting Device Profile CVar: [[r.Vulkan.UseRealUBs:1]]
[2019.01.05-19.48.15:736][  0]LogInit: Going up to parent DeviceProfile []
[2019.01.05-19.48.15:737][  0]LogInit: Computer: DESKTOP-D8L6EI8
[2019.01.05-19.48.15:737][  0]LogInit: User: h017026h
[2019.01.05-19.48.15:737][  0]LogInit: CPU Page size=4096, Cores=6
[2019.01.05-19.48.15:737][  0]LogInit: High frequency timer resolution =3.609380 MHz
[2019.01.05-19.48.15:738][  0]LogMemory: Memory total: Physical=16.0GB (16GB approx)
[2019.01.05-19.48.15:738][  0]LogMemory: Platform Memory Stats for Windows
[2019.01.05-19.48.15:738][  0]LogMemory: Process Physical Memory: 104.46 MB used, 104.46 MB peak
[2019.01.05-19.48.15:738][  0]LogMemory: Process Virtual Memory: 88.26 MB used, 88.26 MB peak
[2019.01.05-19.48.15:738][  0]LogMemory: Physical Memory: 7745.72 MB used,  8593.18 MB free, 16338.91 MB total
[2019.01.05-19.48.15:738][  0]LogMemory: Virtual Memory: 4655.16 MB used,  8593.18 MB free, 134217728.00 MB total
[2019.01.05-19.48.15:833][  0]LogInit: Using OS detected language (en-GB).
[2019.01.05-19.48.15:833][  0]LogInit: Using OS detected locale (en-GB).
[2019.01.05-19.48.15:834][  0]LogTextLocalizationManager: No specific localization for 'en-GB' exists, so the 'en' localization will be used.
[2019.01.05-19.48.16:125][  0]LogStreaming: Display: Took  0.292s to InitEngineTextLocalization.
[2019.01.05-19.48.16:125][  0]LogInit: Setting process to per monitor DPI aware
[2019.01.05-19.48.16:161][  0]LogSlate: New Slate User Created.  User Index 0, Is Virtual User: 0
[2019.01.05-19.48.16:161][  0]LogSlate: Slate User Registered.  User Index 0, Is Virtual User: 0
[2019.01.05-19.48.16:444][  0]LogHMD: Failed to initialize OpenVR with code 110
[2019.01.05-19.48.16:444][  0]LogD3D11RHI: D3D11 adapters:
[2019.01.05-19.48.16:515][  0]LogD3D11RHI:    0. 'NVIDIA GeForce GTX 950' (Feature Level 11_0)
[2019.01.05-19.48.16:515][  0]LogD3D11RHI:       2007/0/8169 MB DedicatedVideo/DedicatedSystem/SharedSystem, Outputs:1, VendorId:0x10de
[2019.01.05-19.48.16:519][  0]LogD3D11RHI:    1. 'Microsoft Basic Render Driver' (Feature Level 11_0)
[2019.01.05-19.48.16:519][  0]LogD3D11RHI:       0/0/8169 MB DedicatedVideo/DedicatedSystem/SharedSystem, Outputs:0, VendorId:0x1414
[2019.01.05-19.48.16:519][  0]LogD3D11RHI: Chosen D3D11 Adapter: 0
[2019.01.05-19.48.16:526][  0]LogD3D11RHI: Creating new Direct3DDevice
[2019.01.05-19.48.16:526][  0]LogD3D11RHI:     GPU DeviceId: 0x1402 (for the marketing name, search the web for "GPU Device Id")
[2019.01.05-19.48.16:526][  0]LogWindows: EnumDisplayDevices:
[2019.01.05-19.48.16:527][  0]LogWindows:    0. 'NVIDIA GeForce GTX 950' (P:1 D:1)
[2019.01.05-19.48.16:527][  0]LogWindows:    1. 'NVIDIA GeForce GTX 950' (P:0 D:0)
[2019.01.05-19.48.16:527][  0]LogWindows:    2. 'NVIDIA GeForce GTX 950' (P:0 D:0)
[2019.01.05-19.48.16:527][  0]LogWindows:    3. 'NVIDIA GeForce GTX 950' (P:0 D:0)
[2019.01.05-19.48.16:528][  0]LogWindows: DebugString: FoundDriverCount:4 
[2019.01.05-19.48.16:528][  0]LogD3D11RHI:     Adapter Name: NVIDIA GeForce GTX 950
[2019.01.05-19.48.16:528][  0]LogD3D11RHI:   Driver Version: 399.07 (internal:24.21.13.9907, unified:399.07)
[2019.01.05-19.48.16:528][  0]LogD3D11RHI:      Driver Date: 8-21-2018
[2019.01.05-19.48.16:528][  0]LogRHI: Texture pool is 1405 MB (70% of 2007 MB)
[2019.01.05-19.48.16:568][  0]LogD3D11RHI: Async texture creation enabled
[2019.01.05-19.48.16:606][  0]LogD3D11RHI: GPU Timing Frequency: 1000.000000 (Debug: 2 2)
[2019.01.05-19.48.16:654][  0]LogShaderCompilers: Guid format shader working directory is -28 characters bigger than the processId version (../../../../../Users/h017026h/Documents/GitKraken/TGPPairProject/PairProject/Intermediate/Shaders/WorkingDirectory/13720/).
[2019.01.05-19.48.16:655][  0]LogShaderCompilers: Cleaned the shader compiler working directory 'C:/Users/h017026h/AppData/Local/Temp/UnrealShaderWorkingDir/F49C059C4BB1125B4DF03F88B072B37F/'.
[2019.01.05-19.48.16:884][  0]LogTemp: Display: Loaded TP AllDesktopTargetPlatform
[2019.01.05-19.48.16:896][  0]LogTemp: Display: Loaded TP MacClientTargetPlatform
[2019.01.05-19.48.16:908][  0]LogTemp: Display: Loaded TP MacNoEditorTargetPlatform
[2019.01.05-19.48.16:920][  0]LogTemp: Display: Loaded TP MacServerTargetPlatform
[2019.01.05-19.48.16:933][  0]LogTemp: Display: Loaded TP MacTargetPlatform
[2019.01.05-19.48.16:945][  0]LogTemp: Display: Loaded TP WindowsClientTargetPlatform
[2019.01.05-19.48.16:956][  0]LogTemp: Display: Loaded TP WindowsNoEditorTargetPlatform
[2019.01.05-19.48.16:968][  0]LogTemp: Display: Loaded TP WindowsServerTargetPlatform
[2019.01.05-19.48.16:974][  0]LogTemp: Display: Loaded TP WindowsTargetPlatform
[2019.01.05-19.48.17:039][  0]LogTemp: Display: Loaded TP AndroidTargetPlatform
[2019.01.05-19.48.17:039][  0]LogTemp: Display: Loaded TP AndroidTargetPlatform
[2019.01.05-19.48.17:039][  0]LogTemp: Display: Loaded TP AndroidTargetPlatform
[2019.01.05-19.48.17:039][  0]LogTemp: Display: Loaded TP AndroidTargetPlatform
[2019.01.05-19.48.17:039][  0]LogTemp: Display: Loaded TP AndroidTargetPlatform
[2019.01.05-19.48.17:039][  0]LogTemp: Display: Loaded TP AndroidTargetPlatform
[2019.01.05-19.48.17:040][  0]LogTemp: Display: Loaded TP AndroidTargetPlatform
[2019.01.05-19.48.17:040][  0]LogTemp: Display: Loaded TP AndroidTargetPlatform
[2019.01.05-19.48.17:040][  0]LogTemp: Display: Loaded TP AndroidTargetPlatform
[2019.01.05-19.48.17:040][  0]LogTemp: Display: Loaded TP AndroidTargetPlatform
[2019.01.05-19.48.17:040][  0]LogTemp: Display: Loaded TP AndroidTargetPlatform
[2019.01.05-19.48.17:040][  0]LogTemp: Display: Loaded TP AndroidTargetPlatform
[2019.01.05-19.48.17:040][  0]LogTemp: Display: Loaded TP AndroidTargetPlatform
[2019.01.05-19.48.17:040][  0]LogTemp: Display: Loaded TP AndroidTargetPlatform
[2019.01.05-19.48.17:040][  0]LogTemp: Display: Loaded TP AndroidTargetPlatform
[2019.01.05-19.48.17:040][  0]LogTemp: Display: Loaded TP AndroidTargetPlatform
[2019.01.05-19.48.17:040][  0]LogTemp: Display: Loaded TP AndroidTargetPlatform
[2019.01.05-19.48.17:040][  0]LogTemp: Display: Loaded TP AndroidTargetPlatform
[2019.01.05-19.48.17:043][  0]LogTemp: Display: Loaded TP HTML5TargetPlatform
[2019.01.05-19.48.17:110][  0]LogTemp: Display: Loaded TP IOSTargetPlatform
[2019.01.05-19.48.17:110][  0]LogTemp: Display: Loaded TP IOSTargetPlatform
[2019.01.05-19.48.17:133][  0]LogTemp: Display: Loaded TP TVOSTargetPlatform
[2019.01.05-19.48.17:133][  0]LogTemp: Display: Loaded TP TVOSTargetPlatform
[2019.01.05-19.48.17:145][  0]LogTemp: Display: Loaded TP LinuxClientTargetPlatform
[2019.01.05-19.48.17:158][  0]LogTemp: Display: Loaded TP LinuxNoEditorTargetPlatform
[2019.01.05-19.48.17:170][  0]LogTemp: Display: Loaded TP LinuxServerTargetPlatform
[2019.01.05-19.48.17:182][  0]LogTemp: Display: Loaded TP LinuxTargetPlatform
[2019.01.05-19.48.17:193][  0]LogTemp: Display: Loaded TP LuminTargetPlatform
[2019.01.05-19.48.17:193][  0]LogTargetPlatformManager: Display: Building Assets For Windows
[2019.01.05-19.48.17:273][  0]LogXGEController: Cleaning working directory: C:/Users/h017026h/AppData/Local/Temp/UnrealXGEWorkingDir/
[2019.01.05-19.48.17:273][  0]LogXGEController: Cannot use XGE Controller as Incredibuild is not installed on this machine.
[2019.01.05-19.48.17:274][  0]LogShaderCompilers: Cannot use XGE Shader Compiler as Incredibuild is not installed on this machine.
[2019.01.05-19.48.17:274][  0]LogShaderCompilers: Display: Using Local Shader Compiler.
[2019.01.05-19.48.17:861][  0]LogDerivedDataCache: Display: Max Cache Size: 512 MB
[2019.01.05-19.48.17:910][  0]LogDerivedDataCache: Loaded boot cache 0.05s 71MB C:/Users/h017026h/AppData/Local/UnrealEngine/4.20/DerivedDataCache/Boot.ddc.
[2019.01.05-19.48.17:911][  0]LogDerivedDataCache: Display: Loaded Boot cache: C:/Users/h017026h/AppData/Local/UnrealEngine/4.20/DerivedDataCache/Boot.ddc
[2019.01.05-19.48.17:911][  0]LogDerivedDataCache: FDerivedDataBackendGraph:  Pak pak cache file ../../../../../Users/h017026h/Documents/GitKraken/TGPPairProject/PairProject/DerivedDataCache/DDC.ddp not found, will not use a pak cache.
[2019.01.05-19.48.17:911][  0]LogDerivedDataCache: Unable to find inner node Pak for hierarchical cache Hierarchy.
[2019.01.05-19.48.17:912][  0]LogDerivedDataCache: FDerivedDataBackendGraph:  CompressedPak pak cache file ../../../../../Users/h017026h/Documents/GitKraken/TGPPairProject/PairProject/DerivedDataCache/Compressed.ddp not found, will not use a pak cache.
[2019.01.05-19.48.17:912][  0]LogDerivedDataCache: Unable to find inner node CompressedPak for hierarchical cache Hierarchy.
[2019.01.05-19.48.17:922][  0]LogDerivedDataCache: Display: Pak cache opened for reading ../../../Engine/DerivedDataCache/Compressed.ddp.
[2019.01.05-19.48.17:935][  0]LogDerivedDataCache: Using Local data cache path C:/Users/h017026h/AppData/Local/UnrealEngine/Common/DerivedDataCache: Writable
[2019.01.05-19.48.17:935][  0]LogDerivedDataCache: Shared data cache path not found in *engine.ini, will not use an Shared cache.
[2019.01.05-19.48.17:935][  0]LogDerivedDataCache: Unable to find inner node Shared for hierarchical cache Hierarchy.
[2019.01.05-19.48.17:951][  0]LogMaterial: Verifying Global Shaders for PCD3D_SM5
[2019.01.05-19.48.17:952][  0]LogSlate: Using FreeType 2.6.0
[2019.01.05-19.48.17:954][  0]LogSlate: SlateFontServices - WITH_FREETYPE: 1, WITH_HARFBUZZ: 1
[2019.01.05-19.48.18:028][  0]LogAssetRegistry: FAssetRegistry took 0.0275 seconds to start up
[2019.01.05-19.48.18:297][  0]LogInit: Selected Device Profile: [Windows]
[2019.01.05-19.48.18:420][  0]LogSimplygon: Simplygon DLL not present - disabling.
[2019.01.05-19.48.18:427][  0]LogMeshReduction: Using SimplygonSwarm for distributed automatic mesh merging
[2019.01.05-19.48.18:427][  0]LogMeshReduction: Using ProxyLODMeshReduction for automatic mesh merging
[2019.01.05-19.48.18:427][  0]LogMeshReduction: Using QuadricMeshReduction for automatic static mesh reduction
[2019.01.05-19.48.18:427][  0]LogMeshReduction: No automatic skeletal mesh reduction module available
[2019.01.05-19.48.18:439][  0]LogNetVersion: PairProject 1.0.0, NetCL: 4212847, EngineNetVer: 5, GameNetVer: 0 (Checksum: 2248716754)
[2019.01.05-19.48.18:945][  0]LogPackageLocalizationCache: Processed 11 localized package path(s) for 2 prioritized culture(s) in 0.154266 seconds
[2019.01.05-19.48.18:951][  0]LogUObjectArray: 38425 objects as part of root set at end of initial load.
[2019.01.05-19.48.18:951][  0]LogUObjectAllocator: 6690872 out of 0 bytes used by permanent object pool.
[2019.01.05-19.48.18:952][  0]LogUObjectArray: CloseDisregardForGC: 0/0 objects in disregard for GC pool
[2019.01.05-19.48.19:824][  0]LogTcpMessaging: Initializing TcpMessaging bridge
[2019.01.05-19.48.19:840][  0]LogUdpMessaging: Initializing bridge on interface 0.0.0.0:0 to multicast group 230.0.0.1:6666.
[2019.01.05-19.48.20:041][  0]SourceControl: Source control is disabled
[2019.01.05-19.48.20:041][  0]SourceControl: Source control is disabled
[2019.01.05-19.48.20:045][  0]SourceControl: Source control is disabled
[2019.01.05-19.48.20:047][  0]SourceControl: Source control is disabled
[2019.01.05-19.48.20:269][  0]LogAndroidPermission: UAndroidPermissionCallbackProxy::GetInstance
[2019.01.05-19.48.20:373][  0]LogOcInput: OculusInput pre-init called
[2019.01.05-19.48.20:436][  0]LogEngine: Initializing Engine...
[2019.01.05-19.48.20:437][  0]LogHMD: Failed to initialize OpenVR with code 110
[2019.01.05-19.48.20:439][  0]LogStats: UGameplayTagsManager::ConstructGameplayTagTree: ImportINI prefixes -  0.000 s
[2019.01.05-19.48.20:439][  0]LogStats: UGameplayTagsManager::ConstructGameplayTagTree: Construct from data asset -  0.000 s
[2019.01.05-19.48.20:439][  0]LogStats: UGameplayTagsManager::ConstructGameplayTagTree: ImportINI -  0.000 s
[2019.01.05-19.48.20:439][  0]LogStats: UGameplayTagsManager::ConstructGameplayTagTree: GameplayTagTreeChangedEvent.Broadcast -  0.000 s
[2019.01.05-19.48.20:632][  0]LogInit: Initializing FReadOnlyCVARCache
[2019.01.05-19.48.20:646][  0]LogAIModule: Creating AISystem for world Untitled
[2019.01.05-19.48.20:669][  0]LogInit: XAudio2 using 'Headset Earphone (Corsair VOID PRO USB Gaming Headset)' : 6 channels at 48 kHz using 16 bits per sample (channel mask 0x3f)
[2019.01.05-19.48.20:799][  0]LogInit: FAudioDevice initialized.
[2019.01.05-19.48.20:799][  0]LogNetVersion: Set ProjectVersion to 1.0.0.0. Version Checksum will be recalculated on next use.
[2019.01.05-19.48.20:872][  0]LogDerivedDataCache: Saved boot cache 0.07s 71MB C:/Users/h017026h/AppData/Local/UnrealEngine/4.20/DerivedDataCache/Boot.ddc.
[2019.01.05-19.48.20:875][  0]LogInit: Texture streaming: Enabled
[2019.01.05-19.48.20:899][  0]LogEngineSessionManager: EngineSessionManager initialized
[2019.01.05-19.48.20:908][  0]LogInit: Transaction tracking system initialized
[2019.01.05-19.48.20:931][  0]BlueprintLog: New page: Editor Load
[2019.01.05-19.48.21:026][  0]LocalizationService: Localization service is disabled
[2019.01.05-19.48.21:274][  0]LogCook: Display: Max memory allowance for cook 16384mb min free memory 0mb
[2019.01.05-19.48.21:275][  0]LogCook: Display: Mobile HDR setting 1
[2019.01.05-19.48.21:275][  0]LogGameplayTags: Display: UGameplayTagsManager::DoneAddingNativeTags. DelegateIsBound: 0
[2019.01.05-19.48.21:275][  0]LogStats: UGameplayTagsManager::ConstructGameplayTagTree: ImportINI prefixes -  0.000 s
[2019.01.05-19.48.21:275][  0]LogStats: UGameplayTagsManager::ConstructGameplayTagTree: Construct from data asset -  0.000 s
[2019.01.05-19.48.21:275][  0]LogStats: UGameplayTagsManager::ConstructGameplayTagTree: ImportINI -  0.000 s
[2019.01.05-19.48.21:275][  0]LogStats: UGameplayTagsManager::ConstructGameplayTagTree: GameplayTagTreeChangedEvent.Broadcast -  0.000 s
[2019.01.05-19.48.21:430][  0]LogFileCache: Scanning file cache for directory 'D:/Users/h017026h/Documents/GitKraken/TGPPairProject/PairProject/Content/' took 0.02s
[2019.01.05-19.48.21:430][  0]SourceControl: Source control is disabled
[2019.01.05-19.48.21:430][  0]Cmd: MAP LOAD FILE="../../../../../Users/h017026h/Documents/GitKraken/TGPPairProject/PairProject/Content/Scenes/StartScreen.umap" TEMPLATE=0 SHOWPROGRESS=1 FEATURELEVEL=3
[2019.01.05-19.48.21:431][  0]LightingResults: New page: Lighting Build
[2019.01.05-19.48.21:433][  0]MapCheck: New page: Map Check
[2019.01.05-19.48.21:433][  0]LightingResults: New page: Lighting Build
[2019.01.05-19.48.21:526][  0]LogAIModule: Creating AISystem for world StartScreen
[2019.01.05-19.48.21:527][  0]LogEditorServer: Finished looking for orphan Actors (0.000 secs)
[2019.01.05-19.48.21:548][  0]Cmd: MAP CHECKDEP NOCLEARLOG
[2019.01.05-19.48.21:601][  0]MapCheck: Map check complete: 0 Error(s), 0 Warning(s), took 52.536ms to complete.
[2019.01.05-19.48.21:601][  0]LogFileHelpers: Loading map 'StartScreen' took 0.171
[2019.01.05-19.48.21:718][  0]LogSlate: Updating window title bar state: overlay mode, drag disabled, window buttons hidden, title bar hidden
[2019.01.05-19.48.21:725][  0]LogSlate: Updating window title bar state: overlay mode, drag disabled, window buttons hidden, title bar hidden
[2019.01.05-19.48.21:733][  0]LogSlate: Updating window title bar state: overlay mode, drag disabled, window buttons hidden, title bar hidden
[2019.01.05-19.48.21:739][  0]LogSlate: Updating window title bar state: overlay mode, drag disabled, window buttons hidden, title bar hidden
[2019.01.05-19.48.21:745][  0]LogCollectionManager: Loaded 0 collections in 0.000916 seconds
[2019.01.05-19.48.21:792][  0]LogFileCache: Scanning file cache for directory 'D:/Users/h017026h/Documents/GitKraken/TGPPairProject/PairProject/Saved/Collections/' took 0.01s
[2019.01.05-19.48.21:792][  0]LogFileCache: Scanning file cache for directory 'D:/Users/h017026h/Documents/GitKraken/TGPPairProject/PairProject/Content/Developers/h017026h/Collections/' took 0.01s
[2019.01.05-19.48.21:792][  0]LogFileCache: Scanning file cache for directory 'D:/Users/h017026h/Documents/GitKraken/TGPPairProject/PairProject/Content/Collections/' took 0.01s
[2019.01.05-19.48.21:793][  0]LogCollectionManager: Rebuilt the GUID cache for 0 collections in 0.000001 seconds
[2019.01.05-19.48.21:801][  0]LogContentBrowser: Native class hierarchy populated in 0.0082 seconds. Added 2594 classes and 611 folders.
[2019.01.05-19.48.21:805][  0]LogContentBrowser: Native class hierarchy updated for 'WidgetCarousel' in 0.0004 seconds. Added 0 classes and 0 folders.
[2019.01.05-19.48.21:865][  0]LogContentBrowser: Native class hierarchy updated for 'AddContentDialog' in 0.0004 seconds. Added 0 classes and 0 folders.
[2019.01.05-19.48.21:872][  0]LogContentBrowser: Native class hierarchy updated for 'SceneOutliner' in 0.0005 seconds. Added 1 classes and 2 folders.
[2019.01.05-19.48.21:920][  0]LogContentBrowser: Native class hierarchy updated for 'HierarchicalLODOutliner' in 0.0005 seconds. Added 0 classes and 0 folders.
[2019.01.05-19.48.21:920][  0]LogLoad: (Engine Initialization) Total time: 8.55 seconds
[2019.01.05-19.48.21:920][  0]LogLoad: (Engine Initialization) Total Blueprint compile time: 0.00 seconds
[2019.01.05-19.48.21:933][  0]LogWindowsTextInputMethodSystem: Display: IME system now deactivated.
[2019.01.05-19.48.21:953][  0]LogContentStreaming: Texture pool size now 1000 MB
[2019.01.05-19.48.21:954][  0]LogSlate: Took 0.000289 seconds to synchronously load lazily loaded font '../../../Engine/Content/Slate/Fonts/Roboto-Regular.ttf' (155K)
[2019.01.05-19.48.21:955][  0]LogSlate: Took 0.000173 seconds to synchronously load lazily loaded font '../../../Engine/Content/Slate/Fonts/Roboto-Bold.ttf' (160K)
[2019.01.05-19.48.21:960][  0]LogSlate: Took 0.000275 seconds to synchronously load lazily loaded font '../../../Engine/Content/Editor/Slate/Fonts/FontAwesome.ttf' (139K)
[2019.01.05-19.48.22:053][  0]LogRenderer: Reallocating scene render targets to support 1028x408 Format 10 NumSamples 1 (Frame:1).
[2019.01.05-19.48.22:095][  0]LogSlate: Took 0.000427 seconds to synchronously load lazily loaded font '../../../Engine/Content/Slate/Fonts/Roboto-Light.ttf' (167K)
[2019.01.05-19.48.22:138][  1]LogAssetRegistry: Asset discovery search completed in 4.1348 seconds
[2019.01.05-19.48.22:140][  1]LogCollectionManager: Rebuilt the object cache for 0 collections in 0.000000 seconds (found 0 objects)
[2019.01.05-19.48.22:140][  1]LogCollectionManager: Fixed up redirectors for 0 collections in 0.000093 seconds (updated 0 objects)
[2019.01.05-19.48.25:441][386]LogSlate: FSceneViewport::OnFocusLost() reason 0
[2019.01.05-19.48.25:533][397]LogTemp: Repeating last play command: Selected Viewport
[2019.01.05-19.48.25:558][397]LogBlueprintUserMessages: Early PlayInEditor Detection: Level '/Game/Scenes/StartScreen.StartScreen:PersistentLevel' has LevelScriptBlueprint '/Game/Scenes/StartScreen.StartScreen:PersistentLevel.StartScreen' with GeneratedClass '/Game/Scenes/StartScreen.StartScreen_C' with ClassGeneratedBy '/Game/Scenes/StartScreen.StartScreen:PersistentLevel.StartScreen'
[2019.01.05-19.48.25:558][397]LogPlayLevel: PlayLevel: No blueprints needed recompiling
[2019.01.05-19.48.25:573][397]PIE: New page: PIE session: StartScreen (5 Jan 2019 19:48:25)
[2019.01.05-19.48.25:573][397]LogPlayLevel: Creating play world package: /Game/Scenes/UEDPIE_0_StartScreen
[2019.01.05-19.48.25:574][397]LogPlayLevel: PIE: StaticDuplicateObject took: (0.001219s)
[2019.01.05-19.48.25:575][397]LogAIModule: Creating AISystem for world StartScreen
[2019.01.05-19.48.25:575][397]LogPlayLevel: PIE: World Init took: (0.000814s)
[2019.01.05-19.48.25:575][397]LogPlayLevel: PIE: Created PIE world by copying editor world from /Game/Scenes/StartScreen.StartScreen to /Game/Scenes/UEDPIE_0_StartScreen.StartScreen (0.002521s)
[2019.01.05-19.48.25:608][397]LogInit: XAudio2 using 'Headset Earphone (Corsair VOID PRO USB Gaming Headset)' : 6 channels at 48 kHz using 16 bits per sample (channel mask 0x3f)
[2019.01.05-19.48.25:728][397]LogInit: FAudioDevice initialized.
[2019.01.05-19.48.25:778][397]LogLoad: Game class is 'TestGameMode_C'
[2019.01.05-19.48.25:780][397]LogWorld: Bringing World /Game/Scenes/UEDPIE_0_StartScreen.StartScreen up for play (max tick rate 0) at 2019.01.05-19.48.25
[2019.01.05-19.48.25:780][397]LogWorld: Bringing up level for play took: 0.000518
[2019.01.05-19.48.25:797][397]LogContentBrowser: Native class hierarchy updated for 'MovieSceneCapture' in 0.0004 seconds. Added 10 classes and 0 folders.
[2019.01.05-19.48.25:797][397]LogGameMode: Display: Match State Changed from EnteringMap to WaitingToStart
[2019.01.05-19.48.25:797][397]LogGameState: Match State Changed from EnteringMap to WaitingToStart
[2019.01.05-19.48.25:798][397]LogGameMode: Display: Match State Changed from WaitingToStart to InProgress
[2019.01.05-19.48.25:799][397]LogGameState: Match State Changed from WaitingToStart to InProgress
[2019.01.05-19.48.25:800][397]PIE: Play in editor start time for /Game/Scenes/UEDPIE_0_StartScreen 0.629
[2019.01.05-19.48.25:800][397]LogBlueprintUserMessages: Late PlayInEditor Detection: Level '/Game/Scenes/StartScreen.StartScreen:PersistentLevel' has LevelScriptBlueprint '/Game/Scenes/StartScreen.StartScreen:PersistentLevel.StartScreen' with GeneratedClass '/Game/Scenes/StartScreen.StartScreen_C' with ClassGeneratedBy '/Game/Scenes/StartScreen.StartScreen:PersistentLevel.StartScreen'
[2019.01.05-19.48.27:405][587]LogGameMode: Display: Match State Changed from InProgress to LeavingMap
[2019.01.05-19.48.27:405][587]LogGameState: Match State Changed from InProgress to LeavingMap
[2019.01.05-19.48.27:405][587]LogNet: Browse: /Game/Scenes/CameraTestScene
[2019.01.05-19.48.27:405][587]LogLoad: LoadMap: /Game/Scenes/CameraTestScene
[2019.01.05-19.48.28:755][587]LogAIModule: Creating AISystem for world CameraTestScene
[2019.01.05-19.48.28:756][587]LogLoad: Game class is 'TestGameMode_C'
[2019.01.05-19.48.28:769][587]LogWorld: Bringing World /Game/Scenes/UEDPIE_0_CameraTestScene.CameraTestScene up for play (max tick rate 0) at 2019.01.05-19.48.28
[2019.01.05-19.48.28:770][587]LogWorld: Bringing up level for play took: 0.013599
[2019.01.05-19.48.28:771][587]LogGameMode: FindPlayerStart: PATHS NOT DEFINED or NO PLAYERSTART with positive rating
[2019.01.05-19.48.28:771][587]LogGameMode: Display: Match State Changed from EnteringMap to WaitingToStart
[2019.01.05-19.48.28:771][587]LogGameState: Match State Changed from EnteringMap to WaitingToStart
[2019.01.05-19.48.28:771][587]LogGameMode: Display: Match State Changed from WaitingToStart to InProgress
[2019.01.05-19.48.28:773][587]LogActor: Warning: MyBiggoronKnifeWeapon_C /Game/Scenes/UEDPIE_0_CameraTestScene.CameraTestScene:PersistentLevel.MyBiggoronKnifeWeapon_C_0 has natively added scene component(s), but none of them were set as the actor's RootComponent - picking one arbitrarily
[2019.01.05-19.48.28:773][587]LogActor: Warning: MyBPBasePlayerWeapon_C /Game/Scenes/UEDPIE_0_CameraTestScene.CameraTestScene:PersistentLevel.MyBPBasePlayerWeapon_C_0 has natively added scene component(s), but none of them were set as the actor's RootComponent - picking one arbitrarily
[2019.01.05-19.48.28:775][587]LogGameState: Match State Changed from WaitingToStart to InProgress
[2019.01.05-19.48.28:775][587]LogLoad: Took 1.369095 seconds to LoadMap(/Game/Scenes/CameraTestScene)
[2019.01.05-19.48.28:782][587]LogSlate: Took 0.002678 seconds to synchronously load lazily loaded font '../../../Engine/Content/SlateDebug/Fonts/LastResort.ttf' (5269K)
[2019.01.05-19.48.28:862][588]LogCharacterMovement: Warning: GetSimulationTimeStep() - Max iterations 8 hit while remaining time 0.062043 > MaxSimulationTimeStep (0.050) for 'MyImpaCharacter_17', movement 'Walking'
[2019.01.05-19.48.34:708][266]LogBlueprintUserMessages: Early EndPlayMap Detection: Level '/Game/Scenes/StartScreen.StartScreen:PersistentLevel' has LevelScriptBlueprint '/Game/Scenes/StartScreen.StartScreen:PersistentLevel.StartScreen' with GeneratedClass '/Game/Scenes/StartScreen.StartScreen_C' with ClassGeneratedBy '/Game/Scenes/StartScreen.StartScreen:PersistentLevel.StartScreen'
[2019.01.05-19.48.34:708][266]LogSlate: Updating window title bar state: overlay mode, drag disabled, window buttons hidden, title bar hidden
[2019.01.05-19.48.34:748][266]LogPlayLevel: Display: Shutting down PIE online subsystems
[2019.01.05-19.48.34:749][266]LogBlueprintUserMessages: Late EndPlayMap Detection: Level '/Game/Scenes/StartScreen.StartScreen:PersistentLevel' has LevelScriptBlueprint '/Game/Scenes/StartScreen.StartScreen:PersistentLevel.StartScreen' with GeneratedClass '/Game/Scenes/StartScreen.StartScreen_C' with ClassGeneratedBy '/Game/Scenes/StartScreen.StartScreen:PersistentLevel.StartScreen'
[2019.01.05-19.48.34:771][266]LogSlate: Updating window title bar state: overlay mode, drag disabled, window buttons hidden, title bar hidden
[2019.01.05-19.48.34:814][270]LogPlayLevel: Display: Destroying online subsystem :Context_1
[2019.01.05-19.48.43:283][773]LogSlate: FSceneViewport::OnFocusLost() reason 0
[2019.01.05-19.48.43:383][785]LogTemp: Repeating last play command: Selected Viewport
[2019.01.05-19.48.43:404][785]LogBlueprintUserMessages: Early PlayInEditor Detection: Level '/Game/Scenes/StartScreen.StartScreen:PersistentLevel' has LevelScriptBlueprint '/Game/Scenes/StartScreen.StartScreen:PersistentLevel.StartScreen' with GeneratedClass '/Game/Scenes/StartScreen.StartScreen_C' with ClassGeneratedBy '/Game/Scenes/StartScreen.StartScreen:PersistentLevel.StartScreen'
[2019.01.05-19.48.43:404][785]LogPlayLevel: PlayLevel: No blueprints needed recompiling
[2019.01.05-19.48.43:404][785]PIE: New page: PIE session: StartScreen (5 Jan 2019 19:48:43)
[2019.01.05-19.48.43:404][785]LogPlayLevel: Creating play world package: /Game/Scenes/UEDPIE_0_StartScreen
[2019.01.05-19.48.43:405][785]LogPlayLevel: PIE: StaticDuplicateObject took: (0.000887s)
[2019.01.05-19.48.43:406][785]LogAIModule: Creating AISystem for world StartScreen
[2019.01.05-19.48.43:406][785]LogPlayLevel: PIE: World Init took: (0.000896s)
[2019.01.05-19.48.43:406][785]LogPlayLevel: PIE: Created PIE world by copying editor world from /Game/Scenes/StartScreen.StartScreen to /Game/Scenes/UEDPIE_0_StartScreen.StartScreen (0.002103s)
[2019.01.05-19.48.43:439][785]LogInit: XAudio2 using 'Headset Earphone (Corsair VOID PRO USB Gaming Headset)' : 6 channels at 48 kHz using 16 bits per sample (channel mask 0x3f)
[2019.01.05-19.48.43:562][785]LogInit: FAudioDevice initialized.
[2019.01.05-19.48.43:595][785]LogLoad: Game class is 'TestGameMode_C'
[2019.01.05-19.48.43:596][785]LogWorld: Bringing World /Game/Scenes/UEDPIE_0_StartScreen.StartScreen up for play (max tick rate 0) at 2019.01.05-19.48.43
[2019.01.05-19.48.43:596][785]LogWorld: Bringing up level for play took: 0.000321
[2019.01.05-19.48.43:609][785]LogGameMode: Display: Match State Changed from EnteringMap to WaitingToStart
[2019.01.05-19.48.43:609][785]LogGameState: Match State Changed from EnteringMap to WaitingToStart
[2019.01.05-19.48.43:609][785]LogGameMode: Display: Match State Changed from WaitingToStart to InProgress
[2019.01.05-19.48.43:610][785]LogGameState: Match State Changed from WaitingToStart to InProgress
[2019.01.05-19.48.43:611][785]PIE: Play in editor start time for /Game/Scenes/UEDPIE_0_StartScreen 0.44
[2019.01.05-19.48.43:611][785]LogBlueprintUserMessages: Late PlayInEditor Detection: Level '/Game/Scenes/StartScreen.StartScreen:PersistentLevel' has LevelScriptBlueprint '/Game/Scenes/StartScreen.StartScreen:PersistentLevel.StartScreen' with GeneratedClass '/Game/Scenes/StartScreen.StartScreen_C' with ClassGeneratedBy '/Game/Scenes/StartScreen.StartScreen:PersistentLevel.StartScreen'
[2019.01.05-19.48.46:066][ 79]LogGameMode: Display: Match State Changed from InProgress to LeavingMap
[2019.01.05-19.48.46:066][ 79]LogGameState: Match State Changed from InProgress to LeavingMap
[2019.01.05-19.48.46:067][ 79]LogNet: Browse: /Game/Scenes/CameraTestScene
[2019.01.05-19.48.46:067][ 79]LogLoad: LoadMap: /Game/Scenes/CameraTestScene
[2019.01.05-19.48.46:324][ 79]LogAIModule: Creating AISystem for world CameraTestScene
[2019.01.05-19.48.46:324][ 79]LogLoad: Game class is 'TestGameMode_C'
[2019.01.05-19.48.46:335][ 79]LogWorld: Bringing World /Game/Scenes/UEDPIE_0_CameraTestScene.CameraTestScene up for play (max tick rate 0) at 2019.01.05-19.48.46
[2019.01.05-19.48.46:336][ 79]LogWorld: Bringing up level for play took: 0.010631
[2019.01.05-19.48.46:336][ 79]LogGameMode: FindPlayerStart: PATHS NOT DEFINED or NO PLAYERSTART with positive rating
[2019.01.05-19.48.46:337][ 79]LogGameMode: Display: Match State Changed from EnteringMap to WaitingToStart
[2019.01.05-19.48.46:337][ 79]LogGameState: Match State Changed from EnteringMap to WaitingToStart
[2019.01.05-19.48.46:337][ 79]LogGameMode: Display: Match State Changed from WaitingToStart to InProgress
[2019.01.05-19.48.46:338][ 79]LogActor: Warning: MyBiggoronKnifeWeapon_C /Game/Scenes/UEDPIE_0_CameraTestScene.CameraTestScene:PersistentLevel.MyBiggoronKnifeWeapon_C_0 has natively added scene component(s), but none of them were set as the actor's RootComponent - picking one arbitrarily
[2019.01.05-19.48.46:338][ 79]LogActor: Warning: MyBPBasePlayerWeapon_C /Game/Scenes/UEDPIE_0_CameraTestScene.CameraTestScene:PersistentLevel.MyBPBasePlayerWeapon_C_0 has natively added scene component(s), but none of them were set as the actor's RootComponent - picking one arbitrarily
[2019.01.05-19.48.46:339][ 79]LogGameState: Match State Changed from WaitingToStart to InProgress
[2019.01.05-19.48.46:340][ 79]LogLoad: Took 0.272100 seconds to LoadMap(/Game/Scenes/CameraTestScene)
[2019.01.05-19.49.12:519][375]LogActor: Warning: MyBPHeartPickup_C /Game/Scenes/UEDPIE_0_CameraTestScene.CameraTestScene:PersistentLevel.MyBPHeartPickup_C_0 has natively added scene component(s), but none of them were set as the actor's RootComponent - picking one arbitrarily
[2019.01.05-19.49.43:726][573]LogSlate: Updating window title bar state: overlay mode, drag disabled, window buttons hidden, title bar hidden
[2019.01.05-19.49.43:726][573]LogBlueprintUserMessages: Early EndPlayMap Detection: Level '/Game/Scenes/StartScreen.StartScreen:PersistentLevel' has LevelScriptBlueprint '/Game/Scenes/StartScreen.StartScreen:PersistentLevel.StartScreen' with GeneratedClass '/Game/Scenes/StartScreen.StartScreen_C' with ClassGeneratedBy '/Game/Scenes/StartScreen.StartScreen:PersistentLevel.StartScreen'
[2019.01.05-19.49.43:765][573]LogPlayLevel: Display: Shutting down PIE online subsystems
[2019.01.05-19.49.43:766][573]LogBlueprintUserMessages: Late EndPlayMap Detection: Level '/Game/Scenes/StartScreen.StartScreen:PersistentLevel' has LevelScriptBlueprint '/Game/Scenes/StartScreen.StartScreen:PersistentLevel.StartScreen' with GeneratedClass '/Game/Scenes/StartScreen.StartScreen_C' with ClassGeneratedBy '/Game/Scenes/StartScreen.StartScreen:PersistentLevel.StartScreen'
[2019.01.05-19.49.43:789][573]LogSlate: Updating window title bar state: overlay mode, drag disabled, window buttons hidden, title bar hidden
[2019.01.05-19.49.43:820][575]LogPlayLevel: Display: Destroying online subsystem :Context_5
[2019.01.05-19.49.46:037][841]Cmd: SELECT NONE
[2019.01.05-19.49.49:547][262]LogSlate: FSceneViewport::OnFocusLost() reason 0
[2019.01.05-19.49.49:664][276]LogTemp: Repeating last play command: Selected Viewport
[2019.01.05-19.49.49:685][276]LogBlueprintUserMessages: Early PlayInEditor Detection: Level '/Game/Scenes/StartScreen.StartScreen:PersistentLevel' has LevelScriptBlueprint '/Game/Scenes/StartScreen.StartScreen:PersistentLevel.StartScreen' with GeneratedClass '/Game/Scenes/StartScreen.StartScreen_C' with ClassGeneratedBy '/Game/Scenes/StartScreen.StartScreen:PersistentLevel.StartScreen'
[2019.01.05-19.49.49:685][276]LogPlayLevel: PlayLevel: No blueprints needed recompiling
[2019.01.05-19.49.49:685][276]PIE: New page: PIE session: StartScreen (5 Jan 2019 19:49:49)
[2019.01.05-19.49.49:686][276]LogPlayLevel: Creating play world package: /Game/Scenes/UEDPIE_0_StartScreen
[2019.01.05-19.49.49:687][276]LogPlayLevel: PIE: StaticDuplicateObject took: (0.001285s)
[2019.01.05-19.49.49:688][276]LogAIModule: Creating AISystem for world StartScreen
[2019.01.05-19.49.49:688][276]LogPlayLevel: PIE: World Init took: (0.000843s)
[2019.01.05-19.49.49:688][276]LogPlayLevel: PIE: Created PIE world by copying editor world from /Game/Scenes/StartScreen.StartScreen to /Game/Scenes/UEDPIE_0_StartScreen.StartScreen (0.002625s)
[2019.01.05-19.49.49:720][276]LogInit: XAudio2 using 'Headset Earphone (Corsair VOID PRO USB Gaming Headset)' : 6 channels at 48 kHz using 16 bits per sample (channel mask 0x3f)
[2019.01.05-19.49.49:841][276]LogInit: FAudioDevice initialized.
[2019.01.05-19.49.49:876][276]LogLoad: Game class is 'TestGameMode_C'
[2019.01.05-19.49.49:877][276]LogWorld: Bringing World /Game/Scenes/UEDPIE_0_StartScreen.StartScreen up for play (max tick rate 0) at 2019.01.05-19.49.49
[2019.01.05-19.49.49:877][276]LogWorld: Bringing up level for play took: 0.000381
[2019.01.05-19.49.49:890][276]LogGameMode: Display: Match State Changed from EnteringMap to WaitingToStart
[2019.01.05-19.49.49:890][276]LogGameState: Match State Changed from EnteringMap to WaitingToStart
[2019.01.05-19.49.49:890][276]LogGameMode: Display: Match State Changed from WaitingToStart to InProgress
[2019.01.05-19.49.49:892][276]LogGameState: Match State Changed from WaitingToStart to InProgress
[2019.01.05-19.49.49:892][276]PIE: Play in editor start time for /Game/Scenes/UEDPIE_0_StartScreen 0.721
[2019.01.05-19.49.49:892][276]LogBlueprintUserMessages: Late PlayInEditor Detection: Level '/Game/Scenes/StartScreen.StartScreen:PersistentLevel' has LevelScriptBlueprint '/Game/Scenes/StartScreen.StartScreen:PersistentLevel.StartScreen' with GeneratedClass '/Game/Scenes/StartScreen.StartScreen_C' with ClassGeneratedBy '/Game/Scenes/StartScreen.StartScreen:PersistentLevel.StartScreen'
[2019.01.05-19.49.51:559][476]LogGameMode: Display: Match State Changed from InProgress to LeavingMap
[2019.01.05-19.49.51:560][476]LogGameState: Match State Changed from InProgress to LeavingMap
[2019.01.05-19.49.51:560][476]LogNet: Browse: /Game/Scenes/CameraTestScene
[2019.01.05-19.49.51:560][476]LogLoad: LoadMap: /Game/Scenes/CameraTestScene
[2019.01.05-19.49.51:821][476]LogAIModule: Creating AISystem for world CameraTestScene
[2019.01.05-19.49.51:822][476]LogLoad: Game class is 'TestGameMode_C'
[2019.01.05-19.49.51:833][476]LogWorld: Bringing World /Game/Scenes/UEDPIE_0_CameraTestScene.CameraTestScene up for play (max tick rate 0) at 2019.01.05-19.49.51
[2019.01.05-19.49.51:834][476]LogWorld: Bringing up level for play took: 0.011150
[2019.01.05-19.49.51:834][476]LogGameMode: FindPlayerStart: PATHS NOT DEFINED or NO PLAYERSTART with positive rating
[2019.01.05-19.49.51:835][476]LogGameMode: Display: Match State Changed from EnteringMap to WaitingToStart
[2019.01.05-19.49.51:835][476]LogGameState: Match State Changed from EnteringMap to WaitingToStart
[2019.01.05-19.49.51:835][476]LogGameMode: Display: Match State Changed from WaitingToStart to InProgress
[2019.01.05-19.49.51:836][476]LogActor: Warning: MyBiggoronKnifeWeapon_C /Game/Scenes/UEDPIE_0_CameraTestScene.CameraTestScene:PersistentLevel.MyBiggoronKnifeWeapon_C_0 has natively added scene component(s), but none of them were set as the actor's RootComponent - picking one arbitrarily
[2019.01.05-19.49.51:836][476]LogActor: Warning: MyBPBasePlayerWeapon_C /Game/Scenes/UEDPIE_0_CameraTestScene.CameraTestScene:PersistentLevel.MyBPBasePlayerWeapon_C_0 has natively added scene component(s), but none of them were set as the actor's RootComponent - picking one arbitrarily
[2019.01.05-19.49.51:838][476]LogGameState: Match State Changed from WaitingToStart to InProgress
[2019.01.05-19.49.51:838][476]LogLoad: Took 0.278096 seconds to LoadMap(/Game/Scenes/CameraTestScene)
[2019.01.05-19.50.03:746][904]LogBlueprintUserMessages: Early EndPlayMap Detection: Level '/Game/Scenes/StartScreen.StartScreen:PersistentLevel' has LevelScriptBlueprint '/Game/Scenes/StartScreen.StartScreen:PersistentLevel.StartScreen' with GeneratedClass '/Game/Scenes/StartScreen.StartScreen_C' with ClassGeneratedBy '/Game/Scenes/StartScreen.StartScreen:PersistentLevel.StartScreen'
[2019.01.05-19.50.03:747][904]LogSlate: Updating window title bar state: overlay mode, drag disabled, window buttons hidden, title bar hidden
[2019.01.05-19.50.03:780][904]LogPlayLevel: Display: Shutting down PIE online subsystems
[2019.01.05-19.50.03:781][904]LogBlueprintUserMessages: Late EndPlayMap Detection: Level '/Game/Scenes/StartScreen.StartScreen:PersistentLevel' has LevelScriptBlueprint '/Game/Scenes/StartScreen.StartScreen:PersistentLevel.StartScreen' with GeneratedClass '/Game/Scenes/StartScreen.StartScreen_C' with ClassGeneratedBy '/Game/Scenes/StartScreen.StartScreen:PersistentLevel.StartScreen'
[2019.01.05-19.50.03:802][904]LogSlate: Updating window title bar state: overlay mode, drag disabled, window buttons hidden, title bar hidden
[2019.01.05-19.50.03:848][909]LogPlayLevel: Display: Destroying online subsystem :Context_6
[2019.01.05-19.50.05:549][113]LogSlate: FSceneViewport::OnFocusLost() reason 0
[2019.01.05-19.50.05:788][127]LogSlate: Window 'PairProject - Unreal Editor' being destroyed
[2019.01.05-19.50.05:789][127]LogWindowsTextInputMethodSystem: Display: IME system now deactivated.
[2019.01.05-19.50.05:974][128]Cmd: QUIT_EDITOR
[2019.01.05-19.50.06:117][128]LogExit: Preparing to exit.
