Log file open, 12/30/18 07:37:43
LogWindows: Failed to load 'aqProf.dll' (GetLastError=126)
LogWindows: File 'aqProf.dll' does not exist
LogWindows: Failed to load 'VSPerf140.dll' (GetLastError=126)
LogWindows: File 'VSPerf140.dll' does not exist
LogWindows: Failed to load 'VtuneApi.dll' (GetLastError=126)
LogWindows: File 'VtuneApi.dll' does not exist
LogWindows: Failed to load 'VtuneApi32e.dll' (GetLastError=126)
LogWindows: File 'VtuneApi32e.dll' does not exist
LogInit: Display: Running engine for game: PairProject
LogPlatformFile: Not using cached read wrapper
LogTaskGraph: Started task graph with 5 named threads and 23 total threads with 3 sets of task threads.
LogStats: Stats thread started at 0.529190
LogD3D11RHI: Loaded GFSDK_Aftermath_Lib.x64.dll
LogICUInternationalization: Display: ICU TimeZone Detection - Raw Offset: +0:00, Platform Override: ''
LogPluginManager: Mounting plugin Paper2D
LogPluginManager: Mounting plugin AISupport
LogPluginManager: Mounting plugin LightPropagationVolume
LogPluginManager: Mounting plugin CLionSourceCodeAccess
LogPluginManager: Mounting plugin CodeLiteSourceCodeAccess
LogPluginManager: Mounting plugin GitSourceControl
LogPluginManager: Mounting plugin KDevelopSourceCodeAccess
LogPluginManager: Mounting plugin NullSourceCodeAccess
LogPluginManager: Mounting plugin PerforceSourceControl
LogPluginManager: Mounting plugin SubversionSourceControl
LogPluginManager: Mounting plugin UObjectPlugin
LogPluginManager: Mounting plugin VisualStudioCodeSourceCodeAccess
LogPluginManager: Mounting plugin VisualStudioSourceCodeAccess
LogPluginManager: Mounting plugin XCodeSourceCodeAccess
LogPluginManager: Mounting plugin AssetManagerEditor
LogPluginManager: Mounting plugin CryptoKeys
LogPluginManager: Mounting plugin DataValidation
LogPluginManager: Mounting plugin FacialAnimation
LogPluginManager: Mounting plugin GameplayTagsEditor
LogPluginManager: Mounting plugin MacGraphicsSwitching
LogPluginManager: Mounting plugin MeshEditor
LogPluginManager: Mounting plugin MobileLauncherProfileWizard
LogPluginManager: Mounting plugin PluginBrowser
LogPluginManager: Mounting plugin SpeedTreeImporter
LogPluginManager: Mounting plugin DatasmithContent
LogPluginManager: Mounting plugin AlembicImporter
LogPluginManager: Mounting plugin AppleImageUtils
LogPluginManager: Mounting plugin AppleVision
LogPluginManager: Mounting plugin BackChannel
LogPluginManager: Mounting plugin CharacterAI
LogPluginManager: Mounting plugin GeometryCache
LogPluginManager: Mounting plugin HTML5Networking
LogPluginManager: Mounting plugin ProxyLODPlugin
LogPluginManager: Mounting plugin MagicLeap
LogPluginManager: Mounting plugin MagicLeapEmulator
LogPluginManager: Mounting plugin MagicLeapMedia
LogPluginManager: Mounting plugin AndroidMedia
LogPluginManager: Mounting plugin AvfMedia
LogPluginManager: Mounting plugin ImgMedia
LogPluginManager: Mounting plugin LinearTimecode
LogPluginManager: Mounting plugin MediaCompositing
LogPluginManager: Mounting plugin MediaPlayerEditor
LogPluginManager: Mounting plugin WmfMedia
LogPluginManager: Mounting plugin TcpMessaging
LogPluginManager: Mounting plugin UdpMessaging
LogPluginManager: Mounting plugin ActorSequence
LogPluginManager: Mounting plugin LevelSequenceEditor
LogPluginManager: Mounting plugin MatineeToLevelSequence
LogPluginManager: Mounting plugin NetcodeUnitTest
LogPluginManager: Mounting plugin NUTUnrealEngine4
LogPluginManager: Mounting plugin OnlineSubsystemGooglePlay
LogPluginManager: Mounting plugin OnlineSubsystemIOS
LogPluginManager: Mounting plugin OnlineSubsystem
LogPluginManager: Mounting plugin OnlineSubsystemNull
LogPluginManager: Mounting plugin OnlineSubsystemUtils
LogPluginManager: Mounting plugin LauncherChunkInstaller
LogPluginManager: Mounting plugin AndroidDeviceProfileSelector
LogPluginManager: Mounting plugin AndroidMoviePlayer
LogPluginManager: Mounting plugin AndroidPermission
LogPluginManager: Mounting plugin AppleMoviePlayer
LogPluginManager: Mounting plugin ArchVisCharacter
LogPluginManager: Mounting plugin AudioCapture
LogPluginManager: Mounting plugin CableComponent
LogPluginManager: Mounting plugin CustomMeshComponent
LogPluginManager: Mounting plugin EditableMesh
LogPluginManager: Mounting plugin ExampleDeviceProfileSelector
LogPluginManager: Mounting plugin GoogleCloudMessaging
LogPluginManager: Mounting plugin ImmediatePhysics
LogPluginManager: Mounting plugin IOSDeviceProfileSelector
LogPluginManager: Mounting plugin LinuxDeviceProfileSelector
LogPluginManager: Mounting plugin LocationServicesBPLibrary
LogPluginManager: Mounting plugin MobilePatchingUtils
LogPluginManager: Mounting plugin OculusVR
LogPluginManager: Plugin shader directory ../../../Engine/Plugins/Runtime/Oculus/OculusVR/Shaders found
LogPluginManager: Mapping shader source directory ../../../Engine/Plugins/Runtime/Oculus/OculusVR/Shaders to virtual directory /Plugin/OculusVR
LogPluginManager: Mounting plugin PhysXVehicles
LogPluginManager: Mounting plugin ProceduralMeshComponent
LogPluginManager: Mounting plugin RuntimePhysXCooking
LogPluginManager: Mounting plugin SteamVR
LogPluginManager: Mounting plugin WindowsMoviePlayer
LogStreaming: Display: Took  0.294s to configure plugins.
LogInit: Using libcurl 7.55.1-DEV
LogInit:  - built for x86_64-pc-win32
LogInit:  - supports SSL with OpenSSL/1.0.2h
LogInit:  - supports HTTP deflate (compression) using libz 1.2.8
LogInit:  - other features:
LogInit:      CURL_VERSION_SSL
LogInit:      CURL_VERSION_LIBZ
LogInit:      CURL_VERSION_IPV6
LogInit:      CURL_VERSION_ASYNCHDNS
LogInit:      CURL_VERSION_LARGEFILE
LogInit:      CURL_VERSION_IDN
LogInit:  CurlRequestOptions (configurable via config and command line):
LogInit:  - bVerifyPeer = false  - Libcurl will NOT verify peer certificate
LogInit:  - bUseHttpProxy = false  - Libcurl will NOT use HTTP proxy
LogInit:  - bDontReuseConnections = false  - Libcurl will reuse connections
LogInit:  - CertBundlePath = nullptr  - Libcurl will use whatever was configured at build time.
LogInit:  - MaxHostConnections = 16  - Libcurl will limit the number of connections to a host
LogInit:  - LocalHostAddr = Default
LogInit:  - BufferSize = 65536
LogInit: WinSock: version 1.1 (2.2), MaxSocks=32767, MaxUdp=65467
LogInit: Build: ++UE4+Release-4.20-CL-4369336
LogInit: Engine Version: 4.20.3-4369336+++UE4+Release-4.20
LogInit: Compatible Engine Version: 4.20.0-4212847+++UE4+Release-4.20
LogInit: Net CL: 4212847
LogInit: OS: Windows 10 (), CPU: AMD FX(tm)-8320 Eight-Core Processor           , GPU: NVIDIA GeForce GTX 960
LogInit: Compiled (64-bit): Sep 17 2018 12:26:19
LogInit: Compiled with Visual C++: 19.13.26129.00
LogInit: Build Configuration: Development
LogInit: Branch Name: ++UE4+Release-4.20
LogInit: Command Line:  -skipcompile
LogInit: Base Directory: C:/Program Files/Epic Games/UE_4.20/Engine/Binaries/Win64/
LogInit: Installed Engine Build: 1
LogDevObjectVersion: Number of dev versions registered: 20
LogDevObjectVersion:   Dev-Blueprints (B0D832E4-1F89-4F0D-ACCF-7EB736FD4AA2): 10
LogDevObjectVersion:   Dev-Build (E1C64328-A22C-4D53-A36C-8E866417BD8C): 0
LogDevObjectVersion:   Dev-Core (375EC13C-06E4-48FB-B500-84F0262A717E): 2
LogDevObjectVersion:   Dev-Editor (E4B068ED-F494-42E9-A231-DA0B2E46BB41): 24
LogDevObjectVersion:   Dev-Framework (CFFC743F-43B0-4480-9391-14DF171D2073): 34
LogDevObjectVersion:   Dev-Mobile (B02B49B5-BB20-44E9-A304-32B752E40360): 2
LogDevObjectVersion:   Dev-Networking (A4E4105C-59A1-49B5-A7C5-40C4547EDFEE): 0
LogDevObjectVersion:   Dev-Online (39C831C9-5AE6-47DC-9A44-9C173E1C8E7C): 0
LogDevObjectVersion:   Dev-Physics (78F01B33-EBEA-4F98-B9B4-84EACCB95AA2): 0
LogDevObjectVersion:   Dev-Platform (6631380F-2D4D-43E0-8009-CF276956A95A): 0
LogDevObjectVersion:   Dev-Rendering (12F88B9F-8875-4AFC-A67C-D90C383ABD29): 26
LogDevObjectVersion:   Dev-Sequencer (7B5AE74C-D270-4C10-A958-57980B212A5A): 9
LogDevObjectVersion:   Dev-VR (D7296918-1DD6-4BDD-9DE2-64A83CC13884): 2
LogDevObjectVersion:   Dev-LoadTimes (C2A15278-BFE7-4AFE-6C17-90FF531DF755): 1
LogDevObjectVersion:   Private-Geometry (6EACA3D4-40EC-4CC1-B786-8BED09428FC5): 3
LogDevObjectVersion:   Dev-AnimPhys (29E575DD-E0A3-4627-9D10-D276232CDCEA): 17
LogDevObjectVersion:   Dev-ReflectionCapture (6B266CEC-1EC7-4B8F-A30B-E4D90942FC07): 1
LogDevObjectVersion:   Dev-Automation (0DF73D61-A23F-47EA-B727-89E90C41499A): 1
LogDevObjectVersion:   FortniteMain (601D1886-AC64-4F84-AA16-D3DE0DEAC7D6): 12
LogDevObjectVersion:   Dev-Enterprise (9DFFBCD6-494F-0158-E221-12823C92A888): 1
LogStreaming: Display: Took  0.006s to delete old logs.
LogInit: Presizing for max 8388607 objects, including 0 objects not considered by GC, pre-allocating 0 bytes for permanent pool.
LogInit: Object subsystem initialized
[2018.12.30-07.37.44:340][  0]LogInit: Selected Device Profile: [Windows]
[2018.12.30-07.37.44:340][  0]LogInit: Applying CVar settings loaded from the selected device profile: [Windows]
[2018.12.30-07.37.44:392][  0]LogHAL: Display: Platform has ~ 16 GB [17125670912 / 17179869184 / 16], which maps to Larger [LargestMinGB=32, LargerMinGB=12, DefaultMinGB=8, SmallerMinGB=6, SmallestMinGB=0)
[2018.12.30-07.37.44:392][  0]LogInit: Setting Device Profile CVar: [[r.Vulkan.UseRealUBs:1]]
[2018.12.30-07.37.44:393][  0]LogInit: Going up to parent DeviceProfile []
[2018.12.30-07.37.44:399][  0]LogInit: Computer: DESKTOP-P20JPTF
[2018.12.30-07.37.44:399][  0]LogInit: User: Minat
[2018.12.30-07.37.44:399][  0]LogInit: CPU Page size=4096, Cores=4
[2018.12.30-07.37.44:399][  0]LogInit: High frequency timer resolution =3.418060 MHz
[2018.12.30-07.37.44:400][  0]LogMemory: Memory total: Physical=15.9GB (16GB approx)
[2018.12.30-07.37.44:400][  0]LogMemory: Platform Memory Stats for Windows
[2018.12.30-07.37.44:400][  0]LogMemory: Process Physical Memory: 101.21 MB used, 101.21 MB peak
[2018.12.30-07.37.44:400][  0]LogMemory: Process Virtual Memory: 93.16 MB used, 93.16 MB peak
[2018.12.30-07.37.44:400][  0]LogMemory: Physical Memory: 8069.46 MB used,  8262.86 MB free, 16332.31 MB total
[2018.12.30-07.37.44:400][  0]LogMemory: Virtual Memory: 4642.79 MB used,  8262.86 MB free, 134217728.00 MB total
[2018.12.30-07.37.44:587][  0]LogInit: Using OS detected language (en-US).
[2018.12.30-07.37.44:587][  0]LogInit: Using OS detected locale (en-GB).
[2018.12.30-07.37.44:589][  0]LogTextLocalizationManager: No specific localization for 'en-US' exists, so the 'en' localization will be used.
[2018.12.30-07.37.45:160][  0]LogStreaming: Display: Took  0.572s to InitEngineTextLocalization.
[2018.12.30-07.37.45:160][  0]LogInit: Setting process to per monitor DPI aware
[2018.12.30-07.37.45:363][  0]LogSlate: New Slate User Created.  User Index 0, Is Virtual User: 0
[2018.12.30-07.37.45:364][  0]LogSlate: Slate User Registered.  User Index 0, Is Virtual User: 0
[2018.12.30-07.37.49:776][  0]LogHMD: Failed to initialize OpenVR with code 110
[2018.12.30-07.37.49:776][  0]LogD3D11RHI: D3D11 adapters:
[2018.12.30-07.37.49:888][  0]LogD3D11RHI:    0. 'NVIDIA GeForce GTX 960' (Feature Level 11_0)
[2018.12.30-07.37.49:888][  0]LogD3D11RHI:       2007/0/8166 MB DedicatedVideo/DedicatedSystem/SharedSystem, Outputs:1, VendorId:0x10de
[2018.12.30-07.37.49:894][  0]LogD3D11RHI:    1. 'Microsoft Basic Render Driver' (Feature Level 11_0)
[2018.12.30-07.37.49:894][  0]LogD3D11RHI:       0/0/8166 MB DedicatedVideo/DedicatedSystem/SharedSystem, Outputs:0, VendorId:0x1414
[2018.12.30-07.37.49:894][  0]LogD3D11RHI: Chosen D3D11 Adapter: 0
[2018.12.30-07.37.49:907][  0]LogD3D11RHI: Creating new Direct3DDevice
[2018.12.30-07.37.49:907][  0]LogD3D11RHI:     GPU DeviceId: 0x1401 (for the marketing name, search the web for "GPU Device Id")
[2018.12.30-07.37.49:907][  0]LogWindows: EnumDisplayDevices:
[2018.12.30-07.37.49:907][  0]LogWindows:    0. 'NVIDIA GeForce GTX 960' (P:1 D:1)
[2018.12.30-07.37.49:908][  0]LogWindows:    1. 'NVIDIA GeForce GTX 960' (P:0 D:0)
[2018.12.30-07.37.49:908][  0]LogWindows:    2. 'NVIDIA GeForce GTX 960' (P:0 D:0)
[2018.12.30-07.37.49:908][  0]LogWindows:    3. 'NVIDIA GeForce GTX 960' (P:0 D:0)
[2018.12.30-07.37.49:909][  0]LogWindows: DebugString: FoundDriverCount:4 
[2018.12.30-07.37.49:909][  0]LogD3D11RHI:     Adapter Name: NVIDIA GeForce GTX 960
[2018.12.30-07.37.49:909][  0]LogD3D11RHI:   Driver Version: 399.24 (internal:24.21.13.9924, unified:399.24)
[2018.12.30-07.37.49:909][  0]LogD3D11RHI:      Driver Date: 9-5-2018
[2018.12.30-07.37.49:909][  0]LogRHI: Texture pool is 1405 MB (70% of 2007 MB)
[2018.12.30-07.37.49:978][  0]LogD3D11RHI: Async texture creation enabled
[2018.12.30-07.37.49:996][  0]LogD3D11RHI: GPU Timing Frequency: 1000.000000 (Debug: 2 2)
[2018.12.30-07.37.50:045][  0]LogShaderCompilers: Guid format shader working directory is -39 characters bigger than the processId version (E:/Staffs Uni/Level 5/Technical Games Production/Pair/NEW/TGPPairProject/PairProject/Intermediate/Shaders/WorkingDirectory/20256/).
[2018.12.30-07.37.50:045][  0]LogShaderCompilers: Cleaned the shader compiler working directory 'C:/Users/Minat/AppData/Local/Temp/UnrealShaderWorkingDir/EA5B589B4CDB6A9DB5D6BDB9619503AD/'.
[2018.12.30-07.37.50:388][  0]LogTemp: Display: Loaded TP AllDesktopTargetPlatform
[2018.12.30-07.37.50:414][  0]LogTemp: Display: Loaded TP MacClientTargetPlatform
[2018.12.30-07.37.50:439][  0]LogTemp: Display: Loaded TP MacNoEditorTargetPlatform
[2018.12.30-07.37.50:464][  0]LogTemp: Display: Loaded TP MacServerTargetPlatform
[2018.12.30-07.37.50:516][  0]LogTemp: Display: Loaded TP MacTargetPlatform
[2018.12.30-07.37.50:540][  0]LogTemp: Display: Loaded TP WindowsClientTargetPlatform
[2018.12.30-07.37.50:565][  0]LogTemp: Display: Loaded TP WindowsNoEditorTargetPlatform
[2018.12.30-07.37.50:590][  0]LogTemp: Display: Loaded TP WindowsServerTargetPlatform
[2018.12.30-07.37.50:604][  0]LogTemp: Display: Loaded TP WindowsTargetPlatform
[2018.12.30-07.37.50:753][  0]LogTemp: Display: Loaded TP AndroidTargetPlatform
[2018.12.30-07.37.50:753][  0]LogTemp: Display: Loaded TP AndroidTargetPlatform
[2018.12.30-07.37.50:753][  0]LogTemp: Display: Loaded TP AndroidTargetPlatform
[2018.12.30-07.37.50:753][  0]LogTemp: Display: Loaded TP AndroidTargetPlatform
[2018.12.30-07.37.50:753][  0]LogTemp: Display: Loaded TP AndroidTargetPlatform
[2018.12.30-07.37.50:753][  0]LogTemp: Display: Loaded TP AndroidTargetPlatform
[2018.12.30-07.37.50:753][  0]LogTemp: Display: Loaded TP AndroidTargetPlatform
[2018.12.30-07.37.50:754][  0]LogTemp: Display: Loaded TP AndroidTargetPlatform
[2018.12.30-07.37.50:754][  0]LogTemp: Display: Loaded TP AndroidTargetPlatform
[2018.12.30-07.37.50:754][  0]LogTemp: Display: Loaded TP AndroidTargetPlatform
[2018.12.30-07.37.50:754][  0]LogTemp: Display: Loaded TP AndroidTargetPlatform
[2018.12.30-07.37.50:754][  0]LogTemp: Display: Loaded TP AndroidTargetPlatform
[2018.12.30-07.37.50:754][  0]LogTemp: Display: Loaded TP AndroidTargetPlatform
[2018.12.30-07.37.50:754][  0]LogTemp: Display: Loaded TP AndroidTargetPlatform
[2018.12.30-07.37.50:754][  0]LogTemp: Display: Loaded TP AndroidTargetPlatform
[2018.12.30-07.37.50:754][  0]LogTemp: Display: Loaded TP AndroidTargetPlatform
[2018.12.30-07.37.50:754][  0]LogTemp: Display: Loaded TP AndroidTargetPlatform
[2018.12.30-07.37.50:754][  0]LogTemp: Display: Loaded TP AndroidTargetPlatform
[2018.12.30-07.37.50:758][  0]LogTemp: Display: Loaded TP HTML5TargetPlatform
[2018.12.30-07.37.50:884][  0]LogTemp: Display: Loaded TP IOSTargetPlatform
[2018.12.30-07.37.50:884][  0]LogTemp: Display: Loaded TP IOSTargetPlatform
[2018.12.30-07.37.50:926][  0]LogTemp: Display: Loaded TP TVOSTargetPlatform
[2018.12.30-07.37.50:926][  0]LogTemp: Display: Loaded TP TVOSTargetPlatform
[2018.12.30-07.37.50:949][  0]LogTemp: Display: Loaded TP LinuxClientTargetPlatform
[2018.12.30-07.37.50:972][  0]LogTemp: Display: Loaded TP LinuxNoEditorTargetPlatform
[2018.12.30-07.37.50:995][  0]LogTemp: Display: Loaded TP LinuxServerTargetPlatform
[2018.12.30-07.37.51:031][  0]LogTemp: Display: Loaded TP LinuxTargetPlatform
[2018.12.30-07.37.51:048][  0]LogTemp: Display: Loaded TP LuminTargetPlatform
[2018.12.30-07.37.51:049][  0]LogTargetPlatformManager: Display: Building Assets For Windows
[2018.12.30-07.37.51:219][  0]LogXGEController: Cleaning working directory: C:/Users/Minat/AppData/Local/Temp/UnrealXGEWorkingDir/
[2018.12.30-07.37.51:220][  0]LogXGEController: Cannot use XGE Controller as Incredibuild is not installed on this machine.
[2018.12.30-07.37.51:220][  0]LogShaderCompilers: Cannot use XGE Shader Compiler as Incredibuild is not installed on this machine.
[2018.12.30-07.37.51:220][  0]LogShaderCompilers: Display: Using Local Shader Compiler.
[2018.12.30-07.37.54:076][  0]LogDerivedDataCache: Display: Max Cache Size: 512 MB
[2018.12.30-07.37.54:171][  0]LogDerivedDataCache: Loaded boot cache 0.09s 71MB C:/Users/Minat/AppData/Local/UnrealEngine/4.20/DerivedDataCache/Boot.ddc.
[2018.12.30-07.37.54:172][  0]LogDerivedDataCache: Display: Loaded Boot cache: C:/Users/Minat/AppData/Local/UnrealEngine/4.20/DerivedDataCache/Boot.ddc
[2018.12.30-07.37.54:173][  0]LogDerivedDataCache: FDerivedDataBackendGraph:  Pak pak cache file E:/Staffs Uni/Level 5/Technical Games Production/Pair/NEW/TGPPairProject/PairProject/DerivedDataCache/DDC.ddp not found, will not use a pak cache.
[2018.12.30-07.37.54:173][  0]LogDerivedDataCache: Unable to find inner node Pak for hierarchical cache Hierarchy.
[2018.12.30-07.37.54:173][  0]LogDerivedDataCache: FDerivedDataBackendGraph:  CompressedPak pak cache file E:/Staffs Uni/Level 5/Technical Games Production/Pair/NEW/TGPPairProject/PairProject/DerivedDataCache/Compressed.ddp not found, will not use a pak cache.
[2018.12.30-07.37.54:173][  0]LogDerivedDataCache: Unable to find inner node CompressedPak for hierarchical cache Hierarchy.
[2018.12.30-07.37.54:189][  0]LogDerivedDataCache: Display: Pak cache opened for reading ../../../Engine/DerivedDataCache/Compressed.ddp.
[2018.12.30-07.37.54:203][  0]LogDerivedDataCache: Using Local data cache path C:/Users/Minat/AppData/Local/UnrealEngine/Common/DerivedDataCache: Writable
[2018.12.30-07.37.54:203][  0]LogDerivedDataCache: Shared data cache path not found in *engine.ini, will not use an Shared cache.
[2018.12.30-07.37.54:204][  0]LogDerivedDataCache: Unable to find inner node Shared for hierarchical cache Hierarchy.
[2018.12.30-07.37.54:234][  0]LogMaterial: Verifying Global Shaders for PCD3D_SM5
[2018.12.30-07.37.54:236][  0]LogSlate: Using FreeType 2.6.0
[2018.12.30-07.37.54:265][  0]LogSlate: SlateFontServices - WITH_FREETYPE: 1, WITH_HARFBUZZ: 1
[2018.12.30-07.37.56:121][  0]LogAssetRegistry: FAssetRegistry took 0.0330 seconds to start up
[2018.12.30-07.37.56:679][  0]LogInit: Selected Device Profile: [Windows]
[2018.12.30-07.37.56:893][  0]LogSimplygon: Simplygon DLL not present - disabling.
[2018.12.30-07.37.56:902][  0]LogMeshReduction: Using SimplygonSwarm for distributed automatic mesh merging
[2018.12.30-07.37.56:902][  0]LogMeshReduction: Using ProxyLODMeshReduction for automatic mesh merging
[2018.12.30-07.37.56:902][  0]LogMeshReduction: Using QuadricMeshReduction for automatic static mesh reduction
[2018.12.30-07.37.56:902][  0]LogMeshReduction: No automatic skeletal mesh reduction module available
[2018.12.30-07.37.56:923][  0]LogNetVersion: PairProject 1.0.0, NetCL: 4212847, EngineNetVer: 5, GameNetVer: 0 (Checksum: 2248716754)
[2018.12.30-07.37.57:831][  0]LogPackageLocalizationCache: Processed 11 localized package path(s) for 2 prioritized culture(s) in 0.350249 seconds
[2018.12.30-07.37.57:841][  0]LogUObjectArray: 38425 objects as part of root set at end of initial load.
[2018.12.30-07.37.57:841][  0]LogUObjectAllocator: 6690872 out of 0 bytes used by permanent object pool.
[2018.12.30-07.37.57:841][  0]LogUObjectArray: CloseDisregardForGC: 0/0 objects in disregard for GC pool
[2018.12.30-07.38.20:317][  0]LogTcpMessaging: Initializing TcpMessaging bridge
[2018.12.30-07.38.20:336][  0]LogUdpMessaging: Initializing bridge on interface 0.0.0.0:0 to multicast group 230.0.0.1:6666.
