Log file open, 01/06/19 17:18:40
LogWindows: Failed to load 'aqProf.dll' (GetLastError=126)
LogWindows: File 'aqProf.dll' does not exist
LogWindows: Failed to load 'VSPerf140.dll' (GetLastError=126)
LogWindows: File 'VSPerf140.dll' does not exist
LogWindows: Failed to load 'VtuneApi.dll' (GetLastError=126)
LogWindows: File 'VtuneApi.dll' does not exist
LogWindows: Failed to load 'VtuneApi32e.dll' (GetLastError=126)
LogWindows: File 'VtuneApi32e.dll' does not exist
LogInit: Display: Running engine for game: PairProject
LogPlatformFile: Not using cached read wrapper
LogTaskGraph: Started task graph with 5 named threads and 14 total threads with 3 sets of task threads.
LogStats: Stats thread started at 0.239574
LogD3D11RHI: Loaded GFSDK_Aftermath_Lib.x64.dll
LogICUInternationalization: Display: ICU TimeZone Detection - Raw Offset: +0:00, Platform Override: ''
LogPluginManager: Mounting plugin Paper2D
LogPluginManager: Mounting plugin AISupport
LogPluginManager: Mounting plugin LightPropagationVolume
LogPluginManager: Mounting plugin CLionSourceCodeAccess
LogPluginManager: Mounting plugin CodeLiteSourceCodeAccess
LogPluginManager: Mounting plugin GitSourceControl
LogPluginManager: Mounting plugin KDevelopSourceCodeAccess
LogPluginManager: Mounting plugin NullSourceCodeAccess
LogPluginManager: Mounting plugin PerforceSourceControl
LogPluginManager: Mounting plugin SubversionSourceControl
LogPluginManager: Mounting plugin UObjectPlugin
LogPluginManager: Mounting plugin VisualStudioCodeSourceCodeAccess
LogPluginManager: Mounting plugin VisualStudioSourceCodeAccess
LogPluginManager: Mounting plugin XCodeSourceCodeAccess
LogPluginManager: Mounting plugin AssetManagerEditor
LogPluginManager: Mounting plugin CryptoKeys
LogPluginManager: Mounting plugin DataValidation
LogPluginManager: Mounting plugin FacialAnimation
LogPluginManager: Mounting plugin GameplayTagsEditor
LogPluginManager: Mounting plugin MacGraphicsSwitching
LogPluginManager: Mounting plugin MeshEditor
LogPluginManager: Mounting plugin MobileLauncherProfileWizard
LogPluginManager: Mounting plugin PluginBrowser
LogPluginManager: Mounting plugin SpeedTreeImporter
LogPluginManager: Mounting plugin DatasmithContent
LogPluginManager: Mounting plugin AlembicImporter
LogPluginManager: Mounting plugin AppleImageUtils
LogPluginManager: Mounting plugin AppleVision
LogPluginManager: Mounting plugin BackChannel
LogPluginManager: Mounting plugin CharacterAI
LogPluginManager: Mounting plugin GeometryCache
LogPluginManager: Mounting plugin HTML5Networking
LogPluginManager: Mounting plugin ProxyLODPlugin
LogPluginManager: Mounting plugin MagicLeap
LogPluginManager: Mounting plugin MagicLeapEmulator
LogPluginManager: Mounting plugin MagicLeapMedia
LogPluginManager: Mounting plugin AndroidMedia
LogPluginManager: Mounting plugin AvfMedia
LogPluginManager: Mounting plugin ImgMedia
LogPluginManager: Mounting plugin LinearTimecode
LogPluginManager: Mounting plugin MediaCompositing
LogPluginManager: Mounting plugin MediaPlayerEditor
LogPluginManager: Mounting plugin WmfMedia
LogPluginManager: Mounting plugin TcpMessaging
LogPluginManager: Mounting plugin UdpMessaging
LogPluginManager: Mounting plugin ActorSequence
LogPluginManager: Mounting plugin LevelSequenceEditor
LogPluginManager: Mounting plugin MatineeToLevelSequence
LogPluginManager: Mounting plugin NetcodeUnitTest
LogPluginManager: Mounting plugin NUTUnrealEngine4
LogPluginManager: Mounting plugin OnlineSubsystemGooglePlay
LogPluginManager: Mounting plugin OnlineSubsystemIOS
LogPluginManager: Mounting plugin OnlineSubsystem
LogPluginManager: Mounting plugin OnlineSubsystemNull
LogPluginManager: Mounting plugin OnlineSubsystemUtils
LogPluginManager: Mounting plugin LauncherChunkInstaller
LogPluginManager: Mounting plugin AndroidDeviceProfileSelector
LogPluginManager: Mounting plugin AndroidMoviePlayer
LogPluginManager: Mounting plugin AndroidPermission
LogPluginManager: Mounting plugin ApexDestruction
LogPluginManager: Mounting plugin AppleMoviePlayer
LogPluginManager: Mounting plugin ArchVisCharacter
LogPluginManager: Mounting plugin AudioCapture
LogPluginManager: Mounting plugin CableComponent
LogPluginManager: Mounting plugin CustomMeshComponent
LogPluginManager: Mounting plugin EditableMesh
LogPluginManager: Mounting plugin ExampleDeviceProfileSelector
LogPluginManager: Mounting plugin GoogleCloudMessaging
LogPluginManager: Mounting plugin ImmediatePhysics
LogPluginManager: Mounting plugin IOSDeviceProfileSelector
LogPluginManager: Mounting plugin LinuxDeviceProfileSelector
LogPluginManager: Mounting plugin LocationServicesBPLibrary
LogPluginManager: Mounting plugin MobilePatchingUtils
LogPluginManager: Mounting plugin OculusVR
LogPluginManager: Plugin shader directory ../../../Engine/Plugins/Runtime/Oculus/OculusVR/Shaders found
LogPluginManager: Mapping shader source directory ../../../Engine/Plugins/Runtime/Oculus/OculusVR/Shaders to virtual directory /Plugin/OculusVR
LogPluginManager: Mounting plugin PhysXVehicles
LogPluginManager: Mounting plugin ProceduralMeshComponent
LogPluginManager: Mounting plugin RuntimePhysXCooking
LogPluginManager: Mounting plugin SteamVR
LogPluginManager: Mounting plugin WindowsMoviePlayer
LogStreaming: Display: Took  0.216s to configure plugins.
LogInit: Warning: Incompatible or missing module: PairProject
Running C:/Epic/UE4/UE_4.20/Engine/Binaries/DotNET/UnrealBuildTool.exe Development Win64 -Project="E:/Staffs Uni/Level 5/Technical Games Production/Pair/TGPPairProject-master/PairProject/PairProject.uproject" -TargetType=Editor -Progress -NoHotReloadFromIDE
Creating makefile for PairProjectEditor (game project files are newer)
Using Visual Studio 2017 14.14.26428 toolchain (C:\Program Files (x86)\Microsoft Visual Studio\2017\Professional\VC\Tools\MSVC\14.14.26428) and Windows 10.0.17134.0 SDK (C:\Program Files (x86)\Windows Kits\10).
@progress push 5%
Parsing headers for PairProjectEditor
  Running UnrealHeaderTool "E:\Staffs Uni\Level 5\Technical Games Production\Pair\TGPPairProject-master\PairProject\PairProject.uproject" "E:\Staffs Uni\Level 5\Technical Games Production\Pair\TGPPairProject-master\PairProject\Intermediate\Build\Win64\PairProjectEditor\Development\PairProjectEditor.uhtmanifest" -LogCmds="loginit warning, logexit warning, logdatabase error" -Unattended -WarningsAsErrors -installed
Reflection code generated for PairProjectEditor in 13.8446006 seconds
@progress pop
Building 31 actions with 4 processes...
  @progress 'Compiling C++ source code...' 0%
  @progress 'Compiling C++ source code...' 3%
  [1/31] SharedPCH.Engine.cpp
  @progress 'Compiling C++ source code...' 6%
  [2/31] PairProject.init.gen.cpp
  @progress 'Compiling C++ source code...' 10%
  [3/31] ImpaCharacter.gen.cpp
  e:\staffs uni\level 5\technical games production\pair\tgppairproject-master\pairproject\source\pairproject\public\BaseCharacter.h(155): warning C4263: 'void ABaseCharacter::TakeDamage(float)': member function does not override any base class virtual member function
  e:\staffs uni\level 5\technical games production\pair\tgppairproject-master\pairproject\source\pairproject\public\BaseCharacter.h(188): warning C4264: 'float APawn::TakeDamage(float,const FDamageEvent &,AController *,AActor *)': no override available for virtual member function from base 'APawn'; function is hidden
  C:\Epic\UE4\UE_4.20\Engine\Source\Runtime\Engine\Classes\GameFramework/Pawn.h(218): note: see declaration of 'APawn::TakeDamage'
  C:\Epic\UE4\UE_4.20\Engine\Intermediate\Build\Win64\UE4Editor\Inc\Engine\AnimInstance.generated.h(23): note: see declaration of 'APawn'
  @progress 'Compiling C++ source code...' 13%
  [4/31] LinkCharacter.gen.cpp
  e:\staffs uni\level 5\technical games production\pair\tgppairproject-master\pairproject\source\pairproject\public\BaseCharacter.h(155): warning C4263: 'void ABaseCharacter::TakeDamage(float)': member function does not override any base class virtual member function
  e:\staffs uni\level 5\technical games production\pair\tgppairproject-master\pairproject\source\pairproject\public\BaseCharacter.h(188): warning C4264: 'float APawn::TakeDamage(float,const FDamageEvent &,AController *,AActor *)': no override available for virtual member function from base 'APawn'; function is hidden
  C:\Epic\UE4\UE_4.20\Engine\Source\Runtime\Engine\Classes\GameFramework/Pawn.h(218): note: see declaration of 'APawn::TakeDamage'
  C:\Epic\UE4\UE_4.20\Engine\Intermediate\Build\Win64\UE4Editor\Inc\Engine\AnimInstance.generated.h(23): note: see declaration of 'APawn'
  @progress 'Compiling C++ source code...' 16%
  [5/31] MyPlayerController.gen.cpp
  e:\staffs uni\level 5\technical games production\pair\tgppairproject-master\pairproject\source\pairproject\public\BaseCharacter.h(155): warning C4263: 'void ABaseCharacter::TakeDamage(float)': member function does not override any base class virtual member function
  e:\staffs uni\level 5\technical games production\pair\tgppairproject-master\pairproject\source\pairproject\public\BaseCharacter.h(188): warning C4264: 'float APawn::TakeDamage(float,const FDamageEvent &,AController *,AActor *)': no override available for virtual member function from base 'APawn'; function is hidden
  C:\Epic\UE4\UE_4.20\Engine\Source\Runtime\Engine\Classes\GameFramework/Pawn.h(218): note: see declaration of 'APawn::TakeDamage'
  C:\Epic\UE4\UE_4.20\Engine\Intermediate\Build\Win64\UE4Editor\Inc\Engine\AnimInstance.generated.h(23): note: see declaration of 'APawn'
  E:\Staffs Uni\Level 5\Technical Games Production\Pair\TGPPairProject-master\PairProject\Source\PairProject/Public/MyPlayerController.h(33): warning C4263: 'void AMyPlayerController::SetupInputComponent(UInputComponent *)': member function does not override any base class virtual member function
  E:\Staffs Uni\Level 5\Technical Games Production\Pair\TGPPairProject-master\PairProject\Source\PairProject/Public/MyPlayerController.h(40): warning C4264: 'void APlayerController::SetupInputComponent(void)': no override available for virtual member function from base 'APlayerController'; function is hidden
  C:\Epic\UE4\UE_4.20\Engine\Source\Runtime\Engine\Classes\GameFramework/PlayerController.h(1633): note: see declaration of 'APlayerController::SetupInputComponent'
  C:\Epic\UE4\UE_4.20\Engine\Source\Runtime\Engine\Classes\Engine/Player.h(14): note: see declaration of 'APlayerController'
  @progress 'Compiling C++ source code...' 19%
  [6/31] IAttackable.gen.cpp
  @progress 'Compiling C++ source code...' 23%
  [7/31] BasePot.gen.cpp
  @progress 'Compiling C++ source code...' 26%
  [8/31] FreezeEnemy.gen.cpp
  @progress 'Compiling C++ source code...' 29%
  [9/31] BasePlayerWeapon.gen.cpp
  @progress 'Compiling C++ source code...' 32%
  [10/31] BasePickup.gen.cpp
  @progress 'Compiling C++ source code...' 35%
  [11/31] BaseKeep.gen.cpp
  @progress 'Compiling C++ source code...' 39%
  [12/31] BaseEnemy.gen.cpp
  @progress 'Compiling C++ source code...' 42%
  [13/31] BaseAttack.gen.cpp
  @progress 'Compiling C++ source code...' 45%
  [14/31] BaseCharacter.gen.cpp
  E:\Staffs Uni\Level 5\Technical Games Production\Pair\TGPPairProject-master\PairProject\Source\PairProject/Public/BaseCharacter.h(155): warning C4263: 'void ABaseCharacter::TakeDamage(float)': member function does not override any base class virtual member function
  E:\Staffs Uni\Level 5\Technical Games Production\Pair\TGPPairProject-master\PairProject\Source\PairProject/Public/BaseCharacter.h(188): warning C4264: 'float APawn::TakeDamage(float,const FDamageEvent &,AController *,AActor *)': no override available for virtual member function from base 'APawn'; function is hidden
  C:\Epic\UE4\UE_4.20\Engine\Source\Runtime\Engine\Classes\GameFramework/Pawn.h(218): note: see declaration of 'APawn::TakeDamage'
  C:\Epic\UE4\UE_4.20\Engine\Intermediate\Build\Win64\UE4Editor\Inc\Engine\AnimInstance.generated.h(23): note: see declaration of 'APawn'
  @progress 'Compiling C++ source code...' 48%
  [15/31] BaseKeep.cpp
  @progress 'Compiling C++ source code...' 52%
  [16/31] LinkCharacter.cpp
  e:\staffs uni\level 5\technical games production\pair\tgppairproject-master\pairproject\source\pairproject\public\BaseCharacter.h(155): warning C4263: 'void ABaseCharacter::TakeDamage(float)': member function does not override any base class virtual member function
  e:\staffs uni\level 5\technical games production\pair\tgppairproject-master\pairproject\source\pairproject\public\BaseCharacter.h(188): warning C4264: 'float APawn::TakeDamage(float,const FDamageEvent &,AController *,AActor *)': no override available for virtual member function from base 'APawn'; function is hidden
  C:\Epic\UE4\UE_4.20\Engine\Source\Runtime\Engine\Classes\GameFramework/Pawn.h(218): note: see declaration of 'APawn::TakeDamage'
  C:\Epic\UE4\UE_4.20\Engine\Intermediate\Build\Win64\UE4Editor\Inc\Engine\AnimInstance.generated.h(23): note: see declaration of 'APawn'
  @progress 'Compiling C++ source code...' 55%
  [17/31] IAttackable.cpp
  @progress 'Compiling C++ source code...' 58%
  [18/31] ImpaCharacter.cpp
  e:\staffs uni\level 5\technical games production\pair\tgppairproject-master\pairproject\source\pairproject\public\BaseCharacter.h(155): warning C4263: 'void ABaseCharacter::TakeDamage(float)': member function does not override any base class virtual member function
  e:\staffs uni\level 5\technical games production\pair\tgppairproject-master\pairproject\source\pairproject\public\BaseCharacter.h(188): warning C4264: 'float APawn::TakeDamage(float,const FDamageEvent &,AController *,AActor *)': no override available for virtual member function from base 'APawn'; function is hidden
  C:\Epic\UE4\UE_4.20\Engine\Source\Runtime\Engine\Classes\GameFramework/Pawn.h(218): note: see declaration of 'APawn::TakeDamage'
  C:\Epic\UE4\UE_4.20\Engine\Intermediate\Build\Win64\UE4Editor\Inc\Engine\AnimInstance.generated.h(23): note: see declaration of 'APawn'
  @progress 'Compiling C++ source code...' 61%
  [19/31] BasePot.cpp
  @progress 'Compiling C++ source code...' 65%
  [20/31] FreezeEnemy.cpp
  E:\Staffs Uni\Level 5\Technical Games Production\Pair\TGPPairProject-master\PairProject\Source\PairProject/Public/BaseCharacter.h(155): warning C4263: 'void ABaseCharacter::TakeDamage(float)': member function does not override any base class virtual member function
  E:\Staffs Uni\Level 5\Technical Games Production\Pair\TGPPairProject-master\PairProject\Source\PairProject/Public/BaseCharacter.h(188): warning C4264: 'float APawn::TakeDamage(float,const FDamageEvent &,AController *,AActor *)': no override available for virtual member function from base 'APawn'; function is hidden
  C:\Epic\UE4\UE_4.20\Engine\Source\Runtime\Engine\Classes\GameFramework/Pawn.h(218): note: see declaration of 'APawn::TakeDamage'
  C:\Epic\UE4\UE_4.20\Engine\Intermediate\Build\Win64\UE4Editor\Inc\Engine\AnimInstance.generated.h(23): note: see declaration of 'APawn'
  @progress 'Compiling C++ source code...' 68%
  [21/31] BasePickup.cpp
  @progress 'Compiling C++ source code...' 71%
  [22/31] BasePlayerWeapon.cpp
  @progress 'Compiling C++ source code...' 74%
  [23/31] BaseEnemy.cpp
  @progress 'Compiling C++ source code...' 77%
  [24/31] BaseAttack.cpp
  @progress 'Compiling C++ source code...' 81%
  [25/31] MyPlayerController.cpp
  e:\staffs uni\level 5\technical games production\pair\tgppairproject-master\pairproject\source\pairproject\public\BaseCharacter.h(155): warning C4263: 'void ABaseCharacter::TakeDamage(float)': member function does not override any base class virtual member function
  e:\staffs uni\level 5\technical games production\pair\tgppairproject-master\pairproject\source\pairproject\public\BaseCharacter.h(188): warning C4264: 'float APawn::TakeDamage(float,const FDamageEvent &,AController *,AActor *)': no override available for virtual member function from base 'APawn'; function is hidden
  C:\Epic\UE4\UE_4.20\Engine\Source\Runtime\Engine\Classes\GameFramework/Pawn.h(218): note: see declaration of 'APawn::TakeDamage'
  C:\Epic\UE4\UE_4.20\Engine\Intermediate\Build\Win64\UE4Editor\Inc\Engine\AnimInstance.generated.h(23): note: see declaration of 'APawn'
  E:\Staffs Uni\Level 5\Technical Games Production\Pair\TGPPairProject-master\PairProject\Source\PairProject\Public\MyPlayerController.h(33): warning C4263: 'void AMyPlayerController::SetupInputComponent(UInputComponent *)': member function does not override any base class virtual member function
  E:\Staffs Uni\Level 5\Technical Games Production\Pair\TGPPairProject-master\PairProject\Source\PairProject\Public\MyPlayerController.h(40): warning C4264: 'void APlayerController::SetupInputComponent(void)': no override available for virtual member function from base 'APlayerController'; function is hidden
  C:\Epic\UE4\UE_4.20\Engine\Source\Runtime\Engine\Classes\GameFramework/PlayerController.h(1633): note: see declaration of 'APlayerController::SetupInputComponent'
  C:\Epic\UE4\UE_4.20\Engine\Source\Runtime\Engine\Classes\Engine/Player.h(14): note: see declaration of 'APlayerController'
  @progress 'Compiling C++ source code...' 84%
  [26/31] PairProjectGameModeBase.cpp
  @progress 'Compiling C++ source code...' 87%
  [27/31] PairProject.cpp
  @progress 'Compiling C++ source code...' 90%
  [28/31] BaseCharacter.cpp
  E:\Staffs Uni\Level 5\Technical Games Production\Pair\TGPPairProject-master\PairProject\Source\PairProject\Public\BaseCharacter.h(155): warning C4263: 'void ABaseCharacter::TakeDamage(float)': member function does not override any base class virtual member function
  E:\Staffs Uni\Level 5\Technical Games Production\Pair\TGPPairProject-master\PairProject\Source\PairProject\Public\BaseCharacter.h(188): warning C4264: 'float APawn::TakeDamage(float,const FDamageEvent &,AController *,AActor *)': no override available for virtual member function from base 'APawn'; function is hidden
  C:\Epic\UE4\UE_4.20\Engine\Source\Runtime\Engine\Classes\GameFramework/Pawn.h(218): note: see declaration of 'APawn::TakeDamage'
  C:\Epic\UE4\UE_4.20\Engine\Intermediate\Build\Win64\UE4Editor\Inc\Engine\AnimInstance.generated.h(23): note: see declaration of 'APawn'
  @progress 'Compiling C++ source code...' 94%
  [29/31] PairProjectGameModeBase.gen.cpp
  @progress 'Compiling C++ source code...' 97%
  [30/31] UE4Editor-PairProject.lib
     Creating library E:\Staffs Uni\Level 5\Technical Games Production\Pair\TGPPairProject-master\PairProject\Intermediate\Build\Win64\UE4Editor\Development\PairProject\UE4Editor-PairProject.lib and object E:\Staffs Uni\Level 5\Technical Games Production\Pair\TGPPairProject-master\PairProject\Intermediate\Build\Win64\UE4Editor\Development\PairProject\UE4Editor-PairProject.exp
  @progress 'Compiling C++ source code...' 100%
  [31/31] UE4Editor-PairProject.dll
     Creating library E:\Staffs Uni\Level 5\Technical Games Production\Pair\TGPPairProject-master\PairProject\Intermediate\Build\Win64\UE4Editor\Development\PairProject\UE4Editor-PairProject.suppressed.lib and object E:\Staffs Uni\Level 5\Technical Games Production\Pair\TGPPairProject-master\PairProject\Intermediate\Build\Win64\UE4Editor\Development\PairProject\UE4Editor-PairProject.suppressed.exp
ERROR: Failed to write dependency cache: The device is not ready.
ERROR: Failed to write FlatCPPIncludeDependencyCache: The device is not ready.
Total build time: 108.09 seconds (Parallel executor: 44.43 seconds)
LogInit: Using libcurl 7.55.1-DEV
LogInit:  - built for x86_64-pc-win32
LogInit:  - supports SSL with OpenSSL/1.0.2h
LogInit:  - supports HTTP deflate (compression) using libz 1.2.8
LogInit:  - other features:
LogInit:      CURL_VERSION_SSL
LogInit:      CURL_VERSION_LIBZ
LogInit:      CURL_VERSION_IPV6
LogInit:      CURL_VERSION_ASYNCHDNS
LogInit:      CURL_VERSION_LARGEFILE
LogInit:      CURL_VERSION_IDN
LogInit:  CurlRequestOptions (configurable via config and command line):
LogInit:  - bVerifyPeer = false  - Libcurl will NOT verify peer certificate
LogInit:  - bUseHttpProxy = false  - Libcurl will NOT use HTTP proxy
LogInit:  - bDontReuseConnections = false  - Libcurl will reuse connections
LogInit:  - CertBundlePath = nullptr  - Libcurl will use whatever was configured at build time.
LogInit:  - MaxHostConnections = 16  - Libcurl will limit the number of connections to a host
LogInit:  - LocalHostAddr = Default
LogInit:  - BufferSize = 65536
LogInit: WinSock: version 1.1 (2.2), MaxSocks=32767, MaxUdp=65467
LogInit: Build: ++UE4+Release-4.20-CL-4369336
LogInit: Engine Version: 4.20.3-4369336+++UE4+Release-4.20
LogInit: Compatible Engine Version: 4.20.0-4212847+++UE4+Release-4.20
LogInit: Net CL: 4212847
LogInit: OS: Windows 10 (), CPU: Intel(R) Xeon(R) CPU E5-1607 v3 @ 3.10GHz, GPU: NVIDIA GeForce GTX 970
LogInit: Compiled (64-bit): Sep 17 2018 12:26:19
LogInit: Compiled with Visual C++: 19.13.26129.00
LogInit: Build Configuration: Development
LogInit: Branch Name: ++UE4+Release-4.20
LogInit: Command Line:  
LogInit: Base Directory: C:/Epic/UE4/UE_4.20/Engine/Binaries/Win64/
LogInit: Installed Engine Build: 1
LogDevObjectVersion: Number of dev versions registered: 20
LogDevObjectVersion:   Dev-Blueprints (B0D832E4-1F89-4F0D-ACCF-7EB736FD4AA2): 10
LogDevObjectVersion:   Dev-Build (E1C64328-A22C-4D53-A36C-8E866417BD8C): 0
LogDevObjectVersion:   Dev-Core (375EC13C-06E4-48FB-B500-84F0262A717E): 2
LogDevObjectVersion:   Dev-Editor (E4B068ED-F494-42E9-A231-DA0B2E46BB41): 24
LogDevObjectVersion:   Dev-Framework (CFFC743F-43B0-4480-9391-14DF171D2073): 34
LogDevObjectVersion:   Dev-Mobile (B02B49B5-BB20-44E9-A304-32B752E40360): 2
LogDevObjectVersion:   Dev-Networking (A4E4105C-59A1-49B5-A7C5-40C4547EDFEE): 0
LogDevObjectVersion:   Dev-Online (39C831C9-5AE6-47DC-9A44-9C173E1C8E7C): 0
LogDevObjectVersion:   Dev-Physics (78F01B33-EBEA-4F98-B9B4-84EACCB95AA2): 0
LogDevObjectVersion:   Dev-Platform (6631380F-2D4D-43E0-8009-CF276956A95A): 0
LogDevObjectVersion:   Dev-Rendering (12F88B9F-8875-4AFC-A67C-D90C383ABD29): 26
LogDevObjectVersion:   Dev-Sequencer (7B5AE74C-D270-4C10-A958-57980B212A5A): 9
LogDevObjectVersion:   Dev-VR (D7296918-1DD6-4BDD-9DE2-64A83CC13884): 2
LogDevObjectVersion:   Dev-LoadTimes (C2A15278-BFE7-4AFE-6C17-90FF531DF755): 1
LogDevObjectVersion:   Private-Geometry (6EACA3D4-40EC-4CC1-B786-8BED09428FC5): 3
LogDevObjectVersion:   Dev-AnimPhys (29E575DD-E0A3-4627-9D10-D276232CDCEA): 17
LogDevObjectVersion:   Dev-ReflectionCapture (6B266CEC-1EC7-4B8F-A30B-E4D90942FC07): 1
LogDevObjectVersion:   Dev-Automation (0DF73D61-A23F-47EA-B727-89E90C41499A): 1
LogDevObjectVersion:   FortniteMain (601D1886-AC64-4F84-AA16-D3DE0DEAC7D6): 12
LogDevObjectVersion:   Dev-Enterprise (9DFFBCD6-494F-0158-E221-12823C92A888): 1
LogStreaming: Display: Took  0.006s to delete old logs.
LogInit: Presizing for max 8388607 objects, including 0 objects not considered by GC, pre-allocating 0 bytes for permanent pool.
LogInit: Object subsystem initialized
[2019.01.06-17.20.53:326][  0]LogInit: Selected Device Profile: [Windows]
[2019.01.06-17.20.53:326][  0]LogInit: Applying CVar settings loaded from the selected device profile: [Windows]
[2019.01.06-17.20.53:366][  0]LogHAL: Display: Platform has ~ 16 GB [17092071424 / 17179869184 / 16], which maps to Larger [LargestMinGB=32, LargerMinGB=12, DefaultMinGB=8, SmallerMinGB=6, SmallestMinGB=0)
[2019.01.06-17.20.53:366][  0]LogInit: Setting Device Profile CVar: [[r.Vulkan.UseRealUBs:1]]
[2019.01.06-17.20.53:366][  0]LogInit: Going up to parent DeviceProfile []
[2019.01.06-17.20.53:366][  0]LogInit: Computer: S500-15
[2019.01.06-17.20.53:366][  0]LogInit: User: c013767h
[2019.01.06-17.20.53:366][  0]LogInit: CPU Page size=4096, Cores=4
[2019.01.06-17.20.53:366][  0]LogInit: High frequency timer resolution =3.020347 MHz
[2019.01.06-17.20.53:366][  0]LogMemory: Memory total: Physical=15.9GB (16GB approx)
[2019.01.06-17.20.53:366][  0]LogMemory: Platform Memory Stats for Windows
[2019.01.06-17.20.53:366][  0]LogMemory: Process Physical Memory: 105.90 MB used, 105.90 MB peak
[2019.01.06-17.20.53:366][  0]LogMemory: Process Virtual Memory: 99.21 MB used, 99.21 MB peak
[2019.01.06-17.20.53:367][  0]LogMemory: Physical Memory: 4148.41 MB used,  12151.86 MB free, 16300.27 MB total
[2019.01.06-17.20.53:367][  0]LogMemory: Virtual Memory: 4681.45 MB used,  12151.86 MB free, 134217728.00 MB total
[2019.01.06-17.20.53:405][  0]LogInit: Using OS detected language (en-US).
[2019.01.06-17.20.53:405][  0]LogInit: Using OS detected locale (en-GB).
[2019.01.06-17.20.53:407][  0]LogTextLocalizationManager: No specific localization for 'en-US' exists, so the 'en' localization will be used.
[2019.01.06-17.20.53:834][  0]LogStreaming: Display: Took  0.429s to InitEngineTextLocalization.
[2019.01.06-17.20.53:835][  0]LogInit: Setting process to per monitor DPI aware
[2019.01.06-17.20.53:876][  0]LogSlate: New Slate User Created.  User Index 0, Is Virtual User: 0
[2019.01.06-17.20.53:876][  0]LogSlate: Slate User Registered.  User Index 0, Is Virtual User: 0
[2019.01.06-17.20.54:235][  0]LogHMD: Failed to initialize OpenVR with code 126
[2019.01.06-17.20.54:236][  0]LogD3D11RHI: D3D11 adapters:
[2019.01.06-17.20.54:313][  0]LogD3D11RHI:    0. 'NVIDIA GeForce GTX 970' (Feature Level 11_0)
[2019.01.06-17.20.54:313][  0]LogD3D11RHI:       4043/0/8150 MB DedicatedVideo/DedicatedSystem/SharedSystem, Outputs:2, VendorId:0x10de
[2019.01.06-17.20.54:316][  0]LogD3D11RHI:    1. 'Microsoft Basic Render Driver' (Feature Level 11_0)
[2019.01.06-17.20.54:316][  0]LogD3D11RHI:       0/0/8150 MB DedicatedVideo/DedicatedSystem/SharedSystem, Outputs:0, VendorId:0x1414
[2019.01.06-17.20.54:316][  0]LogD3D11RHI: Chosen D3D11 Adapter: 0
[2019.01.06-17.20.54:324][  0]LogD3D11RHI: Creating new Direct3DDevice
[2019.01.06-17.20.54:324][  0]LogD3D11RHI:     GPU DeviceId: 0x13c2 (for the marketing name, search the web for "GPU Device Id")
[2019.01.06-17.20.54:324][  0]LogWindows: EnumDisplayDevices:
[2019.01.06-17.20.54:325][  0]LogWindows:    0. 'NVIDIA GeForce GTX 970' (P:1 D:1)
[2019.01.06-17.20.54:325][  0]LogWindows:    1. 'NVIDIA GeForce GTX 970' (P:0 D:1)
[2019.01.06-17.20.54:325][  0]LogWindows:    2. 'NVIDIA GeForce GTX 970' (P:0 D:0)
[2019.01.06-17.20.54:326][  0]LogWindows:    3. 'NVIDIA GeForce GTX 970' (P:0 D:0)
[2019.01.06-17.20.54:326][  0]LogWindows: DebugString: FoundDriverCount:4 
[2019.01.06-17.20.54:326][  0]LogD3D11RHI:     Adapter Name: NVIDIA GeForce GTX 970
[2019.01.06-17.20.54:326][  0]LogD3D11RHI:   Driver Version: 399.24 (internal:24.21.13.9924, unified:399.24)
[2019.01.06-17.20.54:326][  0]LogD3D11RHI:      Driver Date: 9-5-2018
[2019.01.06-17.20.54:326][  0]LogRHI: Texture pool is 2830 MB (70% of 4043 MB)
[2019.01.06-17.20.54:376][  0]LogD3D11RHI: Async texture creation enabled
[2019.01.06-17.20.54:395][  0]LogD3D11RHI: GPU Timing Frequency: 1000.000000 (Debug: 2 2)
[2019.01.06-17.20.54:481][  0]LogShaderCompilers: Guid format shader working directory is -31 characters bigger than the processId version (E:/Staffs Uni/Level 5/Technical Games Production/Pair/TGPPairProject-master/PairProject/Intermediate/Shaders/WorkingDirectory/11988/).
[2019.01.06-17.20.54:481][  0]LogShaderCompilers: Cleaned the shader compiler working directory 'C:/Users/c013767h.STUDENT/AppData/Local/Temp/UnrealShaderWorkingDir/E40127AD4748705AD3D8398A199DB052/'.
[2019.01.06-17.20.54:814][  0]LogTemp: Display: Loaded TP AllDesktopTargetPlatform
[2019.01.06-17.20.54:832][  0]LogTemp: Display: Loaded TP MacClientTargetPlatform
[2019.01.06-17.20.54:851][  0]LogTemp: Display: Loaded TP MacNoEditorTargetPlatform
[2019.01.06-17.20.54:869][  0]LogTemp: Display: Loaded TP MacServerTargetPlatform
[2019.01.06-17.20.54:888][  0]LogTemp: Display: Loaded TP MacTargetPlatform
[2019.01.06-17.20.54:906][  0]LogTemp: Display: Loaded TP WindowsClientTargetPlatform
[2019.01.06-17.20.54:925][  0]LogTemp: Display: Loaded TP WindowsNoEditorTargetPlatform
[2019.01.06-17.20.54:944][  0]LogTemp: Display: Loaded TP WindowsServerTargetPlatform
[2019.01.06-17.20.54:956][  0]LogTemp: Display: Loaded TP WindowsTargetPlatform
[2019.01.06-17.20.55:055][  0]LogTemp: Display: Loaded TP AndroidTargetPlatform
[2019.01.06-17.20.55:055][  0]LogTemp: Display: Loaded TP AndroidTargetPlatform
[2019.01.06-17.20.55:055][  0]LogTemp: Display: Loaded TP AndroidTargetPlatform
[2019.01.06-17.20.55:055][  0]LogTemp: Display: Loaded TP AndroidTargetPlatform
[2019.01.06-17.20.55:055][  0]LogTemp: Display: Loaded TP AndroidTargetPlatform
[2019.01.06-17.20.55:055][  0]LogTemp: Display: Loaded TP AndroidTargetPlatform
[2019.01.06-17.20.55:055][  0]LogTemp: Display: Loaded TP AndroidTargetPlatform
[2019.01.06-17.20.55:055][  0]LogTemp: Display: Loaded TP AndroidTargetPlatform
[2019.01.06-17.20.55:055][  0]LogTemp: Display: Loaded TP AndroidTargetPlatform
[2019.01.06-17.20.55:055][  0]LogTemp: Display: Loaded TP AndroidTargetPlatform
[2019.01.06-17.20.55:055][  0]LogTemp: Display: Loaded TP AndroidTargetPlatform
[2019.01.06-17.20.55:055][  0]LogTemp: Display: Loaded TP AndroidTargetPlatform
[2019.01.06-17.20.55:055][  0]LogTemp: Display: Loaded TP AndroidTargetPlatform
[2019.01.06-17.20.55:055][  0]LogTemp: Display: Loaded TP AndroidTargetPlatform
[2019.01.06-17.20.55:055][  0]LogTemp: Display: Loaded TP AndroidTargetPlatform
[2019.01.06-17.20.55:055][  0]LogTemp: Display: Loaded TP AndroidTargetPlatform
[2019.01.06-17.20.55:055][  0]LogTemp: Display: Loaded TP AndroidTargetPlatform
[2019.01.06-17.20.55:055][  0]LogTemp: Display: Loaded TP AndroidTargetPlatform
[2019.01.06-17.20.55:058][  0]LogTemp: Display: Loaded TP HTML5TargetPlatform
[2019.01.06-17.20.55:127][  0]LogTemp: Display: Loaded TP IOSTargetPlatform
[2019.01.06-17.20.55:127][  0]LogTemp: Display: Loaded TP IOSTargetPlatform
[2019.01.06-17.20.55:156][  0]LogTemp: Display: Loaded TP TVOSTargetPlatform
[2019.01.06-17.20.55:156][  0]LogTemp: Display: Loaded TP TVOSTargetPlatform
[2019.01.06-17.20.55:172][  0]LogTemp: Display: Loaded TP LinuxClientTargetPlatform
[2019.01.06-17.20.55:187][  0]LogTemp: Display: Loaded TP LinuxNoEditorTargetPlatform
[2019.01.06-17.20.55:204][  0]LogTemp: Display: Loaded TP LinuxServerTargetPlatform
[2019.01.06-17.20.55:221][  0]LogTemp: Display: Loaded TP LinuxTargetPlatform
[2019.01.06-17.20.55:232][  0]LogTemp: Display: Loaded TP LuminTargetPlatform
[2019.01.06-17.20.55:233][  0]LogTargetPlatformManager: Display: Building Assets For Windows
[2019.01.06-17.20.55:358][  0]LogXGEController: Cleaning working directory: C:/Users/c013767h.STUDENT/AppData/Local/Temp/UnrealXGEWorkingDir/
[2019.01.06-17.20.55:359][  0]LogXGEController: Cannot use XGE Controller as Incredibuild is not installed on this machine.
[2019.01.06-17.20.55:359][  0]LogShaderCompilers: Cannot use XGE Shader Compiler as Incredibuild is not installed on this machine.
[2019.01.06-17.20.55:359][  0]LogShaderCompilers: Display: Using Local Shader Compiler.
[2019.01.06-17.20.56:491][  0]LogDerivedDataCache: Display: Max Cache Size: 512 MB
[2019.01.06-17.20.56:598][  0]LogDerivedDataCache: Loaded boot cache 0.11s 71MB C:/Users/c013767h.STUDENT/AppData/Local/UnrealEngine/4.20/DerivedDataCache/Boot.ddc.
[2019.01.06-17.20.56:599][  0]LogDerivedDataCache: Display: Loaded Boot cache: C:/Users/c013767h.STUDENT/AppData/Local/UnrealEngine/4.20/DerivedDataCache/Boot.ddc
[2019.01.06-17.20.56:599][  0]LogDerivedDataCache: FDerivedDataBackendGraph:  Pak pak cache file E:/Staffs Uni/Level 5/Technical Games Production/Pair/TGPPairProject-master/PairProject/DerivedDataCache/DDC.ddp not found, will not use a pak cache.
[2019.01.06-17.20.56:599][  0]LogDerivedDataCache: Unable to find inner node Pak for hierarchical cache Hierarchy.
[2019.01.06-17.20.56:600][  0]LogDerivedDataCache: FDerivedDataBackendGraph:  CompressedPak pak cache file E:/Staffs Uni/Level 5/Technical Games Production/Pair/TGPPairProject-master/PairProject/DerivedDataCache/Compressed.ddp not found, will not use a pak cache.
[2019.01.06-17.20.56:600][  0]LogDerivedDataCache: Unable to find inner node CompressedPak for hierarchical cache Hierarchy.
[2019.01.06-17.20.56:614][  0]LogDerivedDataCache: Display: Pak cache opened for reading ../../../Engine/DerivedDataCache/Compressed.ddp.
[2019.01.06-17.20.56:627][  0]LogDerivedDataCache: Using Local data cache path C:/Users/c013767h.STUDENT/AppData/Local/UnrealEngine/Common/DerivedDataCache: Writable
[2019.01.06-17.20.56:627][  0]LogDerivedDataCache: Shared data cache path not found in *engine.ini, will not use an Shared cache.
[2019.01.06-17.20.56:627][  0]LogDerivedDataCache: Unable to find inner node Shared for hierarchical cache Hierarchy.
[2019.01.06-17.20.56:649][  0]LogMaterial: Verifying Global Shaders for PCD3D_SM5
[2019.01.06-17.20.56:650][  0]LogSlate: Using FreeType 2.6.0
[2019.01.06-17.20.56:651][  0]LogSlate: SlateFontServices - WITH_FREETYPE: 1, WITH_HARFBUZZ: 1
[2019.01.06-17.20.56:745][  0]LogAssetRegistry: FAssetRegistry took 0.0269 seconds to start up
[2019.01.06-17.20.57:136][  0]LogInit: Selected Device Profile: [Windows]
[2019.01.06-17.20.57:310][  0]LogSimplygon: Simplygon DLL not present - disabling.
[2019.01.06-17.20.57:317][  0]LogMeshReduction: Using SimplygonSwarm for distributed automatic mesh merging
[2019.01.06-17.20.57:318][  0]LogMeshReduction: Using ProxyLODMeshReduction for automatic mesh merging
[2019.01.06-17.20.57:318][  0]LogMeshReduction: Using QuadricMeshReduction for automatic static mesh reduction
[2019.01.06-17.20.57:318][  0]LogMeshReduction: No automatic skeletal mesh reduction module available
[2019.01.06-17.20.57:343][  0]LogNetVersion: PairProject 1.0.0, NetCL: 4212847, EngineNetVer: 5, GameNetVer: 0 (Checksum: 2248716754)
[2019.01.06-17.20.58:036][  0]LogPackageLocalizationCache: Processed 11 localized package path(s) for 2 prioritized culture(s) in 0.161304 seconds
[2019.01.06-17.20.58:042][  0]LogUObjectArray: 38425 objects as part of root set at end of initial load.
[2019.01.06-17.20.58:042][  0]LogUObjectAllocator: 6690872 out of 0 bytes used by permanent object pool.
[2019.01.06-17.20.58:042][  0]LogUObjectArray: CloseDisregardForGC: 0/0 objects in disregard for GC pool
[2019.01.06-17.20.59:185][  0]LogTcpMessaging: Initializing TcpMessaging bridge
[2019.01.06-17.20.59:199][  0]LogUdpMessaging: Initializing bridge on interface 0.0.0.0:0 to multicast group 230.0.0.1:6666.
[2019.01.06-17.20.59:555][  0]SourceControl: Source control is disabled
[2019.01.06-17.20.59:555][  0]SourceControl: Source control is disabled
[2019.01.06-17.20.59:558][  0]SourceControl: Source control is disabled
[2019.01.06-17.20.59:559][  0]SourceControl: Source control is disabled
[2019.01.06-17.20.59:946][  0]LogAndroidPermission: UAndroidPermissionCallbackProxy::GetInstance
[2019.01.06-17.21.00:013][  0]LogOcInput: OculusInput pre-init called
[2019.01.06-17.21.00:090][  0]LogEngine: Initializing Engine...
[2019.01.06-17.21.00:121][  0]LogHMD: Failed to initialize OpenVR with code 126
[2019.01.06-17.21.00:122][  0]LogStats: UGameplayTagsManager::ConstructGameplayTagTree: ImportINI prefixes -  0.000 s
[2019.01.06-17.21.00:122][  0]LogStats: UGameplayTagsManager::ConstructGameplayTagTree: Construct from data asset -  0.000 s
[2019.01.06-17.21.00:123][  0]LogStats: UGameplayTagsManager::ConstructGameplayTagTree: ImportINI -  0.000 s
[2019.01.06-17.21.00:123][  0]LogStats: UGameplayTagsManager::ConstructGameplayTagTree: GameplayTagTreeChangedEvent.Broadcast -  0.000 s
[2019.01.06-17.21.00:373][  0]LogInit: Initializing FReadOnlyCVARCache
[2019.01.06-17.21.00:400][  0]LogAIModule: Creating AISystem for world Untitled
[2019.01.06-17.21.00:425][  0]LogInit: XAudio2 using 'Speakers (Realtek High Definition Audio)' : 2 channels at 48 kHz using 32 bits per sample (channel mask 0x3)
[2019.01.06-17.21.00:513][  0]LogInit: FAudioDevice initialized.
[2019.01.06-17.21.00:513][  0]LogNetVersion: Set ProjectVersion to 1.0.0.0. Version Checksum will be recalculated on next use.
[2019.01.06-17.21.00:757][  0]LogDerivedDataCache: Saved boot cache 0.24s 71MB C:/Users/c013767h.STUDENT/AppData/Local/UnrealEngine/4.20/DerivedDataCache/Boot.ddc.
[2019.01.06-17.21.00:761][  0]LogInit: Texture streaming: Enabled
[2019.01.06-17.21.00:792][  0]LogEngineSessionManager: EngineSessionManager initialized
[2019.01.06-17.21.00:819][  0]LogInit: Transaction tracking system initialized
[2019.01.06-17.21.00:867][  0]BlueprintLog: New page: Editor Load
[2019.01.06-17.21.01:070][  0]LocalizationService: Localization service is disabled
[2019.01.06-17.21.01:444][  0]LogCook: Display: Max memory allowance for cook 16384mb min free memory 0mb
[2019.01.06-17.21.01:444][  0]LogCook: Display: Mobile HDR setting 1
[2019.01.06-17.21.01:444][  0]LogGameplayTags: Display: UGameplayTagsManager::DoneAddingNativeTags. DelegateIsBound: 0
[2019.01.06-17.21.01:444][  0]LogStats: UGameplayTagsManager::ConstructGameplayTagTree: ImportINI prefixes -  0.000 s
[2019.01.06-17.21.01:444][  0]LogStats: UGameplayTagsManager::ConstructGameplayTagTree: Construct from data asset -  0.000 s
[2019.01.06-17.21.01:444][  0]LogStats: UGameplayTagsManager::ConstructGameplayTagTree: ImportINI -  0.000 s
[2019.01.06-17.21.01:444][  0]LogStats: UGameplayTagsManager::ConstructGameplayTagTree: GameplayTagTreeChangedEvent.Broadcast -  0.000 s
[2019.01.06-17.21.01:900][  0]LogFileCache: Scanning file cache for directory 'E:/Staffs Uni/Level 5/Technical Games Production/Pair/TGPPairProject-master/PairProject/Content/' took 0.03s
[2019.01.06-17.21.01:912][  0]SourceControl: Source control is disabled
[2019.01.06-17.21.01:912][  0]Cmd: MAP LOAD FILE="E:/Staffs Uni/Level 5/Technical Games Production/Pair/TGPPairProject-master/PairProject/Content/Scenes/StartScreen.umap" TEMPLATE=0 SHOWPROGRESS=1 FEATURELEVEL=3
[2019.01.06-17.21.01:913][  0]LightingResults: New page: Lighting Build
[2019.01.06-17.21.01:918][  0]MapCheck: New page: Map Check
[2019.01.06-17.21.01:919][  0]LightingResults: New page: Lighting Build
[2019.01.06-17.21.01:946][  0]LogLinker: Warning: Can't find file '/Game/Scenes/StartScreen_BuiltData'
[2019.01.06-17.21.01:947][  0]LogLinker: Warning: Can't find file for asset '/Game/Scenes/StartScreen_BuiltData' while loading E:/Staffs Uni/Level 5/Technical Games Production/Pair/TGPPairProject-master/PairProject/Content/Scenes/StartScreen.umap.
[2019.01.06-17.21.01:947][  0]LoadErrors: Error: /Game/Scenes/StartScreen : Can't find file for asset. /Game/Scenes/StartScreen_BuiltData
[2019.01.06-17.21.01:947][  0]LogLinker: Warning: Can't find file '/Game/Scenes/StartScreen_BuiltData'
[2019.01.06-17.21.01:947][  0]LogLinker: Warning: Can't find file for asset '/Game/Scenes/StartScreen_BuiltData' while loading E:/Staffs Uni/Level 5/Technical Games Production/Pair/TGPPairProject-master/PairProject/Content/Scenes/StartScreen.umap.
[2019.01.06-17.21.01:947][  0]LoadErrors: Error: /Game/Scenes/StartScreen : Can't find file for asset. /Game/Scenes/StartScreen_BuiltData
[2019.01.06-17.21.01:992][  0]LogLinker: Warning: Can't find file '/Game/Scenes/StartScreen_BuiltData'
[2019.01.06-17.21.01:992][  0]LogLinker: Warning: Can't find file for asset '/Game/Scenes/StartScreen_BuiltData' while loading NULL.
[2019.01.06-17.21.01:993][  0]LogLinker: Warning: Can't find file '/Game/Scenes/StartScreen_BuiltData'
[2019.01.06-17.21.01:993][  0]LogLinker: Warning: Can't find file for asset '/Game/Scenes/StartScreen_BuiltData' while loading NULL.
[2019.01.06-17.21.01:996][  0]LogLinker: Warning: Can't find file '/Game/Scenes/StartScreen_BuiltData'
[2019.01.06-17.21.01:996][  0]LoadErrors: Failed to load /Game/Scenes/StartScreen_BuiltData.StartScreen_BuiltData Referenced by PersistentLevel
[2019.01.06-17.21.01:996][  0]LogLinker: Warning: Can't find file for asset '/Game/Scenes/StartScreen_BuiltData' while loading NULL.
[2019.01.06-17.21.01:996][  0]LoadErrors: Failed to load /Game/Scenes/StartScreen_BuiltData.StartScreen_BuiltData Referenced by PersistentLevel
[2019.01.06-17.21.02:182][  0]LogAIModule: Creating AISystem for world StartScreen
[2019.01.06-17.21.02:183][  0]LogEditorServer: Finished looking for orphan Actors (0.000 secs)
[2019.01.06-17.21.02:207][  0]Cmd: MAP CHECKDEP NOCLEARLOG
[2019.01.06-17.21.02:406][  0]MapCheck: Map check complete: 0 Error(s), 0 Warning(s), took 198.903ms to complete.
[2019.01.06-17.21.02:406][  0]LogFileHelpers: Loading map 'StartScreen' took 0.494
[2019.01.06-17.21.02:643][  0]LogSlate: Updating window title bar state: overlay mode, drag disabled, window buttons hidden, title bar hidden
[2019.01.06-17.21.02:652][  0]LogSlate: Updating window title bar state: overlay mode, drag disabled, window buttons hidden, title bar hidden
[2019.01.06-17.21.02:660][  0]LogSlate: Updating window title bar state: overlay mode, drag disabled, window buttons hidden, title bar hidden
[2019.01.06-17.21.02:668][  0]LogSlate: Updating window title bar state: overlay mode, drag disabled, window buttons hidden, title bar hidden
[2019.01.06-17.21.02:693][  0]LogCollectionManager: Loaded 0 collections in 0.003705 seconds
[2019.01.06-17.21.02:752][  0]LogFileCache: Scanning file cache for directory 'E:/Staffs Uni/Level 5/Technical Games Production/Pair/TGPPairProject-master/PairProject/Saved/Collections/' took 0.01s
[2019.01.06-17.21.02:753][  0]LogFileCache: Scanning file cache for directory 'E:/Staffs Uni/Level 5/Technical Games Production/Pair/TGPPairProject-master/PairProject/Content/Developers/c013767h/Collections/' took 0.01s
[2019.01.06-17.21.02:753][  0]LogFileCache: Scanning file cache for directory 'E:/Staffs Uni/Level 5/Technical Games Production/Pair/TGPPairProject-master/PairProject/Content/Collections/' took 0.01s
[2019.01.06-17.21.02:753][  0]LogCollectionManager: Rebuilt the GUID cache for 0 collections in 0.000000 seconds
[2019.01.06-17.21.02:764][  0]LogContentBrowser: Native class hierarchy populated in 0.0108 seconds. Added 2594 classes and 611 folders.
[2019.01.06-17.21.02:776][  0]LogContentBrowser: Native class hierarchy updated for 'WidgetCarousel' in 0.0004 seconds. Added 0 classes and 0 folders.
[2019.01.06-17.21.03:804][  0]LogContentBrowser: Native class hierarchy updated for 'AddContentDialog' in 0.0004 seconds. Added 0 classes and 0 folders.
[2019.01.06-17.21.03:812][  0]LogContentBrowser: Native class hierarchy updated for 'SceneOutliner' in 0.0004 seconds. Added 1 classes and 2 folders.
[2019.01.06-17.21.03:944][  0]LogContentBrowser: Native class hierarchy updated for 'HierarchicalLODOutliner' in 0.0004 seconds. Added 0 classes and 0 folders.
[2019.01.06-17.21.03:944][  0]LogLoad: (Engine Initialization) Total time: 146.34 seconds
[2019.01.06-17.21.03:944][  0]LogLoad: (Engine Initialization) Total Blueprint compile time: 0.00 seconds
[2019.01.06-17.21.03:954][  0]LogWindowsTextInputMethodSystem: Display: IME system now deactivated.
[2019.01.06-17.21.03:974][  0]LogContentStreaming: Texture pool size now 1000 MB
[2019.01.06-17.21.03:982][  0]LogSlate: FSceneViewport::OnFocusLost() reason 2
[2019.01.06-17.21.04:031][  0]LogSlate: Took 0.042235 seconds to synchronously load lazily loaded font '../../../Engine/Content/Slate/Fonts/Roboto-Regular.ttf' (155K)
[2019.01.06-17.21.04:040][  0]LogSlate: Took 0.007630 seconds to synchronously load lazily loaded font '../../../Engine/Content/Slate/Fonts/Roboto-Bold.ttf' (160K)
[2019.01.06-17.21.04:061][  0]LogSlate: Took 0.016001 seconds to synchronously load lazily loaded font '../../../Engine/Content/Editor/Slate/Fonts/FontAwesome.ttf' (139K)
[2019.01.06-17.21.04:099][  0]LogSlate: Took 0.037552 seconds to synchronously load lazily loaded font '../../../Engine/Content/Slate/Fonts/DroidSansMono.ttf' (77K)
[2019.01.06-17.21.04:315][  0]LogRenderer: Reallocating scene render targets to support 1008x492 Format 10 NumSamples 1 (Frame:1).
[2019.01.06-17.21.04:413][  1]LogAssetRegistry: Asset discovery search completed in 7.6899 seconds
[2019.01.06-17.21.04:415][  1]LogCollectionManager: Rebuilt the object cache for 0 collections in 0.000001 seconds (found 0 objects)
[2019.01.06-17.21.04:415][  1]LogCollectionManager: Fixed up redirectors for 0 collections in 0.000193 seconds (updated 0 objects)
[2019.01.06-17.21.09:143][534]LogSlate: Took 0.004591 seconds to synchronously load lazily loaded font '../../../Engine/Content/Slate/Fonts/Roboto-Light.ttf' (167K)
[2019.01.06-17.21.09:151][534]Running C:/Epic/UE4/UE_4.20/Engine/Binaries/DotNET/UnrealBuildTool.exe  -projectfiles -project="E:/Staffs Uni/Level 5/Technical Games Production/Pair/TGPPairProject-master/PairProject/PairProject.uproject" -game -rocket -progress
[2019.01.06-17.21.09:570][534]Discovering modules, targets and source code for project...
[2019.01.06-17.21.14:311][534]C:\Epic\UE4\UE_4.20\Engine\Source\ThirdParty\Expat\Expat.Build.cs: warning: Referenced directory 'C:\Epic\UE4\UE_4.20\Engine\Source\ThirdParty\Expat\expat-2.2.0\Win64\VS2015\Release' does not exist.
[2019.01.06-17.21.26:848][884]LogInit: XAudio2 using 'Speakers (Realtek High Definition Audio)' : 2 channels at 48 kHz using 32 bits per sample (channel mask 0x3)
[2019.01.06-17.22.46:103][865]LogSlate: Window 'Message Log' being destroyed
[2019.01.06-17.22.46:107][865]LogSlate: Window 'Message Log' being destroyed
[2019.01.06-17.22.47:314][992]LogSlate: Window 'PairProject - Unreal Editor' being destroyed
[2019.01.06-17.22.47:315][992]LogWindowsTextInputMethodSystem: Display: IME system now deactivated.
[2019.01.06-17.22.47:514][993]Cmd: QUIT_EDITOR
[2019.01.06-17.22.47:546][993]LogExit: Preparing to exit.
[2019.01.06-17.22.48:290][993]LogExit: Editor shut down
[2019.01.06-17.22.48:290][993]LogExit: Transaction tracking system shut down
[2019.01.06-17.22.49:101][993]LogExit: Object subsystem successfully closed.
[2019.01.06-17.22.49:121][993]LogShaderCompilers: Display: Shaders left to compile 0
[2019.01.06-17.22.49:124][993]LogD3D11RHI: Shutdown
[2019.01.06-17.22.49:124][993]LogD3D11RHI: CleanupD3DDevice
[2019.01.06-17.22.49:125][993]LogD3D11RHI: ~FD3D11DynamicRHI
[2019.01.06-17.22.49:170][993]LogModuleManager: Shutting down and abandoning module HierarchicalLODOutliner (616)
[2019.01.06-17.22.49:170][993]LogModuleManager: Shutting down and abandoning module SceneOutliner (614)
[2019.01.06-17.22.49:170][993]LogModuleManager: Shutting down and abandoning module AddContentDialog (612)
[2019.01.06-17.22.49:170][993]LogModuleManager: Shutting down and abandoning module WidgetCarousel (611)
[2019.01.06-17.22.49:170][993]LogModuleManager: Shutting down and abandoning module EditorWidgets (608)
[2019.01.06-17.22.49:170][993]LogModuleManager: Shutting down and abandoning module CollectionManager (606)
[2019.01.06-17.22.49:171][993]LogModuleManager: Shutting down and abandoning module StatsViewer (604)
[2019.01.06-17.22.49:171][993]LogModuleManager: Shutting down and abandoning module FoliageEdit (602)
[2019.01.06-17.22.49:171][993]LogModuleManager: Shutting down and abandoning module LandscapeEditor (600)
[2019.01.06-17.22.49:171][993]LogModuleManager: Shutting down and abandoning module MeshPaintMode (598)
[2019.01.06-17.22.49:171][993]LogModuleManager: Shutting down and abandoning module SceneDepthPickerMode (596)
[2019.01.06-17.22.49:171][993]LogModuleManager: Shutting down and abandoning module ActorPickerMode (594)
[2019.01.06-17.22.49:171][993]LogModuleManager: Shutting down and abandoning module GeometryMode (592)
[2019.01.06-17.22.49:171][993]LogModuleManager: Shutting down and abandoning module TextureAlignMode (590)
[2019.01.06-17.22.49:171][993]LogModuleManager: Shutting down and abandoning module BspMode (588)
[2019.01.06-17.22.49:171][993]LogModuleManager: Shutting down and abandoning module PIEPreviewDeviceProfileSelector (586)
[2019.01.06-17.22.49:171][993]LogModuleManager: Shutting down and abandoning module SequenceRecorderSections (584)
[2019.01.06-17.22.49:171][993]LogModuleManager: Shutting down and abandoning module AutomationWorker (582)
[2019.01.06-17.22.49:171][993]LogModuleManager: Shutting down and abandoning module AudioCaptureEditor (580)
[2019.01.06-17.22.49:171][993]LogModuleManager: Shutting down and abandoning module SequenceRecorder (579)
[2019.01.06-17.22.49:171][993]LogModuleManager: Shutting down and abandoning module MatineeToLevelSequence (576)
[2019.01.06-17.22.49:171][993]LogModuleManager: Shutting down and abandoning module LevelSequenceEditor (574)
[2019.01.06-17.22.49:171][993]LogModuleManager: Shutting down and abandoning module PlacementMode (573)
[2019.01.06-17.22.49:171][993]LogModuleManager: Shutting down and abandoning module MaterialEditor (572)
[2019.01.06-17.22.49:171][993]LogModuleManager: Shutting down and abandoning module WmfMediaFactory (568)
[2019.01.06-17.22.49:171][993]LogModuleManager: Shutting down and abandoning module WmfMediaEditor (566)
[2019.01.06-17.22.49:171][993]LogModuleManager: Shutting down and abandoning module MediaPlayerEditor (564)
[2019.01.06-17.22.49:171][993]LogModuleManager: Shutting down and abandoning module OpenExrWrapper (562)
[2019.01.06-17.22.49:171][993]LogModuleManager: Shutting down and abandoning module ImgMediaFactory (560)
[2019.01.06-17.22.49:171][993]LogModuleManager: Shutting down and abandoning module ImgMediaEditor (558)
[2019.01.06-17.22.49:171][993]LogModuleManager: Shutting down and abandoning module AvfMediaFactory (556)
[2019.01.06-17.22.49:171][993]LogModuleManager: Shutting down and abandoning module AvfMediaEditor (554)
[2019.01.06-17.22.49:171][993]LogModuleManager: Shutting down and abandoning module AndroidMediaFactory (552)
[2019.01.06-17.22.49:172][993]LogModuleManager: Shutting down and abandoning module AndroidMediaEditor (550)
[2019.01.06-17.22.49:172][993]LogModuleManager: Shutting down and abandoning module MagicLeapCameraPreviewFactory (548)
[2019.01.06-17.22.49:172][993]LogModuleManager: Shutting down and abandoning module MagicLeapMediaFactory (546)
[2019.01.06-17.22.49:172][993]LogModuleManager: Shutting down and abandoning module MagicLeapMediaEditor (544)
[2019.01.06-17.22.49:172][993]LogModuleManager: Shutting down and abandoning module CharacterAI (542)
[2019.01.06-17.22.49:172][993]LogModuleManager: Shutting down and abandoning module SmartSnapping (540)
[2019.01.06-17.22.49:172][993]LogModuleManager: Shutting down and abandoning module SessionServices (538)
[2019.01.06-17.22.49:172][993]LogModuleManager: Shutting down and abandoning module ViewportSnapping (536)
[2019.01.06-17.22.49:172][993]LogModuleManager: Shutting down and abandoning module ViewportInteraction (534)
[2019.01.06-17.22.49:172][993]LogModuleManager: Shutting down and abandoning module ClothPainter (532)
[2019.01.06-17.22.49:172][993]LogModuleManager: Shutting down and abandoning module SkeletalMeshEditor (531)
[2019.01.06-17.22.49:172][993]LogModuleManager: Shutting down and abandoning module LogVisualizer (528)
[2019.01.06-17.22.49:172][993]LogModuleManager: Shutting down and abandoning module IntroTutorials (526)
[2019.01.06-17.22.49:172][993]LogModuleManager: Shutting down and abandoning module GameProjectGeneration (525)
[2019.01.06-17.22.49:172][993]LogModuleManager: Shutting down and abandoning module LuminPlatformEditor (522)
[2019.01.06-17.22.49:172][993]LogModuleManager: Shutting down and abandoning module IOSPlatformEditor (520)
[2019.01.06-17.22.49:172][993]LogModuleManager: Shutting down and abandoning module HTML5PlatformEditor (518)
[2019.01.06-17.22.49:172][993]LogModuleManager: Shutting down and abandoning module AndroidPlatformEditor (516)
[2019.01.06-17.22.49:172][993]LogModuleManager: Shutting down and abandoning module AndroidDeviceDetection (515)
[2019.01.06-17.22.49:191][993]LogModuleManager: Shutting down and abandoning module WindowsPlatformEditor (512)
[2019.01.06-17.22.49:191][993]LogModuleManager: Shutting down and abandoning module LuminRuntimeSettings (510)
[2019.01.06-17.22.49:191][993]LogModuleManager: Shutting down and abandoning module IOSRuntimeSettings (508)
[2019.01.06-17.22.49:191][993]LogModuleManager: Shutting down and abandoning module AndroidRuntimeSettings (506)
[2019.01.06-17.22.49:191][993]LogModuleManager: Shutting down and abandoning module InputBindingEditor (504)
[2019.01.06-17.22.49:191][993]LogModuleManager: Shutting down and abandoning module MergeActors (502)
[2019.01.06-17.22.49:191][993]LogModuleManager: Shutting down and abandoning module LocalizationDashboard (500)
[2019.01.06-17.22.49:191][993]LogModuleManager: Shutting down and abandoning module LocalizationService (499)
[2019.01.06-17.22.49:191][993]LogModuleManager: Shutting down and abandoning module HardwareTargeting (496)
[2019.01.06-17.22.49:191][993]LogModuleManager: Shutting down and abandoning module DeviceProfileEditor (494)
[2019.01.06-17.22.49:191][993]LogModuleManager: Shutting down and abandoning module UndoHistory (492)
[2019.01.06-17.22.49:191][993]LogModuleManager: Shutting down and abandoning module XmlParser (490)
[2019.01.06-17.22.49:191][993]LogModuleManager: Shutting down and abandoning module Blutility (488)
[2019.01.06-17.22.49:191][993]LogModuleManager: Shutting down and abandoning module ProjectSettingsViewer (486)
[2019.01.06-17.22.49:191][993]LogModuleManager: Shutting down and abandoning module ProjectTargetPlatformEditor (485)
[2019.01.06-17.22.49:191][993]LogModuleManager: Shutting down and abandoning module EditorSettingsViewer (482)
[2019.01.06-17.22.49:191][993]LogModuleManager: Shutting down and abandoning module SettingsEditor (480)
[2019.01.06-17.22.49:192][993]LogModuleManager: Shutting down and abandoning module ProjectLauncher (478)
[2019.01.06-17.22.49:192][993]LogModuleManager: Shutting down and abandoning module SessionFrontend (476)
[2019.01.06-17.22.49:192][993]LogModuleManager: Shutting down and abandoning module ProfilerClient (474)
[2019.01.06-17.22.49:192][993]LogModuleManager: Shutting down and abandoning module DeviceManager (472)
[2019.01.06-17.22.49:192][993]LogModuleManager: Shutting down and abandoning module TargetDeviceServices (471)
[2019.01.06-17.22.49:258][993]LogModuleManager: Shutting down and abandoning module AutomationController (468)
[2019.01.06-17.22.49:258][993]LogModuleManager: Shutting down and abandoning module AutomationWindow (466)
[2019.01.06-17.22.49:258][993]LogModuleManager: Shutting down and abandoning module Layers (464)
[2019.01.06-17.22.49:258][993]LogModuleManager: Shutting down and abandoning module ComponentVisualizers (462)
[2019.01.06-17.22.49:258][993]LogModuleManager: Shutting down and abandoning module DetailCustomizations (460)
[2019.01.06-17.22.49:258][993]LogModuleManager: Shutting down and abandoning module PackagesDialog (458)
[2019.01.06-17.22.49:258][993]LogModuleManager: Shutting down and abandoning module Persona (456)
[2019.01.06-17.22.49:258][993]LogModuleManager: Shutting down and abandoning module AdvancedPreviewScene (455)
[2019.01.06-17.22.49:258][993]LogModuleManager: Shutting down and abandoning module AnimGraph (453)
[2019.01.06-17.22.49:258][993]LogModuleManager: Shutting down and abandoning module Kismet (450)
[2019.01.06-17.22.49:258][993]LogModuleManager: Shutting down and abandoning module GraphEditor (448)
[2019.01.06-17.22.49:258][993]LogModuleManager: Shutting down and abandoning module ClassViewer (446)
[2019.01.06-17.22.49:258][993]LogModuleManager: Shutting down and abandoning module Toolbox (444)
[2019.01.06-17.22.49:258][993]LogModuleManager: Shutting down and abandoning module ModuleUI (442)
[2019.01.06-17.22.49:258][993]LogModuleManager: Shutting down and abandoning module MovieSceneTools (440)
[2019.01.06-17.22.49:258][993]LogModuleManager: Shutting down and abandoning module OutputLog (438)
[2019.01.06-17.22.49:258][993]LogModuleManager: Shutting down and abandoning module GammaUI (436)
[2019.01.06-17.22.49:258][993]LogModuleManager: Shutting down and abandoning module Documentation (434)
[2019.01.06-17.22.49:258][993]LogModuleManager: Shutting down and abandoning module MovieSceneTracks (432)
[2019.01.06-17.22.49:258][993]LogModuleManager: Shutting down and abandoning module MovieScene (430)
[2019.01.06-17.22.49:258][993]LogModuleManager: Shutting down and abandoning module StreamingPauseRendering (428)
[2019.01.06-17.22.49:259][993]LogModuleManager: Shutting down and abandoning module LauncherPlatform (426)
[2019.01.06-17.22.49:259][993]LogModuleManager: Shutting down and abandoning module AnalyticsET (424)
[2019.01.06-17.22.49:259][993]LogModuleManager: Shutting down and abandoning module PortalServices (422)
[2019.01.06-17.22.49:259][993]LogModuleManager: Shutting down and abandoning module PortalRpc (420)
[2019.01.06-17.22.49:259][993]LogModuleManager: Shutting down and abandoning module MessagingRpc (418)
[2019.01.06-17.22.49:259][993]LogModuleManager: Shutting down and abandoning module AIModule (416)
[2019.01.06-17.22.49:259][993]LogModuleManager: Shutting down and abandoning module GameplayDebugger (415)
[2019.01.06-17.22.49:259][993]LogModuleManager: Shutting down and abandoning module AITestSuite (413)
[2019.01.06-17.22.49:259][993]LogModuleManager: Shutting down and abandoning module NavigationSystem (411)
[2019.01.06-17.22.49:259][993]LogModuleManager: Shutting down and abandoning module ProfilerService (408)
[2019.01.06-17.22.49:401][993]LogModuleManager: Shutting down and abandoning module TaskGraph (406)
[2019.01.06-17.22.49:401][993]LogModuleManager: Shutting down and abandoning module SteamVRController (404)
[2019.01.06-17.22.49:401][993]LogModuleManager: Shutting down and abandoning module ProceduralMeshComponentEditor (402)
[2019.01.06-17.22.49:401][993]LogModuleManager: Shutting down and abandoning module ProceduralMeshComponent (400)
[2019.01.06-17.22.49:401][993]LogModuleManager: Shutting down and abandoning module OculusInput (398)
[2019.01.06-17.22.49:401][993]LogModuleManager: Shutting down and abandoning module MobilePatchingUtils (396)
[2019.01.06-17.22.49:402][993]LogModuleManager: Shutting down and abandoning module EditableMesh (394)
[2019.01.06-17.22.49:402][993]LogModuleManager: Shutting down and abandoning module CustomMeshComponent (392)
[2019.01.06-17.22.49:402][993]LogModuleManager: Shutting down and abandoning module CableComponent (390)
[2019.01.06-17.22.49:402][993]LogModuleManager: Shutting down and abandoning module AudioCapture (388)
[2019.01.06-17.22.49:402][993]LogModuleManager: Shutting down and abandoning module ArchVisCharacter (386)
[2019.01.06-17.22.49:402][993]LogModuleManager: Shutting down and abandoning module AndroidPermission (384)
[2019.01.06-17.22.49:402][993]LogModuleManager: Shutting down and abandoning module NUTUnrealEngine4 (382)
[2019.01.06-17.22.49:402][993]LogModuleManager: Shutting down and abandoning module NetcodeUnitTest (380)
[2019.01.06-17.22.49:402][993]LogModuleManager: Shutting down and abandoning module MediaCompositingEditor (378)
[2019.01.06-17.22.49:402][993]LogModuleManager: Shutting down and abandoning module MediaCompositing (376)
[2019.01.06-17.22.49:402][993]LogModuleManager: Shutting down and abandoning module LinearTimecode (374)
[2019.01.06-17.22.49:402][993]LogModuleManager: Shutting down and abandoning module ImgMedia (372)
[2019.01.06-17.22.49:405][993]LogModuleManager: Shutting down and abandoning module HTML5Networking (370)
[2019.01.06-17.22.49:405][993]LogModuleManager: Shutting down and abandoning module GeometryCacheTracks (368)
[2019.01.06-17.22.49:405][993]LogModuleManager: Shutting down and abandoning module GeometryCacheSequencer (366)
[2019.01.06-17.22.49:405][993]LogModuleManager: Shutting down and abandoning module BackChannel (364)
[2019.01.06-17.22.49:405][993]LogModuleManager: Shutting down and abandoning module AppleVision (362)
[2019.01.06-17.22.49:405][993]LogModuleManager: Shutting down and abandoning module AppleImageUtils (360)
[2019.01.06-17.22.49:405][993]LogModuleManager: Shutting down and abandoning module AlembicImporter (358)
[2019.01.06-17.22.49:405][993]LogModuleManager: Shutting down and abandoning module AlembicLibrary (357)
[2019.01.06-17.22.49:405][993]LogModuleManager: Shutting down and abandoning module GeometryCache (356)
[2019.01.06-17.22.49:405][993]LogModuleManager: Shutting down and abandoning module GeometryCacheEd (355)
[2019.01.06-17.22.49:405][993]LogModuleManager: Shutting down and abandoning module DatasmithContentEditor (350)
[2019.01.06-17.22.49:405][993]LogModuleManager: Shutting down and abandoning module DatasmithContent (348)
[2019.01.06-17.22.49:406][993]LogModuleManager: Shutting down and abandoning module SpeedTreeImporter (346)
[2019.01.06-17.22.49:406][993]LogModuleManager: Shutting down and abandoning module PluginBrowser (344)
[2019.01.06-17.22.49:406][993]LogModuleManager: Shutting down and abandoning module MobileLauncherProfileWizard (342)
[2019.01.06-17.22.49:406][993]LogModuleManager: Shutting down and abandoning module PolygonModeling (340)
[2019.01.06-17.22.49:406][993]LogModuleManager: Shutting down and abandoning module MeshEditor (338)
[2019.01.06-17.22.49:406][993]LogModuleManager: Shutting down and abandoning module CryptoKeysOpenSSL (336)
[2019.01.06-17.22.49:406][993]LogModuleManager: Shutting down and abandoning module CryptoKeys (334)
[2019.01.06-17.22.49:406][993]LogModuleManager: Shutting down and abandoning module VisualStudioSourceCodeAccess (332)
[2019.01.06-17.22.49:406][993]LogModuleManager: Shutting down and abandoning module VisualStudioCodeSourceCodeAccess (330)
[2019.01.06-17.22.49:406][993]LogModuleManager: Shutting down and abandoning module UObjectPlugin (328)
[2019.01.06-17.22.49:406][993]LogModuleManager: Shutting down and abandoning module SubversionSourceControl (326)
[2019.01.06-17.22.49:406][993]LogModuleManager: Shutting down and abandoning module PerforceSourceControl (324)
[2019.01.06-17.22.49:406][993]LogModuleManager: Shutting down and abandoning module GitSourceControl (322)
[2019.01.06-17.22.49:406][993]LogModuleManager: Shutting down and abandoning module SourceControl (321)
[2019.01.06-17.22.49:406][993]LogModuleManager: Shutting down and abandoning module CLionSourceCodeAccess (318)
[2019.01.06-17.22.49:406][993]LogModuleManager: Shutting down and abandoning module LightPropagationVolumeEditor (316)
[2019.01.06-17.22.49:406][993]LogModuleManager: Shutting down and abandoning module PaperTiledImporter (314)
[2019.01.06-17.22.49:406][993]LogModuleManager: Shutting down and abandoning module PaperSpriteSheetImporter (312)
[2019.01.06-17.22.49:406][993]LogModuleManager: Shutting down and abandoning module Paper2DEditor (310)
[2019.01.06-17.22.49:406][993]LogModuleManager: Shutting down and abandoning module MeshPaint (309)
[2019.01.06-17.22.49:406][993]LogModuleManager: Shutting down and abandoning module PairProject (306)
[2019.01.06-17.22.49:406][993]LogModuleManager: Shutting down and abandoning module RuntimePhysXCooking (304)
[2019.01.06-17.22.49:406][993]LogModuleManager: Shutting down and abandoning module PhysXVehiclesEditor (302)
[2019.01.06-17.22.49:406][993]LogModuleManager: Shutting down and abandoning module PhysXVehicles (300)
[2019.01.06-17.22.49:406][993]LogModuleManager: Shutting down and abandoning module OculusEditor (298)
[2019.01.06-17.22.49:406][993]LogModuleManager: Shutting down and abandoning module LocationServicesBPLibrary (296)
[2019.01.06-17.22.49:406][993]LogModuleManager: Shutting down and abandoning module ImmediatePhysicsEditor (294)
[2019.01.06-17.22.49:406][993]LogModuleManager: Shutting down and abandoning module ImmediatePhysics (292)
[2019.01.06-17.22.49:406][993]LogModuleManager: Shutting down and abandoning module ApexDestructionEditor (290)
[2019.01.06-17.22.49:407][993]LogModuleManager: Shutting down and abandoning module ApexDestruction (288)
[2019.01.06-17.22.49:407][993]LogModuleManager: Shutting down and abandoning module ActorSequence (286)
[2019.01.06-17.22.49:407][993]LogModuleManager: Shutting down and abandoning module UdpMessaging (284)
[2019.01.06-17.22.49:508][993]LogModuleManager: Shutting down and abandoning module TcpMessaging (282)
[2019.01.06-17.22.49:609][993]LogModuleManager: Shutting down and abandoning module MagicLeapAudio (280)
[2019.01.06-17.22.49:609][993]LogModuleManager: Shutting down and abandoning module GameplayTagsEditor (278)
[2019.01.06-17.22.49:609][993]LogModuleManager: Shutting down and abandoning module FacialAnimationEditor (276)
[2019.01.06-17.22.49:609][993]LogModuleManager: Shutting down and abandoning module FacialAnimation (274)
[2019.01.06-17.22.49:609][993]LogModuleManager: Shutting down and abandoning module DataValidation (272)
[2019.01.06-17.22.49:609][993]LogModuleManager: Shutting down and abandoning module AssetManagerEditor (270)
[2019.01.06-17.22.49:609][993]LogModuleManager: Shutting down and abandoning module LevelEditor (269)
[2019.01.06-17.22.49:610][993]LogModuleManager: Shutting down and abandoning module PixelInspectorModule (268)
[2019.01.06-17.22.49:610][993]LogModuleManager: Shutting down and abandoning module CommonMenuExtensions (266)
[2019.01.06-17.22.49:610][993]LogModuleManager: Shutting down and abandoning module MainFrame (264)
[2019.01.06-17.22.49:610][993]LogModuleManager: Shutting down and abandoning module HotReload (263)
[2019.01.06-17.22.49:611][993]LogModuleManager: Shutting down and abandoning module ContentBrowser (259)
[2019.01.06-17.22.49:612][993]LogModuleManager: Shutting down and abandoning module TreeMap (257)
[2019.01.06-17.22.49:612][993]LogModuleManager: Shutting down and abandoning module LightPropagationVolumeRuntime (254)
[2019.01.06-17.22.49:612][993]LogModuleManager: Shutting down and abandoning module AISupportModule (252)
[2019.01.06-17.22.49:612][993]LogModuleManager: Shutting down and abandoning module Paper2D (250)
[2019.01.06-17.22.49:612][993]LogModuleManager: Shutting down and abandoning module WindowsMoviePlayer (248)
[2019.01.06-17.22.49:612][993]LogModuleManager: Shutting down and abandoning module WmfMedia (246)
[2019.01.06-17.22.49:613][993]LogModuleManager: Shutting down and abandoning module Media (245)
[2019.01.06-17.22.49:619][993]LogModuleManager: Shutting down and abandoning module PacketHandler (242)
[2019.01.06-17.22.49:619][993]LogModuleManager: Shutting down and abandoning module ClothingSystemEditor (240)
[2019.01.06-17.22.49:619][993]LogModuleManager: Shutting down and abandoning module ClothingSystemRuntime (238)
[2019.01.06-17.22.49:619][993]LogModuleManager: Shutting down and abandoning module MediaAssets (236)
[2019.01.06-17.22.49:619][993]LogModuleManager: Shutting down and abandoning module Overlay (234)
[2019.01.06-17.22.49:619][993]LogModuleManager: Shutting down and abandoning module OverlayEditor (233)
[2019.01.06-17.22.49:619][993]LogModuleManager: Shutting down and abandoning module VREditor (230)
[2019.01.06-17.22.49:619][993]LogModuleManager: Shutting down and abandoning module StringTableEditor (228)
[2019.01.06-17.22.49:619][993]LogModuleManager: Shutting down and abandoning module GameplayTasksEditor (226)
[2019.01.06-17.22.49:619][993]LogModuleManager: Shutting down and abandoning module BehaviorTreeEditor (224)
[2019.01.06-17.22.49:619][993]LogModuleManager: Shutting down and abandoning module FunctionalTesting (222)
[2019.01.06-17.22.49:619][993]LogModuleManager: Shutting down and abandoning module CollisionAnalyzer (220)
[2019.01.06-17.22.49:619][993]LogModuleManager: Shutting down and abandoning module WorkspaceMenuStructure (219)
[2019.01.06-17.22.49:619][993]LogModuleManager: Shutting down and abandoning module UMG (216)
[2019.01.06-17.22.49:619][993]LogModuleManager: Shutting down and abandoning module UMGEditor (215)
[2019.01.06-17.22.49:619][993]LogModuleManager: Shutting down and abandoning module Sequencer (214)
[2019.01.06-17.22.49:620][993]LogModuleManager: Shutting down and abandoning module MessageLog (211)
[2019.01.06-17.22.49:620][993]LogModuleManager: Shutting down and abandoning module SlateReflector (206)
[2019.01.06-17.22.49:620][993]LogModuleManager: Shutting down and abandoning module Slate (204)
[2019.01.06-17.22.49:620][993]LogModuleManager: Shutting down and abandoning module EditorStyle (202)
[2019.01.06-17.22.49:621][993]LogModuleManager: Shutting down and abandoning module MRMesh (200)
[2019.01.06-17.22.49:621][993]LogModuleManager: Shutting down and abandoning module SourceCodeAccess (198)
[2019.01.06-17.22.49:621][993]LogModuleManager: Shutting down and abandoning module HeadMountedDisplay (196)
[2019.01.06-17.22.49:621][993]LogModuleManager: Shutting down and abandoning module XAudio2 (194)
[2019.01.06-17.22.49:621][993]LogModuleManager: Shutting down and abandoning module Networking (192)
[2019.01.06-17.22.49:621][993]LogModuleManager: Shutting down and abandoning module Core (190)
[2019.01.06-17.22.49:621][993]LogModuleManager: Shutting down and abandoning module LevelSequence (188)
[2019.01.06-17.22.49:621][993]LogModuleManager: Shutting down and abandoning module KismetCompiler (186)
[2019.01.06-17.22.49:621][993]LogModuleManager: Shutting down and abandoning module MeshUtilities (184)
[2019.01.06-17.22.49:621][993]LogModuleManager: Shutting down and abandoning module MeshMergeUtilities (183)
[2019.01.06-17.22.49:622][993]LogModuleManager: Shutting down and abandoning module MeshReductionInterface (182)
[2019.01.06-17.22.49:622][993]LogModuleManager: Shutting down and abandoning module SimplygonSwarm (181)
[2019.01.06-17.22.49:622][993]LogModuleManager: Shutting down and abandoning module ProxyLODMeshReduction (179)
[2019.01.06-17.22.49:622][993]LogModuleManager: Shutting down and abandoning module SimplygonMeshReduction (177)
[2019.01.06-17.22.49:622][993]LogModuleManager: Shutting down and abandoning module QuadricMeshReduction (175)
[2019.01.06-17.22.49:622][993]LogModuleManager: Shutting down and abandoning module MaterialBaking (171)
[2019.01.06-17.22.49:622][993]LogModuleManager: Shutting down and abandoning module DirectoryWatcher (167)
[2019.01.06-17.22.49:622][993]LogModuleManager: Shutting down and abandoning module DerivedDataCache (164)
[2019.01.06-17.22.49:786][993]LogDerivedDataCache: Shutdown
[2019.01.06-17.22.49:786][993]LogModuleManager: Shutting down and abandoning module XGEController (162)
[2019.01.06-17.22.49:786][993]LogXGEController: Cleaning working directory: C:/Users/c013767h.STUDENT/AppData/Local/Temp/UnrealXGEWorkingDir/
[2019.01.06-17.22.49:786][993]LogModuleManager: Shutting down and abandoning module TargetPlatform (160)
[2019.01.06-17.22.49:786][993]LogModuleManager: Shutting down and abandoning module VulkanShaderFormat (159)
[2019.01.06-17.22.49:786][993]LogModuleManager: Shutting down and abandoning module ShaderFormatVectorVM (157)
[2019.01.06-17.22.49:786][993]LogModuleManager: Shutting down and abandoning module ShaderFormatOpenGL (155)
[2019.01.06-17.22.49:786][993]LogModuleManager: Shutting down and abandoning module ShaderFormatD3D (153)
[2019.01.06-17.22.49:786][993]LogModuleManager: Shutting down and abandoning module MetalShaderFormat (151)
[2019.01.06-17.22.49:786][993]LogModuleManager: Shutting down and abandoning module TextureFormatUncompressed (149)
[2019.01.06-17.22.49:786][993]LogModuleManager: Shutting down and abandoning module TextureFormatPVR (147)
[2019.01.06-17.22.49:786][993]LogModuleManager: Shutting down and abandoning module TextureFormatDXT (145)
[2019.01.06-17.22.49:787][993]LogModuleManager: Shutting down and abandoning module TextureFormatIntelISPCTexComp (143)
[2019.01.06-17.22.49:787][993]LogModuleManager: Shutting down and abandoning module TextureFormatASTC (141)
[2019.01.06-17.22.49:787][993]LogModuleManager: Shutting down and abandoning module ImageWrapper (140)
[2019.01.06-17.22.49:787][993]LogModuleManager: Shutting down and abandoning module TextureFormatAndroid (137)
[2019.01.06-17.22.49:787][993]LogModuleManager: Shutting down and abandoning module AudioFormatOpus (135)
[2019.01.06-17.22.49:787][993]LogModuleManager: Shutting down and abandoning module AudioFormatOgg (133)
[2019.01.06-17.22.49:787][993]LogModuleManager: Shutting down and abandoning module AudioFormatADPCM (131)
[2019.01.06-17.22.49:787][993]LogModuleManager: Shutting down and abandoning module LuminTargetPlatform (129)
[2019.01.06-17.22.49:787][993]LogModuleManager: Shutting down and abandoning module LinuxTargetPlatform (127)
[2019.01.06-17.22.49:787][993]LogModuleManager: Shutting down and abandoning module LinuxServerTargetPlatform (125)
[2019.01.06-17.22.49:787][993]LogModuleManager: Shutting down and abandoning module LinuxNoEditorTargetPlatform (123)
[2019.01.06-17.22.49:787][993]LogModuleManager: Shutting down and abandoning module LinuxClientTargetPlatform (121)
[2019.01.06-17.22.49:787][993]LogModuleManager: Shutting down and abandoning module TVOSTargetPlatform (119)
[2019.01.06-17.22.49:788][993]LogModuleManager: Shutting down and abandoning module Messaging (117)
[2019.01.06-17.22.49:788][993]LogModuleManager: Shutting down and abandoning module IOSTargetPlatform (115)
[2019.01.06-17.22.49:789][993]LogModuleManager: Shutting down and abandoning module HTML5TargetPlatform (113)
[2019.01.06-17.22.49:789][993]LogModuleManager: Shutting down and abandoning module AndroidTargetPlatform (111)
[2019.01.06-17.22.49:800][993]LogModuleManager: Shutting down and abandoning module WindowsTargetPlatform (109)
[2019.01.06-17.22.49:800][993]LogModuleManager: Shutting down and abandoning module WindowsServerTargetPlatform (107)
[2019.01.06-17.22.49:800][993]LogModuleManager: Shutting down and abandoning module WindowsNoEditorTargetPlatform (105)
[2019.01.06-17.22.49:800][993]LogModuleManager: Shutting down and abandoning module WindowsClientTargetPlatform (103)
[2019.01.06-17.22.49:800][993]LogModuleManager: Shutting down and abandoning module MacTargetPlatform (101)
[2019.01.06-17.22.49:800][993]LogModuleManager: Shutting down and abandoning module MacServerTargetPlatform (99)
[2019.01.06-17.22.49:800][993]LogModuleManager: Shutting down and abandoning module MacNoEditorTargetPlatform (97)
[2019.01.06-17.22.49:800][993]LogModuleManager: Shutting down and abandoning module MacClientTargetPlatform (95)
[2019.01.06-17.22.49:800][993]LogModuleManager: Shutting down and abandoning module AllDesktopTargetPlatform (93)
[2019.01.06-17.22.49:800][993]LogModuleManager: Shutting down and abandoning module InputCore (90)
[2019.01.06-17.22.49:801][993]LogModuleManager: Shutting down and abandoning module Settings (88)
[2019.01.06-17.22.49:801][993]LogModuleManager: Shutting down and abandoning module PhysXCooking (86)
[2019.01.06-17.22.49:801][993]LogModuleManager: Shutting down and abandoning module SteamVR (84)
[2019.01.06-17.22.49:801][993]LogModuleManager: Shutting down and abandoning module OculusHMD (82)
[2019.01.06-17.22.49:801][993]LogModuleManager: Shutting down and abandoning module ExampleDeviceProfileSelector (80)
[2019.01.06-17.22.49:801][993]LogModuleManager: Shutting down and abandoning module LauncherChunkInstaller (78)
[2019.01.06-17.22.49:801][993]LogModuleManager: Shutting down and abandoning module OnlineBlueprintSupport (76)
[2019.01.06-17.22.49:801][993]LogModuleManager: Shutting down and abandoning module OnlineSubsystem (72)
[2019.01.06-17.22.49:801][993]LogModuleManager: Shutting down and abandoning module XMPP (67)
[2019.01.06-17.22.49:802][993]LogModuleManager: Shutting down and abandoning module WebSockets (66)
[2019.01.06-17.22.49:819][993]LogModuleManager: Shutting down and abandoning module HTTP (63)
[2019.01.06-17.22.49:819][993]LogHttp: Display: Http module shutting down, but needs to wait on 1 outstanding Http requests:
[2019.01.06-17.22.49:819][993]LogHttp: Display: 	verb=[POST] url=[https://datarouter.ol.epicgames.com/datarouter/api/v1/public/data?SessionID=%7BE8A20814-4501-40B6-AF01-E08EAC079CF4%7D&AppID=UEEditor.Rocket.Release&AppVersion=4.20.3-4369336%2B%2B%2BUE4%2BRelease-4.20&UserID=44c9e7594b135b8ff9f642ae472475c3%7C8ec15df8aecb4d8492a8af43ac10b70b%7C6859e6fe-a307-4c78-9b87-ec2884ab9362&AppEnvironment=datacollector-binary&UploadType=eteventstream] status=Processing
[2019.01.06-17.22.49:826][993]LogModuleManager: Shutting down and abandoning module SSL (62)
[2019.01.06-17.22.49:827][993]LogModuleManager: Shutting down and abandoning module MagicLeapEmulator (58)
[2019.01.06-17.22.49:827][993]LogModuleManager: Shutting down and abandoning module MagicLeapPrivileges (56)
[2019.01.06-17.22.49:827][993]LogModuleManager: Shutting down and abandoning module MagicLeapIdentity (54)
[2019.01.06-17.22.49:827][993]LogModuleManager: Shutting down and abandoning module MagicLeapHelperVulkan (52)
[2019.01.06-17.22.49:827][993]LogModuleManager: Shutting down and abandoning module MagicLeapHelperOpenGL (50)
[2019.01.06-17.22.49:827][993]LogModuleManager: Shutting down and abandoning module MagicLeapSecureStorage (48)
[2019.01.06-17.22.49:827][993]LogModuleManager: Shutting down and abandoning module MagicLeapGestures (46)
[2019.01.06-17.22.49:827][993]LogModuleManager: Shutting down and abandoning module MagicLeapEyeTracker (44)
[2019.01.06-17.22.49:827][993]LogModuleManager: Shutting down and abandoning module MagicLeapController (42)
[2019.01.06-17.22.49:827][993]LogSlate: Slate User Destroyed.  User Index 0, Is Virtual User: 0
[2019.01.06-17.22.49:827][993]LogModuleManager: Shutting down and abandoning module MagicLeap (40)
[2019.01.06-17.22.49:827][993]LogModuleManager: Shutting down and abandoning module DesktopPlatform (38)
[2019.01.06-17.22.49:827][993]LogModuleManager: Shutting down and abandoning module AnimationModifiers (36)
[2019.01.06-17.22.49:827][993]LogModuleManager: Shutting down and abandoning module PropertyEditor (35)
[2019.01.06-17.22.49:827][993]LogModuleManager: Shutting down and abandoning module AudioEditor (32)
[2019.01.06-17.22.49:827][993]LogModuleManager: Shutting down and abandoning module TextureCompressor (30)
[2019.01.06-17.22.49:828][993]LogModuleManager: Shutting down and abandoning module ShaderCore (28)
[2019.01.06-17.22.49:828][993]LogModuleManager: Shutting down and abandoning module Landscape (26)
[2019.01.06-17.22.49:828][993]LogModuleManager: Shutting down and abandoning module SlateRHIRenderer (24)
[2019.01.06-17.22.49:828][993]LogModuleManager: Shutting down and abandoning module OpenGLDrv (22)
[2019.01.06-17.22.49:828][993]LogModuleManager: Shutting down and abandoning module D3D11RHI (20)
[2019.01.06-17.22.49:828][993]LogModuleManager: Shutting down and abandoning module AnimGraphRuntime (18)
[2019.01.06-17.22.49:828][993]LogModuleManager: Shutting down and abandoning module Renderer (16)
[2019.01.06-17.22.49:828][993]LogModuleManager: Shutting down and abandoning module Engine (14)
[2019.01.06-17.22.49:828][993]LogModuleManager: Shutting down and abandoning module CoreUObject (12)
[2019.01.06-17.22.49:828][993]LogModuleManager: Shutting down and abandoning module NetworkFile (10)
[2019.01.06-17.22.49:828][993]LogModuleManager: Shutting down and abandoning module CookedIterativeFile (8)
[2019.01.06-17.22.49:828][993]LogModuleManager: Shutting down and abandoning module StreamingFile (6)
[2019.01.06-17.22.49:828][993]LogModuleManager: Shutting down and abandoning module SandboxFile (4)
[2019.01.06-17.22.49:828][993]LogModuleManager: Shutting down and abandoning module PakFile (2)
[2019.01.06-17.22.49:833][993]LogExit: Exiting.
[2019.01.06-17.22.49:843][993]Log file closed, 01/06/19 17:22:49
