Log file open, 12/28/18 17:10:52
LogWindows: Failed to load 'aqProf.dll' (GetLastError=126)
LogWindows: File 'aqProf.dll' does not exist
LogWindows: Failed to load 'VSPerf140.dll' (GetLastError=126)
LogWindows: File 'VSPerf140.dll' does not exist
LogWindows: Failed to load 'VtuneApi.dll' (GetLastError=126)
LogWindows: File 'VtuneApi.dll' does not exist
LogWindows: Failed to load 'VtuneApi32e.dll' (GetLastError=126)
LogWindows: File 'VtuneApi32e.dll' does not exist
LogInit: Display: Running engine for game: PairProject
LogPlatformFile: Not using cached read wrapper
LogTaskGraph: Started task graph with 5 named threads and 35 total threads with 3 sets of task threads.
LogStats: Stats thread started at 0.486556
LogD3D11RHI: Loaded GFSDK_Aftermath_Lib.x64.dll
LogICUInternationalization: Display: ICU TimeZone Detection - Raw Offset: +0:00, Platform Override: ''
LogPluginManager: Mounting plugin Paper2D
LogPluginManager: Mounting plugin AISupport
LogPluginManager: Mounting plugin LightPropagationVolume
LogPluginManager: Mounting plugin CLionSourceCodeAccess
LogPluginManager: Mounting plugin CodeLiteSourceCodeAccess
LogPluginManager: Mounting plugin GitSourceControl
LogPluginManager: Mounting plugin KDevelopSourceCodeAccess
LogPluginManager: Mounting plugin NullSourceCodeAccess
LogPluginManager: Mounting plugin PerforceSourceControl
LogPluginManager: Mounting plugin SubversionSourceControl
LogPluginManager: Mounting plugin UObjectPlugin
LogPluginManager: Mounting plugin VisualStudioCodeSourceCodeAccess
LogPluginManager: Mounting plugin VisualStudioSourceCodeAccess
LogPluginManager: Mounting plugin XCodeSourceCodeAccess
LogPluginManager: Mounting plugin AssetManagerEditor
LogPluginManager: Mounting plugin CryptoKeys
LogPluginManager: Mounting plugin DataValidation
LogPluginManager: Mounting plugin FacialAnimation
LogPluginManager: Mounting plugin GameplayTagsEditor
LogPluginManager: Mounting plugin MacGraphicsSwitching
LogPluginManager: Mounting plugin MeshEditor
LogPluginManager: Mounting plugin MobileLauncherProfileWizard
LogPluginManager: Mounting plugin PluginBrowser
LogPluginManager: Mounting plugin SpeedTreeImporter
LogPluginManager: Mounting plugin DatasmithContent
LogPluginManager: Mounting plugin AlembicImporter
LogPluginManager: Mounting plugin AppleImageUtils
LogPluginManager: Mounting plugin AppleVision
LogPluginManager: Mounting plugin BackChannel
LogPluginManager: Mounting plugin CharacterAI
LogPluginManager: Mounting plugin GeometryCache
LogPluginManager: Mounting plugin HTML5Networking
LogPluginManager: Mounting plugin ProxyLODPlugin
LogPluginManager: Mounting plugin MagicLeap
LogPluginManager: Mounting plugin MagicLeapEmulator
LogPluginManager: Mounting plugin MagicLeapMedia
LogPluginManager: Mounting plugin AndroidMedia
LogPluginManager: Mounting plugin AvfMedia
LogPluginManager: Mounting plugin ImgMedia
LogPluginManager: Mounting plugin LinearTimecode
LogPluginManager: Mounting plugin MediaCompositing
LogPluginManager: Mounting plugin MediaPlayerEditor
LogPluginManager: Mounting plugin WmfMedia
LogPluginManager: Mounting plugin TcpMessaging
LogPluginManager: Mounting plugin UdpMessaging
LogPluginManager: Mounting plugin ActorSequence
LogPluginManager: Mounting plugin LevelSequenceEditor
LogPluginManager: Mounting plugin MatineeToLevelSequence
LogPluginManager: Mounting plugin NetcodeUnitTest
LogPluginManager: Mounting plugin NUTUnrealEngine4
LogPluginManager: Mounting plugin OnlineSubsystemGooglePlay
LogPluginManager: Mounting plugin OnlineSubsystemIOS
LogPluginManager: Mounting plugin OnlineSubsystem
LogPluginManager: Mounting plugin OnlineSubsystemNull
LogPluginManager: Mounting plugin OnlineSubsystemUtils
LogPluginManager: Mounting plugin LauncherChunkInstaller
LogPluginManager: Mounting plugin AndroidDeviceProfileSelector
LogPluginManager: Mounting plugin AndroidMoviePlayer
LogPluginManager: Mounting plugin AndroidPermission
LogPluginManager: Mounting plugin AppleMoviePlayer
LogPluginManager: Mounting plugin ArchVisCharacter
LogPluginManager: Mounting plugin AudioCapture
LogPluginManager: Mounting plugin CableComponent
LogPluginManager: Mounting plugin CustomMeshComponent
LogPluginManager: Mounting plugin EditableMesh
LogPluginManager: Mounting plugin ExampleDeviceProfileSelector
LogPluginManager: Mounting plugin GoogleCloudMessaging
LogPluginManager: Mounting plugin ImmediatePhysics
LogPluginManager: Mounting plugin IOSDeviceProfileSelector
LogPluginManager: Mounting plugin LinuxDeviceProfileSelector
LogPluginManager: Mounting plugin LocationServicesBPLibrary
LogPluginManager: Mounting plugin MobilePatchingUtils
LogPluginManager: Mounting plugin OculusVR
LogPluginManager: Plugin shader directory ../../../Engine/Plugins/Runtime/Oculus/OculusVR/Shaders found
LogPluginManager: Mapping shader source directory ../../../Engine/Plugins/Runtime/Oculus/OculusVR/Shaders to virtual directory /Plugin/OculusVR
LogPluginManager: Mounting plugin PhysXVehicles
LogPluginManager: Mounting plugin ProceduralMeshComponent
LogPluginManager: Mounting plugin RuntimePhysXCooking
LogPluginManager: Mounting plugin SteamVR
LogPluginManager: Mounting plugin WindowsMoviePlayer
LogStreaming: Display: Took  0.121s to configure plugins.
LogInit: Using libcurl 7.55.1-DEV
LogInit:  - built for x86_64-pc-win32
LogInit:  - supports SSL with OpenSSL/1.0.2h
LogInit:  - supports HTTP deflate (compression) using libz 1.2.8
LogInit:  - other features:
LogInit:      CURL_VERSION_SSL
LogInit:      CURL_VERSION_LIBZ
LogInit:      CURL_VERSION_IPV6
LogInit:      CURL_VERSION_ASYNCHDNS
LogInit:      CURL_VERSION_LARGEFILE
LogInit:      CURL_VERSION_IDN
LogInit:  CurlRequestOptions (configurable via config and command line):
LogInit:  - bVerifyPeer = false  - Libcurl will NOT verify peer certificate
LogInit:  - bUseHttpProxy = false  - Libcurl will NOT use HTTP proxy
LogInit:  - bDontReuseConnections = false  - Libcurl will reuse connections
LogInit:  - CertBundlePath = nullptr  - Libcurl will use whatever was configured at build time.
LogInit:  - MaxHostConnections = 16  - Libcurl will limit the number of connections to a host
LogInit:  - LocalHostAddr = Default
LogInit:  - BufferSize = 65536
LogInit: WinSock: version 1.1 (2.2), MaxSocks=32767, MaxUdp=65467
LogInit: Build: ++UE4+Release-4.20-CL-4369336
LogInit: Engine Version: 4.20.3-4369336+++UE4+Release-4.20
LogInit: Compatible Engine Version: 4.20.0-4212847+++UE4+Release-4.20
LogInit: Net CL: 4212847
LogInit: OS: Windows 10 (), CPU: Intel(R) Core(TM) i7-8700K CPU @ 3.70GHz, GPU: NVIDIA GeForce GTX 950
LogInit: Compiled (64-bit): Sep 17 2018 12:26:19
LogInit: Compiled with Visual C++: 19.13.26129.00
LogInit: Build Configuration: Development
LogInit: Branch Name: ++UE4+Release-4.20
LogInit: Command Line:  -skipcompile
LogInit: Base Directory: D:/Program Files (x86)/UE_4.20/Engine/Binaries/Win64/
LogInit: Installed Engine Build: 1
LogDevObjectVersion: Number of dev versions registered: 20
LogDevObjectVersion:   Dev-Blueprints (B0D832E4-1F89-4F0D-ACCF-7EB736FD4AA2): 10
LogDevObjectVersion:   Dev-Build (E1C64328-A22C-4D53-A36C-8E866417BD8C): 0
LogDevObjectVersion:   Dev-Core (375EC13C-06E4-48FB-B500-84F0262A717E): 2
LogDevObjectVersion:   Dev-Editor (E4B068ED-F494-42E9-A231-DA0B2E46BB41): 24
LogDevObjectVersion:   Dev-Framework (CFFC743F-43B0-4480-9391-14DF171D2073): 34
LogDevObjectVersion:   Dev-Mobile (B02B49B5-BB20-44E9-A304-32B752E40360): 2
LogDevObjectVersion:   Dev-Networking (A4E4105C-59A1-49B5-A7C5-40C4547EDFEE): 0
LogDevObjectVersion:   Dev-Online (39C831C9-5AE6-47DC-9A44-9C173E1C8E7C): 0
LogDevObjectVersion:   Dev-Physics (78F01B33-EBEA-4F98-B9B4-84EACCB95AA2): 0
LogDevObjectVersion:   Dev-Platform (6631380F-2D4D-43E0-8009-CF276956A95A): 0
LogDevObjectVersion:   Dev-Rendering (12F88B9F-8875-4AFC-A67C-D90C383ABD29): 26
LogDevObjectVersion:   Dev-Sequencer (7B5AE74C-D270-4C10-A958-57980B212A5A): 9
LogDevObjectVersion:   Dev-VR (D7296918-1DD6-4BDD-9DE2-64A83CC13884): 2
LogDevObjectVersion:   Dev-LoadTimes (C2A15278-BFE7-4AFE-6C17-90FF531DF755): 1
LogDevObjectVersion:   Private-Geometry (6EACA3D4-40EC-4CC1-B786-8BED09428FC5): 3
LogDevObjectVersion:   Dev-AnimPhys (29E575DD-E0A3-4627-9D10-D276232CDCEA): 17
LogDevObjectVersion:   Dev-ReflectionCapture (6B266CEC-1EC7-4B8F-A30B-E4D90942FC07): 1
LogDevObjectVersion:   Dev-Automation (0DF73D61-A23F-47EA-B727-89E90C41499A): 1
LogDevObjectVersion:   FortniteMain (601D1886-AC64-4F84-AA16-D3DE0DEAC7D6): 12
LogDevObjectVersion:   Dev-Enterprise (9DFFBCD6-494F-0158-E221-12823C92A888): 1
LogStreaming: Display: Took  0.002s to delete old logs.
LogInit: Presizing for max 8388607 objects, including 0 objects not considered by GC, pre-allocating 0 bytes for permanent pool.
LogInit: Object subsystem initialized
[2018.12.28-17.10.52:565][  0]LogInit: Selected Device Profile: [Windows]
[2018.12.28-17.10.52:565][  0]LogInit: Applying CVar settings loaded from the selected device profile: [Windows]
[2018.12.28-17.10.52:577][  0]LogHAL: Display: Platform has ~ 16 GB [17132584960 / 17179869184 / 16], which maps to Larger [LargestMinGB=32, LargerMinGB=12, DefaultMinGB=8, SmallerMinGB=6, SmallestMinGB=0)
[2018.12.28-17.10.52:577][  0]LogInit: Setting Device Profile CVar: [[r.Vulkan.UseRealUBs:1]]
[2018.12.28-17.10.52:577][  0]LogInit: Going up to parent DeviceProfile []
[2018.12.28-17.10.52:578][  0]LogInit: Computer: DESKTOP-D8L6EI8
[2018.12.28-17.10.52:578][  0]LogInit: User: h017026h
[2018.12.28-17.10.52:578][  0]LogInit: CPU Page size=4096, Cores=6
[2018.12.28-17.10.52:578][  0]LogInit: High frequency timer resolution =3.609379 MHz
[2018.12.28-17.10.52:578][  0]LogMemory: Memory total: Physical=16.0GB (16GB approx)
[2018.12.28-17.10.52:578][  0]LogMemory: Platform Memory Stats for Windows
[2018.12.28-17.10.52:578][  0]LogMemory: Process Physical Memory: 103.26 MB used, 103.26 MB peak
[2018.12.28-17.10.52:578][  0]LogMemory: Process Virtual Memory: 97.84 MB used, 97.84 MB peak
[2018.12.28-17.10.52:578][  0]LogMemory: Physical Memory: 6866.95 MB used,  9471.96 MB free, 16338.91 MB total
[2018.12.28-17.10.52:578][  0]LogMemory: Virtual Memory: 4664.66 MB used,  9471.96 MB free, 134217728.00 MB total
[2018.12.28-17.10.52:666][  0]LogInit: Using OS detected language (en-GB).
[2018.12.28-17.10.52:666][  0]LogInit: Using OS detected locale (en-GB).
[2018.12.28-17.10.52:667][  0]LogTextLocalizationManager: No specific localization for 'en-GB' exists, so the 'en' localization will be used.
[2018.12.28-17.10.52:959][  0]LogStreaming: Display: Took  0.293s to InitEngineTextLocalization.
[2018.12.28-17.10.52:959][  0]LogInit: Setting process to per monitor DPI aware
[2018.12.28-17.10.53:010][  0]LogSlate: New Slate User Created.  User Index 0, Is Virtual User: 0
[2018.12.28-17.10.53:010][  0]LogSlate: Slate User Registered.  User Index 0, Is Virtual User: 0
[2018.12.28-17.10.53:265][  0]LogHMD: Failed to initialize OpenVR with code 110
[2018.12.28-17.10.53:265][  0]LogD3D11RHI: D3D11 adapters:
[2018.12.28-17.10.53:333][  0]LogD3D11RHI:    0. 'NVIDIA GeForce GTX 950' (Feature Level 11_0)
[2018.12.28-17.10.53:333][  0]LogD3D11RHI:       2007/0/8169 MB DedicatedVideo/DedicatedSystem/SharedSystem, Outputs:1, VendorId:0x10de
[2018.12.28-17.10.53:337][  0]LogD3D11RHI:    1. 'Microsoft Basic Render Driver' (Feature Level 11_0)
[2018.12.28-17.10.53:337][  0]LogD3D11RHI:       0/0/8169 MB DedicatedVideo/DedicatedSystem/SharedSystem, Outputs:0, VendorId:0x1414
[2018.12.28-17.10.53:337][  0]LogD3D11RHI: Chosen D3D11 Adapter: 0
[2018.12.28-17.10.53:344][  0]LogD3D11RHI: Creating new Direct3DDevice
[2018.12.28-17.10.53:344][  0]LogD3D11RHI:     GPU DeviceId: 0x1402 (for the marketing name, search the web for "GPU Device Id")
[2018.12.28-17.10.53:344][  0]LogWindows: EnumDisplayDevices:
[2018.12.28-17.10.53:344][  0]LogWindows:    0. 'NVIDIA GeForce GTX 950' (P:1 D:1)
[2018.12.28-17.10.53:344][  0]LogWindows:    1. 'NVIDIA GeForce GTX 950' (P:0 D:0)
[2018.12.28-17.10.53:345][  0]LogWindows:    2. 'NVIDIA GeForce GTX 950' (P:0 D:0)
[2018.12.28-17.10.53:345][  0]LogWindows:    3. 'NVIDIA GeForce GTX 950' (P:0 D:0)
[2018.12.28-17.10.53:345][  0]LogWindows: DebugString: FoundDriverCount:4 
[2018.12.28-17.10.53:345][  0]LogD3D11RHI:     Adapter Name: NVIDIA GeForce GTX 950
[2018.12.28-17.10.53:345][  0]LogD3D11RHI:   Driver Version: 399.07 (internal:24.21.13.9907, unified:399.07)
[2018.12.28-17.10.53:345][  0]LogD3D11RHI:      Driver Date: 8-21-2018
[2018.12.28-17.10.53:345][  0]LogRHI: Texture pool is 1405 MB (70% of 2007 MB)
[2018.12.28-17.10.53:377][  0]LogD3D11RHI: Async texture creation enabled
[2018.12.28-17.10.53:408][  0]LogD3D11RHI: GPU Timing Frequency: 1000.000000 (Debug: 2 2)
[2018.12.28-17.10.53:456][  0]LogShaderCompilers: Guid format shader working directory is -28 characters bigger than the processId version (../../../../../Users/h017026h/Documents/GitKraken/TGPPairProject/PairProject/Intermediate/Shaders/WorkingDirectory/18668/).
[2018.12.28-17.10.53:456][  0]LogShaderCompilers: Cleaned the shader compiler working directory 'C:/Users/h017026h/AppData/Local/Temp/UnrealShaderWorkingDir/0A6C15904126A594BA45F0B93A03CA13/'.
[2018.12.28-17.10.53:659][  0]LogTemp: Display: Loaded TP AllDesktopTargetPlatform
[2018.12.28-17.10.53:673][  0]LogTemp: Display: Loaded TP MacClientTargetPlatform
[2018.12.28-17.10.53:687][  0]LogTemp: Display: Loaded TP MacNoEditorTargetPlatform
[2018.12.28-17.10.53:701][  0]LogTemp: Display: Loaded TP MacServerTargetPlatform
[2018.12.28-17.10.53:715][  0]LogTemp: Display: Loaded TP MacTargetPlatform
[2018.12.28-17.10.53:728][  0]LogTemp: Display: Loaded TP WindowsClientTargetPlatform
[2018.12.28-17.10.53:740][  0]LogTemp: Display: Loaded TP WindowsNoEditorTargetPlatform
[2018.12.28-17.10.53:753][  0]LogTemp: Display: Loaded TP WindowsServerTargetPlatform
[2018.12.28-17.10.53:759][  0]LogTemp: Display: Loaded TP WindowsTargetPlatform
[2018.12.28-17.10.53:826][  0]LogTemp: Display: Loaded TP AndroidTargetPlatform
[2018.12.28-17.10.53:826][  0]LogTemp: Display: Loaded TP AndroidTargetPlatform
[2018.12.28-17.10.53:826][  0]LogTemp: Display: Loaded TP AndroidTargetPlatform
[2018.12.28-17.10.53:826][  0]LogTemp: Display: Loaded TP AndroidTargetPlatform
[2018.12.28-17.10.53:826][  0]LogTemp: Display: Loaded TP AndroidTargetPlatform
[2018.12.28-17.10.53:826][  0]LogTemp: Display: Loaded TP AndroidTargetPlatform
[2018.12.28-17.10.53:826][  0]LogTemp: Display: Loaded TP AndroidTargetPlatform
[2018.12.28-17.10.53:826][  0]LogTemp: Display: Loaded TP AndroidTargetPlatform
[2018.12.28-17.10.53:826][  0]LogTemp: Display: Loaded TP AndroidTargetPlatform
[2018.12.28-17.10.53:826][  0]LogTemp: Display: Loaded TP AndroidTargetPlatform
[2018.12.28-17.10.53:826][  0]LogTemp: Display: Loaded TP AndroidTargetPlatform
[2018.12.28-17.10.53:826][  0]LogTemp: Display: Loaded TP AndroidTargetPlatform
[2018.12.28-17.10.53:826][  0]LogTemp: Display: Loaded TP AndroidTargetPlatform
[2018.12.28-17.10.53:826][  0]LogTemp: Display: Loaded TP AndroidTargetPlatform
[2018.12.28-17.10.53:826][  0]LogTemp: Display: Loaded TP AndroidTargetPlatform
[2018.12.28-17.10.53:826][  0]LogTemp: Display: Loaded TP AndroidTargetPlatform
[2018.12.28-17.10.53:826][  0]LogTemp: Display: Loaded TP AndroidTargetPlatform
[2018.12.28-17.10.53:826][  0]LogTemp: Display: Loaded TP AndroidTargetPlatform
[2018.12.28-17.10.53:829][  0]LogTemp: Display: Loaded TP HTML5TargetPlatform
[2018.12.28-17.10.53:889][  0]LogTemp: Display: Loaded TP IOSTargetPlatform
[2018.12.28-17.10.53:889][  0]LogTemp: Display: Loaded TP IOSTargetPlatform
[2018.12.28-17.10.53:916][  0]LogTemp: Display: Loaded TP TVOSTargetPlatform
[2018.12.28-17.10.53:916][  0]LogTemp: Display: Loaded TP TVOSTargetPlatform
[2018.12.28-17.10.53:928][  0]LogTemp: Display: Loaded TP LinuxClientTargetPlatform
[2018.12.28-17.10.53:940][  0]LogTemp: Display: Loaded TP LinuxNoEditorTargetPlatform
[2018.12.28-17.10.53:952][  0]LogTemp: Display: Loaded TP LinuxServerTargetPlatform
[2018.12.28-17.10.53:964][  0]LogTemp: Display: Loaded TP LinuxTargetPlatform
[2018.12.28-17.10.53:974][  0]LogTemp: Display: Loaded TP LuminTargetPlatform
[2018.12.28-17.10.53:974][  0]LogTargetPlatformManager: Display: Building Assets For Windows
[2018.12.28-17.10.54:055][  0]LogXGEController: Cleaning working directory: C:/Users/h017026h/AppData/Local/Temp/UnrealXGEWorkingDir/
[2018.12.28-17.10.54:055][  0]LogXGEController: Cannot use XGE Controller as Incredibuild is not installed on this machine.
[2018.12.28-17.10.54:055][  0]LogShaderCompilers: Cannot use XGE Shader Compiler as Incredibuild is not installed on this machine.
[2018.12.28-17.10.54:055][  0]LogShaderCompilers: Display: Using Local Shader Compiler.
[2018.12.28-17.10.54:653][  0]LogDerivedDataCache: Display: Max Cache Size: 512 MB
[2018.12.28-17.10.54:700][  0]LogDerivedDataCache: Loaded boot cache 0.05s 71MB C:/Users/h017026h/AppData/Local/UnrealEngine/4.20/DerivedDataCache/Boot.ddc.
[2018.12.28-17.10.54:701][  0]LogDerivedDataCache: Display: Loaded Boot cache: C:/Users/h017026h/AppData/Local/UnrealEngine/4.20/DerivedDataCache/Boot.ddc
[2018.12.28-17.10.54:701][  0]LogDerivedDataCache: FDerivedDataBackendGraph:  Pak pak cache file ../../../../../Users/h017026h/Documents/GitKraken/TGPPairProject/PairProject/DerivedDataCache/DDC.ddp not found, will not use a pak cache.
[2018.12.28-17.10.54:701][  0]LogDerivedDataCache: Unable to find inner node Pak for hierarchical cache Hierarchy.
[2018.12.28-17.10.54:701][  0]LogDerivedDataCache: FDerivedDataBackendGraph:  CompressedPak pak cache file ../../../../../Users/h017026h/Documents/GitKraken/TGPPairProject/PairProject/DerivedDataCache/Compressed.ddp not found, will not use a pak cache.
[2018.12.28-17.10.54:701][  0]LogDerivedDataCache: Unable to find inner node CompressedPak for hierarchical cache Hierarchy.
[2018.12.28-17.10.54:712][  0]LogDerivedDataCache: Display: Pak cache opened for reading ../../../Engine/DerivedDataCache/Compressed.ddp.
[2018.12.28-17.10.54:725][  0]LogDerivedDataCache: Using Local data cache path C:/Users/h017026h/AppData/Local/UnrealEngine/Common/DerivedDataCache: Writable
[2018.12.28-17.10.54:725][  0]LogDerivedDataCache: Shared data cache path not found in *engine.ini, will not use an Shared cache.
[2018.12.28-17.10.54:725][  0]LogDerivedDataCache: Unable to find inner node Shared for hierarchical cache Hierarchy.
[2018.12.28-17.10.54:740][  0]LogMaterial: Verifying Global Shaders for PCD3D_SM5
[2018.12.28-17.10.54:741][  0]LogSlate: Using FreeType 2.6.0
[2018.12.28-17.10.54:742][  0]LogSlate: SlateFontServices - WITH_FREETYPE: 1, WITH_HARFBUZZ: 1
[2018.12.28-17.10.54:812][  0]LogAssetRegistry: FAssetRegistry took 0.0271 seconds to start up
[2018.12.28-17.10.55:057][  0]LogInit: Selected Device Profile: [Windows]
[2018.12.28-17.10.55:172][  0]LogSimplygon: Simplygon DLL not present - disabling.
[2018.12.28-17.10.55:177][  0]LogMeshReduction: Using SimplygonSwarm for distributed automatic mesh merging
[2018.12.28-17.10.55:178][  0]LogMeshReduction: Using ProxyLODMeshReduction for automatic mesh merging
[2018.12.28-17.10.55:178][  0]LogMeshReduction: Using QuadricMeshReduction for automatic static mesh reduction
[2018.12.28-17.10.55:178][  0]LogMeshReduction: No automatic skeletal mesh reduction module available
[2018.12.28-17.10.55:192][  0]LogNetVersion: PairProject 1.0.0, NetCL: 4212847, EngineNetVer: 5, GameNetVer: 0 (Checksum: 2248716754)
[2018.12.28-17.10.55:611][  0]LogPackageLocalizationCache: Processed 11 localized package path(s) for 2 prioritized culture(s) in 0.102130 seconds
[2018.12.28-17.10.55:616][  0]LogUObjectArray: 38425 objects as part of root set at end of initial load.
[2018.12.28-17.10.55:616][  0]LogUObjectAllocator: 6690864 out of 0 bytes used by permanent object pool.
[2018.12.28-17.10.55:616][  0]LogUObjectArray: CloseDisregardForGC: 0/0 objects in disregard for GC pool
[2018.12.28-17.10.56:438][  0]LogTcpMessaging: Initializing TcpMessaging bridge
[2018.12.28-17.10.56:455][  0]LogUdpMessaging: Initializing bridge on interface 0.0.0.0:0 to multicast group 230.0.0.1:6666.
[2018.12.28-17.10.56:630][  0]SourceControl: Source control is disabled
[2018.12.28-17.10.56:631][  0]SourceControl: Source control is disabled
[2018.12.28-17.10.56:633][  0]SourceControl: Source control is disabled
[2018.12.28-17.10.56:636][  0]SourceControl: Source control is disabled
[2018.12.28-17.10.56:860][  0]LogAndroidPermission: UAndroidPermissionCallbackProxy::GetInstance
[2018.12.28-17.10.56:950][  0]LogOcInput: OculusInput pre-init called
[2018.12.28-17.10.57:011][  0]LogEngine: Initializing Engine...
[2018.12.28-17.10.57:012][  0]LogHMD: Failed to initialize OpenVR with code 110
[2018.12.28-17.10.57:013][  0]LogStats: UGameplayTagsManager::ConstructGameplayTagTree: ImportINI prefixes -  0.000 s
[2018.12.28-17.10.57:013][  0]LogStats: UGameplayTagsManager::ConstructGameplayTagTree: Construct from data asset -  0.000 s
[2018.12.28-17.10.57:013][  0]LogStats: UGameplayTagsManager::ConstructGameplayTagTree: ImportINI -  0.000 s
[2018.12.28-17.10.57:013][  0]LogStats: UGameplayTagsManager::ConstructGameplayTagTree: GameplayTagTreeChangedEvent.Broadcast -  0.000 s
[2018.12.28-17.10.57:175][  0]LogInit: Initializing FReadOnlyCVARCache
[2018.12.28-17.10.57:187][  0]LogAIModule: Creating AISystem for world Untitled
[2018.12.28-17.10.57:206][  0]LogInit: XAudio2 using 'Headset Earphone (Corsair VOID PRO USB Gaming Headset)' : 6 channels at 48 kHz using 16 bits per sample (channel mask 0x3f)
[2018.12.28-17.10.57:306][  0]LogInit: FAudioDevice initialized.
[2018.12.28-17.10.57:306][  0]LogNetVersion: Set ProjectVersion to 1.0.0.0. Version Checksum will be recalculated on next use.
[2018.12.28-17.10.57:369][  0]LogDerivedDataCache: Saved boot cache 0.06s 71MB C:/Users/h017026h/AppData/Local/UnrealEngine/4.20/DerivedDataCache/Boot.ddc.
[2018.12.28-17.10.57:379][  0]LogInit: Texture streaming: Enabled
[2018.12.28-17.10.57:397][  0]LogEngineSessionManager: EngineSessionManager initialized
[2018.12.28-17.10.57:407][  0]LogInit: Transaction tracking system initialized
[2018.12.28-17.10.57:428][  0]BlueprintLog: New page: Editor Load
[2018.12.28-17.10.57:519][  0]LocalizationService: Localization service is disabled
[2018.12.28-17.10.57:757][  0]LogCook: Display: Max memory allowance for cook 16384mb min free memory 0mb
[2018.12.28-17.10.57:757][  0]LogCook: Display: Mobile HDR setting 1
[2018.12.28-17.10.57:758][  0]LogGameplayTags: Display: UGameplayTagsManager::DoneAddingNativeTags. DelegateIsBound: 0
[2018.12.28-17.10.57:758][  0]LogStats: UGameplayTagsManager::ConstructGameplayTagTree: ImportINI prefixes -  0.000 s
[2018.12.28-17.10.57:758][  0]LogStats: UGameplayTagsManager::ConstructGameplayTagTree: Construct from data asset -  0.000 s
[2018.12.28-17.10.57:758][  0]LogStats: UGameplayTagsManager::ConstructGameplayTagTree: ImportINI -  0.000 s
[2018.12.28-17.10.57:758][  0]LogStats: UGameplayTagsManager::ConstructGameplayTagTree: GameplayTagTreeChangedEvent.Broadcast -  0.000 s
[2018.12.28-17.10.57:831][  0]LogFileCache: Scanning file cache for directory 'D:/Users/h017026h/Documents/GitKraken/TGPPairProject/PairProject/Content/' took 0.02s
[2018.12.28-17.10.57:898][  0]SourceControl: Source control is disabled
[2018.12.28-17.10.57:899][  0]Cmd: MAP LOAD FILE="../../../Engine/Content/Maps/Templates/Template_Default.umap" TEMPLATE=1 SHOWPROGRESS=1 FEATURELEVEL=3
[2018.12.28-17.10.57:899][  0]LightingResults: New page: Lighting Build
[2018.12.28-17.10.57:901][  0]MapCheck: New page: Map Check
[2018.12.28-17.10.57:901][  0]LightingResults: New page: Lighting Build
[2018.12.28-17.10.58:052][  0]LogAIModule: Creating AISystem for world Untitled_1
[2018.12.28-17.10.58:060][  0]LogEditorServer: Finished looking for orphan Actors (0.000 secs)
[2018.12.28-17.10.58:080][  0]Cmd: MAP CHECKDEP NOCLEARLOG
[2018.12.28-17.10.58:123][  0]MapCheck: Map check complete: 0 Error(s), 0 Warning(s), took 43.458ms to complete.
[2018.12.28-17.10.58:123][  0]LogFileHelpers: Loading map 'Template_Default' took 0.225
[2018.12.28-17.10.58:213][  0]LogSlate: Updating window title bar state: overlay mode, drag disabled, window buttons hidden, title bar hidden
[2018.12.28-17.10.58:220][  0]LogSlate: Updating window title bar state: overlay mode, drag disabled, window buttons hidden, title bar hidden
[2018.12.28-17.10.58:227][  0]LogSlate: Updating window title bar state: overlay mode, drag disabled, window buttons hidden, title bar hidden
[2018.12.28-17.10.58:233][  0]LogSlate: Updating window title bar state: overlay mode, drag disabled, window buttons hidden, title bar hidden
[2018.12.28-17.10.58:238][  0]LogCollectionManager: Loaded 0 collections in 0.000915 seconds
[2018.12.28-17.10.58:283][  0]LogFileCache: Scanning file cache for directory 'D:/Users/h017026h/Documents/GitKraken/TGPPairProject/PairProject/Saved/Collections/' took 0.01s
[2018.12.28-17.10.58:283][  0]LogFileCache: Scanning file cache for directory 'D:/Users/h017026h/Documents/GitKraken/TGPPairProject/PairProject/Content/Developers/h017026h/Collections/' took 0.01s
[2018.12.28-17.10.58:283][  0]LogFileCache: Scanning file cache for directory 'D:/Users/h017026h/Documents/GitKraken/TGPPairProject/PairProject/Content/Collections/' took 0.01s
[2018.12.28-17.10.58:284][  0]LogCollectionManager: Rebuilt the GUID cache for 0 collections in 0.000000 seconds
[2018.12.28-17.10.58:291][  0]LogContentBrowser: Native class hierarchy populated in 0.0074 seconds. Added 2580 classes and 606 folders.
[2018.12.28-17.10.58:295][  0]LogContentBrowser: Native class hierarchy updated for 'WidgetCarousel' in 0.0003 seconds. Added 0 classes and 0 folders.
[2018.12.28-17.10.58:343][  0]LogContentBrowser: Native class hierarchy updated for 'AddContentDialog' in 0.0004 seconds. Added 0 classes and 0 folders.
[2018.12.28-17.10.58:353][  0]LogContentBrowser: Native class hierarchy updated for 'SceneOutliner' in 0.0003 seconds. Added 1 classes and 2 folders.
[2018.12.28-17.10.59:173][  0]LogSlate: Only BGRA pngs, bmps or icos are supported in by External Image Picker
[2018.12.28-17.10.59:198][  0]LogTemp: Executing iPhonePackager certificates Engine -bundlename com.YourCompany.PairProject
[2018.12.28-17.10.59:198][  0]LogTemp: CWD: D:\Program Files (x86)\UE_4.20\Engine\Binaries\DotNET\IOS
[2018.12.28-17.10.59:198][  0]LogTemp: Initial Dir: D:\Program Files (x86)\UE_4.20
[2018.12.28-17.10.59:198][  0]LogTemp: Env CWD: D:\Program Files (x86)\UE_4.20\Engine\Binaries\DotNET\IOS
[2018.12.28-17.10.59:198][  0]LogTemp: BranchPath = DESKTOP-D8L6EI8/D/Program Files (x86)/UE_4.20/Engine/Binaries --- GameBranchPath = DESKTOP-D8L6EI8/D/Program Files (x86)/UE_4.20/Engine/Binaries
[2018.12.28-17.10.59:199][  0]LogSlate: Took 0.000341 seconds to synchronously load lazily loaded font '../../../Engine/Content/Slate/Fonts/Roboto-Regular.ttf' (155K)
[2018.12.28-17.10.59:201][  0]LogSlate: Took 0.000363 seconds to synchronously load lazily loaded font '../../../Engine/Content/Slate/Fonts/Roboto-Bold.ttf' (160K)
[2018.12.28-17.10.59:205][  0]LogTemp: IPP ERROR: Could not find provision directory 'C:\Users\h017026h\AppData\Local/Apple Computer/MobileDevice/Provisioning Profiles/'.
[2018.12.28-17.10.59:205][  0]LogSlate: Took 0.000250 seconds to synchronously load lazily loaded font '../../../Engine/Content/Editor/Slate/Fonts/FontAwesome.ttf' (139K)
[2018.12.28-17.10.59:288][  0]LogRenderer: Reallocating scene render targets to support 1208x576 Format 10 NumSamples 1 (Frame:1).
[2018.12.28-17.10.59:415][  0]LogContentBrowser: Native class hierarchy updated for 'HierarchicalLODOutliner' in 0.0005 seconds. Added 0 classes and 0 folders.
[2018.12.28-17.10.59:416][  0]LogLoad: (Engine Initialization) Total time: 8.81 seconds
[2018.12.28-17.10.59:416][  0]LogLoad: (Engine Initialization) Total Blueprint compile time: 0.00 seconds
[2018.12.28-17.10.59:428][  0]LogWindowsTextInputMethodSystem: Display: IME system now deactivated.
[2018.12.28-17.10.59:456][  0]LogContentStreaming: Texture pool size now 1000 MB
[2018.12.28-17.10.59:587][  1]LogAssetRegistry: Asset discovery search completed in 4.7984 seconds
[2018.12.28-17.10.59:588][  1]LogCollectionManager: Rebuilt the object cache for 0 collections in 0.000001 seconds (found 0 objects)
[2018.12.28-17.10.59:588][  1]LogCollectionManager: Fixed up redirectors for 0 collections in 0.000156 seconds (updated 0 objects)
[2018.12.28-17.11.01:164][187]LogSlate: FSceneViewport::OnFocusLost() reason 0
[2018.12.28-17.11.01:262][198]LogSlate: Took 0.000308 seconds to synchronously load lazily loaded font '../../../Engine/Content/Slate/Fonts/Roboto-Light.ttf' (167K)
[2018.12.28-17.11.02:547][350]LogSlate: Took 0.000214 seconds to synchronously load lazily loaded font '../../../Engine/Content/Slate/Fonts/Roboto-Light.ttf' (167K)
[2018.12.28-17.11.02:692][350]LogAIModule: Creating AISystem for world CameraTestScene
[2018.12.28-17.11.02:700][350]LogAssetEditorManager: Opening Asset editor for World /Game/Scenes/CameraTestScene.CameraTestScene
[2018.12.28-17.11.02:722][350]Cmd: MAP LOAD FILE="../../../../../Users/h017026h/Documents/GitKraken/TGPPairProject/PairProject/Content/Scenes/CameraTestScene.umap" TEMPLATE=0 SHOWPROGRESS=1 FEATURELEVEL=3
[2018.12.28-17.11.02:722][350]LightingResults: New page: Lighting Build
[2018.12.28-17.11.02:723][350]LoadErrors: New page: Loading map: CameraTestScene.umap
[2018.12.28-17.11.02:723][350]MapCheck: New page: Map Check
[2018.12.28-17.11.02:723][350]LightingResults: New page: Lighting Build
[2018.12.28-17.11.02:748][350]LogEditorServer: Finished looking for orphan Actors (0.000 secs)
[2018.12.28-17.11.02:793][350]Cmd: MAP CHECKDEP NOCLEARLOG
[2018.12.28-17.11.02:842][350]MapCheck: Map check complete: 0 Error(s), 0 Warning(s), took 49.366ms to complete.
[2018.12.28-17.11.02:843][350]LogFileHelpers: Loading map 'CameraTestScene' took 0.121
[2018.12.28-17.11.03:725][448]LogTemp: Repeating last play command: Selected Viewport
[2018.12.28-17.11.03:740][448]LogBlueprintUserMessages: Early PlayInEditor Detection: Level '/Game/Scenes/CameraTestScene.CameraTestScene:PersistentLevel' has LevelScriptBlueprint '/Game/Scenes/CameraTestScene.CameraTestScene:PersistentLevel.CameraTestScene' with GeneratedClass '/Game/Scenes/CameraTestScene.CameraTestScene_C' with ClassGeneratedBy '/Game/Scenes/CameraTestScene.CameraTestScene:PersistentLevel.CameraTestScene'
[2018.12.28-17.11.03:740][448]LogPlayLevel: PlayLevel: No blueprints needed recompiling
[2018.12.28-17.11.03:754][448]PIE: New page: PIE session: CameraTestScene (28 Dec 2018 17:11:03)
[2018.12.28-17.11.03:755][448]LogPlayLevel: Creating play world package: /Game/Scenes/UEDPIE_0_CameraTestScene
[2018.12.28-17.11.03:758][448]LogPlayLevel: PIE: StaticDuplicateObject took: (0.003115s)
[2018.12.28-17.11.03:759][448]LogAIModule: Creating AISystem for world CameraTestScene
[2018.12.28-17.11.03:759][448]LogPlayLevel: PIE: World Init took: (0.001169s)
[2018.12.28-17.11.03:759][448]LogPlayLevel: PIE: Created PIE world by copying editor world from /Game/Scenes/CameraTestScene.CameraTestScene to /Game/Scenes/UEDPIE_0_CameraTestScene.CameraTestScene (0.004667s)
[2018.12.28-17.11.03:786][448]LogInit: XAudio2 using 'Headset Earphone (Corsair VOID PRO USB Gaming Headset)' : 6 channels at 48 kHz using 16 bits per sample (channel mask 0x3f)
[2018.12.28-17.11.03:875][448]LogInit: FAudioDevice initialized.
[2018.12.28-17.11.03:928][448]LogLoad: Game class is 'TestGameMode_C'
[2018.12.28-17.11.03:932][448]LogWorld: Bringing World /Game/Scenes/UEDPIE_0_CameraTestScene.CameraTestScene up for play (max tick rate 0) at 2018.12.28-17.11.03
[2018.12.28-17.11.03:933][448]LogWorld: Bringing up level for play took: 0.002946
[2018.12.28-17.11.03:949][448]LogContentBrowser: Native class hierarchy updated for 'MovieSceneCapture' in 0.0006 seconds. Added 10 classes and 0 folders.
[2018.12.28-17.11.03:950][448]LogGameMode: Display: Match State Changed from EnteringMap to WaitingToStart
[2018.12.28-17.11.03:950][448]LogGameState: Match State Changed from EnteringMap to WaitingToStart
[2018.12.28-17.11.03:950][448]LogGameMode: Display: Match State Changed from WaitingToStart to InProgress
[2018.12.28-17.11.03:951][448]LogGameState: Match State Changed from WaitingToStart to InProgress
[2018.12.28-17.11.03:951][448]PIE: Play in editor start time for /Game/Scenes/UEDPIE_0_CameraTestScene -0.76
[2018.12.28-17.11.03:951][448]LogBlueprintUserMessages: Late PlayInEditor Detection: Level '/Game/Scenes/CameraTestScene.CameraTestScene:PersistentLevel' has LevelScriptBlueprint '/Game/Scenes/CameraTestScene.CameraTestScene:PersistentLevel.CameraTestScene' with GeneratedClass '/Game/Scenes/CameraTestScene.CameraTestScene_C' with ClassGeneratedBy '/Game/Scenes/CameraTestScene.CameraTestScene:PersistentLevel.CameraTestScene'
[2018.12.28-17.11.03:980][448]LogSlate: Took 0.002695 seconds to synchronously load lazily loaded font '../../../Engine/Content/SlateDebug/Fonts/LastResort.ttf' (5269K)
[2018.12.28-17.11.12:406][159]LogBlueprintUserMessages: Early EndPlayMap Detection: Level '/Game/Scenes/CameraTestScene.CameraTestScene:PersistentLevel' has LevelScriptBlueprint '/Game/Scenes/CameraTestScene.CameraTestScene:PersistentLevel.CameraTestScene' with GeneratedClass '/Game/Scenes/CameraTestScene.CameraTestScene_C' with ClassGeneratedBy '/Game/Scenes/CameraTestScene.CameraTestScene:PersistentLevel.CameraTestScene'
[2018.12.28-17.11.12:423][159]LogSlate: Updating window title bar state: overlay mode, drag disabled, window buttons hidden, title bar hidden
[2018.12.28-17.11.12:458][159]LogPlayLevel: Display: Shutting down PIE online subsystems
[2018.12.28-17.11.12:458][159]LogBlueprintUserMessages: Late EndPlayMap Detection: Level '/Game/Scenes/CameraTestScene.CameraTestScene:PersistentLevel' has LevelScriptBlueprint '/Game/Scenes/CameraTestScene.CameraTestScene:PersistentLevel.CameraTestScene' with GeneratedClass '/Game/Scenes/CameraTestScene.CameraTestScene_C' with ClassGeneratedBy '/Game/Scenes/CameraTestScene.CameraTestScene:PersistentLevel.CameraTestScene'
[2018.12.28-17.11.12:482][159]LogSlate: Updating window title bar state: overlay mode, drag disabled, window buttons hidden, title bar hidden
[2018.12.28-17.11.12:509][160]LogPlayLevel: Display: Destroying online subsystem :Context_2
[2018.12.28-17.11.13:587][289]LogSlate: FSceneViewport::OnFocusLost() reason 0
[2018.12.28-17.11.13:721][305]LogTemp: Repeating last play command: Selected Viewport
[2018.12.28-17.11.13:737][305]LogBlueprintUserMessages: Early PlayInEditor Detection: Level '/Game/Scenes/CameraTestScene.CameraTestScene:PersistentLevel' has LevelScriptBlueprint '/Game/Scenes/CameraTestScene.CameraTestScene:PersistentLevel.CameraTestScene' with GeneratedClass '/Game/Scenes/CameraTestScene.CameraTestScene_C' with ClassGeneratedBy '/Game/Scenes/CameraTestScene.CameraTestScene:PersistentLevel.CameraTestScene'
[2018.12.28-17.11.13:737][305]LogPlayLevel: PlayLevel: No blueprints needed recompiling
[2018.12.28-17.11.13:738][305]PIE: New page: PIE session: CameraTestScene (28 Dec 2018 17:11:13)
[2018.12.28-17.11.13:738][305]LogPlayLevel: Creating play world package: /Game/Scenes/UEDPIE_0_CameraTestScene
[2018.12.28-17.11.13:740][305]LogPlayLevel: PIE: StaticDuplicateObject took: (0.002374s)
[2018.12.28-17.11.13:741][305]LogAIModule: Creating AISystem for world CameraTestScene
[2018.12.28-17.11.13:741][305]LogPlayLevel: PIE: World Init took: (0.001074s)
[2018.12.28-17.11.13:742][305]LogPlayLevel: PIE: Created PIE world by copying editor world from /Game/Scenes/CameraTestScene.CameraTestScene to /Game/Scenes/UEDPIE_0_CameraTestScene.CameraTestScene (0.003745s)
[2018.12.28-17.11.13:770][305]LogInit: XAudio2 using 'Headset Earphone (Corsair VOID PRO USB Gaming Headset)' : 6 channels at 48 kHz using 16 bits per sample (channel mask 0x3f)
[2018.12.28-17.11.13:860][305]LogInit: FAudioDevice initialized.
[2018.12.28-17.11.13:895][305]LogLoad: Game class is 'TestGameMode_C'
[2018.12.28-17.11.13:897][305]LogWorld: Bringing World /Game/Scenes/UEDPIE_0_CameraTestScene.CameraTestScene up for play (max tick rate 0) at 2018.12.28-17.11.13
[2018.12.28-17.11.13:898][305]LogWorld: Bringing up level for play took: 0.002220
[2018.12.28-17.11.13:910][305]LogGameMode: Display: Match State Changed from EnteringMap to WaitingToStart
[2018.12.28-17.11.13:911][305]LogGameState: Match State Changed from EnteringMap to WaitingToStart
[2018.12.28-17.11.13:911][305]LogGameMode: Display: Match State Changed from WaitingToStart to InProgress
[2018.12.28-17.11.13:911][305]LogGameState: Match State Changed from WaitingToStart to InProgress
[2018.12.28-17.11.13:911][305]PIE: Play in editor start time for /Game/Scenes/UEDPIE_0_CameraTestScene -0.8
[2018.12.28-17.11.13:912][305]LogBlueprintUserMessages: Late PlayInEditor Detection: Level '/Game/Scenes/CameraTestScene.CameraTestScene:PersistentLevel' has LevelScriptBlueprint '/Game/Scenes/CameraTestScene.CameraTestScene:PersistentLevel.CameraTestScene' with GeneratedClass '/Game/Scenes/CameraTestScene.CameraTestScene_C' with ClassGeneratedBy '/Game/Scenes/CameraTestScene.CameraTestScene:PersistentLevel.CameraTestScene'
[2018.12.28-17.11.15:892][537]LogBlueprintUserMessages: Early EndPlayMap Detection: Level '/Game/Scenes/CameraTestScene.CameraTestScene:PersistentLevel' has LevelScriptBlueprint '/Game/Scenes/CameraTestScene.CameraTestScene:PersistentLevel.CameraTestScene' with GeneratedClass '/Game/Scenes/CameraTestScene.CameraTestScene_C' with ClassGeneratedBy '/Game/Scenes/CameraTestScene.CameraTestScene:PersistentLevel.CameraTestScene'
[2018.12.28-17.11.15:897][537]LogSlate: Updating window title bar state: overlay mode, drag disabled, window buttons hidden, title bar hidden
[2018.12.28-17.11.15:932][537]LogPlayLevel: Display: Shutting down PIE online subsystems
[2018.12.28-17.11.15:932][537]LogBlueprintUserMessages: Late EndPlayMap Detection: Level '/Game/Scenes/CameraTestScene.CameraTestScene:PersistentLevel' has LevelScriptBlueprint '/Game/Scenes/CameraTestScene.CameraTestScene:PersistentLevel.CameraTestScene' with GeneratedClass '/Game/Scenes/CameraTestScene.CameraTestScene_C' with ClassGeneratedBy '/Game/Scenes/CameraTestScene.CameraTestScene:PersistentLevel.CameraTestScene'
[2018.12.28-17.11.15:953][537]LogSlate: Updating window title bar state: overlay mode, drag disabled, window buttons hidden, title bar hidden
[2018.12.28-17.11.15:992][541]LogPlayLevel: Display: Destroying online subsystem :Context_3
[2018.12.28-17.11.16:926][653]LogTemp: Repeating last play command: Selected Viewport
[2018.12.28-17.11.16:942][653]LogBlueprintUserMessages: Early PlayInEditor Detection: Level '/Game/Scenes/CameraTestScene.CameraTestScene:PersistentLevel' has LevelScriptBlueprint '/Game/Scenes/CameraTestScene.CameraTestScene:PersistentLevel.CameraTestScene' with GeneratedClass '/Game/Scenes/CameraTestScene.CameraTestScene_C' with ClassGeneratedBy '/Game/Scenes/CameraTestScene.CameraTestScene:PersistentLevel.CameraTestScene'
[2018.12.28-17.11.16:943][653]LogPlayLevel: PlayLevel: No blueprints needed recompiling
[2018.12.28-17.11.16:943][653]PIE: New page: PIE session: CameraTestScene (28 Dec 2018 17:11:16)
[2018.12.28-17.11.16:943][653]LogPlayLevel: Creating play world package: /Game/Scenes/UEDPIE_0_CameraTestScene
[2018.12.28-17.11.16:947][653]LogPlayLevel: PIE: StaticDuplicateObject took: (0.003074s)
[2018.12.28-17.11.16:947][653]LogAIModule: Creating AISystem for world CameraTestScene
[2018.12.28-17.11.16:947][653]LogPlayLevel: PIE: World Init took: (0.000701s)
[2018.12.28-17.11.16:947][653]LogPlayLevel: PIE: Created PIE world by copying editor world from /Game/Scenes/CameraTestScene.CameraTestScene to /Game/Scenes/UEDPIE_0_CameraTestScene.CameraTestScene (0.004236s)
[2018.12.28-17.11.16:979][653]LogInit: XAudio2 using 'Headset Earphone (Corsair VOID PRO USB Gaming Headset)' : 6 channels at 48 kHz using 16 bits per sample (channel mask 0x3f)
[2018.12.28-17.11.17:068][653]LogInit: FAudioDevice initialized.
[2018.12.28-17.11.17:100][653]LogLoad: Game class is 'TestGameMode_C'
[2018.12.28-17.11.17:103][653]LogWorld: Bringing World /Game/Scenes/UEDPIE_0_CameraTestScene.CameraTestScene up for play (max tick rate 0) at 2018.12.28-17.11.17
[2018.12.28-17.11.17:103][653]LogWorld: Bringing up level for play took: 0.002825
[2018.12.28-17.11.17:116][653]LogGameMode: Display: Match State Changed from EnteringMap to WaitingToStart
[2018.12.28-17.11.17:117][653]LogGameState: Match State Changed from EnteringMap to WaitingToStart
[2018.12.28-17.11.17:117][653]LogGameMode: Display: Match State Changed from WaitingToStart to InProgress
[2018.12.28-17.11.17:118][653]LogGameState: Match State Changed from WaitingToStart to InProgress
[2018.12.28-17.11.17:118][653]PIE: Play in editor start time for /Game/Scenes/UEDPIE_0_CameraTestScene 0.406
[2018.12.28-17.11.17:118][653]LogBlueprintUserMessages: Late PlayInEditor Detection: Level '/Game/Scenes/CameraTestScene.CameraTestScene:PersistentLevel' has LevelScriptBlueprint '/Game/Scenes/CameraTestScene.CameraTestScene:PersistentLevel.CameraTestScene' with GeneratedClass '/Game/Scenes/CameraTestScene.CameraTestScene_C' with ClassGeneratedBy '/Game/Scenes/CameraTestScene.CameraTestScene:PersistentLevel.CameraTestScene'
[2018.12.28-17.11.19:376][913]LogBlueprintUserMessages: Early EndPlayMap Detection: Level '/Game/Scenes/CameraTestScene.CameraTestScene:PersistentLevel' has LevelScriptBlueprint '/Game/Scenes/CameraTestScene.CameraTestScene:PersistentLevel.CameraTestScene' with GeneratedClass '/Game/Scenes/CameraTestScene.CameraTestScene_C' with ClassGeneratedBy '/Game/Scenes/CameraTestScene.CameraTestScene:PersistentLevel.CameraTestScene'
[2018.12.28-17.11.19:382][913]LogSlate: Updating window title bar state: overlay mode, drag disabled, window buttons hidden, title bar hidden
[2018.12.28-17.11.19:419][913]LogPlayLevel: Display: Shutting down PIE online subsystems
[2018.12.28-17.11.19:420][913]LogBlueprintUserMessages: Late EndPlayMap Detection: Level '/Game/Scenes/CameraTestScene.CameraTestScene:PersistentLevel' has LevelScriptBlueprint '/Game/Scenes/CameraTestScene.CameraTestScene:PersistentLevel.CameraTestScene' with GeneratedClass '/Game/Scenes/CameraTestScene.CameraTestScene_C' with ClassGeneratedBy '/Game/Scenes/CameraTestScene.CameraTestScene:PersistentLevel.CameraTestScene'
[2018.12.28-17.11.19:444][913]LogSlate: Updating window title bar state: overlay mode, drag disabled, window buttons hidden, title bar hidden
[2018.12.28-17.11.19:477][916]LogPlayLevel: Display: Destroying online subsystem :Context_4
[2018.12.28-17.11.19:927][970]LogTemp: Repeating last play command: Selected Viewport
[2018.12.28-17.11.19:943][970]LogBlueprintUserMessages: Early PlayInEditor Detection: Level '/Game/Scenes/CameraTestScene.CameraTestScene:PersistentLevel' has LevelScriptBlueprint '/Game/Scenes/CameraTestScene.CameraTestScene:PersistentLevel.CameraTestScene' with GeneratedClass '/Game/Scenes/CameraTestScene.CameraTestScene_C' with ClassGeneratedBy '/Game/Scenes/CameraTestScene.CameraTestScene:PersistentLevel.CameraTestScene'
[2018.12.28-17.11.19:943][970]LogPlayLevel: PlayLevel: No blueprints needed recompiling
[2018.12.28-17.11.19:943][970]PIE: New page: PIE session: CameraTestScene (28 Dec 2018 17:11:19)
[2018.12.28-17.11.19:943][970]LogPlayLevel: Creating play world package: /Game/Scenes/UEDPIE_0_CameraTestScene
[2018.12.28-17.11.19:946][970]LogPlayLevel: PIE: StaticDuplicateObject took: (0.002692s)
[2018.12.28-17.11.19:947][970]LogAIModule: Creating AISystem for world CameraTestScene
[2018.12.28-17.11.19:947][970]LogPlayLevel: PIE: World Init took: (0.000965s)
[2018.12.28-17.11.19:948][970]LogPlayLevel: PIE: Created PIE world by copying editor world from /Game/Scenes/CameraTestScene.CameraTestScene to /Game/Scenes/UEDPIE_0_CameraTestScene.CameraTestScene (0.004085s)
[2018.12.28-17.11.19:978][970]LogInit: XAudio2 using 'Headset Earphone (Corsair VOID PRO USB Gaming Headset)' : 6 channels at 48 kHz using 16 bits per sample (channel mask 0x3f)
[2018.12.28-17.11.20:069][970]LogInit: FAudioDevice initialized.
[2018.12.28-17.11.20:106][970]LogLoad: Game class is 'TestGameMode_C'
[2018.12.28-17.11.20:108][970]LogWorld: Bringing World /Game/Scenes/UEDPIE_0_CameraTestScene.CameraTestScene up for play (max tick rate 0) at 2018.12.28-17.11.20
[2018.12.28-17.11.20:109][970]LogWorld: Bringing up level for play took: 0.002699
[2018.12.28-17.11.20:123][970]LogGameMode: Display: Match State Changed from EnteringMap to WaitingToStart
[2018.12.28-17.11.20:123][970]LogGameState: Match State Changed from EnteringMap to WaitingToStart
[2018.12.28-17.11.20:123][970]LogGameMode: Display: Match State Changed from WaitingToStart to InProgress
[2018.12.28-17.11.20:124][970]LogGameState: Match State Changed from WaitingToStart to InProgress
[2018.12.28-17.11.20:124][970]PIE: Play in editor start time for /Game/Scenes/UEDPIE_0_CameraTestScene -0.588
[2018.12.28-17.11.20:124][970]LogBlueprintUserMessages: Late PlayInEditor Detection: Level '/Game/Scenes/CameraTestScene.CameraTestScene:PersistentLevel' has LevelScriptBlueprint '/Game/Scenes/CameraTestScene.CameraTestScene:PersistentLevel.CameraTestScene' with GeneratedClass '/Game/Scenes/CameraTestScene.CameraTestScene_C' with ClassGeneratedBy '/Game/Scenes/CameraTestScene.CameraTestScene:PersistentLevel.CameraTestScene'
[2018.12.28-17.11.22:616][256]LogBlueprintUserMessages: Early EndPlayMap Detection: Level '/Game/Scenes/CameraTestScene.CameraTestScene:PersistentLevel' has LevelScriptBlueprint '/Game/Scenes/CameraTestScene.CameraTestScene:PersistentLevel.CameraTestScene' with GeneratedClass '/Game/Scenes/CameraTestScene.CameraTestScene_C' with ClassGeneratedBy '/Game/Scenes/CameraTestScene.CameraTestScene:PersistentLevel.CameraTestScene'
[2018.12.28-17.11.22:622][256]LogSlate: Updating window title bar state: overlay mode, drag disabled, window buttons hidden, title bar hidden
[2018.12.28-17.11.22:658][256]LogPlayLevel: Display: Shutting down PIE online subsystems
[2018.12.28-17.11.22:659][256]LogBlueprintUserMessages: Late EndPlayMap Detection: Level '/Game/Scenes/CameraTestScene.CameraTestScene:PersistentLevel' has LevelScriptBlueprint '/Game/Scenes/CameraTestScene.CameraTestScene:PersistentLevel.CameraTestScene' with GeneratedClass '/Game/Scenes/CameraTestScene.CameraTestScene_C' with ClassGeneratedBy '/Game/Scenes/CameraTestScene.CameraTestScene:PersistentLevel.CameraTestScene'
[2018.12.28-17.11.22:681][256]LogSlate: Updating window title bar state: overlay mode, drag disabled, window buttons hidden, title bar hidden
[2018.12.28-17.11.22:720][258]LogPlayLevel: Display: Destroying online subsystem :Context_5
