Log file open, 01/02/19 21:16:04
LogWindows: Failed to load 'aqProf.dll' (GetLastError=126)
LogWindows: File 'aqProf.dll' does not exist
LogWindows: Failed to load 'VSPerf140.dll' (GetLastError=126)
LogWindows: File 'VSPerf140.dll' does not exist
LogWindows: Failed to load 'VtuneApi.dll' (GetLastError=126)
LogWindows: File 'VtuneApi.dll' does not exist
LogWindows: Failed to load 'VtuneApi32e.dll' (GetLastError=126)
LogWindows: File 'VtuneApi32e.dll' does not exist
LogInit: Display: Running engine for game: PairProject
LogPlatformFile: Not using cached read wrapper
LogTaskGraph: Started task graph with 5 named threads and 35 total threads with 3 sets of task threads.
LogStats: Stats thread started at 0.534796
LogD3D11RHI: Loaded GFSDK_Aftermath_Lib.x64.dll
LogICUInternationalization: Display: ICU TimeZone Detection - Raw Offset: +0:00, Platform Override: ''
LogPluginManager: Mounting plugin Paper2D
LogPluginManager: Mounting plugin AISupport
LogPluginManager: Mounting plugin LightPropagationVolume
LogPluginManager: Mounting plugin CLionSourceCodeAccess
LogPluginManager: Mounting plugin CodeLiteSourceCodeAccess
LogPluginManager: Mounting plugin GitSourceControl
LogPluginManager: Mounting plugin KDevelopSourceCodeAccess
LogPluginManager: Mounting plugin NullSourceCodeAccess
LogPluginManager: Mounting plugin PerforceSourceControl
LogPluginManager: Mounting plugin SubversionSourceControl
LogPluginManager: Mounting plugin UObjectPlugin
LogPluginManager: Mounting plugin VisualStudioCodeSourceCodeAccess
LogPluginManager: Mounting plugin VisualStudioSourceCodeAccess
LogPluginManager: Mounting plugin XCodeSourceCodeAccess
LogPluginManager: Mounting plugin AssetManagerEditor
LogPluginManager: Mounting plugin CryptoKeys
LogPluginManager: Mounting plugin DataValidation
LogPluginManager: Mounting plugin FacialAnimation
LogPluginManager: Mounting plugin GameplayTagsEditor
LogPluginManager: Mounting plugin MacGraphicsSwitching
LogPluginManager: Mounting plugin MeshEditor
LogPluginManager: Mounting plugin MobileLauncherProfileWizard
LogPluginManager: Mounting plugin PluginBrowser
LogPluginManager: Mounting plugin SpeedTreeImporter
LogPluginManager: Mounting plugin DatasmithContent
LogPluginManager: Mounting plugin AlembicImporter
LogPluginManager: Mounting plugin AppleImageUtils
LogPluginManager: Mounting plugin AppleVision
LogPluginManager: Mounting plugin BackChannel
LogPluginManager: Mounting plugin CharacterAI
LogPluginManager: Mounting plugin GeometryCache
LogPluginManager: Mounting plugin HTML5Networking
LogPluginManager: Mounting plugin ProxyLODPlugin
LogPluginManager: Mounting plugin MagicLeap
LogPluginManager: Mounting plugin MagicLeapEmulator
LogPluginManager: Mounting plugin MagicLeapMedia
LogPluginManager: Mounting plugin AndroidMedia
LogPluginManager: Mounting plugin AvfMedia
LogPluginManager: Mounting plugin ImgMedia
LogPluginManager: Mounting plugin LinearTimecode
LogPluginManager: Mounting plugin MediaCompositing
LogPluginManager: Mounting plugin MediaPlayerEditor
LogPluginManager: Mounting plugin WmfMedia
LogPluginManager: Mounting plugin TcpMessaging
LogPluginManager: Mounting plugin UdpMessaging
LogPluginManager: Mounting plugin ActorSequence
LogPluginManager: Mounting plugin LevelSequenceEditor
LogPluginManager: Mounting plugin MatineeToLevelSequence
LogPluginManager: Mounting plugin NetcodeUnitTest
LogPluginManager: Mounting plugin NUTUnrealEngine4
LogPluginManager: Mounting plugin OnlineSubsystemGooglePlay
LogPluginManager: Mounting plugin OnlineSubsystemIOS
LogPluginManager: Mounting plugin OnlineSubsystem
LogPluginManager: Mounting plugin OnlineSubsystemNull
LogPluginManager: Mounting plugin OnlineSubsystemUtils
LogPluginManager: Mounting plugin LauncherChunkInstaller
LogPluginManager: Mounting plugin AndroidDeviceProfileSelector
LogPluginManager: Mounting plugin AndroidMoviePlayer
LogPluginManager: Mounting plugin AndroidPermission
LogPluginManager: Mounting plugin AppleMoviePlayer
LogPluginManager: Mounting plugin ArchVisCharacter
LogPluginManager: Mounting plugin AudioCapture
LogPluginManager: Mounting plugin CableComponent
LogPluginManager: Mounting plugin CustomMeshComponent
LogPluginManager: Mounting plugin EditableMesh
LogPluginManager: Mounting plugin ExampleDeviceProfileSelector
LogPluginManager: Mounting plugin GoogleCloudMessaging
LogPluginManager: Mounting plugin ImmediatePhysics
LogPluginManager: Mounting plugin IOSDeviceProfileSelector
LogPluginManager: Mounting plugin LinuxDeviceProfileSelector
LogPluginManager: Mounting plugin LocationServicesBPLibrary
LogPluginManager: Mounting plugin MobilePatchingUtils
LogPluginManager: Mounting plugin OculusVR
LogPluginManager: Plugin shader directory ../../../Engine/Plugins/Runtime/Oculus/OculusVR/Shaders found
LogPluginManager: Mapping shader source directory ../../../Engine/Plugins/Runtime/Oculus/OculusVR/Shaders to virtual directory /Plugin/OculusVR
LogPluginManager: Mounting plugin PhysXVehicles
LogPluginManager: Mounting plugin ProceduralMeshComponent
LogPluginManager: Mounting plugin RuntimePhysXCooking
LogPluginManager: Mounting plugin SteamVR
LogPluginManager: Mounting plugin WindowsMoviePlayer
LogStreaming: Display: Took  0.138s to configure plugins.
LogInit: Using libcurl 7.55.1-DEV
LogInit:  - built for x86_64-pc-win32
LogInit:  - supports SSL with OpenSSL/1.0.2h
LogInit:  - supports HTTP deflate (compression) using libz 1.2.8
LogInit:  - other features:
LogInit:      CURL_VERSION_SSL
LogInit:      CURL_VERSION_LIBZ
LogInit:      CURL_VERSION_IPV6
LogInit:      CURL_VERSION_ASYNCHDNS
LogInit:      CURL_VERSION_LARGEFILE
LogInit:      CURL_VERSION_IDN
LogInit:  CurlRequestOptions (configurable via config and command line):
LogInit:  - bVerifyPeer = false  - Libcurl will NOT verify peer certificate
LogInit:  - bUseHttpProxy = false  - Libcurl will NOT use HTTP proxy
LogInit:  - bDontReuseConnections = false  - Libcurl will reuse connections
LogInit:  - CertBundlePath = nullptr  - Libcurl will use whatever was configured at build time.
LogInit:  - MaxHostConnections = 16  - Libcurl will limit the number of connections to a host
LogInit:  - LocalHostAddr = Default
LogInit:  - BufferSize = 65536
LogInit: WinSock: version 1.1 (2.2), MaxSocks=32767, MaxUdp=65467
LogInit: Build: ++UE4+Release-4.20-CL-4369336
LogInit: Engine Version: 4.20.3-4369336+++UE4+Release-4.20
LogInit: Compatible Engine Version: 4.20.0-4212847+++UE4+Release-4.20
LogInit: Net CL: 4212847
LogInit: OS: Windows 10 (), CPU: Intel(R) Core(TM) i7-8700K CPU @ 3.70GHz, GPU: NVIDIA GeForce GTX 950
LogInit: Compiled (64-bit): Sep 17 2018 12:26:19
LogInit: Compiled with Visual C++: 19.13.26129.00
LogInit: Build Configuration: Development
LogInit: Branch Name: ++UE4+Release-4.20
LogInit: Command Line:  -skipcompile
LogInit: Base Directory: D:/Program Files (x86)/UE_4.20/Engine/Binaries/Win64/
LogInit: Installed Engine Build: 1
LogDevObjectVersion: Number of dev versions registered: 20
LogDevObjectVersion:   Dev-Blueprints (B0D832E4-1F89-4F0D-ACCF-7EB736FD4AA2): 10
LogDevObjectVersion:   Dev-Build (E1C64328-A22C-4D53-A36C-8E866417BD8C): 0
LogDevObjectVersion:   Dev-Core (375EC13C-06E4-48FB-B500-84F0262A717E): 2
LogDevObjectVersion:   Dev-Editor (E4B068ED-F494-42E9-A231-DA0B2E46BB41): 24
LogDevObjectVersion:   Dev-Framework (CFFC743F-43B0-4480-9391-14DF171D2073): 34
LogDevObjectVersion:   Dev-Mobile (B02B49B5-BB20-44E9-A304-32B752E40360): 2
LogDevObjectVersion:   Dev-Networking (A4E4105C-59A1-49B5-A7C5-40C4547EDFEE): 0
LogDevObjectVersion:   Dev-Online (39C831C9-5AE6-47DC-9A44-9C173E1C8E7C): 0
LogDevObjectVersion:   Dev-Physics (78F01B33-EBEA-4F98-B9B4-84EACCB95AA2): 0
LogDevObjectVersion:   Dev-Platform (6631380F-2D4D-43E0-8009-CF276956A95A): 0
LogDevObjectVersion:   Dev-Rendering (12F88B9F-8875-4AFC-A67C-D90C383ABD29): 26
LogDevObjectVersion:   Dev-Sequencer (7B5AE74C-D270-4C10-A958-57980B212A5A): 9
LogDevObjectVersion:   Dev-VR (D7296918-1DD6-4BDD-9DE2-64A83CC13884): 2
LogDevObjectVersion:   Dev-LoadTimes (C2A15278-BFE7-4AFE-6C17-90FF531DF755): 1
LogDevObjectVersion:   Private-Geometry (6EACA3D4-40EC-4CC1-B786-8BED09428FC5): 3
LogDevObjectVersion:   Dev-AnimPhys (29E575DD-E0A3-4627-9D10-D276232CDCEA): 17
LogDevObjectVersion:   Dev-ReflectionCapture (6B266CEC-1EC7-4B8F-A30B-E4D90942FC07): 1
LogDevObjectVersion:   Dev-Automation (0DF73D61-A23F-47EA-B727-89E90C41499A): 1
LogDevObjectVersion:   FortniteMain (601D1886-AC64-4F84-AA16-D3DE0DEAC7D6): 12
LogDevObjectVersion:   Dev-Enterprise (9DFFBCD6-494F-0158-E221-12823C92A888): 1
LogStreaming: Display: Took  0.002s to delete old logs.
LogInit: Presizing for max 8388607 objects, including 0 objects not considered by GC, pre-allocating 0 bytes for permanent pool.
LogInit: Object subsystem initialized
[2019.01.02-21.16.04:619][  0]LogInit: Selected Device Profile: [Windows]
[2019.01.02-21.16.04:619][  0]LogInit: Applying CVar settings loaded from the selected device profile: [Windows]
[2019.01.02-21.16.04:635][  0]LogHAL: Display: Platform has ~ 16 GB [17132584960 / 17179869184 / 16], which maps to Larger [LargestMinGB=32, LargerMinGB=12, DefaultMinGB=8, SmallerMinGB=6, SmallestMinGB=0)
[2019.01.02-21.16.04:635][  0]LogInit: Setting Device Profile CVar: [[r.Vulkan.UseRealUBs:1]]
[2019.01.02-21.16.04:635][  0]LogInit: Going up to parent DeviceProfile []
[2019.01.02-21.16.04:636][  0]LogInit: Computer: DESKTOP-D8L6EI8
[2019.01.02-21.16.04:636][  0]LogInit: User: h017026h
[2019.01.02-21.16.04:636][  0]LogInit: CPU Page size=4096, Cores=6
[2019.01.02-21.16.04:636][  0]LogInit: High frequency timer resolution =3.609376 MHz
[2019.01.02-21.16.04:637][  0]LogMemory: Memory total: Physical=16.0GB (16GB approx)
[2019.01.02-21.16.04:637][  0]LogMemory: Platform Memory Stats for Windows
[2019.01.02-21.16.04:637][  0]LogMemory: Process Physical Memory: 103.33 MB used, 103.33 MB peak
[2019.01.02-21.16.04:637][  0]LogMemory: Process Virtual Memory: 97.80 MB used, 97.80 MB peak
[2019.01.02-21.16.04:637][  0]LogMemory: Physical Memory: 6888.06 MB used,  9450.85 MB free, 16338.91 MB total
[2019.01.02-21.16.04:637][  0]LogMemory: Virtual Memory: 4664.66 MB used,  9450.85 MB free, 134217728.00 MB total
[2019.01.02-21.16.04:739][  0]LogInit: Using OS detected language (en-GB).
[2019.01.02-21.16.04:739][  0]LogInit: Using OS detected locale (en-GB).
[2019.01.02-21.16.04:740][  0]LogTextLocalizationManager: No specific localization for 'en-GB' exists, so the 'en' localization will be used.
[2019.01.02-21.16.05:022][  0]LogStreaming: Display: Took  0.283s to InitEngineTextLocalization.
[2019.01.02-21.16.05:023][  0]LogInit: Setting process to per monitor DPI aware
[2019.01.02-21.16.05:059][  0]LogSlate: New Slate User Created.  User Index 0, Is Virtual User: 0
[2019.01.02-21.16.05:059][  0]LogSlate: Slate User Registered.  User Index 0, Is Virtual User: 0
[2019.01.02-21.16.05:288][  0]LogHMD: Failed to initialize OpenVR with code 110
[2019.01.02-21.16.05:288][  0]LogD3D11RHI: D3D11 adapters:
[2019.01.02-21.16.05:356][  0]LogD3D11RHI:    0. 'NVIDIA GeForce GTX 950' (Feature Level 11_0)
[2019.01.02-21.16.05:356][  0]LogD3D11RHI:       2007/0/8169 MB DedicatedVideo/DedicatedSystem/SharedSystem, Outputs:1, VendorId:0x10de
[2019.01.02-21.16.05:359][  0]LogD3D11RHI:    1. 'Microsoft Basic Render Driver' (Feature Level 11_0)
[2019.01.02-21.16.05:359][  0]LogD3D11RHI:       0/0/8169 MB DedicatedVideo/DedicatedSystem/SharedSystem, Outputs:0, VendorId:0x1414
[2019.01.02-21.16.05:359][  0]LogD3D11RHI: Chosen D3D11 Adapter: 0
[2019.01.02-21.16.05:365][  0]LogD3D11RHI: Creating new Direct3DDevice
[2019.01.02-21.16.05:366][  0]LogD3D11RHI:     GPU DeviceId: 0x1402 (for the marketing name, search the web for "GPU Device Id")
[2019.01.02-21.16.05:366][  0]LogWindows: EnumDisplayDevices:
[2019.01.02-21.16.05:366][  0]LogWindows:    0. 'NVIDIA GeForce GTX 950' (P:1 D:1)
[2019.01.02-21.16.05:366][  0]LogWindows:    1. 'NVIDIA GeForce GTX 950' (P:0 D:0)
[2019.01.02-21.16.05:367][  0]LogWindows:    2. 'NVIDIA GeForce GTX 950' (P:0 D:0)
[2019.01.02-21.16.05:367][  0]LogWindows:    3. 'NVIDIA GeForce GTX 950' (P:0 D:0)
[2019.01.02-21.16.05:367][  0]LogWindows: DebugString: FoundDriverCount:4 
[2019.01.02-21.16.05:367][  0]LogD3D11RHI:     Adapter Name: NVIDIA GeForce GTX 950
[2019.01.02-21.16.05:367][  0]LogD3D11RHI:   Driver Version: 399.07 (internal:24.21.13.9907, unified:399.07)
[2019.01.02-21.16.05:367][  0]LogD3D11RHI:      Driver Date: 8-21-2018
[2019.01.02-21.16.05:368][  0]LogRHI: Texture pool is 1405 MB (70% of 2007 MB)
[2019.01.02-21.16.05:403][  0]LogD3D11RHI: Async texture creation enabled
[2019.01.02-21.16.05:437][  0]LogD3D11RHI: GPU Timing Frequency: 1000.000000 (Debug: 2 2)
[2019.01.02-21.16.05:486][  0]LogShaderCompilers: Guid format shader working directory is -28 characters bigger than the processId version (../../../../../Users/h017026h/Documents/GitKraken/TGPPairProject/PairProject/Intermediate/Shaders/WorkingDirectory/14588/).
[2019.01.02-21.16.05:486][  0]LogShaderCompilers: Cleaned the shader compiler working directory 'C:/Users/h017026h/AppData/Local/Temp/UnrealShaderWorkingDir/547982454C7F049C0A3D88A630B423AD/'.
[2019.01.02-21.16.05:683][  0]LogTemp: Display: Loaded TP AllDesktopTargetPlatform
[2019.01.02-21.16.05:697][  0]LogTemp: Display: Loaded TP MacClientTargetPlatform
[2019.01.02-21.16.05:714][  0]LogTemp: Display: Loaded TP MacNoEditorTargetPlatform
[2019.01.02-21.16.05:726][  0]LogTemp: Display: Loaded TP MacServerTargetPlatform
[2019.01.02-21.16.05:739][  0]LogTemp: Display: Loaded TP MacTargetPlatform
[2019.01.02-21.16.05:750][  0]LogTemp: Display: Loaded TP WindowsClientTargetPlatform
[2019.01.02-21.16.05:763][  0]LogTemp: Display: Loaded TP WindowsNoEditorTargetPlatform
[2019.01.02-21.16.05:775][  0]LogTemp: Display: Loaded TP WindowsServerTargetPlatform
[2019.01.02-21.16.05:782][  0]LogTemp: Display: Loaded TP WindowsTargetPlatform
[2019.01.02-21.16.05:848][  0]LogTemp: Display: Loaded TP AndroidTargetPlatform
[2019.01.02-21.16.05:848][  0]LogTemp: Display: Loaded TP AndroidTargetPlatform
[2019.01.02-21.16.05:848][  0]LogTemp: Display: Loaded TP AndroidTargetPlatform
[2019.01.02-21.16.05:848][  0]LogTemp: Display: Loaded TP AndroidTargetPlatform
[2019.01.02-21.16.05:848][  0]LogTemp: Display: Loaded TP AndroidTargetPlatform
[2019.01.02-21.16.05:849][  0]LogTemp: Display: Loaded TP AndroidTargetPlatform
[2019.01.02-21.16.05:849][  0]LogTemp: Display: Loaded TP AndroidTargetPlatform
[2019.01.02-21.16.05:849][  0]LogTemp: Display: Loaded TP AndroidTargetPlatform
[2019.01.02-21.16.05:849][  0]LogTemp: Display: Loaded TP AndroidTargetPlatform
[2019.01.02-21.16.05:849][  0]LogTemp: Display: Loaded TP AndroidTargetPlatform
[2019.01.02-21.16.05:849][  0]LogTemp: Display: Loaded TP AndroidTargetPlatform
[2019.01.02-21.16.05:849][  0]LogTemp: Display: Loaded TP AndroidTargetPlatform
[2019.01.02-21.16.05:849][  0]LogTemp: Display: Loaded TP AndroidTargetPlatform
[2019.01.02-21.16.05:849][  0]LogTemp: Display: Loaded TP AndroidTargetPlatform
[2019.01.02-21.16.05:849][  0]LogTemp: Display: Loaded TP AndroidTargetPlatform
[2019.01.02-21.16.05:849][  0]LogTemp: Display: Loaded TP AndroidTargetPlatform
[2019.01.02-21.16.05:849][  0]LogTemp: Display: Loaded TP AndroidTargetPlatform
[2019.01.02-21.16.05:849][  0]LogTemp: Display: Loaded TP AndroidTargetPlatform
[2019.01.02-21.16.05:852][  0]LogTemp: Display: Loaded TP HTML5TargetPlatform
[2019.01.02-21.16.05:914][  0]LogTemp: Display: Loaded TP IOSTargetPlatform
[2019.01.02-21.16.05:914][  0]LogTemp: Display: Loaded TP IOSTargetPlatform
[2019.01.02-21.16.05:934][  0]LogTemp: Display: Loaded TP TVOSTargetPlatform
[2019.01.02-21.16.05:934][  0]LogTemp: Display: Loaded TP TVOSTargetPlatform
[2019.01.02-21.16.05:946][  0]LogTemp: Display: Loaded TP LinuxClientTargetPlatform
[2019.01.02-21.16.05:958][  0]LogTemp: Display: Loaded TP LinuxNoEditorTargetPlatform
[2019.01.02-21.16.05:969][  0]LogTemp: Display: Loaded TP LinuxServerTargetPlatform
[2019.01.02-21.16.05:980][  0]LogTemp: Display: Loaded TP LinuxTargetPlatform
[2019.01.02-21.16.05:989][  0]LogTemp: Display: Loaded TP LuminTargetPlatform
[2019.01.02-21.16.05:990][  0]LogTargetPlatformManager: Display: Building Assets For Windows
[2019.01.02-21.16.06:067][  0]LogXGEController: Cleaning working directory: C:/Users/h017026h/AppData/Local/Temp/UnrealXGEWorkingDir/
[2019.01.02-21.16.06:068][  0]LogXGEController: Cannot use XGE Controller as Incredibuild is not installed on this machine.
[2019.01.02-21.16.06:068][  0]LogShaderCompilers: Cannot use XGE Shader Compiler as Incredibuild is not installed on this machine.
[2019.01.02-21.16.06:068][  0]LogShaderCompilers: Display: Using Local Shader Compiler.
[2019.01.02-21.16.06:618][  0]LogDerivedDataCache: Display: Max Cache Size: 512 MB
[2019.01.02-21.16.06:662][  0]LogDerivedDataCache: Loaded boot cache 0.04s 71MB C:/Users/h017026h/AppData/Local/UnrealEngine/4.20/DerivedDataCache/Boot.ddc.
[2019.01.02-21.16.06:662][  0]LogDerivedDataCache: Display: Loaded Boot cache: C:/Users/h017026h/AppData/Local/UnrealEngine/4.20/DerivedDataCache/Boot.ddc
[2019.01.02-21.16.06:663][  0]LogDerivedDataCache: FDerivedDataBackendGraph:  Pak pak cache file ../../../../../Users/h017026h/Documents/GitKraken/TGPPairProject/PairProject/DerivedDataCache/DDC.ddp not found, will not use a pak cache.
[2019.01.02-21.16.06:663][  0]LogDerivedDataCache: Unable to find inner node Pak for hierarchical cache Hierarchy.
[2019.01.02-21.16.06:663][  0]LogDerivedDataCache: FDerivedDataBackendGraph:  CompressedPak pak cache file ../../../../../Users/h017026h/Documents/GitKraken/TGPPairProject/PairProject/DerivedDataCache/Compressed.ddp not found, will not use a pak cache.
[2019.01.02-21.16.06:663][  0]LogDerivedDataCache: Unable to find inner node CompressedPak for hierarchical cache Hierarchy.
[2019.01.02-21.16.06:673][  0]LogDerivedDataCache: Display: Pak cache opened for reading ../../../Engine/DerivedDataCache/Compressed.ddp.
[2019.01.02-21.16.06:686][  0]LogDerivedDataCache: Using Local data cache path C:/Users/h017026h/AppData/Local/UnrealEngine/Common/DerivedDataCache: Writable
[2019.01.02-21.16.06:686][  0]LogDerivedDataCache: Shared data cache path not found in *engine.ini, will not use an Shared cache.
[2019.01.02-21.16.06:686][  0]LogDerivedDataCache: Unable to find inner node Shared for hierarchical cache Hierarchy.
[2019.01.02-21.16.06:700][  0]LogMaterial: Verifying Global Shaders for PCD3D_SM5
[2019.01.02-21.16.06:702][  0]LogSlate: Using FreeType 2.6.0
[2019.01.02-21.16.06:702][  0]LogSlate: SlateFontServices - WITH_FREETYPE: 1, WITH_HARFBUZZ: 1
[2019.01.02-21.16.06:773][  0]LogAssetRegistry: FAssetRegistry took 0.0274 seconds to start up
[2019.01.02-21.16.07:023][  0]LogInit: Selected Device Profile: [Windows]
[2019.01.02-21.16.07:136][  0]LogSimplygon: Simplygon DLL not present - disabling.
[2019.01.02-21.16.07:143][  0]LogMeshReduction: Using SimplygonSwarm for distributed automatic mesh merging
[2019.01.02-21.16.07:143][  0]LogMeshReduction: Using ProxyLODMeshReduction for automatic mesh merging
[2019.01.02-21.16.07:144][  0]LogMeshReduction: Using QuadricMeshReduction for automatic static mesh reduction
[2019.01.02-21.16.07:144][  0]LogMeshReduction: No automatic skeletal mesh reduction module available
[2019.01.02-21.16.07:156][  0]LogNetVersion: PairProject 1.0.0, NetCL: 4212847, EngineNetVer: 5, GameNetVer: 0 (Checksum: 2248716754)
[2019.01.02-21.16.07:617][  0]LogPackageLocalizationCache: Processed 11 localized package path(s) for 2 prioritized culture(s) in 0.145598 seconds
[2019.01.02-21.16.07:622][  0]LogUObjectArray: 38425 objects as part of root set at end of initial load.
[2019.01.02-21.16.07:622][  0]LogUObjectAllocator: 6690872 out of 0 bytes used by permanent object pool.
[2019.01.02-21.16.07:622][  0]LogUObjectArray: CloseDisregardForGC: 0/0 objects in disregard for GC pool
[2019.01.02-21.16.08:438][  0]LogTcpMessaging: Initializing TcpMessaging bridge
[2019.01.02-21.16.08:454][  0]LogUdpMessaging: Initializing bridge on interface 0.0.0.0:0 to multicast group 230.0.0.1:6666.
[2019.01.02-21.16.08:629][  0]SourceControl: Source control is disabled
[2019.01.02-21.16.08:629][  0]SourceControl: Source control is disabled
[2019.01.02-21.16.08:632][  0]SourceControl: Source control is disabled
[2019.01.02-21.16.08:634][  0]SourceControl: Source control is disabled
[2019.01.02-21.16.08:869][  0]LogAndroidPermission: UAndroidPermissionCallbackProxy::GetInstance
[2019.01.02-21.16.08:965][  0]LogOcInput: OculusInput pre-init called
[2019.01.02-21.16.09:024][  0]LogEngine: Initializing Engine...
[2019.01.02-21.16.09:024][  0]LogHMD: Failed to initialize OpenVR with code 110
[2019.01.02-21.16.09:026][  0]LogStats: UGameplayTagsManager::ConstructGameplayTagTree: ImportINI prefixes -  0.000 s
[2019.01.02-21.16.09:026][  0]LogStats: UGameplayTagsManager::ConstructGameplayTagTree: Construct from data asset -  0.000 s
[2019.01.02-21.16.09:026][  0]LogStats: UGameplayTagsManager::ConstructGameplayTagTree: ImportINI -  0.000 s
[2019.01.02-21.16.09:026][  0]LogStats: UGameplayTagsManager::ConstructGameplayTagTree: GameplayTagTreeChangedEvent.Broadcast -  0.000 s
[2019.01.02-21.16.09:191][  0]LogInit: Initializing FReadOnlyCVARCache
[2019.01.02-21.16.09:202][  0]LogAIModule: Creating AISystem for world Untitled
[2019.01.02-21.16.09:221][  0]LogInit: XAudio2 using 'Headset Earphone (Corsair VOID PRO USB Gaming Headset)' : 6 channels at 48 kHz using 16 bits per sample (channel mask 0x3f)
[2019.01.02-21.16.09:314][  0]LogInit: FAudioDevice initialized.
[2019.01.02-21.16.09:315][  0]LogNetVersion: Set ProjectVersion to 1.0.0.0. Version Checksum will be recalculated on next use.
[2019.01.02-21.16.09:379][  0]LogDerivedDataCache: Saved boot cache 0.06s 71MB C:/Users/h017026h/AppData/Local/UnrealEngine/4.20/DerivedDataCache/Boot.ddc.
[2019.01.02-21.16.09:388][  0]LogInit: Texture streaming: Enabled
[2019.01.02-21.16.09:405][  0]LogEngineSessionManager: EngineSessionManager initialized
[2019.01.02-21.16.09:412][  0]LogInit: Transaction tracking system initialized
[2019.01.02-21.16.09:436][  0]BlueprintLog: New page: Editor Load
[2019.01.02-21.16.09:519][  0]LocalizationService: Localization service is disabled
[2019.01.02-21.16.09:759][  0]LogCook: Display: Max memory allowance for cook 16384mb min free memory 0mb
[2019.01.02-21.16.09:759][  0]LogCook: Display: Mobile HDR setting 1
[2019.01.02-21.16.09:759][  0]LogGameplayTags: Display: UGameplayTagsManager::DoneAddingNativeTags. DelegateIsBound: 0
[2019.01.02-21.16.09:760][  0]LogStats: UGameplayTagsManager::ConstructGameplayTagTree: ImportINI prefixes -  0.000 s
[2019.01.02-21.16.09:760][  0]LogStats: UGameplayTagsManager::ConstructGameplayTagTree: Construct from data asset -  0.000 s
[2019.01.02-21.16.09:760][  0]LogStats: UGameplayTagsManager::ConstructGameplayTagTree: ImportINI -  0.000 s
[2019.01.02-21.16.09:760][  0]LogStats: UGameplayTagsManager::ConstructGameplayTagTree: GameplayTagTreeChangedEvent.Broadcast -  0.000 s
[2019.01.02-21.16.09:819][  0]LogFileCache: Scanning file cache for directory 'D:/Users/h017026h/Documents/GitKraken/TGPPairProject/PairProject/Content/' took 0.02s
[2019.01.02-21.16.09:910][  0]SourceControl: Source control is disabled
[2019.01.02-21.16.09:910][  0]Cmd: MAP LOAD FILE="../../../../../Users/h017026h/Documents/GitKraken/TGPPairProject/PairProject/Content/Scenes/StartScreen.umap" TEMPLATE=0 SHOWPROGRESS=1 FEATURELEVEL=3
[2019.01.02-21.16.09:911][  0]LightingResults: New page: Lighting Build
[2019.01.02-21.16.09:913][  0]MapCheck: New page: Map Check
[2019.01.02-21.16.09:913][  0]LightingResults: New page: Lighting Build
[2019.01.02-21.16.09:999][  0]LogAIModule: Creating AISystem for world StartScreen
[2019.01.02-21.16.10:000][  0]LogEditorServer: Finished looking for orphan Actors (0.000 secs)
[2019.01.02-21.16.10:021][  0]Cmd: MAP CHECKDEP NOCLEARLOG
[2019.01.02-21.16.10:064][  0]MapCheck: Map check complete: 0 Error(s), 0 Warning(s), took 42.386ms to complete.
[2019.01.02-21.16.10:064][  0]LogFileHelpers: Loading map 'StartScreen' took 0.153
[2019.01.02-21.16.10:160][  0]LogSlate: Updating window title bar state: overlay mode, drag disabled, window buttons hidden, title bar hidden
[2019.01.02-21.16.10:166][  0]LogSlate: Updating window title bar state: overlay mode, drag disabled, window buttons hidden, title bar hidden
[2019.01.02-21.16.10:173][  0]LogSlate: Updating window title bar state: overlay mode, drag disabled, window buttons hidden, title bar hidden
[2019.01.02-21.16.10:179][  0]LogSlate: Updating window title bar state: overlay mode, drag disabled, window buttons hidden, title bar hidden
[2019.01.02-21.16.10:186][  0]LogCollectionManager: Loaded 0 collections in 0.001225 seconds
[2019.01.02-21.16.10:233][  0]LogFileCache: Scanning file cache for directory 'D:/Users/h017026h/Documents/GitKraken/TGPPairProject/PairProject/Saved/Collections/' took 0.01s
[2019.01.02-21.16.10:233][  0]LogFileCache: Scanning file cache for directory 'D:/Users/h017026h/Documents/GitKraken/TGPPairProject/PairProject/Content/Developers/h017026h/Collections/' took 0.01s
[2019.01.02-21.16.10:233][  0]LogFileCache: Scanning file cache for directory 'D:/Users/h017026h/Documents/GitKraken/TGPPairProject/PairProject/Content/Collections/' took 0.01s
[2019.01.02-21.16.10:233][  0]LogCollectionManager: Rebuilt the GUID cache for 0 collections in 0.000000 seconds
[2019.01.02-21.16.10:242][  0]LogContentBrowser: Native class hierarchy populated in 0.0081 seconds. Added 2582 classes and 606 folders.
[2019.01.02-21.16.10:246][  0]LogContentBrowser: Native class hierarchy updated for 'WidgetCarousel' in 0.0004 seconds. Added 0 classes and 0 folders.
[2019.01.02-21.16.10:298][  0]LogContentBrowser: Native class hierarchy updated for 'AddContentDialog' in 0.0004 seconds. Added 0 classes and 0 folders.
[2019.01.02-21.16.10:304][  0]LogContentBrowser: Native class hierarchy updated for 'SceneOutliner' in 0.0003 seconds. Added 1 classes and 2 folders.
[2019.01.02-21.16.10:315][  0]LogSlate: Took 0.000183 seconds to synchronously load lazily loaded font '../../../Engine/Content/Slate/Fonts/Roboto-Regular.ttf' (155K)
[2019.01.02-21.16.10:317][  0]LogSlate: Took 0.000254 seconds to synchronously load lazily loaded font '../../../Engine/Content/Slate/Fonts/Roboto-Bold.ttf' (160K)
[2019.01.02-21.16.10:323][  0]LogSlate: Took 0.000313 seconds to synchronously load lazily loaded font '../../../Engine/Content/Editor/Slate/Fonts/FontAwesome.ttf' (139K)
[2019.01.02-21.16.10:387][  0]LogRenderer: Reallocating scene render targets to support 1208x480 Format 10 NumSamples 1 (Frame:1).
[2019.01.02-21.16.10:478][  0]LogContentBrowser: Native class hierarchy updated for 'HierarchicalLODOutliner' in 0.0003 seconds. Added 0 classes and 0 folders.
[2019.01.02-21.16.10:479][  0]LogLoad: (Engine Initialization) Total time: 7.86 seconds
[2019.01.02-21.16.10:479][  0]LogLoad: (Engine Initialization) Total Blueprint compile time: 0.00 seconds
[2019.01.02-21.16.10:488][  0]LogWindowsTextInputMethodSystem: Display: IME system now deactivated.
[2019.01.02-21.16.10:509][  0]LogContentStreaming: Texture pool size now 1000 MB
[2019.01.02-21.16.10:524][  0]LogSlate: Took 0.000181 seconds to synchronously load lazily loaded font '../../../Engine/Content/Slate/Fonts/Roboto-Light.ttf' (167K)
[2019.01.02-21.16.10:551][  1]LogAssetRegistry: Asset discovery search completed in 3.8016 seconds
[2019.01.02-21.16.10:552][  1]LogCollectionManager: Rebuilt the object cache for 0 collections in 0.000000 seconds (found 0 objects)
[2019.01.02-21.16.10:553][  1]LogCollectionManager: Fixed up redirectors for 0 collections in 0.000144 seconds (updated 0 objects)
[2019.01.02-21.16.12:383][215]LogSlate: FSceneViewport::OnFocusLost() reason 0
[2019.01.02-21.16.13:445][341]LogSlate: Took 0.000172 seconds to synchronously load lazily loaded font '../../../Engine/Content/Slate/Fonts/Roboto-Light.ttf' (167K)
[2019.01.02-21.16.13:826][341]LogAIModule: Creating AISystem for world CameraTestScene
[2019.01.02-21.16.13:835][341]LogAssetEditorManager: Opening Asset editor for World /Game/Scenes/CameraTestScene.CameraTestScene
[2019.01.02-21.16.13:863][341]Cmd: MAP LOAD FILE="../../../../../Users/h017026h/Documents/GitKraken/TGPPairProject/PairProject/Content/Scenes/CameraTestScene.umap" TEMPLATE=0 SHOWPROGRESS=1 FEATURELEVEL=3
[2019.01.02-21.16.13:863][341]LightingResults: New page: Lighting Build
[2019.01.02-21.16.13:864][341]LoadErrors: New page: Loading map: CameraTestScene.umap
[2019.01.02-21.16.13:865][341]MapCheck: New page: Map Check
[2019.01.02-21.16.13:865][341]LightingResults: New page: Lighting Build
[2019.01.02-21.16.13:888][341]LogEditorServer: Finished looking for orphan Actors (0.000 secs)
[2019.01.02-21.16.13:940][341]Cmd: MAP CHECKDEP NOCLEARLOG
[2019.01.02-21.16.13:998][341]MapCheck: Map check complete: 0 Error(s), 0 Warning(s), took 57.332ms to complete.
[2019.01.02-21.16.13:998][341]LogFileHelpers: Loading map 'CameraTestScene' took 0.136
[2019.01.02-21.16.36:628][699]LogFactory: FactoryCreateFile: StaticMesh with FbxFactory (0 0 C:/Users/h017026h/3D Objects/love_heart.fbx)
[2019.01.02-21.16.36:639][699]LogFbx: Loading FBX Scene from C:/Users/h017026h/3D Objects/love_heart.fbx
[2019.01.02-21.16.36:644][699]LogFbx: FBX Scene Loaded Succesfully
[2019.01.02-21.16.55:391][699]LogSlate: Window 'FBX Import Options' being destroyed
[2019.01.02-21.16.55:532][699]LogFbx: Warning: Triangulating static mesh Vert
[2019.01.02-21.16.55:550][699]LogStaticMesh: Building static mesh love_heart...
[2019.01.02-21.16.55:556][699]LogStaticMesh: Built static mesh [0.01s] /Game/Assets/Models/Item_Models/Heart/love_heart.love_heart
[2019.01.02-21.16.55:569][699]FBXImport: Warning: No smoothing group information was found in this FBX scene.  Please make sure to enable the 'Export Smoothing Groups' option in the FBX Exporter plug-in before exporting the file.  Even for tools that don't support smoothing groups, the FBX Exporter will generate appropriate smoothing data at export-time so that correct vertex normals can be inferred while importing. 
[2019.01.02-21.16.57:164][885]LogSlate: Window 'Message Log' being destroyed
[2019.01.02-21.16.57:166][885]LogSlate: Window 'Message Log' being destroyed
[2019.01.02-21.16.58:840][ 78]LogActorFactory: Actor Factory created love_heart
[2019.01.02-21.16.59:492][155]LogActorFactory: Actor Factory created love_heart
[2019.01.02-21.17.07:445][ 98]LogSlate: FSceneViewport::OnFocusLost() reason 0
[2019.01.02-21.17.12:543][656]Cmd: DELETE
[2019.01.02-21.17.12:543][656]Cmd: ACTOR DELETE
[2019.01.02-21.17.12:545][656]LogEditorActor: Deleted Actor: StaticMeshActor
[2019.01.02-21.17.12:566][656]LogEditorActor: Deleted 1 Actors (0.022 secs)
[2019.01.02-21.17.13:206][733]LogSlate: FSceneViewport::OnFocusLost() reason 0
[2019.01.02-21.17.14:216][851]LogAssetEditorManager: Opening Asset editor for StaticMesh /Game/Assets/Models/Item_Models/Heart/love_heart.love_heart
[2019.01.02-21.17.14:612][851]LogRenderer: Reallocating scene render targets to support 1208x632 Format 10 NumSamples 1 (Frame:1).
[2019.01.02-21.17.14:612][851]LogSlate: Took 0.000188 seconds to synchronously load lazily loaded font '../../../Engine/Content/Slate/Fonts/Roboto-Italic.ttf' (157K)
[2019.01.02-21.17.21:670][688]LogEditorFactories: Performing atomic reimport of [C:/Users/h017026h/3D Objects/love_heart.fbx]
[2019.01.02-21.17.21:690][688]LogFbx: Loading FBX Scene from C:/Users/h017026h/3D Objects/love_heart.fbx
[2019.01.02-21.17.21:695][688]LogFbx: FBX Scene Loaded Succesfully
[2019.01.02-21.17.21:697][688]LogFbx: Warning: Triangulating static mesh Vert
[2019.01.02-21.17.21:715][688]LogStaticMesh: Building static mesh love_heart...
[2019.01.02-21.17.21:718][688]LogStaticMesh: Built static mesh [0.00s] /Game/Assets/Models/Item_Models/Heart/love_heart.love_heart
[2019.01.02-21.17.21:729][688]LogEditorFactories: -- imported successfully
[2019.01.02-21.17.21:732][688]FBXImport: Warning: No smoothing group information was found in this FBX scene.  Please make sure to enable the 'Export Smoothing Groups' option in the FBX Exporter plug-in before exporting the file.  Even for tools that don't support smoothing groups, the FBX Exporter will generate appropriate smoothing data at export-time so that correct vertex normals can be inferred while importing. 
[2019.01.02-21.17.24:220][969]LogSavePackage: Moving '../../../../../Users/h017026h/Documents/GitKraken/TGPPairProject/PairProject/Saved/love_heart3DA0FF6949675306229BF39EDBEA6C40.tmp' to '../../../../../Users/h017026h/Documents/GitKraken/TGPPairProject/PairProject/Content/Assets/Models/Item_Models/Heart/love_heart.uasset'
[2019.01.02-21.17.25:509][122]LogSlate: Window 'love_heart' being destroyed
[2019.01.02-21.17.26:999][287]LogActorFactory: Actor Factory created love_heart
[2019.01.02-21.17.28:015][408]LogActorFactory: Actor Factory created love_heart
[2019.01.02-21.17.29:446][576]LogSlate: FSceneViewport::OnFocusLost() reason 0
[2019.01.02-21.17.35:200][261]Cmd: DELETE
[2019.01.02-21.17.35:201][261]Cmd: ACTOR DELETE
[2019.01.02-21.17.35:202][261]LogEditorActor: Deleted Actor: StaticMeshActor
[2019.01.02-21.17.35:222][261]LogEditorActor: Deleted 1 Actors (0.021 secs)
[2019.01.02-21.17.37:376][518]LogSlate: FSceneViewport::OnFocusLost() reason 0
[2019.01.02-21.17.40:968][916]LogSavePackage: Moving '../../../../../Users/h017026h/Documents/GitKraken/TGPPairProject/PairProject/Saved/CameraTestScene20E5B46742863F35BBD404A7B50E29DD.tmp' to '../../../../../Users/h017026h/Documents/GitKraken/TGPPairProject/PairProject/Content/Scenes/CameraTestScene.umap'
[2019.01.02-21.17.41:012][916]LogFileHelpers: Saving map 'CameraTestScene' took 0.248
[2019.01.02-21.18.00:537][236]LogActor: Warning: MyBPBaseKeep_C /Engine/Transient.World_3:PersistentLevel.MyBPBaseKeep_C_0 has natively added scene component(s), but none of them were set as the actor's RootComponent - picking one arbitrarily
[2019.01.02-21.18.21:256][714]LogSlate: Took 0.000183 seconds to synchronously load lazily loaded font '../../../Engine/Content/Slate/Fonts/Roboto-BoldCondensed.ttf' (158K)
[2019.01.02-21.18.29:828][741]LogAssetEditorManager: Opening Asset editor for Blueprint /Game/Blueprints/MyBPHeartPickup.MyBPHeartPickup
[2019.01.02-21.18.30:163][741]LogContentBrowser: Native class hierarchy updated for 'BlueprintGraph' in 0.0007 seconds. Added 116 classes and 0 folders.
[2019.01.02-21.18.30:754][741]LogSlate: Window 'Add Blueprint Class' being destroyed
[2019.01.02-21.18.30:758][741]LogActor: Warning: MyBPHeartPickup_C /Engine/Transient.World_4:PersistentLevel.MyBPHeartPickup_C_0 has natively added scene component(s), but none of them were set as the actor's RootComponent - picking one arbitrarily
[2019.01.02-21.18.32:315][903]LogRenderer: Reallocating scene render targets to support 1380x712 Format 10 NumSamples 1 (Frame:153).
[2019.01.02-21.18.32:466][921]LogSlate: Window 'MyBPHeartPickup*' being destroyed
[2019.01.02-21.18.33:569][ 52]Cmd: OBJ SAVEPACKAGE PACKAGE="/Game/Blueprints/MyBPHeartPickup" FILE="../../../../../Users/h017026h/Documents/GitKraken/TGPPairProject/PairProject/Content/Blueprints/MyBPHeartPickup.uasset" SILENT=true
[2019.01.02-21.18.33:583][ 52]LogSavePackage: Moving '../../../../../Users/h017026h/Documents/GitKraken/TGPPairProject/PairProject/Saved/MyBPHeartPickupE20DAE8141B976358D14DBA7BC806AB8.tmp' to '../../../../../Users/h017026h/Documents/GitKraken/TGPPairProject/PairProject/Content/Blueprints/MyBPHeartPickup.uasset'
[2019.01.02-21.18.40:015][817]LogActor: Warning: MyBPHeartPickup_C /Engine/Transient.World_6:PersistentLevel.MyBPHeartPickup_C_0 has natively added scene component(s), but none of them were set as the actor's RootComponent - picking one arbitrarily
[2019.01.02-21.18.43:877][272]LogSlate: FSceneViewport::OnFocusLost() reason 0
[2019.01.02-21.18.53:408][387]BlueprintLog: New page: Compile MyBPHeartPickup
[2019.01.02-21.18.53:420][387]LogActor: Warning: MyBPHeartPickup_C /Engine/Transient.World_4:PersistentLevel.MyBPHeartPickup_C_0 has natively added scene component(s), but none of them were set as the actor's RootComponent - picking one arbitrarily
[2019.01.02-21.18.53:420][387]LogActor: Warning: MyBPHeartPickup_C /Engine/Transient.World_6:PersistentLevel.MyBPHeartPickup_C_0 has natively added scene component(s), but none of them were set as the actor's RootComponent - picking one arbitrarily
[2019.01.02-21.18.53:536][387]LogActor: Warning: MyBPHeartPickup_C /Engine/Transient.World_6:PersistentLevel.MyBPHeartPickup_C_1 has natively added scene component(s), but none of them were set as the actor's RootComponent - picking one arbitrarily
[2019.01.02-21.18.53:911][429]Cmd: OBJ SAVEPACKAGE PACKAGE="/Game/Blueprints/MyBPHeartPickup" FILE="../../../../../Users/h017026h/Documents/GitKraken/TGPPairProject/PairProject/Content/Blueprints/MyBPHeartPickup.uasset" SILENT=true
[2019.01.02-21.18.53:945][429]LogSavePackage: Moving '../../../../../Users/h017026h/Documents/GitKraken/TGPPairProject/PairProject/Saved/MyBPHeartPickup6F35A7804DB7764662EFBC980B441577.tmp' to '../../../../../Users/h017026h/Documents/GitKraken/TGPPairProject/PairProject/Content/Blueprints/MyBPHeartPickup.uasset'
[2019.01.02-21.19.02:452][344]LogEditorViewport: Clicking on Actor (LMB): StaticMeshActor (Floor)
[2019.01.02-21.19.03:511][466]LogEditorViewport: Clicking on Actor (LMB): StaticMeshActor (Floor)
[2019.01.02-21.19.08:641][ 74]LogSlate: FSceneViewport::OnFocusLost() reason 0
[2019.01.02-21.19.11:858][451]LogEditorActor: Deleted Actor: MyBPStaminSmallPickup_C
[2019.01.02-21.19.11:884][451]LogEditorActor: Deleted 1 Actors (0.027 secs)
[2019.01.02-21.19.21:808][577]LogMetaData: Removing '/Game/Blueprints/Pickup_BPs/MyBPHeartPickup.MyBPHeartPickup:UserConstructionScript.K2Node_FunctionEntry_0' ref from Metadata '/Game/Blueprints/MyBPHeartPickup.PackageMetaData'
[2019.01.02-21.19.21:808][577]LogMetaData: Removing '/Game/Blueprints/Pickup_BPs/MyBPHeartPickup.SKEL_MyBPHeartPickup_C' ref from Metadata '/Game/Blueprints/MyBPHeartPickup.PackageMetaData'
[2019.01.02-21.19.21:808][577]LogMetaData: Removing '/Game/Blueprints/Pickup_BPs/MyBPHeartPickup.MyBPHeartPickup_C' ref from Metadata '/Game/Blueprints/MyBPHeartPickup.PackageMetaData'
[2019.01.02-21.19.21:808][577]LogMetaData: Removing '/Game/Blueprints/Pickup_BPs/MyBPHeartPickup.MyBPHeartPickup:EventGraph.K2Node_Event_0' ref from Metadata '/Game/Blueprints/MyBPHeartPickup.PackageMetaData'
[2019.01.02-21.19.21:808][577]LogMetaData: Removing '/Game/Blueprints/Pickup_BPs/MyBPHeartPickup.MyBPHeartPickup:EventGraph.K2Node_Event_1' ref from Metadata '/Game/Blueprints/MyBPHeartPickup.PackageMetaData'
[2019.01.02-21.19.21:808][577]LogMetaData: Removing '/Game/Blueprints/Pickup_BPs/MyBPHeartPickup.MyBPHeartPickup:EventGraph.K2Node_Event_2' ref from Metadata '/Game/Blueprints/MyBPHeartPickup.PackageMetaData'
[2019.01.02-21.19.21:808][577]LogMetaData: Removing '/Game/Blueprints/Pickup_BPs/MyBPHeartPickup.SKEL_MyBPHeartPickup_C:ReceiveBeginPlay' ref from Metadata '/Game/Blueprints/MyBPHeartPickup.PackageMetaData'
[2019.01.02-21.19.21:808][577]LogMetaData: Removing '/Game/Blueprints/Pickup_BPs/MyBPHeartPickup.SKEL_MyBPHeartPickup_C:ReceiveActorBeginOverlap' ref from Metadata '/Game/Blueprints/MyBPHeartPickup.PackageMetaData'
[2019.01.02-21.19.21:808][577]LogMetaData: Removing '/Game/Blueprints/Pickup_BPs/MyBPHeartPickup.SKEL_MyBPHeartPickup_C:ReceiveTick' ref from Metadata '/Game/Blueprints/MyBPHeartPickup.PackageMetaData'
[2019.01.02-21.19.21:809][577]LogMetaData: Removing '/Game/Blueprints/Pickup_BPs/MyBPHeartPickup.SKEL_MyBPHeartPickup_C:UserConstructionScript' ref from Metadata '/Game/Blueprints/MyBPHeartPickup.PackageMetaData'
[2019.01.02-21.19.21:863][577]LogSavePackage: Moving '../../../../../Users/h017026h/Documents/GitKraken/TGPPairProject/PairProject/Saved/MyBPHeartPickup05A750364278D22B3F25F8BA8C9E5275.tmp' to '../../../../../Users/h017026h/Documents/GitKraken/TGPPairProject/PairProject/Content/Blueprints/Pickup_BPs/MyBPHeartPickup.uasset'
[2019.01.02-21.19.22:800][660]LogActor: Warning: MyBPStaminSmallPickup_C /Engine/Transient.World_7:PersistentLevel.MyBPStaminSmallPickup_C_0 has natively added scene component(s), but none of them were set as the actor's RootComponent - picking one arbitrarily
[2019.01.02-21.19.22:804][660]LogActor: Warning: MyBPStaminaBIgPickup_C /Engine/Transient.World_8:PersistentLevel.MyBPStaminaBIgPickup_C_0 has natively added scene component(s), but none of them were set as the actor's RootComponent - picking one arbitrarily
[2019.01.02-21.19.24:054][769]LogAssetEditorManager: Opening Asset editor for Blueprint /Game/Blueprints/Pickup_BPs/MyBPStaminaBIgPickup.MyBPStaminaBIgPickup
[2019.01.02-21.19.24:328][769]LogActor: Warning: MyBPStaminaBIgPickup_C /Engine/Transient.World_9:PersistentLevel.MyBPStaminaBIgPickup_C_0 has natively added scene component(s), but none of them were set as the actor's RootComponent - picking one arbitrarily
[2019.01.02-21.19.35:693][126]BlueprintLog: New page: Compile MyBPHeartPickup
[2019.01.02-21.19.35:698][126]LogActor: Warning: MyBPHeartPickup_C /Engine/Transient.World_4:PersistentLevel.MyBPHeartPickup_C_0 has natively added scene component(s), but none of them were set as the actor's RootComponent - picking one arbitrarily
[2019.01.02-21.19.35:698][126]LogActor: Warning: MyBPHeartPickup_C /Engine/Transient.World_6:PersistentLevel.MyBPHeartPickup_C_1 has natively added scene component(s), but none of them were set as the actor's RootComponent - picking one arbitrarily
[2019.01.02-21.19.35:800][126]LogActor: Warning: MyBPHeartPickup_C /Engine/Transient.World_6:PersistentLevel.MyBPHeartPickup_C_2 has natively added scene component(s), but none of them were set as the actor's RootComponent - picking one arbitrarily
[2019.01.02-21.19.36:493][202]LogSavePackage: Moving '../../../../../Users/h017026h/Documents/GitKraken/TGPPairProject/PairProject/Saved/MyBPHeartPickup0C3FF3B441D72394FCC2DB92C331A803.tmp' to '../../../../../Users/h017026h/Documents/GitKraken/TGPPairProject/PairProject/Content/Blueprints/Pickup_BPs/MyBPHeartPickup.uasset'
[2019.01.02-21.19.54:416][309]BlueprintLog: New page: Compile MyBPHeartPickup
[2019.01.02-21.19.54:423][309]LogActor: Warning: MyBPHeartPickup_C /Engine/Transient.World_4:PersistentLevel.MyBPHeartPickup_C_0 has natively added scene component(s), but none of them were set as the actor's RootComponent - picking one arbitrarily
[2019.01.02-21.19.54:423][309]LogActor: Warning: MyBPHeartPickup_C /Engine/Transient.World_6:PersistentLevel.MyBPHeartPickup_C_2 has natively added scene component(s), but none of them were set as the actor's RootComponent - picking one arbitrarily
[2019.01.02-21.19.54:526][309]LogActor: Warning: MyBPHeartPickup_C /Engine/Transient.World_6:PersistentLevel.MyBPHeartPickup_C_3 has natively added scene component(s), but none of them were set as the actor's RootComponent - picking one arbitrarily
[2019.01.02-21.19.55:050][365]LogSavePackage: Moving '../../../../../Users/h017026h/Documents/GitKraken/TGPPairProject/PairProject/Saved/MyBPHeartPickupCEAE108B4B46360AA1095F9AAA492B61.tmp' to '../../../../../Users/h017026h/Documents/GitKraken/TGPPairProject/PairProject/Content/Blueprints/Pickup_BPs/MyBPHeartPickup.uasset'
[2019.01.02-21.20.19:528][222]LogAssetEditorManager: Opening Asset editor for Blueprint /Game/Blueprints/Pickup_BPs/MyBPStaminSmallPickup.MyBPStaminSmallPickup
[2019.01.02-21.20.19:761][222]LogActor: Warning: MyBPStaminSmallPickup_C /Engine/Transient.World_10:PersistentLevel.MyBPStaminSmallPickup_C_0 has natively added scene component(s), but none of them were set as the actor's RootComponent - picking one arbitrarily
[2019.01.02-21.20.26:361][992]BlueprintLog: New page: Compile MyBPHeartPickup
[2019.01.02-21.20.26:368][992]LogActor: Warning: MyBPHeartPickup_C /Engine/Transient.World_4:PersistentLevel.MyBPHeartPickup_C_0 has natively added scene component(s), but none of them were set as the actor's RootComponent - picking one arbitrarily
[2019.01.02-21.20.26:368][992]LogActor: Warning: MyBPHeartPickup_C /Engine/Transient.World_6:PersistentLevel.MyBPHeartPickup_C_3 has natively added scene component(s), but none of them were set as the actor's RootComponent - picking one arbitrarily
[2019.01.02-21.20.26:476][992]LogActor: Warning: MyBPHeartPickup_C /Engine/Transient.World_6:PersistentLevel.MyBPHeartPickup_C_4 has natively added scene component(s), but none of them were set as the actor's RootComponent - picking one arbitrarily
[2019.01.02-21.20.27:319][ 86]LogSavePackage: Moving '../../../../../Users/h017026h/Documents/GitKraken/TGPPairProject/PairProject/Saved/MyBPHeartPickup2451CFF945F65EC6EBC1179B4F0433EC.tmp' to '../../../../../Users/h017026h/Documents/GitKraken/TGPPairProject/PairProject/Content/Blueprints/Pickup_BPs/MyBPHeartPickup.uasset'
[2019.01.02-21.20.28:615][232]LogActorComponent: UnregisterComponent: (/Engine/Transient.EditorFloorComp) Not registered. Aborting.
[2019.01.02-21.20.33:901][769]LogSavePackage: Moving '../../../../../Users/h017026h/Documents/GitKraken/TGPPairProject/PairProject/Saved/CameraTestSceneAEBDE8EE40CF42A2544DDD9F0599AEDF.tmp' to '../../../../../Users/h017026h/Documents/GitKraken/TGPPairProject/PairProject/Content/Scenes/CameraTestScene.umap'
[2019.01.02-21.20.33:981][769]LogSavePackage: Moving '../../../../../Users/h017026h/Documents/GitKraken/TGPPairProject/PairProject/Saved/CameraTestScene_BuiltData06D8F513495F3A101EA65EA1FB7B3E9C.tmp' to '../../../../../Users/h017026h/Documents/GitKraken/TGPPairProject/PairProject/Content/Scenes/CameraTestScene_BuiltData.uasset'
[2019.01.02-21.28.02:979][541]LogSlate: Window 'PairProject - Unreal Editor' being destroyed
[2019.01.02-21.28.03:169][542]Cmd: QUIT_EDITOR
[2019.01.02-21.28.03:184][542]LogWindowsTextInputMethodSystem: Display: IME system now deactivated.
[2019.01.02-21.28.03:194][542]LogExit: Preparing to exit.
