Log file open, 12/29/18 14:41:58
LogWindows: Failed to load 'aqProf.dll' (GetLastError=126)
LogWindows: File 'aqProf.dll' does not exist
LogWindows: Failed to load 'VSPerf140.dll' (GetLastError=126)
LogWindows: File 'VSPerf140.dll' does not exist
LogWindows: Failed to load 'VtuneApi.dll' (GetLastError=126)
LogWindows: File 'VtuneApi.dll' does not exist
LogWindows: Failed to load 'VtuneApi32e.dll' (GetLastError=126)
LogWindows: File 'VtuneApi32e.dll' does not exist
LogInit: Display: Running engine for game: PairProject
LogPlatformFile: Not using cached read wrapper
LogTaskGraph: Started task graph with 5 named threads and 35 total threads with 3 sets of task threads.
LogStats: Stats thread started at 0.529105
LogD3D11RHI: Loaded GFSDK_Aftermath_Lib.x64.dll
LogICUInternationalization: Display: ICU TimeZone Detection - Raw Offset: +0:00, Platform Override: ''
LogPluginManager: Mounting plugin Paper2D
LogPluginManager: Mounting plugin AISupport
LogPluginManager: Mounting plugin LightPropagationVolume
LogPluginManager: Mounting plugin CLionSourceCodeAccess
LogPluginManager: Mounting plugin CodeLiteSourceCodeAccess
LogPluginManager: Mounting plugin GitSourceControl
LogPluginManager: Mounting plugin KDevelopSourceCodeAccess
LogPluginManager: Mounting plugin NullSourceCodeAccess
LogPluginManager: Mounting plugin PerforceSourceControl
LogPluginManager: Mounting plugin SubversionSourceControl
LogPluginManager: Mounting plugin UObjectPlugin
LogPluginManager: Mounting plugin VisualStudioCodeSourceCodeAccess
LogPluginManager: Mounting plugin VisualStudioSourceCodeAccess
LogPluginManager: Mounting plugin XCodeSourceCodeAccess
LogPluginManager: Mounting plugin AssetManagerEditor
LogPluginManager: Mounting plugin CryptoKeys
LogPluginManager: Mounting plugin DataValidation
LogPluginManager: Mounting plugin FacialAnimation
LogPluginManager: Mounting plugin GameplayTagsEditor
LogPluginManager: Mounting plugin MacGraphicsSwitching
LogPluginManager: Mounting plugin MeshEditor
LogPluginManager: Mounting plugin MobileLauncherProfileWizard
LogPluginManager: Mounting plugin PluginBrowser
LogPluginManager: Mounting plugin SpeedTreeImporter
LogPluginManager: Mounting plugin DatasmithContent
LogPluginManager: Mounting plugin AlembicImporter
LogPluginManager: Mounting plugin AppleImageUtils
LogPluginManager: Mounting plugin AppleVision
LogPluginManager: Mounting plugin BackChannel
LogPluginManager: Mounting plugin CharacterAI
LogPluginManager: Mounting plugin GeometryCache
LogPluginManager: Mounting plugin HTML5Networking
LogPluginManager: Mounting plugin ProxyLODPlugin
LogPluginManager: Mounting plugin MagicLeap
LogPluginManager: Mounting plugin MagicLeapEmulator
LogPluginManager: Mounting plugin MagicLeapMedia
LogPluginManager: Mounting plugin AndroidMedia
LogPluginManager: Mounting plugin AvfMedia
LogPluginManager: Mounting plugin ImgMedia
LogPluginManager: Mounting plugin LinearTimecode
LogPluginManager: Mounting plugin MediaCompositing
LogPluginManager: Mounting plugin MediaPlayerEditor
LogPluginManager: Mounting plugin WmfMedia
LogPluginManager: Mounting plugin TcpMessaging
LogPluginManager: Mounting plugin UdpMessaging
LogPluginManager: Mounting plugin ActorSequence
LogPluginManager: Mounting plugin LevelSequenceEditor
LogPluginManager: Mounting plugin MatineeToLevelSequence
LogPluginManager: Mounting plugin NetcodeUnitTest
LogPluginManager: Mounting plugin NUTUnrealEngine4
LogPluginManager: Mounting plugin OnlineSubsystemGooglePlay
LogPluginManager: Mounting plugin OnlineSubsystemIOS
LogPluginManager: Mounting plugin OnlineSubsystem
LogPluginManager: Mounting plugin OnlineSubsystemNull
LogPluginManager: Mounting plugin OnlineSubsystemUtils
LogPluginManager: Mounting plugin LauncherChunkInstaller
LogPluginManager: Mounting plugin AndroidDeviceProfileSelector
LogPluginManager: Mounting plugin AndroidMoviePlayer
LogPluginManager: Mounting plugin AndroidPermission
LogPluginManager: Mounting plugin AppleMoviePlayer
LogPluginManager: Mounting plugin ArchVisCharacter
LogPluginManager: Mounting plugin AudioCapture
LogPluginManager: Mounting plugin CableComponent
LogPluginManager: Mounting plugin CustomMeshComponent
LogPluginManager: Mounting plugin EditableMesh
LogPluginManager: Mounting plugin ExampleDeviceProfileSelector
LogPluginManager: Mounting plugin GoogleCloudMessaging
LogPluginManager: Mounting plugin ImmediatePhysics
LogPluginManager: Mounting plugin IOSDeviceProfileSelector
LogPluginManager: Mounting plugin LinuxDeviceProfileSelector
LogPluginManager: Mounting plugin LocationServicesBPLibrary
LogPluginManager: Mounting plugin MobilePatchingUtils
LogPluginManager: Mounting plugin OculusVR
LogPluginManager: Plugin shader directory ../../../Engine/Plugins/Runtime/Oculus/OculusVR/Shaders found
LogPluginManager: Mapping shader source directory ../../../Engine/Plugins/Runtime/Oculus/OculusVR/Shaders to virtual directory /Plugin/OculusVR
LogPluginManager: Mounting plugin PhysXVehicles
LogPluginManager: Mounting plugin ProceduralMeshComponent
LogPluginManager: Mounting plugin RuntimePhysXCooking
LogPluginManager: Mounting plugin SteamVR
LogPluginManager: Mounting plugin WindowsMoviePlayer
LogStreaming: Display: Took  0.131s to configure plugins.
LogInit: Using libcurl 7.55.1-DEV
LogInit:  - built for x86_64-pc-win32
LogInit:  - supports SSL with OpenSSL/1.0.2h
LogInit:  - supports HTTP deflate (compression) using libz 1.2.8
LogInit:  - other features:
LogInit:      CURL_VERSION_SSL
LogInit:      CURL_VERSION_LIBZ
LogInit:      CURL_VERSION_IPV6
LogInit:      CURL_VERSION_ASYNCHDNS
LogInit:      CURL_VERSION_LARGEFILE
LogInit:      CURL_VERSION_IDN
LogInit:  CurlRequestOptions (configurable via config and command line):
LogInit:  - bVerifyPeer = false  - Libcurl will NOT verify peer certificate
LogInit:  - bUseHttpProxy = false  - Libcurl will NOT use HTTP proxy
LogInit:  - bDontReuseConnections = false  - Libcurl will reuse connections
LogInit:  - CertBundlePath = nullptr  - Libcurl will use whatever was configured at build time.
LogInit:  - MaxHostConnections = 16  - Libcurl will limit the number of connections to a host
LogInit:  - LocalHostAddr = Default
LogInit:  - BufferSize = 65536
LogInit: WinSock: version 1.1 (2.2), MaxSocks=32767, MaxUdp=65467
LogInit: Build: ++UE4+Release-4.20-CL-4369336
LogInit: Engine Version: 4.20.3-4369336+++UE4+Release-4.20
LogInit: Compatible Engine Version: 4.20.0-4212847+++UE4+Release-4.20
LogInit: Net CL: 4212847
LogInit: OS: Windows 10 (), CPU: Intel(R) Core(TM) i7-8700K CPU @ 3.70GHz, GPU: NVIDIA GeForce GTX 950
LogInit: Compiled (64-bit): Sep 17 2018 12:26:19
LogInit: Compiled with Visual C++: 19.13.26129.00
LogInit: Build Configuration: Development
LogInit: Branch Name: ++UE4+Release-4.20
LogInit: Command Line:  -skipcompile
LogInit: Base Directory: D:/Program Files (x86)/UE_4.20/Engine/Binaries/Win64/
LogInit: Installed Engine Build: 1
LogDevObjectVersion: Number of dev versions registered: 20
LogDevObjectVersion:   Dev-Blueprints (B0D832E4-1F89-4F0D-ACCF-7EB736FD4AA2): 10
LogDevObjectVersion:   Dev-Build (E1C64328-A22C-4D53-A36C-8E866417BD8C): 0
LogDevObjectVersion:   Dev-Core (375EC13C-06E4-48FB-B500-84F0262A717E): 2
LogDevObjectVersion:   Dev-Editor (E4B068ED-F494-42E9-A231-DA0B2E46BB41): 24
LogDevObjectVersion:   Dev-Framework (CFFC743F-43B0-4480-9391-14DF171D2073): 34
LogDevObjectVersion:   Dev-Mobile (B02B49B5-BB20-44E9-A304-32B752E40360): 2
LogDevObjectVersion:   Dev-Networking (A4E4105C-59A1-49B5-A7C5-40C4547EDFEE): 0
LogDevObjectVersion:   Dev-Online (39C831C9-5AE6-47DC-9A44-9C173E1C8E7C): 0
LogDevObjectVersion:   Dev-Physics (78F01B33-EBEA-4F98-B9B4-84EACCB95AA2): 0
LogDevObjectVersion:   Dev-Platform (6631380F-2D4D-43E0-8009-CF276956A95A): 0
LogDevObjectVersion:   Dev-Rendering (12F88B9F-8875-4AFC-A67C-D90C383ABD29): 26
LogDevObjectVersion:   Dev-Sequencer (7B5AE74C-D270-4C10-A958-57980B212A5A): 9
LogDevObjectVersion:   Dev-VR (D7296918-1DD6-4BDD-9DE2-64A83CC13884): 2
LogDevObjectVersion:   Dev-LoadTimes (C2A15278-BFE7-4AFE-6C17-90FF531DF755): 1
LogDevObjectVersion:   Private-Geometry (6EACA3D4-40EC-4CC1-B786-8BED09428FC5): 3
LogDevObjectVersion:   Dev-AnimPhys (29E575DD-E0A3-4627-9D10-D276232CDCEA): 17
LogDevObjectVersion:   Dev-ReflectionCapture (6B266CEC-1EC7-4B8F-A30B-E4D90942FC07): 1
LogDevObjectVersion:   Dev-Automation (0DF73D61-A23F-47EA-B727-89E90C41499A): 1
LogDevObjectVersion:   FortniteMain (601D1886-AC64-4F84-AA16-D3DE0DEAC7D6): 12
LogDevObjectVersion:   Dev-Enterprise (9DFFBCD6-494F-0158-E221-12823C92A888): 1
LogStreaming: Display: Took  0.002s to delete old logs.
LogInit: Presizing for max 8388607 objects, including 0 objects not considered by GC, pre-allocating 0 bytes for permanent pool.
LogInit: Object subsystem initialized
[2018.12.29-14.41.59:228][  0]LogInit: Selected Device Profile: [Windows]
[2018.12.29-14.41.59:228][  0]LogInit: Applying CVar settings loaded from the selected device profile: [Windows]
[2018.12.29-14.41.59:238][  0]LogHAL: Display: Platform has ~ 16 GB [17132584960 / 17179869184 / 16], which maps to Larger [LargestMinGB=32, LargerMinGB=12, DefaultMinGB=8, SmallerMinGB=6, SmallestMinGB=0)
[2018.12.29-14.41.59:238][  0]LogInit: Setting Device Profile CVar: [[r.Vulkan.UseRealUBs:1]]
[2018.12.29-14.41.59:239][  0]LogInit: Going up to parent DeviceProfile []
[2018.12.29-14.41.59:243][  0]LogInit: Computer: DESKTOP-D8L6EI8
[2018.12.29-14.41.59:243][  0]LogInit: User: h017026h
[2018.12.29-14.41.59:243][  0]LogInit: CPU Page size=4096, Cores=6
[2018.12.29-14.41.59:243][  0]LogInit: High frequency timer resolution =3.609372 MHz
[2018.12.29-14.41.59:244][  0]LogMemory: Memory total: Physical=16.0GB (16GB approx)
[2018.12.29-14.41.59:244][  0]LogMemory: Platform Memory Stats for Windows
[2018.12.29-14.41.59:244][  0]LogMemory: Process Physical Memory: 103.30 MB used, 103.30 MB peak
[2018.12.29-14.41.59:244][  0]LogMemory: Process Virtual Memory: 97.78 MB used, 97.78 MB peak
[2018.12.29-14.41.59:244][  0]LogMemory: Physical Memory: 6296.58 MB used,  10042.32 MB free, 16338.91 MB total
[2018.12.29-14.41.59:244][  0]LogMemory: Virtual Memory: 4664.66 MB used,  10042.32 MB free, 134217728.00 MB total
[2018.12.29-14.41.59:338][  0]LogInit: Using OS detected language (en-GB).
[2018.12.29-14.41.59:338][  0]LogInit: Using OS detected locale (en-GB).
[2018.12.29-14.41.59:339][  0]LogTextLocalizationManager: No specific localization for 'en-GB' exists, so the 'en' localization will be used.
[2018.12.29-14.41.59:617][  0]LogStreaming: Display: Took  0.280s to InitEngineTextLocalization.
[2018.12.29-14.41.59:617][  0]LogInit: Setting process to per monitor DPI aware
[2018.12.29-14.41.59:657][  0]LogSlate: New Slate User Created.  User Index 0, Is Virtual User: 0
[2018.12.29-14.41.59:657][  0]LogSlate: Slate User Registered.  User Index 0, Is Virtual User: 0
[2018.12.29-14.41.59:868][  0]LogHMD: Failed to initialize OpenVR with code 110
[2018.12.29-14.41.59:868][  0]LogD3D11RHI: D3D11 adapters:
[2018.12.29-14.41.59:926][  0]LogD3D11RHI:    0. 'NVIDIA GeForce GTX 950' (Feature Level 11_0)
[2018.12.29-14.41.59:926][  0]LogD3D11RHI:       2007/0/8169 MB DedicatedVideo/DedicatedSystem/SharedSystem, Outputs:1, VendorId:0x10de
[2018.12.29-14.41.59:930][  0]LogD3D11RHI:    1. 'Microsoft Basic Render Driver' (Feature Level 11_0)
[2018.12.29-14.41.59:930][  0]LogD3D11RHI:       0/0/8169 MB DedicatedVideo/DedicatedSystem/SharedSystem, Outputs:0, VendorId:0x1414
[2018.12.29-14.41.59:930][  0]LogD3D11RHI: Chosen D3D11 Adapter: 0
[2018.12.29-14.41.59:935][  0]LogD3D11RHI: Creating new Direct3DDevice
[2018.12.29-14.41.59:935][  0]LogD3D11RHI:     GPU DeviceId: 0x1402 (for the marketing name, search the web for "GPU Device Id")
[2018.12.29-14.41.59:935][  0]LogWindows: EnumDisplayDevices:
[2018.12.29-14.41.59:936][  0]LogWindows:    0. 'NVIDIA GeForce GTX 950' (P:1 D:1)
[2018.12.29-14.41.59:936][  0]LogWindows:    1. 'NVIDIA GeForce GTX 950' (P:0 D:0)
[2018.12.29-14.41.59:936][  0]LogWindows:    2. 'NVIDIA GeForce GTX 950' (P:0 D:0)
[2018.12.29-14.41.59:936][  0]LogWindows:    3. 'NVIDIA GeForce GTX 950' (P:0 D:0)
[2018.12.29-14.41.59:936][  0]LogWindows: DebugString: FoundDriverCount:4 
[2018.12.29-14.41.59:936][  0]LogD3D11RHI:     Adapter Name: NVIDIA GeForce GTX 950
[2018.12.29-14.41.59:936][  0]LogD3D11RHI:   Driver Version: 399.07 (internal:24.21.13.9907, unified:399.07)
[2018.12.29-14.41.59:937][  0]LogD3D11RHI:      Driver Date: 8-21-2018
[2018.12.29-14.41.59:937][  0]LogRHI: Texture pool is 1405 MB (70% of 2007 MB)
[2018.12.29-14.41.59:970][  0]LogD3D11RHI: Async texture creation enabled
[2018.12.29-14.41.59:999][  0]LogD3D11RHI: GPU Timing Frequency: 1000.000000 (Debug: 2 2)
[2018.12.29-14.42.00:047][  0]LogShaderCompilers: Guid format shader working directory is -27 characters bigger than the processId version (../../../../../Users/h017026h/Documents/GitKraken/TGPPairProject/PairProject/Intermediate/Shaders/WorkingDirectory/2104/).
[2018.12.29-14.42.00:047][  0]LogShaderCompilers: Cleaned the shader compiler working directory 'C:/Users/h017026h/AppData/Local/Temp/UnrealShaderWorkingDir/89F9BA95443496401D8FB7B7A1615D2F/'.
[2018.12.29-14.42.00:240][  0]LogTemp: Display: Loaded TP AllDesktopTargetPlatform
[2018.12.29-14.42.00:253][  0]LogTemp: Display: Loaded TP MacClientTargetPlatform
[2018.12.29-14.42.00:268][  0]LogTemp: Display: Loaded TP MacNoEditorTargetPlatform
[2018.12.29-14.42.00:280][  0]LogTemp: Display: Loaded TP MacServerTargetPlatform
[2018.12.29-14.42.00:293][  0]LogTemp: Display: Loaded TP MacTargetPlatform
[2018.12.29-14.42.00:304][  0]LogTemp: Display: Loaded TP WindowsClientTargetPlatform
[2018.12.29-14.42.00:315][  0]LogTemp: Display: Loaded TP WindowsNoEditorTargetPlatform
[2018.12.29-14.42.00:326][  0]LogTemp: Display: Loaded TP WindowsServerTargetPlatform
[2018.12.29-14.42.00:332][  0]LogTemp: Display: Loaded TP WindowsTargetPlatform
[2018.12.29-14.42.00:395][  0]LogTemp: Display: Loaded TP AndroidTargetPlatform
[2018.12.29-14.42.00:395][  0]LogTemp: Display: Loaded TP AndroidTargetPlatform
[2018.12.29-14.42.00:395][  0]LogTemp: Display: Loaded TP AndroidTargetPlatform
[2018.12.29-14.42.00:395][  0]LogTemp: Display: Loaded TP AndroidTargetPlatform
[2018.12.29-14.42.00:395][  0]LogTemp: Display: Loaded TP AndroidTargetPlatform
[2018.12.29-14.42.00:395][  0]LogTemp: Display: Loaded TP AndroidTargetPlatform
[2018.12.29-14.42.00:395][  0]LogTemp: Display: Loaded TP AndroidTargetPlatform
[2018.12.29-14.42.00:395][  0]LogTemp: Display: Loaded TP AndroidTargetPlatform
[2018.12.29-14.42.00:395][  0]LogTemp: Display: Loaded TP AndroidTargetPlatform
[2018.12.29-14.42.00:396][  0]LogTemp: Display: Loaded TP AndroidTargetPlatform
[2018.12.29-14.42.00:396][  0]LogTemp: Display: Loaded TP AndroidTargetPlatform
[2018.12.29-14.42.00:396][  0]LogTemp: Display: Loaded TP AndroidTargetPlatform
[2018.12.29-14.42.00:396][  0]LogTemp: Display: Loaded TP AndroidTargetPlatform
[2018.12.29-14.42.00:396][  0]LogTemp: Display: Loaded TP AndroidTargetPlatform
[2018.12.29-14.42.00:396][  0]LogTemp: Display: Loaded TP AndroidTargetPlatform
[2018.12.29-14.42.00:396][  0]LogTemp: Display: Loaded TP AndroidTargetPlatform
[2018.12.29-14.42.00:396][  0]LogTemp: Display: Loaded TP AndroidTargetPlatform
[2018.12.29-14.42.00:396][  0]LogTemp: Display: Loaded TP AndroidTargetPlatform
[2018.12.29-14.42.00:398][  0]LogTemp: Display: Loaded TP HTML5TargetPlatform
[2018.12.29-14.42.00:458][  0]LogTemp: Display: Loaded TP IOSTargetPlatform
[2018.12.29-14.42.00:458][  0]LogTemp: Display: Loaded TP IOSTargetPlatform
[2018.12.29-14.42.00:479][  0]LogTemp: Display: Loaded TP TVOSTargetPlatform
[2018.12.29-14.42.00:479][  0]LogTemp: Display: Loaded TP TVOSTargetPlatform
[2018.12.29-14.42.00:490][  0]LogTemp: Display: Loaded TP LinuxClientTargetPlatform
[2018.12.29-14.42.00:501][  0]LogTemp: Display: Loaded TP LinuxNoEditorTargetPlatform
[2018.12.29-14.42.00:512][  0]LogTemp: Display: Loaded TP LinuxServerTargetPlatform
[2018.12.29-14.42.00:523][  0]LogTemp: Display: Loaded TP LinuxTargetPlatform
[2018.12.29-14.42.00:532][  0]LogTemp: Display: Loaded TP LuminTargetPlatform
[2018.12.29-14.42.00:533][  0]LogTargetPlatformManager: Display: Building Assets For Windows
[2018.12.29-14.42.00:617][  0]LogXGEController: Cleaning working directory: C:/Users/h017026h/AppData/Local/Temp/UnrealXGEWorkingDir/
[2018.12.29-14.42.00:617][  0]LogXGEController: Cannot use XGE Controller as Incredibuild is not installed on this machine.
[2018.12.29-14.42.00:617][  0]LogShaderCompilers: Cannot use XGE Shader Compiler as Incredibuild is not installed on this machine.
[2018.12.29-14.42.00:617][  0]LogShaderCompilers: Display: Using Local Shader Compiler.
[2018.12.29-14.42.01:138][  0]LogDerivedDataCache: Display: Max Cache Size: 512 MB
[2018.12.29-14.42.01:179][  0]LogDerivedDataCache: Loaded boot cache 0.04s 71MB C:/Users/h017026h/AppData/Local/UnrealEngine/4.20/DerivedDataCache/Boot.ddc.
[2018.12.29-14.42.01:179][  0]LogDerivedDataCache: Display: Loaded Boot cache: C:/Users/h017026h/AppData/Local/UnrealEngine/4.20/DerivedDataCache/Boot.ddc
[2018.12.29-14.42.01:179][  0]LogDerivedDataCache: FDerivedDataBackendGraph:  Pak pak cache file ../../../../../Users/h017026h/Documents/GitKraken/TGPPairProject/PairProject/DerivedDataCache/DDC.ddp not found, will not use a pak cache.
[2018.12.29-14.42.01:179][  0]LogDerivedDataCache: Unable to find inner node Pak for hierarchical cache Hierarchy.
[2018.12.29-14.42.01:180][  0]LogDerivedDataCache: FDerivedDataBackendGraph:  CompressedPak pak cache file ../../../../../Users/h017026h/Documents/GitKraken/TGPPairProject/PairProject/DerivedDataCache/Compressed.ddp not found, will not use a pak cache.
[2018.12.29-14.42.01:180][  0]LogDerivedDataCache: Unable to find inner node CompressedPak for hierarchical cache Hierarchy.
[2018.12.29-14.42.01:190][  0]LogDerivedDataCache: Display: Pak cache opened for reading ../../../Engine/DerivedDataCache/Compressed.ddp.
[2018.12.29-14.42.01:202][  0]LogDerivedDataCache: Using Local data cache path C:/Users/h017026h/AppData/Local/UnrealEngine/Common/DerivedDataCache: Writable
[2018.12.29-14.42.01:202][  0]LogDerivedDataCache: Shared data cache path not found in *engine.ini, will not use an Shared cache.
[2018.12.29-14.42.01:202][  0]LogDerivedDataCache: Unable to find inner node Shared for hierarchical cache Hierarchy.
[2018.12.29-14.42.01:216][  0]LogMaterial: Verifying Global Shaders for PCD3D_SM5
[2018.12.29-14.42.01:218][  0]LogSlate: Using FreeType 2.6.0
[2018.12.29-14.42.01:219][  0]LogSlate: SlateFontServices - WITH_FREETYPE: 1, WITH_HARFBUZZ: 1
[2018.12.29-14.42.01:287][  0]LogAssetRegistry: FAssetRegistry took 0.0277 seconds to start up
[2018.12.29-14.42.01:517][  0]LogInit: Selected Device Profile: [Windows]
[2018.12.29-14.42.01:626][  0]LogSimplygon: Simplygon DLL not present - disabling.
[2018.12.29-14.42.01:632][  0]LogMeshReduction: Using SimplygonSwarm for distributed automatic mesh merging
[2018.12.29-14.42.01:632][  0]LogMeshReduction: Using ProxyLODMeshReduction for automatic mesh merging
[2018.12.29-14.42.01:632][  0]LogMeshReduction: Using QuadricMeshReduction for automatic static mesh reduction
[2018.12.29-14.42.01:632][  0]LogMeshReduction: No automatic skeletal mesh reduction module available
[2018.12.29-14.42.01:644][  0]LogNetVersion: PairProject 1.0.0, NetCL: 4212847, EngineNetVer: 5, GameNetVer: 0 (Checksum: 2248716754)
[2018.12.29-14.42.02:050][  0]LogPackageLocalizationCache: Processed 11 localized package path(s) for 2 prioritized culture(s) in 0.092181 seconds
[2018.12.29-14.42.02:055][  0]LogUObjectArray: 38425 objects as part of root set at end of initial load.
[2018.12.29-14.42.02:055][  0]LogUObjectAllocator: 6690872 out of 0 bytes used by permanent object pool.
[2018.12.29-14.42.02:055][  0]LogUObjectArray: CloseDisregardForGC: 0/0 objects in disregard for GC pool
[2018.12.29-14.42.02:840][  0]LogTcpMessaging: Initializing TcpMessaging bridge
[2018.12.29-14.42.02:855][  0]LogUdpMessaging: Initializing bridge on interface 0.0.0.0:0 to multicast group 230.0.0.1:6666.
[2018.12.29-14.42.03:027][  0]SourceControl: Source control is disabled
[2018.12.29-14.42.03:027][  0]SourceControl: Source control is disabled
[2018.12.29-14.42.03:030][  0]SourceControl: Source control is disabled
[2018.12.29-14.42.03:031][  0]SourceControl: Source control is disabled
[2018.12.29-14.42.03:253][  0]LogAndroidPermission: UAndroidPermissionCallbackProxy::GetInstance
[2018.12.29-14.42.03:338][  0]LogOcInput: OculusInput pre-init called
[2018.12.29-14.42.03:397][  0]LogEngine: Initializing Engine...
[2018.12.29-14.42.03:398][  0]LogHMD: Failed to initialize OpenVR with code 110
[2018.12.29-14.42.03:399][  0]LogStats: UGameplayTagsManager::ConstructGameplayTagTree: ImportINI prefixes -  0.000 s
[2018.12.29-14.42.03:399][  0]LogStats: UGameplayTagsManager::ConstructGameplayTagTree: Construct from data asset -  0.000 s
[2018.12.29-14.42.03:399][  0]LogStats: UGameplayTagsManager::ConstructGameplayTagTree: ImportINI -  0.000 s
[2018.12.29-14.42.03:399][  0]LogStats: UGameplayTagsManager::ConstructGameplayTagTree: GameplayTagTreeChangedEvent.Broadcast -  0.000 s
[2018.12.29-14.42.03:554][  0]LogInit: Initializing FReadOnlyCVARCache
[2018.12.29-14.42.03:564][  0]LogAIModule: Creating AISystem for world Untitled
[2018.12.29-14.42.03:582][  0]LogInit: XAudio2 using 'Headset Earphone (Corsair VOID PRO USB Gaming Headset)' : 6 channels at 48 kHz using 16 bits per sample (channel mask 0x3f)
[2018.12.29-14.42.03:679][  0]LogInit: FAudioDevice initialized.
[2018.12.29-14.42.03:679][  0]LogNetVersion: Set ProjectVersion to 1.0.0.0. Version Checksum will be recalculated on next use.
[2018.12.29-14.42.03:746][  0]LogDerivedDataCache: Saved boot cache 0.07s 71MB C:/Users/h017026h/AppData/Local/UnrealEngine/4.20/DerivedDataCache/Boot.ddc.
[2018.12.29-14.42.03:754][  0]LogInit: Texture streaming: Enabled
[2018.12.29-14.42.03:771][  0]LogEngineSessionManager: EngineSessionManager initialized
[2018.12.29-14.42.03:779][  0]LogInit: Transaction tracking system initialized
[2018.12.29-14.42.03:806][  0]BlueprintLog: New page: Editor Load
[2018.12.29-14.42.03:910][  0]LocalizationService: Localization service is disabled
[2018.12.29-14.42.04:144][  0]LogCook: Display: Max memory allowance for cook 16384mb min free memory 0mb
[2018.12.29-14.42.04:145][  0]LogCook: Display: Mobile HDR setting 1
[2018.12.29-14.42.04:145][  0]LogGameplayTags: Display: UGameplayTagsManager::DoneAddingNativeTags. DelegateIsBound: 0
[2018.12.29-14.42.04:145][  0]LogStats: UGameplayTagsManager::ConstructGameplayTagTree: ImportINI prefixes -  0.000 s
[2018.12.29-14.42.04:145][  0]LogStats: UGameplayTagsManager::ConstructGameplayTagTree: Construct from data asset -  0.000 s
[2018.12.29-14.42.04:145][  0]LogStats: UGameplayTagsManager::ConstructGameplayTagTree: ImportINI -  0.000 s
[2018.12.29-14.42.04:145][  0]LogStats: UGameplayTagsManager::ConstructGameplayTagTree: GameplayTagTreeChangedEvent.Broadcast -  0.000 s
[2018.12.29-14.42.04:288][  0]LogFileCache: Scanning file cache for directory 'D:/Users/h017026h/Documents/GitKraken/TGPPairProject/PairProject/Content/' took 0.02s
[2018.12.29-14.42.04:288][  0]SourceControl: Source control is disabled
[2018.12.29-14.42.04:289][  0]Cmd: MAP LOAD FILE="../../../../../Users/h017026h/Documents/GitKraken/TGPPairProject/PairProject/Content/Scenes/StartScreen.umap" TEMPLATE=0 SHOWPROGRESS=1 FEATURELEVEL=3
[2018.12.29-14.42.04:291][  0]LightingResults: New page: Lighting Build
[2018.12.29-14.42.04:292][  0]MapCheck: New page: Map Check
[2018.12.29-14.42.04:292][  0]LightingResults: New page: Lighting Build
[2018.12.29-14.42.04:333][  0]LogAIModule: Creating AISystem for world StartScreen
[2018.12.29-14.42.04:334][  0]LogEditorServer: Finished looking for orphan Actors (0.000 secs)
[2018.12.29-14.42.04:355][  0]Cmd: MAP CHECKDEP NOCLEARLOG
[2018.12.29-14.42.04:396][  0]MapCheck: Map check complete: 0 Error(s), 0 Warning(s), took 41.572ms to complete.
[2018.12.29-14.42.04:397][  0]LogFileHelpers: Loading map 'StartScreen' took 0.108
[2018.12.29-14.42.04:487][  0]LogSlate: Updating window title bar state: overlay mode, drag disabled, window buttons hidden, title bar hidden
[2018.12.29-14.42.04:493][  0]LogSlate: Updating window title bar state: overlay mode, drag disabled, window buttons hidden, title bar hidden
[2018.12.29-14.42.04:500][  0]LogSlate: Updating window title bar state: overlay mode, drag disabled, window buttons hidden, title bar hidden
[2018.12.29-14.42.04:505][  0]LogSlate: Updating window title bar state: overlay mode, drag disabled, window buttons hidden, title bar hidden
[2018.12.29-14.42.04:511][  0]LogCollectionManager: Loaded 0 collections in 0.000775 seconds
[2018.12.29-14.42.04:557][  0]LogFileCache: Scanning file cache for directory 'D:/Users/h017026h/Documents/GitKraken/TGPPairProject/PairProject/Saved/Collections/' took 0.01s
[2018.12.29-14.42.04:557][  0]LogFileCache: Scanning file cache for directory 'D:/Users/h017026h/Documents/GitKraken/TGPPairProject/PairProject/Content/Developers/h017026h/Collections/' took 0.01s
[2018.12.29-14.42.04:557][  0]LogFileCache: Scanning file cache for directory 'D:/Users/h017026h/Documents/GitKraken/TGPPairProject/PairProject/Content/Collections/' took 0.01s
[2018.12.29-14.42.04:557][  0]LogCollectionManager: Rebuilt the GUID cache for 0 collections in 0.000000 seconds
[2018.12.29-14.42.04:565][  0]LogContentBrowser: Native class hierarchy populated in 0.0074 seconds. Added 2580 classes and 606 folders.
[2018.12.29-14.42.04:569][  0]LogContentBrowser: Native class hierarchy updated for 'WidgetCarousel' in 0.0003 seconds. Added 0 classes and 0 folders.
[2018.12.29-14.42.04:610][  0]LogContentBrowser: Native class hierarchy updated for 'AddContentDialog' in 0.0003 seconds. Added 0 classes and 0 folders.
[2018.12.29-14.42.04:615][  0]LogContentBrowser: Native class hierarchy updated for 'SceneOutliner' in 0.0003 seconds. Added 1 classes and 2 folders.
[2018.12.29-14.42.04:656][  0]LogContentBrowser: Native class hierarchy updated for 'HierarchicalLODOutliner' in 0.0003 seconds. Added 0 classes and 0 folders.
[2018.12.29-14.42.04:656][  0]LogLoad: (Engine Initialization) Total time: 7.94 seconds
[2018.12.29-14.42.04:656][  0]LogLoad: (Engine Initialization) Total Blueprint compile time: 0.00 seconds
[2018.12.29-14.42.04:670][  0]LogWindowsTextInputMethodSystem: Display: IME system now deactivated.
[2018.12.29-14.42.04:689][  0]LogContentStreaming: Texture pool size now 1000 MB
[2018.12.29-14.42.04:691][  0]LogSlate: Took 0.000216 seconds to synchronously load lazily loaded font '../../../Engine/Content/Slate/Fonts/Roboto-Regular.ttf' (155K)
[2018.12.29-14.42.04:692][  0]LogSlate: Took 0.000143 seconds to synchronously load lazily loaded font '../../../Engine/Content/Slate/Fonts/Roboto-Bold.ttf' (160K)
[2018.12.29-14.42.04:695][  0]LogSlate: Took 0.000165 seconds to synchronously load lazily loaded font '../../../Engine/Content/Editor/Slate/Fonts/FontAwesome.ttf' (139K)
[2018.12.29-14.42.04:778][  0]LogRenderer: Reallocating scene render targets to support 780x484 Format 10 NumSamples 1 (Frame:1).
[2018.12.29-14.42.04:809][  0]LogSlate: Took 0.000192 seconds to synchronously load lazily loaded font '../../../Engine/Content/Slate/Fonts/Roboto-Light.ttf' (167K)
[2018.12.29-14.42.04:848][  1]LogAssetRegistry: Asset discovery search completed in 3.5854 seconds
[2018.12.29-14.42.04:850][  1]LogCollectionManager: Rebuilt the object cache for 0 collections in 0.000000 seconds (found 0 objects)
[2018.12.29-14.42.04:850][  1]LogCollectionManager: Fixed up redirectors for 0 collections in 0.000106 seconds (updated 0 objects)
[2018.12.29-14.42.05:680][ 91]LogSlate: Took 0.000186 seconds to synchronously load lazily loaded font '../../../Engine/Content/Slate/Fonts/Roboto-Light.ttf' (167K)
[2018.12.29-14.42.39:878][190]LogRenderer: Reallocating scene render targets to support 780x564 Format 10 NumSamples 1 (Frame:4).
[2018.12.29-14.42.43:422][209]LogSlate: FSceneViewport::OnFocusLost() reason 0
[2018.12.29-14.42.43:794][209]LogAssetEditorManager: Opening Asset editor for Blueprint /Game/Blueprints/MyLinkCharacter.MyLinkCharacter
[2018.12.29-14.42.44:119][209]LogContentBrowser: Native class hierarchy updated for 'BlueprintGraph' in 0.0006 seconds. Added 116 classes and 0 folders.
[2018.12.29-14.42.44:721][209]LogSlate: Took 0.000189 seconds to synchronously load lazily loaded font '../../../Engine/Content/Slate/Fonts/Roboto-BoldCondensed.ttf' (158K)
[2018.12.29-14.42.44:779][210]LogSlate: Took 0.000211 seconds to synchronously load lazily loaded font '../../../Engine/Content/Slate/Fonts/Roboto-Italic.ttf' (157K)
[2018.12.29-14.42.51:876][ 58]LogAssetEditorManager: Opening Asset editor for WidgetBlueprint /Game/UIs/Pause_Menu.Pause_Menu
[2018.12.29-14.42.54:626][354]LogSlate: Window 'Pause_Menu' being destroyed
[2018.12.29-14.43.31:252][883]BlueprintLog: New page: Compile MyLinkCharacter
[2018.12.29-14.43.31:809][921]Cmd: OBJ SAVEPACKAGE PACKAGE="/Game/Blueprints/MyLinkCharacter" FILE="../../../../../Users/h017026h/Documents/GitKraken/TGPPairProject/PairProject/Content/Blueprints/MyLinkCharacter.uasset" SILENT=true
[2018.12.29-14.43.31:864][921]LogSavePackage: Moving '../../../../../Users/h017026h/Documents/GitKraken/TGPPairProject/PairProject/Saved/MyLinkCharacter4BD137E44307D0F8E7992EA3C7FFB477.tmp' to '../../../../../Users/h017026h/Documents/GitKraken/TGPPairProject/PairProject/Content/Blueprints/MyLinkCharacter.uasset'
[2018.12.29-14.43.36:878][521]BlueprintLog: New page: Compile Pause_Menu
[2018.12.29-14.43.37:633][605]LogTemp: Repeating last play command: Selected Viewport
[2018.12.29-14.43.37:654][605]LogBlueprintUserMessages: Early PlayInEditor Detection: Level '/Game/Scenes/StartScreen.StartScreen:PersistentLevel' has LevelScriptBlueprint '/Game/Scenes/StartScreen.StartScreen:PersistentLevel.StartScreen' with GeneratedClass '/Game/Scenes/StartScreen.StartScreen_C' with ClassGeneratedBy '/Game/Scenes/StartScreen.StartScreen:PersistentLevel.StartScreen'
[2018.12.29-14.43.37:654][605]LogPlayLevel: PlayLevel: No blueprints needed recompiling
[2018.12.29-14.43.37:667][605]PIE: New page: PIE session: StartScreen (29 Dec 2018 14:43:37)
[2018.12.29-14.43.37:668][605]LogPlayLevel: Creating play world package: /Game/Scenes/UEDPIE_0_StartScreen
[2018.12.29-14.43.37:669][605]LogPlayLevel: PIE: StaticDuplicateObject took: (0.000865s)
[2018.12.29-14.43.37:669][605]LogAIModule: Creating AISystem for world StartScreen
[2018.12.29-14.43.37:669][605]LogPlayLevel: PIE: World Init took: (0.000655s)
[2018.12.29-14.43.37:670][605]LogPlayLevel: PIE: Created PIE world by copying editor world from /Game/Scenes/StartScreen.StartScreen to /Game/Scenes/UEDPIE_0_StartScreen.StartScreen (0.001939s)
[2018.12.29-14.43.37:699][605]LogInit: XAudio2 using 'Headset Earphone (Corsair VOID PRO USB Gaming Headset)' : 6 channels at 48 kHz using 16 bits per sample (channel mask 0x3f)
[2018.12.29-14.43.37:790][605]LogInit: FAudioDevice initialized.
[2018.12.29-14.43.37:797][605]LogSlate: Updating window title bar state: overlay mode, drag disabled, window buttons hidden, title bar hidden
[2018.12.29-14.43.37:845][605]LogLoad: Game class is 'TestGameMode_C'
[2018.12.29-14.43.37:846][605]LogWorld: Bringing World /Game/Scenes/UEDPIE_0_StartScreen.StartScreen up for play (max tick rate 0) at 2018.12.29-14.43.37
[2018.12.29-14.43.37:846][605]LogWorld: Bringing up level for play took: 0.000460
[2018.12.29-14.43.37:860][605]LogGameMode: FindPlayerStart: PATHS NOT DEFINED or NO PLAYERSTART with positive rating
[2018.12.29-14.43.37:866][605]LogContentBrowser: Native class hierarchy updated for 'MovieSceneCapture' in 0.0003 seconds. Added 10 classes and 0 folders.
[2018.12.29-14.43.37:867][605]LogGameMode: Display: Match State Changed from EnteringMap to WaitingToStart
[2018.12.29-14.43.37:867][605]LogGameState: Match State Changed from EnteringMap to WaitingToStart
[2018.12.29-14.43.37:867][605]LogGameMode: Display: Match State Changed from WaitingToStart to InProgress
[2018.12.29-14.43.37:868][605]LogGameState: Match State Changed from WaitingToStart to InProgress
[2018.12.29-14.43.37:869][605]PIE: Play in editor start time for /Game/Scenes/UEDPIE_0_StartScreen 0.698
[2018.12.29-14.43.37:870][605]LogBlueprintUserMessages: Late PlayInEditor Detection: Level '/Game/Scenes/StartScreen.StartScreen:PersistentLevel' has LevelScriptBlueprint '/Game/Scenes/StartScreen.StartScreen:PersistentLevel.StartScreen' with GeneratedClass '/Game/Scenes/StartScreen.StartScreen_C' with ClassGeneratedBy '/Game/Scenes/StartScreen.StartScreen:PersistentLevel.StartScreen'
[2018.12.29-14.43.37:883][605]LogRenderer: Reallocating scene render targets to support 1292x756 Format 10 NumSamples 1 (Frame:1).
[2018.12.29-14.43.39:771][816]LogBlueprintUserMessages: Early EndPlayMap Detection: Level '/Game/Scenes/StartScreen.StartScreen:PersistentLevel' has LevelScriptBlueprint '/Game/Scenes/StartScreen.StartScreen:PersistentLevel.StartScreen' with GeneratedClass '/Game/Scenes/StartScreen.StartScreen_C' with ClassGeneratedBy '/Game/Scenes/StartScreen.StartScreen:PersistentLevel.StartScreen'
[2018.12.29-14.43.39:771][816]LogSlate: Updating window title bar state: overlay mode, drag disabled, window buttons hidden, title bar hidden
[2018.12.29-14.43.39:788][816]LogSlate: Window 'PairProject Game Preview Standalone (64-bit/PCD3D_SM5)' being destroyed
[2018.12.29-14.43.39:823][816]LogPlayLevel: Display: Shutting down PIE online subsystems
[2018.12.29-14.43.39:823][816]LogBlueprintUserMessages: Late EndPlayMap Detection: Level '/Game/Scenes/StartScreen.StartScreen:PersistentLevel' has LevelScriptBlueprint '/Game/Scenes/StartScreen.StartScreen:PersistentLevel.StartScreen' with GeneratedClass '/Game/Scenes/StartScreen.StartScreen_C' with ClassGeneratedBy '/Game/Scenes/StartScreen.StartScreen:PersistentLevel.StartScreen'
[2018.12.29-14.43.39:876][819]LogPlayLevel: Display: Destroying online subsystem :Context_5
[2018.12.29-14.43.40:918][944]LogTemp: Repeating last play command: Selected Viewport
[2018.12.29-14.43.40:940][944]LogBlueprintUserMessages: Early PlayInEditor Detection: Level '/Game/Scenes/StartScreen.StartScreen:PersistentLevel' has LevelScriptBlueprint '/Game/Scenes/StartScreen.StartScreen:PersistentLevel.StartScreen' with GeneratedClass '/Game/Scenes/StartScreen.StartScreen_C' with ClassGeneratedBy '/Game/Scenes/StartScreen.StartScreen:PersistentLevel.StartScreen'
[2018.12.29-14.43.40:940][944]LogPlayLevel: PlayLevel: No blueprints needed recompiling
[2018.12.29-14.43.40:941][944]PIE: New page: PIE session: StartScreen (29 Dec 2018 14:43:40)
[2018.12.29-14.43.40:941][944]LogPlayLevel: Creating play world package: /Game/Scenes/UEDPIE_0_StartScreen
[2018.12.29-14.43.40:942][944]LogPlayLevel: PIE: StaticDuplicateObject took: (0.000940s)
[2018.12.29-14.43.40:942][944]LogAIModule: Creating AISystem for world StartScreen
[2018.12.29-14.43.40:943][944]LogPlayLevel: PIE: World Init took: (0.000615s)
[2018.12.29-14.43.40:943][944]LogPlayLevel: PIE: Created PIE world by copying editor world from /Game/Scenes/StartScreen.StartScreen to /Game/Scenes/UEDPIE_0_StartScreen.StartScreen (0.001991s)
[2018.12.29-14.43.40:979][944]LogInit: XAudio2 using 'Headset Earphone (Corsair VOID PRO USB Gaming Headset)' : 6 channels at 48 kHz using 16 bits per sample (channel mask 0x3f)
[2018.12.29-14.43.41:070][944]LogInit: FAudioDevice initialized.
[2018.12.29-14.43.41:076][944]LogSlate: Updating window title bar state: overlay mode, drag disabled, window buttons hidden, title bar hidden
[2018.12.29-14.43.41:112][944]LogLoad: Game class is 'TestGameMode_C'
[2018.12.29-14.43.41:113][944]LogWorld: Bringing World /Game/Scenes/UEDPIE_0_StartScreen.StartScreen up for play (max tick rate 0) at 2018.12.29-14.43.41
[2018.12.29-14.43.41:113][944]LogWorld: Bringing up level for play took: 0.000492
[2018.12.29-14.43.41:126][944]LogGameMode: FindPlayerStart: PATHS NOT DEFINED or NO PLAYERSTART with positive rating
[2018.12.29-14.43.41:127][944]LogGameMode: Display: Match State Changed from EnteringMap to WaitingToStart
[2018.12.29-14.43.41:127][944]LogGameState: Match State Changed from EnteringMap to WaitingToStart
[2018.12.29-14.43.41:127][944]LogGameMode: Display: Match State Changed from WaitingToStart to InProgress
[2018.12.29-14.43.41:128][944]LogGameState: Match State Changed from WaitingToStart to InProgress
[2018.12.29-14.43.41:130][944]PIE: Play in editor start time for /Game/Scenes/UEDPIE_0_StartScreen -0.043
[2018.12.29-14.43.41:130][944]LogBlueprintUserMessages: Late PlayInEditor Detection: Level '/Game/Scenes/StartScreen.StartScreen:PersistentLevel' has LevelScriptBlueprint '/Game/Scenes/StartScreen.StartScreen:PersistentLevel.StartScreen' with GeneratedClass '/Game/Scenes/StartScreen.StartScreen_C' with ClassGeneratedBy '/Game/Scenes/StartScreen.StartScreen:PersistentLevel.StartScreen'
[2018.12.29-14.43.42:111][ 58]LogGameMode: Display: Match State Changed from InProgress to LeavingMap
[2018.12.29-14.43.42:111][ 58]LogGameState: Match State Changed from InProgress to LeavingMap
[2018.12.29-14.43.42:112][ 58]LogNet: Browse: /Game/Scenes/CameraTestScene
[2018.12.29-14.43.42:112][ 58]LogLoad: LoadMap: /Game/Scenes/CameraTestScene
[2018.12.29-14.43.42:504][ 58]LogAIModule: Creating AISystem for world CameraTestScene
[2018.12.29-14.43.42:505][ 58]LogLoad: Game class is 'TestGameMode_C'
[2018.12.29-14.43.42:509][ 58]LogWorld: Bringing World /Game/Scenes/UEDPIE_0_CameraTestScene.CameraTestScene up for play (max tick rate 0) at 2018.12.29-14.43.42
[2018.12.29-14.43.42:510][ 58]LogWorld: Bringing up level for play took: 0.004827
[2018.12.29-14.43.42:511][ 58]LogGameMode: FindPlayerStart: PATHS NOT DEFINED or NO PLAYERSTART with positive rating
[2018.12.29-14.43.42:511][ 58]LogGameMode: Display: Match State Changed from EnteringMap to WaitingToStart
[2018.12.29-14.43.42:511][ 58]LogGameState: Match State Changed from EnteringMap to WaitingToStart
[2018.12.29-14.43.42:511][ 58]LogGameMode: Display: Match State Changed from WaitingToStart to InProgress
[2018.12.29-14.43.42:513][ 58]LogGameState: Match State Changed from WaitingToStart to InProgress
[2018.12.29-14.43.42:513][ 58]LogLoad: Took 0.400997 seconds to LoadMap(/Game/Scenes/CameraTestScene)
[2018.12.29-14.43.42:513][ 58]LogTemp: Warning: Angle: -2.378152
[2018.12.29-14.43.42:521][ 58]LogSlate: Took 0.002723 seconds to synchronously load lazily loaded font '../../../Engine/Content/SlateDebug/Fonts/LastResort.ttf' (5269K)
[2018.12.29-14.43.42:532][ 59]LogTemp: Warning: Angle: -2.377117
[2018.12.29-14.43.42:548][ 60]LogTemp: Warning: Angle: -2.327453
[2018.12.29-14.43.42:556][ 61]LogTemp: Warning: Angle: -2.324807
[2018.12.29-14.43.42:565][ 62]LogTemp: Warning: Angle: -2.323794
[2018.12.29-14.43.42:573][ 63]LogTemp: Warning: Angle: -2.322783
[2018.12.29-14.43.42:582][ 64]LogTemp: Warning: Angle: -2.321771
[2018.12.29-14.43.42:590][ 65]LogTemp: Warning: Angle: -2.320761
[2018.12.29-14.43.42:597][ 66]LogTemp: Warning: Angle: -2.319751
[2018.12.29-14.43.42:606][ 67]LogTemp: Warning: Angle: -2.318741
[2018.12.29-14.43.42:614][ 68]LogTemp: Warning: Angle: -2.317731
[2018.12.29-14.43.42:622][ 69]LogTemp: Warning: Angle: -2.316722
[2018.12.29-14.43.42:631][ 70]LogTemp: Warning: Angle: -2.315713
[2018.12.29-14.43.42:639][ 71]LogTemp: Warning: Angle: -2.314705
[2018.12.29-14.43.42:647][ 72]LogTemp: Warning: Angle: -2.313697
[2018.12.29-14.43.42:656][ 73]LogTemp: Warning: Angle: -2.312690
[2018.12.29-14.43.42:664][ 74]LogTemp: Warning: Angle: -2.311683
[2018.12.29-14.43.42:672][ 75]LogTemp: Warning: Angle: -2.310677
[2018.12.29-14.43.42:681][ 76]LogTemp: Warning: Angle: -2.309671
[2018.12.29-14.43.42:689][ 77]LogTemp: Warning: Angle: -2.308665
[2018.12.29-14.43.42:697][ 78]LogTemp: Warning: Angle: -2.307660
[2018.12.29-14.43.42:706][ 79]LogTemp: Warning: Angle: -2.306655
[2018.12.29-14.43.42:714][ 80]LogTemp: Warning: Angle: -2.305651
[2018.12.29-14.43.42:722][ 81]LogTemp: Warning: Angle: -2.304647
[2018.12.29-14.43.42:731][ 82]LogTemp: Warning: Angle: -2.303643
[2018.12.29-14.43.42:739][ 83]LogTemp: Warning: Angle: -2.302641
[2018.12.29-14.43.42:747][ 84]LogTemp: Warning: Angle: -2.301639
[2018.12.29-14.43.42:756][ 85]LogTemp: Warning: Angle: -2.300636
[2018.12.29-14.43.42:764][ 86]LogTemp: Warning: Angle: -2.299635
[2018.12.29-14.43.42:773][ 87]LogTemp: Warning: Angle: -2.298633
[2018.12.29-14.43.42:781][ 88]LogTemp: Warning: Angle: -2.297633
[2018.12.29-14.43.42:789][ 89]LogTemp: Warning: Angle: -2.296632
[2018.12.29-14.43.42:797][ 90]LogTemp: Warning: Angle: -2.295632
[2018.12.29-14.43.42:805][ 91]LogTemp: Warning: Angle: -2.294632
[2018.12.29-14.43.42:815][ 92]LogTemp: Warning: Angle: -2.293633
[2018.12.29-14.43.42:822][ 93]LogTemp: Warning: Angle: -2.292635
[2018.12.29-14.43.42:831][ 94]LogTemp: Warning: Angle: -2.291637
[2018.12.29-14.43.42:840][ 95]LogTemp: Warning: Angle: -2.290639
[2018.12.29-14.43.42:847][ 96]LogTemp: Warning: Angle: -2.289642
[2018.12.29-14.43.42:856][ 97]LogTemp: Warning: Angle: -2.288645
[2018.12.29-14.43.42:864][ 98]LogTemp: Warning: Angle: -2.287646
[2018.12.29-14.43.42:873][ 99]LogTemp: Warning: Angle: -2.286650
[2018.12.29-14.43.42:881][100]LogTemp: Warning: Angle: -2.285655
[2018.12.29-14.43.42:890][101]LogTemp: Warning: Angle: -2.284660
[2018.12.29-14.43.42:897][102]LogTemp: Warning: Angle: -2.283664
[2018.12.29-14.43.42:906][103]LogTemp: Warning: Angle: -2.282669
[2018.12.29-14.43.42:914][104]LogTemp: Warning: Angle: -2.281675
[2018.12.29-14.43.42:922][105]LogTemp: Warning: Angle: -2.280682
[2018.12.29-14.43.42:930][106]LogTemp: Warning: Angle: -2.279689
[2018.12.29-14.43.42:939][107]LogTemp: Warning: Angle: -2.278696
[2018.12.29-14.43.42:947][108]LogTemp: Warning: Angle: -2.277704
[2018.12.29-14.43.42:955][109]LogTemp: Warning: Angle: -2.276712
[2018.12.29-14.43.42:964][110]LogTemp: Warning: Angle: -2.275721
[2018.12.29-14.43.42:972][111]LogTemp: Warning: Angle: -2.274730
[2018.12.29-14.43.42:980][112]LogTemp: Warning: Angle: -2.273739
[2018.12.29-14.43.42:989][113]LogTemp: Warning: Angle: -2.272749
[2018.12.29-14.43.42:997][114]LogTemp: Warning: Angle: -2.271759
[2018.12.29-14.43.43:006][115]LogTemp: Warning: Angle: -2.270768
[2018.12.29-14.43.43:014][116]LogTemp: Warning: Angle: -2.269779
[2018.12.29-14.43.43:022][117]LogTemp: Warning: Angle: -2.268790
[2018.12.29-14.43.43:031][118]LogTemp: Warning: Angle: -2.267802
[2018.12.29-14.43.43:039][119]LogTemp: Warning: Angle: -2.266814
[2018.12.29-14.43.43:047][120]LogTemp: Warning: Angle: -2.265827
[2018.12.29-14.43.43:056][121]LogTemp: Warning: Angle: -2.264841
[2018.12.29-14.43.43:064][122]LogTemp: Warning: Angle: -2.263854
[2018.12.29-14.43.43:072][123]LogTemp: Warning: Angle: -2.262868
[2018.12.29-14.43.43:080][124]LogTemp: Warning: Angle: -2.261883
[2018.12.29-14.43.43:089][125]LogTemp: Warning: Angle: -2.260898
[2018.12.29-14.43.43:097][126]LogTemp: Warning: Angle: -2.259913
[2018.12.29-14.43.43:106][127]LogTemp: Warning: Angle: -2.258929
[2018.12.29-14.43.43:114][128]LogTemp: Warning: Angle: -2.257945
[2018.12.29-14.43.43:122][129]LogTemp: Warning: Angle: -2.256961
[2018.12.29-14.43.43:131][130]LogTemp: Warning: Angle: -2.255979
[2018.12.29-14.43.43:139][131]LogTemp: Warning: Angle: -2.254996
[2018.12.29-14.43.43:147][132]LogTemp: Warning: Angle: -2.254014
[2018.12.29-14.43.43:156][133]LogTemp: Warning: Angle: -2.253032
[2018.12.29-14.43.43:164][134]LogTemp: Warning: Angle: -2.252051
[2018.12.29-14.43.43:172][135]LogTemp: Warning: Angle: -2.251070
[2018.12.29-14.43.43:181][136]LogTemp: Warning: Angle: -2.250090
[2018.12.29-14.43.43:189][137]LogTemp: Warning: Angle: -2.249110
[2018.12.29-14.43.43:197][138]LogTemp: Warning: Angle: -2.248130
[2018.12.29-14.43.43:205][139]LogTemp: Warning: Angle: -2.247151
[2018.12.29-14.43.43:214][140]LogTemp: Warning: Angle: -2.246173
[2018.12.29-14.43.43:222][141]LogTemp: Warning: Angle: -2.245194
[2018.12.29-14.43.43:231][142]LogTemp: Warning: Angle: -2.244216
[2018.12.29-14.43.43:239][143]LogTemp: Warning: Angle: -2.243239
[2018.12.29-14.43.43:247][144]LogTemp: Warning: Angle: -2.242262
[2018.12.29-14.43.43:255][145]LogTemp: Warning: Angle: -2.241286
[2018.12.29-14.43.43:264][146]LogTemp: Warning: Angle: -2.240309
[2018.12.29-14.43.43:272][147]LogTemp: Warning: Angle: -2.239334
[2018.12.29-14.43.43:280][148]LogTemp: Warning: Angle: -2.238358
[2018.12.29-14.43.43:289][149]LogTemp: Warning: Angle: -2.237383
[2018.12.29-14.43.43:297][150]LogTemp: Warning: Angle: -2.236409
[2018.12.29-14.43.43:306][151]LogTemp: Warning: Angle: -2.235435
[2018.12.29-14.43.43:314][152]LogTemp: Warning: Angle: -2.234461
[2018.12.29-14.43.43:322][153]LogTemp: Warning: Angle: -2.233488
[2018.12.29-14.43.43:331][154]LogTemp: Warning: Angle: -2.232515
[2018.12.29-14.43.43:339][155]LogTemp: Warning: Angle: -2.231542
[2018.12.29-14.43.43:348][156]LogTemp: Warning: Angle: -2.230571
[2018.12.29-14.43.43:356][157]LogTemp: Warning: Angle: -2.229599
[2018.12.29-14.43.43:364][158]LogTemp: Warning: Angle: -2.228628
[2018.12.29-14.43.43:373][159]LogTemp: Warning: Angle: -2.227657
[2018.12.29-14.43.43:381][160]LogTemp: Warning: Angle: -2.226687
[2018.12.29-14.43.43:389][161]LogTemp: Warning: Angle: -2.225717
[2018.12.29-14.43.43:397][162]LogTemp: Warning: Angle: -2.224747
[2018.12.29-14.43.43:406][163]LogTemp: Warning: Angle: -2.223778
[2018.12.29-14.43.43:414][164]LogTemp: Warning: Angle: -2.222809
[2018.12.29-14.43.43:423][165]LogTemp: Warning: Angle: -2.221841
[2018.12.29-14.43.43:431][166]LogTemp: Warning: Angle: -2.220873
[2018.12.29-14.43.43:439][167]LogTemp: Warning: Angle: -2.219906
[2018.12.29-14.43.43:448][168]LogTemp: Warning: Angle: -2.218939
[2018.12.29-14.43.43:456][169]LogTemp: Warning: Angle: -2.217972
[2018.12.29-14.43.43:464][170]LogTemp: Warning: Angle: -2.217006
[2018.12.29-14.43.43:473][171]LogTemp: Warning: Angle: -2.216041
[2018.12.29-14.43.43:482][172]LogTemp: Warning: Angle: -2.215075
[2018.12.29-14.43.43:490][173]LogTemp: Warning: Angle: -2.214110
[2018.12.29-14.43.43:498][174]LogTemp: Warning: Angle: -2.213146
[2018.12.29-14.43.43:506][175]LogTemp: Warning: Angle: -2.212182
[2018.12.29-14.43.43:515][176]LogTemp: Warning: Angle: -2.211218
[2018.12.29-14.43.43:523][177]LogTemp: Warning: Angle: -2.210255
[2018.12.29-14.43.43:531][178]LogTemp: Warning: Angle: -2.209292
[2018.12.29-14.43.43:538][179]LogTemp: Warning: Angle: -2.208330
[2018.12.29-14.43.43:547][180]LogTemp: Warning: Angle: -2.207368
[2018.12.29-14.43.43:555][181]LogTemp: Warning: Angle: -2.206406
[2018.12.29-14.43.43:564][182]LogTemp: Warning: Angle: -2.205445
[2018.12.29-14.43.43:572][183]LogTemp: Warning: Angle: -2.204484
[2018.12.29-14.43.43:580][184]LogTemp: Warning: Angle: -2.203524
[2018.12.29-14.43.43:589][185]LogTemp: Warning: Angle: -2.202564
[2018.12.29-14.43.43:597][186]LogTemp: Warning: Angle: -2.201604
[2018.12.29-14.43.43:605][187]LogTemp: Warning: Angle: -2.200645
[2018.12.29-14.43.43:614][188]LogTemp: Warning: Angle: -2.199687
[2018.12.29-14.43.43:623][189]LogTemp: Warning: Angle: -2.198728
[2018.12.29-14.43.43:631][190]LogTemp: Warning: Angle: -2.197771
[2018.12.29-14.43.43:639][191]LogTemp: Warning: Angle: -2.196813
[2018.12.29-14.43.43:647][192]LogTemp: Warning: Angle: -2.195856
[2018.12.29-14.43.43:655][193]LogTemp: Warning: Angle: -2.194900
[2018.12.29-14.43.43:664][194]LogTemp: Warning: Angle: -2.193943
[2018.12.29-14.43.43:672][195]LogTemp: Warning: Angle: -2.192987
[2018.12.29-14.43.43:681][196]LogTemp: Warning: Angle: -2.192032
[2018.12.29-14.43.43:689][197]LogTemp: Warning: Angle: -2.191077
[2018.12.29-14.43.43:698][198]LogTemp: Warning: Angle: -2.190122
[2018.12.29-14.43.43:706][199]LogTemp: Warning: Angle: -2.189168
[2018.12.29-14.43.43:715][200]LogTemp: Warning: Angle: -2.188212
[2018.12.29-14.43.43:722][201]LogTemp: Warning: Angle: -2.187259
[2018.12.29-14.43.43:730][202]LogTemp: Warning: Angle: -2.186306
[2018.12.29-14.43.43:739][203]LogTemp: Warning: Angle: -2.185354
[2018.12.29-14.43.43:747][204]LogTemp: Warning: Angle: -2.184402
[2018.12.29-14.43.43:755][205]LogTemp: Warning: Angle: -2.183450
[2018.12.29-14.43.43:764][206]LogTemp: Warning: Angle: -2.182499
[2018.12.29-14.43.43:772][207]LogTemp: Warning: Angle: -2.181548
[2018.12.29-14.43.43:780][208]LogTemp: Warning: Angle: -2.180598
[2018.12.29-14.43.43:789][209]LogTemp: Warning: Angle: -2.179647
[2018.12.29-14.43.43:797][210]LogTemp: Warning: Angle: -2.178698
[2018.12.29-14.43.43:805][211]LogTemp: Warning: Angle: -2.177749
[2018.12.29-14.43.43:814][212]LogTemp: Warning: Angle: -2.176800
[2018.12.29-14.43.43:822][213]LogTemp: Warning: Angle: -2.175852
[2018.12.29-14.43.43:831][214]LogTemp: Warning: Angle: -2.174904
[2018.12.29-14.43.43:839][215]LogTemp: Warning: Angle: -2.173956
[2018.12.29-14.43.43:847][216]LogTemp: Warning: Angle: -2.173009
[2018.12.29-14.43.43:856][217]LogTemp: Warning: Angle: -2.172062
[2018.12.29-14.43.43:864][218]LogTemp: Warning: Angle: -2.171116
[2018.12.29-14.43.43:872][219]LogTemp: Warning: Angle: -2.170170
[2018.12.29-14.43.43:881][220]LogTemp: Warning: Angle: -2.169225
[2018.12.29-14.43.43:889][221]LogTemp: Warning: Angle: -2.168279
[2018.12.29-14.43.43:897][222]LogTemp: Warning: Angle: -2.167335
[2018.12.29-14.43.43:906][223]LogTemp: Warning: Angle: -2.166391
[2018.12.29-14.43.43:914][224]LogTemp: Warning: Angle: -2.165447
[2018.12.29-14.43.43:922][225]LogTemp: Warning: Angle: -2.164503
[2018.12.29-14.43.43:931][226]LogTemp: Warning: Angle: -2.163560
[2018.12.29-14.43.43:939][227]LogTemp: Warning: Angle: -2.162617
[2018.12.29-14.43.43:947][228]LogTemp: Warning: Angle: -2.161675
[2018.12.29-14.43.43:956][229]LogTemp: Warning: Angle: -2.160733
[2018.12.29-14.43.43:964][230]LogTemp: Warning: Angle: -2.159791
[2018.12.29-14.43.43:973][231]LogTemp: Warning: Angle: -2.158850
[2018.12.29-14.43.43:981][232]LogTemp: Warning: Angle: -2.157910
[2018.12.29-14.43.43:989][233]LogTemp: Warning: Angle: -2.156970
[2018.12.29-14.43.43:998][234]LogTemp: Warning: Angle: -2.156030
[2018.12.29-14.43.44:006][235]LogTemp: Warning: Angle: -2.155090
[2018.12.29-14.43.44:014][236]LogTemp: Warning: Angle: -2.154151
[2018.12.29-14.43.44:023][237]LogTemp: Warning: Angle: -2.153213
[2018.12.29-14.43.44:031][238]LogTemp: Warning: Angle: -2.152274
[2018.12.29-14.43.44:040][239]LogTemp: Warning: Angle: -2.151337
[2018.12.29-14.43.44:049][240]LogTemp: Warning: Angle: -2.150399
[2018.12.29-14.43.44:056][241]LogTemp: Warning: Angle: -2.149462
[2018.12.29-14.43.44:064][242]LogTemp: Warning: Angle: -2.148525
[2018.12.29-14.43.44:073][243]LogTemp: Warning: Angle: -2.147589
[2018.12.29-14.43.44:081][244]LogTemp: Warning: Angle: -2.146653
[2018.12.29-14.43.44:089][245]LogTemp: Warning: Angle: -2.145718
[2018.12.29-14.43.44:098][246]LogTemp: Warning: Angle: -2.144783
[2018.12.29-14.43.44:107][247]LogTemp: Warning: Angle: -2.143849
[2018.12.29-14.43.44:115][248]LogTemp: Warning: Angle: -2.142915
[2018.12.29-14.43.44:122][249]LogTemp: Warning: Angle: -2.141981
[2018.12.29-14.43.44:131][250]LogTemp: Warning: Angle: -2.141048
[2018.12.29-14.43.44:139][251]LogTemp: Warning: Angle: -2.140115
[2018.12.29-14.43.44:147][252]LogTemp: Warning: Angle: -2.139182
[2018.12.29-14.43.44:156][253]LogTemp: Warning: Angle: -2.138250
[2018.12.29-14.43.44:164][254]LogTemp: Warning: Angle: -2.137318
[2018.12.29-14.43.44:172][255]LogTemp: Warning: Angle: -2.136387
[2018.12.29-14.43.44:180][256]LogTemp: Warning: Angle: -2.135456
[2018.12.29-14.43.44:189][257]LogTemp: Warning: Angle: -2.134525
[2018.12.29-14.43.44:197][258]LogTemp: Warning: Angle: -2.133595
[2018.12.29-14.43.44:205][259]LogTemp: Warning: Angle: -2.132666
[2018.12.29-14.43.44:214][260]LogTemp: Warning: Angle: -2.131736
[2018.12.29-14.43.44:222][261]LogTemp: Warning: Angle: -2.130807
[2018.12.29-14.43.44:232][262]LogTemp: Warning: Angle: -2.129879
[2018.12.29-14.43.44:239][263]LogTemp: Warning: Angle: -2.128950
[2018.12.29-14.43.44:247][264]LogTemp: Warning: Angle: -2.128022
[2018.12.29-14.43.44:256][265]LogTemp: Warning: Angle: -2.127095
[2018.12.29-14.43.44:264][266]LogTemp: Warning: Angle: -2.126168
[2018.12.29-14.43.44:273][267]LogTemp: Warning: Angle: -2.125242
[2018.12.29-14.43.44:281][268]LogTemp: Warning: Angle: -2.124316
[2018.12.29-14.43.44:289][269]LogTemp: Warning: Angle: -2.123390
[2018.12.29-14.43.44:298][270]LogTemp: Warning: Angle: -2.122465
[2018.12.29-14.43.44:306][271]LogTemp: Warning: Angle: -2.121540
[2018.12.29-14.43.44:314][272]LogTemp: Warning: Angle: -2.120616
[2018.12.29-14.43.44:323][273]LogTemp: Warning: Angle: -2.119692
[2018.12.29-14.43.44:331][274]LogTemp: Warning: Angle: -2.118768
[2018.12.29-14.43.44:339][275]LogTemp: Warning: Angle: -2.117845
[2018.12.29-14.43.44:347][276]LogTemp: Warning: Angle: -2.116922
[2018.12.29-14.43.44:356][277]LogTemp: Warning: Angle: -2.115999
[2018.12.29-14.43.44:364][278]LogTemp: Warning: Angle: -2.115077
[2018.12.29-14.43.44:372][279]LogTemp: Warning: Angle: -2.114156
[2018.12.29-14.43.44:381][280]LogTemp: Warning: Angle: -2.113234
[2018.12.29-14.43.44:390][281]LogTemp: Warning: Angle: -2.112313
[2018.12.29-14.43.44:398][282]LogTemp: Warning: Angle: -2.111393
[2018.12.29-14.43.45:673][435]LogBlueprintUserMessages: Early EndPlayMap Detection: Level '/Game/Scenes/StartScreen.StartScreen:PersistentLevel' has LevelScriptBlueprint '/Game/Scenes/StartScreen.StartScreen:PersistentLevel.StartScreen' with GeneratedClass '/Game/Scenes/StartScreen.StartScreen_C' with ClassGeneratedBy '/Game/Scenes/StartScreen.StartScreen:PersistentLevel.StartScreen'
[2018.12.29-14.43.45:674][435]LogSlate: Updating window title bar state: overlay mode, drag disabled, window buttons hidden, title bar hidden
[2018.12.29-14.43.45:691][435]LogSlate: Window 'PairProject Game Preview Standalone (64-bit/PCD3D_SM5)' being destroyed
[2018.12.29-14.43.45:731][435]LogPlayLevel: Display: Shutting down PIE online subsystems
[2018.12.29-14.43.45:731][435]LogBlueprintUserMessages: Late EndPlayMap Detection: Level '/Game/Scenes/StartScreen.StartScreen:PersistentLevel' has LevelScriptBlueprint '/Game/Scenes/StartScreen.StartScreen:PersistentLevel.StartScreen' with GeneratedClass '/Game/Scenes/StartScreen.StartScreen_C' with ClassGeneratedBy '/Game/Scenes/StartScreen.StartScreen:PersistentLevel.StartScreen'
[2018.12.29-14.43.45:774][436]LogPlayLevel: Display: Destroying online subsystem :Context_6
[2018.12.29-14.43.59:341][469]Cmd: OBJ SAVEPACKAGE PACKAGE="/Game/UIs/Pause_Menu" FILE="../../../../../Users/h017026h/Documents/GitKraken/TGPPairProject/PairProject/Content/UIs/Pause_Menu.uasset" SILENT=true
[2018.12.29-14.43.59:362][469]LogSavePackage: Moving '../../../../../Users/h017026h/Documents/GitKraken/TGPPairProject/PairProject/Saved/Pause_MenuCA94A700434B644FAD6DB9A81640857A.tmp' to '../../../../../Users/h017026h/Documents/GitKraken/TGPPairProject/PairProject/Content/UIs/Pause_Menu.uasset'
[2018.12.29-14.45.31:334][255]BlueprintLog: New page: Compile Pause_Menu
[2018.12.29-14.45.31:868][311]Cmd: OBJ SAVEPACKAGE PACKAGE="/Game/UIs/Pause_Menu" FILE="../../../../../Users/h017026h/Documents/GitKraken/TGPPairProject/PairProject/Content/UIs/Pause_Menu.uasset" SILENT=true
[2018.12.29-14.45.31:888][311]LogSavePackage: Moving '../../../../../Users/h017026h/Documents/GitKraken/TGPPairProject/PairProject/Saved/Pause_Menu8C3EB4E84F41B2B37BEB7FB12A34C32E.tmp' to '../../../../../Users/h017026h/Documents/GitKraken/TGPPairProject/PairProject/Content/UIs/Pause_Menu.uasset'
[2018.12.29-14.45.36:527][436]LogTemp: Repeating last play command: Selected Viewport
[2018.12.29-14.45.36:549][436]LogBlueprintUserMessages: Early PlayInEditor Detection: Level '/Game/Scenes/StartScreen.StartScreen:PersistentLevel' has LevelScriptBlueprint '/Game/Scenes/StartScreen.StartScreen:PersistentLevel.StartScreen' with GeneratedClass '/Game/Scenes/StartScreen.StartScreen_C' with ClassGeneratedBy '/Game/Scenes/StartScreen.StartScreen:PersistentLevel.StartScreen'
[2018.12.29-14.45.36:549][436]LogPlayLevel: PlayLevel: No blueprints needed recompiling
[2018.12.29-14.45.36:550][436]PIE: New page: PIE session: StartScreen (29 Dec 2018 14:45:36)
[2018.12.29-14.45.36:550][436]LogPlayLevel: Creating play world package: /Game/Scenes/UEDPIE_0_StartScreen
[2018.12.29-14.45.36:551][436]LogPlayLevel: PIE: StaticDuplicateObject took: (0.000928s)
[2018.12.29-14.45.36:551][436]LogAIModule: Creating AISystem for world StartScreen
[2018.12.29-14.45.36:552][436]LogPlayLevel: PIE: World Init took: (0.000751s)
[2018.12.29-14.45.36:552][436]LogPlayLevel: PIE: Created PIE world by copying editor world from /Game/Scenes/StartScreen.StartScreen to /Game/Scenes/UEDPIE_0_StartScreen.StartScreen (0.002030s)
[2018.12.29-14.45.36:582][436]LogInit: XAudio2 using 'Headset Earphone (Corsair VOID PRO USB Gaming Headset)' : 6 channels at 48 kHz using 16 bits per sample (channel mask 0x3f)
[2018.12.29-14.45.36:669][436]LogInit: FAudioDevice initialized.
[2018.12.29-14.45.36:675][436]LogSlate: Updating window title bar state: overlay mode, drag disabled, window buttons hidden, title bar hidden
[2018.12.29-14.45.36:708][436]LogLoad: Game class is 'TestGameMode_C'
[2018.12.29-14.45.36:709][436]LogWorld: Bringing World /Game/Scenes/UEDPIE_0_StartScreen.StartScreen up for play (max tick rate 0) at 2018.12.29-14.45.36
[2018.12.29-14.45.36:710][436]LogWorld: Bringing up level for play took: 0.000411
[2018.12.29-14.45.36:722][436]LogGameMode: FindPlayerStart: PATHS NOT DEFINED or NO PLAYERSTART with positive rating
[2018.12.29-14.45.36:723][436]LogGameMode: Display: Match State Changed from EnteringMap to WaitingToStart
[2018.12.29-14.45.36:723][436]LogGameState: Match State Changed from EnteringMap to WaitingToStart
[2018.12.29-14.45.36:723][436]LogGameMode: Display: Match State Changed from WaitingToStart to InProgress
[2018.12.29-14.45.36:724][436]LogGameState: Match State Changed from WaitingToStart to InProgress
[2018.12.29-14.45.36:725][436]PIE: Play in editor start time for /Game/Scenes/UEDPIE_0_StartScreen -0.447
[2018.12.29-14.45.36:726][436]LogBlueprintUserMessages: Late PlayInEditor Detection: Level '/Game/Scenes/StartScreen.StartScreen:PersistentLevel' has LevelScriptBlueprint '/Game/Scenes/StartScreen.StartScreen:PersistentLevel.StartScreen' with GeneratedClass '/Game/Scenes/StartScreen.StartScreen_C' with ClassGeneratedBy '/Game/Scenes/StartScreen.StartScreen:PersistentLevel.StartScreen'
[2018.12.29-14.45.39:679][787]LogGameMode: Display: Match State Changed from InProgress to LeavingMap
[2018.12.29-14.45.39:679][787]LogGameState: Match State Changed from InProgress to LeavingMap
[2018.12.29-14.45.39:679][787]LogNet: Browse: /Game/Scenes/CameraTestScene
[2018.12.29-14.45.39:680][787]LogLoad: LoadMap: /Game/Scenes/CameraTestScene
[2018.12.29-14.45.39:803][787]LogAIModule: Creating AISystem for world CameraTestScene
[2018.12.29-14.45.39:803][787]LogLoad: Game class is 'TestGameMode_C'
[2018.12.29-14.45.39:807][787]LogWorld: Bringing World /Game/Scenes/UEDPIE_0_CameraTestScene.CameraTestScene up for play (max tick rate 0) at 2018.12.29-14.45.39
[2018.12.29-14.45.39:808][787]LogWorld: Bringing up level for play took: 0.003796
[2018.12.29-14.45.39:808][787]LogGameMode: FindPlayerStart: PATHS NOT DEFINED or NO PLAYERSTART with positive rating
[2018.12.29-14.45.39:809][787]LogGameMode: Display: Match State Changed from EnteringMap to WaitingToStart
[2018.12.29-14.45.39:809][787]LogGameState: Match State Changed from EnteringMap to WaitingToStart
[2018.12.29-14.45.39:809][787]LogGameMode: Display: Match State Changed from WaitingToStart to InProgress
[2018.12.29-14.45.39:811][787]LogGameState: Match State Changed from WaitingToStart to InProgress
[2018.12.29-14.45.39:811][787]LogLoad: Took 0.130709 seconds to LoadMap(/Game/Scenes/CameraTestScene)
[2018.12.29-14.45.39:811][787]LogTemp: Warning: Angle: -2.378152
[2018.12.29-14.45.39:817][788]LogTemp: Warning: Angle: -2.377117
[2018.12.29-14.45.39:830][789]LogTemp: Warning: Angle: -2.360071
[2018.12.29-14.45.39:843][790]LogTemp: Warning: Angle: -2.358323
[2018.12.29-14.45.39:851][791]LogTemp: Warning: Angle: -2.356709
[2018.12.29-14.45.39:860][792]LogTemp: Warning: Angle: -2.355683
[2018.12.29-14.45.39:868][793]LogTemp: Warning: Angle: -2.354658
[2018.12.29-14.45.39:876][794]LogTemp: Warning: Angle: -2.353633
[2018.12.29-14.45.39:885][795]LogTemp: Warning: Angle: -2.352608
[2018.12.29-14.45.39:893][796]LogTemp: Warning: Angle: -2.351584
[2018.12.29-14.45.39:901][797]LogTemp: Warning: Angle: -2.350561
[2018.12.29-14.45.39:910][798]LogTemp: Warning: Angle: -2.349537
[2018.12.29-14.45.39:918][799]LogTemp: Warning: Angle: -2.348515
[2018.12.29-14.45.39:927][800]LogTemp: Warning: Angle: -2.347492
[2018.12.29-14.45.39:935][801]LogTemp: Warning: Angle: -2.346471
[2018.12.29-14.45.39:943][802]LogTemp: Warning: Angle: -2.345449
[2018.12.29-14.45.39:952][803]LogTemp: Warning: Angle: -2.344429
[2018.12.29-14.45.39:960][804]LogTemp: Warning: Angle: -2.343408
[2018.12.29-14.45.39:969][805]LogTemp: Warning: Angle: -2.342388
[2018.12.29-14.45.39:977][806]LogTemp: Warning: Angle: -2.341368
[2018.12.29-14.45.39:985][807]LogTemp: Warning: Angle: -2.340349
[2018.12.29-14.45.39:994][808]LogTemp: Warning: Angle: -2.339330
[2018.12.29-14.45.40:002][809]LogTemp: Warning: Angle: -2.338312
[2018.12.29-14.45.40:010][810]LogTemp: Warning: Angle: -2.337294
[2018.12.29-14.45.40:019][811]LogTemp: Warning: Angle: -2.336277
[2018.12.29-14.45.40:026][812]LogTemp: Warning: Angle: -2.335260
[2018.12.29-14.45.40:035][813]LogTemp: Warning: Angle: -2.334241
[2018.12.29-14.45.40:043][814]LogTemp: Warning: Angle: -2.333225
[2018.12.29-14.45.40:051][815]LogTemp: Warning: Angle: -2.332210
[2018.12.29-14.45.40:060][816]LogTemp: Warning: Angle: -2.331194
[2018.12.29-14.45.40:068][817]LogTemp: Warning: Angle: -2.330180
[2018.12.29-14.45.40:076][818]LogTemp: Warning: Angle: -2.329165
[2018.12.29-14.45.40:085][819]LogTemp: Warning: Angle: -2.328151
[2018.12.29-14.45.40:093][820]LogTemp: Warning: Angle: -2.327138
[2018.12.29-14.45.40:101][821]LogTemp: Warning: Angle: -2.326125
[2018.12.29-14.45.40:110][822]LogTemp: Warning: Angle: -2.325112
[2018.12.29-14.45.40:118][823]LogTemp: Warning: Angle: -2.324100
[2018.12.29-14.45.40:127][824]LogTemp: Warning: Angle: -2.323088
[2018.12.29-14.45.40:135][825]LogTemp: Warning: Angle: -2.322077
[2018.12.29-14.45.40:143][826]LogTemp: Warning: Angle: -2.321066
[2018.12.29-14.45.40:151][827]LogTemp: Warning: Angle: -2.320055
[2018.12.29-14.45.40:160][828]LogTemp: Warning: Angle: -2.319044
[2018.12.29-14.45.40:168][829]LogTemp: Warning: Angle: -2.318035
[2018.12.29-14.45.40:177][830]LogTemp: Warning: Angle: -2.317026
[2018.12.29-14.45.40:185][831]LogTemp: Warning: Angle: -2.316017
[2018.12.29-14.45.40:193][832]LogTemp: Warning: Angle: -2.315007
[2018.12.29-14.45.40:202][833]LogTemp: Warning: Angle: -2.313999
[2018.12.29-14.45.40:210][834]LogTemp: Warning: Angle: -2.312992
[2018.12.29-14.45.40:218][835]LogTemp: Warning: Angle: -2.311985
[2018.12.29-14.45.40:227][836]LogTemp: Warning: Angle: -2.310978
[2018.12.29-14.45.40:235][837]LogTemp: Warning: Angle: -2.309972
[2018.12.29-14.45.40:243][838]LogTemp: Warning: Angle: -2.308967
[2018.12.29-14.45.40:252][839]LogTemp: Warning: Angle: -2.307961
[2018.12.29-14.45.40:261][840]LogTemp: Warning: Angle: -2.306956
[2018.12.29-14.45.40:269][841]LogTemp: Warning: Angle: -2.305952
[2018.12.29-14.45.40:277][842]LogTemp: Warning: Angle: -2.304948
[2018.12.29-14.45.40:285][843]LogTemp: Warning: Angle: -2.303945
[2018.12.29-14.45.40:294][844]LogTemp: Warning: Angle: -2.302941
[2018.12.29-14.45.40:302][845]LogTemp: Warning: Angle: -2.301939
[2018.12.29-14.45.40:310][846]LogTemp: Warning: Angle: -2.300936
[2018.12.29-14.45.40:319][847]LogTemp: Warning: Angle: -2.299934
[2018.12.29-14.45.40:327][848]LogTemp: Warning: Angle: -2.298933
[2018.12.29-14.45.40:335][849]LogTemp: Warning: Angle: -2.297932
[2018.12.29-14.45.40:345][850]LogTemp: Warning: Angle: -2.296931
[2018.12.29-14.45.40:352][851]LogTemp: Warning: Angle: -2.295931
[2018.12.29-14.45.40:361][852]LogTemp: Warning: Angle: -2.294931
[2018.12.29-14.45.40:369][853]LogTemp: Warning: Angle: -2.293932
[2018.12.29-14.45.40:377][854]LogTemp: Warning: Angle: -2.292933
[2018.12.29-14.45.40:386][855]LogTemp: Warning: Angle: -2.291935
[2018.12.29-14.45.40:394][856]LogTemp: Warning: Angle: -2.290937
[2018.12.29-14.45.40:401][857]LogTemp: Warning: Angle: -2.289939
[2018.12.29-14.45.40:410][858]LogTemp: Warning: Angle: -2.288942
[2018.12.29-14.45.40:418][859]LogTemp: Warning: Angle: -2.287945
[2018.12.29-14.45.40:426][860]LogTemp: Warning: Angle: -2.286949
[2018.12.29-14.45.40:435][861]LogTemp: Warning: Angle: -2.285953
[2018.12.29-14.45.40:443][862]LogTemp: Warning: Angle: -2.284958
[2018.12.29-14.45.40:451][863]LogTemp: Warning: Angle: -2.283963
[2018.12.29-14.45.40:460][864]LogTemp: Warning: Angle: -2.282968
[2018.12.29-14.45.40:469][865]LogTemp: Warning: Angle: -2.281975
[2018.12.29-14.45.40:476][866]LogTemp: Warning: Angle: -2.280981
[2018.12.29-14.45.40:485][867]LogTemp: Warning: Angle: -2.279987
[2018.12.29-14.45.40:493][868]LogTemp: Warning: Angle: -2.278995
[2018.12.29-14.45.40:502][869]LogTemp: Warning: Angle: -2.278002
[2018.12.29-14.45.40:510][870]LogTemp: Warning: Angle: -2.277010
[2018.12.29-14.45.40:518][871]LogTemp: Warning: Angle: -2.276019
[2018.12.29-14.45.40:527][872]LogTemp: Warning: Angle: -2.275028
[2018.12.29-14.45.40:535][873]LogTemp: Warning: Angle: -2.274037
[2018.12.29-14.45.40:544][874]LogTemp: Warning: Angle: -2.273047
[2018.12.29-14.45.40:552][875]LogTemp: Warning: Angle: -2.272058
[2018.12.29-14.45.40:560][876]LogTemp: Warning: Angle: -2.271068
[2018.12.29-14.45.40:568][877]LogTemp: Warning: Angle: -2.270079
[2018.12.29-14.45.40:576][878]LogTemp: Warning: Angle: -2.269090
[2018.12.29-14.45.40:585][879]LogTemp: Warning: Angle: -2.268102
[2018.12.29-14.45.40:593][880]LogTemp: Warning: Angle: -2.267115
[2018.12.29-14.45.40:601][881]LogTemp: Warning: Angle: -2.266128
[2018.12.29-14.45.40:610][882]LogTemp: Warning: Angle: -2.265141
[2018.12.29-14.45.40:618][883]LogTemp: Warning: Angle: -2.264154
[2018.12.29-14.45.40:627][884]LogTemp: Warning: Angle: -2.263168
[2018.12.29-14.45.40:635][885]LogTemp: Warning: Angle: -2.262183
[2018.12.29-14.45.40:643][886]LogTemp: Warning: Angle: -2.261198
[2018.12.29-14.45.40:651][887]LogTemp: Warning: Angle: -2.260213
[2018.12.29-14.45.40:660][888]LogTemp: Warning: Angle: -2.259229
[2018.12.29-14.45.40:668][889]LogTemp: Warning: Angle: -2.258245
[2018.12.29-14.45.40:677][890]LogTemp: Warning: Angle: -2.257262
[2018.12.29-14.45.40:685][891]LogTemp: Warning: Angle: -2.256279
[2018.12.29-14.45.40:693][892]LogTemp: Warning: Angle: -2.255296
[2018.12.29-14.45.40:702][893]LogTemp: Warning: Angle: -2.254314
[2018.12.29-14.45.40:710][894]LogTemp: Warning: Angle: -2.253332
[2018.12.29-14.45.40:718][895]LogTemp: Warning: Angle: -2.252351
[2018.12.29-14.45.40:727][896]LogTemp: Warning: Angle: -2.251370
[2018.12.29-14.45.40:735][897]LogTemp: Warning: Angle: -2.250389
[2018.12.29-14.45.40:743][898]LogTemp: Warning: Angle: -2.249409
[2018.12.29-14.45.40:752][899]LogTemp: Warning: Angle: -2.248430
[2018.12.29-14.45.40:760][900]LogTemp: Warning: Angle: -2.247450
[2018.12.29-14.45.40:769][901]LogTemp: Warning: Angle: -2.246470
[2018.12.29-14.45.40:777][902]LogTemp: Warning: Angle: -2.245492
[2018.12.29-14.45.40:785][903]LogTemp: Warning: Angle: -2.244514
[2018.12.29-14.45.40:794][904]LogTemp: Warning: Angle: -2.243536
[2018.12.29-14.45.40:802][905]LogTemp: Warning: Angle: -2.242559
[2018.12.29-14.45.40:810][906]LogTemp: Warning: Angle: -2.241583
[2018.12.29-14.45.40:819][907]LogTemp: Warning: Angle: -2.240606
[2018.12.29-14.45.40:827][908]LogTemp: Warning: Angle: -2.239630
[2018.12.29-14.45.40:835][909]LogTemp: Warning: Angle: -2.238655
[2018.12.29-14.45.40:844][910]LogTemp: Warning: Angle: -2.237680
[2018.12.29-14.45.40:852][911]LogTemp: Warning: Angle: -2.236705
[2018.12.29-14.45.40:861][912]LogTemp: Warning: Angle: -2.235731
[2018.12.29-14.45.40:869][913]LogTemp: Warning: Angle: -2.234757
[2018.12.29-14.45.40:878][914]LogTemp: Warning: Angle: -2.233784
[2018.12.29-14.45.40:886][915]LogTemp: Warning: Angle: -2.232810
[2018.12.29-14.45.40:894][916]LogTemp: Warning: Angle: -2.231838
[2018.12.29-14.45.40:903][917]LogTemp: Warning: Angle: -2.230865
[2018.12.29-14.45.40:910][918]LogTemp: Warning: Angle: -2.229892
[2018.12.29-14.45.40:919][919]LogTemp: Warning: Angle: -2.228921
[2018.12.29-14.45.40:927][920]LogTemp: Warning: Angle: -2.227951
[2018.12.29-14.45.40:935][921]LogTemp: Warning: Angle: -2.226980
[2018.12.29-14.45.40:943][922]LogTemp: Warning: Angle: -2.226010
[2018.12.29-14.45.40:952][923]LogTemp: Warning: Angle: -2.225040
[2018.12.29-14.45.40:960][924]LogTemp: Warning: Angle: -2.224071
[2018.12.29-14.45.40:968][925]LogTemp: Warning: Angle: -2.223103
[2018.12.29-14.45.40:977][926]LogTemp: Warning: Angle: -2.222134
[2018.12.29-14.45.40:985][927]LogTemp: Warning: Angle: -2.221166
[2018.12.29-14.45.40:993][928]LogTemp: Warning: Angle: -2.220199
[2018.12.29-14.45.41:002][929]LogTemp: Warning: Angle: -2.219232
[2018.12.29-14.45.41:010][930]LogTemp: Warning: Angle: -2.218265
[2018.12.29-14.45.41:018][931]LogTemp: Warning: Angle: -2.217299
[2018.12.29-14.45.41:027][932]LogTemp: Warning: Angle: -2.216332
[2018.12.29-14.45.41:035][933]LogTemp: Warning: Angle: -2.215365
[2018.12.29-14.45.41:043][934]LogTemp: Warning: Angle: -2.214400
[2018.12.29-14.45.41:052][935]LogTemp: Warning: Angle: -2.213436
[2018.12.29-14.45.41:060][936]LogTemp: Warning: Angle: -2.212471
[2018.12.29-14.45.41:068][937]LogTemp: Warning: Angle: -2.211508
[2018.12.29-14.45.41:077][938]LogTemp: Warning: Angle: -2.210544
[2018.12.29-14.45.41:085][939]LogTemp: Warning: Angle: -2.209581
[2018.12.29-14.45.41:093][940]LogTemp: Warning: Angle: -2.208619
[2018.12.29-14.45.41:102][941]LogTemp: Warning: Angle: -2.207657
[2018.12.29-14.45.41:110][942]LogTemp: Warning: Angle: -2.206695
[2018.12.29-14.45.41:118][943]LogTemp: Warning: Angle: -2.205733
[2018.12.29-14.45.41:127][944]LogTemp: Warning: Angle: -2.204772
[2018.12.29-14.45.41:135][945]LogTemp: Warning: Angle: -2.203812
[2018.12.29-14.45.41:144][946]LogTemp: Warning: Angle: -2.202852
[2018.12.29-14.45.41:152][947]LogTemp: Warning: Angle: -2.201892
[2018.12.29-14.45.41:160][948]LogTemp: Warning: Angle: -2.200933
[2018.12.29-14.45.41:169][949]LogTemp: Warning: Angle: -2.199974
[2018.12.29-14.45.41:177][950]LogTemp: Warning: Angle: -2.199016
[2018.12.29-14.45.41:185][951]LogTemp: Warning: Angle: -2.198058
[2018.12.29-14.45.41:194][952]LogTemp: Warning: Angle: -2.197100
[2018.12.29-14.45.41:202][953]LogTemp: Warning: Angle: -2.196143
[2018.12.29-14.45.41:211][954]LogTemp: Warning: Angle: -2.195186
[2018.12.29-14.45.41:219][955]LogTemp: Warning: Angle: -2.194230
[2018.12.29-14.45.41:227][956]LogTemp: Warning: Angle: -2.193274
[2018.12.29-14.45.41:235][957]LogTemp: Warning: Angle: -2.192319
[2018.12.29-14.45.41:244][958]LogTemp: Warning: Angle: -2.191364
[2018.12.29-14.45.41:252][959]LogTemp: Warning: Angle: -2.190409
[2018.12.29-14.45.41:261][960]LogTemp: Warning: Angle: -2.189455
[2018.12.29-14.45.41:269][961]LogTemp: Warning: Angle: -2.188501
[2018.12.29-14.45.41:277][962]LogTemp: Warning: Angle: -2.187548
[2018.12.29-14.45.41:285][963]LogTemp: Warning: Angle: -2.186594
[2018.12.29-14.45.41:294][964]LogTemp: Warning: Angle: -2.185642
[2018.12.29-14.45.41:301][965]LogTemp: Warning: Angle: -2.184690
[2018.12.29-14.45.41:310][966]LogTemp: Warning: Angle: -2.183738
[2018.12.29-14.45.41:318][967]LogTemp: Warning: Angle: -2.182786
[2018.12.29-14.45.41:327][968]LogTemp: Warning: Angle: -2.181835
[2018.12.29-14.45.41:335][969]LogTemp: Warning: Angle: -2.180885
[2018.12.29-14.45.41:343][970]LogTemp: Warning: Angle: -2.179935
[2018.12.29-14.45.41:351][971]LogTemp: Warning: Angle: -2.178985
[2018.12.29-14.45.41:360][972]LogTemp: Warning: Angle: -2.178035
[2018.12.29-14.45.41:368][973]LogTemp: Warning: Angle: -2.177087
[2018.12.29-14.45.41:377][974]LogTemp: Warning: Angle: -2.176138
[2018.12.29-14.45.41:385][975]LogTemp: Warning: Angle: -2.175188
[2018.12.29-14.45.41:393][976]LogTemp: Warning: Angle: -2.174240
[2018.12.29-14.45.41:402][977]LogTemp: Warning: Angle: -2.173292
[2018.12.29-14.45.41:410][978]LogTemp: Warning: Angle: -2.172345
[2018.12.29-14.45.41:419][979]LogTemp: Warning: Angle: -2.171399
[2018.12.29-14.45.41:427][980]LogTemp: Warning: Angle: -2.170453
[2018.12.29-14.45.41:435][981]LogTemp: Warning: Angle: -2.169507
[2018.12.29-14.45.41:443][982]LogTemp: Warning: Angle: -2.168562
[2018.12.29-14.45.41:452][983]LogTemp: Warning: Angle: -2.167617
[2018.12.29-14.45.41:460][984]LogTemp: Warning: Angle: -2.166673
[2018.12.29-14.45.41:469][985]LogTemp: Warning: Angle: -2.165729
[2018.12.29-14.45.41:477][986]LogTemp: Warning: Angle: -2.164785
[2018.12.29-14.45.41:485][987]LogTemp: Warning: Angle: -2.163842
[2018.12.29-14.45.41:494][988]LogTemp: Warning: Angle: -2.162899
[2018.12.29-14.45.41:502][989]LogTemp: Warning: Angle: -2.161957
[2018.12.29-14.45.41:510][990]LogTemp: Warning: Angle: -2.161014
[2018.12.29-14.45.41:519][991]LogTemp: Warning: Angle: -2.160073
[2018.12.29-14.45.42:852][151]LogTemp: Warning: Angle: -2.159132
[2018.12.29-14.45.42:861][152]LogTemp: Warning: Angle: -2.158191
[2018.12.29-14.45.42:869][153]LogTemp: Warning: Angle: -2.157251
[2018.12.29-14.45.42:877][154]LogTemp: Warning: Angle: -2.156311
[2018.12.29-14.45.42:886][155]LogTemp: Warning: Angle: -2.155371
[2018.12.29-14.45.42:894][156]LogTemp: Warning: Angle: -2.154432
[2018.12.29-14.45.42:902][157]LogTemp: Warning: Angle: -2.153493
[2018.12.29-14.45.42:911][158]LogTemp: Warning: Angle: -2.152555
[2018.12.29-14.45.42:919][159]LogTemp: Warning: Angle: -2.151617
[2018.12.29-14.45.42:927][160]LogTemp: Warning: Angle: -2.150680
[2018.12.29-14.45.42:935][161]LogTemp: Warning: Angle: -2.149742
[2018.12.29-14.45.42:944][162]LogTemp: Warning: Angle: -2.148805
[2018.12.29-14.45.42:952][163]LogTemp: Warning: Angle: -2.147869
[2018.12.29-14.45.42:960][164]LogTemp: Warning: Angle: -2.146933
[2018.12.29-14.45.42:969][165]LogTemp: Warning: Angle: -2.145998
[2018.12.29-14.45.42:977][166]LogTemp: Warning: Angle: -2.145063
[2018.12.29-14.45.42:985][167]LogTemp: Warning: Angle: -2.144128
[2018.12.29-14.45.42:994][168]LogTemp: Warning: Angle: -2.143194
[2018.12.29-14.45.43:002][169]LogTemp: Warning: Angle: -2.142260
[2018.12.29-14.45.43:010][170]LogTemp: Warning: Angle: -2.141326
[2018.12.29-14.45.43:019][171]LogTemp: Warning: Angle: -2.140393
[2018.12.29-14.45.43:027][172]LogTemp: Warning: Angle: -2.139461
[2018.12.29-14.45.43:035][173]LogTemp: Warning: Angle: -2.138529
[2018.12.29-14.45.43:044][174]LogTemp: Warning: Angle: -2.137597
[2018.12.29-14.45.43:052][175]LogTemp: Warning: Angle: -2.136665
[2018.12.29-14.45.43:061][176]LogTemp: Warning: Angle: -2.135733
[2018.12.29-14.45.43:069][177]LogTemp: Warning: Angle: -2.134803
[2018.12.29-14.45.43:077][178]LogTemp: Warning: Angle: -2.133873
[2018.12.29-14.45.43:086][179]LogTemp: Warning: Angle: -2.132943
[2018.12.29-14.45.43:094][180]LogTemp: Warning: Angle: -2.132013
[2018.12.29-14.45.43:102][181]LogTemp: Warning: Angle: -2.131084
[2018.12.29-14.45.43:111][182]LogTemp: Warning: Angle: -2.130156
[2018.12.29-14.45.43:119][183]LogTemp: Warning: Angle: -2.129228
[2018.12.29-14.45.43:128][184]LogTemp: Warning: Angle: -2.128300
[2018.12.29-14.45.43:136][185]LogTemp: Warning: Angle: -2.127372
[2018.12.29-14.45.43:144][186]LogTemp: Warning: Angle: -2.126446
[2018.12.29-14.45.43:152][187]LogTemp: Warning: Angle: -2.125519
[2018.12.29-14.45.43:160][188]LogTemp: Warning: Angle: -2.124593
[2018.12.29-14.45.43:168][189]LogTemp: Warning: Angle: -2.123667
[2018.12.29-14.45.43:177][190]LogTemp: Warning: Angle: -2.122740
[2018.12.29-14.45.43:186][191]LogTemp: Warning: Angle: -2.121815
[2018.12.29-14.45.43:193][192]LogTemp: Warning: Angle: -2.120890
[2018.12.29-14.45.43:202][193]LogTemp: Warning: Angle: -2.119966
[2018.12.29-14.45.43:210][194]LogTemp: Warning: Angle: -2.119042
[2018.12.29-14.45.43:219][195]LogTemp: Warning: Angle: -2.118119
[2018.12.29-14.45.43:228][196]LogTemp: Warning: Angle: -2.117196
[2018.12.29-14.45.43:236][197]LogTemp: Warning: Angle: -2.116273
[2018.12.29-14.45.43:244][198]LogTemp: Warning: Angle: -2.115351
[2018.12.29-14.45.43:252][199]LogTemp: Warning: Angle: -2.114429
[2018.12.29-14.45.43:260][200]LogTemp: Warning: Angle: -2.113508
[2018.12.29-14.45.43:268][201]LogTemp: Warning: Angle: -2.112587
[2018.12.29-14.45.43:277][202]LogTemp: Warning: Angle: -2.111666
[2018.12.29-14.45.43:286][203]LogTemp: Warning: Angle: -2.110746
[2018.12.29-14.45.43:293][204]LogTemp: Warning: Angle: -2.109827
[2018.12.29-14.45.43:302][205]LogTemp: Warning: Angle: -2.108907
[2018.12.29-14.45.43:310][206]LogTemp: Warning: Angle: -2.107988
[2018.12.29-14.45.43:319][207]LogTemp: Warning: Angle: -2.107070
[2018.12.29-14.45.43:327][208]LogTemp: Warning: Angle: -2.106152
[2018.12.29-14.45.43:336][209]LogTemp: Warning: Angle: -2.105234
[2018.12.29-14.45.43:344][210]LogTemp: Warning: Angle: -2.104316
[2018.12.29-14.45.43:352][211]LogTemp: Warning: Angle: -2.103400
[2018.12.29-14.45.43:361][212]LogTemp: Warning: Angle: -2.102483
[2018.12.29-14.45.43:369][213]LogTemp: Warning: Angle: -2.101567
[2018.12.29-14.45.43:378][214]LogTemp: Warning: Angle: -2.100651
[2018.12.29-14.45.43:386][215]LogTemp: Warning: Angle: -2.099735
[2018.12.29-14.45.43:394][216]LogTemp: Warning: Angle: -2.098820
[2018.12.29-14.45.43:402][217]LogTemp: Warning: Angle: -2.097906
[2018.12.29-14.45.43:411][218]LogTemp: Warning: Angle: -2.096992
[2018.12.29-14.45.43:419][219]LogTemp: Warning: Angle: -2.096078
[2018.12.29-14.45.43:427][220]LogTemp: Warning: Angle: -2.095164
[2018.12.29-14.45.43:436][221]LogTemp: Warning: Angle: -2.094251
[2018.12.29-14.45.43:444][222]LogTemp: Warning: Angle: -2.093338
[2018.12.29-14.45.43:453][223]LogTemp: Warning: Angle: -2.092427
[2018.12.29-14.45.43:461][224]LogTemp: Warning: Angle: -2.091515
[2018.12.29-14.45.43:469][225]LogTemp: Warning: Angle: -2.090603
[2018.12.29-14.45.43:478][226]LogTemp: Warning: Angle: -2.089692
[2018.12.29-14.45.43:486][227]LogTemp: Warning: Angle: -2.088782
[2018.12.29-14.45.43:493][228]LogTemp: Warning: Angle: -2.087872
[2018.12.29-14.45.43:501][229]LogTemp: Warning: Angle: -2.086962
[2018.12.29-14.45.43:510][230]LogTemp: Warning: Angle: -2.086052
[2018.12.29-14.45.43:519][231]LogTemp: Warning: Angle: -2.085144
[2018.12.29-14.45.43:527][232]LogTemp: Warning: Angle: -2.084235
[2018.12.29-14.45.43:535][233]LogTemp: Warning: Angle: -2.083327
[2018.12.29-14.45.43:545][234]LogTemp: Warning: Angle: -2.082419
[2018.12.29-14.45.43:552][235]LogTemp: Warning: Angle: -2.081512
[2018.12.29-14.45.43:560][236]LogTemp: Warning: Angle: -2.080605
[2018.12.29-14.45.43:569][237]LogTemp: Warning: Angle: -2.079698
[2018.12.29-14.45.43:578][238]LogTemp: Warning: Angle: -2.078792
[2018.12.29-14.45.43:586][239]LogTemp: Warning: Angle: -2.077886
[2018.12.29-14.45.43:594][240]LogTemp: Warning: Angle: -2.076981
[2018.12.29-14.45.43:602][241]LogTemp: Warning: Angle: -2.076075
[2018.12.29-14.45.43:611][242]LogTemp: Warning: Angle: -2.075170
[2018.12.29-14.45.43:619][243]LogTemp: Warning: Angle: -2.074266
[2018.12.29-14.45.43:627][244]LogTemp: Warning: Angle: -2.073362
[2018.12.29-14.45.43:637][245]LogTemp: Warning: Angle: -2.072459
[2018.12.29-14.45.43:644][246]LogTemp: Warning: Angle: -2.071555
[2018.12.29-14.45.43:653][247]LogTemp: Warning: Angle: -2.070653
[2018.12.29-14.45.43:660][248]LogTemp: Warning: Angle: -2.069751
[2018.12.29-14.45.43:670][249]LogTemp: Warning: Angle: -2.068849
[2018.12.29-14.45.43:677][250]LogTemp: Warning: Angle: -2.067947
[2018.12.29-14.45.43:685][251]LogTemp: Warning: Angle: -2.067047
[2018.12.29-14.45.43:694][252]LogTemp: Warning: Angle: -2.066146
[2018.12.29-14.45.43:702][253]LogTemp: Warning: Angle: -2.065245
[2018.12.29-14.45.43:710][254]LogTemp: Warning: Angle: -2.064346
[2018.12.29-14.45.43:719][255]LogTemp: Warning: Angle: -2.063446
[2018.12.29-14.45.43:727][256]LogTemp: Warning: Angle: -2.062547
[2018.12.29-14.45.43:736][257]LogTemp: Warning: Angle: -2.061648
[2018.12.29-14.45.43:744][258]LogTemp: Warning: Angle: -2.060750
[2018.12.29-14.45.43:752][259]LogTemp: Warning: Angle: -2.059853
[2018.12.29-14.45.43:761][260]LogTemp: Warning: Angle: -2.058955
[2018.12.29-14.45.43:769][261]LogTemp: Warning: Angle: -2.058058
[2018.12.29-14.45.43:778][262]LogTemp: Warning: Angle: -2.057161
[2018.12.29-14.45.43:786][263]LogTemp: Warning: Angle: -2.056265
[2018.12.29-14.45.43:795][264]LogTemp: Warning: Angle: -2.055369
[2018.12.29-14.45.43:802][265]LogTemp: Warning: Angle: -2.054474
[2018.12.29-14.45.43:811][266]LogTemp: Warning: Angle: -2.053579
[2018.12.29-14.45.43:819][267]LogTemp: Warning: Angle: -2.052684
[2018.12.29-14.45.43:828][268]LogTemp: Warning: Angle: -2.051790
[2018.12.29-14.45.43:835][269]LogTemp: Warning: Angle: -2.050896
[2018.12.29-14.45.43:843][270]LogTemp: Warning: Angle: -2.050002
[2018.12.29-14.45.43:852][271]LogTemp: Warning: Angle: -2.049109
[2018.12.29-14.45.43:860][272]LogTemp: Warning: Angle: -2.048216
[2018.12.29-14.45.43:868][273]LogTemp: Warning: Angle: -2.047324
[2018.12.29-14.45.43:877][274]LogTemp: Warning: Angle: -2.046432
[2018.12.29-14.45.43:885][275]LogTemp: Warning: Angle: -2.045540
[2018.12.29-14.45.43:894][276]LogTemp: Warning: Angle: -2.044649
[2018.12.29-14.45.43:902][277]LogTemp: Warning: Angle: -2.043758
[2018.12.29-14.45.43:910][278]LogTemp: Warning: Angle: -2.042868
[2018.12.29-14.45.43:918][279]LogTemp: Warning: Angle: -2.041978
[2018.12.29-14.45.43:927][280]LogTemp: Warning: Angle: -2.041088
[2018.12.29-14.45.43:935][281]LogTemp: Warning: Angle: -2.040199
[2018.12.29-14.45.43:943][282]LogTemp: Warning: Angle: -2.039310
[2018.12.29-14.45.43:952][283]LogTemp: Warning: Angle: -2.038422
[2018.12.29-14.45.43:960][284]LogTemp: Warning: Angle: -2.037534
[2018.12.29-14.45.43:969][285]LogTemp: Warning: Angle: -2.036646
[2018.12.29-14.45.43:977][286]LogTemp: Warning: Angle: -2.035759
[2018.12.29-14.45.43:985][287]LogTemp: Warning: Angle: -2.034872
[2018.12.29-14.45.43:994][288]LogTemp: Warning: Angle: -2.033985
[2018.12.29-14.45.44:002][289]LogTemp: Warning: Angle: -2.033099
[2018.12.29-14.45.44:010][290]LogTemp: Warning: Angle: -2.032213
[2018.12.29-14.45.44:019][291]LogTemp: Warning: Angle: -2.031328
[2018.12.29-14.45.44:027][292]LogTemp: Warning: Angle: -2.030443
[2018.12.29-14.45.44:035][293]LogTemp: Warning: Angle: -2.029558
[2018.12.29-14.45.44:044][294]LogTemp: Warning: Angle: -2.028674
[2018.12.29-14.45.44:052][295]LogTemp: Warning: Angle: -2.027790
[2018.12.29-14.45.44:061][296]LogTemp: Warning: Angle: -2.026907
[2018.12.29-14.45.44:069][297]LogTemp: Warning: Angle: -2.026024
[2018.12.29-14.45.44:077][298]LogTemp: Warning: Angle: -2.025141
[2018.12.29-14.45.44:085][299]LogTemp: Warning: Angle: -2.024259
[2018.12.29-14.45.44:094][300]LogTemp: Warning: Angle: -2.023377
[2018.12.29-14.45.44:102][301]LogTemp: Warning: Angle: -2.022496
[2018.12.29-14.45.44:111][302]LogTemp: Warning: Angle: -2.021615
[2018.12.29-14.45.44:118][303]LogTemp: Warning: Angle: -2.020734
[2018.12.29-14.45.44:127][304]LogTemp: Warning: Angle: -2.019854
[2018.12.29-14.45.44:135][305]LogTemp: Warning: Angle: -2.018974
[2018.12.29-14.45.44:144][306]LogTemp: Warning: Angle: -2.018094
[2018.12.29-14.45.44:152][307]LogTemp: Warning: Angle: -2.017215
[2018.12.29-14.45.44:160][308]LogTemp: Warning: Angle: -2.016337
[2018.12.29-14.45.44:169][309]LogTemp: Warning: Angle: -2.015458
[2018.12.29-14.45.44:177][310]LogTemp: Warning: Angle: -2.014580
[2018.12.29-14.45.44:185][311]LogTemp: Warning: Angle: -2.013702
[2018.12.29-14.45.44:194][312]LogTemp: Warning: Angle: -2.012825
[2018.12.29-14.45.44:202][313]LogTemp: Warning: Angle: -2.011949
[2018.12.29-14.45.44:210][314]LogTemp: Warning: Angle: -2.011072
[2018.12.29-14.45.44:219][315]LogTemp: Warning: Angle: -2.010196
[2018.12.29-14.45.44:227][316]LogTemp: Warning: Angle: -2.009321
[2018.12.29-14.45.44:235][317]LogTemp: Warning: Angle: -2.008445
[2018.12.29-14.45.44:244][318]LogTemp: Warning: Angle: -2.007571
[2018.12.29-14.45.44:252][319]LogTemp: Warning: Angle: -2.006696
[2018.12.29-14.45.44:261][320]LogTemp: Warning: Angle: -2.005822
[2018.12.29-14.45.44:269][321]LogTemp: Warning: Angle: -2.004948
[2018.12.29-14.45.44:278][322]LogTemp: Warning: Angle: -2.004075
[2018.12.29-14.45.44:286][323]LogTemp: Warning: Angle: -2.003202
[2018.12.29-14.45.44:294][324]LogTemp: Warning: Angle: -2.002329
[2018.12.29-14.45.44:302][325]LogTemp: Warning: Angle: -2.001457
[2018.12.29-14.45.44:311][326]LogTemp: Warning: Angle: -2.000585
[2018.12.29-14.45.44:319][327]LogTemp: Warning: Angle: -1.999714
[2018.12.29-14.45.44:327][328]LogTemp: Warning: Angle: -1.998843
[2018.12.29-14.45.44:336][329]LogTemp: Warning: Angle: -1.997972
[2018.12.29-14.45.44:344][330]LogTemp: Warning: Angle: -1.997102
[2018.12.29-14.45.44:352][331]LogTemp: Warning: Angle: -1.996232
[2018.12.29-14.45.44:361][332]LogTemp: Warning: Angle: -1.995363
[2018.12.29-14.45.44:369][333]LogTemp: Warning: Angle: -1.994494
[2018.12.29-14.45.44:379][334]LogTemp: Warning: Angle: -1.993625
[2018.12.29-14.45.44:386][335]LogTemp: Warning: Angle: -1.992757
[2018.12.29-14.45.44:394][336]LogTemp: Warning: Angle: -1.991889
[2018.12.29-14.45.44:394][336]LogBlueprintUserMessages: Early EndPlayMap Detection: Level '/Game/Scenes/StartScreen.StartScreen:PersistentLevel' has LevelScriptBlueprint '/Game/Scenes/StartScreen.StartScreen:PersistentLevel.StartScreen' with GeneratedClass '/Game/Scenes/StartScreen.StartScreen_C' with ClassGeneratedBy '/Game/Scenes/StartScreen.StartScreen:PersistentLevel.StartScreen'
[2018.12.29-14.45.44:395][336]LogSlate: Updating window title bar state: overlay mode, drag disabled, window buttons hidden, title bar hidden
[2018.12.29-14.45.44:413][336]LogSlate: Window 'PairProject Game Preview Standalone (64-bit/PCD3D_SM5)' being destroyed
[2018.12.29-14.45.44:451][336]LogPlayLevel: Display: Shutting down PIE online subsystems
[2018.12.29-14.45.44:451][336]LogBlueprintUserMessages: Late EndPlayMap Detection: Level '/Game/Scenes/StartScreen.StartScreen:PersistentLevel' has LevelScriptBlueprint '/Game/Scenes/StartScreen.StartScreen:PersistentLevel.StartScreen' with GeneratedClass '/Game/Scenes/StartScreen.StartScreen_C' with ClassGeneratedBy '/Game/Scenes/StartScreen.StartScreen:PersistentLevel.StartScreen'
[2018.12.29-14.45.44:493][338]LogPlayLevel: Display: Destroying online subsystem :Context_7
[2018.12.29-14.49.23:737][646]LogSlate: Took 0.008413 seconds to synchronously load lazily loaded font '../../../Engine/Content/Slate/Fonts/Roboto-BoldCondensedItalic.ttf' (160K)
[2018.12.29-14.52.01:748][253]BlueprintLog: New page: Compile Pause_Menu
[2018.12.29-14.52.02:280][307]Cmd: OBJ SAVEPACKAGE PACKAGE="/Game/UIs/Pause_Menu" FILE="../../../../../Users/h017026h/Documents/GitKraken/TGPPairProject/PairProject/Content/UIs/Pause_Menu.uasset" SILENT=true
[2018.12.29-14.52.02:313][307]LogSavePackage: Moving '../../../../../Users/h017026h/Documents/GitKraken/TGPPairProject/PairProject/Saved/Pause_Menu2F20B31E41235C0C0D6EC186E886F933.tmp' to '../../../../../Users/h017026h/Documents/GitKraken/TGPPairProject/PairProject/Content/UIs/Pause_Menu.uasset'
[2018.12.29-14.52.43:005][748]LogSlate: Window 'Color Picker' being destroyed
[2018.12.29-14.52.46:068][108]LogFileHelpers: Editor autosave (incl. sublevels) for '/Game/Scenes/StartScreen' took 0.028
[2018.12.29-14.52.46:072][108]OBJ SavePackage: Generating thumbnails for [0] asset(s) in package [/Game/UIs/Pause_Menu] ([1] browsable assets)...
[2018.12.29-14.52.46:072][108]OBJ SavePackage: Finished generating thumbnails for package [/Game/UIs/Pause_Menu]
[2018.12.29-14.52.46:102][108]LogSavePackage: Moving '../../../../../Users/h017026h/Documents/GitKraken/TGPPairProject/PairProject/Saved/Pause_Menu_Auto12A8D05E040E1CA3F1C0836A902979DED.tmp' to '../../../../../Users/h017026h/Documents/GitKraken/TGPPairProject/PairProject/Saved/Autosaves/Game/UIs/Pause_Menu_Auto1.uasset'
[2018.12.29-14.52.46:103][108]LogFileHelpers: Auto-saving content packages took 0.032
[2018.12.29-14.52.49:455][132]LogSlate: Window 'Color Picker' being destroyed
[2018.12.29-14.52.57:986][530]LogSlate: Window 'Color Picker' being destroyed
[2018.12.29-14.53.40:334][378]LogSlate: Window 'Color Picker' being destroyed
[2018.12.29-14.53.43:384][744]BlueprintLog: New page: Compile Pause_Menu
[2018.12.29-14.53.43:987][806]Cmd: OBJ SAVEPACKAGE PACKAGE="/Game/UIs/Pause_Menu" FILE="../../../../../Users/h017026h/Documents/GitKraken/TGPPairProject/PairProject/Content/UIs/Pause_Menu.uasset" SILENT=true
[2018.12.29-14.53.44:015][806]LogSavePackage: Moving '../../../../../Users/h017026h/Documents/GitKraken/TGPPairProject/PairProject/Saved/Pause_Menu360C9F174450EFA2C41EF98EC7E33649.tmp' to '../../../../../Users/h017026h/Documents/GitKraken/TGPPairProject/PairProject/Content/UIs/Pause_Menu.uasset'
[2018.12.29-14.54.37:193][316]LogSlate: Window 'Color Picker' being destroyed
[2018.12.29-14.55.04:401][153]BlueprintLog: New page: Compile Pause_Menu
[2018.12.29-14.55.04:418][153]LogBlueprint: Error: [Compiler Pause_Menu] This blueprint (self) is not a Button, therefore ' Target ' must have a connection.
[2018.12.29-14.55.04:419][153]LogBlueprint: Error: [Compiler Pause_Menu] This blueprint (self) is not a Button, therefore ' Target ' must have a connection.
[2018.12.29-14.55.04:466][153]LogBlueprint: Warning: [Compiler Pause_Menu] [0787.75] Compile of Pause_Menu failed. 2 Fatal Issue(s) 0 Warning(s) [in 64 ms] (/Game/UIs/Pause_Menu.Pause_Menu)
[2018.12.29-14.55.05:028][217]Cmd: OBJ SAVEPACKAGE PACKAGE="/Game/UIs/Pause_Menu" FILE="../../../../../Users/h017026h/Documents/GitKraken/TGPPairProject/PairProject/Content/UIs/Pause_Menu.uasset" SILENT=true
[2018.12.29-14.55.05:059][217]LogSavePackage: Moving '../../../../../Users/h017026h/Documents/GitKraken/TGPPairProject/PairProject/Saved/Pause_MenuB059891C4295854F2DA3E484D288C5BA.tmp' to '../../../../../Users/h017026h/Documents/GitKraken/TGPPairProject/PairProject/Content/UIs/Pause_Menu.uasset'
[2018.12.29-14.55.13:138][ 68]BlueprintLog: New page: Compile Pause_Menu
[2018.12.29-14.55.13:593][112]Cmd: OBJ SAVEPACKAGE PACKAGE="/Game/UIs/Pause_Menu" FILE="../../../../../Users/h017026h/Documents/GitKraken/TGPPairProject/PairProject/Content/UIs/Pause_Menu.uasset" SILENT=true
[2018.12.29-14.55.13:621][112]LogSavePackage: Moving '../../../../../Users/h017026h/Documents/GitKraken/TGPPairProject/PairProject/Saved/Pause_Menu2C358C9049DFB89ED7341C9E2C79DED4.tmp' to '../../../../../Users/h017026h/Documents/GitKraken/TGPPairProject/PairProject/Content/UIs/Pause_Menu.uasset'
[2018.12.29-14.55.37:034][619]Cmd: OBJ SAVEPACKAGE PACKAGE="/Game/UIs/Pause_Menu" FILE="../../../../../Users/h017026h/Documents/GitKraken/TGPPairProject/PairProject/Content/UIs/Pause_Menu.uasset" SILENT=true
[2018.12.29-14.55.37:065][619]LogSavePackage: Moving '../../../../../Users/h017026h/Documents/GitKraken/TGPPairProject/PairProject/Saved/Pause_MenuB516680D4A3581992231F7A7310E64BC.tmp' to '../../../../../Users/h017026h/Documents/GitKraken/TGPPairProject/PairProject/Content/UIs/Pause_Menu.uasset'
[2018.12.29-14.55.40:071][952]LogSlate: Window 'PairProject - Unreal Editor' being destroyed
[2018.12.29-14.55.40:243][953]Cmd: QUIT_EDITOR
[2018.12.29-14.55.41:153][953]LogWindowsTextInputMethodSystem: Display: IME system now deactivated.
[2018.12.29-14.55.41:163][953]LogExit: Preparing to exit.
[2018.12.29-14.55.41:750][953]LogExit: Editor shut down
[2018.12.29-14.55.41:751][953]LogExit: Transaction tracking system shut down
[2018.12.29-14.55.41:966][953]LogExit: Object subsystem successfully closed.
[2018.12.29-14.55.41:989][953]LogShaderCompilers: Display: Shaders left to compile 0
[2018.12.29-14.55.41:992][953]LogD3D11RHI: Shutdown
[2018.12.29-14.55.41:992][953]LogD3D11RHI: CleanupD3DDevice
[2018.12.29-14.55.41:994][953]LogD3D11RHI: ~FD3D11DynamicRHI
[2018.12.29-14.55.42:001][953]LogModuleManager: Shutting down and abandoning module MovieSceneCapture (620)
[2018.12.29-14.55.42:001][953]LogModuleManager: Shutting down and abandoning module Voice (618)
[2018.12.29-14.55.42:002][953]LogModuleManager: Shutting down and abandoning module SequencerWidgets (616)
[2018.12.29-14.55.42:002][953]LogModuleManager: Shutting down and abandoning module BlueprintGraph (614)
[2018.12.29-14.55.42:002][953]LogModuleManager: Shutting down and abandoning module HierarchicalLODOutliner (612)
[2018.12.29-14.55.42:002][953]LogModuleManager: Shutting down and abandoning module SceneOutliner (610)
[2018.12.29-14.55.42:002][953]LogModuleManager: Shutting down and abandoning module AddContentDialog (608)
[2018.12.29-14.55.42:002][953]LogModuleManager: Shutting down and abandoning module WidgetCarousel (607)
[2018.12.29-14.55.42:002][953]LogModuleManager: Shutting down and abandoning module EditorWidgets (604)
[2018.12.29-14.55.42:003][953]LogModuleManager: Shutting down and abandoning module CollectionManager (602)
[2018.12.29-14.55.42:003][953]LogModuleManager: Shutting down and abandoning module StatsViewer (600)
[2018.12.29-14.55.42:003][953]LogModuleManager: Shutting down and abandoning module FoliageEdit (598)
[2018.12.29-14.55.42:003][953]LogModuleManager: Shutting down and abandoning module LandscapeEditor (596)
[2018.12.29-14.55.42:003][953]LogModuleManager: Shutting down and abandoning module MeshPaintMode (594)
[2018.12.29-14.55.42:003][953]LogModuleManager: Shutting down and abandoning module SceneDepthPickerMode (592)
[2018.12.29-14.55.42:003][953]LogModuleManager: Shutting down and abandoning module ActorPickerMode (590)
[2018.12.29-14.55.42:003][953]LogModuleManager: Shutting down and abandoning module GeometryMode (588)
[2018.12.29-14.55.42:003][953]LogModuleManager: Shutting down and abandoning module TextureAlignMode (586)
[2018.12.29-14.55.42:003][953]LogModuleManager: Shutting down and abandoning module BspMode (584)
[2018.12.29-14.55.42:003][953]LogModuleManager: Shutting down and abandoning module PIEPreviewDeviceProfileSelector (582)
[2018.12.29-14.55.42:003][953]LogModuleManager: Shutting down and abandoning module SequenceRecorderSections (580)
[2018.12.29-14.55.42:003][953]LogModuleManager: Shutting down and abandoning module AutomationWorker (578)
[2018.12.29-14.55.42:004][953]LogModuleManager: Shutting down and abandoning module AudioCaptureEditor (576)
[2018.12.29-14.55.42:004][953]LogModuleManager: Shutting down and abandoning module SequenceRecorder (575)
[2018.12.29-14.55.42:004][953]LogModuleManager: Shutting down and abandoning module MatineeToLevelSequence (572)
[2018.12.29-14.55.42:004][953]LogModuleManager: Shutting down and abandoning module LevelSequenceEditor (570)
[2018.12.29-14.55.42:004][953]LogModuleManager: Shutting down and abandoning module PlacementMode (569)
[2018.12.29-14.55.42:004][953]LogModuleManager: Shutting down and abandoning module MaterialEditor (568)
[2018.12.29-14.55.42:004][953]LogModuleManager: Shutting down and abandoning module WmfMediaFactory (564)
[2018.12.29-14.55.42:004][953]LogModuleManager: Shutting down and abandoning module WmfMediaEditor (562)
[2018.12.29-14.55.42:004][953]LogModuleManager: Shutting down and abandoning module MediaPlayerEditor (560)
[2018.12.29-14.55.42:004][953]LogModuleManager: Shutting down and abandoning module OpenExrWrapper (558)
[2018.12.29-14.55.42:004][953]LogModuleManager: Shutting down and abandoning module ImgMediaFactory (556)
[2018.12.29-14.55.42:004][953]LogModuleManager: Shutting down and abandoning module ImgMediaEditor (554)
[2018.12.29-14.55.42:004][953]LogModuleManager: Shutting down and abandoning module AvfMediaFactory (552)
[2018.12.29-14.55.42:004][953]LogModuleManager: Shutting down and abandoning module AvfMediaEditor (550)
[2018.12.29-14.55.42:004][953]LogModuleManager: Shutting down and abandoning module AndroidMediaFactory (548)
[2018.12.29-14.55.42:004][953]LogModuleManager: Shutting down and abandoning module AndroidMediaEditor (546)
[2018.12.29-14.55.42:004][953]LogModuleManager: Shutting down and abandoning module MagicLeapCameraPreviewFactory (544)
[2018.12.29-14.55.42:004][953]LogModuleManager: Shutting down and abandoning module MagicLeapMediaFactory (542)
[2018.12.29-14.55.42:004][953]LogModuleManager: Shutting down and abandoning module MagicLeapMediaEditor (540)
[2018.12.29-14.55.42:004][953]LogModuleManager: Shutting down and abandoning module CharacterAI (538)
[2018.12.29-14.55.42:004][953]LogModuleManager: Shutting down and abandoning module SmartSnapping (536)
[2018.12.29-14.55.42:004][953]LogModuleManager: Shutting down and abandoning module SessionServices (534)
[2018.12.29-14.55.42:004][953]LogModuleManager: Shutting down and abandoning module ViewportSnapping (532)
[2018.12.29-14.55.42:004][953]LogModuleManager: Shutting down and abandoning module ViewportInteraction (530)
[2018.12.29-14.55.42:005][953]LogModuleManager: Shutting down and abandoning module ClothPainter (528)
[2018.12.29-14.55.42:005][953]LogModuleManager: Shutting down and abandoning module SkeletalMeshEditor (527)
[2018.12.29-14.55.42:005][953]LogModuleManager: Shutting down and abandoning module LogVisualizer (524)
[2018.12.29-14.55.42:005][953]LogModuleManager: Shutting down and abandoning module IntroTutorials (522)
[2018.12.29-14.55.42:005][953]LogModuleManager: Shutting down and abandoning module GameProjectGeneration (521)
[2018.12.29-14.55.42:005][953]LogModuleManager: Shutting down and abandoning module LuminPlatformEditor (518)
[2018.12.29-14.55.42:005][953]LogModuleManager: Shutting down and abandoning module IOSPlatformEditor (516)
[2018.12.29-14.55.42:005][953]LogModuleManager: Shutting down and abandoning module HTML5PlatformEditor (514)
[2018.12.29-14.55.42:005][953]LogModuleManager: Shutting down and abandoning module AndroidPlatformEditor (512)
[2018.12.29-14.55.42:005][953]LogModuleManager: Shutting down and abandoning module AndroidDeviceDetection (511)
