Log file open, 12/27/18 00:10:35
LogWindows: Failed to load 'aqProf.dll' (GetLastError=126)
LogWindows: File 'aqProf.dll' does not exist
LogWindows: Failed to load 'VSPerf140.dll' (GetLastError=126)
LogWindows: File 'VSPerf140.dll' does not exist
LogWindows: Failed to load 'VtuneApi.dll' (GetLastError=126)
LogWindows: File 'VtuneApi.dll' does not exist
LogWindows: Failed to load 'VtuneApi32e.dll' (GetLastError=126)
LogWindows: File 'VtuneApi32e.dll' does not exist
LogInit: Display: Running engine for game: PairProject
LogPlatformFile: Not using cached read wrapper
LogTaskGraph: Started task graph with 5 named threads and 35 total threads with 3 sets of task threads.
LogStats: Stats thread started at 0.478874
LogD3D11RHI: Loaded GFSDK_Aftermath_Lib.x64.dll
LogICUInternationalization: Display: ICU TimeZone Detection - Raw Offset: +0:00, Platform Override: ''
LogPluginManager: Mounting plugin Paper2D
LogPluginManager: Mounting plugin AISupport
LogPluginManager: Mounting plugin LightPropagationVolume
LogPluginManager: Mounting plugin CLionSourceCodeAccess
LogPluginManager: Mounting plugin CodeLiteSourceCodeAccess
LogPluginManager: Mounting plugin GitSourceControl
LogPluginManager: Mounting plugin KDevelopSourceCodeAccess
LogPluginManager: Mounting plugin NullSourceCodeAccess
LogPluginManager: Mounting plugin PerforceSourceControl
LogPluginManager: Mounting plugin SubversionSourceControl
LogPluginManager: Mounting plugin UObjectPlugin
LogPluginManager: Mounting plugin VisualStudioCodeSourceCodeAccess
LogPluginManager: Mounting plugin VisualStudioSourceCodeAccess
LogPluginManager: Mounting plugin XCodeSourceCodeAccess
LogPluginManager: Mounting plugin AssetManagerEditor
LogPluginManager: Mounting plugin CryptoKeys
LogPluginManager: Mounting plugin DataValidation
LogPluginManager: Mounting plugin FacialAnimation
LogPluginManager: Mounting plugin GameplayTagsEditor
LogPluginManager: Mounting plugin MacGraphicsSwitching
LogPluginManager: Mounting plugin MeshEditor
LogPluginManager: Mounting plugin MobileLauncherProfileWizard
LogPluginManager: Mounting plugin PluginBrowser
LogPluginManager: Mounting plugin SpeedTreeImporter
LogPluginManager: Mounting plugin DatasmithContent
LogPluginManager: Mounting plugin AlembicImporter
LogPluginManager: Mounting plugin AppleImageUtils
LogPluginManager: Mounting plugin AppleVision
LogPluginManager: Mounting plugin BackChannel
LogPluginManager: Mounting plugin CharacterAI
LogPluginManager: Mounting plugin GeometryCache
LogPluginManager: Mounting plugin HTML5Networking
LogPluginManager: Mounting plugin ProxyLODPlugin
LogPluginManager: Mounting plugin MagicLeap
LogPluginManager: Mounting plugin MagicLeapEmulator
LogPluginManager: Mounting plugin MagicLeapMedia
LogPluginManager: Mounting plugin AndroidMedia
LogPluginManager: Mounting plugin AvfMedia
LogPluginManager: Mounting plugin ImgMedia
LogPluginManager: Mounting plugin LinearTimecode
LogPluginManager: Mounting plugin MediaCompositing
LogPluginManager: Mounting plugin MediaPlayerEditor
LogPluginManager: Mounting plugin WmfMedia
LogPluginManager: Mounting plugin TcpMessaging
LogPluginManager: Mounting plugin UdpMessaging
LogPluginManager: Mounting plugin ActorSequence
LogPluginManager: Mounting plugin LevelSequenceEditor
LogPluginManager: Mounting plugin MatineeToLevelSequence
LogPluginManager: Mounting plugin NetcodeUnitTest
LogPluginManager: Mounting plugin NUTUnrealEngine4
LogPluginManager: Mounting plugin OnlineSubsystemGooglePlay
LogPluginManager: Mounting plugin OnlineSubsystemIOS
LogPluginManager: Mounting plugin OnlineSubsystem
LogPluginManager: Mounting plugin OnlineSubsystemNull
LogPluginManager: Mounting plugin OnlineSubsystemUtils
LogPluginManager: Mounting plugin LauncherChunkInstaller
LogPluginManager: Mounting plugin AndroidDeviceProfileSelector
LogPluginManager: Mounting plugin AndroidMoviePlayer
LogPluginManager: Mounting plugin AndroidPermission
LogPluginManager: Mounting plugin AppleMoviePlayer
LogPluginManager: Mounting plugin ArchVisCharacter
LogPluginManager: Mounting plugin AudioCapture
LogPluginManager: Mounting plugin CableComponent
LogPluginManager: Mounting plugin CustomMeshComponent
LogPluginManager: Mounting plugin EditableMesh
LogPluginManager: Mounting plugin ExampleDeviceProfileSelector
LogPluginManager: Mounting plugin GoogleCloudMessaging
LogPluginManager: Mounting plugin ImmediatePhysics
LogPluginManager: Mounting plugin IOSDeviceProfileSelector
LogPluginManager: Mounting plugin LinuxDeviceProfileSelector
LogPluginManager: Mounting plugin LocationServicesBPLibrary
LogPluginManager: Mounting plugin MobilePatchingUtils
LogPluginManager: Mounting plugin OculusVR
LogPluginManager: Plugin shader directory ../../../Engine/Plugins/Runtime/Oculus/OculusVR/Shaders found
LogPluginManager: Mapping shader source directory ../../../Engine/Plugins/Runtime/Oculus/OculusVR/Shaders to virtual directory /Plugin/OculusVR
LogPluginManager: Mounting plugin PhysXVehicles
LogPluginManager: Mounting plugin ProceduralMeshComponent
LogPluginManager: Mounting plugin RuntimePhysXCooking
LogPluginManager: Mounting plugin SteamVR
LogPluginManager: Mounting plugin WindowsMoviePlayer
LogStreaming: Display: Took  0.164s to configure plugins.
LogInit: Using libcurl 7.55.1-DEV
LogInit:  - built for x86_64-pc-win32
LogInit:  - supports SSL with OpenSSL/1.0.2h
LogInit:  - supports HTTP deflate (compression) using libz 1.2.8
LogInit:  - other features:
LogInit:      CURL_VERSION_SSL
LogInit:      CURL_VERSION_LIBZ
LogInit:      CURL_VERSION_IPV6
LogInit:      CURL_VERSION_ASYNCHDNS
LogInit:      CURL_VERSION_LARGEFILE
LogInit:      CURL_VERSION_IDN
LogInit:  CurlRequestOptions (configurable via config and command line):
LogInit:  - bVerifyPeer = false  - Libcurl will NOT verify peer certificate
LogInit:  - bUseHttpProxy = false  - Libcurl will NOT use HTTP proxy
LogInit:  - bDontReuseConnections = false  - Libcurl will reuse connections
LogInit:  - CertBundlePath = nullptr  - Libcurl will use whatever was configured at build time.
LogInit:  - MaxHostConnections = 16  - Libcurl will limit the number of connections to a host
LogInit:  - LocalHostAddr = Default
LogInit:  - BufferSize = 65536
LogInit: WinSock: version 1.1 (2.2), MaxSocks=32767, MaxUdp=65467
LogInit: Build: ++UE4+Release-4.20-CL-4369336
LogInit: Engine Version: 4.20.3-4369336+++UE4+Release-4.20
LogInit: Compatible Engine Version: 4.20.0-4212847+++UE4+Release-4.20
LogInit: Net CL: 4212847
LogInit: OS: Windows 10 (), CPU: Intel(R) Core(TM) i7-8700K CPU @ 3.70GHz, GPU: NVIDIA GeForce GTX 950
LogInit: Compiled (64-bit): Sep 17 2018 12:26:19
LogInit: Compiled with Visual C++: 19.13.26129.00
LogInit: Build Configuration: Development
LogInit: Branch Name: ++UE4+Release-4.20
LogInit: Command Line:  -skipcompile
LogInit: Base Directory: D:/Program Files (x86)/UE_4.20/Engine/Binaries/Win64/
LogInit: Installed Engine Build: 1
LogDevObjectVersion: Number of dev versions registered: 20
LogDevObjectVersion:   Dev-Blueprints (B0D832E4-1F89-4F0D-ACCF-7EB736FD4AA2): 10
LogDevObjectVersion:   Dev-Build (E1C64328-A22C-4D53-A36C-8E866417BD8C): 0
LogDevObjectVersion:   Dev-Core (375EC13C-06E4-48FB-B500-84F0262A717E): 2
LogDevObjectVersion:   Dev-Editor (E4B068ED-F494-42E9-A231-DA0B2E46BB41): 24
LogDevObjectVersion:   Dev-Framework (CFFC743F-43B0-4480-9391-14DF171D2073): 34
LogDevObjectVersion:   Dev-Mobile (B02B49B5-BB20-44E9-A304-32B752E40360): 2
LogDevObjectVersion:   Dev-Networking (A4E4105C-59A1-49B5-A7C5-40C4547EDFEE): 0
LogDevObjectVersion:   Dev-Online (39C831C9-5AE6-47DC-9A44-9C173E1C8E7C): 0
LogDevObjectVersion:   Dev-Physics (78F01B33-EBEA-4F98-B9B4-84EACCB95AA2): 0
LogDevObjectVersion:   Dev-Platform (6631380F-2D4D-43E0-8009-CF276956A95A): 0
LogDevObjectVersion:   Dev-Rendering (12F88B9F-8875-4AFC-A67C-D90C383ABD29): 26
LogDevObjectVersion:   Dev-Sequencer (7B5AE74C-D270-4C10-A958-57980B212A5A): 9
LogDevObjectVersion:   Dev-VR (D7296918-1DD6-4BDD-9DE2-64A83CC13884): 2
LogDevObjectVersion:   Dev-LoadTimes (C2A15278-BFE7-4AFE-6C17-90FF531DF755): 1
LogDevObjectVersion:   Private-Geometry (6EACA3D4-40EC-4CC1-B786-8BED09428FC5): 3
LogDevObjectVersion:   Dev-AnimPhys (29E575DD-E0A3-4627-9D10-D276232CDCEA): 17
LogDevObjectVersion:   Dev-ReflectionCapture (6B266CEC-1EC7-4B8F-A30B-E4D90942FC07): 1
LogDevObjectVersion:   Dev-Automation (0DF73D61-A23F-47EA-B727-89E90C41499A): 1
LogDevObjectVersion:   FortniteMain (601D1886-AC64-4F84-AA16-D3DE0DEAC7D6): 12
LogDevObjectVersion:   Dev-Enterprise (9DFFBCD6-494F-0158-E221-12823C92A888): 1
LogStreaming: Display: Took  0.002s to delete old logs.
LogInit: Presizing for max 8388607 objects, including 0 objects not considered by GC, pre-allocating 0 bytes for permanent pool.
LogInit: Object subsystem initialized
[2018.12.27-00.10.35:637][  0]LogInit: Selected Device Profile: [Windows]
[2018.12.27-00.10.35:637][  0]LogInit: Applying CVar settings loaded from the selected device profile: [Windows]
[2018.12.27-00.10.35:650][  0]LogHAL: Display: Platform has ~ 16 GB [17132584960 / 17179869184 / 16], which maps to Larger [LargestMinGB=32, LargerMinGB=12, DefaultMinGB=8, SmallerMinGB=6, SmallestMinGB=0)
[2018.12.27-00.10.35:650][  0]LogInit: Setting Device Profile CVar: [[r.Vulkan.UseRealUBs:1]]
[2018.12.27-00.10.35:650][  0]LogInit: Going up to parent DeviceProfile []
[2018.12.27-00.10.35:651][  0]LogInit: Computer: DESKTOP-D8L6EI8
[2018.12.27-00.10.35:651][  0]LogInit: User: h017026h
[2018.12.27-00.10.35:651][  0]LogInit: CPU Page size=4096, Cores=6
[2018.12.27-00.10.35:651][  0]LogInit: High frequency timer resolution =3.609373 MHz
[2018.12.27-00.10.35:651][  0]LogMemory: Memory total: Physical=16.0GB (16GB approx)
[2018.12.27-00.10.35:652][  0]LogMemory: Platform Memory Stats for Windows
[2018.12.27-00.10.35:652][  0]LogMemory: Process Physical Memory: 103.31 MB used, 103.31 MB peak
[2018.12.27-00.10.35:652][  0]LogMemory: Process Virtual Memory: 93.97 MB used, 93.97 MB peak
[2018.12.27-00.10.35:652][  0]LogMemory: Physical Memory: 6632.95 MB used,  9705.96 MB free, 16338.91 MB total
[2018.12.27-00.10.35:652][  0]LogMemory: Virtual Memory: 4660.66 MB used,  9705.96 MB free, 134217728.00 MB total
[2018.12.27-00.10.35:742][  0]LogInit: Using OS detected language (en-GB).
[2018.12.27-00.10.35:742][  0]LogInit: Using OS detected locale (en-GB).
[2018.12.27-00.10.35:743][  0]LogTextLocalizationManager: No specific localization for 'en-GB' exists, so the 'en' localization will be used.
[2018.12.27-00.10.36:028][  0]LogStreaming: Display: Took  0.286s to InitEngineTextLocalization.
[2018.12.27-00.10.36:029][  0]LogInit: Setting process to per monitor DPI aware
[2018.12.27-00.10.36:065][  0]LogSlate: New Slate User Created.  User Index 0, Is Virtual User: 0
[2018.12.27-00.10.36:065][  0]LogSlate: Slate User Registered.  User Index 0, Is Virtual User: 0
[2018.12.27-00.10.36:304][  0]LogHMD: Failed to initialize OpenVR with code 110
[2018.12.27-00.10.36:304][  0]LogD3D11RHI: D3D11 adapters:
[2018.12.27-00.10.36:365][  0]LogD3D11RHI:    0. 'NVIDIA GeForce GTX 950' (Feature Level 11_0)
[2018.12.27-00.10.36:365][  0]LogD3D11RHI:       2007/0/8169 MB DedicatedVideo/DedicatedSystem/SharedSystem, Outputs:1, VendorId:0x10de
[2018.12.27-00.10.36:368][  0]LogD3D11RHI:    1. 'Microsoft Basic Render Driver' (Feature Level 11_0)
[2018.12.27-00.10.36:368][  0]LogD3D11RHI:       0/0/8169 MB DedicatedVideo/DedicatedSystem/SharedSystem, Outputs:0, VendorId:0x1414
[2018.12.27-00.10.36:368][  0]LogD3D11RHI: Chosen D3D11 Adapter: 0
[2018.12.27-00.10.36:373][  0]LogD3D11RHI: Creating new Direct3DDevice
[2018.12.27-00.10.36:374][  0]LogD3D11RHI:     GPU DeviceId: 0x1402 (for the marketing name, search the web for "GPU Device Id")
[2018.12.27-00.10.36:374][  0]LogWindows: EnumDisplayDevices:
[2018.12.27-00.10.36:374][  0]LogWindows:    0. 'NVIDIA GeForce GTX 950' (P:1 D:1)
[2018.12.27-00.10.36:374][  0]LogWindows:    1. 'NVIDIA GeForce GTX 950' (P:0 D:0)
[2018.12.27-00.10.36:374][  0]LogWindows:    2. 'NVIDIA GeForce GTX 950' (P:0 D:0)
[2018.12.27-00.10.36:375][  0]LogWindows:    3. 'NVIDIA GeForce GTX 950' (P:0 D:0)
[2018.12.27-00.10.36:375][  0]LogWindows: DebugString: FoundDriverCount:4 
[2018.12.27-00.10.36:375][  0]LogD3D11RHI:     Adapter Name: NVIDIA GeForce GTX 950
[2018.12.27-00.10.36:375][  0]LogD3D11RHI:   Driver Version: 399.07 (internal:24.21.13.9907, unified:399.07)
[2018.12.27-00.10.36:375][  0]LogD3D11RHI:      Driver Date: 8-21-2018
[2018.12.27-00.10.36:375][  0]LogRHI: Texture pool is 1405 MB (70% of 2007 MB)
[2018.12.27-00.10.36:407][  0]LogD3D11RHI: Async texture creation enabled
[2018.12.27-00.10.36:436][  0]LogD3D11RHI: GPU Timing Frequency: 1000.000000 (Debug: 2 2)
[2018.12.27-00.10.36:483][  0]LogShaderCompilers: Guid format shader working directory is -28 characters bigger than the processId version (../../../../../Users/h017026h/Documents/GitKraken/TGPPairProject/PairProject/Intermediate/Shaders/WorkingDirectory/18552/).
[2018.12.27-00.10.36:483][  0]LogShaderCompilers: Cleaned the shader compiler working directory 'C:/Users/h017026h/AppData/Local/Temp/UnrealShaderWorkingDir/93ECD48B4D1749A2344D37B73B5D90C4/'.
[2018.12.27-00.10.36:687][  0]LogTemp: Display: Loaded TP AllDesktopTargetPlatform
[2018.12.27-00.10.36:699][  0]LogTemp: Display: Loaded TP MacClientTargetPlatform
[2018.12.27-00.10.36:716][  0]LogTemp: Display: Loaded TP MacNoEditorTargetPlatform
[2018.12.27-00.10.36:731][  0]LogTemp: Display: Loaded TP MacServerTargetPlatform
[2018.12.27-00.10.36:744][  0]LogTemp: Display: Loaded TP MacTargetPlatform
[2018.12.27-00.10.36:757][  0]LogTemp: Display: Loaded TP WindowsClientTargetPlatform
[2018.12.27-00.10.36:769][  0]LogTemp: Display: Loaded TP WindowsNoEditorTargetPlatform
[2018.12.27-00.10.36:781][  0]LogTemp: Display: Loaded TP WindowsServerTargetPlatform
[2018.12.27-00.10.36:788][  0]LogTemp: Display: Loaded TP WindowsTargetPlatform
[2018.12.27-00.10.36:858][  0]LogTemp: Display: Loaded TP AndroidTargetPlatform
[2018.12.27-00.10.36:858][  0]LogTemp: Display: Loaded TP AndroidTargetPlatform
[2018.12.27-00.10.36:858][  0]LogTemp: Display: Loaded TP AndroidTargetPlatform
[2018.12.27-00.10.36:858][  0]LogTemp: Display: Loaded TP AndroidTargetPlatform
[2018.12.27-00.10.36:858][  0]LogTemp: Display: Loaded TP AndroidTargetPlatform
[2018.12.27-00.10.36:858][  0]LogTemp: Display: Loaded TP AndroidTargetPlatform
[2018.12.27-00.10.36:859][  0]LogTemp: Display: Loaded TP AndroidTargetPlatform
[2018.12.27-00.10.36:859][  0]LogTemp: Display: Loaded TP AndroidTargetPlatform
[2018.12.27-00.10.36:859][  0]LogTemp: Display: Loaded TP AndroidTargetPlatform
[2018.12.27-00.10.36:859][  0]LogTemp: Display: Loaded TP AndroidTargetPlatform
[2018.12.27-00.10.36:859][  0]LogTemp: Display: Loaded TP AndroidTargetPlatform
[2018.12.27-00.10.36:859][  0]LogTemp: Display: Loaded TP AndroidTargetPlatform
[2018.12.27-00.10.36:859][  0]LogTemp: Display: Loaded TP AndroidTargetPlatform
[2018.12.27-00.10.36:859][  0]LogTemp: Display: Loaded TP AndroidTargetPlatform
[2018.12.27-00.10.36:859][  0]LogTemp: Display: Loaded TP AndroidTargetPlatform
[2018.12.27-00.10.36:859][  0]LogTemp: Display: Loaded TP AndroidTargetPlatform
[2018.12.27-00.10.36:859][  0]LogTemp: Display: Loaded TP AndroidTargetPlatform
[2018.12.27-00.10.36:859][  0]LogTemp: Display: Loaded TP AndroidTargetPlatform
[2018.12.27-00.10.36:861][  0]LogTemp: Display: Loaded TP HTML5TargetPlatform
[2018.12.27-00.10.36:929][  0]LogTemp: Display: Loaded TP IOSTargetPlatform
[2018.12.27-00.10.36:929][  0]LogTemp: Display: Loaded TP IOSTargetPlatform
[2018.12.27-00.10.36:949][  0]LogTemp: Display: Loaded TP TVOSTargetPlatform
[2018.12.27-00.10.36:949][  0]LogTemp: Display: Loaded TP TVOSTargetPlatform
[2018.12.27-00.10.36:961][  0]LogTemp: Display: Loaded TP LinuxClientTargetPlatform
[2018.12.27-00.10.36:972][  0]LogTemp: Display: Loaded TP LinuxNoEditorTargetPlatform
[2018.12.27-00.10.36:985][  0]LogTemp: Display: Loaded TP LinuxServerTargetPlatform
[2018.12.27-00.10.36:996][  0]LogTemp: Display: Loaded TP LinuxTargetPlatform
[2018.12.27-00.10.37:005][  0]LogTemp: Display: Loaded TP LuminTargetPlatform
[2018.12.27-00.10.37:005][  0]LogTargetPlatformManager: Display: Building Assets For Windows
[2018.12.27-00.10.37:088][  0]LogXGEController: Cleaning working directory: C:/Users/h017026h/AppData/Local/Temp/UnrealXGEWorkingDir/
[2018.12.27-00.10.37:088][  0]LogXGEController: Cannot use XGE Controller as Incredibuild is not installed on this machine.
[2018.12.27-00.10.37:088][  0]LogShaderCompilers: Cannot use XGE Shader Compiler as Incredibuild is not installed on this machine.
[2018.12.27-00.10.37:089][  0]LogShaderCompilers: Display: Using Local Shader Compiler.
[2018.12.27-00.10.37:628][  0]LogDerivedDataCache: Display: Max Cache Size: 512 MB
[2018.12.27-00.10.37:672][  0]LogDerivedDataCache: Loaded boot cache 0.04s 71MB C:/Users/h017026h/AppData/Local/UnrealEngine/4.20/DerivedDataCache/Boot.ddc.
[2018.12.27-00.10.37:673][  0]LogDerivedDataCache: Display: Loaded Boot cache: C:/Users/h017026h/AppData/Local/UnrealEngine/4.20/DerivedDataCache/Boot.ddc
[2018.12.27-00.10.37:673][  0]LogDerivedDataCache: FDerivedDataBackendGraph:  Pak pak cache file ../../../../../Users/h017026h/Documents/GitKraken/TGPPairProject/PairProject/DerivedDataCache/DDC.ddp not found, will not use a pak cache.
[2018.12.27-00.10.37:673][  0]LogDerivedDataCache: Unable to find inner node Pak for hierarchical cache Hierarchy.
[2018.12.27-00.10.37:673][  0]LogDerivedDataCache: FDerivedDataBackendGraph:  CompressedPak pak cache file ../../../../../Users/h017026h/Documents/GitKraken/TGPPairProject/PairProject/DerivedDataCache/Compressed.ddp not found, will not use a pak cache.
[2018.12.27-00.10.37:673][  0]LogDerivedDataCache: Unable to find inner node CompressedPak for hierarchical cache Hierarchy.
[2018.12.27-00.10.37:683][  0]LogDerivedDataCache: Display: Pak cache opened for reading ../../../Engine/DerivedDataCache/Compressed.ddp.
[2018.12.27-00.10.37:696][  0]LogDerivedDataCache: Using Local data cache path C:/Users/h017026h/AppData/Local/UnrealEngine/Common/DerivedDataCache: Writable
[2018.12.27-00.10.37:696][  0]LogDerivedDataCache: Shared data cache path not found in *engine.ini, will not use an Shared cache.
[2018.12.27-00.10.37:696][  0]LogDerivedDataCache: Unable to find inner node Shared for hierarchical cache Hierarchy.
[2018.12.27-00.10.37:710][  0]LogMaterial: Verifying Global Shaders for PCD3D_SM5
[2018.12.27-00.10.37:711][  0]LogSlate: Using FreeType 2.6.0
[2018.12.27-00.10.37:712][  0]LogSlate: SlateFontServices - WITH_FREETYPE: 1, WITH_HARFBUZZ: 1
[2018.12.27-00.10.37:788][  0]LogAssetRegistry: FAssetRegistry took 0.0306 seconds to start up
[2018.12.27-00.10.38:041][  0]LogInit: Selected Device Profile: [Windows]
[2018.12.27-00.10.38:159][  0]LogSimplygon: Simplygon DLL not present - disabling.
[2018.12.27-00.10.38:166][  0]LogMeshReduction: Using SimplygonSwarm for distributed automatic mesh merging
[2018.12.27-00.10.38:166][  0]LogMeshReduction: Using ProxyLODMeshReduction for automatic mesh merging
[2018.12.27-00.10.38:166][  0]LogMeshReduction: Using QuadricMeshReduction for automatic static mesh reduction
[2018.12.27-00.10.38:166][  0]LogMeshReduction: No automatic skeletal mesh reduction module available
[2018.12.27-00.10.38:179][  0]LogNetVersion: PairProject 1.0.0, NetCL: 4212847, EngineNetVer: 5, GameNetVer: 0 (Checksum: 2248716754)
[2018.12.27-00.10.38:682][  0]LogPackageLocalizationCache: Processed 11 localized package path(s) for 2 prioritized culture(s) in 0.177077 seconds
[2018.12.27-00.10.38:688][  0]LogUObjectArray: 38425 objects as part of root set at end of initial load.
[2018.12.27-00.10.38:688][  0]LogUObjectAllocator: 6690872 out of 0 bytes used by permanent object pool.
[2018.12.27-00.10.38:688][  0]LogUObjectArray: CloseDisregardForGC: 0/0 objects in disregard for GC pool
[2018.12.27-00.10.39:519][  0]LogTcpMessaging: Initializing TcpMessaging bridge
[2018.12.27-00.10.39:534][  0]LogUdpMessaging: Initializing bridge on interface 0.0.0.0:0 to multicast group 230.0.0.1:6666.
[2018.12.27-00.10.39:712][  0]SourceControl: Source control is disabled
[2018.12.27-00.10.39:713][  0]SourceControl: Source control is disabled
[2018.12.27-00.10.39:715][  0]SourceControl: Source control is disabled
[2018.12.27-00.10.39:718][  0]SourceControl: Source control is disabled
[2018.12.27-00.10.39:966][  0]LogAndroidPermission: UAndroidPermissionCallbackProxy::GetInstance
[2018.12.27-00.10.40:065][  0]LogOcInput: OculusInput pre-init called
[2018.12.27-00.10.40:124][  0]LogEngine: Initializing Engine...
[2018.12.27-00.10.40:125][  0]LogHMD: Failed to initialize OpenVR with code 110
[2018.12.27-00.10.40:126][  0]LogStats: UGameplayTagsManager::ConstructGameplayTagTree: ImportINI prefixes -  0.000 s
[2018.12.27-00.10.40:126][  0]LogStats: UGameplayTagsManager::ConstructGameplayTagTree: Construct from data asset -  0.000 s
[2018.12.27-00.10.40:127][  0]LogStats: UGameplayTagsManager::ConstructGameplayTagTree: ImportINI -  0.000 s
[2018.12.27-00.10.40:127][  0]LogStats: UGameplayTagsManager::ConstructGameplayTagTree: GameplayTagTreeChangedEvent.Broadcast -  0.000 s
[2018.12.27-00.10.40:304][  0]LogInit: Initializing FReadOnlyCVARCache
[2018.12.27-00.10.40:317][  0]LogAIModule: Creating AISystem for world Untitled
[2018.12.27-00.10.40:338][  0]LogInit: XAudio2 using 'Headset Earphone (Corsair VOID PRO USB Gaming Headset)' : 6 channels at 48 kHz using 16 bits per sample (channel mask 0x3f)
[2018.12.27-00.10.40:451][  0]LogInit: FAudioDevice initialized.
[2018.12.27-00.10.40:451][  0]LogNetVersion: Set ProjectVersion to 1.0.0.0. Version Checksum will be recalculated on next use.
[2018.12.27-00.10.40:523][  0]LogDerivedDataCache: Saved boot cache 0.07s 71MB C:/Users/h017026h/AppData/Local/UnrealEngine/4.20/DerivedDataCache/Boot.ddc.
[2018.12.27-00.10.40:530][  0]LogInit: Texture streaming: Enabled
[2018.12.27-00.10.40:552][  0]LogEngineSessionManager: EngineSessionManager initialized
[2018.12.27-00.10.40:552][  0]LogEngineSessionManager: EngineSessionManager sent abnormal shutdown report. Type=Debugger, SessionId={7B976862-471F-FB82-F211-3292BF5ED8C8}
[2018.12.27-00.10.40:558][  0]LogInit: Transaction tracking system initialized
[2018.12.27-00.10.40:585][  0]BlueprintLog: New page: Editor Load
[2018.12.27-00.10.40:682][  0]LocalizationService: Localization service is disabled
[2018.12.27-00.10.40:908][  0]LogCook: Display: Max memory allowance for cook 16384mb min free memory 0mb
[2018.12.27-00.10.40:908][  0]LogCook: Display: Mobile HDR setting 1
[2018.12.27-00.10.40:909][  0]LogGameplayTags: Display: UGameplayTagsManager::DoneAddingNativeTags. DelegateIsBound: 0
[2018.12.27-00.10.40:909][  0]LogStats: UGameplayTagsManager::ConstructGameplayTagTree: ImportINI prefixes -  0.000 s
[2018.12.27-00.10.40:909][  0]LogStats: UGameplayTagsManager::ConstructGameplayTagTree: Construct from data asset -  0.000 s
[2018.12.27-00.10.40:909][  0]LogStats: UGameplayTagsManager::ConstructGameplayTagTree: ImportINI -  0.000 s
[2018.12.27-00.10.40:909][  0]LogStats: UGameplayTagsManager::ConstructGameplayTagTree: GameplayTagTreeChangedEvent.Broadcast -  0.000 s
[2018.12.27-00.10.41:065][  0]LogFileCache: Scanning file cache for directory 'D:/Users/h017026h/Documents/GitKraken/TGPPairProject/PairProject/Content/' took 0.02s
[2018.12.27-00.10.41:066][  0]SourceControl: Source control is disabled
[2018.12.27-00.10.41:066][  0]Cmd: MAP LOAD FILE="../../../Engine/Content/Maps/Templates/Template_Default.umap" TEMPLATE=1 SHOWPROGRESS=1 FEATURELEVEL=3
[2018.12.27-00.10.41:067][  0]LightingResults: New page: Lighting Build
[2018.12.27-00.10.41:068][  0]MapCheck: New page: Map Check
[2018.12.27-00.10.41:069][  0]LightingResults: New page: Lighting Build
[2018.12.27-00.10.41:226][  0]LogAIModule: Creating AISystem for world Untitled_1
[2018.12.27-00.10.41:234][  0]LogEditorServer: Finished looking for orphan Actors (0.000 secs)
[2018.12.27-00.10.41:255][  0]Cmd: MAP CHECKDEP NOCLEARLOG
[2018.12.27-00.10.41:299][  0]MapCheck: Map check complete: 0 Error(s), 0 Warning(s), took 43.035ms to complete.
[2018.12.27-00.10.41:299][  0]LogFileHelpers: Loading map 'Template_Default' took 0.232
[2018.12.27-00.10.41:385][  0]LogSlate: Updating window title bar state: overlay mode, drag disabled, window buttons hidden, title bar hidden
[2018.12.27-00.10.41:390][  0]LogSlate: Updating window title bar state: overlay mode, drag disabled, window buttons hidden, title bar hidden
[2018.12.27-00.10.41:396][  0]LogSlate: Updating window title bar state: overlay mode, drag disabled, window buttons hidden, title bar hidden
[2018.12.27-00.10.41:402][  0]LogSlate: Updating window title bar state: overlay mode, drag disabled, window buttons hidden, title bar hidden
[2018.12.27-00.10.41:407][  0]LogCollectionManager: Loaded 0 collections in 0.000911 seconds
[2018.12.27-00.10.41:453][  0]LogFileCache: Scanning file cache for directory 'D:/Users/h017026h/Documents/GitKraken/TGPPairProject/PairProject/Saved/Collections/' took 0.01s
[2018.12.27-00.10.41:453][  0]LogFileCache: Scanning file cache for directory 'D:/Users/h017026h/Documents/GitKraken/TGPPairProject/PairProject/Content/Developers/h017026h/Collections/' took 0.01s
[2018.12.27-00.10.41:454][  0]LogFileCache: Scanning file cache for directory 'D:/Users/h017026h/Documents/GitKraken/TGPPairProject/PairProject/Content/Collections/' took 0.01s
[2018.12.27-00.10.41:454][  0]LogCollectionManager: Rebuilt the GUID cache for 0 collections in 0.000000 seconds
[2018.12.27-00.10.41:461][  0]LogContentBrowser: Native class hierarchy populated in 0.0076 seconds. Added 2578 classes and 606 folders.
[2018.12.27-00.10.41:465][  0]LogContentBrowser: Native class hierarchy updated for 'WidgetCarousel' in 0.0003 seconds. Added 0 classes and 0 folders.
[2018.12.27-00.10.41:509][  0]LogContentBrowser: Native class hierarchy updated for 'AddContentDialog' in 0.0003 seconds. Added 0 classes and 0 folders.
[2018.12.27-00.10.41:514][  0]LogContentBrowser: Native class hierarchy updated for 'SceneOutliner' in 0.0006 seconds. Added 1 classes and 2 folders.
[2018.12.27-00.10.42:341][  0]LogSlate: Only BGRA pngs, bmps or icos are supported in by External Image Picker
[2018.12.27-00.10.42:380][  0]LogTemp: Executing iPhonePackager certificates Engine -bundlename com.YourCompany.PairProject
[2018.12.27-00.10.42:380][  0]LogTemp: CWD: D:\Program Files (x86)\UE_4.20\Engine\Binaries\DotNET\IOS
[2018.12.27-00.10.42:380][  0]LogTemp: Initial Dir: D:\Program Files (x86)\UE_4.20
[2018.12.27-00.10.42:380][  0]LogTemp: Env CWD: D:\Program Files (x86)\UE_4.20\Engine\Binaries\DotNET\IOS
[2018.12.27-00.10.42:380][  0]LogTemp: BranchPath = DESKTOP-D8L6EI8/D/Program Files (x86)/UE_4.20/Engine/Binaries --- GameBranchPath = DESKTOP-D8L6EI8/D/Program Files (x86)/UE_4.20/Engine/Binaries
[2018.12.27-00.10.42:399][  0]LogTemp: IPP ERROR: Could not find provision directory 'C:\Users\h017026h\AppData\Local/Apple Computer/MobileDevice/Provisioning Profiles/'.
[2018.12.27-00.10.42:399][  0]LogContentBrowser: Native class hierarchy updated for 'HierarchicalLODOutliner' in 0.0004 seconds. Added 0 classes and 0 folders.
[2018.12.27-00.10.42:399][  0]LogLoad: (Engine Initialization) Total time: 8.78 seconds
[2018.12.27-00.10.42:399][  0]LogLoad: (Engine Initialization) Total Blueprint compile time: 0.00 seconds
[2018.12.27-00.10.42:453][  0]LogWindowsTextInputMethodSystem: Display: IME system now deactivated.
[2018.12.27-00.10.42:477][  0]LogContentStreaming: Texture pool size now 1000 MB
[2018.12.27-00.10.42:478][  0]LogSlate: Took 0.000180 seconds to synchronously load lazily loaded font '../../../Engine/Content/Slate/Fonts/Roboto-Regular.ttf' (155K)
[2018.12.27-00.10.42:480][  0]LogSlate: Took 0.000192 seconds to synchronously load lazily loaded font '../../../Engine/Content/Slate/Fonts/Roboto-Bold.ttf' (160K)
[2018.12.27-00.10.42:483][  0]LogSlate: Took 0.000184 seconds to synchronously load lazily loaded font '../../../Engine/Content/Editor/Slate/Fonts/FontAwesome.ttf' (139K)
[2018.12.27-00.10.42:511][  0]LogRenderer: Reallocating scene render targets to support 64x64 Format 10 NumSamples 1 (Frame:1).
[2018.12.27-00.10.42:552][  0]LogRenderer: Reallocating scene render targets to support 1064x484 Format 10 NumSamples 1 (Frame:1).
[2018.12.27-00.10.42:593][  1]LogAssetRegistry: Asset discovery search completed in 4.8292 seconds
[2018.12.27-00.10.42:595][  1]LogCollectionManager: Rebuilt the object cache for 0 collections in 0.000000 seconds (found 0 objects)
[2018.12.27-00.10.42:595][  1]LogCollectionManager: Fixed up redirectors for 0 collections in 0.000147 seconds (updated 0 objects)
[2018.12.27-00.10.46:579][472]LogSlate: Took 0.000135 seconds to synchronously load lazily loaded font '../../../Engine/Content/Slate/Fonts/Roboto-Light.ttf' (167K)
[2018.12.27-00.10.47:451][577]LogSlate: FSceneViewport::OnFocusLost() reason 0
[2018.12.27-00.10.47:603][595]LogSlate: Took 0.000247 seconds to synchronously load lazily loaded font '../../../Engine/Content/Slate/Fonts/Roboto-Light.ttf' (167K)
[2018.12.27-00.10.47:654][595]LogLinker: Warning: Can't find file '/Game/Scenes/CameraTestScene_BuiltData'
[2018.12.27-00.10.47:654][595]LogLinker: Warning: Can't find file for asset '/Game/Scenes/CameraTestScene_BuiltData' while loading ../../../../../Users/h017026h/Documents/GitKraken/TGPPairProject/PairProject/Content/Scenes/CameraTestScene.umap.
[2018.12.27-00.10.47:654][595]LoadErrors: Error: /Game/Scenes/CameraTestScene : Can't find file for asset. /Game/Scenes/CameraTestScene_BuiltData
[2018.12.27-00.10.47:656][595]LogLinker: Warning: Can't find file '/Game/Scenes/CameraTestScene_BuiltData'
[2018.12.27-00.10.47:656][595]LogLinker: Warning: Can't find file for asset '/Game/Scenes/CameraTestScene_BuiltData' while loading ../../../../../Users/h017026h/Documents/GitKraken/TGPPairProject/PairProject/Content/Scenes/CameraTestScene.umap.
[2018.12.27-00.10.47:657][595]LogLinker: Warning: Can't find file '/Game/Scenes/CameraTestScene_BuiltData'
[2018.12.27-00.10.47:658][595]LogLinker: Warning: Can't find file for asset '/Game/Scenes/CameraTestScene_BuiltData' while loading NULL.
[2018.12.27-00.10.47:658][595]LogLinker: Warning: Can't find file '/Game/Scenes/CameraTestScene_BuiltData'
[2018.12.27-00.10.47:658][595]LogLinker: Warning: Can't find file for asset '/Game/Scenes/CameraTestScene_BuiltData' while loading NULL.
[2018.12.27-00.10.47:672][595]LogLinker: Warning: Can't find file '/Game/Scenes/CameraTestScene_BuiltData'
[2018.12.27-00.10.47:672][595]LoadErrors: Failed to load /Game/Scenes/CameraTestScene_BuiltData.CameraTestScene_BuiltData Referenced by PersistentLevel
[2018.12.27-00.10.47:672][595]LogLinker: Warning: Can't find file for asset '/Game/Scenes/CameraTestScene_BuiltData' while loading NULL.
[2018.12.27-00.10.47:701][595]LogAIModule: Creating AISystem for world CameraTestScene
[2018.12.27-00.10.47:708][595]LogAssetEditorManager: Opening Asset editor for World /Game/Scenes/CameraTestScene.CameraTestScene
[2018.12.27-00.10.47:733][595]Cmd: MAP LOAD FILE="../../../../../Users/h017026h/Documents/GitKraken/TGPPairProject/PairProject/Content/Scenes/CameraTestScene.umap" TEMPLATE=0 SHOWPROGRESS=1 FEATURELEVEL=3
[2018.12.27-00.10.47:734][595]LightingResults: New page: Lighting Build
[2018.12.27-00.10.47:734][595]LoadErrors: New page: Loading map: CameraTestScene.umap
[2018.12.27-00.10.47:735][595]MapCheck: New page: Map Check
[2018.12.27-00.10.47:735][595]LightingResults: New page: Lighting Build
[2018.12.27-00.10.47:760][595]LogEditorServer: Finished looking for orphan Actors (0.000 secs)
[2018.12.27-00.10.47:809][595]Cmd: MAP CHECKDEP NOCLEARLOG
[2018.12.27-00.10.47:868][595]MapCheck: Map check complete: 0 Error(s), 0 Warning(s), took 58.437ms to complete.
[2018.12.27-00.10.47:868][595]LogFileHelpers: Loading map 'CameraTestScene' took 0.135
[2018.12.27-00.10.49:350][764]LogTemp: Repeating last play command: Selected Viewport
[2018.12.27-00.10.49:365][764]LogBlueprintUserMessages: Early PlayInEditor Detection: Level '/Game/Scenes/CameraTestScene.CameraTestScene:PersistentLevel' has LevelScriptBlueprint '/Game/Scenes/CameraTestScene.CameraTestScene:PersistentLevel.CameraTestScene' with GeneratedClass '/Game/Scenes/CameraTestScene.CameraTestScene_C' with ClassGeneratedBy '/Game/Scenes/CameraTestScene.CameraTestScene:PersistentLevel.CameraTestScene'
[2018.12.27-00.10.49:365][764]LogPlayLevel: PlayLevel: No blueprints needed recompiling
[2018.12.27-00.10.49:379][764]PIE: New page: PIE session: CameraTestScene (27 Dec 2018 00:10:49)
[2018.12.27-00.10.49:379][764]LogPlayLevel: Creating play world package: /Game/Scenes/UEDPIE_0_CameraTestScene
[2018.12.27-00.10.49:382][764]LogPlayLevel: PIE: StaticDuplicateObject took: (0.002855s)
[2018.12.27-00.10.49:384][764]LogAIModule: Creating AISystem for world CameraTestScene
[2018.12.27-00.10.49:384][764]LogPlayLevel: PIE: World Init took: (0.001235s)
[2018.12.27-00.10.49:384][764]LogPlayLevel: PIE: Created PIE world by copying editor world from /Game/Scenes/CameraTestScene.CameraTestScene to /Game/Scenes/UEDPIE_0_CameraTestScene.CameraTestScene (0.004714s)
[2018.12.27-00.10.49:413][764]LogInit: XAudio2 using 'Headset Earphone (Corsair VOID PRO USB Gaming Headset)' : 6 channels at 48 kHz using 16 bits per sample (channel mask 0x3f)
[2018.12.27-00.10.49:519][764]LogInit: FAudioDevice initialized.
[2018.12.27-00.10.49:563][764]LogLoad: Game class is 'GameModeBase'
[2018.12.27-00.10.49:566][764]LogWorld: Bringing World /Game/Scenes/UEDPIE_0_CameraTestScene.CameraTestScene up for play (max tick rate 0) at 2018.12.27-00.10.49
[2018.12.27-00.10.49:567][764]LogWorld: Bringing up level for play took: 0.002822
[2018.12.27-00.10.49:583][764]LogContentBrowser: Native class hierarchy updated for 'MovieSceneCapture' in 0.0004 seconds. Added 10 classes and 0 folders.
[2018.12.27-00.10.49:584][764]PIE: Play in editor start time for /Game/Scenes/UEDPIE_0_CameraTestScene 0.873
[2018.12.27-00.10.49:585][764]LogBlueprintUserMessages: Late PlayInEditor Detection: Level '/Game/Scenes/CameraTestScene.CameraTestScene:PersistentLevel' has LevelScriptBlueprint '/Game/Scenes/CameraTestScene.CameraTestScene:PersistentLevel.CameraTestScene' with GeneratedClass '/Game/Scenes/CameraTestScene.CameraTestScene_C' with ClassGeneratedBy '/Game/Scenes/CameraTestScene.CameraTestScene:PersistentLevel.CameraTestScene'
[2018.12.27-00.10.56:099][539]LogBlueprintUserMessages: Early EndPlayMap Detection: Level '/Game/Scenes/CameraTestScene.CameraTestScene:PersistentLevel' has LevelScriptBlueprint '/Game/Scenes/CameraTestScene.CameraTestScene:PersistentLevel.CameraTestScene' with GeneratedClass '/Game/Scenes/CameraTestScene.CameraTestScene_C' with ClassGeneratedBy '/Game/Scenes/CameraTestScene.CameraTestScene:PersistentLevel.CameraTestScene'
[2018.12.27-00.10.56:099][539]LogSlate: Updating window title bar state: overlay mode, drag disabled, window buttons hidden, title bar hidden
[2018.12.27-00.10.56:138][539]LogPlayLevel: Display: Shutting down PIE online subsystems
[2018.12.27-00.10.56:139][539]LogBlueprintUserMessages: Late EndPlayMap Detection: Level '/Game/Scenes/CameraTestScene.CameraTestScene:PersistentLevel' has LevelScriptBlueprint '/Game/Scenes/CameraTestScene.CameraTestScene:PersistentLevel.CameraTestScene' with GeneratedClass '/Game/Scenes/CameraTestScene.CameraTestScene_C' with ClassGeneratedBy '/Game/Scenes/CameraTestScene.CameraTestScene:PersistentLevel.CameraTestScene'
[2018.12.27-00.10.56:162][539]LogSlate: Updating window title bar state: overlay mode, drag disabled, window buttons hidden, title bar hidden
[2018.12.27-00.10.56:204][543]LogPlayLevel: Display: Destroying online subsystem :Context_2
[2018.12.27-00.11.51:984][ 73]LogSlate: FSceneViewport::OnFocusLost() reason 0
[2018.12.27-00.12.00:726][101]LogAssetEditorManager: Opening Asset editor for AnimBlueprint /Game/Assets/Models/Character_Models/Link/Link_Animations/Movement_Animations/Link_Animation_Controller.Link_Animation_Controller
[2018.12.27-00.12.00:742][101]LogContentBrowser: Native class hierarchy updated for 'SkeletonEditor' in 0.0004 seconds. Added 1 classes and 2 folders.
[2018.12.27-00.12.00:898][101]LogActorComponent: RegisterComponentWithWorld: (/Engine/Transient.World_7:PersistentLevel.AnimationEditorPreviewActor_0.DebugSkelMeshComponent_0) Already registered. Aborting.
[2018.12.27-00.12.00:900][101]LogContentBrowser: Native class hierarchy updated for 'PinnedCommandList' in 0.0003 seconds. Added 1 classes and 0 folders.
[2018.12.27-00.12.01:231][101]LogContentBrowser: Native class hierarchy updated for 'BlueprintGraph' in 0.0006 seconds. Added 116 classes and 0 folders.
[2018.12.27-00.12.01:801][101]LogSkeletalMesh: USkeletalMeshComponent::InitArticulated : Bodies already created (/Engine/Transient.World_7:PersistentLevel.AnimationEditorPreviewActor_0.DebugSkelMeshComponent_0) - call TermArticulated first.
[2018.12.27-00.12.02:019][101]LogSlate: Took 0.000223 seconds to synchronously load lazily loaded font '../../../Engine/Content/Slate/Fonts/Roboto-BoldCondensed.ttf' (158K)
[2018.12.27-00.12.02:066][101]LogContentBrowser: Native class hierarchy updated for 'ClothingSystemEditorInterface' in 0.0005 seconds. Added 1 classes and 0 folders.
[2018.12.27-00.12.04:708][387]LogSlate: Window 'Link_Animation_Controller' being destroyed
[2018.12.27-00.12.32:919][747]LogSlate: Took 0.000296 seconds to synchronously load lazily loaded font '../../../Engine/Content/Slate/Fonts/Roboto-Italic.ttf' (157K)
[2018.12.27-00.12.42:282][860]LogAssetEditorManager: Opening Asset editor for AnimSequence /Game/Assets/Models/Character_Models/Link/Link_Animations/sword_and_shield_death.sword_and_shield_death
[2018.12.27-00.12.42:291][860]LogActorComponent: RegisterComponentWithWorld: (/Engine/Transient.World_9:PersistentLevel.AnimationEditorPreviewActor_0.DebugSkelMeshComponent_0) Already registered. Aborting.
[2018.12.27-00.12.42:313][860]LogSkeletalMesh: USkeletalMeshComponent::InitArticulated : Bodies already created (/Engine/Transient.World_9:PersistentLevel.AnimationEditorPreviewActor_0.DebugSkelMeshComponent_0) - call TermArticulated first.
[2018.12.27-00.12.42:684][860]LogRenderer: Reallocating scene render targets to support 1144x548 Format 10 NumSamples 1 (Frame:1).
[2018.12.27-00.12.42:684][860]LogContentBrowser: Verbose: The majority of assets in the view are of type: AnimSequence
[2018.12.27-00.12.51:256][817]LogAssetEditorManager: Opening Asset editor for AnimSequence /Game/Assets/Models/Character_Models/Link/Link_Animations/sword_and_shield_death__2_.sword_and_shield_death__2_
[2018.12.27-00.12.51:260][817]LogActorComponent: RegisterComponentWithWorld: (/Engine/Transient.World_12:PersistentLevel.AnimationEditorPreviewActor_0.DebugSkelMeshComponent_0) Already registered. Aborting.
[2018.12.27-00.12.51:282][817]LogSkeletalMesh: USkeletalMeshComponent::InitArticulated : Bodies already created (/Engine/Transient.World_12:PersistentLevel.AnimationEditorPreviewActor_0.DebugSkelMeshComponent_0) - call TermArticulated first.
[2018.12.27-00.12.51:601][817]LogContentBrowser: Verbose: The majority of assets in the view are of type: AnimSequence
[2018.12.27-00.13.36:656][104]BlueprintLog: New page: Compile Link_Animation_Controller
[2018.12.27-00.13.37:245][146]LogSavePackage: Moving '../../../../../Users/h017026h/Documents/GitKraken/TGPPairProject/PairProject/Saved/Link_Animation_Controller884F0F284C825D3347AF1F809FF409AF.tmp' to '../../../../../Users/h017026h/Documents/GitKraken/TGPPairProject/PairProject/Content/Assets/Models/Character_Models/Link/Link_Animations/Movement_Animations/Link_Animation_Controller.uasset'
[2018.12.27-00.14.20:570][298]BlueprintLog: New page: Compile Link_Animation_Controller
[2018.12.27-00.14.21:214][349]LogSavePackage: Moving '../../../../../Users/h017026h/Documents/GitKraken/TGPPairProject/PairProject/Saved/Link_Animation_Controller66E504104F4CF0AB112DF98C8D1E7830.tmp' to '../../../../../Users/h017026h/Documents/GitKraken/TGPPairProject/PairProject/Content/Assets/Models/Character_Models/Link/Link_Animations/Movement_Animations/Link_Animation_Controller.uasset'
[2018.12.27-00.15.11:490][359]LogAssetEditorManager: Opening Asset editor for AnimSequence /Game/Assets/Models/Character_Models/Link/Link_Animations/sword_and_shield_death__2_.sword_and_shield_death__2_
[2018.12.27-00.15.11:495][359]LogActorComponent: RegisterComponentWithWorld: (/Engine/Transient.World_15:PersistentLevel.AnimationEditorPreviewActor_0.DebugSkelMeshComponent_0) Already registered. Aborting.
[2018.12.27-00.15.11:517][359]LogSkeletalMesh: USkeletalMeshComponent::InitArticulated : Bodies already created (/Engine/Transient.World_15:PersistentLevel.AnimationEditorPreviewActor_0.DebugSkelMeshComponent_0) - call TermArticulated first.
[2018.12.27-00.15.11:809][359]LogContentBrowser: Verbose: The majority of assets in the view are of type: AnimSequence
[2018.12.27-00.15.59:105][973]LogAssetEditorManager: Opening Asset editor for AnimSequence /Game/Assets/Models/Character_Models/Link/Link_Animations/sword_and_shield_block.sword_and_shield_block
[2018.12.27-00.15.59:111][973]LogActorComponent: RegisterComponentWithWorld: (/Engine/Transient.World_18:PersistentLevel.AnimationEditorPreviewActor_0.DebugSkelMeshComponent_0) Already registered. Aborting.
[2018.12.27-00.15.59:132][973]LogSkeletalMesh: USkeletalMeshComponent::InitArticulated : Bodies already created (/Engine/Transient.World_18:PersistentLevel.AnimationEditorPreviewActor_0.DebugSkelMeshComponent_0) - call TermArticulated first.
[2018.12.27-00.15.59:423][973]LogContentBrowser: Verbose: The majority of assets in the view are of type: AnimSequence
[2018.12.27-00.17.16:997][ 84]BlueprintLog: New page: Compile Link_Animation_Controller
[2018.12.27-00.17.17:616][131]LogSavePackage: Moving '../../../../../Users/h017026h/Documents/GitKraken/TGPPairProject/PairProject/Saved/Link_Animation_ControllerBBAFAC8E4B914B4984615CAC862452A4.tmp' to '../../../../../Users/h017026h/Documents/GitKraken/TGPPairProject/PairProject/Content/Assets/Models/Character_Models/Link/Link_Animations/Movement_Animations/Link_Animation_Controller.uasset'
[2018.12.27-00.18.03:635][565]LogAssetEditorManager: Opening Asset editor for AnimSequence /Game/Assets/Models/Character_Models/Link/Link_Animations/sword_and_shield_attack.sword_and_shield_attack
[2018.12.27-00.18.03:639][565]LogActorComponent: RegisterComponentWithWorld: (/Engine/Transient.World_21:PersistentLevel.AnimationEditorPreviewActor_0.DebugSkelMeshComponent_0) Already registered. Aborting.
[2018.12.27-00.18.03:660][565]LogSkeletalMesh: USkeletalMeshComponent::InitArticulated : Bodies already created (/Engine/Transient.World_21:PersistentLevel.AnimationEditorPreviewActor_0.DebugSkelMeshComponent_0) - call TermArticulated first.
[2018.12.27-00.18.03:959][565]LogContentBrowser: Verbose: The majority of assets in the view are of type: AnimSequence
[2018.12.27-00.18.16:838][ 76]LogAssetEditorManager: Opening Asset editor for AnimSequence /Game/Assets/Models/Character_Models/Link/Link_Animations/sword_and_shield_slash__2_.sword_and_shield_slash__2_
[2018.12.27-00.18.16:842][ 76]LogActorComponent: RegisterComponentWithWorld: (/Engine/Transient.World_24:PersistentLevel.AnimationEditorPreviewActor_0.DebugSkelMeshComponent_0) Already registered. Aborting.
[2018.12.27-00.18.16:864][ 76]LogSkeletalMesh: USkeletalMeshComponent::InitArticulated : Bodies already created (/Engine/Transient.World_24:PersistentLevel.AnimationEditorPreviewActor_0.DebugSkelMeshComponent_0) - call TermArticulated first.
[2018.12.27-00.18.17:151][ 76]LogContentBrowser: Verbose: The majority of assets in the view are of type: AnimSequence
[2018.12.27-00.18.23:946][824]LogAssetEditorManager: Opening Asset editor for AnimSequence /Game/Assets/Models/Character_Models/Link/Link_Animations/sword_and_shield_slash__2_.sword_and_shield_slash__2_
[2018.12.27-00.18.23:951][824]LogActorComponent: RegisterComponentWithWorld: (/Engine/Transient.World_27:PersistentLevel.AnimationEditorPreviewActor_0.DebugSkelMeshComponent_0) Already registered. Aborting.
[2018.12.27-00.18.23:972][824]LogSkeletalMesh: USkeletalMeshComponent::InitArticulated : Bodies already created (/Engine/Transient.World_27:PersistentLevel.AnimationEditorPreviewActor_0.DebugSkelMeshComponent_0) - call TermArticulated first.
[2018.12.27-00.18.24:286][824]LogContentBrowser: Verbose: The majority of assets in the view are of type: AnimSequence
[2018.12.27-00.18.29:457][427]LogAssetEditorManager: Opening Asset editor for AnimSequence /Game/Assets/Models/Character_Models/Link/Link_Animations/sword_and_shield_slash__4_.sword_and_shield_slash__4_
[2018.12.27-00.18.34:084][945]LogAssetEditorManager: Opening Asset editor for AnimSequence /Game/Assets/Models/Character_Models/Link/Link_Animations/sword_and_shield_slash__5_.sword_and_shield_slash__5_
[2018.12.27-00.20.54:861][855]LogFileHelpers: Editor autosave (incl. sublevels) for '/Game/Scenes/CameraTestScene' took 0.035
[2018.12.27-00.20.54:874][855]OBJ SavePackage: Generating thumbnails for [1] asset(s) in package [/Game/Assets/Models/Character_Models/Link/Link_Animations/Movement_Animations/Link_Animation_Controller] ([1] browsable assets)...
[2018.12.27-00.20.54:902][855]OBJ SavePackage:     Rendered thumbnail for [AnimBlueprint /Game/Assets/Models/Character_Models/Link/Link_Animations/Movement_Animations/Link_Animation_Controller.Link_Animation_Controller]
[2018.12.27-00.20.54:902][855]OBJ SavePackage: Finished generating thumbnails for package [/Game/Assets/Models/Character_Models/Link/Link_Animations/Movement_Animations/Link_Animation_Controller]
[2018.12.27-00.20.54:970][855]LogSavePackage: Moving '../../../../../Users/h017026h/Documents/GitKraken/TGPPairProject/PairProject/Saved/Link_Animation_Controller_Auto104E906EB4A148E981DF1CDBDB3EBDDAD.tmp' to '../../../../../Users/h017026h/Documents/GitKraken/TGPPairProject/PairProject/Saved/Autosaves/Game/Assets/Models/Character_Models/Link/Link_Animations/Movement_Animations/Link_Animation_Controller_Auto1.uasset'
[2018.12.27-00.20.54:974][855]LogFileHelpers: Auto-saving content packages took 0.112
[2018.12.27-00.22.05:802][358]BlueprintLog: New page: Compile Link_Animation_Controller
[2018.12.27-00.22.06:462][409]LogSavePackage: Moving '../../../../../Users/h017026h/Documents/GitKraken/TGPPairProject/PairProject/Saved/Link_Animation_ControllerBEAED644456A9DA3BCF3349DDCE2CE0F.tmp' to '../../../../../Users/h017026h/Documents/GitKraken/TGPPairProject/PairProject/Content/Assets/Models/Character_Models/Link/Link_Animations/Movement_Animations/Link_Animation_Controller.uasset'
[2018.12.27-00.22.57:910][572]LogSavePackage: Moving '../../../../../Users/h017026h/Documents/GitKraken/TGPPairProject/PairProject/Saved/Link_Animation_ControllerFA53A6934D8D7481019DFF98CAE1FE67.tmp' to '../../../../../Users/h017026h/Documents/GitKraken/TGPPairProject/PairProject/Content/Assets/Models/Character_Models/Link/Link_Animations/Movement_Animations/Link_Animation_Controller.uasset'
[2018.12.27-00.23.05:578][471]LogRenderer: Reallocating scene render targets to support 1208x616 Format 10 NumSamples 1 (Frame:31).
[2018.12.27-00.23.07:504][680]LogTemp: Repeating last play command: Selected Viewport
[2018.12.27-00.23.07:520][680]LogBlueprintUserMessages: Early PlayInEditor Detection: Level '/Game/Scenes/CameraTestScene.CameraTestScene:PersistentLevel' has LevelScriptBlueprint '/Game/Scenes/CameraTestScene.CameraTestScene:PersistentLevel.CameraTestScene' with GeneratedClass '/Game/Scenes/CameraTestScene.CameraTestScene_C' with ClassGeneratedBy '/Game/Scenes/CameraTestScene.CameraTestScene:PersistentLevel.CameraTestScene'
[2018.12.27-00.23.07:520][680]LogPlayLevel: PlayLevel: No blueprints needed recompiling
[2018.12.27-00.23.07:521][680]PIE: New page: PIE session: CameraTestScene (27 Dec 2018 00:23:07)
[2018.12.27-00.23.07:521][680]LogPlayLevel: Creating play world package: /Game/Scenes/UEDPIE_0_CameraTestScene
[2018.12.27-00.23.07:524][680]LogPlayLevel: PIE: StaticDuplicateObject took: (0.002739s)
[2018.12.27-00.23.07:524][680]LogAIModule: Creating AISystem for world CameraTestScene
[2018.12.27-00.23.07:525][680]LogPlayLevel: PIE: World Init took: (0.000896s)
[2018.12.27-00.23.07:525][680]LogPlayLevel: PIE: Created PIE world by copying editor world from /Game/Scenes/CameraTestScene.CameraTestScene to /Game/Scenes/UEDPIE_0_CameraTestScene.CameraTestScene (0.004174s)
[2018.12.27-00.23.07:555][680]LogInit: XAudio2 using 'Headset Earphone (Corsair VOID PRO USB Gaming Headset)' : 6 channels at 48 kHz using 16 bits per sample (channel mask 0x3f)
[2018.12.27-00.23.07:654][680]LogInit: FAudioDevice initialized.
[2018.12.27-00.23.07:687][680]LogLoad: Game class is 'GameModeBase'
[2018.12.27-00.23.07:689][680]LogWorld: Bringing World /Game/Scenes/UEDPIE_0_CameraTestScene.CameraTestScene up for play (max tick rate 0) at 2018.12.27-00.23.07
[2018.12.27-00.23.07:690][680]LogWorld: Bringing up level for play took: 0.002219
[2018.12.27-00.23.07:703][680]PIE: Play in editor start time for /Game/Scenes/UEDPIE_0_CameraTestScene 0.992
[2018.12.27-00.23.07:703][680]LogBlueprintUserMessages: Late PlayInEditor Detection: Level '/Game/Scenes/CameraTestScene.CameraTestScene:PersistentLevel' has LevelScriptBlueprint '/Game/Scenes/CameraTestScene.CameraTestScene:PersistentLevel.CameraTestScene' with GeneratedClass '/Game/Scenes/CameraTestScene.CameraTestScene_C' with ClassGeneratedBy '/Game/Scenes/CameraTestScene.CameraTestScene:PersistentLevel.CameraTestScene'
[2018.12.27-00.23.16:934][785]LogBlueprintUserMessages: Early EndPlayMap Detection: Level '/Game/Scenes/CameraTestScene.CameraTestScene:PersistentLevel' has LevelScriptBlueprint '/Game/Scenes/CameraTestScene.CameraTestScene:PersistentLevel.CameraTestScene' with GeneratedClass '/Game/Scenes/CameraTestScene.CameraTestScene_C' with ClassGeneratedBy '/Game/Scenes/CameraTestScene.CameraTestScene:PersistentLevel.CameraTestScene'
[2018.12.27-00.23.16:934][785]LogSlate: Updating window title bar state: overlay mode, drag disabled, window buttons hidden, title bar hidden
[2018.12.27-00.23.16:969][785]LogPlayLevel: Display: Shutting down PIE online subsystems
[2018.12.27-00.23.16:969][785]LogBlueprintUserMessages: Late EndPlayMap Detection: Level '/Game/Scenes/CameraTestScene.CameraTestScene:PersistentLevel' has LevelScriptBlueprint '/Game/Scenes/CameraTestScene.CameraTestScene:PersistentLevel.CameraTestScene' with GeneratedClass '/Game/Scenes/CameraTestScene.CameraTestScene_C' with ClassGeneratedBy '/Game/Scenes/CameraTestScene.CameraTestScene:PersistentLevel.CameraTestScene'
[2018.12.27-00.23.16:995][785]LogSlate: Updating window title bar state: overlay mode, drag disabled, window buttons hidden, title bar hidden
[2018.12.27-00.23.17:040][789]LogPlayLevel: Display: Destroying online subsystem :Context_34
[2018.12.27-00.23.17:858][887]LogSlate: FSceneViewport::OnFocusLost() reason 0
[2018.12.27-00.23.17:948][897]MapCheck: New page: Map Check
[2018.12.27-00.23.18:006][897]Cmd: MAP REBUILD ALLVISIBLE
[2018.12.27-00.23.18:008][897]LogEditorServer: Rebuildmap Clear paths rebuilt
[2018.12.27-00.23.18:101][897]LogMaterial: Display: Missing cached shader map for material FDebugViewModeMaterialProxy DefaultMaterial, compiling. 
[2018.12.27-00.23.18:206][897]LogShaderCompilers: Display: Shaders left to compile 1
[2018.12.27-00.23.18:207][897]LogMaterial: Display: Missing cached shader map for material FDebugViewModeMaterialProxy MaterialInstanceDynamic_0, compiling. 
[2018.12.27-00.23.18:212][897]LogMaterial: Display: Missing cached shader map for material FDebugViewModeMaterialProxy tex, compiling. 
[2018.12.27-00.23.18:218][897]LogMaterial: Display: Missing cached shader map for material FDebugViewModeMaterialProxy MatineeCam_mat, compiling. 
[2018.12.27-00.23.19:550][897]LogShaderCompilers: Display: Shaders left to compile 3
[2018.12.27-00.23.19:550][897]LogShaderCompilers: Display: Shaders left to compile 2
[2018.12.27-00.23.19:550][897]LogShaderCompilers: Display: Shaders left to compile 1
[2018.12.27-00.23.19:551][897]TextureStreamingBuild: Display: Compiling optional shaders took 1.459 seconds.
[2018.12.27-00.23.19:584][897]LogLevel: Display: Export Material TexCoord Scales took 0.033 seconds.
[2018.12.27-00.23.19:619][897]TextureStreamingBuild: Display: Build Texture Streaming took 0.024 seconds.
[2018.12.27-00.23.19:665][897]LightingResults: New page: Lighting Build - 27 Dec 2018 00:23:19
[2018.12.27-00.23.19:818][897]LogSwarmInterface: [OpenConnection] Registering TCP channel ...
[2018.12.27-00.23.19:947][897]LogSwarmInterface: [OpenConnection] Connecting to agent ...
[2018.12.27-00.23.19:963][897]LogSwarmInterface: [TryOpenConnection] Testing the Agent
[2018.12.27-00.23.20:489][897]LogSwarmInterface: [TryOpenConnection] Opening Connection to Agent
[2018.12.27-00.23.20:489][897]LogSwarmInterface: [TryOpenConnection] Local Process ID is 18552
[2018.12.27-00.23.23:080][897]LogStaticLightingSystem: Warning: No importance volume found, so the scene bounding box was used.  You can optimize your scene's quality and lighting build times by adding importance volumes.
[2018.12.27-00.23.23:098][897]LogStaticLightingSystem: Running Lightmass w/ ImmediateImport mode ENABLED
[2018.12.27-00.23.23:098][897]LogStaticLightingSystem: Running Lightmass w/ ImmediateProcess mode ENABLED
[2018.12.27-00.23.23:098][897]LogStaticLightingSystem: Running Lightmass w/ Sorting mode ENABLED
[2018.12.27-00.23.23:098][897]LogStaticLightingSystem: Running Lightmass w/ Mapping paddings ENABLED
[2018.12.27-00.23.23:098][897]LogStaticLightingSystem: Running Lightmass w/ Mapping debug paddings DISABLED
[2018.12.27-00.23.23:225][897]Cmd: MAP CHECK DONTDISPLAYDIALOG
[2018.12.27-00.23.23:225][897]MapCheck: New page: CameraTestScene - 27 Dec 2018 00:23:23
[2018.12.27-00.23.23:236][897]MapCheck: Error: WorldSettings_1 Maps need lighting rebuilt 
[2018.12.27-00.23.23:258][897]MapCheck: Warning: MyLinkCharacter_2 Static mesh actor has NULL StaticMesh property 
[2018.12.27-00.23.23:258][897]MapCheck: Warning: MyLinkCharacter2_5 Static mesh actor has NULL StaticMesh property 
[2018.12.27-00.23.23:320][897]MapCheck: Map check complete: 1 Error(s), 2 Warning(s), took 94.617ms to complete.
[2018.12.27-00.23.23:354][897]LogEditorBuildUtils: Build time 0:05
[2018.12.27-00.23.25:384][ 27]Job is a success!
[2018.12.27-00.23.25:462][ 28]LogVolumetricLightmapImport: Imported Volumetric Lightmap in 0.033s
[2018.12.27-00.23.25:462][ 28]LogVolumetricLightmapImport:      Indirection Texture 16x16x16 = 0.0Mb
[2018.12.27-00.23.25:462][ 28]LogVolumetricLightmapImport:      BrickData 30x5x5 = 0.0Mb
[2018.12.27-00.23.25:462][ 28]LogVolumetricLightmapImport:      Bricks at Level
[2018.12.27-00.23.25:463][ 28]LogVolumetricLightmapImport:          0: 16.7% covering 100.0% of volume
[2018.12.27-00.23.25:463][ 28]LogVolumetricLightmapImport:          1: 16.7% covering 1.6% of volume
[2018.12.27-00.23.25:463][ 28]LogVolumetricLightmapImport:          2: 66.7% covering 0.1% of volume
[2018.12.27-00.23.25:587][ 28]LogTexture: Display: Building textures: HQ_Lightmap0_1 (AutoDXT, 256X256)
[2018.12.27-00.23.25:587][ 28]LogTexture: Display: Building textures: HQ_Lightmap0_2 (AutoDXT, 64X64)
[2018.12.27-00.23.25:587][ 28]LogTexture: Display: Building textures: LQ_Lightmap_0_2 (DXT1, 64X64)
[2018.12.27-00.23.25:587][ 28]LogTexture: Display: Building textures: LQ_Lightmap_0_1 (DXT1, 256X256)
[2018.12.27-00.23.25:587][ 28]LogTexture: Display: Building textures: ShadowMapTexture2D_1 (G8, 32X32)
[2018.12.27-00.23.25:587][ 28]LogTexture: Display: Building textures: ShadowMapTexture2D_0 (G8, 128X128)
[2018.12.27-00.23.25:609][ 28]Lightmass on DESKTOP-D8L6EI8: 1.42 sec total, 128 ms importing, 25 ms setup, 698 ms photons, 532 ms processing, 0 ms extra exporting [2/2 mappings]. Threads: 5.36 sec total, 110 ms processing.
[2018.12.27-00.23.25:655][ 28]LogStaticLightingSystem: Illumination: 5.96 sec (75 ms encoding lightmaps, 20 ms encoding shadowmaps)
[2018.12.27-00.23.25:655][ 28]LogStaticLightingSystem: Lightmap texture memory:  0.1 MB (0.1 MB streaming, 0.0 MB non-streaming), 4 textures
[2018.12.27-00.23.25:655][ 28]LogStaticLightingSystem: Shadowmap texture memory: 0.0 MB (0.0 MB streaming, 0.0 MB non-streaming), 2 textures
[2018.12.27-00.23.26:121][ 28]DumpUnbuiltLightIteractions
[2018.12.27-00.23.26:121][ 28]Lights with unbuilt interactions: 0
[2018.12.27-00.23.26:121][ 28]
[2018.12.27-00.23.26:121][ 28]Primitives with unbuilt interactions: 0
[2018.12.27-00.23.26:244][ 29]Cmd: MAP CHECK NOTIFYRESULTS
[2018.12.27-00.23.26:244][ 29]MapCheck: New page: CameraTestScene - 27 Dec 2018 00:23:26
[2018.12.27-00.23.26:244][ 29]MapCheck: Warning: MyLinkCharacter_2 Static mesh actor has NULL StaticMesh property 
[2018.12.27-00.23.26:245][ 29]MapCheck: Warning: MyLinkCharacter2_5 Static mesh actor has NULL StaticMesh property 
[2018.12.27-00.23.26:306][ 29]MapCheck: Map check complete: 0 Error(s), 2 Warning(s), took 62.165ms to complete.
[2018.12.27-00.23.29:387][395]LogSlate: Window 'Message Log' being destroyed
[2018.12.27-00.23.29:390][395]LogSlate: Window 'Message Log' being destroyed
[2018.12.27-00.23.33:981][943]LogSlate: Window 'Message Log' being destroyed
[2018.12.27-00.23.33:984][943]LogSlate: Window 'Message Log' being destroyed
[2018.12.27-00.23.37:823][391]LogEditorViewport: Clicking on Actor (LMB): StaticMeshActor (Floor)
[2018.12.27-00.23.39:872][566]LogSlate: FSceneViewport::OnFocusLost() reason 0
[2018.12.27-00.23.44:389][ 98]LogSlate: FSceneViewport::OnFocusLost() reason 0
[2018.12.27-00.23.44:719][109]LogSavePackage: Moving '../../../../../Users/h017026h/Documents/GitKraken/TGPPairProject/PairProject/Saved/CameraTestScene5007C2F3468DC3AB879B82BA37BA5505.tmp' to '../../../../../Users/h017026h/Documents/GitKraken/TGPPairProject/PairProject/Content/Scenes/CameraTestScene.umap'
[2018.12.27-00.23.44:807][109]LogSavePackage: Moving '../../../../../Users/h017026h/Documents/GitKraken/TGPPairProject/PairProject/Saved/CameraTestScene_BuiltData2CFB58364C5E762C2E0C71977ED7A8F5.tmp' to '../../../../../Users/h017026h/Documents/GitKraken/TGPPairProject/PairProject/Content/Scenes/CameraTestScene_BuiltData.uasset'
[2018.12.27-00.23.55:167][339]LogAssetEditorManager: Opening Asset editor for Blueprint /Game/Blueprints/MyLinkCharacter.MyLinkCharacter
[2018.12.27-00.23.57:427][547]LogSlate: Window 'MyLinkCharacter' being destroyed
[2018.12.27-00.23.58:973][729]LogSlate: Window 'MyLinkCharacter' being destroyed
[2018.12.27-00.24.19:623][194]LogTemp: Repeating last play command: Selected Viewport
[2018.12.27-00.24.19:642][194]LogBlueprintUserMessages: Early PlayInEditor Detection: Level '/Game/Scenes/CameraTestScene.CameraTestScene:PersistentLevel' has LevelScriptBlueprint '/Game/Scenes/CameraTestScene.CameraTestScene:PersistentLevel.CameraTestScene' with GeneratedClass '/Game/Scenes/CameraTestScene.CameraTestScene_C' with ClassGeneratedBy '/Game/Scenes/CameraTestScene.CameraTestScene:PersistentLevel.CameraTestScene'
[2018.12.27-00.24.19:642][194]LogPlayLevel: PlayLevel: No blueprints needed recompiling
[2018.12.27-00.24.19:643][194]PIE: New page: PIE session: CameraTestScene (27 Dec 2018 00:24:19)
[2018.12.27-00.24.19:643][194]LogPlayLevel: Creating play world package: /Game/Scenes/UEDPIE_0_CameraTestScene
[2018.12.27-00.24.19:646][194]LogPlayLevel: PIE: StaticDuplicateObject took: (0.002731s)
[2018.12.27-00.24.19:647][194]LogAIModule: Creating AISystem for world CameraTestScene
[2018.12.27-00.24.19:647][194]LogPlayLevel: PIE: World Init took: (0.001077s)
[2018.12.27-00.24.19:647][194]LogPlayLevel: PIE: Created PIE world by copying editor world from /Game/Scenes/CameraTestScene.CameraTestScene to /Game/Scenes/UEDPIE_0_CameraTestScene.CameraTestScene (0.004369s)
[2018.12.27-00.24.19:698][194]LogInit: XAudio2 using 'Headset Earphone (Corsair VOID PRO USB Gaming Headset)' : 6 channels at 48 kHz using 16 bits per sample (channel mask 0x3f)
[2018.12.27-00.24.19:798][194]LogInit: FAudioDevice initialized.
[2018.12.27-00.24.19:804][194]LogSlate: Updating window title bar state: overlay mode, drag disabled, window buttons hidden, title bar hidden
[2018.12.27-00.24.19:837][194]LogLoad: Game class is 'GameModeBase'
[2018.12.27-00.24.19:840][194]LogWorld: Bringing World /Game/Scenes/UEDPIE_0_CameraTestScene.CameraTestScene up for play (max tick rate 0) at 2018.12.27-00.24.19
[2018.12.27-00.24.19:841][194]LogWorld: Bringing up level for play took: 0.003007
[2018.12.27-00.24.19:853][194]LogGameMode: FindPlayerStart: PATHS NOT DEFINED or NO PLAYERSTART with positive rating
[2018.12.27-00.24.19:856][194]PIE: Play in editor start time for /Game/Scenes/UEDPIE_0_CameraTestScene 1.145
[2018.12.27-00.24.19:856][194]LogBlueprintUserMessages: Late PlayInEditor Detection: Level '/Game/Scenes/CameraTestScene.CameraTestScene:PersistentLevel' has LevelScriptBlueprint '/Game/Scenes/CameraTestScene.CameraTestScene:PersistentLevel.CameraTestScene' with GeneratedClass '/Game/Scenes/CameraTestScene.CameraTestScene_C' with ClassGeneratedBy '/Game/Scenes/CameraTestScene.CameraTestScene:PersistentLevel.CameraTestScene'
[2018.12.27-00.24.19:921][194]LogRenderer: Reallocating scene render targets to support 1292x756 Format 10 NumSamples 1 (Frame:1).
[2018.12.27-00.24.31:289][547]LogBlueprintUserMessages: Early EndPlayMap Detection: Level '/Game/Scenes/CameraTestScene.CameraTestScene:PersistentLevel' has LevelScriptBlueprint '/Game/Scenes/CameraTestScene.CameraTestScene:PersistentLevel.CameraTestScene' with GeneratedClass '/Game/Scenes/CameraTestScene.CameraTestScene_C' with ClassGeneratedBy '/Game/Scenes/CameraTestScene.CameraTestScene:PersistentLevel.CameraTestScene'
[2018.12.27-00.24.31:289][547]LogSlate: Updating window title bar state: overlay mode, drag disabled, window buttons hidden, title bar hidden
[2018.12.27-00.24.31:305][547]LogSlate: Window 'PairProject Game Preview Standalone (64-bit/PCD3D_SM5)' being destroyed
[2018.12.27-00.24.31:344][547]LogPlayLevel: Display: Shutting down PIE online subsystems
[2018.12.27-00.24.31:345][547]LogBlueprintUserMessages: Late EndPlayMap Detection: Level '/Game/Scenes/CameraTestScene.CameraTestScene:PersistentLevel' has LevelScriptBlueprint '/Game/Scenes/CameraTestScene.CameraTestScene:PersistentLevel.CameraTestScene' with GeneratedClass '/Game/Scenes/CameraTestScene.CameraTestScene_C' with ClassGeneratedBy '/Game/Scenes/CameraTestScene.CameraTestScene:PersistentLevel.CameraTestScene'
[2018.12.27-00.24.31:436][548]LogPlayLevel: Display: Destroying online subsystem :Context_38
[2018.12.27-00.25.44:305][270]LogEditorViewport: Clicking on Actor (LMB): MyLinkCharacter_C (MyLinkCharacter)
[2018.12.27-00.25.47:414][616]LogSlate: FSceneViewport::OnFocusLost() reason 0
[2018.12.27-00.25.47:505][627]LogTemp: Repeating last play command: Selected Viewport
[2018.12.27-00.25.47:521][627]LogBlueprintUserMessages: Early PlayInEditor Detection: Level '/Game/Scenes/CameraTestScene.CameraTestScene:PersistentLevel' has LevelScriptBlueprint '/Game/Scenes/CameraTestScene.CameraTestScene:PersistentLevel.CameraTestScene' with GeneratedClass '/Game/Scenes/CameraTestScene.CameraTestScene_C' with ClassGeneratedBy '/Game/Scenes/CameraTestScene.CameraTestScene:PersistentLevel.CameraTestScene'
[2018.12.27-00.25.47:521][627]LogPlayLevel: PlayLevel: No blueprints needed recompiling
[2018.12.27-00.25.47:521][627]PIE: New page: PIE session: CameraTestScene (27 Dec 2018 00:25:47)
[2018.12.27-00.25.47:521][627]LogPlayLevel: Creating play world package: /Game/Scenes/UEDPIE_0_CameraTestScene
[2018.12.27-00.25.47:524][627]LogPlayLevel: PIE: StaticDuplicateObject took: (0.002671s)
[2018.12.27-00.25.47:525][627]LogAIModule: Creating AISystem for world CameraTestScene
[2018.12.27-00.25.47:525][627]LogPlayLevel: PIE: World Init took: (0.000855s)
[2018.12.27-00.25.47:525][627]LogPlayLevel: PIE: Created PIE world by copying editor world from /Game/Scenes/CameraTestScene.CameraTestScene to /Game/Scenes/UEDPIE_0_CameraTestScene.CameraTestScene (0.003905s)
[2018.12.27-00.25.47:591][627]LogInit: XAudio2 using 'Headset Earphone (Corsair VOID PRO USB Gaming Headset)' : 6 channels at 48 kHz using 16 bits per sample (channel mask 0x3f)
[2018.12.27-00.25.47:705][627]LogInit: FAudioDevice initialized.
[2018.12.27-00.25.47:738][627]LogLoad: Game class is 'GameModeBase'
[2018.12.27-00.25.47:740][627]LogWorld: Bringing World /Game/Scenes/UEDPIE_0_CameraTestScene.CameraTestScene up for play (max tick rate 0) at 2018.12.27-00.25.47
[2018.12.27-00.25.47:741][627]LogWorld: Bringing up level for play took: 0.002402
[2018.12.27-00.25.47:755][627]PIE: Play in editor start time for /Game/Scenes/UEDPIE_0_CameraTestScene 1.045
[2018.12.27-00.25.47:756][627]LogBlueprintUserMessages: Late PlayInEditor Detection: Level '/Game/Scenes/CameraTestScene.CameraTestScene:PersistentLevel' has LevelScriptBlueprint '/Game/Scenes/CameraTestScene.CameraTestScene:PersistentLevel.CameraTestScene' with GeneratedClass '/Game/Scenes/CameraTestScene.CameraTestScene_C' with ClassGeneratedBy '/Game/Scenes/CameraTestScene.CameraTestScene:PersistentLevel.CameraTestScene'
[2018.12.27-00.25.55:477][551]LogBlueprintUserMessages: Early EndPlayMap Detection: Level '/Game/Scenes/CameraTestScene.CameraTestScene:PersistentLevel' has LevelScriptBlueprint '/Game/Scenes/CameraTestScene.CameraTestScene:PersistentLevel.CameraTestScene' with GeneratedClass '/Game/Scenes/CameraTestScene.CameraTestScene_C' with ClassGeneratedBy '/Game/Scenes/CameraTestScene.CameraTestScene:PersistentLevel.CameraTestScene'
[2018.12.27-00.25.55:477][551]LogSlate: Updating window title bar state: overlay mode, drag disabled, window buttons hidden, title bar hidden
[2018.12.27-00.25.55:514][551]LogPlayLevel: Display: Shutting down PIE online subsystems
[2018.12.27-00.25.55:515][551]LogBlueprintUserMessages: Late EndPlayMap Detection: Level '/Game/Scenes/CameraTestScene.CameraTestScene:PersistentLevel' has LevelScriptBlueprint '/Game/Scenes/CameraTestScene.CameraTestScene:PersistentLevel.CameraTestScene' with GeneratedClass '/Game/Scenes/CameraTestScene.CameraTestScene_C' with ClassGeneratedBy '/Game/Scenes/CameraTestScene.CameraTestScene:PersistentLevel.CameraTestScene'
[2018.12.27-00.25.55:536][551]LogSlate: Updating window title bar state: overlay mode, drag disabled, window buttons hidden, title bar hidden
[2018.12.27-00.25.55:583][555]LogPlayLevel: Display: Destroying online subsystem :Context_39
[2018.12.27-00.26.02:425][372]LogSlate: FSceneViewport::OnFocusLost() reason 0
[2018.12.27-00.26.02:671][382]LogSavePackage: Moving '../../../../../Users/h017026h/Documents/GitKraken/TGPPairProject/PairProject/Saved/CameraTestScene5B34C7BF440481FEAE5756A8F44DA43F.tmp' to '../../../../../Users/h017026h/Documents/GitKraken/TGPPairProject/PairProject/Content/Scenes/CameraTestScene.umap'
[2018.12.27-00.26.02:751][382]LogSavePackage: Moving '../../../../../Users/h017026h/Documents/GitKraken/TGPPairProject/PairProject/Saved/CameraTestScene_BuiltData93E80B6D4215FD8C5D1CE4A670C3D51B.tmp' to '../../../../../Users/h017026h/Documents/GitKraken/TGPPairProject/PairProject/Content/Scenes/CameraTestScene_BuiltData.uasset'
