Log file open, 12/14/18 21:24:27
LogWindows: Failed to load 'aqProf.dll' (GetLastError=126)
LogWindows: File 'aqProf.dll' does not exist
LogWindows: Failed to load 'VSPerf140.dll' (GetLastError=126)
LogWindows: File 'VSPerf140.dll' does not exist
LogWindows: Failed to load 'VtuneApi.dll' (GetLastError=126)
LogWindows: File 'VtuneApi.dll' does not exist
LogWindows: Failed to load 'VtuneApi32e.dll' (GetLastError=126)
LogWindows: File 'VtuneApi32e.dll' does not exist
LogInit: Display: Running engine for game: PairProject
LogPlatformFile: Not using cached read wrapper
LogTaskGraph: Started task graph with 5 named threads and 35 total threads with 3 sets of task threads.
LogStats: Stats thread started at 0.480874
LogD3D11RHI: Loaded GFSDK_Aftermath_Lib.x64.dll
LogICUInternationalization: Display: ICU TimeZone Detection - Raw Offset: +0:00, Platform Override: ''
LogPluginManager: Mounting plugin Paper2D
LogPluginManager: Mounting plugin AISupport
LogPluginManager: Mounting plugin LightPropagationVolume
LogPluginManager: Mounting plugin CLionSourceCodeAccess
LogPluginManager: Mounting plugin CodeLiteSourceCodeAccess
LogPluginManager: Mounting plugin GitSourceControl
LogPluginManager: Mounting plugin KDevelopSourceCodeAccess
LogPluginManager: Mounting plugin NullSourceCodeAccess
LogPluginManager: Mounting plugin PerforceSourceControl
LogPluginManager: Mounting plugin SubversionSourceControl
LogPluginManager: Mounting plugin UObjectPlugin
LogPluginManager: Mounting plugin VisualStudioCodeSourceCodeAccess
LogPluginManager: Mounting plugin VisualStudioSourceCodeAccess
LogPluginManager: Mounting plugin XCodeSourceCodeAccess
LogPluginManager: Mounting plugin AssetManagerEditor
LogPluginManager: Mounting plugin CryptoKeys
LogPluginManager: Mounting plugin DataValidation
LogPluginManager: Mounting plugin FacialAnimation
LogPluginManager: Mounting plugin GameplayTagsEditor
LogPluginManager: Mounting plugin MacGraphicsSwitching
LogPluginManager: Mounting plugin MeshEditor
LogPluginManager: Mounting plugin MobileLauncherProfileWizard
LogPluginManager: Mounting plugin PluginBrowser
LogPluginManager: Mounting plugin SpeedTreeImporter
LogPluginManager: Mounting plugin DatasmithContent
LogPluginManager: Mounting plugin AlembicImporter
LogPluginManager: Mounting plugin AppleImageUtils
LogPluginManager: Mounting plugin AppleVision
LogPluginManager: Mounting plugin BackChannel
LogPluginManager: Mounting plugin CharacterAI
LogPluginManager: Mounting plugin GeometryCache
LogPluginManager: Mounting plugin HTML5Networking
LogPluginManager: Mounting plugin ProxyLODPlugin
LogPluginManager: Mounting plugin MagicLeap
LogPluginManager: Mounting plugin MagicLeapEmulator
LogPluginManager: Mounting plugin MagicLeapMedia
LogPluginManager: Mounting plugin AndroidMedia
LogPluginManager: Mounting plugin AvfMedia
LogPluginManager: Mounting plugin ImgMedia
LogPluginManager: Mounting plugin LinearTimecode
LogPluginManager: Mounting plugin MediaCompositing
LogPluginManager: Mounting plugin MediaPlayerEditor
LogPluginManager: Mounting plugin WmfMedia
LogPluginManager: Mounting plugin TcpMessaging
LogPluginManager: Mounting plugin UdpMessaging
LogPluginManager: Mounting plugin ActorSequence
LogPluginManager: Mounting plugin LevelSequenceEditor
LogPluginManager: Mounting plugin MatineeToLevelSequence
LogPluginManager: Mounting plugin NetcodeUnitTest
LogPluginManager: Mounting plugin NUTUnrealEngine4
LogPluginManager: Mounting plugin OnlineSubsystemGooglePlay
LogPluginManager: Mounting plugin OnlineSubsystemIOS
LogPluginManager: Mounting plugin OnlineSubsystem
LogPluginManager: Mounting plugin OnlineSubsystemNull
LogPluginManager: Mounting plugin OnlineSubsystemUtils
LogPluginManager: Mounting plugin LauncherChunkInstaller
LogPluginManager: Mounting plugin AndroidDeviceProfileSelector
LogPluginManager: Mounting plugin AndroidMoviePlayer
LogPluginManager: Mounting plugin AndroidPermission
LogPluginManager: Mounting plugin AppleMoviePlayer
LogPluginManager: Mounting plugin ArchVisCharacter
LogPluginManager: Mounting plugin AudioCapture
LogPluginManager: Mounting plugin CableComponent
LogPluginManager: Mounting plugin CustomMeshComponent
LogPluginManager: Mounting plugin EditableMesh
LogPluginManager: Mounting plugin ExampleDeviceProfileSelector
LogPluginManager: Mounting plugin GoogleCloudMessaging
LogPluginManager: Mounting plugin ImmediatePhysics
LogPluginManager: Mounting plugin IOSDeviceProfileSelector
LogPluginManager: Mounting plugin LinuxDeviceProfileSelector
LogPluginManager: Mounting plugin LocationServicesBPLibrary
LogPluginManager: Mounting plugin MobilePatchingUtils
LogPluginManager: Mounting plugin OculusVR
LogPluginManager: Plugin shader directory ../../../Engine/Plugins/Runtime/Oculus/OculusVR/Shaders found
LogPluginManager: Mapping shader source directory ../../../Engine/Plugins/Runtime/Oculus/OculusVR/Shaders to virtual directory /Plugin/OculusVR
LogPluginManager: Mounting plugin PhysXVehicles
LogPluginManager: Mounting plugin ProceduralMeshComponent
LogPluginManager: Mounting plugin RuntimePhysXCooking
LogPluginManager: Mounting plugin SteamVR
LogPluginManager: Mounting plugin WindowsMoviePlayer
LogStreaming: Display: Took  0.092s to configure plugins.
LogInit: Using libcurl 7.55.1-DEV
LogInit:  - built for x86_64-pc-win32
LogInit:  - supports SSL with OpenSSL/1.0.2h
LogInit:  - supports HTTP deflate (compression) using libz 1.2.8
LogInit:  - other features:
LogInit:      CURL_VERSION_SSL
LogInit:      CURL_VERSION_LIBZ
LogInit:      CURL_VERSION_IPV6
LogInit:      CURL_VERSION_ASYNCHDNS
LogInit:      CURL_VERSION_LARGEFILE
LogInit:      CURL_VERSION_IDN
LogInit:  CurlRequestOptions (configurable via config and command line):
LogInit:  - bVerifyPeer = false  - Libcurl will NOT verify peer certificate
LogInit:  - bUseHttpProxy = false  - Libcurl will NOT use HTTP proxy
LogInit:  - bDontReuseConnections = false  - Libcurl will reuse connections
LogInit:  - CertBundlePath = nullptr  - Libcurl will use whatever was configured at build time.
LogInit:  - MaxHostConnections = 16  - Libcurl will limit the number of connections to a host
LogInit:  - LocalHostAddr = Default
LogInit:  - BufferSize = 65536
LogInit: WinSock: version 1.1 (2.2), MaxSocks=32767, MaxUdp=65467
LogInit: Build: ++UE4+Release-4.20-CL-4369336
LogInit: Engine Version: 4.20.3-4369336+++UE4+Release-4.20
LogInit: Compatible Engine Version: 4.20.0-4212847+++UE4+Release-4.20
LogInit: Net CL: 4212847
LogInit: OS: Windows 10 (), CPU: Intel(R) Core(TM) i7-8700K CPU @ 3.70GHz, GPU: NVIDIA GeForce GTX 950
LogInit: Compiled (64-bit): Sep 17 2018 12:26:19
LogInit: Compiled with Visual C++: 19.13.26129.00
LogInit: Build Configuration: Development
LogInit: Branch Name: ++UE4+Release-4.20
LogInit: Command Line:  -skipcompile
LogInit: Base Directory: D:/Program Files (x86)/UE_4.20/Engine/Binaries/Win64/
LogInit: Installed Engine Build: 1
LogDevObjectVersion: Number of dev versions registered: 20
LogDevObjectVersion:   Dev-Blueprints (B0D832E4-1F89-4F0D-ACCF-7EB736FD4AA2): 10
LogDevObjectVersion:   Dev-Build (E1C64328-A22C-4D53-A36C-8E866417BD8C): 0
LogDevObjectVersion:   Dev-Core (375EC13C-06E4-48FB-B500-84F0262A717E): 2
LogDevObjectVersion:   Dev-Editor (E4B068ED-F494-42E9-A231-DA0B2E46BB41): 24
LogDevObjectVersion:   Dev-Framework (CFFC743F-43B0-4480-9391-14DF171D2073): 34
LogDevObjectVersion:   Dev-Mobile (B02B49B5-BB20-44E9-A304-32B752E40360): 2
LogDevObjectVersion:   Dev-Networking (A4E4105C-59A1-49B5-A7C5-40C4547EDFEE): 0
LogDevObjectVersion:   Dev-Online (39C831C9-5AE6-47DC-9A44-9C173E1C8E7C): 0
LogDevObjectVersion:   Dev-Physics (78F01B33-EBEA-4F98-B9B4-84EACCB95AA2): 0
LogDevObjectVersion:   Dev-Platform (6631380F-2D4D-43E0-8009-CF276956A95A): 0
LogDevObjectVersion:   Dev-Rendering (12F88B9F-8875-4AFC-A67C-D90C383ABD29): 26
LogDevObjectVersion:   Dev-Sequencer (7B5AE74C-D270-4C10-A958-57980B212A5A): 9
LogDevObjectVersion:   Dev-VR (D7296918-1DD6-4BDD-9DE2-64A83CC13884): 2
LogDevObjectVersion:   Dev-LoadTimes (C2A15278-BFE7-4AFE-6C17-90FF531DF755): 1
LogDevObjectVersion:   Private-Geometry (6EACA3D4-40EC-4CC1-B786-8BED09428FC5): 3
LogDevObjectVersion:   Dev-AnimPhys (29E575DD-E0A3-4627-9D10-D276232CDCEA): 17
LogDevObjectVersion:   Dev-ReflectionCapture (6B266CEC-1EC7-4B8F-A30B-E4D90942FC07): 1
LogDevObjectVersion:   Dev-Automation (0DF73D61-A23F-47EA-B727-89E90C41499A): 1
LogDevObjectVersion:   FortniteMain (601D1886-AC64-4F84-AA16-D3DE0DEAC7D6): 12
LogDevObjectVersion:   Dev-Enterprise (9DFFBCD6-494F-0158-E221-12823C92A888): 1
LogStreaming: Display: Took  0.002s to delete old logs.
LogInit: Presizing for max 8388607 objects, including 0 objects not considered by GC, pre-allocating 0 bytes for permanent pool.
LogInit: Object subsystem initialized
[2018.12.14-21.24.27:860][  0]LogInit: Selected Device Profile: [Windows]
[2018.12.14-21.24.27:860][  0]LogInit: Applying CVar settings loaded from the selected device profile: [Windows]
[2018.12.14-21.24.27:871][  0]LogHAL: Display: Platform has ~ 16 GB [17132584960 / 17179869184 / 16], which maps to Larger [LargestMinGB=32, LargerMinGB=12, DefaultMinGB=8, SmallerMinGB=6, SmallestMinGB=0)
[2018.12.14-21.24.27:871][  0]LogInit: Setting Device Profile CVar: [[r.Vulkan.UseRealUBs:1]]
[2018.12.14-21.24.27:871][  0]LogInit: Going up to parent DeviceProfile []
[2018.12.14-21.24.27:872][  0]LogInit: Computer: DESKTOP-D8L6EI8
[2018.12.14-21.24.27:872][  0]LogInit: User: h017026h
[2018.12.14-21.24.27:872][  0]LogInit: CPU Page size=4096, Cores=6
[2018.12.14-21.24.27:872][  0]LogInit: High frequency timer resolution =3.609375 MHz
[2018.12.14-21.24.27:872][  0]LogMemory: Memory total: Physical=16.0GB (16GB approx)
[2018.12.14-21.24.27:872][  0]LogMemory: Platform Memory Stats for Windows
[2018.12.14-21.24.27:872][  0]LogMemory: Process Physical Memory: 102.79 MB used, 102.79 MB peak
[2018.12.14-21.24.27:872][  0]LogMemory: Process Virtual Memory: 94.03 MB used, 94.03 MB peak
[2018.12.14-21.24.27:873][  0]LogMemory: Physical Memory: 7616.33 MB used,  8722.57 MB free, 16338.91 MB total
[2018.12.14-21.24.27:873][  0]LogMemory: Virtual Memory: 4660.66 MB used,  8722.57 MB free, 134217728.00 MB total
[2018.12.14-21.24.27:945][  0]LogInit: Using OS detected language (en-GB).
[2018.12.14-21.24.27:945][  0]LogInit: Using OS detected locale (en-GB).
[2018.12.14-21.24.27:946][  0]LogTextLocalizationManager: No specific localization for 'en-GB' exists, so the 'en' localization will be used.
[2018.12.14-21.24.28:218][  0]LogStreaming: Display: Took  0.273s to InitEngineTextLocalization.
[2018.12.14-21.24.28:218][  0]LogInit: Setting process to per monitor DPI aware
[2018.12.14-21.24.28:248][  0]LogSlate: New Slate User Created.  User Index 0, Is Virtual User: 0
[2018.12.14-21.24.28:248][  0]LogSlate: Slate User Registered.  User Index 0, Is Virtual User: 0
[2018.12.14-21.24.28:379][  0]LogHMD: Failed to initialize OpenVR with code 110
[2018.12.14-21.24.28:379][  0]LogD3D11RHI: D3D11 adapters:
[2018.12.14-21.24.28:439][  0]LogD3D11RHI:    0. 'NVIDIA GeForce GTX 950' (Feature Level 11_0)
[2018.12.14-21.24.28:439][  0]LogD3D11RHI:       2007/0/8169 MB DedicatedVideo/DedicatedSystem/SharedSystem, Outputs:1, VendorId:0x10de
[2018.12.14-21.24.28:444][  0]LogD3D11RHI:    1. 'Microsoft Basic Render Driver' (Feature Level 11_0)
[2018.12.14-21.24.28:444][  0]LogD3D11RHI:       0/0/8169 MB DedicatedVideo/DedicatedSystem/SharedSystem, Outputs:0, VendorId:0x1414
[2018.12.14-21.24.28:444][  0]LogD3D11RHI: Chosen D3D11 Adapter: 0
[2018.12.14-21.24.28:449][  0]LogD3D11RHI: Creating new Direct3DDevice
[2018.12.14-21.24.28:449][  0]LogD3D11RHI:     GPU DeviceId: 0x1402 (for the marketing name, search the web for "GPU Device Id")
[2018.12.14-21.24.28:449][  0]LogWindows: EnumDisplayDevices:
[2018.12.14-21.24.28:449][  0]LogWindows:    0. 'NVIDIA GeForce GTX 950' (P:1 D:1)
[2018.12.14-21.24.28:450][  0]LogWindows:    1. 'NVIDIA GeForce GTX 950' (P:0 D:0)
[2018.12.14-21.24.28:450][  0]LogWindows:    2. 'NVIDIA GeForce GTX 950' (P:0 D:0)
[2018.12.14-21.24.28:450][  0]LogWindows:    3. 'NVIDIA GeForce GTX 950' (P:0 D:0)
[2018.12.14-21.24.28:451][  0]LogWindows: DebugString: FoundDriverCount:4 
[2018.12.14-21.24.28:451][  0]LogD3D11RHI:     Adapter Name: NVIDIA GeForce GTX 950
[2018.12.14-21.24.28:451][  0]LogD3D11RHI:   Driver Version: 399.07 (internal:24.21.13.9907, unified:399.07)
[2018.12.14-21.24.28:451][  0]LogD3D11RHI:      Driver Date: 8-21-2018
[2018.12.14-21.24.28:451][  0]LogRHI: Texture pool is 1405 MB (70% of 2007 MB)
[2018.12.14-21.24.28:487][  0]LogD3D11RHI: Async texture creation enabled
[2018.12.14-21.24.28:517][  0]LogD3D11RHI: GPU Timing Frequency: 1000.000000 (Debug: 2 2)
[2018.12.14-21.24.28:565][  0]LogShaderCompilers: Guid format shader working directory is -28 characters bigger than the processId version (../../../../../Users/h017026h/Documents/GitKraken/TGPPairProject/PairProject/Intermediate/Shaders/WorkingDirectory/11328/).
[2018.12.14-21.24.28:566][  0]LogShaderCompilers: Cleaned the shader compiler working directory 'C:/Users/h017026h/AppData/Local/Temp/UnrealShaderWorkingDir/545178C045ED3C373976ABB95FF5B103/'.
[2018.12.14-21.24.28:769][  0]LogTemp: Display: Loaded TP AllDesktopTargetPlatform
[2018.12.14-21.24.28:781][  0]LogTemp: Display: Loaded TP MacClientTargetPlatform
[2018.12.14-21.24.28:793][  0]LogTemp: Display: Loaded TP MacNoEditorTargetPlatform
[2018.12.14-21.24.28:804][  0]LogTemp: Display: Loaded TP MacServerTargetPlatform
[2018.12.14-21.24.28:815][  0]LogTemp: Display: Loaded TP MacTargetPlatform
[2018.12.14-21.24.28:827][  0]LogTemp: Display: Loaded TP WindowsClientTargetPlatform
[2018.12.14-21.24.28:838][  0]LogTemp: Display: Loaded TP WindowsNoEditorTargetPlatform
[2018.12.14-21.24.28:849][  0]LogTemp: Display: Loaded TP WindowsServerTargetPlatform
[2018.12.14-21.24.28:855][  0]LogTemp: Display: Loaded TP WindowsTargetPlatform
[2018.12.14-21.24.28:915][  0]LogTemp: Display: Loaded TP AndroidTargetPlatform
[2018.12.14-21.24.28:915][  0]LogTemp: Display: Loaded TP AndroidTargetPlatform
[2018.12.14-21.24.28:915][  0]LogTemp: Display: Loaded TP AndroidTargetPlatform
[2018.12.14-21.24.28:915][  0]LogTemp: Display: Loaded TP AndroidTargetPlatform
[2018.12.14-21.24.28:915][  0]LogTemp: Display: Loaded TP AndroidTargetPlatform
[2018.12.14-21.24.28:915][  0]LogTemp: Display: Loaded TP AndroidTargetPlatform
[2018.12.14-21.24.28:915][  0]LogTemp: Display: Loaded TP AndroidTargetPlatform
[2018.12.14-21.24.28:915][  0]LogTemp: Display: Loaded TP AndroidTargetPlatform
[2018.12.14-21.24.28:915][  0]LogTemp: Display: Loaded TP AndroidTargetPlatform
[2018.12.14-21.24.28:916][  0]LogTemp: Display: Loaded TP AndroidTargetPlatform
[2018.12.14-21.24.28:916][  0]LogTemp: Display: Loaded TP AndroidTargetPlatform
[2018.12.14-21.24.28:916][  0]LogTemp: Display: Loaded TP AndroidTargetPlatform
[2018.12.14-21.24.28:916][  0]LogTemp: Display: Loaded TP AndroidTargetPlatform
[2018.12.14-21.24.28:916][  0]LogTemp: Display: Loaded TP AndroidTargetPlatform
[2018.12.14-21.24.28:916][  0]LogTemp: Display: Loaded TP AndroidTargetPlatform
[2018.12.14-21.24.28:916][  0]LogTemp: Display: Loaded TP AndroidTargetPlatform
[2018.12.14-21.24.28:916][  0]LogTemp: Display: Loaded TP AndroidTargetPlatform
[2018.12.14-21.24.28:916][  0]LogTemp: Display: Loaded TP AndroidTargetPlatform
[2018.12.14-21.24.28:918][  0]LogTemp: Display: Loaded TP HTML5TargetPlatform
[2018.12.14-21.24.28:974][  0]LogTemp: Display: Loaded TP IOSTargetPlatform
[2018.12.14-21.24.28:974][  0]LogTemp: Display: Loaded TP IOSTargetPlatform
[2018.12.14-21.24.28:993][  0]LogTemp: Display: Loaded TP TVOSTargetPlatform
[2018.12.14-21.24.28:993][  0]LogTemp: Display: Loaded TP TVOSTargetPlatform
[2018.12.14-21.24.29:005][  0]LogTemp: Display: Loaded TP LinuxClientTargetPlatform
[2018.12.14-21.24.29:015][  0]LogTemp: Display: Loaded TP LinuxNoEditorTargetPlatform
[2018.12.14-21.24.29:026][  0]LogTemp: Display: Loaded TP LinuxServerTargetPlatform
[2018.12.14-21.24.29:037][  0]LogTemp: Display: Loaded TP LinuxTargetPlatform
[2018.12.14-21.24.29:046][  0]LogTemp: Display: Loaded TP LuminTargetPlatform
[2018.12.14-21.24.29:046][  0]LogTargetPlatformManager: Display: Building Assets For Windows
[2018.12.14-21.24.29:124][  0]LogXGEController: Cleaning working directory: C:/Users/h017026h/AppData/Local/Temp/UnrealXGEWorkingDir/
[2018.12.14-21.24.29:124][  0]LogXGEController: Cannot use XGE Controller as Incredibuild is not installed on this machine.
[2018.12.14-21.24.29:124][  0]LogShaderCompilers: Cannot use XGE Shader Compiler as Incredibuild is not installed on this machine.
[2018.12.14-21.24.29:124][  0]LogShaderCompilers: Display: Using Local Shader Compiler.
[2018.12.14-21.24.29:623][  0]LogDerivedDataCache: Display: Max Cache Size: 512 MB
[2018.12.14-21.24.29:666][  0]LogDerivedDataCache: Loaded boot cache 0.04s 71MB C:/Users/h017026h/AppData/Local/UnrealEngine/4.20/DerivedDataCache/Boot.ddc.
[2018.12.14-21.24.29:667][  0]LogDerivedDataCache: Display: Loaded Boot cache: C:/Users/h017026h/AppData/Local/UnrealEngine/4.20/DerivedDataCache/Boot.ddc
[2018.12.14-21.24.29:667][  0]LogDerivedDataCache: FDerivedDataBackendGraph:  Pak pak cache file ../../../../../Users/h017026h/Documents/GitKraken/TGPPairProject/PairProject/DerivedDataCache/DDC.ddp not found, will not use a pak cache.
[2018.12.14-21.24.29:667][  0]LogDerivedDataCache: Unable to find inner node Pak for hierarchical cache Hierarchy.
[2018.12.14-21.24.29:667][  0]LogDerivedDataCache: FDerivedDataBackendGraph:  CompressedPak pak cache file ../../../../../Users/h017026h/Documents/GitKraken/TGPPairProject/PairProject/DerivedDataCache/Compressed.ddp not found, will not use a pak cache.
[2018.12.14-21.24.29:667][  0]LogDerivedDataCache: Unable to find inner node CompressedPak for hierarchical cache Hierarchy.
[2018.12.14-21.24.29:677][  0]LogDerivedDataCache: Display: Pak cache opened for reading ../../../Engine/DerivedDataCache/Compressed.ddp.
[2018.12.14-21.24.29:691][  0]LogDerivedDataCache: Using Local data cache path C:/Users/h017026h/AppData/Local/UnrealEngine/Common/DerivedDataCache: Writable
[2018.12.14-21.24.29:691][  0]LogDerivedDataCache: Shared data cache path not found in *engine.ini, will not use an Shared cache.
[2018.12.14-21.24.29:691][  0]LogDerivedDataCache: Unable to find inner node Shared for hierarchical cache Hierarchy.
[2018.12.14-21.24.29:706][  0]LogMaterial: Verifying Global Shaders for PCD3D_SM5
[2018.12.14-21.24.29:708][  0]LogSlate: Using FreeType 2.6.0
[2018.12.14-21.24.29:708][  0]LogSlate: SlateFontServices - WITH_FREETYPE: 1, WITH_HARFBUZZ: 1
[2018.12.14-21.24.29:767][  0]LogAssetRegistry: FAssetRegistry took 0.0266 seconds to start up
[2018.12.14-21.24.29:985][  0]LogInit: Selected Device Profile: [Windows]
[2018.12.14-21.24.30:086][  0]LogSimplygon: Simplygon DLL not present - disabling.
[2018.12.14-21.24.30:090][  0]LogMeshReduction: Using SimplygonSwarm for distributed automatic mesh merging
[2018.12.14-21.24.30:090][  0]LogMeshReduction: Using ProxyLODMeshReduction for automatic mesh merging
[2018.12.14-21.24.30:090][  0]LogMeshReduction: Using QuadricMeshReduction for automatic static mesh reduction
[2018.12.14-21.24.30:090][  0]LogMeshReduction: No automatic skeletal mesh reduction module available
[2018.12.14-21.24.30:099][  0]LogNetVersion: PairProject 1.0.0, NetCL: 4212847, EngineNetVer: 5, GameNetVer: 0 (Checksum: 2248716754)
[2018.12.14-21.24.30:503][  0]LogPackageLocalizationCache: Processed 11 localized package path(s) for 2 prioritized culture(s) in 0.107068 seconds
[2018.12.14-21.24.30:509][  0]LogUObjectArray: 38425 objects as part of root set at end of initial load.
[2018.12.14-21.24.30:509][  0]LogUObjectAllocator: 6690872 out of 0 bytes used by permanent object pool.
[2018.12.14-21.24.30:509][  0]LogUObjectArray: CloseDisregardForGC: 0/0 objects in disregard for GC pool
[2018.12.14-21.24.31:186][  0]LogTcpMessaging: Initializing TcpMessaging bridge
[2018.12.14-21.24.31:204][  0]LogUdpMessaging: Initializing bridge on interface 0.0.0.0:0 to multicast group 230.0.0.1:6666.
[2018.12.14-21.24.31:364][  0]SourceControl: Source control is disabled
[2018.12.14-21.24.31:364][  0]SourceControl: Source control is disabled
[2018.12.14-21.24.31:368][  0]SourceControl: Source control is disabled
[2018.12.14-21.24.31:370][  0]SourceControl: Source control is disabled
[2018.12.14-21.24.31:586][  0]LogAndroidPermission: UAndroidPermissionCallbackProxy::GetInstance
[2018.12.14-21.24.31:672][  0]LogOcInput: OculusInput pre-init called
[2018.12.14-21.24.31:728][  0]LogEngine: Initializing Engine...
[2018.12.14-21.24.31:729][  0]LogHMD: Failed to initialize OpenVR with code 110
[2018.12.14-21.24.31:730][  0]LogStats: UGameplayTagsManager::ConstructGameplayTagTree: ImportINI prefixes -  0.000 s
[2018.12.14-21.24.31:730][  0]LogStats: UGameplayTagsManager::ConstructGameplayTagTree: Construct from data asset -  0.000 s
[2018.12.14-21.24.31:730][  0]LogStats: UGameplayTagsManager::ConstructGameplayTagTree: ImportINI -  0.000 s
[2018.12.14-21.24.31:730][  0]LogStats: UGameplayTagsManager::ConstructGameplayTagTree: GameplayTagTreeChangedEvent.Broadcast -  0.000 s
[2018.12.14-21.24.31:878][  0]LogInit: Initializing FReadOnlyCVARCache
[2018.12.14-21.24.31:887][  0]LogAIModule: Creating AISystem for world Untitled
[2018.12.14-21.24.31:908][  0]LogInit: XAudio2 using 'Headset Earphone (Corsair VOID PRO USB Gaming Headset)' : 6 channels at 48 kHz using 16 bits per sample (channel mask 0x3f)
[2018.12.14-21.24.32:008][  0]LogInit: FAudioDevice initialized.
[2018.12.14-21.24.32:009][  0]LogNetVersion: Set ProjectVersion to 1.0.0.0. Version Checksum will be recalculated on next use.
[2018.12.14-21.24.32:076][  0]LogDerivedDataCache: Saved boot cache 0.07s 71MB C:/Users/h017026h/AppData/Local/UnrealEngine/4.20/DerivedDataCache/Boot.ddc.
[2018.12.14-21.24.32:086][  0]LogInit: Texture streaming: Enabled
[2018.12.14-21.24.32:103][  0]LogEngineSessionManager: EngineSessionManager initialized
[2018.12.14-21.24.32:103][  0]LogEngineSessionManager: EngineSessionManager sent abnormal shutdown report. Type=Debugger, SessionId={58CB1DBC-4C06-C4F8-2F3D-27A103884ADF}
[2018.12.14-21.24.32:110][  0]LogInit: Transaction tracking system initialized
[2018.12.14-21.24.32:129][  0]BlueprintLog: New page: Editor Load
[2018.12.14-21.24.32:208][  0]LocalizationService: Localization service is disabled
[2018.12.14-21.24.32:434][  0]LogCook: Display: Max memory allowance for cook 16384mb min free memory 0mb
[2018.12.14-21.24.32:434][  0]LogCook: Display: Mobile HDR setting 1
[2018.12.14-21.24.32:434][  0]LogGameplayTags: Display: UGameplayTagsManager::DoneAddingNativeTags. DelegateIsBound: 0
[2018.12.14-21.24.32:434][  0]LogStats: UGameplayTagsManager::ConstructGameplayTagTree: ImportINI prefixes -  0.000 s
[2018.12.14-21.24.32:435][  0]LogStats: UGameplayTagsManager::ConstructGameplayTagTree: Construct from data asset -  0.000 s
[2018.12.14-21.24.32:435][  0]LogStats: UGameplayTagsManager::ConstructGameplayTagTree: ImportINI -  0.000 s
[2018.12.14-21.24.32:435][  0]LogStats: UGameplayTagsManager::ConstructGameplayTagTree: GameplayTagTreeChangedEvent.Broadcast -  0.000 s
[2018.12.14-21.24.32:557][  0]LogFileCache: Scanning file cache for directory 'D:/Users/h017026h/Documents/GitKraken/TGPPairProject/PairProject/Content/' took 0.01s
[2018.12.14-21.24.32:557][  0]SourceControl: Source control is disabled
[2018.12.14-21.24.32:557][  0]Cmd: MAP LOAD FILE="../../../Engine/Content/Maps/Templates/Template_Default.umap" TEMPLATE=1 SHOWPROGRESS=1 FEATURELEVEL=3
[2018.12.14-21.24.32:558][  0]LightingResults: New page: Lighting Build
[2018.12.14-21.24.32:559][  0]MapCheck: New page: Map Check
[2018.12.14-21.24.32:559][  0]LightingResults: New page: Lighting Build
[2018.12.14-21.24.32:708][  0]LogAIModule: Creating AISystem for world Untitled_1
[2018.12.14-21.24.32:716][  0]LogEditorServer: Finished looking for orphan Actors (0.000 secs)
[2018.12.14-21.24.32:737][  0]Cmd: MAP CHECKDEP NOCLEARLOG
[2018.12.14-21.24.32:767][  0]MapCheck: Map check complete: 0 Error(s), 0 Warning(s), took 30.011ms to complete.
[2018.12.14-21.24.32:767][  0]LogFileHelpers: Loading map 'Template_Default' took 0.210
[2018.12.14-21.24.32:848][  0]LogSlate: Updating window title bar state: overlay mode, drag disabled, window buttons hidden, title bar hidden
[2018.12.14-21.24.32:853][  0]LogSlate: Updating window title bar state: overlay mode, drag disabled, window buttons hidden, title bar hidden
[2018.12.14-21.24.32:858][  0]LogSlate: Updating window title bar state: overlay mode, drag disabled, window buttons hidden, title bar hidden
[2018.12.14-21.24.32:864][  0]LogSlate: Updating window title bar state: overlay mode, drag disabled, window buttons hidden, title bar hidden
[2018.12.14-21.24.32:868][  0]LogCollectionManager: Loaded 0 collections in 0.000560 seconds
[2018.12.14-21.24.32:913][  0]LogFileCache: Scanning file cache for directory 'D:/Users/h017026h/Documents/GitKraken/TGPPairProject/PairProject/Saved/Collections/' took 0.01s
[2018.12.14-21.24.32:913][  0]LogFileCache: Scanning file cache for directory 'D:/Users/h017026h/Documents/GitKraken/TGPPairProject/PairProject/Content/Developers/h017026h/Collections/' took 0.01s
[2018.12.14-21.24.32:913][  0]LogFileCache: Scanning file cache for directory 'D:/Users/h017026h/Documents/GitKraken/TGPPairProject/PairProject/Content/Collections/' took 0.01s
[2018.12.14-21.24.32:913][  0]LogCollectionManager: Rebuilt the GUID cache for 0 collections in 0.000000 seconds
[2018.12.14-21.24.32:921][  0]LogContentBrowser: Native class hierarchy populated in 0.0071 seconds. Added 2577 classes and 606 folders.
[2018.12.14-21.24.32:924][  0]LogContentBrowser: Native class hierarchy updated for 'WidgetCarousel' in 0.0002 seconds. Added 0 classes and 0 folders.
[2018.12.14-21.24.32:949][  0]LogContentBrowser: Native class hierarchy updated for 'AddContentDialog' in 0.0002 seconds. Added 0 classes and 0 folders.
[2018.12.14-21.24.32:954][  0]LogContentBrowser: Native class hierarchy updated for 'SceneOutliner' in 0.0004 seconds. Added 1 classes and 2 folders.
[2018.12.14-21.24.32:996][  0]LogContentBrowser: Native class hierarchy updated for 'HierarchicalLODOutliner' in 0.0003 seconds. Added 0 classes and 0 folders.
[2018.12.14-21.24.32:996][  0]LogLoad: (Engine Initialization) Total time: 6.63 seconds
[2018.12.14-21.24.32:996][  0]LogLoad: (Engine Initialization) Total Blueprint compile time: 0.00 seconds
[2018.12.14-21.24.33:006][  0]LogWindowsTextInputMethodSystem: Display: IME system now deactivated.
[2018.12.14-21.24.33:025][  0]LogAssetRegistry: Asset discovery search completed in 3.2807 seconds
[2018.12.14-21.24.33:027][  0]LogCollectionManager: Rebuilt the object cache for 0 collections in 0.000000 seconds (found 0 objects)
[2018.12.14-21.24.33:027][  0]LogCollectionManager: Fixed up redirectors for 0 collections in 0.000187 seconds (updated 0 objects)
[2018.12.14-21.24.33:028][  0]LogContentStreaming: Texture pool size now 1000 MB
[2018.12.14-21.24.33:033][  0]LogSlate: Took 0.000152 seconds to synchronously load lazily loaded font '../../../Engine/Content/Slate/Fonts/Roboto-Regular.ttf' (155K)
[2018.12.14-21.24.33:034][  0]LogSlate: Took 0.000098 seconds to synchronously load lazily loaded font '../../../Engine/Content/Slate/Fonts/Roboto-Bold.ttf' (160K)
[2018.12.14-21.24.33:039][  0]LogSlate: Took 0.000168 seconds to synchronously load lazily loaded font '../../../Engine/Content/Editor/Slate/Fonts/FontAwesome.ttf' (139K)
[2018.12.14-21.24.33:112][  0]LogSlate: Took 0.000159 seconds to synchronously load lazily loaded font '../../../Engine/Content/Slate/Fonts/Roboto-Light.ttf' (167K)
[2018.12.14-21.24.33:141][  2]LogRenderer: Reallocating scene render targets to support 804x360 Format 10 NumSamples 1 (Frame:1).
[2018.12.14-21.24.38:034][539]LogRenderer: Reallocating scene render targets to support 804x364 Format 10 NumSamples 1 (Frame:543).
[2018.12.14-21.24.38:080][539]LogRenderer: Reallocating scene render targets to support 804x368 Format 10 NumSamples 1 (Frame:544).
[2018.12.14-21.24.38:125][539]LogRenderer: Reallocating scene render targets to support 804x376 Format 10 NumSamples 1 (Frame:545).
[2018.12.14-21.24.38:182][539]LogRenderer: Reallocating scene render targets to support 804x380 Format 10 NumSamples 1 (Frame:546).
[2018.12.14-21.24.38:225][539]LogRenderer: Reallocating scene render targets to support 804x384 Format 10 NumSamples 1 (Frame:547).
[2018.12.14-21.24.38:307][539]LogRenderer: Reallocating scene render targets to support 804x388 Format 10 NumSamples 1 (Frame:549).
[2018.12.14-21.24.38:386][539]LogRenderer: Reallocating scene render targets to support 804x392 Format 10 NumSamples 1 (Frame:551).
[2018.12.14-21.24.38:469][539]LogRenderer: Reallocating scene render targets to support 804x396 Format 10 NumSamples 1 (Frame:553).
[2018.12.14-21.24.38:518][539]LogRenderer: Reallocating scene render targets to support 804x400 Format 10 NumSamples 1 (Frame:554).
[2018.12.14-21.24.38:569][539]LogRenderer: Reallocating scene render targets to support 804x404 Format 10 NumSamples 1 (Frame:555).
[2018.12.14-21.24.38:656][539]LogRenderer: Reallocating scene render targets to support 804x408 Format 10 NumSamples 1 (Frame:557).
[2018.12.14-21.24.38:735][539]LogRenderer: Reallocating scene render targets to support 804x412 Format 10 NumSamples 1 (Frame:559).
[2018.12.14-21.24.38:780][539]LogRenderer: Reallocating scene render targets to support 804x416 Format 10 NumSamples 1 (Frame:560).
[2018.12.14-21.24.38:860][539]LogRenderer: Reallocating scene render targets to support 804x420 Format 10 NumSamples 1 (Frame:562).
[2018.12.14-21.24.38:942][539]LogRenderer: Reallocating scene render targets to support 804x424 Format 10 NumSamples 1 (Frame:564).
[2018.12.14-21.24.39:027][539]LogRenderer: Reallocating scene render targets to support 804x428 Format 10 NumSamples 1 (Frame:566).
[2018.12.14-21.24.40:146][539]LogRenderer: Reallocating scene render targets to support 804x564 Format 10 NumSamples 1 (Frame:591).
[2018.12.14-21.24.53:120][550]LogSlate: FSceneViewport::OnFocusLost() reason 2
[2018.12.14-21.24.54:443][709]LogTemp: Repeating last play command: Selected Viewport
[2018.12.14-21.24.54:480][709]LogPlayLevel: PlayLevel: No blueprints needed recompiling
[2018.12.14-21.24.54:569][709]PIE: New page: PIE session: Untitled_1 (14 Dec 2018 21:24:54)
[2018.12.14-21.24.54:580][709]LogPlayLevel: Creating play world package: /Temp/UEDPIE_0_Untitled_1
[2018.12.14-21.24.54:607][709]LogPlayLevel: PIE: StaticDuplicateObject took: (0.026793s)
[2018.12.14-21.24.54:608][709]LogAIModule: Creating AISystem for world Untitled_1
[2018.12.14-21.24.54:612][709]LogPlayLevel: PIE: World Init took: (0.004770s)
[2018.12.14-21.24.54:612][709]LogPlayLevel: PIE: Created PIE world by copying editor world from /Temp/Untitled_1.Untitled_1 to /Temp/UEDPIE_0_Untitled_1.Untitled_1 (0.032374s)
[2018.12.14-21.24.54:664][709]LogInit: XAudio2 using 'Headset Earphone (Corsair VOID PRO USB Gaming Headset)' : 6 channels at 48 kHz using 16 bits per sample (channel mask 0x3f)
[2018.12.14-21.24.54:757][709]LogInit: FAudioDevice initialized.
[2018.12.14-21.24.54:783][709]LogSlate: FSceneViewport::OnFocusLost() reason 2
[2018.12.14-21.24.54:847][709]LogLoad: Game class is 'GameModeBase'
[2018.12.14-21.24.54:849][709]LogWorld: Bringing World /Temp/UEDPIE_0_Untitled_1.Untitled_1 up for play (max tick rate 0) at 2018.12.14-21.24.54
[2018.12.14-21.24.54:873][709]LogWorld: Bringing up level for play took: 0.024580
[2018.12.14-21.24.55:051][709]LogContentBrowser: Native class hierarchy updated for 'MovieSceneCapture' in 0.0003 seconds. Added 10 classes and 0 folders.
[2018.12.14-21.24.55:139][709]PIE: Play in editor start time for /Temp/UEDPIE_0_Untitled_1 0.82
[2018.12.14-21.24.59:127][158]LogSlate: Updating window title bar state: overlay mode, drag disabled, window buttons hidden, title bar hidden
[2018.12.14-21.24.59:178][158]LogPlayLevel: Display: Shutting down PIE online subsystems
[2018.12.14-21.24.59:203][158]LogSlate: Updating window title bar state: overlay mode, drag disabled, window buttons hidden, title bar hidden
[2018.12.14-21.24.59:227][161]LogPlayLevel: Display: Destroying online subsystem :Context_1
[2018.12.14-21.25.23:887][233]LogSlate: FSceneViewport::OnFocusLost() reason 0
[2018.12.14-21.26.11:025][832]LogSlate: Took 0.000135 seconds to synchronously load lazily loaded font '../../../Engine/Content/Slate/Fonts/Roboto-Light.ttf' (167K)
[2018.12.14-21.26.11:155][832]LogSlate: Took 0.009906 seconds to synchronously load lazily loaded font '../../../Engine/Content/Slate/Fonts/Roboto-BoldCondensed.ttf' (158K)
[2018.12.14-21.26.19:979][891]LogSlate: Window 'Add Blueprint Class' being destroyed
[2018.12.14-21.26.37:082][927]LogAssetEditorManager: Opening Asset editor for Blueprint /Game/Blueprints/MyBaseCharacter.MyBaseCharacter
[2018.12.14-21.26.37:932][927]LogContentBrowser: Native class hierarchy updated for 'BlueprintGraph' in 0.0007 seconds. Added 116 classes and 0 folders.
[2018.12.14-21.26.39:170][927]LogSlate: Window 'Add Blueprint Class' being destroyed
[2018.12.14-21.26.39:389][927]LogRenderer: Reallocating scene render targets to support 1168x900 Format 10 NumSamples 1 (Frame:1).
[2018.12.14-21.26.45:195][588]LogSlate: Window 'MyBaseCharacter*' being destroyed
[2018.12.14-21.26.49:792][121]Cmd: OBJ SAVEPACKAGE PACKAGE="/Game/Blueprints/MyBaseCharacter" FILE="../../../../../Users/h017026h/Documents/GitKraken/TGPPairProject/PairProject/Content/Blueprints/MyBaseCharacter.uasset" SILENT=true
[2018.12.14-21.26.49:838][121]LogSavePackage: Moving '../../../../../Users/h017026h/Documents/GitKraken/TGPPairProject/PairProject/Saved/MyBaseCharacterC5A9825A446368F898C13D8055C22642.tmp' to '../../../../../Users/h017026h/Documents/GitKraken/TGPPairProject/PairProject/Content/Blueprints/MyBaseCharacter.uasset'
[2018.12.14-21.27.11:716][429]LogSlate: Took 0.000141 seconds to synchronously load lazily loaded font '../../../Engine/Content/Slate/Fonts/Roboto-Italic.ttf' (157K)
[2018.12.14-21.27.38:466][526]LogSlate: FSceneViewport::OnFocusLost() reason 0
[2018.12.14-21.27.57:329][855]LogSlate: Window 'Delete Assets' being destroyed
[2018.12.14-21.29.03:809][760]Running D:/Program Files (x86)/UE_4.20/Engine/Binaries/DotNET/UnrealBuildTool.exe Win64 Development -TargetType=Editor -Project="D:/Users/h017026h/Documents/GitKraken/TGPPairProject/PairProject/PairProject.uproject" -invalidatemakefilesonly
[2018.12.14-21.29.04:316][760]Invalidating makefiles only in this run.
[2018.12.14-21.29.04:451][760]Candidate modules for hot reload:
[2018.12.14-21.29.04:451][760]  PairProject
[2018.12.14-21.29.04:451][760]Launching UnrealBuildTool... [D:/Program Files (x86)/UE_4.20/Engine/Binaries/DotNET/UnrealBuildTool.exe  -ModuleWithSuffix=PairProject,1541 Win64 Development -TargetType=Editor -Project="../../../../../Users/h017026h/Documents/GitKraken/TGPPairProject/PairProject/PairProject.uproject" -canskiplink "D:/Users/h017026h/Documents/GitKraken/TGPPairProject/PairProject/PairProject.uproject" ]
[2018.12.14-21.29.16:700][760]CompilerResultsLog: New page: Compilation - 14 Dec 2018 21:29:16
[2018.12.14-21.29.16:700][760]CompilerResultsLog: Using 'git status' to determine working set for adaptive non-unity build.
[2018.12.14-21.29.16:700][760]CompilerResultsLog: Creating makefile for hot reloading PairProjectEditor (no existing makefile)
[2018.12.14-21.29.16:700][760]CompilerResultsLog: Compiling game modules for hot reload
[2018.12.14-21.29.16:701][760]CompilerResultsLog: Using Visual Studio 2017 14.15.26726 toolchain (C:\Program Files (x86)\Microsoft Visual Studio\2017\Community\VC\Tools\MSVC\14.15.26726) and Windows 10.0.17134.0 SDK (C:\Program Files (x86)\Windows Kits\10).
[2018.12.14-21.29.16:701][760]CompilerResultsLog: Parsing headers for PairProjectEditor
[2018.12.14-21.29.16:701][760]CompilerResultsLog:   Running UnrealHeaderTool "D:\Users\h017026h\Documents\GitKraken\TGPPairProject\PairProject\PairProject.uproject" "D:\Users\h017026h\Documents\GitKraken\TGPPairProject\PairProject\Intermediate\Build\Win64\PairProjectEditor\Development\PairProjectEditor.uhtmanifest" -LogCmds="loginit warning, logexit warning, logdatabase error" -Unattended -WarningsAsErrors -installed
[2018.12.14-21.29.16:701][760]CompilerResultsLog: Reflection code generated for PairProjectEditor in 7.4232109 seconds
[2018.12.14-21.29.16:701][760]CompilerResultsLog: Building 5 actions with 12 processes...
[2018.12.14-21.29.16:701][760]CompilerResultsLog:   [1/5] PairProject.init.gen.cpp
[2018.12.14-21.29.16:701][760]CompilerResultsLog:   [2/5] LinkCharacter.cpp
[2018.12.14-21.29.16:701][760]CompilerResultsLog:   [3/5] LinkCharacter.gen.cpp
[2018.12.14-21.29.16:701][760]CompilerResultsLog:   [4/5] UE4Editor-PairProject-1541.lib
[2018.12.14-21.29.16:701][760]CompilerResultsLog:      Creating library D:\Users\h017026h\Documents\GitKraken\TGPPairProject\PairProject\Intermediate\Build\Win64\UE4Editor\Development\PairProject\UE4Editor-PairProject-1541.lib and object D:\Users\h017026h\Documents\GitKraken\TGPPairProject\PairProject\Intermediate\Build\Win64\UE4Editor\Development\PairProject\UE4Editor-PairProject-1541.exp
[2018.12.14-21.29.16:702][760]CompilerResultsLog:   [5/5] UE4Editor-PairProject-1541.dll
[2018.12.14-21.29.16:702][760]CompilerResultsLog:      Creating library D:\Users\h017026h\Documents\GitKraken\TGPPairProject\PairProject\Intermediate\Build\Win64\UE4Editor\Development\PairProject\UE4Editor-PairProject-1541.suppressed.lib and object D:\Users\h017026h\Documents\GitKraken\TGPPairProject\PairProject\Intermediate\Build\Win64\UE4Editor\Development\PairProject\UE4Editor-PairProject-1541.suppressed.exp
[2018.12.14-21.29.16:702][760]CompilerResultsLog: Total build time: 12.05 seconds (Parallel executor: 1.29 seconds)
[2018.12.14-21.29.16:702][760]LogMainFrame: MainFrame: Module compiling took 12.254 seconds
[2018.12.14-21.29.16:750][760]LogClass: Could not find existing class LinkCharacter in package /Script/PairProject for HotReload, assuming new class
[2018.12.14-21.29.16:760][760]LogContentBrowser: Native class hierarchy updated for 'PairProject' in 0.0003 seconds. Added 6 classes and 3 folders.
[2018.12.14-21.29.16:763][760]Display: HotReload successful (1 functions remapped  0 scriptstructs remapped)
[2018.12.14-21.29.17:166][760]LogContentBrowser: Native class hierarchy populated in 0.0072 seconds. Added 2579 classes and 608 folders.
[2018.12.14-21.29.17:166][760]Display: HotReload took 12.7s.
[2018.12.14-21.29.17:168][760]Warning: HotReload operation took 12.7s.
[2018.12.14-21.29.17:419][760]LogSlate: Window 'Add C++ Class' being destroyed
[2018.12.14-21.29.17:428][760]LogHotReload: New module detected: UE4Editor-PairProject-1541.dll
[2018.12.14-21.29.17:463][761]LogHotReload: Starting Hot-Reload from IDE
[2018.12.14-21.29.17:534][761]LogContentBrowser: Native class hierarchy updated for 'PairProject' in 0.0003 seconds. Added 6 classes and 3 folders.
[2018.12.14-21.29.17:538][761]Display: HotReload successful (0 functions remapped  0 scriptstructs remapped)
[2018.12.14-21.29.17:802][761]LogContentBrowser: Native class hierarchy populated in 0.0074 seconds. Added 2579 classes and 608 folders.
[2018.12.14-21.29.17:806][761]Display: HotReload took  0.3s.
[2018.12.14-21.30.18:704][452]LogAssetEditorManager: Opening Asset editor for Blueprint /Game/Blueprints/MyLinkCharacter.MyLinkCharacter
[2018.12.14-21.30.18:994][452]LogSlate: Window 'Add Blueprint Class' being destroyed
[2018.12.14-21.30.22:400][831]LogSlate: Window 'MyLinkCharacter*' being destroyed
[2018.12.14-21.30.24:068][ 30]Cmd: OBJ SAVEPACKAGE PACKAGE="/Game/Blueprints/MyLinkCharacter" FILE="../../../../../Users/h017026h/Documents/GitKraken/TGPPairProject/PairProject/Content/Blueprints/MyLinkCharacter.uasset" SILENT=true
[2018.12.14-21.30.24:083][ 30]LogSavePackage: Moving '../../../../../Users/h017026h/Documents/GitKraken/TGPPairProject/PairProject/Saved/MyLinkCharacter64ACF48E4E1A75C66CA9E6B729D86CE7.tmp' to '../../../../../Users/h017026h/Documents/GitKraken/TGPPairProject/PairProject/Content/Blueprints/MyLinkCharacter.uasset'
[2018.12.14-21.32.35:948][268]LogSlate: FSceneViewport::OnFocusLost() reason 0
[2018.12.14-21.32.36:082][284]BlueprintLog: New page: Compile MyLinkCharacter
[2018.12.14-21.32.37:947][458]Cmd: OBJ SAVEPACKAGE PACKAGE="/Game/Blueprints/MyLinkCharacter" FILE="../../../../../Users/h017026h/Documents/GitKraken/TGPPairProject/PairProject/Content/Blueprints/MyLinkCharacter.uasset" SILENT=true
[2018.12.14-21.32.37:974][458]LogSavePackage: Moving '../../../../../Users/h017026h/Documents/GitKraken/TGPPairProject/PairProject/Saved/MyLinkCharacterDF0C0A0D4FE0407F67A4F2BD92B7691E.tmp' to '../../../../../Users/h017026h/Documents/GitKraken/TGPPairProject/PairProject/Content/Blueprints/MyLinkCharacter.uasset'
[2018.12.14-21.32.56:468][550]LogEditorViewport: Clicking on Actor (LMB): BP_Sky_Sphere_C (Sky Sphere)
[2018.12.14-21.33.07:418][854]LogSlate: FSceneViewport::OnFocusLost() reason 2
[2018.12.14-21.33.10:010][162]LogTemp: Repeating last play command: Selected Viewport
[2018.12.14-21.33.10:051][162]LogPlayLevel: PlayLevel: No blueprints needed recompiling
[2018.12.14-21.33.10:052][162]PIE: New page: PIE session: Untitled_1 (14 Dec 2018 21:33:10)
[2018.12.14-21.33.10:052][162]LogPlayLevel: Creating play world package: /Temp/UEDPIE_0_Untitled_1
[2018.12.14-21.33.10:054][162]LogPlayLevel: PIE: StaticDuplicateObject took: (0.002172s)
[2018.12.14-21.33.10:055][162]LogAIModule: Creating AISystem for world Untitled_1
[2018.12.14-21.33.10:055][162]LogPlayLevel: PIE: World Init took: (0.001022s)
[2018.12.14-21.33.10:055][162]LogPlayLevel: PIE: Created PIE world by copying editor world from /Temp/Untitled_1.Untitled_1 to /Temp/UEDPIE_0_Untitled_1.Untitled_1 (0.003637s)
[2018.12.14-21.33.10:084][162]LogInit: XAudio2 using 'Headset Earphone (Corsair VOID PRO USB Gaming Headset)' : 6 channels at 48 kHz using 16 bits per sample (channel mask 0x3f)
[2018.12.14-21.33.10:192][162]LogInit: FAudioDevice initialized.
[2018.12.14-21.33.10:192][162]LogSlate: FSceneViewport::OnFocusLost() reason 2
[2018.12.14-21.33.10:223][162]LogLoad: Game class is 'GameModeBase'
[2018.12.14-21.33.10:241][162]LogWorld: Bringing World /Temp/UEDPIE_0_Untitled_1.Untitled_1 up for play (max tick rate 0) at 2018.12.14-21.33.10
[2018.12.14-21.33.10:371][162]LogWorld: Bringing up level for play took: 0.147463
[2018.12.14-21.33.10:389][162]PIE: Play in editor start time for /Temp/UEDPIE_0_Untitled_1 0.071
[2018.12.14-21.33.10:498][163]LogCharacterMovement: Warning: GetSimulationTimeStep() - Max iterations 8 hit while remaining time 0.092655 > MaxSimulationTimeStep (0.050) for 'MyLinkCharacter_2', movement 'Walking'
[2018.12.14-21.33.15:909][811]LogSlate: Updating window title bar state: overlay mode, drag disabled, window buttons hidden, title bar hidden
[2018.12.14-21.33.15:960][811]LogPlayLevel: Display: Shutting down PIE online subsystems
[2018.12.14-21.33.15:987][811]LogSlate: Updating window title bar state: overlay mode, drag disabled, window buttons hidden, title bar hidden
[2018.12.14-21.33.16:003][812]LogPlayLevel: Display: Destroying online subsystem :Context_7
[2018.12.14-21.33.21:687][489]LogSlate: FSceneViewport::OnFocusLost() reason 0
[2018.12.14-21.33.38:560][503]LogSlate: FSceneViewport::OnFocusLost() reason 0
[2018.12.14-21.33.51:654][ 58]LogSlate: FSceneViewport::OnFocusLost() reason 0
[2018.12.14-21.33.51:779][ 73]BlueprintLog: New page: Compile MyLinkCharacter
[2018.12.14-21.33.52:575][149]Cmd: OBJ SAVEPACKAGE PACKAGE="/Game/Blueprints/MyLinkCharacter" FILE="../../../../../Users/h017026h/Documents/GitKraken/TGPPairProject/PairProject/Content/Blueprints/MyLinkCharacter.uasset" SILENT=true
[2018.12.14-21.33.52:596][149]LogSavePackage: Moving '../../../../../Users/h017026h/Documents/GitKraken/TGPPairProject/PairProject/Saved/MyLinkCharacterFA036B674FC76F8818ECC7BB5770B417.tmp' to '../../../../../Users/h017026h/Documents/GitKraken/TGPPairProject/PairProject/Content/Blueprints/MyLinkCharacter.uasset'
[2018.12.14-21.33.57:976][793]LogTemp: Repeating last play command: Selected Viewport
[2018.12.14-21.33.57:994][793]LogPlayLevel: PlayLevel: No blueprints needed recompiling
[2018.12.14-21.33.57:994][793]PIE: New page: PIE session: Untitled_1 (14 Dec 2018 21:33:57)
[2018.12.14-21.33.57:995][793]LogPlayLevel: Creating play world package: /Temp/UEDPIE_0_Untitled_1
[2018.12.14-21.33.57:996][793]LogPlayLevel: PIE: StaticDuplicateObject took: (0.001480s)
[2018.12.14-21.33.57:997][793]LogAIModule: Creating AISystem for world Untitled_1
[2018.12.14-21.33.57:997][793]LogPlayLevel: PIE: World Init took: (0.000929s)
[2018.12.14-21.33.57:997][793]LogPlayLevel: PIE: Created PIE world by copying editor world from /Temp/Untitled_1.Untitled_1 to /Temp/UEDPIE_0_Untitled_1.Untitled_1 (0.002843s)
[2018.12.14-21.33.58:027][793]LogInit: XAudio2 using 'Headset Earphone (Corsair VOID PRO USB Gaming Headset)' : 6 channels at 48 kHz using 16 bits per sample (channel mask 0x3f)
[2018.12.14-21.33.58:123][793]LogInit: FAudioDevice initialized.
[2018.12.14-21.33.58:159][793]LogLoad: Game class is 'GameModeBase'
[2018.12.14-21.33.58:160][793]LogWorld: Bringing World /Temp/UEDPIE_0_Untitled_1.Untitled_1 up for play (max tick rate 0) at 2018.12.14-21.33.58
[2018.12.14-21.33.58:161][793]LogWorld: Bringing up level for play took: 0.001415
[2018.12.14-21.33.58:174][793]PIE: Play in editor start time for /Temp/UEDPIE_0_Untitled_1 -0.144
[2018.12.14-21.34.05:661][689]LogSlate: Updating window title bar state: overlay mode, drag disabled, window buttons hidden, title bar hidden
[2018.12.14-21.34.05:699][689]LogPlayLevel: Display: Shutting down PIE online subsystems
[2018.12.14-21.34.05:725][689]LogSlate: Updating window title bar state: overlay mode, drag disabled, window buttons hidden, title bar hidden
[2018.12.14-21.34.05:765][693]LogPlayLevel: Display: Destroying online subsystem :Context_8
[2018.12.14-21.35.05:905][931]LogSavePackage: Moving '../../../../../Users/h017026h/Documents/GitKraken/TGPPairProject/PairProject/Saved/Untitled_1_Auto14E3E986E474B31A5204A23A1998B5766.tmp' to '../../../../../Users/h017026h/Documents/GitKraken/TGPPairProject/PairProject/Saved/Autosaves/Temp/Untitled_1_Auto1.umap'
[2018.12.14-21.35.05:914][931]LogFileHelpers: Editor autosave (incl. sublevels) for '/Temp/Untitled_1' took 0.064
[2018.12.14-21.35.05:915][931]LogFileHelpers: Editor autosave (incl. sublevels) for all levels took 0.064
[2018.12.14-21.37.27:962][355]LogSlate: FSceneViewport::OnFocusLost() reason 0
[2018.12.14-21.38.17:715][269]LogSlate: FSceneViewport::OnFocusLost() reason 0
[2018.12.14-21.38.59:650][ 88]LogSlate: FSceneViewport::OnFocusLost() reason 0
[2018.12.14-21.38.59:742][ 99]BlueprintLog: New page: Compile MyLinkCharacter
[2018.12.14-21.39.00:450][163]Cmd: OBJ SAVEPACKAGE PACKAGE="/Game/Blueprints/MyLinkCharacter" FILE="../../../../../Users/h017026h/Documents/GitKraken/TGPPairProject/PairProject/Content/Blueprints/MyLinkCharacter.uasset" SILENT=true
[2018.12.14-21.39.00:483][163]LogSavePackage: Moving '../../../../../Users/h017026h/Documents/GitKraken/TGPPairProject/PairProject/Saved/MyLinkCharacter1C70A04C4BB62B4B06331E83F113FE17.tmp' to '../../../../../Users/h017026h/Documents/GitKraken/TGPPairProject/PairProject/Content/Blueprints/MyLinkCharacter.uasset'
[2018.12.14-21.39.04:845][684]LogTemp: Repeating last play command: Selected Viewport
[2018.12.14-21.39.04:863][684]LogPlayLevel: PlayLevel: No blueprints needed recompiling
[2018.12.14-21.39.04:864][684]PIE: New page: PIE session: Untitled_1 (14 Dec 2018 21:39:04)
[2018.12.14-21.39.04:864][684]LogPlayLevel: Creating play world package: /Temp/UEDPIE_0_Untitled_1
[2018.12.14-21.39.04:866][684]LogPlayLevel: PIE: StaticDuplicateObject took: (0.002015s)
[2018.12.14-21.39.04:867][684]LogAIModule: Creating AISystem for world Untitled_1
[2018.12.14-21.39.04:867][684]LogPlayLevel: PIE: World Init took: (0.001143s)
[2018.12.14-21.39.04:867][684]LogPlayLevel: PIE: Created PIE world by copying editor world from /Temp/Untitled_1.Untitled_1 to /Temp/UEDPIE_0_Untitled_1.Untitled_1 (0.003528s)
[2018.12.14-21.39.04:898][684]LogInit: XAudio2 using 'Headset Earphone (Corsair VOID PRO USB Gaming Headset)' : 6 channels at 48 kHz using 16 bits per sample (channel mask 0x3f)
[2018.12.14-21.39.04:998][684]LogInit: FAudioDevice initialized.
[2018.12.14-21.39.05:039][684]LogLoad: Game class is 'GameModeBase'
[2018.12.14-21.39.05:040][684]LogWorld: Bringing World /Temp/UEDPIE_0_Untitled_1.Untitled_1 up for play (max tick rate 0) at 2018.12.14-21.39.05
[2018.12.14-21.39.05:041][684]LogWorld: Bringing up level for play took: 0.001379
[2018.12.14-21.39.05:054][684]PIE: Play in editor start time for /Temp/UEDPIE_0_Untitled_1 0.736
[2018.12.14-21.39.11:116][409]LogSlate: Updating window title bar state: overlay mode, drag disabled, window buttons hidden, title bar hidden
[2018.12.14-21.39.11:157][409]LogPlayLevel: Display: Shutting down PIE online subsystems
[2018.12.14-21.39.11:178][409]LogSlate: Updating window title bar state: overlay mode, drag disabled, window buttons hidden, title bar hidden
[2018.12.14-21.39.11:225][413]LogPlayLevel: Display: Destroying online subsystem :Context_9
[2018.12.14-21.39.34:346][184]LogSlate: FSceneViewport::OnFocusLost() reason 2
[2018.12.14-21.39.35:284][296]LogTemp: Repeating last play command: Selected Viewport
[2018.12.14-21.39.35:298][296]LogPlayLevel: PlayLevel: No blueprints needed recompiling
[2018.12.14-21.39.35:299][296]PIE: New page: PIE session: Untitled_1 (14 Dec 2018 21:39:35)
[2018.12.14-21.39.35:299][296]LogPlayLevel: Creating play world package: /Temp/UEDPIE_0_Untitled_1
[2018.12.14-21.39.35:301][296]LogPlayLevel: PIE: StaticDuplicateObject took: (0.001978s)
[2018.12.14-21.39.35:302][296]LogAIModule: Creating AISystem for world Untitled_1
[2018.12.14-21.39.35:302][296]LogPlayLevel: PIE: World Init took: (0.001223s)
[2018.12.14-21.39.35:303][296]LogPlayLevel: PIE: Created PIE world by copying editor world from /Temp/Untitled_1.Untitled_1 to /Temp/UEDPIE_0_Untitled_1.Untitled_1 (0.003659s)
[2018.12.14-21.39.35:338][296]LogInit: XAudio2 using 'Headset Earphone (Corsair VOID PRO USB Gaming Headset)' : 6 channels at 48 kHz using 16 bits per sample (channel mask 0x3f)
[2018.12.14-21.39.35:446][296]LogInit: FAudioDevice initialized.
[2018.12.14-21.39.35:447][296]LogSlate: FSceneViewport::OnFocusLost() reason 2
[2018.12.14-21.39.35:483][296]LogLoad: Game class is 'GameModeBase'
[2018.12.14-21.39.35:485][296]LogWorld: Bringing World /Temp/UEDPIE_0_Untitled_1.Untitled_1 up for play (max tick rate 0) at 2018.12.14-21.39.35
[2018.12.14-21.39.35:485][296]LogWorld: Bringing up level for play took: 0.001330
[2018.12.14-21.39.35:499][296]PIE: Play in editor start time for /Temp/UEDPIE_0_Untitled_1 1.181
[2018.12.14-21.39.38:977][711]LogSlate: Updating window title bar state: overlay mode, drag disabled, window buttons hidden, title bar hidden
[2018.12.14-21.39.39:016][711]LogPlayLevel: Display: Shutting down PIE online subsystems
[2018.12.14-21.39.39:041][711]LogSlate: Updating window title bar state: overlay mode, drag disabled, window buttons hidden, title bar hidden
[2018.12.14-21.39.39:081][715]LogPlayLevel: Display: Destroying online subsystem :Context_10
[2018.12.14-21.39.41:415][995]LogSlate: FSceneViewport::OnFocusLost() reason 0
[2018.12.14-21.40.09:363][492]LogTemp: Executing iPhonePackager certificates Engine -bundlename com.YourCompany.PairProject
[2018.12.14-21.40.09:363][492]LogTemp: CWD: D:\Program Files (x86)\UE_4.20\Engine\Binaries\DotNET\IOS
[2018.12.14-21.40.09:363][492]LogTemp: Initial Dir: D:\Program Files (x86)\UE_4.20
[2018.12.14-21.40.09:363][492]LogTemp: Env CWD: D:\Program Files (x86)\UE_4.20\Engine\Binaries\DotNET\IOS
[2018.12.14-21.40.09:363][492]LogTemp: BranchPath = DESKTOP-D8L6EI8/D/Program Files (x86)/UE_4.20/Engine/Binaries --- GameBranchPath = DESKTOP-D8L6EI8/D/Program Files (x86)/UE_4.20/Engine/Binaries
[2018.12.14-21.40.09:364][492]LogTemp: IPP ERROR: Could not find provision directory 'C:\Users\h017026h\AppData\Local/Apple Computer/MobileDevice/Provisioning Profiles/'.
[2018.12.14-21.40.09:364][492]LogSlate: Only BGRA pngs, bmps or icos are supported in by External Image Picker
[2018.12.14-21.42.33:182][592]LogSlate: Window 'Project Settings' being destroyed
[2018.12.14-21.42.33:185][592]LogSlate: Window 'Project Settings' being destroyed
[2018.12.14-21.42.42:997][513]LogSlate: Window 'New Level' being destroyed
[2018.12.14-21.42.47:240][513]LogSlate: Window 'Save Content' being destroyed
[2018.12.14-21.42.47:244][513]Cmd: MAP LOAD FILE="../../../Engine/Content/Maps/Templates/Template_Default.umap" TEMPLATE=1 SHOWPROGRESS=1 FEATURELEVEL=3
[2018.12.14-21.42.47:254][513]LightingResults: New page: Lighting Build
[2018.12.14-21.42.47:255][513]LoadErrors: New page: Loading map: Template_Default.umap
[2018.12.14-21.42.47:273][513]MapCheck: New page: Map Check
[2018.12.14-21.42.47:274][513]LightingResults: New page: Lighting Build
[2018.12.14-21.42.47:310][513]LogAIModule: Creating AISystem for world Untitled_2
[2018.12.14-21.42.47:315][513]LogEditorServer: Finished looking for orphan Actors (0.000 secs)
[2018.12.14-21.42.47:340][513]Cmd: MAP CHECKDEP NOCLEARLOG
[2018.12.14-21.42.47:376][513]MapCheck: Map check complete: 0 Error(s), 0 Warning(s), took 36.07ms to complete.
[2018.12.14-21.42.47:376][513]LogFileHelpers: Loading map 'Template_Default' took 0.134
[2018.12.14-21.43.07:410][102]LogSlate: Window 'Save Level As' being destroyed
[2018.12.14-21.43.07:508][102]LogSavePackage: Moving '../../../../../Users/h017026h/Documents/GitKraken/TGPPairProject/PairProject/Saved/CameraTestScene1FC0F5B74F01D3EFD1C213AC26B3689D.tmp' to '../../../../../Users/h017026h/Documents/GitKraken/TGPPairProject/PairProject/Content/Scenes/CameraTestScene.umap'
[2018.12.14-21.43.07:550][102]LogSavePackage: Moving '../../../../../Users/h017026h/Documents/GitKraken/TGPPairProject/PairProject/Saved/CameraTestScene_BuiltData12CB52AD4AECD795978F9AADA2D12BA7.tmp' to '../../../../../Users/h017026h/Documents/GitKraken/TGPPairProject/PairProject/Content/Scenes/CameraTestScene_BuiltData.uasset'
[2018.12.14-21.43.07:557][102]LogFileHelpers: Saving map 'CameraTestScene' took 0.142
[2018.12.14-21.43.11:088][526]LogEditorViewport: Clicking on Actor (LMB): PlayerStart (Player Start)
[2018.12.14-21.43.12:275][666]Cmd: DELETE
[2018.12.14-21.43.12:275][666]Cmd: ACTOR DELETE
[2018.12.14-21.43.12:436][666]LogEditorActor: Deleted Actor: PlayerStart
[2018.12.14-21.43.12:463][666]LogEditorActor: Deleted 1 Actors (0.051 secs)
[2018.12.14-21.43.13:460][770]LogSlate: FSceneViewport::OnFocusLost() reason 0
[2018.12.14-21.43.15:844][ 36]LogSlate: FSceneViewport::OnFocusLost() reason 0
[2018.12.14-21.43.18:242][294]LogEditorViewport: Clicking on Actor (LMB): BP_Sky_Sphere_C (Sky Sphere)
[2018.12.14-21.43.21:156][636]LogSlate: FSceneViewport::OnFocusLost() reason 2
[2018.12.14-21.43.22:588][804]LogSlate: FSceneViewport::OnFocusLost() reason 2
[2018.12.14-21.43.22:590][804]LogAssetEditorManager: Opening Asset editor for LevelScriptBlueprint /Game/Scenes/CameraTestScene.CameraTestScene:PersistentLevel.CameraTestScene
[2018.12.14-21.43.32:699][971]LogSavePackage: Moving '../../../../../Users/h017026h/Documents/GitKraken/TGPPairProject/PairProject/Saved/CameraTestSceneC411768044A49028A0D356B19F52489A.tmp' to '../../../../../Users/h017026h/Documents/GitKraken/TGPPairProject/PairProject/Content/Scenes/CameraTestScene.umap'
[2018.12.14-21.43.32:748][971]LogSavePackage: Moving '../../../../../Users/h017026h/Documents/GitKraken/TGPPairProject/PairProject/Saved/CameraTestScene_BuiltData4D7C825A48C040C4C0A2A8AD8EED044D.tmp' to '../../../../../Users/h017026h/Documents/GitKraken/TGPPairProject/PairProject/Content/Scenes/CameraTestScene_BuiltData.uasset'
[2018.12.14-21.43.34:529][183]LogSlate: FSceneViewport::OnFocusLost() reason 0
[2018.12.14-21.43.53:177][309]LogAssetEditorManager: Opening Asset editor for LevelScriptBlueprint /Game/Scenes/CameraTestScene.CameraTestScene:PersistentLevel.CameraTestScene
[2018.12.14-21.45.17:008][223]BlueprintLog: New page: Compile CameraTestScene
[2018.12.14-21.45.21:078][672]LogSavePackage: Moving '../../../../../Users/h017026h/Documents/GitKraken/TGPPairProject/PairProject/Saved/CameraTestScene15F7B7E04D9C70637756F993E1982B05.tmp' to '../../../../../Users/h017026h/Documents/GitKraken/TGPPairProject/PairProject/Content/Scenes/CameraTestScene.umap'
[2018.12.14-21.45.21:107][672]LogFileHelpers: Saving map 'CameraTestScene' took 0.232
[2018.12.14-21.45.25:592][197]LogTemp: Repeating last play command: Selected Viewport
[2018.12.14-21.45.25:622][197]LogBlueprintUserMessages: Early PlayInEditor Detection: Level '/Game/Scenes/CameraTestScene.CameraTestScene:PersistentLevel' has LevelScriptBlueprint '/Game/Scenes/CameraTestScene.CameraTestScene:PersistentLevel.CameraTestScene' with GeneratedClass '/Game/Scenes/CameraTestScene.CameraTestScene_C' with ClassGeneratedBy '/Game/Scenes/CameraTestScene.CameraTestScene:PersistentLevel.CameraTestScene'
[2018.12.14-21.45.25:623][197]LogPlayLevel: PlayLevel: No blueprints needed recompiling
[2018.12.14-21.45.25:623][197]PIE: New page: PIE session: CameraTestScene (14 Dec 2018 21:45:25)
[2018.12.14-21.45.25:623][197]LogPlayLevel: Creating play world package: /Game/Scenes/UEDPIE_0_CameraTestScene
[2018.12.14-21.45.25:626][197]LogPlayLevel: PIE: StaticDuplicateObject took: (0.002879s)
[2018.12.14-21.45.25:627][197]LogAIModule: Creating AISystem for world CameraTestScene
[2018.12.14-21.45.25:627][197]LogPlayLevel: PIE: World Init took: (0.001022s)
[2018.12.14-21.45.25:628][197]LogPlayLevel: PIE: Created PIE world by copying editor world from /Game/Scenes/CameraTestScene.CameraTestScene to /Game/Scenes/UEDPIE_0_CameraTestScene.CameraTestScene (0.004489s)
[2018.12.14-21.45.25:719][197]LogInit: XAudio2 using 'Headset Earphone (Corsair VOID PRO USB Gaming Headset)' : 6 channels at 48 kHz using 16 bits per sample (channel mask 0x3f)
[2018.12.14-21.45.25:815][197]LogInit: FAudioDevice initialized.
[2018.12.14-21.45.25:848][197]LogLoad: Game class is 'GameModeBase'
[2018.12.14-21.45.25:850][197]LogWorld: Bringing World /Game/Scenes/UEDPIE_0_CameraTestScene.CameraTestScene up for play (max tick rate 0) at 2018.12.14-21.45.25
[2018.12.14-21.45.25:897][197]LogWorld: Bringing up level for play took: 0.048154
[2018.12.14-21.45.25:921][197]PIE: Play in editor start time for /Game/Scenes/UEDPIE_0_CameraTestScene -0.398
[2018.12.14-21.45.25:922][197]LogBlueprintUserMessages: Late PlayInEditor Detection: Level '/Game/Scenes/CameraTestScene.CameraTestScene:PersistentLevel' has LevelScriptBlueprint '/Game/Scenes/CameraTestScene.CameraTestScene:PersistentLevel.CameraTestScene' with GeneratedClass '/Game/Scenes/CameraTestScene.CameraTestScene_C' with ClassGeneratedBy '/Game/Scenes/CameraTestScene.CameraTestScene:PersistentLevel.CameraTestScene'
[2018.12.14-21.45.33:554][ 91]LogBlueprintUserMessages: Early EndPlayMap Detection: Level '/Game/Scenes/CameraTestScene.CameraTestScene:PersistentLevel' has LevelScriptBlueprint '/Game/Scenes/CameraTestScene.CameraTestScene:PersistentLevel.CameraTestScene' with GeneratedClass '/Game/Scenes/CameraTestScene.CameraTestScene_C' with ClassGeneratedBy '/Game/Scenes/CameraTestScene.CameraTestScene:PersistentLevel.CameraTestScene'
[2018.12.14-21.45.33:554][ 91]LogSlate: Updating window title bar state: overlay mode, drag disabled, window buttons hidden, title bar hidden
[2018.12.14-21.45.33:594][ 91]LogPlayLevel: Display: Shutting down PIE online subsystems
[2018.12.14-21.45.33:594][ 91]LogBlueprintUserMessages: Late EndPlayMap Detection: Level '/Game/Scenes/CameraTestScene.CameraTestScene:PersistentLevel' has LevelScriptBlueprint '/Game/Scenes/CameraTestScene.CameraTestScene:PersistentLevel.CameraTestScene' with GeneratedClass '/Game/Scenes/CameraTestScene.CameraTestScene_C' with ClassGeneratedBy '/Game/Scenes/CameraTestScene.CameraTestScene:PersistentLevel.CameraTestScene'
[2018.12.14-21.45.33:619][ 91]LogSlate: Updating window title bar state: overlay mode, drag disabled, window buttons hidden, title bar hidden
[2018.12.14-21.45.33:654][ 94]LogPlayLevel: Display: Destroying online subsystem :Context_13
[2018.12.14-21.45.53:255][252]LogSlate: FSceneViewport::OnFocusLost() reason 2
[2018.12.14-22.09.31:015][519]LogInit: XAudio2 using 'Headset Earphone (Corsair VOID PRO USB Gaming Headset)' : 6 channels at 48 kHz using 16 bits per sample (channel mask 0x3f)
[2018.12.14-22.09.34:308][902]LogInit: XAudio2 using 'Headset Earphone (Corsair VOID PRO USB Gaming Headset)' : 6 channels at 48 kHz using 16 bits per sample (channel mask 0x3f)
[2018.12.14-22.20.02:693][288]LogInit: XAudio2 using 'Headset Earphone (Corsair VOID PRO USB Gaming Headset)' : 6 channels at 48 kHz using 16 bits per sample (channel mask 0x3f)
[2018.12.14-22.20.05:980][671]LogInit: XAudio2 using 'Headset Earphone (Corsair VOID PRO USB Gaming Headset)' : 6 channels at 48 kHz using 16 bits per sample (channel mask 0x3f)
[2018.12.14-23.46.41:825][463]LogSlate: Window 'PairProject - Unreal Editor' being destroyed
[2018.12.14-23.46.42:010][464]Cmd: QUIT_EDITOR
[2018.12.14-23.46.42:303][464]LogWindowsTextInputMethodSystem: Display: IME system now deactivated.
[2018.12.14-23.46.42:319][464]LogExit: Preparing to exit.
[2018.12.14-23.46.43:408][464]LogExit: Editor shut down
[2018.12.14-23.46.43:409][464]LogExit: Transaction tracking system shut down
[2018.12.14-23.46.44:108][464]LogExit: Object subsystem successfully closed.
[2018.12.14-23.46.44:142][464]LogShaderCompilers: Display: Shaders left to compile 0
[2018.12.14-23.46.44:147][464]LogD3D11RHI: Shutdown
[2018.12.14-23.46.44:147][464]LogD3D11RHI: CleanupD3DDevice
[2018.12.14-23.46.44:150][464]LogD3D11RHI: ~FD3D11DynamicRHI
[2018.12.14-23.46.44:163][464]LogModuleManager: Shutting down and abandoning module NewLevelDialog (626)
[2018.12.14-23.46.44:163][464]LogModuleManager: Shutting down and abandoning module ExternalImagePicker (624)
[2018.12.14-23.46.44:163][464]LogModuleManager: Shutting down and abandoning module PairProject (622)
[2018.12.14-23.46.44:163][464]LogModuleManager: Shutting down and abandoning module BlueprintGraph (620)
[2018.12.14-23.46.44:163][464]LogModuleManager: Shutting down and abandoning module MovieSceneCapture (618)
[2018.12.14-23.46.44:163][464]LogModuleManager: Shutting down and abandoning module Voice (616)
[2018.12.14-23.46.44:179][464]LogModuleManager: Shutting down and abandoning module HierarchicalLODOutliner (614)
[2018.12.14-23.46.44:179][464]LogModuleManager: Shutting down and abandoning module SceneOutliner (612)
[2018.12.14-23.46.44:179][464]LogModuleManager: Shutting down and abandoning module AddContentDialog (610)
[2018.12.14-23.46.44:181][464]LogModuleManager: Shutting down and abandoning module WidgetCarousel (609)
[2018.12.14-23.46.44:181][464]LogModuleManager: Shutting down and abandoning module EditorWidgets (606)
[2018.12.14-23.46.44:181][464]LogModuleManager: Shutting down and abandoning module CollectionManager (604)
[2018.12.14-23.46.44:181][464]LogModuleManager: Shutting down and abandoning module HierarchicalLODUtilities (602)
[2018.12.14-23.46.44:181][464]LogModuleManager: Shutting down and abandoning module StatsViewer (600)
[2018.12.14-23.46.44:181][464]LogModuleManager: Shutting down and abandoning module FoliageEdit (598)
[2018.12.14-23.46.44:181][464]LogModuleManager: Shutting down and abandoning module LandscapeEditor (596)
[2018.12.14-23.46.44:182][464]LogModuleManager: Shutting down and abandoning module MeshPaintMode (594)
[2018.12.14-23.46.44:182][464]LogModuleManager: Shutting down and abandoning module SceneDepthPickerMode (592)
[2018.12.14-23.46.44:182][464]LogModuleManager: Shutting down and abandoning module ActorPickerMode (590)
[2018.12.14-23.46.44:182][464]LogModuleManager: Shutting down and abandoning module GeometryMode (588)
[2018.12.14-23.46.44:182][464]LogModuleManager: Shutting down and abandoning module TextureAlignMode (586)
[2018.12.14-23.46.44:182][464]LogModuleManager: Shutting down and abandoning module BspMode (584)
[2018.12.14-23.46.44:182][464]LogModuleManager: Shutting down and abandoning module PIEPreviewDeviceProfileSelector (582)
[2018.12.14-23.46.44:182][464]LogModuleManager: Shutting down and abandoning module SequenceRecorderSections (580)
[2018.12.14-23.46.44:182][464]LogModuleManager: Shutting down and abandoning module AutomationWorker (578)
[2018.12.14-23.46.44:182][464]LogModuleManager: Shutting down and abandoning module AudioCaptureEditor (576)
[2018.12.14-23.46.44:182][464]LogModuleManager: Shutting down and abandoning module SequenceRecorder (575)
[2018.12.14-23.46.44:182][464]LogModuleManager: Shutting down and abandoning module MatineeToLevelSequence (572)
[2018.12.14-23.46.44:182][464]LogModuleManager: Shutting down and abandoning module LevelSequenceEditor (570)
[2018.12.14-23.46.44:182][464]LogModuleManager: Shutting down and abandoning module PlacementMode (569)
[2018.12.14-23.46.44:182][464]LogModuleManager: Shutting down and abandoning module MaterialEditor (568)
[2018.12.14-23.46.44:183][464]LogModuleManager: Shutting down and abandoning module WmfMediaFactory (564)
[2018.12.14-23.46.44:183][464]LogModuleManager: Shutting down and abandoning module WmfMediaEditor (562)
[2018.12.14-23.46.44:183][464]LogModuleManager: Shutting down and abandoning module MediaPlayerEditor (560)
[2018.12.14-23.46.44:183][464]LogModuleManager: Shutting down and abandoning module OpenExrWrapper (558)
[2018.12.14-23.46.44:183][464]LogModuleManager: Shutting down and abandoning module ImgMediaFactory (556)
[2018.12.14-23.46.44:183][464]LogModuleManager: Shutting down and abandoning module ImgMediaEditor (554)
[2018.12.14-23.46.44:183][464]LogModuleManager: Shutting down and abandoning module AvfMediaFactory (552)
[2018.12.14-23.46.44:183][464]LogModuleManager: Shutting down and abandoning module AvfMediaEditor (550)
[2018.12.14-23.46.44:183][464]LogModuleManager: Shutting down and abandoning module AndroidMediaFactory (548)
[2018.12.14-23.46.44:183][464]LogModuleManager: Shutting down and abandoning module AndroidMediaEditor (546)
[2018.12.14-23.46.44:183][464]LogModuleManager: Shutting down and abandoning module MagicLeapCameraPreviewFactory (544)
[2018.12.14-23.46.44:183][464]LogModuleManager: Shutting down and abandoning module MagicLeapMediaFactory (542)
[2018.12.14-23.46.44:183][464]LogModuleManager: Shutting down and abandoning module MagicLeapMediaEditor (540)
[2018.12.14-23.46.44:183][464]LogModuleManager: Shutting down and abandoning module CharacterAI (538)
[2018.12.14-23.46.44:183][464]LogModuleManager: Shutting down and abandoning module SmartSnapping (536)
[2018.12.14-23.46.44:183][464]LogModuleManager: Shutting down and abandoning module SessionServices (534)
[2018.12.14-23.46.44:183][464]LogModuleManager: Shutting down and abandoning module ViewportSnapping (532)
[2018.12.14-23.46.44:184][464]LogModuleManager: Shutting down and abandoning module ViewportInteraction (530)
[2018.12.14-23.46.44:184][464]LogModuleManager: Shutting down and abandoning module ClothPainter (528)
[2018.12.14-23.46.44:184][464]LogModuleManager: Shutting down and abandoning module SkeletalMeshEditor (527)
[2018.12.14-23.46.44:184][464]LogModuleManager: Shutting down and abandoning module LogVisualizer (524)
[2018.12.14-23.46.44:184][464]LogModuleManager: Shutting down and abandoning module IntroTutorials (522)
[2018.12.14-23.46.44:184][464]LogModuleManager: Shutting down and abandoning module GameProjectGeneration (521)
[2018.12.14-23.46.44:184][464]LogModuleManager: Shutting down and abandoning module LuminPlatformEditor (518)
[2018.12.14-23.46.44:184][464]LogModuleManager: Shutting down and abandoning module IOSPlatformEditor (516)
[2018.12.14-23.46.44:184][464]LogModuleManager: Shutting down and abandoning module HTML5PlatformEditor (514)
[2018.12.14-23.46.44:184][464]LogModuleManager: Shutting down and abandoning module AndroidPlatformEditor (512)
[2018.12.14-23.46.44:184][464]LogModuleManager: Shutting down and abandoning module AndroidDeviceDetection (511)
[2018.12.14-23.46.45:537][464]LogModuleManager: Shutting down and abandoning module WindowsPlatformEditor (508)
[2018.12.14-23.46.45:537][464]LogModuleManager: Shutting down and abandoning module LuminRuntimeSettings (506)
[2018.12.14-23.46.45:537][464]LogModuleManager: Shutting down and abandoning module IOSRuntimeSettings (504)
[2018.12.14-23.46.45:537][464]LogModuleManager: Shutting down and abandoning module AndroidRuntimeSettings (502)
[2018.12.14-23.46.45:537][464]LogModuleManager: Shutting down and abandoning module InputBindingEditor (500)
[2018.12.14-23.46.45:537][464]LogModuleManager: Shutting down and abandoning module MergeActors (498)
[2018.12.14-23.46.45:538][464]LogModuleManager: Shutting down and abandoning module LocalizationDashboard (496)
[2018.12.14-23.46.45:538][464]LogModuleManager: Shutting down and abandoning module LocalizationService (495)
[2018.12.14-23.46.45:538][464]LogModuleManager: Shutting down and abandoning module HardwareTargeting (492)
[2018.12.14-23.46.45:538][464]LogModuleManager: Shutting down and abandoning module DeviceProfileEditor (490)
[2018.12.14-23.46.45:538][464]LogModuleManager: Shutting down and abandoning module UndoHistory (488)
[2018.12.14-23.46.45:538][464]LogModuleManager: Shutting down and abandoning module XmlParser (486)
[2018.12.14-23.46.45:538][464]LogModuleManager: Shutting down and abandoning module Blutility (484)
[2018.12.14-23.46.45:538][464]LogModuleManager: Shutting down and abandoning module ProjectSettingsViewer (482)
[2018.12.14-23.46.45:538][464]LogModuleManager: Shutting down and abandoning module ProjectTargetPlatformEditor (481)
[2018.12.14-23.46.45:538][464]LogModuleManager: Shutting down and abandoning module EditorSettingsViewer (478)
[2018.12.14-23.46.45:538][464]LogModuleManager: Shutting down and abandoning module SettingsEditor (476)
[2018.12.14-23.46.45:538][464]LogModuleManager: Shutting down and abandoning module ProjectLauncher (474)
[2018.12.14-23.46.45:538][464]LogModuleManager: Shutting down and abandoning module SessionFrontend (472)
[2018.12.14-23.46.45:539][464]LogModuleManager: Shutting down and abandoning module ProfilerClient (470)
[2018.12.14-23.46.45:539][464]LogModuleManager: Shutting down and abandoning module DeviceManager (468)
[2018.12.14-23.46.45:539][464]LogModuleManager: Shutting down and abandoning module TargetDeviceServices (467)
[2018.12.14-23.46.45:594][464]LogModuleManager: Shutting down and abandoning module AutomationController (464)
[2018.12.14-23.46.45:594][464]LogModuleManager: Shutting down and abandoning module AutomationWindow (462)
[2018.12.14-23.46.45:594][464]LogModuleManager: Shutting down and abandoning module Layers (460)
[2018.12.14-23.46.45:594][464]LogModuleManager: Shutting down and abandoning module ComponentVisualizers (458)
[2018.12.14-23.46.45:594][464]LogModuleManager: Shutting down and abandoning module DetailCustomizations (456)
[2018.12.14-23.46.45:594][464]LogModuleManager: Shutting down and abandoning module PackagesDialog (454)
[2018.12.14-23.46.45:595][464]LogModuleManager: Shutting down and abandoning module Persona (452)
[2018.12.14-23.46.45:595][464]LogModuleManager: Shutting down and abandoning module AdvancedPreviewScene (451)
[2018.12.14-23.46.45:595][464]LogModuleManager: Shutting down and abandoning module AnimGraph (449)
[2018.12.14-23.46.45:595][464]LogModuleManager: Shutting down and abandoning module Kismet (446)
[2018.12.14-23.46.45:599][464]LogModuleManager: Shutting down and abandoning module GraphEditor (444)
[2018.12.14-23.46.45:600][464]LogModuleManager: Shutting down and abandoning module ClassViewer (442)
[2018.12.14-23.46.45:601][464]LogModuleManager: Shutting down and abandoning module Toolbox (440)
[2018.12.14-23.46.45:601][464]LogModuleManager: Shutting down and abandoning module DesktopPlatform (439)
[2018.12.14-23.46.45:601][464]LogModuleManager: Shutting down and abandoning module ModuleUI (436)
[2018.12.14-23.46.45:601][464]LogModuleManager: Shutting down and abandoning module MovieSceneTools (434)
[2018.12.14-23.46.45:601][464]LogModuleManager: Shutting down and abandoning module OutputLog (432)
[2018.12.14-23.46.45:601][464]LogModuleManager: Shutting down and abandoning module GammaUI (430)
[2018.12.14-23.46.45:601][464]LogModuleManager: Shutting down and abandoning module Documentation (428)
[2018.12.14-23.46.45:601][464]LogModuleManager: Shutting down and abandoning module MovieSceneTracks (426)
[2018.12.14-23.46.45:601][464]LogModuleManager: Shutting down and abandoning module MovieScene (424)
[2018.12.14-23.46.45:602][464]LogModuleManager: Shutting down and abandoning module StreamingPauseRendering (422)
[2018.12.14-23.46.45:602][464]LogModuleManager: Shutting down and abandoning module LauncherPlatform (420)
[2018.12.14-23.46.45:602][464]LogModuleManager: Shutting down and abandoning module AnalyticsET (418)
[2018.12.14-23.46.45:602][464]LogModuleManager: Shutting down and abandoning module PortalServices (416)
[2018.12.14-23.46.45:602][464]LogModuleManager: Shutting down and abandoning module PortalRpc (414)
[2018.12.14-23.46.45:602][464]LogModuleManager: Shutting down and abandoning module MessagingRpc (412)
[2018.12.14-23.46.45:602][464]LogModuleManager: Shutting down and abandoning module AIModule (410)
[2018.12.14-23.46.45:602][464]LogModuleManager: Shutting down and abandoning module GameplayDebugger (409)
[2018.12.14-23.46.45:602][464]LogModuleManager: Shutting down and abandoning module AITestSuite (407)
[2018.12.14-23.46.45:602][464]LogModuleManager: Shutting down and abandoning module NavigationSystem (405)
[2018.12.14-23.46.45:602][464]LogModuleManager: Shutting down and abandoning module ProfilerService (402)
[2018.12.14-23.46.45:817][464]LogModuleManager: Shutting down and abandoning module TaskGraph (400)
[2018.12.14-23.46.45:817][464]LogModuleManager: Shutting down and abandoning module SteamVRController (398)
[2018.12.14-23.46.45:817][464]LogModuleManager: Shutting down and abandoning module ProceduralMeshComponentEditor (396)
[2018.12.14-23.46.45:817][464]LogModuleManager: Shutting down and abandoning module ProceduralMeshComponent (394)
[2018.12.14-23.46.45:817][464]LogModuleManager: Shutting down and abandoning module OculusInput (392)
[2018.12.14-23.46.45:817][464]LogModuleManager: Shutting down and abandoning module MobilePatchingUtils (390)
[2018.12.14-23.46.45:817][464]LogModuleManager: Shutting down and abandoning module EditableMesh (388)
[2018.12.14-23.46.45:818][464]LogModuleManager: Shutting down and abandoning module CustomMeshComponent (386)
[2018.12.14-23.46.45:818][464]LogModuleManager: Shutting down and abandoning module CableComponent (384)
[2018.12.14-23.46.45:818][464]LogModuleManager: Shutting down and abandoning module AudioCapture (382)
[2018.12.14-23.46.45:818][464]LogModuleManager: Shutting down and abandoning module ArchVisCharacter (380)
[2018.12.14-23.46.45:818][464]LogModuleManager: Shutting down and abandoning module AndroidPermission (378)
[2018.12.14-23.46.45:818][464]LogModuleManager: Shutting down and abandoning module NUTUnrealEngine4 (376)
[2018.12.14-23.46.45:818][464]LogModuleManager: Shutting down and abandoning module NetcodeUnitTest (374)
[2018.12.14-23.46.45:818][464]LogModuleManager: Shutting down and abandoning module MediaCompositingEditor (372)
[2018.12.14-23.46.45:818][464]LogModuleManager: Shutting down and abandoning module MediaCompositing (370)
[2018.12.14-23.46.45:818][464]LogModuleManager: Shutting down and abandoning module LinearTimecode (368)
[2018.12.14-23.46.45:818][464]LogModuleManager: Shutting down and abandoning module ImgMedia (366)
[2018.12.14-23.46.45:822][464]LogModuleManager: Shutting down and abandoning module HTML5Networking (364)
[2018.12.14-23.46.45:822][464]LogModuleManager: Shutting down and abandoning module GeometryCacheTracks (362)
[2018.12.14-23.46.45:822][464]LogModuleManager: Shutting down and abandoning module GeometryCacheSequencer (360)
[2018.12.14-23.46.45:822][464]LogModuleManager: Shutting down and abandoning module BackChannel (358)
[2018.12.14-23.46.45:822][464]LogModuleManager: Shutting down and abandoning module AppleVision (356)
[2018.12.14-23.46.45:823][464]LogModuleManager: Shutting down and abandoning module AppleImageUtils (354)
[2018.12.14-23.46.45:823][464]LogModuleManager: Shutting down and abandoning module AlembicImporter (352)
[2018.12.14-23.46.45:823][464]LogModuleManager: Shutting down and abandoning module AlembicLibrary (351)
[2018.12.14-23.46.45:823][464]LogModuleManager: Shutting down and abandoning module GeometryCache (350)
[2018.12.14-23.46.45:823][464]LogModuleManager: Shutting down and abandoning module GeometryCacheEd (349)
[2018.12.14-23.46.45:823][464]LogModuleManager: Shutting down and abandoning module DatasmithContentEditor (344)
[2018.12.14-23.46.45:823][464]LogModuleManager: Shutting down and abandoning module DatasmithContent (342)
[2018.12.14-23.46.45:823][464]LogModuleManager: Shutting down and abandoning module SpeedTreeImporter (340)
[2018.12.14-23.46.45:823][464]LogModuleManager: Shutting down and abandoning module PluginBrowser (338)
[2018.12.14-23.46.45:824][464]LogModuleManager: Shutting down and abandoning module MobileLauncherProfileWizard (336)
[2018.12.14-23.46.45:824][464]LogModuleManager: Shutting down and abandoning module PolygonModeling (334)
[2018.12.14-23.46.45:824][464]LogModuleManager: Shutting down and abandoning module MeshEditor (332)
[2018.12.14-23.46.45:824][464]LogModuleManager: Shutting down and abandoning module CryptoKeysOpenSSL (330)
[2018.12.14-23.46.45:824][464]LogModuleManager: Shutting down and abandoning module CryptoKeys (328)
[2018.12.14-23.46.45:824][464]LogModuleManager: Shutting down and abandoning module VisualStudioSourceCodeAccess (326)
[2018.12.14-23.46.45:824][464]LogModuleManager: Shutting down and abandoning module VisualStudioCodeSourceCodeAccess (324)
[2018.12.14-23.46.45:824][464]LogModuleManager: Shutting down and abandoning module UObjectPlugin (322)
[2018.12.14-23.46.45:824][464]LogModuleManager: Shutting down and abandoning module SubversionSourceControl (320)
[2018.12.14-23.46.45:824][464]LogModuleManager: Shutting down and abandoning module PerforceSourceControl (318)
[2018.12.14-23.46.45:824][464]LogModuleManager: Shutting down and abandoning module GitSourceControl (316)
[2018.12.14-23.46.45:824][464]LogModuleManager: Shutting down and abandoning module SourceControl (315)
[2018.12.14-23.46.45:824][464]LogModuleManager: Shutting down and abandoning module CLionSourceCodeAccess (312)
[2018.12.14-23.46.45:824][464]LogModuleManager: Shutting down and abandoning module LightPropagationVolumeEditor (310)
[2018.12.14-23.46.45:824][464]LogModuleManager: Shutting down and abandoning module PaperTiledImporter (308)
[2018.12.14-23.46.45:824][464]LogModuleManager: Shutting down and abandoning module PaperSpriteSheetImporter (306)
[2018.12.14-23.46.45:824][464]LogModuleManager: Shutting down and abandoning module Paper2DEditor (304)
[2018.12.14-23.46.45:824][464]LogModuleManager: Shutting down and abandoning module MeshPaint (303)
[2018.12.14-23.46.45:824][464]LogModuleManager: Shutting down and abandoning module RuntimePhysXCooking (298)
[2018.12.14-23.46.45:825][464]LogModuleManager: Shutting down and abandoning module PhysXVehiclesEditor (296)
[2018.12.14-23.46.45:825][464]LogModuleManager: Shutting down and abandoning module PhysXVehicles (294)
[2018.12.14-23.46.45:825][464]LogModuleManager: Shutting down and abandoning module OculusEditor (292)
[2018.12.14-23.46.45:825][464]LogModuleManager: Shutting down and abandoning module LocationServicesBPLibrary (290)
[2018.12.14-23.46.45:825][464]LogModuleManager: Shutting down and abandoning module ImmediatePhysicsEditor (288)
[2018.12.14-23.46.45:825][464]LogModuleManager: Shutting down and abandoning module ImmediatePhysics (286)
[2018.12.14-23.46.45:825][464]LogModuleManager: Shutting down and abandoning module ActorSequence (284)
[2018.12.14-23.46.45:825][464]LogModuleManager: Shutting down and abandoning module UdpMessaging (282)
[2018.12.14-23.46.45:925][464]LogModuleManager: Shutting down and abandoning module TcpMessaging (280)
[2018.12.14-23.46.46:026][464]LogModuleManager: Shutting down and abandoning module MagicLeapAudio (278)
[2018.12.14-23.46.46:026][464]LogModuleManager: Shutting down and abandoning module GameplayTagsEditor (276)
[2018.12.14-23.46.46:026][464]LogModuleManager: Shutting down and abandoning module FacialAnimationEditor (274)
[2018.12.14-23.46.46:027][464]LogModuleManager: Shutting down and abandoning module FacialAnimation (272)
[2018.12.14-23.46.46:027][464]LogModuleManager: Shutting down and abandoning module DataValidation (270)
[2018.12.14-23.46.46:027][464]LogModuleManager: Shutting down and abandoning module AssetManagerEditor (268)
[2018.12.14-23.46.46:027][464]LogModuleManager: Shutting down and abandoning module LevelEditor (267)
[2018.12.14-23.46.46:028][464]LogModuleManager: Shutting down and abandoning module PixelInspectorModule (266)
[2018.12.14-23.46.46:029][464]LogModuleManager: Shutting down and abandoning module CommonMenuExtensions (264)
[2018.12.14-23.46.46:029][464]LogModuleManager: Shutting down and abandoning module MainFrame (262)
[2018.12.14-23.46.46:029][464]LogModuleManager: Shutting down and abandoning module HotReload (261)
[2018.12.14-23.46.46:029][464]LogModuleManager: Shutting down and abandoning module ContentBrowser (257)
[2018.12.14-23.46.46:030][464]LogModuleManager: Shutting down and abandoning module TreeMap (255)
[2018.12.14-23.46.46:030][464]LogModuleManager: Shutting down and abandoning module LightPropagationVolumeRuntime (252)
[2018.12.14-23.46.46:030][464]LogModuleManager: Shutting down and abandoning module AISupportModule (250)
[2018.12.14-23.46.46:030][464]LogModuleManager: Shutting down and abandoning module Paper2D (248)
[2018.12.14-23.46.46:030][464]LogModuleManager: Shutting down and abandoning module WindowsMoviePlayer (246)
[2018.12.14-23.46.46:030][464]LogModuleManager: Shutting down and abandoning module WmfMedia (244)
[2018.12.14-23.46.46:033][464]LogModuleManager: Shutting down and abandoning module Media (243)
[2018.12.14-23.46.46:040][464]LogModuleManager: Shutting down and abandoning module PacketHandler (240)
[2018.12.14-23.46.46:040][464]LogModuleManager: Shutting down and abandoning module ClothingSystemEditor (238)
[2018.12.14-23.46.46:040][464]LogModuleManager: Shutting down and abandoning module ClothingSystemRuntime (236)
[2018.12.14-23.46.46:040][464]LogModuleManager: Shutting down and abandoning module MediaAssets (234)
[2018.12.14-23.46.46:040][464]LogModuleManager: Shutting down and abandoning module Overlay (232)
[2018.12.14-23.46.46:040][464]LogModuleManager: Shutting down and abandoning module OverlayEditor (231)
[2018.12.14-23.46.46:040][464]LogModuleManager: Shutting down and abandoning module VREditor (228)
[2018.12.14-23.46.46:040][464]LogModuleManager: Shutting down and abandoning module StringTableEditor (226)
[2018.12.14-23.46.46:040][464]LogModuleManager: Shutting down and abandoning module GameplayTasksEditor (224)
[2018.12.14-23.46.46:040][464]LogModuleManager: Shutting down and abandoning module BehaviorTreeEditor (222)
[2018.12.14-23.46.46:041][464]LogModuleManager: Shutting down and abandoning module FunctionalTesting (220)
[2018.12.14-23.46.46:041][464]LogModuleManager: Shutting down and abandoning module CollisionAnalyzer (218)
[2018.12.14-23.46.46:041][464]LogModuleManager: Shutting down and abandoning module WorkspaceMenuStructure (217)
[2018.12.14-23.46.46:041][464]LogModuleManager: Shutting down and abandoning module UMG (214)
[2018.12.14-23.46.46:041][464]LogModuleManager: Shutting down and abandoning module UMGEditor (213)
[2018.12.14-23.46.46:041][464]LogModuleManager: Shutting down and abandoning module Sequencer (212)
[2018.12.14-23.46.46:041][464]LogModuleManager: Shutting down and abandoning module MessageLog (209)
[2018.12.14-23.46.46:041][464]LogModuleManager: Shutting down and abandoning module SlateReflector (204)
[2018.12.14-23.46.46:041][464]LogModuleManager: Shutting down and abandoning module Slate (202)
[2018.12.14-23.46.46:041][464]LogModuleManager: Shutting down and abandoning module EditorStyle (200)
[2018.12.14-23.46.46:044][464]LogModuleManager: Shutting down and abandoning module MRMesh (198)
[2018.12.14-23.46.46:044][464]LogModuleManager: Shutting down and abandoning module SourceCodeAccess (196)
[2018.12.14-23.46.46:044][464]LogModuleManager: Shutting down and abandoning module HeadMountedDisplay (194)
[2018.12.14-23.46.46:044][464]LogModuleManager: Shutting down and abandoning module XAudio2 (192)
[2018.12.14-23.46.46:044][464]LogModuleManager: Shutting down and abandoning module Networking (190)
[2018.12.14-23.46.46:044][464]LogModuleManager: Shutting down and abandoning module Core (188)
[2018.12.14-23.46.46:044][464]LogModuleManager: Shutting down and abandoning module LevelSequence (186)
[2018.12.14-23.46.46:044][464]LogModuleManager: Shutting down and abandoning module KismetCompiler (184)
[2018.12.14-23.46.46:044][464]LogModuleManager: Shutting down and abandoning module MeshUtilities (182)
[2018.12.14-23.46.46:044][464]LogModuleManager: Shutting down and abandoning module MeshMergeUtilities (181)
[2018.12.14-23.46.46:045][464]LogModuleManager: Shutting down and abandoning module MeshReductionInterface (180)
[2018.12.14-23.46.46:045][464]LogModuleManager: Shutting down and abandoning module SimplygonSwarm (179)
[2018.12.14-23.46.46:045][464]LogModuleManager: Shutting down and abandoning module ProxyLODMeshReduction (177)
[2018.12.14-23.46.46:045][464]LogModuleManager: Shutting down and abandoning module SimplygonMeshReduction (175)
[2018.12.14-23.46.46:045][464]LogModuleManager: Shutting down and abandoning module QuadricMeshReduction (173)
[2018.12.14-23.46.46:045][464]LogModuleManager: Shutting down and abandoning module MaterialBaking (169)
[2018.12.14-23.46.46:045][464]LogModuleManager: Shutting down and abandoning module DirectoryWatcher (165)
[2018.12.14-23.46.46:045][464]LogModuleManager: Shutting down and abandoning module DerivedDataCache (162)
[2018.12.14-23.46.46:123][464]LogDerivedDataCache: Shutdown
[2018.12.14-23.46.46:123][464]LogModuleManager: Shutting down and abandoning module XGEController (160)
[2018.12.14-23.46.46:123][464]LogXGEController: Cleaning working directory: C:/Users/h017026h/AppData/Local/Temp/UnrealXGEWorkingDir/
[2018.12.14-23.46.46:123][464]LogModuleManager: Shutting down and abandoning module TargetPlatform (158)
[2018.12.14-23.46.46:124][464]LogModuleManager: Shutting down and abandoning module VulkanShaderFormat (157)
[2018.12.14-23.46.46:124][464]LogModuleManager: Shutting down and abandoning module ShaderFormatVectorVM (155)
[2018.12.14-23.46.46:124][464]LogModuleManager: Shutting down and abandoning module ShaderFormatOpenGL (153)
[2018.12.14-23.46.46:124][464]LogModuleManager: Shutting down and abandoning module ShaderFormatD3D (151)
[2018.12.14-23.46.46:124][464]LogModuleManager: Shutting down and abandoning module MetalShaderFormat (149)
[2018.12.14-23.46.46:124][464]LogModuleManager: Shutting down and abandoning module TextureFormatUncompressed (147)
[2018.12.14-23.46.46:124][464]LogModuleManager: Shutting down and abandoning module TextureFormatPVR (145)
[2018.12.14-23.46.46:124][464]LogModuleManager: Shutting down and abandoning module TextureFormatDXT (143)
[2018.12.14-23.46.46:124][464]LogModuleManager: Shutting down and abandoning module TextureFormatIntelISPCTexComp (141)
[2018.12.14-23.46.46:125][464]LogModuleManager: Shutting down and abandoning module TextureFormatASTC (139)
[2018.12.14-23.46.46:125][464]LogModuleManager: Shutting down and abandoning module ImageWrapper (138)
[2018.12.14-23.46.46:126][464]LogModuleManager: Shutting down and abandoning module TextureFormatAndroid (135)
[2018.12.14-23.46.46:126][464]LogModuleManager: Shutting down and abandoning module AudioFormatOpus (133)
[2018.12.14-23.46.46:126][464]LogModuleManager: Shutting down and abandoning module AudioFormatOgg (131)
[2018.12.14-23.46.46:126][464]LogModuleManager: Shutting down and abandoning module AudioFormatADPCM (129)
[2018.12.14-23.46.46:126][464]LogModuleManager: Shutting down and abandoning module LuminTargetPlatform (127)
[2018.12.14-23.46.46:126][464]LogModuleManager: Shutting down and abandoning module LinuxTargetPlatform (125)
[2018.12.14-23.46.46:126][464]LogModuleManager: Shutting down and abandoning module LinuxServerTargetPlatform (123)
[2018.12.14-23.46.46:126][464]LogModuleManager: Shutting down and abandoning module LinuxNoEditorTargetPlatform (121)
[2018.12.14-23.46.46:126][464]LogModuleManager: Shutting down and abandoning module LinuxClientTargetPlatform (119)
[2018.12.14-23.46.46:126][464]LogModuleManager: Shutting down and abandoning module TVOSTargetPlatform (117)
[2018.12.14-23.46.46:128][464]LogModuleManager: Shutting down and abandoning module Messaging (115)
[2018.12.14-23.46.46:129][464]LogModuleManager: Shutting down and abandoning module IOSTargetPlatform (113)
[2018.12.14-23.46.46:131][464]LogModuleManager: Shutting down and abandoning module HTML5TargetPlatform (111)
[2018.12.14-23.46.46:132][464]LogModuleManager: Shutting down and abandoning module AndroidTargetPlatform (109)
[2018.12.14-23.46.46:156][464]LogModuleManager: Shutting down and abandoning module WindowsTargetPlatform (107)
[2018.12.14-23.46.46:156][464]LogModuleManager: Shutting down and abandoning module WindowsServerTargetPlatform (105)
[2018.12.14-23.46.46:156][464]LogModuleManager: Shutting down and abandoning module WindowsNoEditorTargetPlatform (103)
[2018.12.14-23.46.46:156][464]LogModuleManager: Shutting down and abandoning module WindowsClientTargetPlatform (101)
[2018.12.14-23.46.46:156][464]LogModuleManager: Shutting down and abandoning module MacTargetPlatform (99)
[2018.12.14-23.46.46:156][464]LogModuleManager: Shutting down and abandoning module MacServerTargetPlatform (97)
[2018.12.14-23.46.46:156][464]LogModuleManager: Shutting down and abandoning module MacNoEditorTargetPlatform (95)
[2018.12.14-23.46.46:156][464]LogModuleManager: Shutting down and abandoning module MacClientTargetPlatform (93)
[2018.12.14-23.46.46:157][464]LogModuleManager: Shutting down and abandoning module AllDesktopTargetPlatform (91)
[2018.12.14-23.46.46:157][464]LogModuleManager: Shutting down and abandoning module InputCore (88)
[2018.12.14-23.46.46:157][464]LogModuleManager: Shutting down and abandoning module Settings (86)
[2018.12.14-23.46.46:157][464]LogModuleManager: Shutting down and abandoning module PhysXCooking (84)
[2018.12.14-23.46.46:157][464]LogModuleManager: Shutting down and abandoning module SteamVR (82)
[2018.12.14-23.46.46:157][464]LogModuleManager: Shutting down and abandoning module OculusHMD (80)
[2018.12.14-23.46.46:157][464]LogModuleManager: Shutting down and abandoning module ExampleDeviceProfileSelector (78)
[2018.12.14-23.46.46:157][464]LogModuleManager: Shutting down and abandoning module LauncherChunkInstaller (76)
[2018.12.14-23.46.46:157][464]LogModuleManager: Shutting down and abandoning module OnlineBlueprintSupport (74)
[2018.12.14-23.46.46:157][464]LogModuleManager: Shutting down and abandoning module OnlineSubsystem (70)
[2018.12.14-23.46.46:158][464]LogModuleManager: Shutting down and abandoning module XMPP (65)
[2018.12.14-23.46.46:158][464]LogModuleManager: Shutting down and abandoning module WebSockets (64)
[2018.12.14-23.46.46:167][464]LogModuleManager: Shutting down and abandoning module HTTP (61)
[2018.12.14-23.46.46:167][464]LogHttp: Display: Http module shutting down, but needs to wait on 1 outstanding Http requests:
[2018.12.14-23.46.46:167][464]LogHttp: Display: 	verb=[POST] url=[https://datarouter.ol.epicgames.com/datarouter/api/v1/public/data?SessionID=%7B54ED883E-4666-2D68-191C-F8A3C02F3413%7D&AppID=UEEditor.Rocket.Release&AppVersion=4.20.3-4369336%2B%2B%2BUE4%2BRelease-4.20&UserID=81238f3745259e4ccbe49699fefb750c%7C57acdad4fb0c413ba5aebbf147efe532%7C4262c4f5-6bc8-4dde-bd6b-1806285362b0&AppEnvironment=datacollector-binary&UploadType=eteventstream] status=Processing
[2018.12.14-23.46.46:175][464]LogModuleManager: Shutting down and abandoning module SSL (60)
[2018.12.14-23.46.46:177][464]LogModuleManager: Shutting down and abandoning module MagicLeapEmulator (56)
[2018.12.14-23.46.46:177][464]LogModuleManager: Shutting down and abandoning module MagicLeapPrivileges (54)
[2018.12.14-23.46.46:177][464]LogModuleManager: Shutting down and abandoning module MagicLeapIdentity (52)
[2018.12.14-23.46.46:177][464]LogModuleManager: Shutting down and abandoning module MagicLeapHelperVulkan (50)
[2018.12.14-23.46.46:177][464]LogModuleManager: Shutting down and abandoning module MagicLeapHelperOpenGL (48)
[2018.12.14-23.46.46:177][464]LogModuleManager: Shutting down and abandoning module MagicLeapSecureStorage (46)
[2018.12.14-23.46.46:177][464]LogModuleManager: Shutting down and abandoning module MagicLeapGestures (44)
[2018.12.14-23.46.46:177][464]LogModuleManager: Shutting down and abandoning module MagicLeapEyeTracker (42)
[2018.12.14-23.46.46:177][464]LogModuleManager: Shutting down and abandoning module MagicLeapController (40)
[2018.12.14-23.46.46:178][464]LogSlate: Slate User Destroyed.  User Index 0, Is Virtual User: 0
[2018.12.14-23.46.46:178][464]LogModuleManager: Shutting down and abandoning module MagicLeap (38)
[2018.12.14-23.46.46:178][464]LogModuleManager: Shutting down and abandoning module AnimationModifiers (36)
[2018.12.14-23.46.46:178][464]LogModuleManager: Shutting down and abandoning module PropertyEditor (35)
[2018.12.14-23.46.46:178][464]LogModuleManager: Shutting down and abandoning module AudioEditor (32)
[2018.12.14-23.46.46:178][464]LogModuleManager: Shutting down and abandoning module TextureCompressor (30)
[2018.12.14-23.46.46:183][464]LogModuleManager: Shutting down and abandoning module ShaderCore (28)
[2018.12.14-23.46.46:183][464]LogModuleManager: Shutting down and abandoning module Landscape (26)
[2018.12.14-23.46.46:183][464]LogModuleManager: Shutting down and abandoning module SlateRHIRenderer (24)
[2018.12.14-23.46.46:184][464]LogModuleManager: Shutting down and abandoning module OpenGLDrv (22)
[2018.12.14-23.46.46:184][464]LogModuleManager: Shutting down and abandoning module D3D11RHI (20)
[2018.12.14-23.46.46:184][464]LogModuleManager: Shutting down and abandoning module AnimGraphRuntime (18)
[2018.12.14-23.46.46:184][464]LogModuleManager: Shutting down and abandoning module Renderer (16)
[2018.12.14-23.46.46:184][464]LogModuleManager: Shutting down and abandoning module Engine (14)
[2018.12.14-23.46.46:184][464]LogModuleManager: Shutting down and abandoning module CoreUObject (12)
[2018.12.14-23.46.46:184][464]LogModuleManager: Shutting down and abandoning module NetworkFile (10)
[2018.12.14-23.46.46:184][464]LogModuleManager: Shutting down and abandoning module CookedIterativeFile (8)
[2018.12.14-23.46.46:184][464]LogModuleManager: Shutting down and abandoning module StreamingFile (6)
[2018.12.14-23.46.46:185][464]LogModuleManager: Shutting down and abandoning module SandboxFile (4)
[2018.12.14-23.46.46:185][464]LogModuleManager: Shutting down and abandoning module PakFile (2)
[2018.12.14-23.46.46:198][464]LogExit: Exiting.
[2018.12.14-23.46.46:223][464]Log file closed, 12/14/18 23:46:46
