Log file open, 01/06/19 15:55:21
LogWindows: Failed to load 'aqProf.dll' (GetLastError=126)
LogWindows: File 'aqProf.dll' does not exist
LogWindows: Failed to load 'VSPerf140.dll' (GetLastError=126)
LogWindows: File 'VSPerf140.dll' does not exist
LogWindows: Failed to load 'VtuneApi.dll' (GetLastError=126)
LogWindows: File 'VtuneApi.dll' does not exist
LogWindows: Failed to load 'VtuneApi32e.dll' (GetLastError=126)
LogWindows: File 'VtuneApi32e.dll' does not exist
LogInit: Display: Running engine for game: PairProject
LogPlatformFile: Not using cached read wrapper
LogTaskGraph: Started task graph with 5 named threads and 35 total threads with 3 sets of task threads.
LogStats: Stats thread started at 0.510862
LogD3D11RHI: Loaded GFSDK_Aftermath_Lib.x64.dll
LogICUInternationalization: Display: ICU TimeZone Detection - Raw Offset: +0:00, Platform Override: ''
LogPluginManager: Mounting plugin Paper2D
LogPluginManager: Mounting plugin AISupport
LogPluginManager: Mounting plugin LightPropagationVolume
LogPluginManager: Mounting plugin CLionSourceCodeAccess
LogPluginManager: Mounting plugin CodeLiteSourceCodeAccess
LogPluginManager: Mounting plugin GitSourceControl
LogPluginManager: Mounting plugin KDevelopSourceCodeAccess
LogPluginManager: Mounting plugin NullSourceCodeAccess
LogPluginManager: Mounting plugin PerforceSourceControl
LogPluginManager: Mounting plugin SubversionSourceControl
LogPluginManager: Mounting plugin UObjectPlugin
LogPluginManager: Mounting plugin VisualStudioCodeSourceCodeAccess
LogPluginManager: Mounting plugin VisualStudioSourceCodeAccess
LogPluginManager: Mounting plugin XCodeSourceCodeAccess
LogPluginManager: Mounting plugin AssetManagerEditor
LogPluginManager: Mounting plugin CryptoKeys
LogPluginManager: Mounting plugin DataValidation
LogPluginManager: Mounting plugin FacialAnimation
LogPluginManager: Mounting plugin GameplayTagsEditor
LogPluginManager: Mounting plugin MacGraphicsSwitching
LogPluginManager: Mounting plugin MeshEditor
LogPluginManager: Mounting plugin MobileLauncherProfileWizard
LogPluginManager: Mounting plugin PluginBrowser
LogPluginManager: Mounting plugin SpeedTreeImporter
LogPluginManager: Mounting plugin DatasmithContent
LogPluginManager: Mounting plugin AlembicImporter
LogPluginManager: Mounting plugin AppleImageUtils
LogPluginManager: Mounting plugin AppleVision
LogPluginManager: Mounting plugin BackChannel
LogPluginManager: Mounting plugin CharacterAI
LogPluginManager: Mounting plugin GeometryCache
LogPluginManager: Mounting plugin HTML5Networking
LogPluginManager: Mounting plugin ProxyLODPlugin
LogPluginManager: Mounting plugin MagicLeap
LogPluginManager: Mounting plugin MagicLeapEmulator
LogPluginManager: Mounting plugin MagicLeapMedia
LogPluginManager: Mounting plugin AndroidMedia
LogPluginManager: Mounting plugin AvfMedia
LogPluginManager: Mounting plugin ImgMedia
LogPluginManager: Mounting plugin LinearTimecode
LogPluginManager: Mounting plugin MediaCompositing
LogPluginManager: Mounting plugin MediaPlayerEditor
LogPluginManager: Mounting plugin WmfMedia
LogPluginManager: Mounting plugin TcpMessaging
LogPluginManager: Mounting plugin UdpMessaging
LogPluginManager: Mounting plugin ActorSequence
LogPluginManager: Mounting plugin LevelSequenceEditor
LogPluginManager: Mounting plugin MatineeToLevelSequence
LogPluginManager: Mounting plugin NetcodeUnitTest
LogPluginManager: Mounting plugin NUTUnrealEngine4
LogPluginManager: Mounting plugin OnlineSubsystemGooglePlay
LogPluginManager: Mounting plugin OnlineSubsystemIOS
LogPluginManager: Mounting plugin OnlineSubsystem
LogPluginManager: Mounting plugin OnlineSubsystemNull
LogPluginManager: Mounting plugin OnlineSubsystemUtils
LogPluginManager: Mounting plugin LauncherChunkInstaller
LogPluginManager: Mounting plugin AndroidDeviceProfileSelector
LogPluginManager: Mounting plugin AndroidMoviePlayer
LogPluginManager: Mounting plugin AndroidPermission
LogPluginManager: Mounting plugin ApexDestruction
LogPluginManager: Mounting plugin AppleMoviePlayer
LogPluginManager: Mounting plugin ArchVisCharacter
LogPluginManager: Mounting plugin AudioCapture
LogPluginManager: Mounting plugin CableComponent
LogPluginManager: Mounting plugin CustomMeshComponent
LogPluginManager: Mounting plugin EditableMesh
LogPluginManager: Mounting plugin ExampleDeviceProfileSelector
LogPluginManager: Mounting plugin GoogleCloudMessaging
LogPluginManager: Mounting plugin ImmediatePhysics
LogPluginManager: Mounting plugin IOSDeviceProfileSelector
LogPluginManager: Mounting plugin LinuxDeviceProfileSelector
LogPluginManager: Mounting plugin LocationServicesBPLibrary
LogPluginManager: Mounting plugin MobilePatchingUtils
LogPluginManager: Mounting plugin OculusVR
LogPluginManager: Plugin shader directory ../../../Engine/Plugins/Runtime/Oculus/OculusVR/Shaders found
LogPluginManager: Mapping shader source directory ../../../Engine/Plugins/Runtime/Oculus/OculusVR/Shaders to virtual directory /Plugin/OculusVR
LogPluginManager: Mounting plugin PhysXVehicles
LogPluginManager: Mounting plugin ProceduralMeshComponent
LogPluginManager: Mounting plugin RuntimePhysXCooking
LogPluginManager: Mounting plugin SteamVR
LogPluginManager: Mounting plugin WindowsMoviePlayer
LogStreaming: Display: Took  0.187s to configure plugins.
LogInit: Using libcurl 7.55.1-DEV
LogInit:  - built for x86_64-pc-win32
LogInit:  - supports SSL with OpenSSL/1.0.2h
LogInit:  - supports HTTP deflate (compression) using libz 1.2.8
LogInit:  - other features:
LogInit:      CURL_VERSION_SSL
LogInit:      CURL_VERSION_LIBZ
LogInit:      CURL_VERSION_IPV6
LogInit:      CURL_VERSION_ASYNCHDNS
LogInit:      CURL_VERSION_LARGEFILE
LogInit:      CURL_VERSION_IDN
LogInit:  CurlRequestOptions (configurable via config and command line):
LogInit:  - bVerifyPeer = false  - Libcurl will NOT verify peer certificate
LogInit:  - bUseHttpProxy = false  - Libcurl will NOT use HTTP proxy
LogInit:  - bDontReuseConnections = false  - Libcurl will reuse connections
LogInit:  - CertBundlePath = nullptr  - Libcurl will use whatever was configured at build time.
LogInit:  - MaxHostConnections = 16  - Libcurl will limit the number of connections to a host
LogInit:  - LocalHostAddr = Default
LogInit:  - BufferSize = 65536
LogInit: WinSock: version 1.1 (2.2), MaxSocks=32767, MaxUdp=65467
LogInit: Build: ++UE4+Release-4.20-CL-4369336
LogInit: Engine Version: 4.20.3-4369336+++UE4+Release-4.20
LogInit: Compatible Engine Version: 4.20.0-4212847+++UE4+Release-4.20
LogInit: Net CL: 4212847
LogInit: OS: Windows 10 (), CPU: Intel(R) Core(TM) i7-8700K CPU @ 3.70GHz, GPU: NVIDIA GeForce GTX 950
LogInit: Compiled (64-bit): Sep 17 2018 12:26:19
LogInit: Compiled with Visual C++: 19.13.26129.00
LogInit: Build Configuration: Development
LogInit: Branch Name: ++UE4+Release-4.20
LogInit: Command Line:  -skipcompile
LogInit: Base Directory: D:/Program Files (x86)/UE_4.20/Engine/Binaries/Win64/
LogInit: Installed Engine Build: 1
LogDevObjectVersion: Number of dev versions registered: 20
LogDevObjectVersion:   Dev-Blueprints (B0D832E4-1F89-4F0D-ACCF-7EB736FD4AA2): 10
LogDevObjectVersion:   Dev-Build (E1C64328-A22C-4D53-A36C-8E866417BD8C): 0
LogDevObjectVersion:   Dev-Core (375EC13C-06E4-48FB-B500-84F0262A717E): 2
LogDevObjectVersion:   Dev-Editor (E4B068ED-F494-42E9-A231-DA0B2E46BB41): 24
LogDevObjectVersion:   Dev-Framework (CFFC743F-43B0-4480-9391-14DF171D2073): 34
LogDevObjectVersion:   Dev-Mobile (B02B49B5-BB20-44E9-A304-32B752E40360): 2
LogDevObjectVersion:   Dev-Networking (A4E4105C-59A1-49B5-A7C5-40C4547EDFEE): 0
LogDevObjectVersion:   Dev-Online (39C831C9-5AE6-47DC-9A44-9C173E1C8E7C): 0
LogDevObjectVersion:   Dev-Physics (78F01B33-EBEA-4F98-B9B4-84EACCB95AA2): 0
LogDevObjectVersion:   Dev-Platform (6631380F-2D4D-43E0-8009-CF276956A95A): 0
LogDevObjectVersion:   Dev-Rendering (12F88B9F-8875-4AFC-A67C-D90C383ABD29): 26
LogDevObjectVersion:   Dev-Sequencer (7B5AE74C-D270-4C10-A958-57980B212A5A): 9
LogDevObjectVersion:   Dev-VR (D7296918-1DD6-4BDD-9DE2-64A83CC13884): 2
LogDevObjectVersion:   Dev-LoadTimes (C2A15278-BFE7-4AFE-6C17-90FF531DF755): 1
LogDevObjectVersion:   Private-Geometry (6EACA3D4-40EC-4CC1-B786-8BED09428FC5): 3
LogDevObjectVersion:   Dev-AnimPhys (29E575DD-E0A3-4627-9D10-D276232CDCEA): 17
LogDevObjectVersion:   Dev-ReflectionCapture (6B266CEC-1EC7-4B8F-A30B-E4D90942FC07): 1
LogDevObjectVersion:   Dev-Automation (0DF73D61-A23F-47EA-B727-89E90C41499A): 1
LogDevObjectVersion:   FortniteMain (601D1886-AC64-4F84-AA16-D3DE0DEAC7D6): 12
LogDevObjectVersion:   Dev-Enterprise (9DFFBCD6-494F-0158-E221-12823C92A888): 1
LogStreaming: Display: Took  0.002s to delete old logs.
LogInit: Presizing for max 8388607 objects, including 0 objects not considered by GC, pre-allocating 0 bytes for permanent pool.
LogInit: Object subsystem initialized
[2019.01.06-15.55.22:279][  0]LogInit: Selected Device Profile: [Windows]
[2019.01.06-15.55.22:279][  0]LogInit: Applying CVar settings loaded from the selected device profile: [Windows]
[2019.01.06-15.55.22:292][  0]LogHAL: Display: Platform has ~ 16 GB [17132584960 / 17179869184 / 16], which maps to Larger [LargestMinGB=32, LargerMinGB=12, DefaultMinGB=8, SmallerMinGB=6, SmallestMinGB=0)
[2019.01.06-15.55.22:292][  0]LogInit: Setting Device Profile CVar: [[r.Vulkan.UseRealUBs:1]]
[2019.01.06-15.55.22:292][  0]LogInit: Going up to parent DeviceProfile []
[2019.01.06-15.55.22:293][  0]LogInit: Computer: DESKTOP-D8L6EI8
[2019.01.06-15.55.22:293][  0]LogInit: User: h017026h
[2019.01.06-15.55.22:293][  0]LogInit: CPU Page size=4096, Cores=6
[2019.01.06-15.55.22:293][  0]LogInit: High frequency timer resolution =3.609373 MHz
[2019.01.06-15.55.22:294][  0]LogMemory: Memory total: Physical=16.0GB (16GB approx)
[2019.01.06-15.55.22:294][  0]LogMemory: Platform Memory Stats for Windows
[2019.01.06-15.55.22:294][  0]LogMemory: Process Physical Memory: 104.59 MB used, 104.59 MB peak
[2019.01.06-15.55.22:294][  0]LogMemory: Process Virtual Memory: 88.30 MB used, 88.30 MB peak
[2019.01.06-15.55.22:294][  0]LogMemory: Physical Memory: 6899.67 MB used,  9439.23 MB free, 16338.91 MB total
[2019.01.06-15.55.22:294][  0]LogMemory: Virtual Memory: 4655.16 MB used,  9439.23 MB free, 134217728.00 MB total
[2019.01.06-15.55.22:379][  0]LogInit: Using OS detected language (en-GB).
[2019.01.06-15.55.22:379][  0]LogInit: Using OS detected locale (en-GB).
[2019.01.06-15.55.22:380][  0]LogTextLocalizationManager: No specific localization for 'en-GB' exists, so the 'en' localization will be used.
[2019.01.06-15.55.22:682][  0]LogStreaming: Display: Took  0.303s to InitEngineTextLocalization.
[2019.01.06-15.55.22:682][  0]LogInit: Setting process to per monitor DPI aware
[2019.01.06-15.55.22:724][  0]LogSlate: New Slate User Created.  User Index 0, Is Virtual User: 0
[2019.01.06-15.55.22:724][  0]LogSlate: Slate User Registered.  User Index 0, Is Virtual User: 0
[2019.01.06-15.55.22:990][  0]LogHMD: Failed to initialize OpenVR with code 110
[2019.01.06-15.55.22:990][  0]LogD3D11RHI: D3D11 adapters:
[2019.01.06-15.55.23:052][  0]LogD3D11RHI:    0. 'NVIDIA GeForce GTX 950' (Feature Level 11_0)
[2019.01.06-15.55.23:052][  0]LogD3D11RHI:       2007/0/8169 MB DedicatedVideo/DedicatedSystem/SharedSystem, Outputs:1, VendorId:0x10de
[2019.01.06-15.55.23:056][  0]LogD3D11RHI:    1. 'Microsoft Basic Render Driver' (Feature Level 11_0)
[2019.01.06-15.55.23:057][  0]LogD3D11RHI:       0/0/8169 MB DedicatedVideo/DedicatedSystem/SharedSystem, Outputs:0, VendorId:0x1414
[2019.01.06-15.55.23:057][  0]LogD3D11RHI: Chosen D3D11 Adapter: 0
[2019.01.06-15.55.23:066][  0]LogD3D11RHI: Creating new Direct3DDevice
[2019.01.06-15.55.23:066][  0]LogD3D11RHI:     GPU DeviceId: 0x1402 (for the marketing name, search the web for "GPU Device Id")
[2019.01.06-15.55.23:066][  0]LogWindows: EnumDisplayDevices:
[2019.01.06-15.55.23:066][  0]LogWindows:    0. 'NVIDIA GeForce GTX 950' (P:1 D:1)
[2019.01.06-15.55.23:066][  0]LogWindows:    1. 'NVIDIA GeForce GTX 950' (P:0 D:0)
[2019.01.06-15.55.23:066][  0]LogWindows:    2. 'NVIDIA GeForce GTX 950' (P:0 D:0)
[2019.01.06-15.55.23:067][  0]LogWindows:    3. 'NVIDIA GeForce GTX 950' (P:0 D:0)
[2019.01.06-15.55.23:067][  0]LogWindows: DebugString: FoundDriverCount:4 
[2019.01.06-15.55.23:067][  0]LogD3D11RHI:     Adapter Name: NVIDIA GeForce GTX 950
[2019.01.06-15.55.23:067][  0]LogD3D11RHI:   Driver Version: 399.07 (internal:24.21.13.9907, unified:399.07)
[2019.01.06-15.55.23:067][  0]LogD3D11RHI:      Driver Date: 8-21-2018
[2019.01.06-15.55.23:067][  0]LogRHI: Texture pool is 1405 MB (70% of 2007 MB)
[2019.01.06-15.55.23:100][  0]LogD3D11RHI: Async texture creation enabled
[2019.01.06-15.55.23:135][  0]LogD3D11RHI: GPU Timing Frequency: 1000.000000 (Debug: 2 2)
[2019.01.06-15.55.23:184][  0]LogShaderCompilers: Guid format shader working directory is -28 characters bigger than the processId version (../../../../../Users/h017026h/Documents/GitKraken/TGPPairProject/PairProject/Intermediate/Shaders/WorkingDirectory/21616/).
[2019.01.06-15.55.23:185][  0]LogShaderCompilers: Cleaned the shader compiler working directory 'C:/Users/h017026h/AppData/Local/Temp/UnrealShaderWorkingDir/BEFC6EB448F1E2CE355708B06CC4D3F3/'.
[2019.01.06-15.55.23:400][  0]LogTemp: Display: Loaded TP AllDesktopTargetPlatform
[2019.01.06-15.55.23:412][  0]LogTemp: Display: Loaded TP MacClientTargetPlatform
[2019.01.06-15.55.23:424][  0]LogTemp: Display: Loaded TP MacNoEditorTargetPlatform
[2019.01.06-15.55.23:436][  0]LogTemp: Display: Loaded TP MacServerTargetPlatform
[2019.01.06-15.55.23:449][  0]LogTemp: Display: Loaded TP MacTargetPlatform
[2019.01.06-15.55.23:461][  0]LogTemp: Display: Loaded TP WindowsClientTargetPlatform
[2019.01.06-15.55.23:474][  0]LogTemp: Display: Loaded TP WindowsNoEditorTargetPlatform
[2019.01.06-15.55.23:486][  0]LogTemp: Display: Loaded TP WindowsServerTargetPlatform
[2019.01.06-15.55.23:493][  0]LogTemp: Display: Loaded TP WindowsTargetPlatform
[2019.01.06-15.55.23:565][  0]LogTemp: Display: Loaded TP AndroidTargetPlatform
[2019.01.06-15.55.23:565][  0]LogTemp: Display: Loaded TP AndroidTargetPlatform
[2019.01.06-15.55.23:565][  0]LogTemp: Display: Loaded TP AndroidTargetPlatform
[2019.01.06-15.55.23:565][  0]LogTemp: Display: Loaded TP AndroidTargetPlatform
[2019.01.06-15.55.23:565][  0]LogTemp: Display: Loaded TP AndroidTargetPlatform
[2019.01.06-15.55.23:566][  0]LogTemp: Display: Loaded TP AndroidTargetPlatform
[2019.01.06-15.55.23:566][  0]LogTemp: Display: Loaded TP AndroidTargetPlatform
[2019.01.06-15.55.23:566][  0]LogTemp: Display: Loaded TP AndroidTargetPlatform
[2019.01.06-15.55.23:566][  0]LogTemp: Display: Loaded TP AndroidTargetPlatform
[2019.01.06-15.55.23:566][  0]LogTemp: Display: Loaded TP AndroidTargetPlatform
[2019.01.06-15.55.23:566][  0]LogTemp: Display: Loaded TP AndroidTargetPlatform
[2019.01.06-15.55.23:566][  0]LogTemp: Display: Loaded TP AndroidTargetPlatform
[2019.01.06-15.55.23:566][  0]LogTemp: Display: Loaded TP AndroidTargetPlatform
[2019.01.06-15.55.23:566][  0]LogTemp: Display: Loaded TP AndroidTargetPlatform
[2019.01.06-15.55.23:567][  0]LogTemp: Display: Loaded TP AndroidTargetPlatform
[2019.01.06-15.55.23:567][  0]LogTemp: Display: Loaded TP AndroidTargetPlatform
[2019.01.06-15.55.23:567][  0]LogTemp: Display: Loaded TP AndroidTargetPlatform
[2019.01.06-15.55.23:567][  0]LogTemp: Display: Loaded TP AndroidTargetPlatform
[2019.01.06-15.55.23:570][  0]LogTemp: Display: Loaded TP HTML5TargetPlatform
[2019.01.06-15.55.23:631][  0]LogTemp: Display: Loaded TP IOSTargetPlatform
[2019.01.06-15.55.23:631][  0]LogTemp: Display: Loaded TP IOSTargetPlatform
[2019.01.06-15.55.23:654][  0]LogTemp: Display: Loaded TP TVOSTargetPlatform
[2019.01.06-15.55.23:654][  0]LogTemp: Display: Loaded TP TVOSTargetPlatform
[2019.01.06-15.55.23:669][  0]LogTemp: Display: Loaded TP LinuxClientTargetPlatform
[2019.01.06-15.55.23:683][  0]LogTemp: Display: Loaded TP LinuxNoEditorTargetPlatform
[2019.01.06-15.55.23:695][  0]LogTemp: Display: Loaded TP LinuxServerTargetPlatform
[2019.01.06-15.55.23:706][  0]LogTemp: Display: Loaded TP LinuxTargetPlatform
[2019.01.06-15.55.23:720][  0]LogTemp: Display: Loaded TP LuminTargetPlatform
[2019.01.06-15.55.23:720][  0]LogTargetPlatformManager: Display: Building Assets For Windows
[2019.01.06-15.55.23:796][  0]LogXGEController: Cleaning working directory: C:/Users/h017026h/AppData/Local/Temp/UnrealXGEWorkingDir/
[2019.01.06-15.55.23:796][  0]LogXGEController: Cannot use XGE Controller as Incredibuild is not installed on this machine.
[2019.01.06-15.55.23:797][  0]LogShaderCompilers: Cannot use XGE Shader Compiler as Incredibuild is not installed on this machine.
[2019.01.06-15.55.23:797][  0]LogShaderCompilers: Display: Using Local Shader Compiler.
[2019.01.06-15.55.24:424][  0]LogDerivedDataCache: Display: Max Cache Size: 512 MB
[2019.01.06-15.55.24:478][  0]LogDerivedDataCache: Loaded boot cache 0.05s 71MB C:/Users/h017026h/AppData/Local/UnrealEngine/4.20/DerivedDataCache/Boot.ddc.
[2019.01.06-15.55.24:478][  0]LogDerivedDataCache: Display: Loaded Boot cache: C:/Users/h017026h/AppData/Local/UnrealEngine/4.20/DerivedDataCache/Boot.ddc
[2019.01.06-15.55.24:478][  0]LogDerivedDataCache: FDerivedDataBackendGraph:  Pak pak cache file ../../../../../Users/h017026h/Documents/GitKraken/TGPPairProject/PairProject/DerivedDataCache/DDC.ddp not found, will not use a pak cache.
[2019.01.06-15.55.24:478][  0]LogDerivedDataCache: Unable to find inner node Pak for hierarchical cache Hierarchy.
[2019.01.06-15.55.24:479][  0]LogDerivedDataCache: FDerivedDataBackendGraph:  CompressedPak pak cache file ../../../../../Users/h017026h/Documents/GitKraken/TGPPairProject/PairProject/DerivedDataCache/Compressed.ddp not found, will not use a pak cache.
[2019.01.06-15.55.24:479][  0]LogDerivedDataCache: Unable to find inner node CompressedPak for hierarchical cache Hierarchy.
[2019.01.06-15.55.24:490][  0]LogDerivedDataCache: Display: Pak cache opened for reading ../../../Engine/DerivedDataCache/Compressed.ddp.
[2019.01.06-15.55.24:503][  0]LogDerivedDataCache: Using Local data cache path C:/Users/h017026h/AppData/Local/UnrealEngine/Common/DerivedDataCache: Writable
[2019.01.06-15.55.24:503][  0]LogDerivedDataCache: Shared data cache path not found in *engine.ini, will not use an Shared cache.
[2019.01.06-15.55.24:503][  0]LogDerivedDataCache: Unable to find inner node Shared for hierarchical cache Hierarchy.
[2019.01.06-15.55.24:519][  0]LogMaterial: Verifying Global Shaders for PCD3D_SM5
[2019.01.06-15.55.24:521][  0]LogSlate: Using FreeType 2.6.0
[2019.01.06-15.55.24:521][  0]LogSlate: SlateFontServices - WITH_FREETYPE: 1, WITH_HARFBUZZ: 1
[2019.01.06-15.55.24:594][  0]LogAssetRegistry: FAssetRegistry took 0.0277 seconds to start up
[2019.01.06-15.55.24:868][  0]LogInit: Selected Device Profile: [Windows]
[2019.01.06-15.55.25:007][  0]LogSimplygon: Simplygon DLL not present - disabling.
[2019.01.06-15.55.25:013][  0]LogMeshReduction: Using SimplygonSwarm for distributed automatic mesh merging
[2019.01.06-15.55.25:013][  0]LogMeshReduction: Using ProxyLODMeshReduction for automatic mesh merging
[2019.01.06-15.55.25:013][  0]LogMeshReduction: Using QuadricMeshReduction for automatic static mesh reduction
[2019.01.06-15.55.25:013][  0]LogMeshReduction: No automatic skeletal mesh reduction module available
[2019.01.06-15.55.25:026][  0]LogNetVersion: PairProject 1.0.0, NetCL: 4212847, EngineNetVer: 5, GameNetVer: 0 (Checksum: 2248716754)
[2019.01.06-15.55.25:531][  0]LogPackageLocalizationCache: Processed 11 localized package path(s) for 2 prioritized culture(s) in 0.166444 seconds
[2019.01.06-15.55.25:537][  0]LogUObjectArray: 38425 objects as part of root set at end of initial load.
[2019.01.06-15.55.25:537][  0]LogUObjectAllocator: 6690872 out of 0 bytes used by permanent object pool.
[2019.01.06-15.55.25:537][  0]LogUObjectArray: CloseDisregardForGC: 0/0 objects in disregard for GC pool
[2019.01.06-15.55.26:407][  0]LogTcpMessaging: Initializing TcpMessaging bridge
[2019.01.06-15.55.26:423][  0]LogUdpMessaging: Initializing bridge on interface 0.0.0.0:0 to multicast group 230.0.0.1:6666.
[2019.01.06-15.55.26:624][  0]SourceControl: Source control is disabled
[2019.01.06-15.55.26:624][  0]SourceControl: Source control is disabled
[2019.01.06-15.55.26:627][  0]SourceControl: Source control is disabled
[2019.01.06-15.55.26:630][  0]SourceControl: Source control is disabled
[2019.01.06-15.55.26:864][  0]LogAndroidPermission: UAndroidPermissionCallbackProxy::GetInstance
[2019.01.06-15.55.26:962][  0]LogOcInput: OculusInput pre-init called
[2019.01.06-15.55.27:028][  0]LogEngine: Initializing Engine...
[2019.01.06-15.55.27:029][  0]LogHMD: Failed to initialize OpenVR with code 110
[2019.01.06-15.55.27:030][  0]LogStats: UGameplayTagsManager::ConstructGameplayTagTree: ImportINI prefixes -  0.000 s
[2019.01.06-15.55.27:030][  0]LogStats: UGameplayTagsManager::ConstructGameplayTagTree: Construct from data asset -  0.000 s
[2019.01.06-15.55.27:030][  0]LogStats: UGameplayTagsManager::ConstructGameplayTagTree: ImportINI -  0.000 s
[2019.01.06-15.55.27:030][  0]LogStats: UGameplayTagsManager::ConstructGameplayTagTree: GameplayTagTreeChangedEvent.Broadcast -  0.000 s
[2019.01.06-15.55.27:215][  0]LogInit: Initializing FReadOnlyCVARCache
[2019.01.06-15.55.27:226][  0]LogAIModule: Creating AISystem for world Untitled
[2019.01.06-15.55.27:251][  0]LogInit: XAudio2 using 'Headset Earphone (Corsair VOID PRO USB Gaming Headset)' : 6 channels at 48 kHz using 16 bits per sample (channel mask 0x3f)
[2019.01.06-15.55.27:354][  0]LogInit: FAudioDevice initialized.
[2019.01.06-15.55.27:355][  0]LogNetVersion: Set ProjectVersion to 1.0.0.0. Version Checksum will be recalculated on next use.
[2019.01.06-15.55.27:423][  0]LogDerivedDataCache: Saved boot cache 0.07s 71MB C:/Users/h017026h/AppData/Local/UnrealEngine/4.20/DerivedDataCache/Boot.ddc.
[2019.01.06-15.55.27:427][  0]LogInit: Texture streaming: Enabled
[2019.01.06-15.55.27:445][  0]LogEngineSessionManager: EngineSessionManager initialized
[2019.01.06-15.55.27:453][  0]LogInit: Transaction tracking system initialized
[2019.01.06-15.55.27:476][  0]BlueprintLog: New page: Editor Load
[2019.01.06-15.55.27:562][  0]LocalizationService: Localization service is disabled
[2019.01.06-15.55.27:815][  0]LogCook: Display: Max memory allowance for cook 16384mb min free memory 0mb
[2019.01.06-15.55.27:815][  0]LogCook: Display: Mobile HDR setting 1
[2019.01.06-15.55.27:815][  0]LogGameplayTags: Display: UGameplayTagsManager::DoneAddingNativeTags. DelegateIsBound: 0
[2019.01.06-15.55.27:816][  0]LogStats: UGameplayTagsManager::ConstructGameplayTagTree: ImportINI prefixes -  0.000 s
[2019.01.06-15.55.27:816][  0]LogStats: UGameplayTagsManager::ConstructGameplayTagTree: Construct from data asset -  0.000 s
[2019.01.06-15.55.27:816][  0]LogStats: UGameplayTagsManager::ConstructGameplayTagTree: ImportINI -  0.000 s
[2019.01.06-15.55.27:816][  0]LogStats: UGameplayTagsManager::ConstructGameplayTagTree: GameplayTagTreeChangedEvent.Broadcast -  0.000 s
[2019.01.06-15.55.27:957][  0]LogFileCache: Scanning file cache for directory 'D:/Users/h017026h/Documents/GitKraken/TGPPairProject/PairProject/Content/' took 0.02s
[2019.01.06-15.55.27:957][  0]SourceControl: Source control is disabled
[2019.01.06-15.55.27:957][  0]Cmd: MAP LOAD FILE="../../../../../Users/h017026h/Documents/GitKraken/TGPPairProject/PairProject/Content/Scenes/StartScreen.umap" TEMPLATE=0 SHOWPROGRESS=1 FEATURELEVEL=3
[2019.01.06-15.55.27:958][  0]LightingResults: New page: Lighting Build
[2019.01.06-15.55.27:960][  0]MapCheck: New page: Map Check
[2019.01.06-15.55.27:960][  0]LightingResults: New page: Lighting Build
[2019.01.06-15.55.28:047][  0]LogAIModule: Creating AISystem for world StartScreen
[2019.01.06-15.55.28:048][  0]LogEditorServer: Finished looking for orphan Actors (0.000 secs)
[2019.01.06-15.55.28:070][  0]Cmd: MAP CHECKDEP NOCLEARLOG
[2019.01.06-15.55.28:124][  0]MapCheck: Map check complete: 0 Error(s), 0 Warning(s), took 53.521ms to complete.
[2019.01.06-15.55.28:124][  0]LogFileHelpers: Loading map 'StartScreen' took 0.167
[2019.01.06-15.55.28:236][  0]LogSlate: Updating window title bar state: overlay mode, drag disabled, window buttons hidden, title bar hidden
[2019.01.06-15.55.28:243][  0]LogSlate: Updating window title bar state: overlay mode, drag disabled, window buttons hidden, title bar hidden
[2019.01.06-15.55.28:250][  0]LogSlate: Updating window title bar state: overlay mode, drag disabled, window buttons hidden, title bar hidden
[2019.01.06-15.55.28:257][  0]LogSlate: Updating window title bar state: overlay mode, drag disabled, window buttons hidden, title bar hidden
[2019.01.06-15.55.28:264][  0]LogCollectionManager: Loaded 0 collections in 0.000932 seconds
[2019.01.06-15.55.28:311][  0]LogFileCache: Scanning file cache for directory 'D:/Users/h017026h/Documents/GitKraken/TGPPairProject/PairProject/Saved/Collections/' took 0.01s
[2019.01.06-15.55.28:311][  0]LogFileCache: Scanning file cache for directory 'D:/Users/h017026h/Documents/GitKraken/TGPPairProject/PairProject/Content/Developers/h017026h/Collections/' took 0.01s
[2019.01.06-15.55.28:312][  0]LogFileCache: Scanning file cache for directory 'D:/Users/h017026h/Documents/GitKraken/TGPPairProject/PairProject/Content/Collections/' took 0.01s
[2019.01.06-15.55.28:312][  0]LogCollectionManager: Rebuilt the GUID cache for 0 collections in 0.000001 seconds
[2019.01.06-15.55.28:322][  0]LogContentBrowser: Native class hierarchy populated in 0.0097 seconds. Added 2594 classes and 611 folders.
[2019.01.06-15.55.28:326][  0]LogContentBrowser: Native class hierarchy updated for 'WidgetCarousel' in 0.0004 seconds. Added 0 classes and 0 folders.
[2019.01.06-15.55.28:388][  0]LogContentBrowser: Native class hierarchy updated for 'AddContentDialog' in 0.0003 seconds. Added 0 classes and 0 folders.
[2019.01.06-15.55.28:394][  0]LogContentBrowser: Native class hierarchy updated for 'SceneOutliner' in 0.0004 seconds. Added 1 classes and 2 folders.
[2019.01.06-15.55.28:406][  0]LogSlate: Took 0.000183 seconds to synchronously load lazily loaded font '../../../Engine/Content/Slate/Fonts/Roboto-Regular.ttf' (155K)
[2019.01.06-15.55.28:407][  0]LogSlate: Took 0.000200 seconds to synchronously load lazily loaded font '../../../Engine/Content/Slate/Fonts/Roboto-Bold.ttf' (160K)
[2019.01.06-15.55.28:413][  0]LogSlate: Took 0.000290 seconds to synchronously load lazily loaded font '../../../Engine/Content/Editor/Slate/Fonts/FontAwesome.ttf' (139K)
[2019.01.06-15.55.28:482][  0]LogRenderer: Reallocating scene render targets to support 1232x556 Format 10 NumSamples 1 (Frame:1).
[2019.01.06-15.55.28:599][  0]LogContentBrowser: Native class hierarchy updated for 'HierarchicalLODOutliner' in 0.0004 seconds. Added 0 classes and 0 folders.
[2019.01.06-15.55.28:599][  0]LogLoad: (Engine Initialization) Total time: 8.62 seconds
[2019.01.06-15.55.28:599][  0]LogLoad: (Engine Initialization) Total Blueprint compile time: 0.00 seconds
[2019.01.06-15.55.28:610][  0]LogWindowsTextInputMethodSystem: Display: IME system now deactivated.
[2019.01.06-15.55.28:632][  0]LogContentStreaming: Texture pool size now 1000 MB
[2019.01.06-15.55.28:747][  0]LogSlate: Took 0.000186 seconds to synchronously load lazily loaded font '../../../Engine/Content/Slate/Fonts/Roboto-Light.ttf' (167K)
[2019.01.06-15.55.28:761][  1]LogAssetRegistry: Asset discovery search completed in 4.1900 seconds
[2019.01.06-15.55.28:763][  1]LogCollectionManager: Rebuilt the object cache for 0 collections in 0.000000 seconds (found 0 objects)
[2019.01.06-15.55.28:763][  1]LogCollectionManager: Fixed up redirectors for 0 collections in 0.000168 seconds (updated 0 objects)
[2019.01.06-15.55.40:688][427]LogSlate: FSceneViewport::OnFocusLost() reason 0
[2019.01.06-15.55.40:885][448]LogSlate: Took 0.000263 seconds to synchronously load lazily loaded font '../../../Engine/Content/Slate/Fonts/Roboto-Light.ttf' (167K)
[2019.01.06-15.55.40:891][448]LogAssetEditorManager: Opening Asset editor for WidgetBlueprint /Game/UIs/Send_Player.Send_Player
[2019.01.06-15.55.41:246][448]LogContentBrowser: Native class hierarchy updated for 'BlueprintGraph' in 0.0007 seconds. Added 116 classes and 0 folders.
[2019.01.06-15.55.41:884][448]LogSlate: Took 0.000210 seconds to synchronously load lazily loaded font '../../../Engine/Content/Slate/Fonts/Roboto-BoldCondensed.ttf' (158K)
[2019.01.06-15.55.42:967][571]LogSlate: Window 'Send_Player' being destroyed
[2019.01.06-15.55.44:130][699]LogSlate: Took 0.000208 seconds to synchronously load lazily loaded font '../../../Engine/Content/Slate/Fonts/Roboto-Italic.ttf' (157K)
[2019.01.06-15.57.02:212][364]BlueprintLog: New page: Compile Send_Player
[2019.01.06-15.57.09:122][181]BlueprintLog: New page: Compile Send_Player
[2019.01.06-15.57.09:903][263]LogTemp: Repeating last play command: Selected Viewport
[2019.01.06-15.57.09:928][263]LogBlueprintUserMessages: Early PlayInEditor Detection: Level '/Game/Scenes/StartScreen.StartScreen:PersistentLevel' has LevelScriptBlueprint '/Game/Scenes/StartScreen.StartScreen:PersistentLevel.StartScreen' with GeneratedClass '/Game/Scenes/StartScreen.StartScreen_C' with ClassGeneratedBy '/Game/Scenes/StartScreen.StartScreen:PersistentLevel.StartScreen'
[2019.01.06-15.57.09:928][263]LogPlayLevel: PlayLevel: No blueprints needed recompiling
[2019.01.06-15.57.09:943][263]PIE: New page: PIE session: StartScreen (6 Jan 2019 15:57:09)
[2019.01.06-15.57.09:944][263]LogPlayLevel: Creating play world package: /Game/Scenes/UEDPIE_0_StartScreen
[2019.01.06-15.57.09:945][263]LogPlayLevel: PIE: StaticDuplicateObject took: (0.001092s)
[2019.01.06-15.57.09:946][263]LogAIModule: Creating AISystem for world StartScreen
[2019.01.06-15.57.09:946][263]LogPlayLevel: PIE: World Init took: (0.001003s)
[2019.01.06-15.57.09:946][263]LogPlayLevel: PIE: Created PIE world by copying editor world from /Game/Scenes/StartScreen.StartScreen to /Game/Scenes/UEDPIE_0_StartScreen.StartScreen (0.002484s)
[2019.01.06-15.57.09:984][263]LogInit: XAudio2 using 'Headset Earphone (Corsair VOID PRO USB Gaming Headset)' : 6 channels at 48 kHz using 16 bits per sample (channel mask 0x3f)
[2019.01.06-15.57.10:087][263]LogInit: FAudioDevice initialized.
[2019.01.06-15.57.10:094][263]LogSlate: Updating window title bar state: overlay mode, drag disabled, window buttons hidden, title bar hidden
[2019.01.06-15.57.10:148][263]LogLoad: Game class is 'TestGameMode_C'
[2019.01.06-15.57.10:149][263]LogWorld: Bringing World /Game/Scenes/UEDPIE_0_StartScreen.StartScreen up for play (max tick rate 0) at 2019.01.06-15.57.10
[2019.01.06-15.57.10:150][263]LogWorld: Bringing up level for play took: 0.000457
[2019.01.06-15.57.10:163][263]LogGameMode: FindPlayerStart: PATHS NOT DEFINED or NO PLAYERSTART with positive rating
[2019.01.06-15.57.10:172][263]LogContentBrowser: Native class hierarchy updated for 'MovieSceneCapture' in 0.0004 seconds. Added 10 classes and 0 folders.
[2019.01.06-15.57.10:172][263]LogGameMode: Display: Match State Changed from EnteringMap to WaitingToStart
[2019.01.06-15.57.10:172][263]LogGameState: Match State Changed from EnteringMap to WaitingToStart
[2019.01.06-15.57.10:173][263]LogGameMode: Display: Match State Changed from WaitingToStart to InProgress
[2019.01.06-15.57.10:175][263]LogGameState: Match State Changed from WaitingToStart to InProgress
[2019.01.06-15.57.10:177][263]PIE: Play in editor start time for /Game/Scenes/UEDPIE_0_StartScreen 0.129
[2019.01.06-15.57.10:178][263]LogBlueprintUserMessages: Late PlayInEditor Detection: Level '/Game/Scenes/StartScreen.StartScreen:PersistentLevel' has LevelScriptBlueprint '/Game/Scenes/StartScreen.StartScreen:PersistentLevel.StartScreen' with GeneratedClass '/Game/Scenes/StartScreen.StartScreen_C' with ClassGeneratedBy '/Game/Scenes/StartScreen.StartScreen:PersistentLevel.StartScreen'
[2019.01.06-15.57.10:198][263]LogRenderer: Reallocating scene render targets to support 1292x756 Format 10 NumSamples 1 (Frame:1).
[2019.01.06-15.57.12:262][506]LogGameMode: Display: Match State Changed from InProgress to LeavingMap
[2019.01.06-15.57.12:262][506]LogGameState: Match State Changed from InProgress to LeavingMap
[2019.01.06-15.57.12:262][506]LogNet: Browse: /Game/Scenes/CameraTestScene
[2019.01.06-15.57.12:262][506]LogLoad: LoadMap: /Game/Scenes/CameraTestScene
[2019.01.06-15.57.13:562][506]LogAIModule: Creating AISystem for world CameraTestScene
[2019.01.06-15.57.13:563][506]LogLoad: Game class is 'TestGameMode_C'
[2019.01.06-15.57.13:577][506]LogWorld: Bringing World /Game/Scenes/UEDPIE_0_CameraTestScene.CameraTestScene up for play (max tick rate 0) at 2019.01.06-15.57.13
[2019.01.06-15.57.13:578][506]LogWorld: Bringing up level for play took: 0.014162
[2019.01.06-15.57.13:578][506]LogGameMode: FindPlayerStart: PATHS NOT DEFINED or NO PLAYERSTART with positive rating
[2019.01.06-15.57.13:579][506]LogGameMode: Display: Match State Changed from EnteringMap to WaitingToStart
[2019.01.06-15.57.13:579][506]LogGameState: Match State Changed from EnteringMap to WaitingToStart
[2019.01.06-15.57.13:579][506]LogGameMode: Display: Match State Changed from WaitingToStart to InProgress
[2019.01.06-15.57.13:580][506]LogActor: Warning: MyBPBasePlayerWeapon_C /Game/Scenes/UEDPIE_0_CameraTestScene.CameraTestScene:PersistentLevel.MyBPBasePlayerWeapon_C_0 has natively added scene component(s), but none of them were set as the actor's RootComponent - picking one arbitrarily
[2019.01.06-15.57.13:581][506]LogActor: Warning: MyBiggoronKnifeWeapon_C /Game/Scenes/UEDPIE_0_CameraTestScene.CameraTestScene:PersistentLevel.MyBiggoronKnifeWeapon_C_0 has natively added scene component(s), but none of them were set as the actor's RootComponent - picking one arbitrarily
[2019.01.06-15.57.13:582][506]LogGameState: Match State Changed from WaitingToStart to InProgress
[2019.01.06-15.57.13:582][506]LogLoad: Took 1.320462 seconds to LoadMap(/Game/Scenes/CameraTestScene)
[2019.01.06-15.57.13:591][506]LogSlate: Took 0.002491 seconds to synchronously load lazily loaded font '../../../Engine/Content/SlateDebug/Fonts/LastResort.ttf' (5269K)
[2019.01.06-15.57.13:633][507]LogCharacterMovement: Warning: GetSimulationTimeStep() - Max iterations 8 hit while remaining time 0.062043 > MaxSimulationTimeStep (0.050) for 'MyImpaCharacter_17', movement 'Walking'
[2019.01.06-15.57.51:963][880]LogBlueprintUserMessages: Early EndPlayMap Detection: Level '/Game/Scenes/StartScreen.StartScreen:PersistentLevel' has LevelScriptBlueprint '/Game/Scenes/StartScreen.StartScreen:PersistentLevel.StartScreen' with GeneratedClass '/Game/Scenes/StartScreen.StartScreen_C' with ClassGeneratedBy '/Game/Scenes/StartScreen.StartScreen:PersistentLevel.StartScreen'
[2019.01.06-15.57.51:964][880]LogSlate: Updating window title bar state: overlay mode, drag disabled, window buttons hidden, title bar hidden
[2019.01.06-15.57.51:988][880]LogSlate: Window 'PairProject Game Preview Standalone (64-bit/PCD3D_SM5)' being destroyed
[2019.01.06-15.57.52:027][880]LogPlayLevel: Display: Shutting down PIE online subsystems
[2019.01.06-15.57.52:028][880]LogBlueprintUserMessages: Late EndPlayMap Detection: Level '/Game/Scenes/StartScreen.StartScreen:PersistentLevel' has LevelScriptBlueprint '/Game/Scenes/StartScreen.StartScreen:PersistentLevel.StartScreen' with GeneratedClass '/Game/Scenes/StartScreen.StartScreen_C' with ClassGeneratedBy '/Game/Scenes/StartScreen.StartScreen:PersistentLevel.StartScreen'
[2019.01.06-15.57.52:075][881]LogPlayLevel: Display: Destroying online subsystem :Context_3
[2019.01.06-15.57.56:427][403]BlueprintLog: New page: Compile Send_Player
[2019.01.06-15.57.57:967][573]Cmd: OBJ SAVEPACKAGE PACKAGE="/Game/UIs/Send_Player" FILE="../../../../../Users/h017026h/Documents/GitKraken/TGPPairProject/PairProject/Content/UIs/Send_Player.uasset" SILENT=true
[2019.01.06-15.57.58:020][573]LogSavePackage: Moving '../../../../../Users/h017026h/Documents/GitKraken/TGPPairProject/PairProject/Saved/Send_Player8A8E7FED4E5B0CF69A7CD5892FB7FF6D.tmp' to '../../../../../Users/h017026h/Documents/GitKraken/TGPPairProject/PairProject/Content/UIs/Send_Player.uasset'
[2019.01.06-15.58.10:436][ 44]LogSlate: Window 'PairProject - Unreal Editor' being destroyed
[2019.01.06-15.58.10:437][ 44]LogWindowsTextInputMethodSystem: Display: IME system now deactivated.
[2019.01.06-15.58.10:620][ 45]Cmd: QUIT_EDITOR
[2019.01.06-15.58.10:844][ 45]LogExit: Preparing to exit.
