Log file open, 01/05/19 12:37:29
LogWindows: Failed to load 'aqProf.dll' (GetLastError=126)
LogWindows: File 'aqProf.dll' does not exist
LogWindows: Failed to load 'VSPerf140.dll' (GetLastError=126)
LogWindows: File 'VSPerf140.dll' does not exist
LogWindows: Failed to load 'VtuneApi.dll' (GetLastError=126)
LogWindows: File 'VtuneApi.dll' does not exist
LogWindows: Failed to load 'VtuneApi32e.dll' (GetLastError=126)
LogWindows: File 'VtuneApi32e.dll' does not exist
LogInit: Display: Running engine for game: PairProject
LogPlatformFile: Not using cached read wrapper
LogTaskGraph: Started task graph with 5 named threads and 35 total threads with 3 sets of task threads.
LogStats: Stats thread started at 0.491725
LogD3D11RHI: Loaded GFSDK_Aftermath_Lib.x64.dll
LogICUInternationalization: Display: ICU TimeZone Detection - Raw Offset: +0:00, Platform Override: ''
LogPluginManager: Mounting plugin Paper2D
LogPluginManager: Mounting plugin AISupport
LogPluginManager: Mounting plugin LightPropagationVolume
LogPluginManager: Mounting plugin CLionSourceCodeAccess
LogPluginManager: Mounting plugin CodeLiteSourceCodeAccess
LogPluginManager: Mounting plugin GitSourceControl
LogPluginManager: Mounting plugin KDevelopSourceCodeAccess
LogPluginManager: Mounting plugin NullSourceCodeAccess
LogPluginManager: Mounting plugin PerforceSourceControl
LogPluginManager: Mounting plugin SubversionSourceControl
LogPluginManager: Mounting plugin UObjectPlugin
LogPluginManager: Mounting plugin VisualStudioCodeSourceCodeAccess
LogPluginManager: Mounting plugin VisualStudioSourceCodeAccess
LogPluginManager: Mounting plugin XCodeSourceCodeAccess
LogPluginManager: Mounting plugin AssetManagerEditor
LogPluginManager: Mounting plugin CryptoKeys
LogPluginManager: Mounting plugin DataValidation
LogPluginManager: Mounting plugin FacialAnimation
LogPluginManager: Mounting plugin GameplayTagsEditor
LogPluginManager: Mounting plugin MacGraphicsSwitching
LogPluginManager: Mounting plugin MeshEditor
LogPluginManager: Mounting plugin MobileLauncherProfileWizard
LogPluginManager: Mounting plugin PluginBrowser
LogPluginManager: Mounting plugin SpeedTreeImporter
LogPluginManager: Mounting plugin DatasmithContent
LogPluginManager: Mounting plugin AlembicImporter
LogPluginManager: Mounting plugin AppleImageUtils
LogPluginManager: Mounting plugin AppleVision
LogPluginManager: Mounting plugin BackChannel
LogPluginManager: Mounting plugin CharacterAI
LogPluginManager: Mounting plugin GeometryCache
LogPluginManager: Mounting plugin HTML5Networking
LogPluginManager: Mounting plugin ProxyLODPlugin
LogPluginManager: Mounting plugin MagicLeap
LogPluginManager: Mounting plugin MagicLeapEmulator
LogPluginManager: Mounting plugin MagicLeapMedia
LogPluginManager: Mounting plugin AndroidMedia
LogPluginManager: Mounting plugin AvfMedia
LogPluginManager: Mounting plugin ImgMedia
LogPluginManager: Mounting plugin LinearTimecode
LogPluginManager: Mounting plugin MediaCompositing
LogPluginManager: Mounting plugin MediaPlayerEditor
LogPluginManager: Mounting plugin WmfMedia
LogPluginManager: Mounting plugin TcpMessaging
LogPluginManager: Mounting plugin UdpMessaging
LogPluginManager: Mounting plugin ActorSequence
LogPluginManager: Mounting plugin LevelSequenceEditor
LogPluginManager: Mounting plugin MatineeToLevelSequence
LogPluginManager: Mounting plugin NetcodeUnitTest
LogPluginManager: Mounting plugin NUTUnrealEngine4
LogPluginManager: Mounting plugin OnlineSubsystemGooglePlay
LogPluginManager: Mounting plugin OnlineSubsystemIOS
LogPluginManager: Mounting plugin OnlineSubsystem
LogPluginManager: Mounting plugin OnlineSubsystemNull
LogPluginManager: Mounting plugin OnlineSubsystemUtils
LogPluginManager: Mounting plugin LauncherChunkInstaller
LogPluginManager: Mounting plugin AndroidDeviceProfileSelector
LogPluginManager: Mounting plugin AndroidMoviePlayer
LogPluginManager: Mounting plugin AndroidPermission
LogPluginManager: Mounting plugin ApexDestruction
LogPluginManager: Mounting plugin AppleMoviePlayer
LogPluginManager: Mounting plugin ArchVisCharacter
LogPluginManager: Mounting plugin AudioCapture
LogPluginManager: Mounting plugin CableComponent
LogPluginManager: Mounting plugin CustomMeshComponent
LogPluginManager: Mounting plugin EditableMesh
LogPluginManager: Mounting plugin ExampleDeviceProfileSelector
LogPluginManager: Mounting plugin GoogleCloudMessaging
LogPluginManager: Mounting plugin ImmediatePhysics
LogPluginManager: Mounting plugin IOSDeviceProfileSelector
LogPluginManager: Mounting plugin LinuxDeviceProfileSelector
LogPluginManager: Mounting plugin LocationServicesBPLibrary
LogPluginManager: Mounting plugin MobilePatchingUtils
LogPluginManager: Mounting plugin OculusVR
LogPluginManager: Plugin shader directory ../../../Engine/Plugins/Runtime/Oculus/OculusVR/Shaders found
LogPluginManager: Mapping shader source directory ../../../Engine/Plugins/Runtime/Oculus/OculusVR/Shaders to virtual directory /Plugin/OculusVR
LogPluginManager: Mounting plugin PhysXVehicles
LogPluginManager: Mounting plugin ProceduralMeshComponent
LogPluginManager: Mounting plugin RuntimePhysXCooking
LogPluginManager: Mounting plugin SteamVR
LogPluginManager: Mounting plugin WindowsMoviePlayer
LogStreaming: Display: Took  0.127s to configure plugins.
LogInit: Using libcurl 7.55.1-DEV
LogInit:  - built for x86_64-pc-win32
LogInit:  - supports SSL with OpenSSL/1.0.2h
LogInit:  - supports HTTP deflate (compression) using libz 1.2.8
LogInit:  - other features:
LogInit:      CURL_VERSION_SSL
LogInit:      CURL_VERSION_LIBZ
LogInit:      CURL_VERSION_IPV6
LogInit:      CURL_VERSION_ASYNCHDNS
LogInit:      CURL_VERSION_LARGEFILE
LogInit:      CURL_VERSION_IDN
LogInit:  CurlRequestOptions (configurable via config and command line):
LogInit:  - bVerifyPeer = false  - Libcurl will NOT verify peer certificate
LogInit:  - bUseHttpProxy = false  - Libcurl will NOT use HTTP proxy
LogInit:  - bDontReuseConnections = false  - Libcurl will reuse connections
LogInit:  - CertBundlePath = nullptr  - Libcurl will use whatever was configured at build time.
LogInit:  - MaxHostConnections = 16  - Libcurl will limit the number of connections to a host
LogInit:  - LocalHostAddr = Default
LogInit:  - BufferSize = 65536
LogInit: WinSock: version 1.1 (2.2), MaxSocks=32767, MaxUdp=65467
LogInit: Build: ++UE4+Release-4.20-CL-4369336
LogInit: Engine Version: 4.20.3-4369336+++UE4+Release-4.20
LogInit: Compatible Engine Version: 4.20.0-4212847+++UE4+Release-4.20
LogInit: Net CL: 4212847
LogInit: OS: Windows 10 (), CPU: Intel(R) Core(TM) i7-8700K CPU @ 3.70GHz, GPU: NVIDIA GeForce GTX 950
LogInit: Compiled (64-bit): Sep 17 2018 12:26:19
LogInit: Compiled with Visual C++: 19.13.26129.00
LogInit: Build Configuration: Development
LogInit: Branch Name: ++UE4+Release-4.20
LogInit: Command Line:  -skipcompile
LogInit: Base Directory: D:/Program Files (x86)/UE_4.20/Engine/Binaries/Win64/
LogInit: Installed Engine Build: 1
LogDevObjectVersion: Number of dev versions registered: 20
LogDevObjectVersion:   Dev-Blueprints (B0D832E4-1F89-4F0D-ACCF-7EB736FD4AA2): 10
LogDevObjectVersion:   Dev-Build (E1C64328-A22C-4D53-A36C-8E866417BD8C): 0
LogDevObjectVersion:   Dev-Core (375EC13C-06E4-48FB-B500-84F0262A717E): 2
LogDevObjectVersion:   Dev-Editor (E4B068ED-F494-42E9-A231-DA0B2E46BB41): 24
LogDevObjectVersion:   Dev-Framework (CFFC743F-43B0-4480-9391-14DF171D2073): 34
LogDevObjectVersion:   Dev-Mobile (B02B49B5-BB20-44E9-A304-32B752E40360): 2
LogDevObjectVersion:   Dev-Networking (A4E4105C-59A1-49B5-A7C5-40C4547EDFEE): 0
LogDevObjectVersion:   Dev-Online (39C831C9-5AE6-47DC-9A44-9C173E1C8E7C): 0
LogDevObjectVersion:   Dev-Physics (78F01B33-EBEA-4F98-B9B4-84EACCB95AA2): 0
LogDevObjectVersion:   Dev-Platform (6631380F-2D4D-43E0-8009-CF276956A95A): 0
LogDevObjectVersion:   Dev-Rendering (12F88B9F-8875-4AFC-A67C-D90C383ABD29): 26
LogDevObjectVersion:   Dev-Sequencer (7B5AE74C-D270-4C10-A958-57980B212A5A): 9
LogDevObjectVersion:   Dev-VR (D7296918-1DD6-4BDD-9DE2-64A83CC13884): 2
LogDevObjectVersion:   Dev-LoadTimes (C2A15278-BFE7-4AFE-6C17-90FF531DF755): 1
LogDevObjectVersion:   Private-Geometry (6EACA3D4-40EC-4CC1-B786-8BED09428FC5): 3
LogDevObjectVersion:   Dev-AnimPhys (29E575DD-E0A3-4627-9D10-D276232CDCEA): 17
LogDevObjectVersion:   Dev-ReflectionCapture (6B266CEC-1EC7-4B8F-A30B-E4D90942FC07): 1
LogDevObjectVersion:   Dev-Automation (0DF73D61-A23F-47EA-B727-89E90C41499A): 1
LogDevObjectVersion:   FortniteMain (601D1886-AC64-4F84-AA16-D3DE0DEAC7D6): 12
LogDevObjectVersion:   Dev-Enterprise (9DFFBCD6-494F-0158-E221-12823C92A888): 1
LogStreaming: Display: Took  0.002s to delete old logs.
LogInit: Presizing for max 8388607 objects, including 0 objects not considered by GC, pre-allocating 0 bytes for permanent pool.
LogInit: Object subsystem initialized
[2019.01.05-12.37.30:025][  0]LogInit: Selected Device Profile: [Windows]
[2019.01.05-12.37.30:025][  0]LogInit: Applying CVar settings loaded from the selected device profile: [Windows]
[2019.01.05-12.37.30:039][  0]LogHAL: Display: Platform has ~ 16 GB [17132584960 / 17179869184 / 16], which maps to Larger [LargestMinGB=32, LargerMinGB=12, DefaultMinGB=8, SmallerMinGB=6, SmallestMinGB=0)
[2019.01.05-12.37.30:039][  0]LogInit: Setting Device Profile CVar: [[r.Vulkan.UseRealUBs:1]]
[2019.01.05-12.37.30:039][  0]LogInit: Going up to parent DeviceProfile []
[2019.01.05-12.37.30:040][  0]LogInit: Computer: DESKTOP-D8L6EI8
[2019.01.05-12.37.30:040][  0]LogInit: User: h017026h
[2019.01.05-12.37.30:040][  0]LogInit: CPU Page size=4096, Cores=6
[2019.01.05-12.37.30:040][  0]LogInit: High frequency timer resolution =3.609380 MHz
[2019.01.05-12.37.30:040][  0]LogMemory: Memory total: Physical=16.0GB (16GB approx)
[2019.01.05-12.37.30:040][  0]LogMemory: Platform Memory Stats for Windows
[2019.01.05-12.37.30:041][  0]LogMemory: Process Physical Memory: 104.30 MB used, 104.30 MB peak
[2019.01.05-12.37.30:041][  0]LogMemory: Process Virtual Memory: 88.33 MB used, 88.33 MB peak
[2019.01.05-12.37.30:041][  0]LogMemory: Physical Memory: 6626.02 MB used,  9712.89 MB free, 16338.91 MB total
[2019.01.05-12.37.30:041][  0]LogMemory: Virtual Memory: 4655.16 MB used,  9712.89 MB free, 134217728.00 MB total
[2019.01.05-12.37.30:132][  0]LogInit: Using OS detected language (en-GB).
[2019.01.05-12.37.30:132][  0]LogInit: Using OS detected locale (en-GB).
[2019.01.05-12.37.30:133][  0]LogTextLocalizationManager: No specific localization for 'en-GB' exists, so the 'en' localization will be used.
[2019.01.05-12.37.30:432][  0]LogStreaming: Display: Took  0.301s to InitEngineTextLocalization.
[2019.01.05-12.37.30:432][  0]LogInit: Setting process to per monitor DPI aware
[2019.01.05-12.37.30:459][  0]LogSlate: New Slate User Created.  User Index 0, Is Virtual User: 0
[2019.01.05-12.37.30:459][  0]LogSlate: Slate User Registered.  User Index 0, Is Virtual User: 0
[2019.01.05-12.37.30:737][  0]LogHMD: Failed to initialize OpenVR with code 110
[2019.01.05-12.37.30:737][  0]LogD3D11RHI: D3D11 adapters:
[2019.01.05-12.37.30:803][  0]LogD3D11RHI:    0. 'NVIDIA GeForce GTX 950' (Feature Level 11_0)
[2019.01.05-12.37.30:803][  0]LogD3D11RHI:       2007/0/8169 MB DedicatedVideo/DedicatedSystem/SharedSystem, Outputs:1, VendorId:0x10de
[2019.01.05-12.37.30:806][  0]LogD3D11RHI:    1. 'Microsoft Basic Render Driver' (Feature Level 11_0)
[2019.01.05-12.37.30:807][  0]LogD3D11RHI:       0/0/8169 MB DedicatedVideo/DedicatedSystem/SharedSystem, Outputs:0, VendorId:0x1414
[2019.01.05-12.37.30:807][  0]LogD3D11RHI: Chosen D3D11 Adapter: 0
[2019.01.05-12.37.30:813][  0]LogD3D11RHI: Creating new Direct3DDevice
[2019.01.05-12.37.30:813][  0]LogD3D11RHI:     GPU DeviceId: 0x1402 (for the marketing name, search the web for "GPU Device Id")
[2019.01.05-12.37.30:813][  0]LogWindows: EnumDisplayDevices:
[2019.01.05-12.37.30:814][  0]LogWindows:    0. 'NVIDIA GeForce GTX 950' (P:1 D:1)
[2019.01.05-12.37.30:814][  0]LogWindows:    1. 'NVIDIA GeForce GTX 950' (P:0 D:0)
[2019.01.05-12.37.30:814][  0]LogWindows:    2. 'NVIDIA GeForce GTX 950' (P:0 D:0)
[2019.01.05-12.37.30:815][  0]LogWindows:    3. 'NVIDIA GeForce GTX 950' (P:0 D:0)
[2019.01.05-12.37.30:815][  0]LogWindows: DebugString: FoundDriverCount:4 
[2019.01.05-12.37.30:815][  0]LogD3D11RHI:     Adapter Name: NVIDIA GeForce GTX 950
[2019.01.05-12.37.30:815][  0]LogD3D11RHI:   Driver Version: 399.07 (internal:24.21.13.9907, unified:399.07)
[2019.01.05-12.37.30:815][  0]LogD3D11RHI:      Driver Date: 8-21-2018
[2019.01.05-12.37.30:815][  0]LogRHI: Texture pool is 1405 MB (70% of 2007 MB)
[2019.01.05-12.37.30:851][  0]LogD3D11RHI: Async texture creation enabled
[2019.01.05-12.37.30:881][  0]LogD3D11RHI: GPU Timing Frequency: 1000.000000 (Debug: 2 2)
[2019.01.05-12.37.30:930][  0]LogShaderCompilers: Guid format shader working directory is 7 characters bigger than the processId version (../../../../../TGPPairProject/PairProject/Intermediate/Shaders/WorkingDirectory/17064/).
[2019.01.05-12.37.30:930][  0]LogShaderCompilers: Cleaned the shader compiler working directory 'C:/Users/h017026h/AppData/Local/Temp/UnrealShaderWorkingDir/7090472A4094C87A9FDBF6BDF3371169/'.
[2019.01.05-12.37.31:158][  0]LogTemp: Display: Loaded TP AllDesktopTargetPlatform
[2019.01.05-12.37.31:171][  0]LogTemp: Display: Loaded TP MacClientTargetPlatform
[2019.01.05-12.37.31:183][  0]LogTemp: Display: Loaded TP MacNoEditorTargetPlatform
[2019.01.05-12.37.31:195][  0]LogTemp: Display: Loaded TP MacServerTargetPlatform
[2019.01.05-12.37.31:207][  0]LogTemp: Display: Loaded TP MacTargetPlatform
[2019.01.05-12.37.31:219][  0]LogTemp: Display: Loaded TP WindowsClientTargetPlatform
[2019.01.05-12.37.31:234][  0]LogTemp: Display: Loaded TP WindowsNoEditorTargetPlatform
[2019.01.05-12.37.31:246][  0]LogTemp: Display: Loaded TP WindowsServerTargetPlatform
[2019.01.05-12.37.31:252][  0]LogTemp: Display: Loaded TP WindowsTargetPlatform
[2019.01.05-12.37.31:320][  0]LogTemp: Display: Loaded TP AndroidTargetPlatform
[2019.01.05-12.37.31:320][  0]LogTemp: Display: Loaded TP AndroidTargetPlatform
[2019.01.05-12.37.31:320][  0]LogTemp: Display: Loaded TP AndroidTargetPlatform
[2019.01.05-12.37.31:320][  0]LogTemp: Display: Loaded TP AndroidTargetPlatform
[2019.01.05-12.37.31:320][  0]LogTemp: Display: Loaded TP AndroidTargetPlatform
[2019.01.05-12.37.31:320][  0]LogTemp: Display: Loaded TP AndroidTargetPlatform
[2019.01.05-12.37.31:320][  0]LogTemp: Display: Loaded TP AndroidTargetPlatform
[2019.01.05-12.37.31:320][  0]LogTemp: Display: Loaded TP AndroidTargetPlatform
[2019.01.05-12.37.31:320][  0]LogTemp: Display: Loaded TP AndroidTargetPlatform
[2019.01.05-12.37.31:321][  0]LogTemp: Display: Loaded TP AndroidTargetPlatform
[2019.01.05-12.37.31:321][  0]LogTemp: Display: Loaded TP AndroidTargetPlatform
[2019.01.05-12.37.31:321][  0]LogTemp: Display: Loaded TP AndroidTargetPlatform
[2019.01.05-12.37.31:321][  0]LogTemp: Display: Loaded TP AndroidTargetPlatform
[2019.01.05-12.37.31:321][  0]LogTemp: Display: Loaded TP AndroidTargetPlatform
[2019.01.05-12.37.31:321][  0]LogTemp: Display: Loaded TP AndroidTargetPlatform
[2019.01.05-12.37.31:321][  0]LogTemp: Display: Loaded TP AndroidTargetPlatform
[2019.01.05-12.37.31:321][  0]LogTemp: Display: Loaded TP AndroidTargetPlatform
[2019.01.05-12.37.31:321][  0]LogTemp: Display: Loaded TP AndroidTargetPlatform
[2019.01.05-12.37.31:323][  0]LogTemp: Display: Loaded TP HTML5TargetPlatform
[2019.01.05-12.37.31:385][  0]LogTemp: Display: Loaded TP IOSTargetPlatform
[2019.01.05-12.37.31:385][  0]LogTemp: Display: Loaded TP IOSTargetPlatform
[2019.01.05-12.37.31:406][  0]LogTemp: Display: Loaded TP TVOSTargetPlatform
[2019.01.05-12.37.31:406][  0]LogTemp: Display: Loaded TP TVOSTargetPlatform
[2019.01.05-12.37.31:418][  0]LogTemp: Display: Loaded TP LinuxClientTargetPlatform
[2019.01.05-12.37.31:430][  0]LogTemp: Display: Loaded TP LinuxNoEditorTargetPlatform
[2019.01.05-12.37.31:442][  0]LogTemp: Display: Loaded TP LinuxServerTargetPlatform
[2019.01.05-12.37.31:455][  0]LogTemp: Display: Loaded TP LinuxTargetPlatform
[2019.01.05-12.37.31:465][  0]LogTemp: Display: Loaded TP LuminTargetPlatform
[2019.01.05-12.37.31:465][  0]LogTargetPlatformManager: Display: Building Assets For Windows
[2019.01.05-12.37.31:545][  0]LogXGEController: Cleaning working directory: C:/Users/h017026h/AppData/Local/Temp/UnrealXGEWorkingDir/
[2019.01.05-12.37.31:545][  0]LogXGEController: Cannot use XGE Controller as Incredibuild is not installed on this machine.
[2019.01.05-12.37.31:545][  0]LogShaderCompilers: Cannot use XGE Shader Compiler as Incredibuild is not installed on this machine.
[2019.01.05-12.37.31:546][  0]LogShaderCompilers: Display: Using Local Shader Compiler.
[2019.01.05-12.37.32:128][  0]LogDerivedDataCache: Display: Max Cache Size: 512 MB
[2019.01.05-12.37.32:180][  0]LogDerivedDataCache: Loaded boot cache 0.05s 71MB C:/Users/h017026h/AppData/Local/UnrealEngine/4.20/DerivedDataCache/Boot.ddc.
[2019.01.05-12.37.32:180][  0]LogDerivedDataCache: Display: Loaded Boot cache: C:/Users/h017026h/AppData/Local/UnrealEngine/4.20/DerivedDataCache/Boot.ddc
[2019.01.05-12.37.32:180][  0]LogDerivedDataCache: FDerivedDataBackendGraph:  Pak pak cache file ../../../../../TGPPairProject/PairProject/DerivedDataCache/DDC.ddp not found, will not use a pak cache.
[2019.01.05-12.37.32:180][  0]LogDerivedDataCache: Unable to find inner node Pak for hierarchical cache Hierarchy.
[2019.01.05-12.37.32:180][  0]LogDerivedDataCache: FDerivedDataBackendGraph:  CompressedPak pak cache file ../../../../../TGPPairProject/PairProject/DerivedDataCache/Compressed.ddp not found, will not use a pak cache.
[2019.01.05-12.37.32:180][  0]LogDerivedDataCache: Unable to find inner node CompressedPak for hierarchical cache Hierarchy.
[2019.01.05-12.37.32:191][  0]LogDerivedDataCache: Display: Pak cache opened for reading ../../../Engine/DerivedDataCache/Compressed.ddp.
[2019.01.05-12.37.32:204][  0]LogDerivedDataCache: Using Local data cache path C:/Users/h017026h/AppData/Local/UnrealEngine/Common/DerivedDataCache: Writable
[2019.01.05-12.37.32:204][  0]LogDerivedDataCache: Shared data cache path not found in *engine.ini, will not use an Shared cache.
[2019.01.05-12.37.32:204][  0]LogDerivedDataCache: Unable to find inner node Shared for hierarchical cache Hierarchy.
[2019.01.05-12.37.32:220][  0]LogMaterial: Verifying Global Shaders for PCD3D_SM5
[2019.01.05-12.37.32:221][  0]LogSlate: Using FreeType 2.6.0
[2019.01.05-12.37.32:222][  0]LogSlate: SlateFontServices - WITH_FREETYPE: 1, WITH_HARFBUZZ: 1
[2019.01.05-12.37.32:296][  0]LogAssetRegistry: FAssetRegistry took 0.0276 seconds to start up
[2019.01.05-12.37.32:567][  0]LogInit: Selected Device Profile: [Windows]
[2019.01.05-12.37.32:691][  0]LogSimplygon: Simplygon DLL not present - disabling.
[2019.01.05-12.37.32:697][  0]LogMeshReduction: Using SimplygonSwarm for distributed automatic mesh merging
[2019.01.05-12.37.32:697][  0]LogMeshReduction: Using ProxyLODMeshReduction for automatic mesh merging
[2019.01.05-12.37.32:697][  0]LogMeshReduction: Using QuadricMeshReduction for automatic static mesh reduction
[2019.01.05-12.37.32:697][  0]LogMeshReduction: No automatic skeletal mesh reduction module available
[2019.01.05-12.37.32:714][  0]LogNetVersion: PairProject 1.0.0, NetCL: 4212847, EngineNetVer: 5, GameNetVer: 0 (Checksum: 2248716754)
[2019.01.05-12.37.33:199][  0]LogPackageLocalizationCache: Processed 11 localized package path(s) for 2 prioritized culture(s) in 0.120553 seconds
[2019.01.05-12.37.33:206][  0]LogUObjectArray: 38425 objects as part of root set at end of initial load.
[2019.01.05-12.37.33:206][  0]LogUObjectAllocator: 6690864 out of 0 bytes used by permanent object pool.
[2019.01.05-12.37.33:206][  0]LogUObjectArray: CloseDisregardForGC: 0/0 objects in disregard for GC pool
[2019.01.05-12.37.34:108][  0]LogTcpMessaging: Initializing TcpMessaging bridge
[2019.01.05-12.37.34:125][  0]LogUdpMessaging: Initializing bridge on interface 0.0.0.0:0 to multicast group 230.0.0.1:6666.
[2019.01.05-12.37.34:345][  0]SourceControl: Source control is disabled
[2019.01.05-12.37.34:345][  0]SourceControl: Source control is disabled
[2019.01.05-12.37.34:349][  0]SourceControl: Source control is disabled
[2019.01.05-12.37.34:352][  0]SourceControl: Source control is disabled
[2019.01.05-12.37.34:571][  0]LogAndroidPermission: UAndroidPermissionCallbackProxy::GetInstance
[2019.01.05-12.37.34:672][  0]LogOcInput: OculusInput pre-init called
[2019.01.05-12.37.34:730][  0]LogEngine: Initializing Engine...
[2019.01.05-12.37.34:731][  0]LogHMD: Failed to initialize OpenVR with code 110
[2019.01.05-12.37.34:732][  0]LogStats: UGameplayTagsManager::ConstructGameplayTagTree: ImportINI prefixes -  0.000 s
[2019.01.05-12.37.34:732][  0]LogStats: UGameplayTagsManager::ConstructGameplayTagTree: Construct from data asset -  0.000 s
[2019.01.05-12.37.34:733][  0]LogStats: UGameplayTagsManager::ConstructGameplayTagTree: ImportINI -  0.000 s
[2019.01.05-12.37.34:733][  0]LogStats: UGameplayTagsManager::ConstructGameplayTagTree: GameplayTagTreeChangedEvent.Broadcast -  0.000 s
[2019.01.05-12.37.34:911][  0]LogInit: Initializing FReadOnlyCVARCache
[2019.01.05-12.37.34:921][  0]LogAIModule: Creating AISystem for world Untitled
[2019.01.05-12.37.34:944][  0]LogInit: XAudio2 using 'Headset Earphone (Corsair VOID PRO USB Gaming Headset)' : 6 channels at 48 kHz using 16 bits per sample (channel mask 0x3f)
[2019.01.05-12.37.35:065][  0]LogInit: FAudioDevice initialized.
[2019.01.05-12.37.35:065][  0]LogNetVersion: Set ProjectVersion to 1.0.0.0. Version Checksum will be recalculated on next use.
[2019.01.05-12.37.35:132][  0]LogDerivedDataCache: Saved boot cache 0.07s 71MB C:/Users/h017026h/AppData/Local/UnrealEngine/4.20/DerivedDataCache/Boot.ddc.
[2019.01.05-12.37.35:135][  0]LogInit: Texture streaming: Enabled
[2019.01.05-12.37.35:154][  0]LogEngineSessionManager: EngineSessionManager initialized
[2019.01.05-12.37.35:190][  0]LogInit: Transaction tracking system initialized
[2019.01.05-12.37.35:214][  0]BlueprintLog: New page: Editor Load
[2019.01.05-12.37.35:306][  0]LocalizationService: Localization service is disabled
[2019.01.05-12.37.35:567][  0]LogCook: Display: Max memory allowance for cook 16384mb min free memory 0mb
[2019.01.05-12.37.35:567][  0]LogCook: Display: Mobile HDR setting 1
[2019.01.05-12.37.35:568][  0]LogGameplayTags: Display: UGameplayTagsManager::DoneAddingNativeTags. DelegateIsBound: 0
[2019.01.05-12.37.35:568][  0]LogStats: UGameplayTagsManager::ConstructGameplayTagTree: ImportINI prefixes -  0.000 s
[2019.01.05-12.37.35:568][  0]LogStats: UGameplayTagsManager::ConstructGameplayTagTree: Construct from data asset -  0.000 s
[2019.01.05-12.37.35:568][  0]LogStats: UGameplayTagsManager::ConstructGameplayTagTree: ImportINI -  0.000 s
[2019.01.05-12.37.35:568][  0]LogStats: UGameplayTagsManager::ConstructGameplayTagTree: GameplayTagTreeChangedEvent.Broadcast -  0.000 s
[2019.01.05-12.37.35:721][  0]LogFileCache: Scanning file cache for directory 'D:/TGPPairProject/PairProject/Content/' took 0.03s
[2019.01.05-12.37.35:721][  0]SourceControl: Source control is disabled
[2019.01.05-12.37.35:721][  0]Cmd: MAP LOAD FILE="../../../../../TGPPairProject/PairProject/Content/Scenes/StartScreen.umap" TEMPLATE=0 SHOWPROGRESS=1 FEATURELEVEL=3
[2019.01.05-12.37.35:721][  0]LightingResults: New page: Lighting Build
[2019.01.05-12.37.35:723][  0]MapCheck: New page: Map Check
[2019.01.05-12.37.35:723][  0]LightingResults: New page: Lighting Build
[2019.01.05-12.37.35:746][  0]LogLinker: Warning: Can't find file '/Game/Scenes/StartScreen_BuiltData'
[2019.01.05-12.37.35:746][  0]LogLinker: Warning: Can't find file for asset '/Game/Scenes/StartScreen_BuiltData' while loading ../../../../../TGPPairProject/PairProject/Content/Scenes/StartScreen.umap.
[2019.01.05-12.37.35:746][  0]LoadErrors: Error: /Game/Scenes/StartScreen : Can't find file for asset. /Game/Scenes/StartScreen_BuiltData
[2019.01.05-12.37.35:746][  0]LogLinker: Warning: Can't find file '/Game/Scenes/StartScreen_BuiltData'
[2019.01.05-12.37.35:746][  0]LogLinker: Warning: Can't find file for asset '/Game/Scenes/StartScreen_BuiltData' while loading ../../../../../TGPPairProject/PairProject/Content/Scenes/StartScreen.umap.
[2019.01.05-12.37.35:747][  0]LoadErrors: Error: /Game/Scenes/StartScreen : Can't find file for asset. /Game/Scenes/StartScreen_BuiltData
[2019.01.05-12.37.35:779][  0]LogLinker: Warning: Can't find file '/Game/Scenes/StartScreen_BuiltData'
[2019.01.05-12.37.35:779][  0]LogLinker: Warning: Can't find file for asset '/Game/Scenes/StartScreen_BuiltData' while loading NULL.
[2019.01.05-12.37.35:779][  0]LogLinker: Warning: Can't find file '/Game/Scenes/StartScreen_BuiltData'
[2019.01.05-12.37.35:779][  0]LogLinker: Warning: Can't find file for asset '/Game/Scenes/StartScreen_BuiltData' while loading NULL.
[2019.01.05-12.37.35:782][  0]LogLinker: Warning: Can't find file '/Game/Scenes/StartScreen_BuiltData'
[2019.01.05-12.37.35:783][  0]LoadErrors: Failed to load /Game/Scenes/StartScreen_BuiltData.StartScreen_BuiltData Referenced by PersistentLevel
[2019.01.05-12.37.35:783][  0]LogLinker: Warning: Can't find file for asset '/Game/Scenes/StartScreen_BuiltData' while loading NULL.
[2019.01.05-12.37.35:783][  0]LoadErrors: Failed to load /Game/Scenes/StartScreen_BuiltData.StartScreen_BuiltData Referenced by PersistentLevel
[2019.01.05-12.37.35:819][  0]LogAIModule: Creating AISystem for world StartScreen
[2019.01.05-12.37.35:820][  0]LogEditorServer: Finished looking for orphan Actors (0.000 secs)
[2019.01.05-12.37.35:840][  0]Cmd: MAP CHECKDEP NOCLEARLOG
[2019.01.05-12.37.35:894][  0]MapCheck: Map check complete: 0 Error(s), 0 Warning(s), took 53.919ms to complete.
[2019.01.05-12.37.35:894][  0]LogFileHelpers: Loading map 'StartScreen' took 0.174
[2019.01.05-12.37.35:983][  0]LogSlate: Updating window title bar state: overlay mode, drag disabled, window buttons hidden, title bar hidden
[2019.01.05-12.37.35:990][  0]LogSlate: Updating window title bar state: overlay mode, drag disabled, window buttons hidden, title bar hidden
[2019.01.05-12.37.35:996][  0]LogSlate: Updating window title bar state: overlay mode, drag disabled, window buttons hidden, title bar hidden
[2019.01.05-12.37.36:002][  0]LogSlate: Updating window title bar state: overlay mode, drag disabled, window buttons hidden, title bar hidden
[2019.01.05-12.37.36:008][  0]LogCollectionManager: Loaded 0 collections in 0.000784 seconds
[2019.01.05-12.37.36:055][  0]LogFileCache: Scanning file cache for directory 'D:/TGPPairProject/PairProject/Saved/Collections/' took 0.01s
[2019.01.05-12.37.36:055][  0]LogFileCache: Scanning file cache for directory 'D:/TGPPairProject/PairProject/Content/Developers/h017026h/Collections/' took 0.01s
[2019.01.05-12.37.36:055][  0]LogFileCache: Scanning file cache for directory 'D:/TGPPairProject/PairProject/Content/Collections/' took 0.01s
[2019.01.05-12.37.36:055][  0]LogCollectionManager: Rebuilt the GUID cache for 0 collections in 0.000001 seconds
[2019.01.05-12.37.36:064][  0]LogContentBrowser: Native class hierarchy populated in 0.0083 seconds. Added 2594 classes and 611 folders.
[2019.01.05-12.37.36:068][  0]LogContentBrowser: Native class hierarchy updated for 'WidgetCarousel' in 0.0003 seconds. Added 0 classes and 0 folders.
[2019.01.05-12.37.36:128][  0]LogContentBrowser: Native class hierarchy updated for 'AddContentDialog' in 0.0003 seconds. Added 0 classes and 0 folders.
[2019.01.05-12.37.36:134][  0]LogContentBrowser: Native class hierarchy updated for 'SceneOutliner' in 0.0004 seconds. Added 1 classes and 2 folders.
[2019.01.05-12.37.36:148][  0]LogSlate: Took 0.000203 seconds to synchronously load lazily loaded font '../../../Engine/Content/Slate/Fonts/Roboto-Regular.ttf' (155K)
[2019.01.05-12.37.36:150][  0]LogSlate: Took 0.000251 seconds to synchronously load lazily loaded font '../../../Engine/Content/Slate/Fonts/Roboto-Bold.ttf' (160K)
[2019.01.05-12.37.36:155][  0]LogSlate: Took 0.000316 seconds to synchronously load lazily loaded font '../../../Engine/Content/Editor/Slate/Fonts/FontAwesome.ttf' (139K)
[2019.01.05-12.37.36:218][  0]LogRenderer: Reallocating scene render targets to support 860x480 Format 10 NumSamples 1 (Frame:1).
[2019.01.05-12.37.36:319][  0]LogContentBrowser: Native class hierarchy updated for 'HierarchicalLODOutliner' in 0.0006 seconds. Added 0 classes and 0 folders.
[2019.01.05-12.37.36:319][  0]LogLoad: (Engine Initialization) Total time: 8.56 seconds
[2019.01.05-12.37.36:320][  0]LogLoad: (Engine Initialization) Total Blueprint compile time: 0.00 seconds
[2019.01.05-12.37.36:357][  0]LogContentStreaming: Texture pool size now 1000 MB
[2019.01.05-12.37.36:383][  1]LogAssetRegistry: Asset discovery search completed in 4.1116 seconds
[2019.01.05-12.37.36:385][  1]LogCollectionManager: Rebuilt the object cache for 0 collections in 0.000000 seconds (found 0 objects)
[2019.01.05-12.37.36:385][  1]LogCollectionManager: Fixed up redirectors for 0 collections in 0.000087 seconds (updated 0 objects)
[2019.01.05-12.38.02:576][230]LogSlate: FSceneViewport::OnFocusLost() reason 0
[2019.01.05-12.38.02:716][245]LogSlate: Took 0.000183 seconds to synchronously load lazily loaded font '../../../Engine/Content/Slate/Fonts/Roboto-Light.ttf' (167K)
[2019.01.05-12.38.04:218][425]LogTemp: Repeating last play command: Selected Viewport
[2019.01.05-12.38.04:245][425]LogBlueprintUserMessages: Early PlayInEditor Detection: Level '/Game/Scenes/StartScreen.StartScreen:PersistentLevel' has LevelScriptBlueprint '/Game/Scenes/StartScreen.StartScreen:PersistentLevel.StartScreen' with GeneratedClass '/Game/Scenes/StartScreen.StartScreen_C' with ClassGeneratedBy '/Game/Scenes/StartScreen.StartScreen:PersistentLevel.StartScreen'
[2019.01.05-12.38.04:245][425]LogPlayLevel: PlayLevel: No blueprints needed recompiling
[2019.01.05-12.38.04:260][425]PIE: New page: PIE session: StartScreen (5 Jan 2019 12:38:04)
[2019.01.05-12.38.04:261][425]LogPlayLevel: Creating play world package: /Game/Scenes/UEDPIE_0_StartScreen
[2019.01.05-12.38.04:262][425]LogPlayLevel: PIE: StaticDuplicateObject took: (0.000853s)
[2019.01.05-12.38.04:262][425]LogAIModule: Creating AISystem for world StartScreen
[2019.01.05-12.38.04:262][425]LogPlayLevel: PIE: World Init took: (0.000752s)
[2019.01.05-12.38.04:263][425]LogPlayLevel: PIE: Created PIE world by copying editor world from /Game/Scenes/StartScreen.StartScreen to /Game/Scenes/UEDPIE_0_StartScreen.StartScreen (0.002078s)
[2019.01.05-12.38.04:295][425]LogInit: XAudio2 using 'Headset Earphone (Corsair VOID PRO USB Gaming Headset)' : 6 channels at 48 kHz using 16 bits per sample (channel mask 0x3f)
[2019.01.05-12.38.04:405][425]LogInit: FAudioDevice initialized.
[2019.01.05-12.38.04:454][425]LogLoad: Game class is 'TestGameMode_C'
[2019.01.05-12.38.04:456][425]LogWorld: Bringing World /Game/Scenes/UEDPIE_0_StartScreen.StartScreen up for play (max tick rate 0) at 2019.01.05-12.38.04
[2019.01.05-12.38.04:456][425]LogWorld: Bringing up level for play took: 0.000498
[2019.01.05-12.38.04:473][425]LogContentBrowser: Native class hierarchy updated for 'MovieSceneCapture' in 0.0004 seconds. Added 10 classes and 0 folders.
[2019.01.05-12.38.04:473][425]LogGameMode: Display: Match State Changed from EnteringMap to WaitingToStart
[2019.01.05-12.38.04:473][425]LogGameState: Match State Changed from EnteringMap to WaitingToStart
[2019.01.05-12.38.04:473][425]LogGameMode: Display: Match State Changed from WaitingToStart to InProgress
[2019.01.05-12.38.04:475][425]LogGameState: Match State Changed from WaitingToStart to InProgress
[2019.01.05-12.38.04:475][425]PIE: Play in editor start time for /Game/Scenes/UEDPIE_0_StartScreen -0.695
[2019.01.05-12.38.04:476][425]LogBlueprintUserMessages: Late PlayInEditor Detection: Level '/Game/Scenes/StartScreen.StartScreen:PersistentLevel' has LevelScriptBlueprint '/Game/Scenes/StartScreen.StartScreen:PersistentLevel.StartScreen' with GeneratedClass '/Game/Scenes/StartScreen.StartScreen_C' with ClassGeneratedBy '/Game/Scenes/StartScreen.StartScreen:PersistentLevel.StartScreen'
[2019.01.05-12.38.06:690][689]LogGameMode: Display: Match State Changed from InProgress to LeavingMap
[2019.01.05-12.38.06:690][689]LogGameState: Match State Changed from InProgress to LeavingMap
[2019.01.05-12.38.06:691][689]LogNet: Browse: /Game/Scenes/CameraTestScene
[2019.01.05-12.38.06:691][689]LogLoad: LoadMap: /Game/Scenes/CameraTestScene
[2019.01.05-12.38.06:994][689]LogLinker: Warning: Can't find file '/Game/Scenes/CameraTestScene_BuiltData'
[2019.01.05-12.38.06:994][689]LogLinker: Warning: Can't find file for asset '/Game/Scenes/CameraTestScene_BuiltData' while loading ../../../../../TGPPairProject/PairProject/Content/Scenes/CameraTestScene.umap.
[2019.01.05-12.38.06:994][689]LoadErrors: Error: /Game/Scenes/CameraTestScene : Can't find file for asset. /Game/Scenes/CameraTestScene_BuiltData
[2019.01.05-12.38.07:005][689]LogLinker: Warning: Can't find file '/Game/Scenes/CameraTestScene_BuiltData'
[2019.01.05-12.38.07:006][689]LogLinker: Warning: Can't find file for asset '/Game/Scenes/CameraTestScene_BuiltData' while loading ../../../../../TGPPairProject/PairProject/Content/Scenes/CameraTestScene.umap.
[2019.01.05-12.38.07:029][689]LogLinker: Warning: Can't find file '/Game/Scenes/CameraTestScene_BuiltData'
[2019.01.05-12.38.07:030][689]LogLinker: Warning: Can't find file for asset '/Game/Scenes/CameraTestScene_BuiltData' while loading NULL.
[2019.01.05-12.38.07:030][689]LogLinker: Warning: Can't find file '/Game/Scenes/CameraTestScene_BuiltData'
[2019.01.05-12.38.07:030][689]LogLinker: Warning: Can't find file for asset '/Game/Scenes/CameraTestScene_BuiltData' while loading NULL.
[2019.01.05-12.38.07:043][689]LogLinker: Warning: Can't find file '/Game/Scenes/CameraTestScene_BuiltData'
[2019.01.05-12.38.07:044][689]LoadErrors: Failed to load /Game/Scenes/CameraTestScene_BuiltData.CameraTestScene_BuiltData Referenced by PersistentLevel
[2019.01.05-12.38.07:044][689]LogLinker: Warning: Can't find file for asset '/Game/Scenes/CameraTestScene_BuiltData' while loading NULL.
[2019.01.05-12.38.07:738][689]LogAIModule: Creating AISystem for world CameraTestScene
[2019.01.05-12.38.07:739][689]LogLoad: Game class is 'TestGameMode_C'
[2019.01.05-12.38.07:745][689]LogWorld: Bringing World /Game/Scenes/UEDPIE_0_CameraTestScene.CameraTestScene up for play (max tick rate 0) at 2019.01.05-12.38.07
[2019.01.05-12.38.07:746][689]LogWorld: Bringing up level for play took: 0.006376
[2019.01.05-12.38.07:746][689]LogGameMode: FindPlayerStart: PATHS NOT DEFINED or NO PLAYERSTART with positive rating
[2019.01.05-12.38.07:747][689]LogGameMode: Display: Match State Changed from EnteringMap to WaitingToStart
[2019.01.05-12.38.07:747][689]LogGameState: Match State Changed from EnteringMap to WaitingToStart
[2019.01.05-12.38.07:747][689]LogGameMode: Display: Match State Changed from WaitingToStart to InProgress
[2019.01.05-12.38.07:748][689]LogActor: Warning: MyBiggoronKnifeWeapon_C /Game/Scenes/UEDPIE_0_CameraTestScene.CameraTestScene:PersistentLevel.MyBiggoronKnifeWeapon_C_0 has natively added scene component(s), but none of them were set as the actor's RootComponent - picking one arbitrarily
[2019.01.05-12.38.07:748][689]LogActor: Warning: MyBPBasePlayerWeapon_C /Game/Scenes/UEDPIE_0_CameraTestScene.CameraTestScene:PersistentLevel.MyBPBasePlayerWeapon_C_0 has natively added scene component(s), but none of them were set as the actor's RootComponent - picking one arbitrarily
[2019.01.05-12.38.07:750][689]LogGameState: Match State Changed from WaitingToStart to InProgress
[2019.01.05-12.38.07:751][689]LogLoad: Took 1.060477 seconds to LoadMap(/Game/Scenes/CameraTestScene)
[2019.01.05-12.38.07:759][689]LogSlate: Took 0.003471 seconds to synchronously load lazily loaded font '../../../Engine/Content/SlateDebug/Fonts/LastResort.ttf' (5269K)
[2019.01.05-12.38.07:773][690]LogCharacterMovement: Warning: GetSimulationTimeStep() - Max iterations 8 hit while remaining time 0.062043 > MaxSimulationTimeStep (0.050) for 'MyImpaCharacter_17', movement 'Walking'
[2019.01.05-12.38.13:050][322]LogBlueprintUserMessages: Early EndPlayMap Detection: Level '/Game/Scenes/StartScreen.StartScreen:PersistentLevel' has LevelScriptBlueprint '/Game/Scenes/StartScreen.StartScreen:PersistentLevel.StartScreen' with GeneratedClass '/Game/Scenes/StartScreen.StartScreen_C' with ClassGeneratedBy '/Game/Scenes/StartScreen.StartScreen:PersistentLevel.StartScreen'
[2019.01.05-12.38.13:050][322]LogSlate: Updating window title bar state: overlay mode, drag disabled, window buttons hidden, title bar hidden
[2019.01.05-12.38.13:087][322]LogPlayLevel: Display: Shutting down PIE online subsystems
[2019.01.05-12.38.13:088][322]LogBlueprintUserMessages: Late EndPlayMap Detection: Level '/Game/Scenes/StartScreen.StartScreen:PersistentLevel' has LevelScriptBlueprint '/Game/Scenes/StartScreen.StartScreen:PersistentLevel.StartScreen' with GeneratedClass '/Game/Scenes/StartScreen.StartScreen_C' with ClassGeneratedBy '/Game/Scenes/StartScreen.StartScreen:PersistentLevel.StartScreen'
[2019.01.05-12.38.13:108][322]LogSlate: Updating window title bar state: overlay mode, drag disabled, window buttons hidden, title bar hidden
[2019.01.05-12.38.13:149][326]LogPlayLevel: Display: Destroying online subsystem :Context_1
[2019.01.05-12.38.15:168][568]LogSlate: FSceneViewport::OnFocusLost() reason 0
