Log file open, 01/06/19 17:56:04
LogWindows: Failed to load 'aqProf.dll' (GetLastError=126)
LogWindows: File 'aqProf.dll' does not exist
LogWindows: Failed to load 'VSPerf140.dll' (GetLastError=126)
LogWindows: File 'VSPerf140.dll' does not exist
LogWindows: Failed to load 'VtuneApi.dll' (GetLastError=126)
LogWindows: File 'VtuneApi.dll' does not exist
LogWindows: Failed to load 'VtuneApi32e.dll' (GetLastError=126)
LogWindows: File 'VtuneApi32e.dll' does not exist
LogInit: Display: Running engine for game: PairProject
LogPlatformFile: Not using cached read wrapper
LogTaskGraph: Started task graph with 5 named threads and 14 total threads with 3 sets of task threads.
LogStats: Stats thread started at 0.358110
LogD3D11RHI: Loaded GFSDK_Aftermath_Lib.x64.dll
LogICUInternationalization: Display: ICU TimeZone Detection - Raw Offset: +0:00, Platform Override: ''
LogPluginManager: Mounting plugin Paper2D
LogPluginManager: Mounting plugin AISupport
LogPluginManager: Mounting plugin LightPropagationVolume
LogPluginManager: Mounting plugin CLionSourceCodeAccess
LogPluginManager: Mounting plugin CodeLiteSourceCodeAccess
LogPluginManager: Mounting plugin GitSourceControl
LogPluginManager: Mounting plugin KDevelopSourceCodeAccess
LogPluginManager: Mounting plugin NullSourceCodeAccess
LogPluginManager: Mounting plugin PerforceSourceControl
LogPluginManager: Mounting plugin SubversionSourceControl
LogPluginManager: Mounting plugin UObjectPlugin
LogPluginManager: Mounting plugin VisualStudioCodeSourceCodeAccess
LogPluginManager: Mounting plugin VisualStudioSourceCodeAccess
LogPluginManager: Mounting plugin XCodeSourceCodeAccess
LogPluginManager: Mounting plugin AssetManagerEditor
LogPluginManager: Mounting plugin CryptoKeys
LogPluginManager: Mounting plugin DataValidation
LogPluginManager: Mounting plugin FacialAnimation
LogPluginManager: Mounting plugin GameplayTagsEditor
LogPluginManager: Mounting plugin MacGraphicsSwitching
LogPluginManager: Mounting plugin MeshEditor
LogPluginManager: Mounting plugin MobileLauncherProfileWizard
LogPluginManager: Mounting plugin PluginBrowser
LogPluginManager: Mounting plugin SpeedTreeImporter
LogPluginManager: Mounting plugin DatasmithContent
LogPluginManager: Mounting plugin AlembicImporter
LogPluginManager: Mounting plugin AppleImageUtils
LogPluginManager: Mounting plugin AppleVision
LogPluginManager: Mounting plugin BackChannel
LogPluginManager: Mounting plugin CharacterAI
LogPluginManager: Mounting plugin GeometryCache
LogPluginManager: Mounting plugin HTML5Networking
LogPluginManager: Mounting plugin ProxyLODPlugin
LogPluginManager: Mounting plugin MagicLeap
LogPluginManager: Mounting plugin MagicLeapEmulator
LogPluginManager: Mounting plugin MagicLeapMedia
LogPluginManager: Mounting plugin AndroidMedia
LogPluginManager: Mounting plugin AvfMedia
LogPluginManager: Mounting plugin ImgMedia
LogPluginManager: Mounting plugin LinearTimecode
LogPluginManager: Mounting plugin MediaCompositing
LogPluginManager: Mounting plugin MediaPlayerEditor
LogPluginManager: Mounting plugin WmfMedia
LogPluginManager: Mounting plugin TcpMessaging
LogPluginManager: Mounting plugin UdpMessaging
LogPluginManager: Mounting plugin ActorSequence
LogPluginManager: Mounting plugin LevelSequenceEditor
LogPluginManager: Mounting plugin MatineeToLevelSequence
LogPluginManager: Mounting plugin NetcodeUnitTest
LogPluginManager: Mounting plugin NUTUnrealEngine4
LogPluginManager: Mounting plugin OnlineSubsystemGooglePlay
LogPluginManager: Mounting plugin OnlineSubsystemIOS
LogPluginManager: Mounting plugin OnlineSubsystem
LogPluginManager: Mounting plugin OnlineSubsystemNull
LogPluginManager: Mounting plugin OnlineSubsystemUtils
LogPluginManager: Mounting plugin LauncherChunkInstaller
LogPluginManager: Mounting plugin AndroidDeviceProfileSelector
LogPluginManager: Mounting plugin AndroidMoviePlayer
LogPluginManager: Mounting plugin AndroidPermission
LogPluginManager: Mounting plugin ApexDestruction
LogPluginManager: Mounting plugin AppleMoviePlayer
LogPluginManager: Mounting plugin ArchVisCharacter
LogPluginManager: Mounting plugin AudioCapture
LogPluginManager: Mounting plugin CableComponent
LogPluginManager: Mounting plugin CustomMeshComponent
LogPluginManager: Mounting plugin EditableMesh
LogPluginManager: Mounting plugin ExampleDeviceProfileSelector
LogPluginManager: Mounting plugin GoogleCloudMessaging
LogPluginManager: Mounting plugin ImmediatePhysics
LogPluginManager: Mounting plugin IOSDeviceProfileSelector
LogPluginManager: Mounting plugin LinuxDeviceProfileSelector
LogPluginManager: Mounting plugin LocationServicesBPLibrary
LogPluginManager: Mounting plugin MobilePatchingUtils
LogPluginManager: Mounting plugin OculusVR
LogPluginManager: Plugin shader directory ../../../Engine/Plugins/Runtime/Oculus/OculusVR/Shaders found
LogPluginManager: Mapping shader source directory ../../../Engine/Plugins/Runtime/Oculus/OculusVR/Shaders to virtual directory /Plugin/OculusVR
LogPluginManager: Mounting plugin PhysXVehicles
LogPluginManager: Mounting plugin ProceduralMeshComponent
LogPluginManager: Mounting plugin RuntimePhysXCooking
LogPluginManager: Mounting plugin SteamVR
LogPluginManager: Mounting plugin WindowsMoviePlayer
LogStreaming: Display: Took  0.278s to configure plugins.
LogInit: Using libcurl 7.55.1-DEV
LogInit:  - built for x86_64-pc-win32
LogInit:  - supports SSL with OpenSSL/1.0.2h
LogInit:  - supports HTTP deflate (compression) using libz 1.2.8
LogInit:  - other features:
LogInit:      CURL_VERSION_SSL
LogInit:      CURL_VERSION_LIBZ
LogInit:      CURL_VERSION_IPV6
LogInit:      CURL_VERSION_ASYNCHDNS
LogInit:      CURL_VERSION_LARGEFILE
LogInit:      CURL_VERSION_IDN
LogInit:  CurlRequestOptions (configurable via config and command line):
LogInit:  - bVerifyPeer = false  - Libcurl will NOT verify peer certificate
LogInit:  - bUseHttpProxy = false  - Libcurl will NOT use HTTP proxy
LogInit:  - bDontReuseConnections = false  - Libcurl will reuse connections
LogInit:  - CertBundlePath = nullptr  - Libcurl will use whatever was configured at build time.
LogInit:  - MaxHostConnections = 16  - Libcurl will limit the number of connections to a host
LogInit:  - LocalHostAddr = Default
LogInit:  - BufferSize = 65536
LogInit: WinSock: version 1.1 (2.2), MaxSocks=32767, MaxUdp=65467
LogInit: Build: ++UE4+Release-4.20-CL-4369336
LogInit: Engine Version: 4.20.3-4369336+++UE4+Release-4.20
LogInit: Compatible Engine Version: 4.20.0-4212847+++UE4+Release-4.20
LogInit: Net CL: 4212847
LogInit: OS: Windows 10 (), CPU: Intel(R) Xeon(R) CPU E5-1607 v3 @ 3.10GHz, GPU: NVIDIA GeForce GTX 970
LogInit: Compiled (64-bit): Sep 17 2018 12:26:19
LogInit: Compiled with Visual C++: 19.13.26129.00
LogInit: Build Configuration: Development
LogInit: Branch Name: ++UE4+Release-4.20
LogInit: Command Line:  -skipcompile
LogInit: Base Directory: C:/Epic/UE4/UE_4.20/Engine/Binaries/Win64/
LogInit: Installed Engine Build: 1
LogDevObjectVersion: Number of dev versions registered: 20
LogDevObjectVersion:   Dev-Blueprints (B0D832E4-1F89-4F0D-ACCF-7EB736FD4AA2): 10
LogDevObjectVersion:   Dev-Build (E1C64328-A22C-4D53-A36C-8E866417BD8C): 0
LogDevObjectVersion:   Dev-Core (375EC13C-06E4-48FB-B500-84F0262A717E): 2
LogDevObjectVersion:   Dev-Editor (E4B068ED-F494-42E9-A231-DA0B2E46BB41): 24
LogDevObjectVersion:   Dev-Framework (CFFC743F-43B0-4480-9391-14DF171D2073): 34
LogDevObjectVersion:   Dev-Mobile (B02B49B5-BB20-44E9-A304-32B752E40360): 2
LogDevObjectVersion:   Dev-Networking (A4E4105C-59A1-49B5-A7C5-40C4547EDFEE): 0
LogDevObjectVersion:   Dev-Online (39C831C9-5AE6-47DC-9A44-9C173E1C8E7C): 0
LogDevObjectVersion:   Dev-Physics (78F01B33-EBEA-4F98-B9B4-84EACCB95AA2): 0
LogDevObjectVersion:   Dev-Platform (6631380F-2D4D-43E0-8009-CF276956A95A): 0
LogDevObjectVersion:   Dev-Rendering (12F88B9F-8875-4AFC-A67C-D90C383ABD29): 26
LogDevObjectVersion:   Dev-Sequencer (7B5AE74C-D270-4C10-A958-57980B212A5A): 9
LogDevObjectVersion:   Dev-VR (D7296918-1DD6-4BDD-9DE2-64A83CC13884): 2
LogDevObjectVersion:   Dev-LoadTimes (C2A15278-BFE7-4AFE-6C17-90FF531DF755): 1
LogDevObjectVersion:   Private-Geometry (6EACA3D4-40EC-4CC1-B786-8BED09428FC5): 3
LogDevObjectVersion:   Dev-AnimPhys (29E575DD-E0A3-4627-9D10-D276232CDCEA): 17
LogDevObjectVersion:   Dev-ReflectionCapture (6B266CEC-1EC7-4B8F-A30B-E4D90942FC07): 1
LogDevObjectVersion:   Dev-Automation (0DF73D61-A23F-47EA-B727-89E90C41499A): 1
LogDevObjectVersion:   FortniteMain (601D1886-AC64-4F84-AA16-D3DE0DEAC7D6): 12
LogDevObjectVersion:   Dev-Enterprise (9DFFBCD6-494F-0158-E221-12823C92A888): 1
LogStreaming: Display: Took  0.015s to delete old logs.
LogInit: Presizing for max 8388607 objects, including 0 objects not considered by GC, pre-allocating 0 bytes for permanent pool.
LogInit: Object subsystem initialized
[2019.01.06-17.56.05:567][  0]LogInit: Selected Device Profile: [Windows]
[2019.01.06-17.56.05:567][  0]LogInit: Applying CVar settings loaded from the selected device profile: [Windows]
[2019.01.06-17.56.05:589][  0]LogHAL: Display: Platform has ~ 16 GB [17092071424 / 17179869184 / 16], which maps to Larger [LargestMinGB=32, LargerMinGB=12, DefaultMinGB=8, SmallerMinGB=6, SmallestMinGB=0)
[2019.01.06-17.56.05:590][  0]LogInit: Setting Device Profile CVar: [[r.Vulkan.UseRealUBs:1]]
[2019.01.06-17.56.05:590][  0]LogInit: Going up to parent DeviceProfile []
[2019.01.06-17.56.05:590][  0]LogInit: Computer: S500-15
[2019.01.06-17.56.05:590][  0]LogInit: User: c013767h
[2019.01.06-17.56.05:590][  0]LogInit: CPU Page size=4096, Cores=4
[2019.01.06-17.56.05:590][  0]LogInit: High frequency timer resolution =3.020347 MHz
[2019.01.06-17.56.05:591][  0]LogMemory: Memory total: Physical=15.9GB (16GB approx)
[2019.01.06-17.56.05:591][  0]LogMemory: Platform Memory Stats for Windows
[2019.01.06-17.56.05:591][  0]LogMemory: Process Physical Memory: 102.80 MB used, 102.80 MB peak
[2019.01.06-17.56.05:591][  0]LogMemory: Process Virtual Memory: 98.79 MB used, 98.79 MB peak
[2019.01.06-17.56.05:591][  0]LogMemory: Physical Memory: 6665.27 MB used,  9635.00 MB free, 16300.27 MB total
[2019.01.06-17.56.05:591][  0]LogMemory: Virtual Memory: 4635.11 MB used,  9635.00 MB free, 134217728.00 MB total
[2019.01.06-17.56.05:729][  0]LogInit: Using OS detected language (en-US).
[2019.01.06-17.56.05:729][  0]LogInit: Using OS detected locale (en-GB).
[2019.01.06-17.56.05:731][  0]LogTextLocalizationManager: No specific localization for 'en-US' exists, so the 'en' localization will be used.
[2019.01.06-17.56.06:174][  0]LogStreaming: Display: Took  0.445s to InitEngineTextLocalization.
[2019.01.06-17.56.06:174][  0]LogInit: Setting process to per monitor DPI aware
[2019.01.06-17.56.06:246][  0]LogSlate: New Slate User Created.  User Index 0, Is Virtual User: 0
[2019.01.06-17.56.06:246][  0]LogSlate: Slate User Registered.  User Index 0, Is Virtual User: 0
[2019.01.06-17.56.06:631][  0]LogHMD: Failed to initialize OpenVR with code 126
[2019.01.06-17.56.06:631][  0]LogD3D11RHI: D3D11 adapters:
[2019.01.06-17.56.06:720][  0]LogD3D11RHI:    0. 'NVIDIA GeForce GTX 970' (Feature Level 11_0)
[2019.01.06-17.56.06:720][  0]LogD3D11RHI:       4043/0/8150 MB DedicatedVideo/DedicatedSystem/SharedSystem, Outputs:2, VendorId:0x10de
[2019.01.06-17.56.06:727][  0]LogD3D11RHI:    1. 'Microsoft Basic Render Driver' (Feature Level 11_0)
[2019.01.06-17.56.06:727][  0]LogD3D11RHI:       0/0/8150 MB DedicatedVideo/DedicatedSystem/SharedSystem, Outputs:0, VendorId:0x1414
[2019.01.06-17.56.06:727][  0]LogD3D11RHI: Chosen D3D11 Adapter: 0
[2019.01.06-17.56.06:738][  0]LogD3D11RHI: Creating new Direct3DDevice
[2019.01.06-17.56.06:738][  0]LogD3D11RHI:     GPU DeviceId: 0x13c2 (for the marketing name, search the web for "GPU Device Id")
[2019.01.06-17.56.06:738][  0]LogWindows: EnumDisplayDevices:
[2019.01.06-17.56.06:738][  0]LogWindows:    0. 'NVIDIA GeForce GTX 970' (P:1 D:1)
[2019.01.06-17.56.06:739][  0]LogWindows:    1. 'NVIDIA GeForce GTX 970' (P:0 D:1)
[2019.01.06-17.56.06:739][  0]LogWindows:    2. 'NVIDIA GeForce GTX 970' (P:0 D:0)
[2019.01.06-17.56.06:740][  0]LogWindows:    3. 'NVIDIA GeForce GTX 970' (P:0 D:0)
[2019.01.06-17.56.06:740][  0]LogWindows: DebugString: FoundDriverCount:4 
[2019.01.06-17.56.06:740][  0]LogD3D11RHI:     Adapter Name: NVIDIA GeForce GTX 970
[2019.01.06-17.56.06:740][  0]LogD3D11RHI:   Driver Version: 399.24 (internal:24.21.13.9924, unified:399.24)
[2019.01.06-17.56.06:740][  0]LogD3D11RHI:      Driver Date: 9-5-2018
[2019.01.06-17.56.06:740][  0]LogRHI: Texture pool is 2830 MB (70% of 4043 MB)
[2019.01.06-17.56.06:796][  0]LogD3D11RHI: Async texture creation enabled
[2019.01.06-17.56.06:814][  0]LogD3D11RHI: GPU Timing Frequency: 1000.000000 (Debug: 2 2)
[2019.01.06-17.56.06:901][  0]LogShaderCompilers: Guid format shader working directory is -23 characters bigger than the processId version (E:/Staffs Uni/Level 5/Technical Games Production/Pair/TGPPairProject/PairProject/Intermediate/Shaders/WorkingDirectory/9144/).
[2019.01.06-17.56.06:901][  0]LogShaderCompilers: Cleaned the shader compiler working directory 'C:/Users/c013767h.STUDENT/AppData/Local/Temp/UnrealShaderWorkingDir/410E6129492935C6D9AF189C5974F747/'.
[2019.01.06-17.56.07:260][  0]LogTemp: Display: Loaded TP AllDesktopTargetPlatform
[2019.01.06-17.56.07:281][  0]LogTemp: Display: Loaded TP MacClientTargetPlatform
[2019.01.06-17.56.07:302][  0]LogTemp: Display: Loaded TP MacNoEditorTargetPlatform
[2019.01.06-17.56.07:324][  0]LogTemp: Display: Loaded TP MacServerTargetPlatform
[2019.01.06-17.56.07:345][  0]LogTemp: Display: Loaded TP MacTargetPlatform
[2019.01.06-17.56.07:367][  0]LogTemp: Display: Loaded TP WindowsClientTargetPlatform
[2019.01.06-17.56.07:388][  0]LogTemp: Display: Loaded TP WindowsNoEditorTargetPlatform
[2019.01.06-17.56.07:410][  0]LogTemp: Display: Loaded TP WindowsServerTargetPlatform
[2019.01.06-17.56.07:423][  0]LogTemp: Display: Loaded TP WindowsTargetPlatform
[2019.01.06-17.56.07:523][  0]LogTemp: Display: Loaded TP AndroidTargetPlatform
[2019.01.06-17.56.07:524][  0]LogTemp: Display: Loaded TP AndroidTargetPlatform
[2019.01.06-17.56.07:524][  0]LogTemp: Display: Loaded TP AndroidTargetPlatform
[2019.01.06-17.56.07:524][  0]LogTemp: Display: Loaded TP AndroidTargetPlatform
[2019.01.06-17.56.07:524][  0]LogTemp: Display: Loaded TP AndroidTargetPlatform
[2019.01.06-17.56.07:524][  0]LogTemp: Display: Loaded TP AndroidTargetPlatform
[2019.01.06-17.56.07:524][  0]LogTemp: Display: Loaded TP AndroidTargetPlatform
[2019.01.06-17.56.07:524][  0]LogTemp: Display: Loaded TP AndroidTargetPlatform
[2019.01.06-17.56.07:524][  0]LogTemp: Display: Loaded TP AndroidTargetPlatform
[2019.01.06-17.56.07:524][  0]LogTemp: Display: Loaded TP AndroidTargetPlatform
[2019.01.06-17.56.07:524][  0]LogTemp: Display: Loaded TP AndroidTargetPlatform
[2019.01.06-17.56.07:524][  0]LogTemp: Display: Loaded TP AndroidTargetPlatform
[2019.01.06-17.56.07:524][  0]LogTemp: Display: Loaded TP AndroidTargetPlatform
[2019.01.06-17.56.07:524][  0]LogTemp: Display: Loaded TP AndroidTargetPlatform
[2019.01.06-17.56.07:524][  0]LogTemp: Display: Loaded TP AndroidTargetPlatform
[2019.01.06-17.56.07:524][  0]LogTemp: Display: Loaded TP AndroidTargetPlatform
[2019.01.06-17.56.07:524][  0]LogTemp: Display: Loaded TP AndroidTargetPlatform
[2019.01.06-17.56.07:524][  0]LogTemp: Display: Loaded TP AndroidTargetPlatform
[2019.01.06-17.56.07:529][  0]LogTemp: Display: Loaded TP HTML5TargetPlatform
[2019.01.06-17.56.07:609][  0]LogTemp: Display: Loaded TP IOSTargetPlatform
[2019.01.06-17.56.07:609][  0]LogTemp: Display: Loaded TP IOSTargetPlatform
[2019.01.06-17.56.07:643][  0]LogTemp: Display: Loaded TP TVOSTargetPlatform
[2019.01.06-17.56.07:643][  0]LogTemp: Display: Loaded TP TVOSTargetPlatform
[2019.01.06-17.56.07:665][  0]LogTemp: Display: Loaded TP LinuxClientTargetPlatform
[2019.01.06-17.56.07:686][  0]LogTemp: Display: Loaded TP LinuxNoEditorTargetPlatform
[2019.01.06-17.56.07:705][  0]LogTemp: Display: Loaded TP LinuxServerTargetPlatform
[2019.01.06-17.56.07:724][  0]LogTemp: Display: Loaded TP LinuxTargetPlatform
[2019.01.06-17.56.07:739][  0]LogTemp: Display: Loaded TP LuminTargetPlatform
[2019.01.06-17.56.07:740][  0]LogTargetPlatformManager: Display: Building Assets For Windows
[2019.01.06-17.56.07:942][  0]LogXGEController: Cleaning working directory: C:/Users/c013767h.STUDENT/AppData/Local/Temp/UnrealXGEWorkingDir/
[2019.01.06-17.56.07:943][  0]LogXGEController: Cannot use XGE Controller as Incredibuild is not installed on this machine.
[2019.01.06-17.56.07:943][  0]LogShaderCompilers: Cannot use XGE Shader Compiler as Incredibuild is not installed on this machine.
[2019.01.06-17.56.07:943][  0]LogShaderCompilers: Display: Using Local Shader Compiler.
[2019.01.06-17.56.09:104][  0]LogDerivedDataCache: Display: Max Cache Size: 512 MB
[2019.01.06-17.56.09:212][  0]LogDerivedDataCache: Loaded boot cache 0.11s 71MB C:/Users/c013767h.STUDENT/AppData/Local/UnrealEngine/4.20/DerivedDataCache/Boot.ddc.
[2019.01.06-17.56.09:213][  0]LogDerivedDataCache: Display: Loaded Boot cache: C:/Users/c013767h.STUDENT/AppData/Local/UnrealEngine/4.20/DerivedDataCache/Boot.ddc
[2019.01.06-17.56.09:213][  0]LogDerivedDataCache: FDerivedDataBackendGraph:  Pak pak cache file E:/Staffs Uni/Level 5/Technical Games Production/Pair/TGPPairProject/PairProject/DerivedDataCache/DDC.ddp not found, will not use a pak cache.
[2019.01.06-17.56.09:213][  0]LogDerivedDataCache: Unable to find inner node Pak for hierarchical cache Hierarchy.
[2019.01.06-17.56.09:213][  0]LogDerivedDataCache: FDerivedDataBackendGraph:  CompressedPak pak cache file E:/Staffs Uni/Level 5/Technical Games Production/Pair/TGPPairProject/PairProject/DerivedDataCache/Compressed.ddp not found, will not use a pak cache.
[2019.01.06-17.56.09:214][  0]LogDerivedDataCache: Unable to find inner node CompressedPak for hierarchical cache Hierarchy.
[2019.01.06-17.56.09:228][  0]LogDerivedDataCache: Display: Pak cache opened for reading ../../../Engine/DerivedDataCache/Compressed.ddp.
[2019.01.06-17.56.09:242][  0]LogDerivedDataCache: Using Local data cache path C:/Users/c013767h.STUDENT/AppData/Local/UnrealEngine/Common/DerivedDataCache: Writable
[2019.01.06-17.56.09:242][  0]LogDerivedDataCache: Shared data cache path not found in *engine.ini, will not use an Shared cache.
[2019.01.06-17.56.09:242][  0]LogDerivedDataCache: Unable to find inner node Shared for hierarchical cache Hierarchy.
[2019.01.06-17.56.09:265][  0]LogMaterial: Verifying Global Shaders for PCD3D_SM5
[2019.01.06-17.56.09:266][  0]LogSlate: Using FreeType 2.6.0
[2019.01.06-17.56.09:268][  0]LogSlate: SlateFontServices - WITH_FREETYPE: 1, WITH_HARFBUZZ: 1
[2019.01.06-17.56.09:365][  0]LogAssetRegistry: FAssetRegistry took 0.0294 seconds to start up
[2019.01.06-17.56.09:770][  0]LogInit: Selected Device Profile: [Windows]
[2019.01.06-17.56.09:970][  0]LogSimplygon: Simplygon DLL not present - disabling.
[2019.01.06-17.56.09:982][  0]LogMeshReduction: Using SimplygonSwarm for distributed automatic mesh merging
[2019.01.06-17.56.09:982][  0]LogMeshReduction: Using ProxyLODMeshReduction for automatic mesh merging
[2019.01.06-17.56.09:982][  0]LogMeshReduction: Using QuadricMeshReduction for automatic static mesh reduction
[2019.01.06-17.56.09:982][  0]LogMeshReduction: No automatic skeletal mesh reduction module available
[2019.01.06-17.56.10:004][  0]LogNetVersion: PairProject 1.0.0, NetCL: 4212847, EngineNetVer: 5, GameNetVer: 0 (Checksum: 2248716754)
[2019.01.06-17.56.10:769][  0]LogPackageLocalizationCache: Processed 11 localized package path(s) for 2 prioritized culture(s) in 0.243088 seconds
[2019.01.06-17.56.10:775][  0]LogUObjectArray: 38425 objects as part of root set at end of initial load.
[2019.01.06-17.56.10:776][  0]LogUObjectAllocator: 6690872 out of 0 bytes used by permanent object pool.
[2019.01.06-17.56.10:776][  0]LogUObjectArray: CloseDisregardForGC: 0/0 objects in disregard for GC pool
[2019.01.06-17.56.12:083][  0]LogTcpMessaging: Initializing TcpMessaging bridge
[2019.01.06-17.56.12:101][  0]LogUdpMessaging: Initializing bridge on interface 0.0.0.0:0 to multicast group 230.0.0.1:6666.
[2019.01.06-17.56.12:396][  0]SourceControl: Source control is disabled
[2019.01.06-17.56.12:396][  0]SourceControl: Source control is disabled
[2019.01.06-17.56.12:401][  0]SourceControl: Source control is disabled
[2019.01.06-17.56.12:405][  0]SourceControl: Source control is disabled
[2019.01.06-17.56.12:724][  0]LogAndroidPermission: UAndroidPermissionCallbackProxy::GetInstance
[2019.01.06-17.56.12:836][  0]LogOcInput: OculusInput pre-init called
[2019.01.06-17.56.12:923][  0]LogEngine: Initializing Engine...
[2019.01.06-17.56.12:964][  0]LogHMD: Failed to initialize OpenVR with code 126
[2019.01.06-17.56.12:966][  0]LogStats: UGameplayTagsManager::ConstructGameplayTagTree: ImportINI prefixes -  0.000 s
[2019.01.06-17.56.12:966][  0]LogStats: UGameplayTagsManager::ConstructGameplayTagTree: Construct from data asset -  0.000 s
[2019.01.06-17.56.12:966][  0]LogStats: UGameplayTagsManager::ConstructGameplayTagTree: ImportINI -  0.000 s
[2019.01.06-17.56.12:966][  0]LogStats: UGameplayTagsManager::ConstructGameplayTagTree: GameplayTagTreeChangedEvent.Broadcast -  0.000 s
[2019.01.06-17.56.13:221][  0]LogInit: Initializing FReadOnlyCVARCache
[2019.01.06-17.56.13:250][  0]LogAIModule: Creating AISystem for world Untitled
[2019.01.06-17.56.13:270][  0]LogInit: XAudio2 using 'Speakers (Realtek High Definition Audio)' : 2 channels at 48 kHz using 32 bits per sample (channel mask 0x3)
[2019.01.06-17.56.13:296][  0]LogInit: FAudioDevice initialized.
[2019.01.06-17.56.13:296][  0]LogNetVersion: Set ProjectVersion to 1.0.0.0. Version Checksum will be recalculated on next use.
[2019.01.06-17.56.13:442][  0]LogDerivedDataCache: Saved boot cache 0.15s 71MB C:/Users/c013767h.STUDENT/AppData/Local/UnrealEngine/4.20/DerivedDataCache/Boot.ddc.
[2019.01.06-17.56.13:447][  0]LogInit: Texture streaming: Enabled
[2019.01.06-17.56.13:488][  0]LogEngineSessionManager: EngineSessionManager initialized
[2019.01.06-17.56.13:509][  0]LogInit: Transaction tracking system initialized
[2019.01.06-17.56.13:579][  0]BlueprintLog: New page: Editor Load
[2019.01.06-17.56.13:804][  0]LocalizationService: Localization service is disabled
[2019.01.06-17.56.14:230][  0]LogCook: Display: Max memory allowance for cook 16384mb min free memory 0mb
[2019.01.06-17.56.14:230][  0]LogCook: Display: Mobile HDR setting 1
[2019.01.06-17.56.14:230][  0]LogGameplayTags: Display: UGameplayTagsManager::DoneAddingNativeTags. DelegateIsBound: 0
[2019.01.06-17.56.14:231][  0]LogStats: UGameplayTagsManager::ConstructGameplayTagTree: ImportINI prefixes -  0.000 s
[2019.01.06-17.56.14:231][  0]LogStats: UGameplayTagsManager::ConstructGameplayTagTree: Construct from data asset -  0.000 s
[2019.01.06-17.56.14:231][  0]LogStats: UGameplayTagsManager::ConstructGameplayTagTree: ImportINI -  0.000 s
[2019.01.06-17.56.14:231][  0]LogStats: UGameplayTagsManager::ConstructGameplayTagTree: GameplayTagTreeChangedEvent.Broadcast -  0.000 s
[2019.01.06-17.56.14:493][  0]LogFileCache: Scanning file cache for directory 'E:/Staffs Uni/Level 5/Technical Games Production/Pair/TGPPairProject/PairProject/Content/' took 0.03s
[2019.01.06-17.56.14:493][  0]SourceControl: Source control is disabled
[2019.01.06-17.56.14:493][  0]Cmd: MAP LOAD FILE="E:/Staffs Uni/Level 5/Technical Games Production/Pair/TGPPairProject/PairProject/Content/Scenes/StartScreen.umap" TEMPLATE=0 SHOWPROGRESS=1 FEATURELEVEL=3
[2019.01.06-17.56.14:494][  0]LightingResults: New page: Lighting Build
[2019.01.06-17.56.14:500][  0]MapCheck: New page: Map Check
[2019.01.06-17.56.14:500][  0]LightingResults: New page: Lighting Build
[2019.01.06-17.56.14:528][  0]LogLinker: Warning: Can't find file '/Game/Scenes/StartScreen_BuiltData'
[2019.01.06-17.56.14:528][  0]LogLinker: Warning: Can't find file for asset '/Game/Scenes/StartScreen_BuiltData' while loading E:/Staffs Uni/Level 5/Technical Games Production/Pair/TGPPairProject/PairProject/Content/Scenes/StartScreen.umap.
[2019.01.06-17.56.14:528][  0]LoadErrors: Error: /Game/Scenes/StartScreen : Can't find file for asset. /Game/Scenes/StartScreen_BuiltData
[2019.01.06-17.56.14:528][  0]LogLinker: Warning: Can't find file '/Game/Scenes/StartScreen_BuiltData'
[2019.01.06-17.56.14:528][  0]LogLinker: Warning: Can't find file for asset '/Game/Scenes/StartScreen_BuiltData' while loading E:/Staffs Uni/Level 5/Technical Games Production/Pair/TGPPairProject/PairProject/Content/Scenes/StartScreen.umap.
[2019.01.06-17.56.14:529][  0]LoadErrors: Error: /Game/Scenes/StartScreen : Can't find file for asset. /Game/Scenes/StartScreen_BuiltData
[2019.01.06-17.56.14:573][  0]LogLinker: Warning: Can't find file '/Game/Scenes/StartScreen_BuiltData'
[2019.01.06-17.56.14:573][  0]LogLinker: Warning: Can't find file for asset '/Game/Scenes/StartScreen_BuiltData' while loading NULL.
[2019.01.06-17.56.14:574][  0]LogLinker: Warning: Can't find file '/Game/Scenes/StartScreen_BuiltData'
[2019.01.06-17.56.14:574][  0]LogLinker: Warning: Can't find file for asset '/Game/Scenes/StartScreen_BuiltData' while loading NULL.
[2019.01.06-17.56.14:577][  0]LogLinker: Warning: Can't find file '/Game/Scenes/StartScreen_BuiltData'
[2019.01.06-17.56.14:578][  0]LoadErrors: Failed to load /Game/Scenes/StartScreen_BuiltData.StartScreen_BuiltData Referenced by PersistentLevel
[2019.01.06-17.56.14:578][  0]LogLinker: Warning: Can't find file for asset '/Game/Scenes/StartScreen_BuiltData' while loading NULL.
[2019.01.06-17.56.14:578][  0]LoadErrors: Failed to load /Game/Scenes/StartScreen_BuiltData.StartScreen_BuiltData Referenced by PersistentLevel
[2019.01.06-17.56.14:629][  0]LogAIModule: Creating AISystem for world StartScreen
[2019.01.06-17.56.14:632][  0]LogEditorServer: Finished looking for orphan Actors (0.000 secs)
[2019.01.06-17.56.14:657][  0]Cmd: MAP CHECKDEP NOCLEARLOG
[2019.01.06-17.56.14:871][  0]MapCheck: Map check complete: 0 Error(s), 0 Warning(s), took 212.885ms to complete.
[2019.01.06-17.56.14:871][  0]LogFileHelpers: Loading map 'StartScreen' took 0.378
[2019.01.06-17.56.15:001][  0]LogSlate: Updating window title bar state: overlay mode, drag disabled, window buttons hidden, title bar hidden
[2019.01.06-17.56.15:010][  0]LogSlate: Updating window title bar state: overlay mode, drag disabled, window buttons hidden, title bar hidden
[2019.01.06-17.56.15:019][  0]LogSlate: Updating window title bar state: overlay mode, drag disabled, window buttons hidden, title bar hidden
[2019.01.06-17.56.15:027][  0]LogSlate: Updating window title bar state: overlay mode, drag disabled, window buttons hidden, title bar hidden
[2019.01.06-17.56.15:045][  0]LogCollectionManager: Loaded 0 collections in 0.004319 seconds
[2019.01.06-17.56.15:100][  0]LogFileCache: Scanning file cache for directory 'E:/Staffs Uni/Level 5/Technical Games Production/Pair/TGPPairProject/PairProject/Saved/Collections/' took 0.01s
[2019.01.06-17.56.15:100][  0]LogFileCache: Scanning file cache for directory 'E:/Staffs Uni/Level 5/Technical Games Production/Pair/TGPPairProject/PairProject/Content/Developers/c013767h/Collections/' took 0.01s
[2019.01.06-17.56.15:100][  0]LogFileCache: Scanning file cache for directory 'E:/Staffs Uni/Level 5/Technical Games Production/Pair/TGPPairProject/PairProject/Content/Collections/' took 0.01s
[2019.01.06-17.56.15:100][  0]LogCollectionManager: Rebuilt the GUID cache for 0 collections in 0.000000 seconds
[2019.01.06-17.56.15:111][  0]LogContentBrowser: Native class hierarchy populated in 0.0108 seconds. Added 2595 classes and 611 folders.
[2019.01.06-17.56.15:124][  0]LogContentBrowser: Native class hierarchy updated for 'WidgetCarousel' in 0.0004 seconds. Added 0 classes and 0 folders.
[2019.01.06-17.56.15:234][  0]LogContentBrowser: Native class hierarchy updated for 'AddContentDialog' in 0.0004 seconds. Added 0 classes and 0 folders.
[2019.01.06-17.56.15:245][  0]LogContentBrowser: Native class hierarchy updated for 'SceneOutliner' in 0.0005 seconds. Added 1 classes and 2 folders.
[2019.01.06-17.56.15:370][  0]LogContentBrowser: Native class hierarchy updated for 'HierarchicalLODOutliner' in 0.0004 seconds. Added 0 classes and 0 folders.
[2019.01.06-17.56.15:370][  0]LogLoad: (Engine Initialization) Total time: 13.74 seconds
[2019.01.06-17.56.15:370][  0]LogLoad: (Engine Initialization) Total Blueprint compile time: 0.00 seconds
[2019.01.06-17.56.15:382][  0]LogWindowsTextInputMethodSystem: Display: IME system now deactivated.
[2019.01.06-17.56.15:402][  0]LogContentStreaming: Texture pool size now 1000 MB
[2019.01.06-17.56.15:410][  0]LogSlate: FSceneViewport::OnFocusLost() reason 2
[2019.01.06-17.56.15:417][  0]LogSlate: Took 0.000279 seconds to synchronously load lazily loaded font '../../../Engine/Content/Slate/Fonts/Roboto-Regular.ttf' (155K)
[2019.01.06-17.56.15:419][  0]LogSlate: Took 0.000244 seconds to synchronously load lazily loaded font '../../../Engine/Content/Slate/Fonts/Roboto-Bold.ttf' (160K)
[2019.01.06-17.56.15:427][  0]LogSlate: Took 0.000325 seconds to synchronously load lazily loaded font '../../../Engine/Content/Editor/Slate/Fonts/FontAwesome.ttf' (139K)
[2019.01.06-17.56.15:555][  0]LogRenderer: Reallocating scene render targets to support 1008x492 Format 10 NumSamples 1 (Frame:1).
[2019.01.06-17.56.15:615][  0]LogSlate: Took 0.000281 seconds to synchronously load lazily loaded font '../../../Engine/Content/Slate/Fonts/Roboto-Light.ttf' (167K)
[2019.01.06-17.56.15:698][  1]LogAssetRegistry: Asset discovery search completed in 6.3567 seconds
[2019.01.06-17.56.15:700][  1]LogCollectionManager: Rebuilt the object cache for 0 collections in 0.000000 seconds (found 0 objects)
[2019.01.06-17.56.15:701][  1]LogCollectionManager: Fixed up redirectors for 0 collections in 0.000134 seconds (updated 0 objects)
[2019.01.06-17.56.19:388][414]LogSlate: Window 'Message Log' being destroyed
[2019.01.06-17.56.19:391][414]LogSlate: Window 'Message Log' being destroyed
[2019.01.06-17.56.20:974][553]LogRenderer: Reallocating scene render targets to support 1208x576 Format 10 NumSamples 1 (Frame:4).
[2019.01.06-17.56.44:071][320]LogSlate: FSceneViewport::OnFocusLost() reason 0
[2019.01.06-17.56.50:126][ 42]LogSlate: Took 0.000278 seconds to synchronously load lazily loaded font '../../../Engine/Content/Slate/Fonts/Roboto-Light.ttf' (167K)
[2019.01.06-17.56.50:180][ 42]LogSlate: Took 0.000256 seconds to synchronously load lazily loaded font '../../../Engine/Content/Slate/Fonts/Roboto-BoldCondensed.ttf' (158K)
[2019.01.06-17.56.55:535][627]Running C:/Epic/UE4/UE_4.20/Engine/Binaries/DotNET/UnrealBuildTool.exe Win64 Development -TargetType=Editor -Project="E:/Staffs Uni/Level 5/Technical Games Production/Pair/TGPPairProject/PairProject/PairProject.uproject" -invalidatemakefilesonly
[2019.01.06-17.56.57:056][627]Invalidating makefiles only in this run.
[2019.01.06-17.56.57:359][627]Candidate modules for hot reload:
[2019.01.06-17.56.57:359][627]  PairProject
[2019.01.06-17.56.57:359][627]Launching UnrealBuildTool... [C:/Epic/UE4/UE_4.20/Engine/Binaries/DotNET/UnrealBuildTool.exe  -ModuleWithSuffix=PairProject,804 Win64 Development -TargetType=Editor -Project="E:/Staffs Uni/Level 5/Technical Games Production/Pair/TGPPairProject/PairProject/PairProject.uproject" -canskiplink "E:/Staffs Uni/Level 5/Technical Games Production/Pair/TGPPairProject/PairProject/PairProject.uproject" ]
[2019.01.06-17.57.24:480][627]CompilerResultsLog: New page: Compilation - 6 Jan 2019 17:57:24
[2019.01.06-17.57.24:481][627]CompilerResultsLog: Using 'git status' to determine working set for adaptive non-unity build.
[2019.01.06-17.57.24:481][627]CompilerResultsLog: Creating makefile for hot reloading PairProjectEditor (no existing makefile)
[2019.01.06-17.57.24:482][627]CompilerResultsLog: Compiling game modules for hot reload
[2019.01.06-17.57.24:482][627]CompilerResultsLog: Using Visual Studio 2017 14.14.26428 toolchain (C:\Program Files (x86)\Microsoft Visual Studio\2017\Professional\VC\Tools\MSVC\14.14.26428) and Windows 10.0.17134.0 SDK (C:\Program Files (x86)\Windows Kits\10).
[2019.01.06-17.57.24:482][627]CompilerResultsLog: Parsing headers for PairProjectEditor
[2019.01.06-17.57.24:484][627]CompilerResultsLog:   Running UnrealHeaderTool "E:\Staffs Uni\Level 5\Technical Games Production\Pair\TGPPairProject\PairProject\PairProject.uproject" "E:\Staffs Uni\Level 5\Technical Games Production\Pair\TGPPairProject\PairProject\Intermediate\Build\Win64\PairProjectEditor\Development\PairProjectEditor.uhtmanifest" -LogCmds="loginit warning, logexit warning, logdatabase error" -Unattended -WarningsAsErrors -installed
[2019.01.06-17.57.24:484][627]CompilerResultsLog: Reflection code generated for PairProjectEditor in 12.7188776 seconds
[2019.01.06-17.57.24:484][627]CompilerResultsLog: Building 5 actions with 4 processes...
[2019.01.06-17.57.24:484][627]CompilerResultsLog:   [1/5] PairProject.init.gen.cpp
[2019.01.06-17.57.24:484][627]CompilerResultsLog:   [2/5] SuicideAttack.gen.cpp
[2019.01.06-17.57.24:484][627]CompilerResultsLog:   [3/5] SuicideAttack.cpp
[2019.01.06-17.57.24:484][627]CompilerResultsLog:   [4/5] UE4Editor-PairProject-804.lib
[2019.01.06-17.57.24:484][627]CompilerResultsLog:      Creating library E:\Staffs Uni\Level 5\Technical Games Production\Pair\TGPPairProject\PairProject\Intermediate\Build\Win64\UE4Editor\Development\PairProject\UE4Editor-PairProject-804.lib and object E:\Staffs Uni\Level 5\Technical Games Production\Pair\TGPPairProject\PairProject\Intermediate\Build\Win64\UE4Editor\Development\PairProject\UE4Editor-PairProject-804.exp
[2019.01.06-17.57.24:485][627]CompilerResultsLog:   [5/5] UE4Editor-PairProject-804.dll
[2019.01.06-17.57.24:485][627]CompilerResultsLog:      Creating library E:\Staffs Uni\Level 5\Technical Games Production\Pair\TGPPairProject\PairProject\Intermediate\Build\Win64\UE4Editor\Development\PairProject\UE4Editor-PairProject-804.suppressed.lib and object E:\Staffs Uni\Level 5\Technical Games Production\Pair\TGPPairProject\PairProject\Intermediate\Build\Win64\UE4Editor\Development\PairProject\UE4Editor-PairProject-804.suppressed.exp
[2019.01.06-17.57.24:486][627]CompilerResultsLog: Total build time: 26.60 seconds (Parallel executor: 3.14 seconds)
[2019.01.06-17.57.24:486][627]LogMainFrame: MainFrame: Module compiling took 27.135 seconds
[2019.01.06-17.57.24:634][627]LogClass: Could not find existing class SuicideAttack in package /Script/PairProject for HotReload, assuming new class
[2019.01.06-17.57.24:634][627]LogClass: AttackType HotReload.
[2019.01.06-17.57.24:634][627]LogClass: Team HotReload.
[2019.01.06-17.57.24:645][627]LogContentBrowser: Native class hierarchy updated for 'PairProject' in 0.0005 seconds. Added 15 classes and 3 folders.
[2019.01.06-17.57.24:648][627]Display: HotReload successful (19 functions remapped  0 scriptstructs remapped)
[2019.01.06-17.57.24:754][627]LogContentBrowser: Native class hierarchy populated in 0.0108 seconds. Added 2597 classes and 613 folders.
[2019.01.06-17.57.24:754][627]Display: HotReload took 27.6s.
[2019.01.06-17.57.24:756][627]Warning: HotReload operation took 27.6s.
[2019.01.06-17.57.25:186][627]LogSlate: Window 'Add C++ Class' being destroyed
[2019.01.06-17.57.25:197][627]LogHotReload: New module detected: UE4Editor-PairProject-804.dll
[2019.01.06-17.57.25:262][628]LogHotReload: Starting Hot-Reload from IDE
[2019.01.06-17.57.25:322][628]LogContentBrowser: Native class hierarchy updated for 'PairProject' in 0.0005 seconds. Added 15 classes and 3 folders.
[2019.01.06-17.57.25:324][628]Display: HotReload successful (0 functions remapped  0 scriptstructs remapped)
[2019.01.06-17.57.25:365][628]LogContentBrowser: Native class hierarchy populated in 0.0108 seconds. Added 2597 classes and 613 folders.
[2019.01.06-17.57.25:373][628]Display: HotReload took  0.1s.
[2019.01.06-18.04.05:562][922]LogSlate: Window 'PairProject - Unreal Editor' being destroyed
[2019.01.06-18.04.05:804][923]Cmd: QUIT_EDITOR
[2019.01.06-18.04.05:845][923]LogWindowsTextInputMethodSystem: Display: IME system now deactivated.
[2019.01.06-18.04.05:867][923]LogExit: Preparing to exit.
[2019.01.06-18.04.06:978][923]LogExit: Editor shut down
[2019.01.06-18.04.06:978][923]LogExit: Transaction tracking system shut down
[2019.01.06-18.04.07:538][923]LogExit: Object subsystem successfully closed.
[2019.01.06-18.04.07:555][923]LogShaderCompilers: Display: Shaders left to compile 0
[2019.01.06-18.04.07:559][923]LogD3D11RHI: Shutdown
[2019.01.06-18.04.07:559][923]LogD3D11RHI: CleanupD3DDevice
[2019.01.06-18.04.07:561][923]LogD3D11RHI: ~FD3D11DynamicRHI
[2019.01.06-18.04.07:606][923]LogModuleManager: Shutting down and abandoning module PairProject (618)
[2019.01.06-18.04.07:606][923]LogModuleManager: Shutting down and abandoning module HierarchicalLODOutliner (616)
[2019.01.06-18.04.07:606][923]LogModuleManager: Shutting down and abandoning module SceneOutliner (614)
[2019.01.06-18.04.07:606][923]LogModuleManager: Shutting down and abandoning module AddContentDialog (612)
[2019.01.06-18.04.07:607][923]LogModuleManager: Shutting down and abandoning module WidgetCarousel (611)
[2019.01.06-18.04.07:607][923]LogModuleManager: Shutting down and abandoning module EditorWidgets (608)
[2019.01.06-18.04.07:607][923]LogModuleManager: Shutting down and abandoning module CollectionManager (606)
[2019.01.06-18.04.07:608][923]LogModuleManager: Shutting down and abandoning module StatsViewer (604)
[2019.01.06-18.04.07:608][923]LogModuleManager: Shutting down and abandoning module FoliageEdit (602)
[2019.01.06-18.04.07:608][923]LogModuleManager: Shutting down and abandoning module LandscapeEditor (600)
[2019.01.06-18.04.07:609][923]LogModuleManager: Shutting down and abandoning module MeshPaintMode (598)
[2019.01.06-18.04.07:609][923]LogModuleManager: Shutting down and abandoning module SceneDepthPickerMode (596)
[2019.01.06-18.04.07:609][923]LogModuleManager: Shutting down and abandoning module ActorPickerMode (594)
[2019.01.06-18.04.07:609][923]LogModuleManager: Shutting down and abandoning module GeometryMode (592)
[2019.01.06-18.04.07:609][923]LogModuleManager: Shutting down and abandoning module TextureAlignMode (590)
[2019.01.06-18.04.07:609][923]LogModuleManager: Shutting down and abandoning module BspMode (588)
[2019.01.06-18.04.07:609][923]LogModuleManager: Shutting down and abandoning module PIEPreviewDeviceProfileSelector (586)
[2019.01.06-18.04.07:610][923]LogModuleManager: Shutting down and abandoning module SequenceRecorderSections (584)
[2019.01.06-18.04.07:610][923]LogModuleManager: Shutting down and abandoning module AutomationWorker (582)
[2019.01.06-18.04.07:610][923]LogModuleManager: Shutting down and abandoning module AudioCaptureEditor (580)
[2019.01.06-18.04.07:610][923]LogModuleManager: Shutting down and abandoning module SequenceRecorder (579)
[2019.01.06-18.04.07:610][923]LogModuleManager: Shutting down and abandoning module MatineeToLevelSequence (576)
[2019.01.06-18.04.07:610][923]LogModuleManager: Shutting down and abandoning module LevelSequenceEditor (574)
[2019.01.06-18.04.07:611][923]LogModuleManager: Shutting down and abandoning module PlacementMode (573)
[2019.01.06-18.04.07:611][923]LogModuleManager: Shutting down and abandoning module MaterialEditor (572)
[2019.01.06-18.04.07:611][923]LogModuleManager: Shutting down and abandoning module WmfMediaFactory (568)
[2019.01.06-18.04.07:611][923]LogModuleManager: Shutting down and abandoning module WmfMediaEditor (566)
[2019.01.06-18.04.07:611][923]LogModuleManager: Shutting down and abandoning module MediaPlayerEditor (564)
[2019.01.06-18.04.07:612][923]LogModuleManager: Shutting down and abandoning module OpenExrWrapper (562)
[2019.01.06-18.04.07:612][923]LogModuleManager: Shutting down and abandoning module ImgMediaFactory (560)
[2019.01.06-18.04.07:612][923]LogModuleManager: Shutting down and abandoning module ImgMediaEditor (558)
[2019.01.06-18.04.07:612][923]LogModuleManager: Shutting down and abandoning module AvfMediaFactory (556)
[2019.01.06-18.04.07:612][923]LogModuleManager: Shutting down and abandoning module AvfMediaEditor (554)
[2019.01.06-18.04.07:612][923]LogModuleManager: Shutting down and abandoning module AndroidMediaFactory (552)
[2019.01.06-18.04.07:613][923]LogModuleManager: Shutting down and abandoning module AndroidMediaEditor (550)
[2019.01.06-18.04.07:613][923]LogModuleManager: Shutting down and abandoning module MagicLeapCameraPreviewFactory (548)
[2019.01.06-18.04.07:613][923]LogModuleManager: Shutting down and abandoning module MagicLeapMediaFactory (546)
[2019.01.06-18.04.07:613][923]LogModuleManager: Shutting down and abandoning module MagicLeapMediaEditor (544)
[2019.01.06-18.04.07:613][923]LogModuleManager: Shutting down and abandoning module CharacterAI (542)
[2019.01.06-18.04.07:613][923]LogModuleManager: Shutting down and abandoning module SmartSnapping (540)
[2019.01.06-18.04.07:614][923]LogModuleManager: Shutting down and abandoning module SessionServices (538)
[2019.01.06-18.04.07:614][923]LogModuleManager: Shutting down and abandoning module ViewportSnapping (536)
[2019.01.06-18.04.07:614][923]LogModuleManager: Shutting down and abandoning module ViewportInteraction (534)
[2019.01.06-18.04.07:614][923]LogModuleManager: Shutting down and abandoning module ClothPainter (532)
[2019.01.06-18.04.07:615][923]LogModuleManager: Shutting down and abandoning module SkeletalMeshEditor (531)
[2019.01.06-18.04.07:615][923]LogModuleManager: Shutting down and abandoning module LogVisualizer (528)
[2019.01.06-18.04.07:616][923]LogModuleManager: Shutting down and abandoning module IntroTutorials (526)
[2019.01.06-18.04.07:616][923]LogModuleManager: Shutting down and abandoning module GameProjectGeneration (525)
[2019.01.06-18.04.07:616][923]LogModuleManager: Shutting down and abandoning module LuminPlatformEditor (522)
[2019.01.06-18.04.07:616][923]LogModuleManager: Shutting down and abandoning module IOSPlatformEditor (520)
[2019.01.06-18.04.07:617][923]LogModuleManager: Shutting down and abandoning module HTML5PlatformEditor (518)
[2019.01.06-18.04.07:617][923]LogModuleManager: Shutting down and abandoning module AndroidPlatformEditor (516)
[2019.01.06-18.04.07:617][923]LogModuleManager: Shutting down and abandoning module AndroidDeviceDetection (515)
[2019.01.06-18.04.08:423][923]LogModuleManager: Shutting down and abandoning module WindowsPlatformEditor (512)
[2019.01.06-18.04.08:425][923]LogModuleManager: Shutting down and abandoning module LuminRuntimeSettings (510)
[2019.01.06-18.04.08:426][923]LogModuleManager: Shutting down and abandoning module IOSRuntimeSettings (508)
[2019.01.06-18.04.08:427][923]LogModuleManager: Shutting down and abandoning module AndroidRuntimeSettings (506)
[2019.01.06-18.04.08:427][923]LogModuleManager: Shutting down and abandoning module InputBindingEditor (504)
[2019.01.06-18.04.08:428][923]LogModuleManager: Shutting down and abandoning module MergeActors (502)
[2019.01.06-18.04.08:429][923]LogModuleManager: Shutting down and abandoning module LocalizationDashboard (500)
[2019.01.06-18.04.08:429][923]LogModuleManager: Shutting down and abandoning module LocalizationService (499)
[2019.01.06-18.04.08:430][923]LogModuleManager: Shutting down and abandoning module HardwareTargeting (496)
[2019.01.06-18.04.08:431][923]LogModuleManager: Shutting down and abandoning module DeviceProfileEditor (494)
[2019.01.06-18.04.08:431][923]LogModuleManager: Shutting down and abandoning module UndoHistory (492)
[2019.01.06-18.04.08:432][923]LogModuleManager: Shutting down and abandoning module XmlParser (490)
[2019.01.06-18.04.08:433][923]LogModuleManager: Shutting down and abandoning module Blutility (488)
[2019.01.06-18.04.08:433][923]LogModuleManager: Shutting down and abandoning module ProjectSettingsViewer (486)
[2019.01.06-18.04.08:434][923]LogModuleManager: Shutting down and abandoning module ProjectTargetPlatformEditor (485)
[2019.01.06-18.04.08:436][923]LogModuleManager: Shutting down and abandoning module EditorSettingsViewer (482)
[2019.01.06-18.04.08:437][923]LogModuleManager: Shutting down and abandoning module SettingsEditor (480)
[2019.01.06-18.04.08:442][923]LogModuleManager: Shutting down and abandoning module ProjectLauncher (478)
[2019.01.06-18.04.08:443][923]LogModuleManager: Shutting down and abandoning module SessionFrontend (476)
[2019.01.06-18.04.08:444][923]LogModuleManager: Shutting down and abandoning module ProfilerClient (474)
[2019.01.06-18.04.08:445][923]LogModuleManager: Shutting down and abandoning module DeviceManager (472)
[2019.01.06-18.04.08:445][923]LogModuleManager: Shutting down and abandoning module TargetDeviceServices (471)
[2019.01.06-18.04.08:512][923]LogModuleManager: Shutting down and abandoning module AutomationController (468)
[2019.01.06-18.04.08:512][923]LogModuleManager: Shutting down and abandoning module AutomationWindow (466)
[2019.01.06-18.04.08:512][923]LogModuleManager: Shutting down and abandoning module Layers (464)
[2019.01.06-18.04.08:512][923]LogModuleManager: Shutting down and abandoning module ComponentVisualizers (462)
[2019.01.06-18.04.08:512][923]LogModuleManager: Shutting down and abandoning module DetailCustomizations (460)
[2019.01.06-18.04.08:512][923]LogModuleManager: Shutting down and abandoning module PackagesDialog (458)
[2019.01.06-18.04.08:513][923]LogModuleManager: Shutting down and abandoning module Persona (456)
[2019.01.06-18.04.08:513][923]LogModuleManager: Shutting down and abandoning module AdvancedPreviewScene (455)
[2019.01.06-18.04.08:513][923]LogModuleManager: Shutting down and abandoning module AnimGraph (453)
[2019.01.06-18.04.08:513][923]LogModuleManager: Shutting down and abandoning module Kismet (450)
[2019.01.06-18.04.08:514][923]LogModuleManager: Shutting down and abandoning module GraphEditor (448)
[2019.01.06-18.04.08:515][923]LogModuleManager: Shutting down and abandoning module ClassViewer (446)
[2019.01.06-18.04.08:517][923]LogModuleManager: Shutting down and abandoning module Toolbox (444)
[2019.01.06-18.04.08:517][923]LogModuleManager: Shutting down and abandoning module DesktopPlatform (443)
[2019.01.06-18.04.08:517][923]LogModuleManager: Shutting down and abandoning module ModuleUI (440)
[2019.01.06-18.04.08:517][923]LogModuleManager: Shutting down and abandoning module MovieSceneTools (438)
[2019.01.06-18.04.08:517][923]LogModuleManager: Shutting down and abandoning module OutputLog (436)
[2019.01.06-18.04.08:518][923]LogModuleManager: Shutting down and abandoning module GammaUI (434)
[2019.01.06-18.04.08:518][923]LogModuleManager: Shutting down and abandoning module Documentation (432)
[2019.01.06-18.04.08:518][923]LogModuleManager: Shutting down and abandoning module MovieSceneTracks (430)
[2019.01.06-18.04.08:518][923]LogModuleManager: Shutting down and abandoning module MovieScene (428)
[2019.01.06-18.04.08:518][923]LogModuleManager: Shutting down and abandoning module StreamingPauseRendering (426)
[2019.01.06-18.04.08:518][923]LogModuleManager: Shutting down and abandoning module LauncherPlatform (424)
[2019.01.06-18.04.08:519][923]LogModuleManager: Shutting down and abandoning module AnalyticsET (422)
[2019.01.06-18.04.08:519][923]LogModuleManager: Shutting down and abandoning module PortalServices (420)
[2019.01.06-18.04.08:519][923]LogModuleManager: Shutting down and abandoning module PortalRpc (418)
[2019.01.06-18.04.08:519][923]LogModuleManager: Shutting down and abandoning module MessagingRpc (416)
[2019.01.06-18.04.08:519][923]LogModuleManager: Shutting down and abandoning module AIModule (414)
[2019.01.06-18.04.08:519][923]LogModuleManager: Shutting down and abandoning module GameplayDebugger (413)
[2019.01.06-18.04.08:520][923]LogModuleManager: Shutting down and abandoning module AITestSuite (411)
[2019.01.06-18.04.08:520][923]LogModuleManager: Shutting down and abandoning module NavigationSystem (409)
[2019.01.06-18.04.08:520][923]LogModuleManager: Shutting down and abandoning module ProfilerService (406)
[2019.01.06-18.04.08:717][923]LogModuleManager: Shutting down and abandoning module TaskGraph (404)
[2019.01.06-18.04.08:717][923]LogModuleManager: Shutting down and abandoning module SteamVRController (402)
[2019.01.06-18.04.08:717][923]LogModuleManager: Shutting down and abandoning module ProceduralMeshComponentEditor (400)
[2019.01.06-18.04.08:717][923]LogModuleManager: Shutting down and abandoning module ProceduralMeshComponent (398)
[2019.01.06-18.04.08:718][923]LogModuleManager: Shutting down and abandoning module OculusInput (396)
[2019.01.06-18.04.08:718][923]LogModuleManager: Shutting down and abandoning module MobilePatchingUtils (394)
[2019.01.06-18.04.08:718][923]LogModuleManager: Shutting down and abandoning module EditableMesh (392)
[2019.01.06-18.04.08:718][923]LogModuleManager: Shutting down and abandoning module CustomMeshComponent (390)
[2019.01.06-18.04.08:718][923]LogModuleManager: Shutting down and abandoning module CableComponent (388)
[2019.01.06-18.04.08:718][923]LogModuleManager: Shutting down and abandoning module AudioCapture (386)
[2019.01.06-18.04.08:718][923]LogModuleManager: Shutting down and abandoning module ArchVisCharacter (384)
[2019.01.06-18.04.08:719][923]LogModuleManager: Shutting down and abandoning module AndroidPermission (382)
[2019.01.06-18.04.08:719][923]LogModuleManager: Shutting down and abandoning module NUTUnrealEngine4 (380)
[2019.01.06-18.04.08:719][923]LogModuleManager: Shutting down and abandoning module NetcodeUnitTest (378)
[2019.01.06-18.04.08:719][923]LogModuleManager: Shutting down and abandoning module MediaCompositingEditor (376)
[2019.01.06-18.04.08:719][923]LogModuleManager: Shutting down and abandoning module MediaCompositing (374)
[2019.01.06-18.04.08:720][923]LogModuleManager: Shutting down and abandoning module LinearTimecode (372)
[2019.01.06-18.04.08:720][923]LogModuleManager: Shutting down and abandoning module ImgMedia (370)
[2019.01.06-18.04.08:728][923]LogModuleManager: Shutting down and abandoning module HTML5Networking (368)
[2019.01.06-18.04.08:728][923]LogModuleManager: Shutting down and abandoning module GeometryCacheTracks (366)
[2019.01.06-18.04.08:728][923]LogModuleManager: Shutting down and abandoning module GeometryCacheSequencer (364)
[2019.01.06-18.04.08:728][923]LogModuleManager: Shutting down and abandoning module BackChannel (362)
[2019.01.06-18.04.08:728][923]LogModuleManager: Shutting down and abandoning module AppleVision (360)
[2019.01.06-18.04.08:729][923]LogModuleManager: Shutting down and abandoning module AppleImageUtils (358)
[2019.01.06-18.04.08:729][923]LogModuleManager: Shutting down and abandoning module AlembicImporter (356)
[2019.01.06-18.04.08:729][923]LogModuleManager: Shutting down and abandoning module AlembicLibrary (355)
[2019.01.06-18.04.08:729][923]LogModuleManager: Shutting down and abandoning module GeometryCache (354)
[2019.01.06-18.04.08:729][923]LogModuleManager: Shutting down and abandoning module GeometryCacheEd (353)
[2019.01.06-18.04.08:729][923]LogModuleManager: Shutting down and abandoning module DatasmithContentEditor (348)
[2019.01.06-18.04.08:729][923]LogModuleManager: Shutting down and abandoning module DatasmithContent (346)
[2019.01.06-18.04.08:732][923]LogModuleManager: Shutting down and abandoning module SpeedTreeImporter (344)
[2019.01.06-18.04.08:732][923]LogModuleManager: Shutting down and abandoning module PluginBrowser (342)
[2019.01.06-18.04.08:734][923]LogModuleManager: Shutting down and abandoning module MobileLauncherProfileWizard (340)
[2019.01.06-18.04.08:734][923]LogModuleManager: Shutting down and abandoning module PolygonModeling (338)
[2019.01.06-18.04.08:734][923]LogModuleManager: Shutting down and abandoning module MeshEditor (336)
[2019.01.06-18.04.08:734][923]LogModuleManager: Shutting down and abandoning module CryptoKeysOpenSSL (334)
[2019.01.06-18.04.08:735][923]LogModuleManager: Shutting down and abandoning module CryptoKeys (332)
[2019.01.06-18.04.08:735][923]LogModuleManager: Shutting down and abandoning module VisualStudioSourceCodeAccess (330)
[2019.01.06-18.04.08:735][923]LogModuleManager: Shutting down and abandoning module VisualStudioCodeSourceCodeAccess (328)
[2019.01.06-18.04.08:735][923]LogModuleManager: Shutting down and abandoning module UObjectPlugin (326)
[2019.01.06-18.04.08:736][923]LogModuleManager: Shutting down and abandoning module SubversionSourceControl (324)
[2019.01.06-18.04.08:736][923]LogModuleManager: Shutting down and abandoning module PerforceSourceControl (322)
[2019.01.06-18.04.08:736][923]LogModuleManager: Shutting down and abandoning module GitSourceControl (320)
[2019.01.06-18.04.08:737][923]LogModuleManager: Shutting down and abandoning module SourceControl (319)
[2019.01.06-18.04.08:737][923]LogModuleManager: Shutting down and abandoning module CLionSourceCodeAccess (316)
[2019.01.06-18.04.08:737][923]LogModuleManager: Shutting down and abandoning module LightPropagationVolumeEditor (314)
[2019.01.06-18.04.08:737][923]LogModuleManager: Shutting down and abandoning module PaperTiledImporter (312)
[2019.01.06-18.04.08:737][923]LogModuleManager: Shutting down and abandoning module PaperSpriteSheetImporter (310)
[2019.01.06-18.04.08:738][923]LogModuleManager: Shutting down and abandoning module Paper2DEditor (308)
[2019.01.06-18.04.08:738][923]LogModuleManager: Shutting down and abandoning module MeshPaint (307)
[2019.01.06-18.04.08:738][923]LogModuleManager: Shutting down and abandoning module RuntimePhysXCooking (302)
[2019.01.06-18.04.08:738][923]LogModuleManager: Shutting down and abandoning module PhysXVehiclesEditor (300)
[2019.01.06-18.04.08:738][923]LogModuleManager: Shutting down and abandoning module PhysXVehicles (298)
[2019.01.06-18.04.08:739][923]LogModuleManager: Shutting down and abandoning module OculusEditor (296)
[2019.01.06-18.04.08:739][923]LogModuleManager: Shutting down and abandoning module LocationServicesBPLibrary (294)
[2019.01.06-18.04.08:740][923]LogModuleManager: Shutting down and abandoning module ImmediatePhysicsEditor (292)
[2019.01.06-18.04.08:740][923]LogModuleManager: Shutting down and abandoning module ImmediatePhysics (290)
[2019.01.06-18.04.08:740][923]LogModuleManager: Shutting down and abandoning module ApexDestructionEditor (288)
[2019.01.06-18.04.08:741][923]LogModuleManager: Shutting down and abandoning module ApexDestruction (286)
[2019.01.06-18.04.08:741][923]LogModuleManager: Shutting down and abandoning module ActorSequence (284)
[2019.01.06-18.04.08:741][923]LogModuleManager: Shutting down and abandoning module UdpMessaging (282)
[2019.01.06-18.04.08:842][923]LogModuleManager: Shutting down and abandoning module TcpMessaging (280)
[2019.01.06-18.04.08:943][923]LogModuleManager: Shutting down and abandoning module MagicLeapAudio (278)
[2019.01.06-18.04.08:943][923]LogModuleManager: Shutting down and abandoning module GameplayTagsEditor (276)
[2019.01.06-18.04.08:943][923]LogModuleManager: Shutting down and abandoning module FacialAnimationEditor (274)
[2019.01.06-18.04.08:943][923]LogModuleManager: Shutting down and abandoning module FacialAnimation (272)
[2019.01.06-18.04.08:943][923]LogModuleManager: Shutting down and abandoning module DataValidation (270)
[2019.01.06-18.04.08:943][923]LogModuleManager: Shutting down and abandoning module AssetManagerEditor (268)
[2019.01.06-18.04.08:943][923]LogModuleManager: Shutting down and abandoning module LevelEditor (267)
[2019.01.06-18.04.08:944][923]LogModuleManager: Shutting down and abandoning module PixelInspectorModule (266)
[2019.01.06-18.04.08:945][923]LogModuleManager: Shutting down and abandoning module CommonMenuExtensions (264)
[2019.01.06-18.04.08:945][923]LogModuleManager: Shutting down and abandoning module MainFrame (262)
[2019.01.06-18.04.08:945][923]LogModuleManager: Shutting down and abandoning module HotReload (261)
[2019.01.06-18.04.08:946][923]LogModuleManager: Shutting down and abandoning module ContentBrowser (257)
[2019.01.06-18.04.08:948][923]LogModuleManager: Shutting down and abandoning module TreeMap (255)
[2019.01.06-18.04.08:948][923]LogModuleManager: Shutting down and abandoning module LightPropagationVolumeRuntime (252)
[2019.01.06-18.04.08:948][923]LogModuleManager: Shutting down and abandoning module AISupportModule (250)
[2019.01.06-18.04.08:949][923]LogModuleManager: Shutting down and abandoning module Paper2D (248)
[2019.01.06-18.04.08:949][923]LogModuleManager: Shutting down and abandoning module WindowsMoviePlayer (246)
[2019.01.06-18.04.08:950][923]LogModuleManager: Shutting down and abandoning module WmfMedia (244)
[2019.01.06-18.04.08:952][923]LogModuleManager: Shutting down and abandoning module Media (243)
[2019.01.06-18.04.08:959][923]LogModuleManager: Shutting down and abandoning module PacketHandler (240)
[2019.01.06-18.04.08:959][923]LogModuleManager: Shutting down and abandoning module ClothingSystemEditor (238)
[2019.01.06-18.04.08:959][923]LogModuleManager: Shutting down and abandoning module ClothingSystemRuntime (236)
[2019.01.06-18.04.08:959][923]LogModuleManager: Shutting down and abandoning module MediaAssets (234)
[2019.01.06-18.04.08:959][923]LogModuleManager: Shutting down and abandoning module Overlay (232)
[2019.01.06-18.04.08:959][923]LogModuleManager: Shutting down and abandoning module OverlayEditor (231)
[2019.01.06-18.04.08:959][923]LogModuleManager: Shutting down and abandoning module VREditor (228)
[2019.01.06-18.04.08:959][923]LogModuleManager: Shutting down and abandoning module StringTableEditor (226)
[2019.01.06-18.04.08:959][923]LogModuleManager: Shutting down and abandoning module GameplayTasksEditor (224)
[2019.01.06-18.04.08:960][923]LogModuleManager: Shutting down and abandoning module BehaviorTreeEditor (222)
[2019.01.06-18.04.08:960][923]LogModuleManager: Shutting down and abandoning module FunctionalTesting (220)
[2019.01.06-18.04.08:960][923]LogModuleManager: Shutting down and abandoning module CollisionAnalyzer (218)
[2019.01.06-18.04.08:960][923]LogModuleManager: Shutting down and abandoning module WorkspaceMenuStructure (217)
[2019.01.06-18.04.08:960][923]LogModuleManager: Shutting down and abandoning module UMG (214)
[2019.01.06-18.04.08:961][923]LogModuleManager: Shutting down and abandoning module UMGEditor (213)
[2019.01.06-18.04.08:961][923]LogModuleManager: Shutting down and abandoning module Sequencer (212)
[2019.01.06-18.04.08:962][923]LogModuleManager: Shutting down and abandoning module MessageLog (209)
[2019.01.06-18.04.08:962][923]LogModuleManager: Shutting down and abandoning module SlateReflector (204)
[2019.01.06-18.04.08:962][923]LogModuleManager: Shutting down and abandoning module Slate (202)
[2019.01.06-18.04.08:962][923]LogModuleManager: Shutting down and abandoning module EditorStyle (200)
[2019.01.06-18.04.08:964][923]LogModuleManager: Shutting down and abandoning module MRMesh (198)
[2019.01.06-18.04.08:964][923]LogModuleManager: Shutting down and abandoning module SourceCodeAccess (196)
[2019.01.06-18.04.08:964][923]LogModuleManager: Shutting down and abandoning module HeadMountedDisplay (194)
[2019.01.06-18.04.08:964][923]LogModuleManager: Shutting down and abandoning module XAudio2 (192)
[2019.01.06-18.04.08:965][923]LogModuleManager: Shutting down and abandoning module Networking (190)
[2019.01.06-18.04.08:965][923]LogModuleManager: Shutting down and abandoning module Core (188)
[2019.01.06-18.04.08:966][923]LogModuleManager: Shutting down and abandoning module LevelSequence (186)
[2019.01.06-18.04.08:967][923]LogModuleManager: Shutting down and abandoning module KismetCompiler (184)
[2019.01.06-18.04.08:967][923]LogModuleManager: Shutting down and abandoning module MeshUtilities (182)
[2019.01.06-18.04.08:967][923]LogModuleManager: Shutting down and abandoning module MeshMergeUtilities (181)
[2019.01.06-18.04.08:967][923]LogModuleManager: Shutting down and abandoning module MeshReductionInterface (180)
[2019.01.06-18.04.08:968][923]LogModuleManager: Shutting down and abandoning module SimplygonSwarm (179)
[2019.01.06-18.04.08:968][923]LogModuleManager: Shutting down and abandoning module ProxyLODMeshReduction (177)
[2019.01.06-18.04.08:969][923]LogModuleManager: Shutting down and abandoning module SimplygonMeshReduction (175)
[2019.01.06-18.04.08:969][923]LogModuleManager: Shutting down and abandoning module QuadricMeshReduction (173)
[2019.01.06-18.04.08:969][923]LogModuleManager: Shutting down and abandoning module MaterialBaking (169)
[2019.01.06-18.04.08:969][923]LogModuleManager: Shutting down and abandoning module DirectoryWatcher (165)
[2019.01.06-18.04.08:970][923]LogModuleManager: Shutting down and abandoning module DerivedDataCache (162)
[2019.01.06-18.04.09:024][923]LogDerivedDataCache: Shutdown
[2019.01.06-18.04.09:024][923]LogModuleManager: Shutting down and abandoning module XGEController (160)
[2019.01.06-18.04.09:024][923]LogXGEController: Cleaning working directory: C:/Users/c013767h.STUDENT/AppData/Local/Temp/UnrealXGEWorkingDir/
[2019.01.06-18.04.09:025][923]LogModuleManager: Shutting down and abandoning module TargetPlatform (158)
[2019.01.06-18.04.09:025][923]LogModuleManager: Shutting down and abandoning module VulkanShaderFormat (157)
[2019.01.06-18.04.09:025][923]LogModuleManager: Shutting down and abandoning module ShaderFormatVectorVM (155)
[2019.01.06-18.04.09:025][923]LogModuleManager: Shutting down and abandoning module ShaderFormatOpenGL (153)
[2019.01.06-18.04.09:026][923]LogModuleManager: Shutting down and abandoning module ShaderFormatD3D (151)
[2019.01.06-18.04.09:026][923]LogModuleManager: Shutting down and abandoning module MetalShaderFormat (149)
[2019.01.06-18.04.09:026][923]LogModuleManager: Shutting down and abandoning module TextureFormatUncompressed (147)
[2019.01.06-18.04.09:026][923]LogModuleManager: Shutting down and abandoning module TextureFormatPVR (145)
[2019.01.06-18.04.09:026][923]LogModuleManager: Shutting down and abandoning module TextureFormatDXT (143)
[2019.01.06-18.04.09:026][923]LogModuleManager: Shutting down and abandoning module TextureFormatIntelISPCTexComp (141)
[2019.01.06-18.04.09:028][923]LogModuleManager: Shutting down and abandoning module TextureFormatASTC (139)
[2019.01.06-18.04.09:028][923]LogModuleManager: Shutting down and abandoning module ImageWrapper (138)
[2019.01.06-18.04.09:028][923]LogModuleManager: Shutting down and abandoning module TextureFormatAndroid (135)
[2019.01.06-18.04.09:028][923]LogModuleManager: Shutting down and abandoning module AudioFormatOpus (133)
[2019.01.06-18.04.09:028][923]LogModuleManager: Shutting down and abandoning module AudioFormatOgg (131)
[2019.01.06-18.04.09:028][923]LogModuleManager: Shutting down and abandoning module AudioFormatADPCM (129)
[2019.01.06-18.04.09:028][923]LogModuleManager: Shutting down and abandoning module LuminTargetPlatform (127)
[2019.01.06-18.04.09:028][923]LogModuleManager: Shutting down and abandoning module LinuxTargetPlatform (125)
[2019.01.06-18.04.09:029][923]LogModuleManager: Shutting down and abandoning module LinuxServerTargetPlatform (123)
[2019.01.06-18.04.09:029][923]LogModuleManager: Shutting down and abandoning module LinuxNoEditorTargetPlatform (121)
[2019.01.06-18.04.09:029][923]LogModuleManager: Shutting down and abandoning module LinuxClientTargetPlatform (119)
[2019.01.06-18.04.09:029][923]LogModuleManager: Shutting down and abandoning module TVOSTargetPlatform (117)
[2019.01.06-18.04.09:030][923]LogModuleManager: Shutting down and abandoning module Messaging (115)
[2019.01.06-18.04.09:030][923]LogModuleManager: Shutting down and abandoning module IOSTargetPlatform (113)
[2019.01.06-18.04.09:032][923]LogModuleManager: Shutting down and abandoning module HTML5TargetPlatform (111)
[2019.01.06-18.04.09:032][923]LogModuleManager: Shutting down and abandoning module AndroidTargetPlatform (109)
[2019.01.06-18.04.09:040][923]LogModuleManager: Shutting down and abandoning module WindowsTargetPlatform (107)
[2019.01.06-18.04.09:040][923]LogModuleManager: Shutting down and abandoning module WindowsServerTargetPlatform (105)
[2019.01.06-18.04.09:040][923]LogModuleManager: Shutting down and abandoning module WindowsNoEditorTargetPlatform (103)
[2019.01.06-18.04.09:040][923]LogModuleManager: Shutting down and abandoning module WindowsClientTargetPlatform (101)
[2019.01.06-18.04.09:040][923]LogModuleManager: Shutting down and abandoning module MacTargetPlatform (99)
[2019.01.06-18.04.09:040][923]LogModuleManager: Shutting down and abandoning module MacServerTargetPlatform (97)
[2019.01.06-18.04.09:040][923]LogModuleManager: Shutting down and abandoning module MacNoEditorTargetPlatform (95)
[2019.01.06-18.04.09:041][923]LogModuleManager: Shutting down and abandoning module MacClientTargetPlatform (93)
[2019.01.06-18.04.09:041][923]LogModuleManager: Shutting down and abandoning module AllDesktopTargetPlatform (91)
[2019.01.06-18.04.09:042][923]LogModuleManager: Shutting down and abandoning module InputCore (88)
[2019.01.06-18.04.09:042][923]LogModuleManager: Shutting down and abandoning module Settings (86)
[2019.01.06-18.04.09:042][923]LogModuleManager: Shutting down and abandoning module PhysXCooking (84)
[2019.01.06-18.04.09:042][923]LogModuleManager: Shutting down and abandoning module SteamVR (82)
[2019.01.06-18.04.09:042][923]LogModuleManager: Shutting down and abandoning module OculusHMD (80)
[2019.01.06-18.04.09:042][923]LogModuleManager: Shutting down and abandoning module ExampleDeviceProfileSelector (78)
[2019.01.06-18.04.09:042][923]LogModuleManager: Shutting down and abandoning module LauncherChunkInstaller (76)
[2019.01.06-18.04.09:042][923]LogModuleManager: Shutting down and abandoning module OnlineBlueprintSupport (74)
[2019.01.06-18.04.09:043][923]LogModuleManager: Shutting down and abandoning module OnlineSubsystem (70)
[2019.01.06-18.04.09:044][923]LogModuleManager: Shutting down and abandoning module XMPP (65)
[2019.01.06-18.04.09:044][923]LogModuleManager: Shutting down and abandoning module WebSockets (64)
[2019.01.06-18.04.09:055][923]LogModuleManager: Shutting down and abandoning module HTTP (61)
[2019.01.06-18.04.09:055][923]LogHttp: Display: Http module shutting down, but needs to wait on 1 outstanding Http requests:
[2019.01.06-18.04.09:055][923]LogHttp: Display: 	verb=[POST] url=[https://datarouter.ol.epicgames.com/datarouter/api/v1/public/data?SessionID=%7BA831728D-4B92-B625-2989-AA9827E56E1C%7D&AppID=UEEditor.Rocket.Release&AppVersion=4.20.3-4369336%2B%2B%2BUE4%2BRelease-4.20&UserID=44c9e7594b135b8ff9f642ae472475c3%7C8ec15df8aecb4d8492a8af43ac10b70b%7C6859e6fe-a307-4c78-9b87-ec2884ab9362&AppEnvironment=datacollector-binary&UploadType=eteventstream] status=Processing
[2019.01.06-18.04.09:068][923]LogModuleManager: Shutting down and abandoning module SSL (60)
[2019.01.06-18.04.09:069][923]LogModuleManager: Shutting down and abandoning module MagicLeapEmulator (56)
[2019.01.06-18.04.09:070][923]LogModuleManager: Shutting down and abandoning module MagicLeapPrivileges (54)
[2019.01.06-18.04.09:070][923]LogModuleManager: Shutting down and abandoning module MagicLeapIdentity (52)
[2019.01.06-18.04.09:070][923]LogModuleManager: Shutting down and abandoning module MagicLeapHelperVulkan (50)
[2019.01.06-18.04.09:070][923]LogModuleManager: Shutting down and abandoning module MagicLeapHelperOpenGL (48)
[2019.01.06-18.04.09:070][923]LogModuleManager: Shutting down and abandoning module MagicLeapSecureStorage (46)
[2019.01.06-18.04.09:070][923]LogModuleManager: Shutting down and abandoning module MagicLeapGestures (44)
[2019.01.06-18.04.09:070][923]LogModuleManager: Shutting down and abandoning module MagicLeapEyeTracker (42)
[2019.01.06-18.04.09:070][923]LogModuleManager: Shutting down and abandoning module MagicLeapController (40)
[2019.01.06-18.04.09:070][923]LogSlate: Slate User Destroyed.  User Index 0, Is Virtual User: 0
[2019.01.06-18.04.09:071][923]LogModuleManager: Shutting down and abandoning module MagicLeap (38)
[2019.01.06-18.04.09:071][923]LogModuleManager: Shutting down and abandoning module AnimationModifiers (36)
[2019.01.06-18.04.09:071][923]LogModuleManager: Shutting down and abandoning module PropertyEditor (35)
[2019.01.06-18.04.09:074][923]LogModuleManager: Shutting down and abandoning module AudioEditor (32)
[2019.01.06-18.04.09:074][923]LogModuleManager: Shutting down and abandoning module TextureCompressor (30)
[2019.01.06-18.04.09:075][923]LogModuleManager: Shutting down and abandoning module ShaderCore (28)
[2019.01.06-18.04.09:075][923]LogModuleManager: Shutting down and abandoning module Landscape (26)
[2019.01.06-18.04.09:075][923]LogModuleManager: Shutting down and abandoning module SlateRHIRenderer (24)
[2019.01.06-18.04.09:076][923]LogModuleManager: Shutting down and abandoning module OpenGLDrv (22)
[2019.01.06-18.04.09:076][923]LogModuleManager: Shutting down and abandoning module D3D11RHI (20)
[2019.01.06-18.04.09:076][923]LogModuleManager: Shutting down and abandoning module AnimGraphRuntime (18)
[2019.01.06-18.04.09:076][923]LogModuleManager: Shutting down and abandoning module Renderer (16)
[2019.01.06-18.04.09:077][923]LogModuleManager: Shutting down and abandoning module Engine (14)
[2019.01.06-18.04.09:077][923]LogModuleManager: Shutting down and abandoning module CoreUObject (12)
[2019.01.06-18.04.09:077][923]LogModuleManager: Shutting down and abandoning module NetworkFile (10)
[2019.01.06-18.04.09:077][923]LogModuleManager: Shutting down and abandoning module CookedIterativeFile (8)
[2019.01.06-18.04.09:077][923]LogModuleManager: Shutting down and abandoning module StreamingFile (6)
[2019.01.06-18.04.09:077][923]LogModuleManager: Shutting down and abandoning module SandboxFile (4)
[2019.01.06-18.04.09:077][923]LogModuleManager: Shutting down and abandoning module PakFile (2)
[2019.01.06-18.04.09:106][923]LogExit: Exiting.
[2019.01.06-18.04.09:111][923]Log file closed, 01/06/19 18:04:09
