Log file open, 01/05/19 20:27:11
LogWindows: Failed to load 'aqProf.dll' (GetLastError=126)
LogWindows: File 'aqProf.dll' does not exist
LogWindows: Failed to load 'VSPerf140.dll' (GetLastError=126)
LogWindows: File 'VSPerf140.dll' does not exist
LogWindows: Failed to load 'VtuneApi.dll' (GetLastError=126)
LogWindows: File 'VtuneApi.dll' does not exist
LogWindows: Failed to load 'VtuneApi32e.dll' (GetLastError=126)
LogWindows: File 'VtuneApi32e.dll' does not exist
LogInit: Display: Running engine for game: PairProject
LogPlatformFile: Not using cached read wrapper
LogTaskGraph: Started task graph with 5 named threads and 35 total threads with 3 sets of task threads.
LogStats: Stats thread started at 0.543322
LogD3D11RHI: Loaded GFSDK_Aftermath_Lib.x64.dll
LogICUInternationalization: Display: ICU TimeZone Detection - Raw Offset: +0:00, Platform Override: ''
LogPluginManager: Mounting plugin Paper2D
LogPluginManager: Mounting plugin AISupport
LogPluginManager: Mounting plugin LightPropagationVolume
LogPluginManager: Mounting plugin CLionSourceCodeAccess
LogPluginManager: Mounting plugin CodeLiteSourceCodeAccess
LogPluginManager: Mounting plugin GitSourceControl
LogPluginManager: Mounting plugin KDevelopSourceCodeAccess
LogPluginManager: Mounting plugin NullSourceCodeAccess
LogPluginManager: Mounting plugin PerforceSourceControl
LogPluginManager: Mounting plugin SubversionSourceControl
LogPluginManager: Mounting plugin UObjectPlugin
LogPluginManager: Mounting plugin VisualStudioCodeSourceCodeAccess
LogPluginManager: Mounting plugin VisualStudioSourceCodeAccess
LogPluginManager: Mounting plugin XCodeSourceCodeAccess
LogPluginManager: Mounting plugin AssetManagerEditor
LogPluginManager: Mounting plugin CryptoKeys
LogPluginManager: Mounting plugin DataValidation
LogPluginManager: Mounting plugin FacialAnimation
LogPluginManager: Mounting plugin GameplayTagsEditor
LogPluginManager: Mounting plugin MacGraphicsSwitching
LogPluginManager: Mounting plugin MeshEditor
LogPluginManager: Mounting plugin MobileLauncherProfileWizard
LogPluginManager: Mounting plugin PluginBrowser
LogPluginManager: Mounting plugin SpeedTreeImporter
LogPluginManager: Mounting plugin DatasmithContent
LogPluginManager: Mounting plugin AlembicImporter
LogPluginManager: Mounting plugin AppleImageUtils
LogPluginManager: Mounting plugin AppleVision
LogPluginManager: Mounting plugin BackChannel
LogPluginManager: Mounting plugin CharacterAI
LogPluginManager: Mounting plugin GeometryCache
LogPluginManager: Mounting plugin HTML5Networking
LogPluginManager: Mounting plugin ProxyLODPlugin
LogPluginManager: Mounting plugin MagicLeap
LogPluginManager: Mounting plugin MagicLeapEmulator
LogPluginManager: Mounting plugin MagicLeapMedia
LogPluginManager: Mounting plugin AndroidMedia
LogPluginManager: Mounting plugin AvfMedia
LogPluginManager: Mounting plugin ImgMedia
LogPluginManager: Mounting plugin LinearTimecode
LogPluginManager: Mounting plugin MediaCompositing
LogPluginManager: Mounting plugin MediaPlayerEditor
LogPluginManager: Mounting plugin WmfMedia
LogPluginManager: Mounting plugin TcpMessaging
LogPluginManager: Mounting plugin UdpMessaging
LogPluginManager: Mounting plugin ActorSequence
LogPluginManager: Mounting plugin LevelSequenceEditor
LogPluginManager: Mounting plugin MatineeToLevelSequence
LogPluginManager: Mounting plugin NetcodeUnitTest
LogPluginManager: Mounting plugin NUTUnrealEngine4
LogPluginManager: Mounting plugin OnlineSubsystemGooglePlay
LogPluginManager: Mounting plugin OnlineSubsystemIOS
LogPluginManager: Mounting plugin OnlineSubsystem
LogPluginManager: Mounting plugin OnlineSubsystemNull
LogPluginManager: Mounting plugin OnlineSubsystemUtils
LogPluginManager: Mounting plugin LauncherChunkInstaller
LogPluginManager: Mounting plugin AndroidDeviceProfileSelector
LogPluginManager: Mounting plugin AndroidMoviePlayer
LogPluginManager: Mounting plugin AndroidPermission
LogPluginManager: Mounting plugin ApexDestruction
LogPluginManager: Mounting plugin AppleMoviePlayer
LogPluginManager: Mounting plugin ArchVisCharacter
LogPluginManager: Mounting plugin AudioCapture
LogPluginManager: Mounting plugin CableComponent
LogPluginManager: Mounting plugin CustomMeshComponent
LogPluginManager: Mounting plugin EditableMesh
LogPluginManager: Mounting plugin ExampleDeviceProfileSelector
LogPluginManager: Mounting plugin GoogleCloudMessaging
LogPluginManager: Mounting plugin ImmediatePhysics
LogPluginManager: Mounting plugin IOSDeviceProfileSelector
LogPluginManager: Mounting plugin LinuxDeviceProfileSelector
LogPluginManager: Mounting plugin LocationServicesBPLibrary
LogPluginManager: Mounting plugin MobilePatchingUtils
LogPluginManager: Mounting plugin OculusVR
LogPluginManager: Plugin shader directory ../../../Engine/Plugins/Runtime/Oculus/OculusVR/Shaders found
LogPluginManager: Mapping shader source directory ../../../Engine/Plugins/Runtime/Oculus/OculusVR/Shaders to virtual directory /Plugin/OculusVR
LogPluginManager: Mounting plugin PhysXVehicles
LogPluginManager: Mounting plugin ProceduralMeshComponent
LogPluginManager: Mounting plugin RuntimePhysXCooking
LogPluginManager: Mounting plugin SteamVR
LogPluginManager: Mounting plugin WindowsMoviePlayer
LogStreaming: Display: Took  0.185s to configure plugins.
LogInit: Using libcurl 7.55.1-DEV
LogInit:  - built for x86_64-pc-win32
LogInit:  - supports SSL with OpenSSL/1.0.2h
LogInit:  - supports HTTP deflate (compression) using libz 1.2.8
LogInit:  - other features:
LogInit:      CURL_VERSION_SSL
LogInit:      CURL_VERSION_LIBZ
LogInit:      CURL_VERSION_IPV6
LogInit:      CURL_VERSION_ASYNCHDNS
LogInit:      CURL_VERSION_LARGEFILE
LogInit:      CURL_VERSION_IDN
LogInit:  CurlRequestOptions (configurable via config and command line):
LogInit:  - bVerifyPeer = false  - Libcurl will NOT verify peer certificate
LogInit:  - bUseHttpProxy = false  - Libcurl will NOT use HTTP proxy
LogInit:  - bDontReuseConnections = false  - Libcurl will reuse connections
LogInit:  - CertBundlePath = nullptr  - Libcurl will use whatever was configured at build time.
LogInit:  - MaxHostConnections = 16  - Libcurl will limit the number of connections to a host
LogInit:  - LocalHostAddr = Default
LogInit:  - BufferSize = 65536
LogInit: WinSock: version 1.1 (2.2), MaxSocks=32767, MaxUdp=65467
LogInit: Build: ++UE4+Release-4.20-CL-4369336
LogInit: Engine Version: 4.20.3-4369336+++UE4+Release-4.20
LogInit: Compatible Engine Version: 4.20.0-4212847+++UE4+Release-4.20
LogInit: Net CL: 4212847
LogInit: OS: Windows 10 (), CPU: Intel(R) Core(TM) i7-8700K CPU @ 3.70GHz, GPU: NVIDIA GeForce GTX 950
LogInit: Compiled (64-bit): Sep 17 2018 12:26:19
LogInit: Compiled with Visual C++: 19.13.26129.00
LogInit: Build Configuration: Development
LogInit: Branch Name: ++UE4+Release-4.20
LogInit: Command Line:  -skipcompile
LogInit: Base Directory: D:/Program Files (x86)/UE_4.20/Engine/Binaries/Win64/
LogInit: Installed Engine Build: 1
LogDevObjectVersion: Number of dev versions registered: 20
LogDevObjectVersion:   Dev-Blueprints (B0D832E4-1F89-4F0D-ACCF-7EB736FD4AA2): 10
LogDevObjectVersion:   Dev-Build (E1C64328-A22C-4D53-A36C-8E866417BD8C): 0
LogDevObjectVersion:   Dev-Core (375EC13C-06E4-48FB-B500-84F0262A717E): 2
LogDevObjectVersion:   Dev-Editor (E4B068ED-F494-42E9-A231-DA0B2E46BB41): 24
LogDevObjectVersion:   Dev-Framework (CFFC743F-43B0-4480-9391-14DF171D2073): 34
LogDevObjectVersion:   Dev-Mobile (B02B49B5-BB20-44E9-A304-32B752E40360): 2
LogDevObjectVersion:   Dev-Networking (A4E4105C-59A1-49B5-A7C5-40C4547EDFEE): 0
LogDevObjectVersion:   Dev-Online (39C831C9-5AE6-47DC-9A44-9C173E1C8E7C): 0
LogDevObjectVersion:   Dev-Physics (78F01B33-EBEA-4F98-B9B4-84EACCB95AA2): 0
LogDevObjectVersion:   Dev-Platform (6631380F-2D4D-43E0-8009-CF276956A95A): 0
LogDevObjectVersion:   Dev-Rendering (12F88B9F-8875-4AFC-A67C-D90C383ABD29): 26
LogDevObjectVersion:   Dev-Sequencer (7B5AE74C-D270-4C10-A958-57980B212A5A): 9
LogDevObjectVersion:   Dev-VR (D7296918-1DD6-4BDD-9DE2-64A83CC13884): 2
LogDevObjectVersion:   Dev-LoadTimes (C2A15278-BFE7-4AFE-6C17-90FF531DF755): 1
LogDevObjectVersion:   Private-Geometry (6EACA3D4-40EC-4CC1-B786-8BED09428FC5): 3
LogDevObjectVersion:   Dev-AnimPhys (29E575DD-E0A3-4627-9D10-D276232CDCEA): 17
LogDevObjectVersion:   Dev-ReflectionCapture (6B266CEC-1EC7-4B8F-A30B-E4D90942FC07): 1
LogDevObjectVersion:   Dev-Automation (0DF73D61-A23F-47EA-B727-89E90C41499A): 1
LogDevObjectVersion:   FortniteMain (601D1886-AC64-4F84-AA16-D3DE0DEAC7D6): 12
LogDevObjectVersion:   Dev-Enterprise (9DFFBCD6-494F-0158-E221-12823C92A888): 1
LogStreaming: Display: Took  0.002s to delete old logs.
LogInit: Presizing for max 8388607 objects, including 0 objects not considered by GC, pre-allocating 0 bytes for permanent pool.
LogInit: Object subsystem initialized
[2019.01.05-20.27.11:662][  0]LogInit: Selected Device Profile: [Windows]
[2019.01.05-20.27.11:662][  0]LogInit: Applying CVar settings loaded from the selected device profile: [Windows]
[2019.01.05-20.27.11:678][  0]LogHAL: Display: Platform has ~ 16 GB [17132584960 / 17179869184 / 16], which maps to Larger [LargestMinGB=32, LargerMinGB=12, DefaultMinGB=8, SmallerMinGB=6, SmallestMinGB=0)
[2019.01.05-20.27.11:678][  0]LogInit: Setting Device Profile CVar: [[r.Vulkan.UseRealUBs:1]]
[2019.01.05-20.27.11:678][  0]LogInit: Going up to parent DeviceProfile []
[2019.01.05-20.27.11:679][  0]LogInit: Computer: DESKTOP-D8L6EI8
[2019.01.05-20.27.11:679][  0]LogInit: User: h017026h
[2019.01.05-20.27.11:679][  0]LogInit: CPU Page size=4096, Cores=6
[2019.01.05-20.27.11:679][  0]LogInit: High frequency timer resolution =3.609380 MHz
[2019.01.05-20.27.11:679][  0]LogMemory: Memory total: Physical=16.0GB (16GB approx)
[2019.01.05-20.27.11:679][  0]LogMemory: Platform Memory Stats for Windows
[2019.01.05-20.27.11:679][  0]LogMemory: Process Physical Memory: 104.48 MB used, 104.48 MB peak
[2019.01.05-20.27.11:679][  0]LogMemory: Process Virtual Memory: 88.39 MB used, 88.39 MB peak
[2019.01.05-20.27.11:680][  0]LogMemory: Physical Memory: 8227.09 MB used,  8111.82 MB free, 16338.91 MB total
[2019.01.05-20.27.11:680][  0]LogMemory: Virtual Memory: 4655.16 MB used,  8111.82 MB free, 134217728.00 MB total
[2019.01.05-20.27.11:769][  0]LogInit: Using OS detected language (en-GB).
[2019.01.05-20.27.11:769][  0]LogInit: Using OS detected locale (en-GB).
[2019.01.05-20.27.11:770][  0]LogTextLocalizationManager: No specific localization for 'en-GB' exists, so the 'en' localization will be used.
[2019.01.05-20.27.12:115][  0]LogStreaming: Display: Took  0.346s to InitEngineTextLocalization.
[2019.01.05-20.27.12:115][  0]LogInit: Setting process to per monitor DPI aware
[2019.01.05-20.27.12:162][  0]LogSlate: New Slate User Created.  User Index 0, Is Virtual User: 0
[2019.01.05-20.27.12:162][  0]LogSlate: Slate User Registered.  User Index 0, Is Virtual User: 0
[2019.01.05-20.27.12:454][  0]LogHMD: Failed to initialize OpenVR with code 110
[2019.01.05-20.27.12:455][  0]LogD3D11RHI: D3D11 adapters:
[2019.01.05-20.27.12:529][  0]LogD3D11RHI:    0. 'NVIDIA GeForce GTX 950' (Feature Level 11_0)
[2019.01.05-20.27.12:529][  0]LogD3D11RHI:       2007/0/8169 MB DedicatedVideo/DedicatedSystem/SharedSystem, Outputs:1, VendorId:0x10de
[2019.01.05-20.27.12:532][  0]LogD3D11RHI:    1. 'Microsoft Basic Render Driver' (Feature Level 11_0)
[2019.01.05-20.27.12:532][  0]LogD3D11RHI:       0/0/8169 MB DedicatedVideo/DedicatedSystem/SharedSystem, Outputs:0, VendorId:0x1414
[2019.01.05-20.27.12:533][  0]LogD3D11RHI: Chosen D3D11 Adapter: 0
[2019.01.05-20.27.12:539][  0]LogD3D11RHI: Creating new Direct3DDevice
[2019.01.05-20.27.12:539][  0]LogD3D11RHI:     GPU DeviceId: 0x1402 (for the marketing name, search the web for "GPU Device Id")
[2019.01.05-20.27.12:539][  0]LogWindows: EnumDisplayDevices:
[2019.01.05-20.27.12:539][  0]LogWindows:    0. 'NVIDIA GeForce GTX 950' (P:1 D:1)
[2019.01.05-20.27.12:540][  0]LogWindows:    1. 'NVIDIA GeForce GTX 950' (P:0 D:0)
[2019.01.05-20.27.12:540][  0]LogWindows:    2. 'NVIDIA GeForce GTX 950' (P:0 D:0)
[2019.01.05-20.27.12:540][  0]LogWindows:    3. 'NVIDIA GeForce GTX 950' (P:0 D:0)
[2019.01.05-20.27.12:540][  0]LogWindows: DebugString: FoundDriverCount:4 
[2019.01.05-20.27.12:540][  0]LogD3D11RHI:     Adapter Name: NVIDIA GeForce GTX 950
[2019.01.05-20.27.12:541][  0]LogD3D11RHI:   Driver Version: 399.07 (internal:24.21.13.9907, unified:399.07)
[2019.01.05-20.27.12:541][  0]LogD3D11RHI:      Driver Date: 8-21-2018
[2019.01.05-20.27.12:541][  0]LogRHI: Texture pool is 1405 MB (70% of 2007 MB)
[2019.01.05-20.27.12:580][  0]LogD3D11RHI: Async texture creation enabled
[2019.01.05-20.27.12:613][  0]LogD3D11RHI: GPU Timing Frequency: 1000.000000 (Debug: 2 2)
[2019.01.05-20.27.12:661][  0]LogShaderCompilers: Guid format shader working directory is -28 characters bigger than the processId version (../../../../../Users/h017026h/Documents/GitKraken/TGPPairProject/PairProject/Intermediate/Shaders/WorkingDirectory/20412/).
[2019.01.05-20.27.12:662][  0]LogShaderCompilers: Cleaned the shader compiler working directory 'C:/Users/h017026h/AppData/Local/Temp/UnrealShaderWorkingDir/E9B6E2B94DB87891009B0DB491BFA098/'.
[2019.01.05-20.27.12:910][  0]LogTemp: Display: Loaded TP AllDesktopTargetPlatform
[2019.01.05-20.27.12:925][  0]LogTemp: Display: Loaded TP MacClientTargetPlatform
[2019.01.05-20.27.12:939][  0]LogTemp: Display: Loaded TP MacNoEditorTargetPlatform
[2019.01.05-20.27.12:952][  0]LogTemp: Display: Loaded TP MacServerTargetPlatform
[2019.01.05-20.27.12:965][  0]LogTemp: Display: Loaded TP MacTargetPlatform
[2019.01.05-20.27.12:979][  0]LogTemp: Display: Loaded TP WindowsClientTargetPlatform
[2019.01.05-20.27.12:993][  0]LogTemp: Display: Loaded TP WindowsNoEditorTargetPlatform
[2019.01.05-20.27.13:009][  0]LogTemp: Display: Loaded TP WindowsServerTargetPlatform
[2019.01.05-20.27.13:016][  0]LogTemp: Display: Loaded TP WindowsTargetPlatform
[2019.01.05-20.27.13:108][  0]LogTemp: Display: Loaded TP AndroidTargetPlatform
[2019.01.05-20.27.13:108][  0]LogTemp: Display: Loaded TP AndroidTargetPlatform
[2019.01.05-20.27.13:108][  0]LogTemp: Display: Loaded TP AndroidTargetPlatform
[2019.01.05-20.27.13:109][  0]LogTemp: Display: Loaded TP AndroidTargetPlatform
[2019.01.05-20.27.13:109][  0]LogTemp: Display: Loaded TP AndroidTargetPlatform
[2019.01.05-20.27.13:109][  0]LogTemp: Display: Loaded TP AndroidTargetPlatform
[2019.01.05-20.27.13:109][  0]LogTemp: Display: Loaded TP AndroidTargetPlatform
[2019.01.05-20.27.13:109][  0]LogTemp: Display: Loaded TP AndroidTargetPlatform
[2019.01.05-20.27.13:109][  0]LogTemp: Display: Loaded TP AndroidTargetPlatform
[2019.01.05-20.27.13:109][  0]LogTemp: Display: Loaded TP AndroidTargetPlatform
[2019.01.05-20.27.13:109][  0]LogTemp: Display: Loaded TP AndroidTargetPlatform
[2019.01.05-20.27.13:109][  0]LogTemp: Display: Loaded TP AndroidTargetPlatform
[2019.01.05-20.27.13:109][  0]LogTemp: Display: Loaded TP AndroidTargetPlatform
[2019.01.05-20.27.13:109][  0]LogTemp: Display: Loaded TP AndroidTargetPlatform
[2019.01.05-20.27.13:109][  0]LogTemp: Display: Loaded TP AndroidTargetPlatform
[2019.01.05-20.27.13:109][  0]LogTemp: Display: Loaded TP AndroidTargetPlatform
[2019.01.05-20.27.13:110][  0]LogTemp: Display: Loaded TP AndroidTargetPlatform
[2019.01.05-20.27.13:110][  0]LogTemp: Display: Loaded TP AndroidTargetPlatform
[2019.01.05-20.27.13:113][  0]LogTemp: Display: Loaded TP HTML5TargetPlatform
[2019.01.05-20.27.13:183][  0]LogTemp: Display: Loaded TP IOSTargetPlatform
[2019.01.05-20.27.13:183][  0]LogTemp: Display: Loaded TP IOSTargetPlatform
[2019.01.05-20.27.13:207][  0]LogTemp: Display: Loaded TP TVOSTargetPlatform
[2019.01.05-20.27.13:207][  0]LogTemp: Display: Loaded TP TVOSTargetPlatform
[2019.01.05-20.27.13:222][  0]LogTemp: Display: Loaded TP LinuxClientTargetPlatform
[2019.01.05-20.27.13:235][  0]LogTemp: Display: Loaded TP LinuxNoEditorTargetPlatform
[2019.01.05-20.27.13:247][  0]LogTemp: Display: Loaded TP LinuxServerTargetPlatform
[2019.01.05-20.27.13:261][  0]LogTemp: Display: Loaded TP LinuxTargetPlatform
[2019.01.05-20.27.13:272][  0]LogTemp: Display: Loaded TP LuminTargetPlatform
[2019.01.05-20.27.13:272][  0]LogTargetPlatformManager: Display: Building Assets For Windows
[2019.01.05-20.27.13:362][  0]LogXGEController: Cleaning working directory: C:/Users/h017026h/AppData/Local/Temp/UnrealXGEWorkingDir/
[2019.01.05-20.27.13:362][  0]LogXGEController: Cannot use XGE Controller as Incredibuild is not installed on this machine.
[2019.01.05-20.27.13:362][  0]LogShaderCompilers: Cannot use XGE Shader Compiler as Incredibuild is not installed on this machine.
[2019.01.05-20.27.13:363][  0]LogShaderCompilers: Display: Using Local Shader Compiler.
[2019.01.05-20.27.14:024][  0]LogDerivedDataCache: Display: Max Cache Size: 512 MB
[2019.01.05-20.27.14:080][  0]LogDerivedDataCache: Loaded boot cache 0.06s 71MB C:/Users/h017026h/AppData/Local/UnrealEngine/4.20/DerivedDataCache/Boot.ddc.
[2019.01.05-20.27.14:081][  0]LogDerivedDataCache: Display: Loaded Boot cache: C:/Users/h017026h/AppData/Local/UnrealEngine/4.20/DerivedDataCache/Boot.ddc
[2019.01.05-20.27.14:081][  0]LogDerivedDataCache: FDerivedDataBackendGraph:  Pak pak cache file ../../../../../Users/h017026h/Documents/GitKraken/TGPPairProject/PairProject/DerivedDataCache/DDC.ddp not found, will not use a pak cache.
[2019.01.05-20.27.14:081][  0]LogDerivedDataCache: Unable to find inner node Pak for hierarchical cache Hierarchy.
[2019.01.05-20.27.14:081][  0]LogDerivedDataCache: FDerivedDataBackendGraph:  CompressedPak pak cache file ../../../../../Users/h017026h/Documents/GitKraken/TGPPairProject/PairProject/DerivedDataCache/Compressed.ddp not found, will not use a pak cache.
[2019.01.05-20.27.14:081][  0]LogDerivedDataCache: Unable to find inner node CompressedPak for hierarchical cache Hierarchy.
[2019.01.05-20.27.14:092][  0]LogDerivedDataCache: Display: Pak cache opened for reading ../../../Engine/DerivedDataCache/Compressed.ddp.
[2019.01.05-20.27.14:104][  0]LogDerivedDataCache: Using Local data cache path C:/Users/h017026h/AppData/Local/UnrealEngine/Common/DerivedDataCache: Writable
[2019.01.05-20.27.14:104][  0]LogDerivedDataCache: Shared data cache path not found in *engine.ini, will not use an Shared cache.
[2019.01.05-20.27.14:104][  0]LogDerivedDataCache: Unable to find inner node Shared for hierarchical cache Hierarchy.
[2019.01.05-20.27.14:123][  0]LogMaterial: Verifying Global Shaders for PCD3D_SM5
[2019.01.05-20.27.14:125][  0]LogSlate: Using FreeType 2.6.0
[2019.01.05-20.27.14:125][  0]LogSlate: SlateFontServices - WITH_FREETYPE: 1, WITH_HARFBUZZ: 1
[2019.01.05-20.27.14:211][  0]LogAssetRegistry: FAssetRegistry took 0.0299 seconds to start up
[2019.01.05-20.27.14:514][  0]LogInit: Selected Device Profile: [Windows]
[2019.01.05-20.27.14:649][  0]LogSimplygon: Simplygon DLL not present - disabling.
[2019.01.05-20.27.14:656][  0]LogMeshReduction: Using SimplygonSwarm for distributed automatic mesh merging
[2019.01.05-20.27.14:656][  0]LogMeshReduction: Using ProxyLODMeshReduction for automatic mesh merging
[2019.01.05-20.27.14:656][  0]LogMeshReduction: Using QuadricMeshReduction for automatic static mesh reduction
[2019.01.05-20.27.14:656][  0]LogMeshReduction: No automatic skeletal mesh reduction module available
[2019.01.05-20.27.14:669][  0]LogNetVersion: PairProject 1.0.0, NetCL: 4212847, EngineNetVer: 5, GameNetVer: 0 (Checksum: 2248716754)
[2019.01.05-20.27.15:206][  0]LogPackageLocalizationCache: Processed 11 localized package path(s) for 2 prioritized culture(s) in 0.186415 seconds
[2019.01.05-20.27.15:213][  0]LogUObjectArray: 38425 objects as part of root set at end of initial load.
[2019.01.05-20.27.15:213][  0]LogUObjectAllocator: 6690872 out of 0 bytes used by permanent object pool.
[2019.01.05-20.27.15:213][  0]LogUObjectArray: CloseDisregardForGC: 0/0 objects in disregard for GC pool
[2019.01.05-20.27.16:190][  0]LogTcpMessaging: Initializing TcpMessaging bridge
[2019.01.05-20.27.16:206][  0]LogUdpMessaging: Initializing bridge on interface 0.0.0.0:0 to multicast group 230.0.0.1:6666.
[2019.01.05-20.27.16:430][  0]SourceControl: Source control is disabled
[2019.01.05-20.27.16:431][  0]SourceControl: Source control is disabled
[2019.01.05-20.27.16:433][  0]SourceControl: Source control is disabled
[2019.01.05-20.27.16:436][  0]SourceControl: Source control is disabled
[2019.01.05-20.27.16:671][  0]LogAndroidPermission: UAndroidPermissionCallbackProxy::GetInstance
[2019.01.05-20.27.16:782][  0]LogOcInput: OculusInput pre-init called
[2019.01.05-20.27.16:848][  0]LogEngine: Initializing Engine...
[2019.01.05-20.27.16:849][  0]LogHMD: Failed to initialize OpenVR with code 110
[2019.01.05-20.27.16:851][  0]LogStats: UGameplayTagsManager::ConstructGameplayTagTree: ImportINI prefixes -  0.000 s
[2019.01.05-20.27.16:851][  0]LogStats: UGameplayTagsManager::ConstructGameplayTagTree: Construct from data asset -  0.000 s
[2019.01.05-20.27.16:851][  0]LogStats: UGameplayTagsManager::ConstructGameplayTagTree: ImportINI -  0.000 s
[2019.01.05-20.27.16:851][  0]LogStats: UGameplayTagsManager::ConstructGameplayTagTree: GameplayTagTreeChangedEvent.Broadcast -  0.000 s
[2019.01.05-20.27.17:045][  0]LogInit: Initializing FReadOnlyCVARCache
[2019.01.05-20.27.17:057][  0]LogAIModule: Creating AISystem for world Untitled
[2019.01.05-20.27.17:083][  0]LogInit: XAudio2 using 'Headset Earphone (Corsair VOID PRO USB Gaming Headset)' : 6 channels at 48 kHz using 16 bits per sample (channel mask 0x3f)
[2019.01.05-20.27.17:202][  0]LogInit: FAudioDevice initialized.
[2019.01.05-20.27.17:203][  0]LogNetVersion: Set ProjectVersion to 1.0.0.0. Version Checksum will be recalculated on next use.
[2019.01.05-20.27.17:275][  0]LogDerivedDataCache: Saved boot cache 0.07s 71MB C:/Users/h017026h/AppData/Local/UnrealEngine/4.20/DerivedDataCache/Boot.ddc.
[2019.01.05-20.27.17:278][  0]LogInit: Texture streaming: Enabled
[2019.01.05-20.27.17:299][  0]LogEngineSessionManager: EngineSessionManager initialized
[2019.01.05-20.27.17:308][  0]LogInit: Transaction tracking system initialized
[2019.01.05-20.27.17:335][  0]BlueprintLog: New page: Editor Load
[2019.01.05-20.27.17:442][  0]LocalizationService: Localization service is disabled
[2019.01.05-20.27.17:718][  0]LogCook: Display: Max memory allowance for cook 16384mb min free memory 0mb
[2019.01.05-20.27.17:719][  0]LogCook: Display: Mobile HDR setting 1
[2019.01.05-20.27.17:719][  0]LogGameplayTags: Display: UGameplayTagsManager::DoneAddingNativeTags. DelegateIsBound: 0
[2019.01.05-20.27.17:719][  0]LogStats: UGameplayTagsManager::ConstructGameplayTagTree: ImportINI prefixes -  0.000 s
[2019.01.05-20.27.17:719][  0]LogStats: UGameplayTagsManager::ConstructGameplayTagTree: Construct from data asset -  0.000 s
[2019.01.05-20.27.17:719][  0]LogStats: UGameplayTagsManager::ConstructGameplayTagTree: ImportINI -  0.000 s
[2019.01.05-20.27.17:719][  0]LogStats: UGameplayTagsManager::ConstructGameplayTagTree: GameplayTagTreeChangedEvent.Broadcast -  0.000 s
[2019.01.05-20.27.17:873][  0]LogFileCache: Scanning file cache for directory 'D:/Users/h017026h/Documents/GitKraken/TGPPairProject/PairProject/Content/' took 0.02s
[2019.01.05-20.27.17:874][  0]SourceControl: Source control is disabled
[2019.01.05-20.27.17:874][  0]Cmd: MAP LOAD FILE="../../../../../Users/h017026h/Documents/GitKraken/TGPPairProject/PairProject/Content/Scenes/StartScreen.umap" TEMPLATE=0 SHOWPROGRESS=1 FEATURELEVEL=3
[2019.01.05-20.27.17:874][  0]LightingResults: New page: Lighting Build
[2019.01.05-20.27.17:876][  0]MapCheck: New page: Map Check
[2019.01.05-20.27.17:876][  0]LightingResults: New page: Lighting Build
[2019.01.05-20.27.17:974][  0]LogAIModule: Creating AISystem for world StartScreen
[2019.01.05-20.27.17:975][  0]LogEditorServer: Finished looking for orphan Actors (0.000 secs)
[2019.01.05-20.27.17:995][  0]Cmd: MAP CHECKDEP NOCLEARLOG
[2019.01.05-20.27.18:049][  0]MapCheck: Map check complete: 0 Error(s), 0 Warning(s), took 53.131ms to complete.
[2019.01.05-20.27.18:049][  0]LogFileHelpers: Loading map 'StartScreen' took 0.174
[2019.01.05-20.27.18:151][  0]LogSlate: Updating window title bar state: overlay mode, drag disabled, window buttons hidden, title bar hidden
[2019.01.05-20.27.18:158][  0]LogSlate: Updating window title bar state: overlay mode, drag disabled, window buttons hidden, title bar hidden
[2019.01.05-20.27.18:166][  0]LogSlate: Updating window title bar state: overlay mode, drag disabled, window buttons hidden, title bar hidden
[2019.01.05-20.27.18:175][  0]LogSlate: Updating window title bar state: overlay mode, drag disabled, window buttons hidden, title bar hidden
[2019.01.05-20.27.18:182][  0]LogCollectionManager: Loaded 0 collections in 0.001436 seconds
[2019.01.05-20.27.18:227][  0]LogFileCache: Scanning file cache for directory 'D:/Users/h017026h/Documents/GitKraken/TGPPairProject/PairProject/Saved/Collections/' took 0.01s
[2019.01.05-20.27.18:227][  0]LogFileCache: Scanning file cache for directory 'D:/Users/h017026h/Documents/GitKraken/TGPPairProject/PairProject/Content/Developers/h017026h/Collections/' took 0.01s
[2019.01.05-20.27.18:227][  0]LogFileCache: Scanning file cache for directory 'D:/Users/h017026h/Documents/GitKraken/TGPPairProject/PairProject/Content/Collections/' took 0.01s
[2019.01.05-20.27.18:227][  0]LogCollectionManager: Rebuilt the GUID cache for 0 collections in 0.000001 seconds
[2019.01.05-20.27.18:236][  0]LogContentBrowser: Native class hierarchy populated in 0.0083 seconds. Added 2594 classes and 611 folders.
[2019.01.05-20.27.18:240][  0]LogContentBrowser: Native class hierarchy updated for 'WidgetCarousel' in 0.0004 seconds. Added 0 classes and 0 folders.
[2019.01.05-20.27.18:300][  0]LogContentBrowser: Native class hierarchy updated for 'AddContentDialog' in 0.0005 seconds. Added 0 classes and 0 folders.
[2019.01.05-20.27.18:307][  0]LogContentBrowser: Native class hierarchy updated for 'SceneOutliner' in 0.0007 seconds. Added 1 classes and 2 folders.
[2019.01.05-20.27.18:354][  0]LogContentBrowser: Native class hierarchy updated for 'HierarchicalLODOutliner' in 0.0006 seconds. Added 0 classes and 0 folders.
[2019.01.05-20.27.18:354][  0]LogLoad: (Engine Initialization) Total time: 9.16 seconds
[2019.01.05-20.27.18:354][  0]LogLoad: (Engine Initialization) Total Blueprint compile time: 0.00 seconds
[2019.01.05-20.27.18:366][  0]LogWindowsTextInputMethodSystem: Display: IME system now deactivated.
[2019.01.05-20.27.18:386][  0]LogContentStreaming: Texture pool size now 1000 MB
[2019.01.05-20.27.18:388][  0]LogSlate: Took 0.000303 seconds to synchronously load lazily loaded font '../../../Engine/Content/Slate/Fonts/Roboto-Regular.ttf' (155K)
[2019.01.05-20.27.18:390][  0]LogSlate: Took 0.000314 seconds to synchronously load lazily loaded font '../../../Engine/Content/Slate/Fonts/Roboto-Bold.ttf' (160K)
[2019.01.05-20.27.18:394][  0]LogSlate: Took 0.000343 seconds to synchronously load lazily loaded font '../../../Engine/Content/Editor/Slate/Fonts/FontAwesome.ttf' (139K)
[2019.01.05-20.27.18:487][  0]LogRenderer: Reallocating scene render targets to support 1028x408 Format 10 NumSamples 1 (Frame:1).
[2019.01.05-20.27.18:525][  0]LogSlate: Took 0.000255 seconds to synchronously load lazily loaded font '../../../Engine/Content/Slate/Fonts/Roboto-Light.ttf' (167K)
[2019.01.05-20.27.18:566][  1]LogAssetRegistry: Asset discovery search completed in 4.3784 seconds
[2019.01.05-20.27.18:568][  1]LogCollectionManager: Rebuilt the object cache for 0 collections in 0.000001 seconds (found 0 objects)
[2019.01.05-20.27.18:568][  1]LogCollectionManager: Fixed up redirectors for 0 collections in 0.000127 seconds (updated 0 objects)
[2019.01.05-20.27.22:398][441]LogRenderer: Reallocating scene render targets to support 1028x468 Format 10 NumSamples 1 (Frame:4).
[2019.01.05-20.27.32:923][487]LogSlate: FSceneViewport::OnFocusLost() reason 0
[2019.01.05-20.27.38:021][ 35]LogSlate: Took 0.000256 seconds to synchronously load lazily loaded font '../../../Engine/Content/Slate/Fonts/Roboto-Light.ttf' (167K)
[2019.01.05-20.27.38:028][ 35]LogAssetEditorManager: Opening Asset editor for Blueprint /Game/Blueprints/Character_BPs/MyLinkCharacter.MyLinkCharacter
[2019.01.05-20.27.38:395][ 35]LogContentBrowser: Native class hierarchy updated for 'BlueprintGraph' in 0.0006 seconds. Added 116 classes and 0 folders.
[2019.01.05-20.27.39:061][ 35]LogSlate: Took 0.000326 seconds to synchronously load lazily loaded font '../../../Engine/Content/Slate/Fonts/Roboto-BoldCondensed.ttf' (158K)
[2019.01.05-20.27.39:147][ 36]LogSlate: Took 0.000227 seconds to synchronously load lazily loaded font '../../../Engine/Content/Slate/Fonts/Roboto-Italic.ttf' (157K)
[2019.01.05-20.28.18:870][979]LogRenderer: Reallocating scene render targets to support 1028x696 Format 10 NumSamples 1 (Frame:1).
[2019.01.05-20.28.24:565][590]LogSlate: FSceneViewport::OnFocusLost() reason 0
[2019.01.05-20.28.31:398][407]LogSlate: FSceneViewport::OnFocusLost() reason 0
[2019.01.05-20.28.43:454][191]LogSlate: FSceneViewport::OnFocusLost() reason 0
[2019.01.05-20.28.52:401][897]LogSlate: FSceneViewport::OnFocusLost() reason 2
[2019.01.05-20.31.03:242][590]LogSlate: Window 'Save Asset As' being destroyed
[2019.01.05-20.31.13:780][244]LogAssetEditorManager: Opening Asset editor for TextureRenderTarget2D /Game/UIs/MiniMapTexture2D.MiniMapTexture2D
[2019.01.05-20.31.13:827][244]LogContentBrowser: Native class hierarchy updated for 'TextureEditor' in 0.0005 seconds. Added 1 classes and 2 folders.
[2019.01.05-20.31.22:307][535]LogSlate: Window 'MiniMapTexture2D*' being destroyed
[2019.01.05-20.31.22:310][535]LogSlate: Window 'MiniMapTexture2D*' being destroyed
[2019.01.05-20.31.27:970][186]LogEditorViewport: Clicking Background
[2019.01.05-20.31.27:996][187]LogSlate: FSceneViewport::OnFocusLost() reason 2
[2019.01.05-20.31.30:702][510]LogMaterial: Display: Missing cached shader map for material MiniMapTexture2D_Mat, compiling. 
[2019.01.05-20.31.30:745][510]LogShaderCompilers: Display: Shaders left to compile 22
[2019.01.05-20.31.30:746][510]LogShaderCompilers: Display: Shaders left to compile 12
[2019.01.05-20.31.30:746][510]LogShaderCompilers: Display: Shaders left to compile 2
[2019.01.05-20.31.30:746][510]LogSlate: FSceneViewport::OnFocusLost() reason 2
[2019.01.05-20.31.43:526][175]BlueprintLog: New page: Compile MyLinkCharacter
[2019.01.05-20.31.44:338][236]LogSavePackage: Moving '../../../../../Users/h017026h/Documents/GitKraken/TGPPairProject/PairProject/Saved/MyLinkCharacterE4D507904A8FF9560E74888823417408.tmp' to '../../../../../Users/h017026h/Documents/GitKraken/TGPPairProject/PairProject/Content/Blueprints/Character_BPs/MyLinkCharacter.uasset'
[2019.01.05-20.31.56:650][708]LogAssetEditorManager: Opening Asset editor for WidgetBlueprint /Game/UIs/Map_Overlay.Map_Overlay
[2019.01.05-20.32.07:928][237]LogAssetEditorManager: Opening Asset editor for Material /Game/UIs/MiniMapTexture2D_Mat.MiniMapTexture2D_Mat
[2019.01.05-20.32.07:953][237]LogMaterial: Display: Missing cached shader map for material MiniMapTexture2D_Mat, compiling. 
[2019.01.05-20.32.08:342][237]LogMaterial: Display: Missing cached shader map for material MiniMapTexture2D_Mat, compiling. 
[2019.01.05-20.32.08:365][237]LogShaderCompilers: Display: Shaders left to compile 21
[2019.01.05-20.32.08:365][237]LogShaderCompilers: Display: Shaders left to compile 20
[2019.01.05-20.32.08:366][237]LogShaderCompilers: Display: Shaders left to compile 19
[2019.01.05-20.32.08:366][237]LogShaderCompilers: Display: Shaders left to compile 18
[2019.01.05-20.32.08:366][237]LogShaderCompilers: Display: Shaders left to compile 17
[2019.01.05-20.32.08:366][237]LogShaderCompilers: Display: Shaders left to compile 16
[2019.01.05-20.32.08:366][237]LogShaderCompilers: Display: Shaders left to compile 15
[2019.01.05-20.32.08:366][237]LogShaderCompilers: Display: Shaders left to compile 14
[2019.01.05-20.32.08:369][237]LogMaterial: Display: Missing cached shader map for material MiniMapTexture2D_Mat, compiling. 
[2019.01.05-20.32.08:415][237]LogMaterial: Display: Missing cached shader map for material FMatExpressionPreview MaterialExpressionTextureSample_0, compiling. 
[2019.01.05-20.32.09:040][278]LogShaderCompilers: Display: Shaders left to compile 23
[2019.01.05-20.32.09:065][280]LogShaderCompilers: Display: Shaders left to compile 22
[2019.01.05-20.32.09:076][281]LogShaderCompilers: Display: Shaders left to compile 21
[2019.01.05-20.32.09:076][281]LogShaderCompilers: Display: Shaders left to compile 20
[2019.01.05-20.32.09:107][284]LogShaderCompilers: Display: Shaders left to compile 19
[2019.01.05-20.32.09:117][285]LogShaderCompilers: Display: Shaders left to compile 18
[2019.01.05-20.32.09:127][286]LogShaderCompilers: Display: Shaders left to compile 17
[2019.01.05-20.32.09:138][287]LogShaderCompilers: Display: Shaders left to compile 16
[2019.01.05-20.32.09:284][299]LogShaderCompilers: Display: Shaders left to compile 15
[2019.01.05-20.32.09:284][299]LogShaderCompilers: Display: Shaders left to compile 14
[2019.01.05-20.32.09:306][301]LogShaderCompilers: Display: Shaders left to compile 13
[2019.01.05-20.32.09:319][302]LogShaderCompilers: Display: Shaders left to compile 12
[2019.01.05-20.32.09:320][302]LogShaderCompilers: Display: Shaders left to compile 11
[2019.01.05-20.32.09:320][302]LogShaderCompilers: Display: Shaders left to compile 10
[2019.01.05-20.32.09:340][304]LogShaderCompilers: Display: Shaders left to compile 9
[2019.01.05-20.32.09:340][304]LogShaderCompilers: Display: Shaders left to compile 8
[2019.01.05-20.32.09:453][315]LogShaderCompilers: Display: Shaders left to compile 7
[2019.01.05-20.32.09:599][325]LogShaderCompilers: Display: Shaders left to compile 6
[2019.01.05-20.32.09:654][329]LogShaderCompilers: Display: Shaders left to compile 5
[2019.01.05-20.32.09:801][341]LogShaderCompilers: Display: Shaders left to compile 4
[2019.01.05-20.32.09:802][341]LogShaderCompilers: Display: Shaders left to compile 3
[2019.01.05-20.32.09:840][344]LogShaderCompilers: Display: Shaders left to compile 2
[2019.01.05-20.32.09:860][346]LogShaderCompilers: Display: Shaders left to compile 1
[2019.01.05-20.32.10:192][381]MaterialEditorStats: Base pass shader: 102 instructions
[2019.01.05-20.32.10:192][381]MaterialEditorStats: Base pass shader with Volumetric Lightmap: 175 instructions
[2019.01.05-20.32.10:192][381]MaterialEditorStats: Base pass vertex shader: 36 instructions
[2019.01.05-20.32.10:192][381]MaterialEditorStats: Texture samplers: 4/16
[2019.01.05-20.32.10:193][381]MaterialEditorStats: Texture Lookups (Est.): VS(0), PS(1)
[2019.01.05-20.32.10:193][381]MaterialEditorStats: User interpolators: 2/4 Scalars (1/4 Vectors) (TexCoords: 2, Custom: 0)
[2019.01.05-20.32.14:195][860]LogSlate: Window 'MiniMapTexture2D_Mat*' being destroyed
[2019.01.05-20.32.14:199][860]LogSlate: Window 'MiniMapTexture2D_Mat*' being destroyed
[2019.01.05-20.32.54:662][108]LogSlate: Window 'Save Asset As' being destroyed
[2019.01.05-20.32.57:315][215]LogSlate: Window 'Save Asset As' being destroyed
[2019.01.05-20.32.59:877][340]LogSlate: Window 'Save Asset As' being destroyed
[2019.01.05-20.33.25:788][411]LogMaterial: Display: Missing cached shader map for material MiniMapTexture2D_Mat, compiling. 
[2019.01.05-20.33.25:805][412]LogShaderCompilers: Display: Shaders left to compile 14
[2019.01.05-20.33.25:805][412]LogShaderCompilers: Display: Shaders left to compile 4
[2019.01.05-20.34.41:019][532]LogTemp: Repeating last play command: Selected Viewport
[2019.01.05-20.34.41:048][532]LogBlueprintUserMessages: Early PlayInEditor Detection: Level '/Game/Scenes/StartScreen.StartScreen:PersistentLevel' has LevelScriptBlueprint '/Game/Scenes/StartScreen.StartScreen:PersistentLevel.StartScreen' with GeneratedClass '/Game/Scenes/StartScreen.StartScreen_C' with ClassGeneratedBy '/Game/Scenes/StartScreen.StartScreen:PersistentLevel.StartScreen'
[2019.01.05-20.34.41:048][532]BlueprintLog: New page: Pre-Play auto-recompile
[2019.01.05-20.34.41:059][532]LogPlayLevel: [PlayLevel] Compiling Map_Overlay before play...
[2019.01.05-20.34.41:251][532]LogPlayLevel: PlayLevel: Blueprint regeneration took 202 ms (1 blueprints)
[2019.01.05-20.34.41:264][532]PIE: New page: PIE session: StartScreen (5 Jan 2019 20:34:41)
[2019.01.05-20.34.41:265][532]LogPlayLevel: Creating play world package: /Game/Scenes/UEDPIE_0_StartScreen
[2019.01.05-20.34.41:266][532]LogPlayLevel: PIE: StaticDuplicateObject took: (0.001702s)
[2019.01.05-20.34.41:267][532]LogAIModule: Creating AISystem for world StartScreen
[2019.01.05-20.34.41:267][532]LogPlayLevel: PIE: World Init took: (0.000766s)
[2019.01.05-20.34.41:267][532]LogPlayLevel: PIE: Created PIE world by copying editor world from /Game/Scenes/StartScreen.StartScreen to /Game/Scenes/UEDPIE_0_StartScreen.StartScreen (0.002783s)
[2019.01.05-20.34.41:303][532]LogInit: XAudio2 using 'Headset Earphone (Corsair VOID PRO USB Gaming Headset)' : 6 channels at 48 kHz using 16 bits per sample (channel mask 0x3f)
[2019.01.05-20.34.41:403][532]LogInit: FAudioDevice initialized.
[2019.01.05-20.34.41:409][532]LogSlate: Updating window title bar state: overlay mode, drag disabled, window buttons hidden, title bar hidden
[2019.01.05-20.34.41:466][532]LogLoad: Game class is 'TestGameMode_C'
[2019.01.05-20.34.41:467][532]LogWorld: Bringing World /Game/Scenes/UEDPIE_0_StartScreen.StartScreen up for play (max tick rate 0) at 2019.01.05-20.34.41
[2019.01.05-20.34.41:467][532]LogWorld: Bringing up level for play took: 0.000657
[2019.01.05-20.34.41:481][532]LogGameMode: FindPlayerStart: PATHS NOT DEFINED or NO PLAYERSTART with positive rating
[2019.01.05-20.34.41:484][532]LogContentBrowser: Native class hierarchy updated for 'MovieSceneCapture' in 0.0004 seconds. Added 10 classes and 0 folders.
[2019.01.05-20.34.41:484][532]LogGameMode: Display: Match State Changed from EnteringMap to WaitingToStart
[2019.01.05-20.34.41:484][532]LogGameState: Match State Changed from EnteringMap to WaitingToStart
[2019.01.05-20.34.41:485][532]LogGameMode: Display: Match State Changed from WaitingToStart to InProgress
[2019.01.05-20.34.41:486][532]LogGameState: Match State Changed from WaitingToStart to InProgress
[2019.01.05-20.34.41:487][532]PIE: Play in editor start time for /Game/Scenes/UEDPIE_0_StartScreen 0.316
[2019.01.05-20.34.41:488][532]LogBlueprintUserMessages: Late PlayInEditor Detection: Level '/Game/Scenes/StartScreen.StartScreen:PersistentLevel' has LevelScriptBlueprint '/Game/Scenes/StartScreen.StartScreen:PersistentLevel.StartScreen' with GeneratedClass '/Game/Scenes/StartScreen.StartScreen_C' with ClassGeneratedBy '/Game/Scenes/StartScreen.StartScreen:PersistentLevel.StartScreen'
[2019.01.05-20.34.41:556][532]LogRenderer: Reallocating scene render targets to support 1292x756 Format 10 NumSamples 1 (Frame:1).
[2019.01.05-20.34.44:500][878]LogGameMode: Display: Match State Changed from InProgress to LeavingMap
[2019.01.05-20.34.44:500][878]LogGameState: Match State Changed from InProgress to LeavingMap
[2019.01.05-20.34.44:501][878]LogNet: Browse: /Game/Scenes/CameraTestScene
[2019.01.05-20.34.44:501][878]LogLoad: LoadMap: /Game/Scenes/CameraTestScene
[2019.01.05-20.34.45:620][878]LogAIModule: Creating AISystem for world CameraTestScene
[2019.01.05-20.34.45:621][878]LogLoad: Game class is 'TestGameMode_C'
[2019.01.05-20.34.45:635][878]LogWorld: Bringing World /Game/Scenes/UEDPIE_0_CameraTestScene.CameraTestScene up for play (max tick rate 0) at 2019.01.05-20.34.45
[2019.01.05-20.34.45:636][878]LogWorld: Bringing up level for play took: 0.013797
[2019.01.05-20.34.45:636][878]LogGameMode: FindPlayerStart: PATHS NOT DEFINED or NO PLAYERSTART with positive rating
[2019.01.05-20.34.45:637][878]LogGameMode: Display: Match State Changed from EnteringMap to WaitingToStart
[2019.01.05-20.34.45:637][878]LogGameState: Match State Changed from EnteringMap to WaitingToStart
[2019.01.05-20.34.45:637][878]LogGameMode: Display: Match State Changed from WaitingToStart to InProgress
[2019.01.05-20.34.45:638][878]LogActor: Warning: MyBiggoronKnifeWeapon_C /Game/Scenes/UEDPIE_0_CameraTestScene.CameraTestScene:PersistentLevel.MyBiggoronKnifeWeapon_C_0 has natively added scene component(s), but none of them were set as the actor's RootComponent - picking one arbitrarily
[2019.01.05-20.34.45:639][878]LogActor: Warning: MyBPBasePlayerWeapon_C /Game/Scenes/UEDPIE_0_CameraTestScene.CameraTestScene:PersistentLevel.MyBPBasePlayerWeapon_C_0 has natively added scene component(s), but none of them were set as the actor's RootComponent - picking one arbitrarily
[2019.01.05-20.34.45:640][878]LogGameState: Match State Changed from WaitingToStart to InProgress
[2019.01.05-20.34.45:640][878]LogLoad: Took 1.139120 seconds to LoadMap(/Game/Scenes/CameraTestScene)
[2019.01.05-20.34.45:649][878]LogSlate: Took 0.002894 seconds to synchronously load lazily loaded font '../../../Engine/Content/SlateDebug/Fonts/LastResort.ttf' (5269K)
[2019.01.05-20.34.45:684][879]LogCharacterMovement: Warning: GetSimulationTimeStep() - Max iterations 8 hit while remaining time 0.062043 > MaxSimulationTimeStep (0.050) for 'MyImpaCharacter_17', movement 'Walking'
[2019.01.05-20.34.51:637][591]LogBlueprintUserMessages: Early EndPlayMap Detection: Level '/Game/Scenes/StartScreen.StartScreen:PersistentLevel' has LevelScriptBlueprint '/Game/Scenes/StartScreen.StartScreen:PersistentLevel.StartScreen' with GeneratedClass '/Game/Scenes/StartScreen.StartScreen_C' with ClassGeneratedBy '/Game/Scenes/StartScreen.StartScreen:PersistentLevel.StartScreen'
[2019.01.05-20.34.51:637][591]LogSlate: Updating window title bar state: overlay mode, drag disabled, window buttons hidden, title bar hidden
[2019.01.05-20.34.51:660][591]LogSlate: Window 'PairProject Game Preview Standalone (64-bit/PCD3D_SM5)' being destroyed
[2019.01.05-20.34.51:704][591]LogPlayLevel: Display: Shutting down PIE online subsystems
[2019.01.05-20.34.51:704][591]LogBlueprintUserMessages: Late EndPlayMap Detection: Level '/Game/Scenes/StartScreen.StartScreen:PersistentLevel' has LevelScriptBlueprint '/Game/Scenes/StartScreen.StartScreen:PersistentLevel.StartScreen' with GeneratedClass '/Game/Scenes/StartScreen.StartScreen_C' with ClassGeneratedBy '/Game/Scenes/StartScreen.StartScreen:PersistentLevel.StartScreen'
[2019.01.05-20.34.51:755][592]LogPlayLevel: Display: Destroying online subsystem :Context_7
[2019.01.05-20.34.58:068][170]LogSlate: Window 'Save Asset As' being destroyed
[2019.01.05-20.35.13:362][789]LogSlate: Window 'Delete Assets' being destroyed
[2019.01.05-20.35.23:253][968]LogAssetEditorManager: Opening Asset editor for TextureRenderTarget2D /Game/UIs/MiniMapTexture2D.MiniMapTexture2D
[2019.01.05-20.35.35:420][540]LogSlate: Window 'MiniMapTexture2D*' being destroyed
[2019.01.05-20.35.51:737][448]LogAssetEditorManager: Opening Asset editor for TextureRenderTarget2D /Game/UIs/MiniMapRenderTarget.MiniMapRenderTarget
[2019.01.05-20.35.56:555][983]LogSlate: Window 'MiniMapRenderTarget*' being destroyed
[2019.01.05-20.35.56:559][983]LogSlate: Window 'MiniMapRenderTarget*' being destroyed
[2019.01.05-20.35.59:443][129]LogSlate: Window 'Delete Assets' being destroyed
[2019.01.05-20.36.05:233][668]LogSlate: Window 'Delete Assets' being destroyed
[2019.01.05-20.36.09:590][791]LogAssetEditorManager: Opening Asset editor for TextureRenderTarget2D /Game/UIs/MiniMapTexture2D.MiniMapTexture2D
[2019.01.05-20.36.14:784][397]LogSlate: FSceneViewport::OnFocusLost() reason 2
[2019.01.05-20.37.51:788][144]Cmd: OBJ SAVEPACKAGE PACKAGE="/Game/UIs/MiniMapTexture2D" FILE="../../../../../Users/h017026h/Documents/GitKraken/TGPPairProject/PairProject/Content/UIs/MiniMapTexture2D.uasset" SILENT=true
[2019.01.05-20.37.51:801][144]LogSavePackage: Moving '../../../../../Users/h017026h/Documents/GitKraken/TGPPairProject/PairProject/Saved/MiniMapTexture2DAC97D6874B5E319892E627B738DABA87.tmp' to '../../../../../Users/h017026h/Documents/GitKraken/TGPPairProject/PairProject/Content/UIs/MiniMapTexture2D.uasset'
[2019.01.05-20.37.52:578][235]LogSlate: Window 'MiniMapTexture2D' being destroyed
[2019.01.05-20.38.38:653][886]LogSavePackage: Moving '../../../../../Users/h017026h/Documents/GitKraken/TGPPairProject/PairProject/Saved/MyLinkCharacterC4598C464CF4B1DED01E34934DC4F7ED.tmp' to '../../../../../Users/h017026h/Documents/GitKraken/TGPPairProject/PairProject/Content/Blueprints/Character_BPs/MyLinkCharacter.uasset'
[2019.01.05-20.38.48:517][871]LogTemp: Repeating last play command: Selected Viewport
[2019.01.05-20.38.48:545][871]LogBlueprintUserMessages: Early PlayInEditor Detection: Level '/Game/Scenes/StartScreen.StartScreen:PersistentLevel' has LevelScriptBlueprint '/Game/Scenes/StartScreen.StartScreen:PersistentLevel.StartScreen' with GeneratedClass '/Game/Scenes/StartScreen.StartScreen_C' with ClassGeneratedBy '/Game/Scenes/StartScreen.StartScreen:PersistentLevel.StartScreen'
[2019.01.05-20.38.48:545][871]BlueprintLog: New page: Pre-Play auto-recompile
[2019.01.05-20.38.48:562][871]LogPlayLevel: [PlayLevel] Compiling Map_Overlay before play...
[2019.01.05-20.38.48:749][871]LogPlayLevel: PlayLevel: Blueprint regeneration took 204 ms (1 blueprints)
[2019.01.05-20.38.48:749][871]PIE: New page: PIE session: StartScreen (5 Jan 2019 20:38:48)
[2019.01.05-20.38.48:750][871]LogPlayLevel: Creating play world package: /Game/Scenes/UEDPIE_0_StartScreen
[2019.01.05-20.38.48:751][871]LogPlayLevel: PIE: StaticDuplicateObject took: (0.001054s)
[2019.01.05-20.38.48:752][871]LogAIModule: Creating AISystem for world StartScreen
[2019.01.05-20.38.48:752][871]LogPlayLevel: PIE: World Init took: (0.001140s)
[2019.01.05-20.38.48:752][871]LogPlayLevel: PIE: Created PIE world by copying editor world from /Game/Scenes/StartScreen.StartScreen to /Game/Scenes/UEDPIE_0_StartScreen.StartScreen (0.002543s)
[2019.01.05-20.38.48:788][871]LogInit: XAudio2 using 'Headset Earphone (Corsair VOID PRO USB Gaming Headset)' : 6 channels at 48 kHz using 16 bits per sample (channel mask 0x3f)
[2019.01.05-20.38.48:892][871]LogInit: FAudioDevice initialized.
[2019.01.05-20.38.48:926][871]LogLoad: Game class is 'TestGameMode_C'
[2019.01.05-20.38.48:927][871]LogWorld: Bringing World /Game/Scenes/UEDPIE_0_StartScreen.StartScreen up for play (max tick rate 0) at 2019.01.05-20.38.48
[2019.01.05-20.38.48:927][871]LogWorld: Bringing up level for play took: 0.000565
[2019.01.05-20.38.48:941][871]LogGameMode: Display: Match State Changed from EnteringMap to WaitingToStart
[2019.01.05-20.38.48:941][871]LogGameState: Match State Changed from EnteringMap to WaitingToStart
[2019.01.05-20.38.48:941][871]LogGameMode: Display: Match State Changed from WaitingToStart to InProgress
[2019.01.05-20.38.48:942][871]LogGameState: Match State Changed from WaitingToStart to InProgress
[2019.01.05-20.38.48:942][871]PIE: Play in editor start time for /Game/Scenes/UEDPIE_0_StartScreen -0.229
[2019.01.05-20.38.48:943][871]LogBlueprintUserMessages: Late PlayInEditor Detection: Level '/Game/Scenes/StartScreen.StartScreen:PersistentLevel' has LevelScriptBlueprint '/Game/Scenes/StartScreen.StartScreen:PersistentLevel.StartScreen' with GeneratedClass '/Game/Scenes/StartScreen.StartScreen_C' with ClassGeneratedBy '/Game/Scenes/StartScreen.StartScreen:PersistentLevel.StartScreen'
[2019.01.05-20.38.51:879][221]LogGameMode: Display: Match State Changed from InProgress to LeavingMap
[2019.01.05-20.38.51:880][221]LogGameState: Match State Changed from InProgress to LeavingMap
[2019.01.05-20.38.51:880][221]LogNet: Browse: /Game/Scenes/CameraTestScene
[2019.01.05-20.38.51:880][221]LogLoad: LoadMap: /Game/Scenes/CameraTestScene
[2019.01.05-20.38.52:141][221]LogAIModule: Creating AISystem for world CameraTestScene
[2019.01.05-20.38.52:142][221]LogLoad: Game class is 'TestGameMode_C'
[2019.01.05-20.38.52:153][221]LogWorld: Bringing World /Game/Scenes/UEDPIE_0_CameraTestScene.CameraTestScene up for play (max tick rate 0) at 2019.01.05-20.38.52
[2019.01.05-20.38.52:154][221]LogWorld: Bringing up level for play took: 0.011397
[2019.01.05-20.38.52:155][221]LogGameMode: FindPlayerStart: PATHS NOT DEFINED or NO PLAYERSTART with positive rating
[2019.01.05-20.38.52:155][221]LogGameMode: Display: Match State Changed from EnteringMap to WaitingToStart
[2019.01.05-20.38.52:155][221]LogGameState: Match State Changed from EnteringMap to WaitingToStart
[2019.01.05-20.38.52:155][221]LogGameMode: Display: Match State Changed from WaitingToStart to InProgress
[2019.01.05-20.38.52:157][221]LogActor: Warning: MyBiggoronKnifeWeapon_C /Game/Scenes/UEDPIE_0_CameraTestScene.CameraTestScene:PersistentLevel.MyBiggoronKnifeWeapon_C_0 has natively added scene component(s), but none of them were set as the actor's RootComponent - picking one arbitrarily
[2019.01.05-20.38.52:157][221]LogActor: Warning: MyBPBasePlayerWeapon_C /Game/Scenes/UEDPIE_0_CameraTestScene.CameraTestScene:PersistentLevel.MyBPBasePlayerWeapon_C_0 has natively added scene component(s), but none of them were set as the actor's RootComponent - picking one arbitrarily
[2019.01.05-20.38.52:158][221]LogGameState: Match State Changed from WaitingToStart to InProgress
[2019.01.05-20.38.52:158][221]LogLoad: Took 0.278819 seconds to LoadMap(/Game/Scenes/CameraTestScene)
[2019.01.05-20.38.59:498][ 99]LogBlueprintUserMessages: Early EndPlayMap Detection: Level '/Game/Scenes/StartScreen.StartScreen:PersistentLevel' has LevelScriptBlueprint '/Game/Scenes/StartScreen.StartScreen:PersistentLevel.StartScreen' with GeneratedClass '/Game/Scenes/StartScreen.StartScreen_C' with ClassGeneratedBy '/Game/Scenes/StartScreen.StartScreen:PersistentLevel.StartScreen'
[2019.01.05-20.38.59:498][ 99]LogSlate: Updating window title bar state: overlay mode, drag disabled, window buttons hidden, title bar hidden
[2019.01.05-20.38.59:532][ 99]LogPlayLevel: Display: Shutting down PIE online subsystems
[2019.01.05-20.38.59:532][ 99]LogBlueprintUserMessages: Late EndPlayMap Detection: Level '/Game/Scenes/StartScreen.StartScreen:PersistentLevel' has LevelScriptBlueprint '/Game/Scenes/StartScreen.StartScreen:PersistentLevel.StartScreen' with GeneratedClass '/Game/Scenes/StartScreen.StartScreen_C' with ClassGeneratedBy '/Game/Scenes/StartScreen.StartScreen:PersistentLevel.StartScreen'
[2019.01.05-20.38.59:563][ 99]LogSlate: Updating window title bar state: overlay mode, drag disabled, window buttons hidden, title bar hidden
[2019.01.05-20.38.59:603][101]LogPlayLevel: Display: Destroying online subsystem :Context_8
[2019.01.05-20.39.14:998][222]LogSlate: FSceneViewport::OnFocusLost() reason 0
[2019.01.05-20.39.33:692][457]LogMaterial: Display: Missing cached shader map for material MiniMapTexture2D_Mat, compiling. 
[2019.01.05-20.39.33:710][458]LogShaderCompilers: Display: Shaders left to compile 22
[2019.01.05-20.39.33:710][458]LogShaderCompilers: Display: Shaders left to compile 12
[2019.01.05-20.39.33:710][458]LogShaderCompilers: Display: Shaders left to compile 2
[2019.01.05-20.39.36:470][771]LogAssetEditorManager: Opening Asset editor for Material /Game/UIs/MiniMapTexture2D_Mat.MiniMapTexture2D_Mat
[2019.01.05-20.39.36:472][771]LogMaterial: Display: Missing cached shader map for material MiniMapTexture2D_Mat, compiling. 
[2019.01.05-20.39.36:538][771]LogMaterial: Display: Missing cached shader map for material MiniMapTexture2D_Mat, compiling. 
[2019.01.05-20.39.36:551][771]LogMaterial: Display: Missing cached shader map for material MiniMapTexture2D_Mat, compiling. 
[2019.01.05-20.39.36:567][771]LogShaderCompilers: Display: Shaders left to compile 21
[2019.01.05-20.39.36:567][771]LogShaderCompilers: Display: Shaders left to compile 20
[2019.01.05-20.39.36:567][771]LogShaderCompilers: Display: Shaders left to compile 19
[2019.01.05-20.39.36:567][771]LogShaderCompilers: Display: Shaders left to compile 18
[2019.01.05-20.39.36:567][771]LogShaderCompilers: Display: Shaders left to compile 17
[2019.01.05-20.39.36:567][771]LogShaderCompilers: Display: Shaders left to compile 16
[2019.01.05-20.39.36:567][771]LogShaderCompilers: Display: Shaders left to compile 15
[2019.01.05-20.39.36:568][771]LogShaderCompilers: Display: Shaders left to compile 14
[2019.01.05-20.39.36:597][771]LogMaterial: Display: Missing cached shader map for material FMatExpressionPreview MaterialExpressionTextureSample_0, compiling. 
[2019.01.05-20.39.36:781][775]LogShaderCompilers: Display: Shaders left to compile 15
[2019.01.05-20.39.36:790][776]LogShaderCompilers: Display: Shaders left to compile 14
[2019.01.05-20.39.36:790][776]LogShaderCompilers: Display: Shaders left to compile 13
[2019.01.05-20.39.36:922][791]LogShaderCompilers: Display: Shaders left to compile 12
[2019.01.05-20.39.37:201][815]LogShaderCompilers: Display: Shaders left to compile 11
[2019.01.05-20.39.37:214][816]LogShaderCompilers: Display: Shaders left to compile 10
[2019.01.05-20.39.37:241][818]LogShaderCompilers: Display: Shaders left to compile 9
[2019.01.05-20.39.37:252][819]LogShaderCompilers: Display: Shaders left to compile 8
[2019.01.05-20.39.37:263][820]LogShaderCompilers: Display: Shaders left to compile 7
[2019.01.05-20.39.37:294][823]LogShaderCompilers: Display: Shaders left to compile 6
[2019.01.05-20.39.37:305][824]LogShaderCompilers: Display: Shaders left to compile 5
[2019.01.05-20.39.37:316][825]LogShaderCompilers: Display: Shaders left to compile 4
[2019.01.05-20.39.37:512][840]LogShaderCompilers: Display: Shaders left to compile 3
[2019.01.05-20.39.37:601][845]LogShaderCompilers: Display: Shaders left to compile 2
[2019.01.05-20.39.37:679][851]LogShaderCompilers: Display: Shaders left to compile 1
[2019.01.05-20.39.37:829][863]MaterialEditorStats: Base pass shader: 102 instructions
[2019.01.05-20.39.37:830][863]MaterialEditorStats: Base pass shader with Volumetric Lightmap: 175 instructions
[2019.01.05-20.39.37:830][863]MaterialEditorStats: Base pass vertex shader: 36 instructions
[2019.01.05-20.39.37:830][863]MaterialEditorStats: Texture samplers: 4/16
[2019.01.05-20.39.37:830][863]MaterialEditorStats: Texture Lookups (Est.): VS(0), PS(1)
[2019.01.05-20.39.37:830][863]MaterialEditorStats: User interpolators: 2/4 Scalars (1/4 Vectors) (TexCoords: 2, Custom: 0)
[2019.01.05-20.39.45:099][729]LogMaterial: Display: Missing cached shader map for material MiniMapTexture2D_Mat, compiling. 
[2019.01.05-20.39.45:118][729]LogShaderCompilers: Display: Shaders left to compile 21
[2019.01.05-20.39.45:118][729]LogShaderCompilers: Display: Shaders left to compile 20
[2019.01.05-20.39.45:118][729]LogShaderCompilers: Display: Shaders left to compile 19
[2019.01.05-20.39.45:119][729]LogShaderCompilers: Display: Shaders left to compile 18
[2019.01.05-20.39.45:119][729]LogShaderCompilers: Display: Shaders left to compile 17
[2019.01.05-20.39.45:119][729]LogShaderCompilers: Display: Shaders left to compile 16
[2019.01.05-20.39.45:119][729]LogShaderCompilers: Display: Shaders left to compile 15
[2019.01.05-20.39.45:119][729]LogShaderCompilers: Display: Shaders left to compile 14
[2019.01.05-20.39.45:119][729]LogMaterial: Display: Missing cached shader map for material FMatExpressionPreview MaterialExpressionTextureSample_0, compiling. 
[2019.01.05-20.39.45:326][744]LogShaderCompilers: Display: Shaders left to compile 15
[2019.01.05-20.39.45:364][747]LogShaderCompilers: Display: Shaders left to compile 14
[2019.01.05-20.39.45:364][747]LogShaderCompilers: Display: Shaders left to compile 13
[2019.01.05-20.39.45:376][748]LogShaderCompilers: Display: Shaders left to compile 12
[2019.01.05-20.39.45:376][748]LogShaderCompilers: Display: Shaders left to compile 11
[2019.01.05-20.39.45:397][750]LogShaderCompilers: Display: Shaders left to compile 10
[2019.01.05-20.39.45:397][750]LogShaderCompilers: Display: Shaders left to compile 9
[2019.01.05-20.39.45:398][750]LogShaderCompilers: Display: Shaders left to compile 8
[2019.01.05-20.39.45:500][761]LogShaderCompilers: Display: Shaders left to compile 7
[2019.01.05-20.39.45:649][772]LogShaderCompilers: Display: Shaders left to compile 6
[2019.01.05-20.39.45:695][775]LogShaderCompilers: Display: Shaders left to compile 5
[2019.01.05-20.39.45:813][784]LogShaderCompilers: Display: Shaders left to compile 4
[2019.01.05-20.39.45:855][787]LogShaderCompilers: Display: Shaders left to compile 3
[2019.01.05-20.39.45:882][789]LogShaderCompilers: Display: Shaders left to compile 2
[2019.01.05-20.39.45:896][790]LogShaderCompilers: Display: Shaders left to compile 1
[2019.01.05-20.39.46:185][816]MaterialEditorStats: Base pass shader: 103 instructions
[2019.01.05-20.39.46:186][816]MaterialEditorStats: Base pass shader with Volumetric Lightmap: 176 instructions
[2019.01.05-20.39.46:186][816]MaterialEditorStats: Base pass vertex shader: 36 instructions
[2019.01.05-20.39.46:186][816]MaterialEditorStats: Texture samplers: 4/16
[2019.01.05-20.39.46:186][816]MaterialEditorStats: Texture Lookups (Est.): VS(0), PS(1)
[2019.01.05-20.39.46:186][816]MaterialEditorStats: User interpolators: 2/4 Scalars (1/4 Vectors) (TexCoords: 2, Custom: 0)
[2019.01.05-20.39.48:164][ 48]LogMaterialEditor: Saving and Compiling material MiniMapTexture2D_Mat
[2019.01.05-20.39.48:583][ 48]LogMaterial: Display: Missing cached shader map for material MiniMapTexture2D_Mat, compiling. 
[2019.01.05-20.39.48:620][ 48]LogShaderCompilers: Display: Shaders left to compile 21
[2019.01.05-20.39.48:620][ 48]LogShaderCompilers: Display: Shaders left to compile 20
[2019.01.05-20.39.48:620][ 48]LogShaderCompilers: Display: Shaders left to compile 19
[2019.01.05-20.39.48:621][ 48]LogShaderCompilers: Display: Shaders left to compile 18
[2019.01.05-20.39.48:621][ 48]LogShaderCompilers: Display: Shaders left to compile 17
[2019.01.05-20.39.48:621][ 48]LogShaderCompilers: Display: Shaders left to compile 16
[2019.01.05-20.39.48:621][ 48]LogShaderCompilers: Display: Shaders left to compile 15
[2019.01.05-20.39.48:621][ 48]LogShaderCompilers: Display: Shaders left to compile 14
[2019.01.05-20.39.48:637][ 48]LogMaterial: Display: Missing cached shader map for material MiniMapTexture2D_Mat, compiling. 
[2019.01.05-20.39.48:653][ 48]LogMaterial: Display: Missing cached shader map for material MiniMapTexture2D_Mat, compiling. 
[2019.01.05-20.39.48:716][ 48]LogMaterial: Display: Missing cached shader map for material FDebugViewModeMaterialProxy MiniMapTexture2D_Mat, compiling. 
[2019.01.05-20.39.49:447][ 48]LogShaderCompilers: Display: Shaders left to compile 36
[2019.01.05-20.39.49:447][ 48]LogShaderCompilers: Display: Shaders left to compile 35
[2019.01.05-20.39.49:447][ 48]LogShaderCompilers: Display: Shaders left to compile 34
[2019.01.05-20.39.49:447][ 48]LogShaderCompilers: Display: Shaders left to compile 33
[2019.01.05-20.39.49:448][ 48]LogShaderCompilers: Display: Shaders left to compile 32
[2019.01.05-20.39.49:448][ 48]LogShaderCompilers: Display: Shaders left to compile 31
[2019.01.05-20.39.49:448][ 48]LogShaderCompilers: Display: Shaders left to compile 30
[2019.01.05-20.39.49:448][ 48]LogShaderCompilers: Display: Shaders left to compile 29
[2019.01.05-20.39.49:448][ 48]LogShaderCompilers: Display: Shaders left to compile 28
[2019.01.05-20.39.49:448][ 48]LogShaderCompilers: Display: Shaders left to compile 27
[2019.01.05-20.39.49:448][ 48]LogShaderCompilers: Display: Shaders left to compile 26
[2019.01.05-20.39.49:448][ 48]LogShaderCompilers: Display: Shaders left to compile 25
[2019.01.05-20.39.49:448][ 48]LogShaderCompilers: Display: Shaders left to compile 24
[2019.01.05-20.39.49:448][ 48]LogShaderCompilers: Display: Shaders left to compile 23
[2019.01.05-20.39.49:448][ 48]LogShaderCompilers: Display: Shaders left to compile 22
[2019.01.05-20.39.49:448][ 48]LogShaderCompilers: Display: Shaders left to compile 12
[2019.01.05-20.39.49:448][ 48]LogShaderCompilers: Display: Shaders left to compile 2
[2019.01.05-20.39.49:449][ 48]TextureStreamingBuild: Display: Compiling optional shaders took 0.739 seconds.
[2019.01.05-20.39.51:357][ 48]Cmd: OBJ SAVEPACKAGE PACKAGE="/Game/UIs/MiniMapTexture2D_Mat" FILE="../../../../../Users/h017026h/Documents/GitKraken/TGPPairProject/PairProject/Content/UIs/MiniMapTexture2D_Mat.uasset" SILENT=true
[2019.01.05-20.39.51:381][ 48]LogSavePackage: Moving '../../../../../Users/h017026h/Documents/GitKraken/TGPPairProject/PairProject/Saved/MiniMapTexture2D_MatE035D19243836D5D69DAC8B648ACB79E.tmp' to '../../../../../Users/h017026h/Documents/GitKraken/TGPPairProject/PairProject/Content/UIs/MiniMapTexture2D_Mat.uasset'
[2019.01.05-20.39.53:256][269]LogSlate: Window 'MiniMapTexture2D_Mat' being destroyed
[2019.01.05-20.40.05:480][721]LogSlate: Window 'Color Picker' being destroyed
[2019.01.05-20.40.40:068][745]LogSlate: Window 'Save Asset As' being destroyed
[2019.01.05-20.40.47:503][745]LogSlate: Window 'Message' being destroyed
[2019.01.05-20.40.53:660][305]LogFileHelpers: Editor autosave (incl. sublevels) for '/Game/Scenes/StartScreen' took 0.026
[2019.01.05-20.40.53:663][305]OBJ SavePackage: Generating thumbnails for [0] asset(s) in package [/Game/UIs/Map_Overlay] ([1] browsable assets)...
[2019.01.05-20.40.53:663][305]OBJ SavePackage: Finished generating thumbnails for package [/Game/UIs/Map_Overlay]
[2019.01.05-20.40.53:705][305]LogSavePackage: Moving '../../../../../Users/h017026h/Documents/GitKraken/TGPPairProject/PairProject/Saved/Map_Overlay_Auto1C3F4B37F41CDD3FEE93936829ADB9CC5.tmp' to '../../../../../Users/h017026h/Documents/GitKraken/TGPPairProject/PairProject/Saved/Autosaves/Game/UIs/Map_Overlay_Auto1.uasset'
[2019.01.05-20.40.53:709][305]OBJ SavePackage: Generating thumbnails for [1] asset(s) in package [/Game/UIs/MiniMapTexture2D_Mat] ([1] browsable assets)...
[2019.01.05-20.40.53:722][305]OBJ SavePackage:     Rendered thumbnail for [Material /Game/UIs/MiniMapTexture2D_Mat.MiniMapTexture2D_Mat]
[2019.01.05-20.40.53:722][305]OBJ SavePackage: Finished generating thumbnails for package [/Game/UIs/MiniMapTexture2D_Mat]
[2019.01.05-20.40.53:745][305]Warning: Asset '../../../../../Users/h017026h/Documents/GitKraken/TGPPairProject/PairProject/Saved/Autosaves/Game/UIs/MiniMapTexture2D_Mat_Auto1.uasset' cannot be saved as it has only been partially loaded
[2019.01.05-20.40.57:206][558]LogSlate: Window 'Save Asset As' being destroyed
[2019.01.05-20.41.04:155][677]LogSlate: Window 'Save Asset As' being destroyed
[2019.01.05-20.41.22:927][908]BlueprintLog: New page: Compile Map_Overlay
[2019.01.05-20.41.25:045][149]LogTemp: Repeating last play command: Selected Viewport
[2019.01.05-20.41.25:071][149]LogBlueprintUserMessages: Early PlayInEditor Detection: Level '/Game/Scenes/StartScreen.StartScreen:PersistentLevel' has LevelScriptBlueprint '/Game/Scenes/StartScreen.StartScreen:PersistentLevel.StartScreen' with GeneratedClass '/Game/Scenes/StartScreen.StartScreen_C' with ClassGeneratedBy '/Game/Scenes/StartScreen.StartScreen:PersistentLevel.StartScreen'
[2019.01.05-20.41.25:071][149]LogPlayLevel: PlayLevel: No blueprints needed recompiling
[2019.01.05-20.41.25:072][149]PIE: New page: PIE session: StartScreen (5 Jan 2019 20:41:25)
[2019.01.05-20.41.25:072][149]LogPlayLevel: Creating play world package: /Game/Scenes/UEDPIE_0_StartScreen
[2019.01.05-20.41.25:073][149]LogPlayLevel: PIE: StaticDuplicateObject took: (0.000807s)
[2019.01.05-20.41.25:073][149]LogAIModule: Creating AISystem for world StartScreen
[2019.01.05-20.41.25:073][149]LogPlayLevel: PIE: World Init took: (0.000637s)
[2019.01.05-20.41.25:074][149]LogPlayLevel: PIE: Created PIE world by copying editor world from /Game/Scenes/StartScreen.StartScreen to /Game/Scenes/UEDPIE_0_StartScreen.StartScreen (0.001761s)
[2019.01.05-20.41.25:108][149]LogInit: XAudio2 using 'Headset Earphone (Corsair VOID PRO USB Gaming Headset)' : 6 channels at 48 kHz using 16 bits per sample (channel mask 0x3f)
[2019.01.05-20.41.25:212][149]LogInit: FAudioDevice initialized.
[2019.01.05-20.41.25:219][149]LogSlate: Updating window title bar state: overlay mode, drag disabled, window buttons hidden, title bar hidden
[2019.01.05-20.41.25:255][149]LogLoad: Game class is 'TestGameMode_C'
[2019.01.05-20.41.25:256][149]LogWorld: Bringing World /Game/Scenes/UEDPIE_0_StartScreen.StartScreen up for play (max tick rate 0) at 2019.01.05-20.41.25
[2019.01.05-20.41.25:256][149]LogWorld: Bringing up level for play took: 0.000378
[2019.01.05-20.41.25:269][149]LogGameMode: FindPlayerStart: PATHS NOT DEFINED or NO PLAYERSTART with positive rating
[2019.01.05-20.41.25:269][149]LogGameMode: Display: Match State Changed from EnteringMap to WaitingToStart
[2019.01.05-20.41.25:269][149]LogGameState: Match State Changed from EnteringMap to WaitingToStart
[2019.01.05-20.41.25:269][149]LogGameMode: Display: Match State Changed from WaitingToStart to InProgress
[2019.01.05-20.41.25:270][149]LogGameState: Match State Changed from WaitingToStart to InProgress
[2019.01.05-20.41.25:271][149]PIE: Play in editor start time for /Game/Scenes/UEDPIE_0_StartScreen 0.1
[2019.01.05-20.41.25:272][149]LogBlueprintUserMessages: Late PlayInEditor Detection: Level '/Game/Scenes/StartScreen.StartScreen:PersistentLevel' has LevelScriptBlueprint '/Game/Scenes/StartScreen.StartScreen:PersistentLevel.StartScreen' with GeneratedClass '/Game/Scenes/StartScreen.StartScreen_C' with ClassGeneratedBy '/Game/Scenes/StartScreen.StartScreen:PersistentLevel.StartScreen'
[2019.01.05-20.41.29:261][622]LogGameMode: Display: Match State Changed from InProgress to LeavingMap
[2019.01.05-20.41.29:261][622]LogGameState: Match State Changed from InProgress to LeavingMap
[2019.01.05-20.41.29:262][622]LogNet: Browse: /Game/Scenes/CameraTestScene
[2019.01.05-20.41.29:262][622]LogLoad: LoadMap: /Game/Scenes/CameraTestScene
[2019.01.05-20.41.29:525][622]LogAIModule: Creating AISystem for world CameraTestScene
[2019.01.05-20.41.29:526][622]LogLoad: Game class is 'TestGameMode_C'
[2019.01.05-20.41.29:538][622]LogWorld: Bringing World /Game/Scenes/UEDPIE_0_CameraTestScene.CameraTestScene up for play (max tick rate 0) at 2019.01.05-20.41.29
[2019.01.05-20.41.29:538][622]LogWorld: Bringing up level for play took: 0.011558
[2019.01.05-20.41.29:539][622]LogGameMode: FindPlayerStart: PATHS NOT DEFINED or NO PLAYERSTART with positive rating
[2019.01.05-20.41.29:539][622]LogGameMode: Display: Match State Changed from EnteringMap to WaitingToStart
[2019.01.05-20.41.29:539][622]LogGameState: Match State Changed from EnteringMap to WaitingToStart
[2019.01.05-20.41.29:539][622]LogGameMode: Display: Match State Changed from WaitingToStart to InProgress
[2019.01.05-20.41.29:541][622]LogActor: Warning: MyBiggoronKnifeWeapon_C /Game/Scenes/UEDPIE_0_CameraTestScene.CameraTestScene:PersistentLevel.MyBiggoronKnifeWeapon_C_0 has natively added scene component(s), but none of them were set as the actor's RootComponent - picking one arbitrarily
[2019.01.05-20.41.29:541][622]LogActor: Warning: MyBPBasePlayerWeapon_C /Game/Scenes/UEDPIE_0_CameraTestScene.CameraTestScene:PersistentLevel.MyBPBasePlayerWeapon_C_0 has natively added scene component(s), but none of them were set as the actor's RootComponent - picking one arbitrarily
[2019.01.05-20.41.29:542][622]LogGameState: Match State Changed from WaitingToStart to InProgress
[2019.01.05-20.41.29:542][622]LogLoad: Took 0.281258 seconds to LoadMap(/Game/Scenes/CameraTestScene)
[2019.01.05-20.41.35:213][298]LogBlueprintUserMessages: Early EndPlayMap Detection: Level '/Game/Scenes/StartScreen.StartScreen:PersistentLevel' has LevelScriptBlueprint '/Game/Scenes/StartScreen.StartScreen:PersistentLevel.StartScreen' with GeneratedClass '/Game/Scenes/StartScreen.StartScreen_C' with ClassGeneratedBy '/Game/Scenes/StartScreen.StartScreen:PersistentLevel.StartScreen'
[2019.01.05-20.41.35:213][298]LogSlate: Updating window title bar state: overlay mode, drag disabled, window buttons hidden, title bar hidden
[2019.01.05-20.41.35:236][298]LogSlate: Window 'PairProject Game Preview Standalone (64-bit/PCD3D_SM5)' being destroyed
[2019.01.05-20.41.35:276][298]LogPlayLevel: Display: Shutting down PIE online subsystems
[2019.01.05-20.41.35:277][298]LogBlueprintUserMessages: Late EndPlayMap Detection: Level '/Game/Scenes/StartScreen.StartScreen:PersistentLevel' has LevelScriptBlueprint '/Game/Scenes/StartScreen.StartScreen:PersistentLevel.StartScreen' with GeneratedClass '/Game/Scenes/StartScreen.StartScreen_C' with ClassGeneratedBy '/Game/Scenes/StartScreen.StartScreen:PersistentLevel.StartScreen'
[2019.01.05-20.41.35:315][299]LogPlayLevel: Display: Destroying online subsystem :Context_10
[2019.01.05-20.41.51:934][802]LogSlate: Window 'Delete Assets' being destroyed
[2019.01.05-20.41.54:559][ 60]LogAssetEditorManager: Opening Asset editor for WidgetBlueprint /Game/UIs/Map_Overlay.Map_Overlay
[2019.01.05-20.42.04:669][237]LogAssetEditorManager: Opening Asset editor for TextureRenderTarget2D /Game/UIs/MiniMapTexture2D.MiniMapTexture2D
[2019.01.05-20.42.11:504][ 40]LogSlate: Window 'MiniMapTexture2D' being destroyed
[2019.01.05-20.42.11:508][ 40]LogSlate: Window 'MiniMapTexture2D' being destroyed
[2019.01.05-20.42.14:203][359]LogAssetEditorManager: Opening Asset editor for TextureRenderTarget2D /Game/UIs/MiniMapTexture2D.MiniMapTexture2D
[2019.01.05-20.44.49:779][930]LogSlate: Window 'MiniMapTexture2D' being destroyed
[2019.01.05-20.44.49:783][930]LogSlate: Window 'MiniMapTexture2D' being destroyed
[2019.01.05-20.44.54:722][359]LogEditorViewport: Clicking Background
[2019.01.05-20.44.56:464][567]LogSlate: FSceneViewport::OnFocusLost() reason 0
[2019.01.05-20.45.18:499][ 91]Cmd: OBJ SAVEPACKAGE PACKAGE="/Game/UIs/Map_Overlay" FILE="../../../../../Users/h017026h/Documents/GitKraken/TGPPairProject/PairProject/Content/UIs/Map_Overlay.uasset" SILENT=true
[2019.01.05-20.45.18:535][ 91]LogSavePackage: Moving '../../../../../Users/h017026h/Documents/GitKraken/TGPPairProject/PairProject/Saved/Map_Overlay2F739D4E4789817883D76CBB46706A49.tmp' to '../../../../../Users/h017026h/Documents/GitKraken/TGPPairProject/PairProject/Content/UIs/Map_Overlay.uasset'
[2019.01.05-20.45.23:254][636]LogSlate: Window 'PairProject - Unreal Editor' being destroyed
[2019.01.05-20.45.23:468][637]Cmd: QUIT_EDITOR
[2019.01.05-20.45.23:797][637]LogWindowsTextInputMethodSystem: Display: IME system now deactivated.
[2019.01.05-20.45.23:809][637]LogExit: Preparing to exit.
[2019.01.05-20.45.24:414][637]LogExit: Editor shut down
[2019.01.05-20.45.24:415][637]LogExit: Transaction tracking system shut down
[2019.01.05-20.45.25:041][637]LogExit: Object subsystem successfully closed.
[2019.01.05-20.45.25:065][637]LogShaderCompilers: Display: Shaders left to compile 0
[2019.01.05-20.45.25:068][637]LogD3D11RHI: Shutdown
[2019.01.05-20.45.25:068][637]LogD3D11RHI: CleanupD3DDevice
[2019.01.05-20.45.25:071][637]LogD3D11RHI: ~FD3D11DynamicRHI
[2019.01.05-20.45.25:080][637]LogModuleManager: Shutting down and abandoning module MovieSceneCapture (626)
[2019.01.05-20.45.25:080][637]LogModuleManager: Shutting down and abandoning module Voice (624)
[2019.01.05-20.45.25:080][637]LogModuleManager: Shutting down and abandoning module SequencerWidgets (622)
[2019.01.05-20.45.25:080][637]LogModuleManager: Shutting down and abandoning module TextureEditor (620)
[2019.01.05-20.45.25:080][637]LogModuleManager: Shutting down and abandoning module BlueprintGraph (618)
[2019.01.05-20.45.25:080][637]LogModuleManager: Shutting down and abandoning module HierarchicalLODOutliner (616)
[2019.01.05-20.45.25:080][637]LogModuleManager: Shutting down and abandoning module SceneOutliner (614)
[2019.01.05-20.45.25:080][637]LogModuleManager: Shutting down and abandoning module AddContentDialog (612)
[2019.01.05-20.45.25:081][637]LogModuleManager: Shutting down and abandoning module WidgetCarousel (611)
[2019.01.05-20.45.25:081][637]LogModuleManager: Shutting down and abandoning module EditorWidgets (608)
[2019.01.05-20.45.25:081][637]LogModuleManager: Shutting down and abandoning module CollectionManager (606)
[2019.01.05-20.45.25:081][637]LogModuleManager: Shutting down and abandoning module StatsViewer (604)
[2019.01.05-20.45.25:082][637]LogModuleManager: Shutting down and abandoning module FoliageEdit (602)
[2019.01.05-20.45.25:082][637]LogModuleManager: Shutting down and abandoning module LandscapeEditor (600)
[2019.01.05-20.45.25:082][637]LogModuleManager: Shutting down and abandoning module MeshPaintMode (598)
[2019.01.05-20.45.25:082][637]LogModuleManager: Shutting down and abandoning module SceneDepthPickerMode (596)
[2019.01.05-20.45.25:082][637]LogModuleManager: Shutting down and abandoning module ActorPickerMode (594)
[2019.01.05-20.45.25:082][637]LogModuleManager: Shutting down and abandoning module GeometryMode (592)
[2019.01.05-20.45.25:082][637]LogModuleManager: Shutting down and abandoning module TextureAlignMode (590)
[2019.01.05-20.45.25:082][637]LogModuleManager: Shutting down and abandoning module BspMode (588)
[2019.01.05-20.45.25:082][637]LogModuleManager: Shutting down and abandoning module PIEPreviewDeviceProfileSelector (586)
[2019.01.05-20.45.25:082][637]LogModuleManager: Shutting down and abandoning module SequenceRecorderSections (584)
[2019.01.05-20.45.25:082][637]LogModuleManager: Shutting down and abandoning module AutomationWorker (582)
[2019.01.05-20.45.25:082][637]LogModuleManager: Shutting down and abandoning module AudioCaptureEditor (580)
[2019.01.05-20.45.25:082][637]LogModuleManager: Shutting down and abandoning module SequenceRecorder (579)
[2019.01.05-20.45.25:083][637]LogModuleManager: Shutting down and abandoning module MatineeToLevelSequence (576)
[2019.01.05-20.45.25:083][637]LogModuleManager: Shutting down and abandoning module LevelSequenceEditor (574)
[2019.01.05-20.45.25:083][637]LogModuleManager: Shutting down and abandoning module PlacementMode (573)
[2019.01.05-20.45.25:083][637]LogModuleManager: Shutting down and abandoning module MaterialEditor (572)
[2019.01.05-20.45.25:083][637]LogModuleManager: Shutting down and abandoning module WmfMediaFactory (568)
[2019.01.05-20.45.25:083][637]LogModuleManager: Shutting down and abandoning module WmfMediaEditor (566)
[2019.01.05-20.45.25:083][637]LogModuleManager: Shutting down and abandoning module MediaPlayerEditor (564)
[2019.01.05-20.45.25:083][637]LogModuleManager: Shutting down and abandoning module OpenExrWrapper (562)
[2019.01.05-20.45.25:083][637]LogModuleManager: Shutting down and abandoning module ImgMediaFactory (560)
[2019.01.05-20.45.25:083][637]LogModuleManager: Shutting down and abandoning module ImgMediaEditor (558)
[2019.01.05-20.45.25:083][637]LogModuleManager: Shutting down and abandoning module AvfMediaFactory (556)
[2019.01.05-20.45.25:083][637]LogModuleManager: Shutting down and abandoning module AvfMediaEditor (554)
[2019.01.05-20.45.25:083][637]LogModuleManager: Shutting down and abandoning module AndroidMediaFactory (552)
[2019.01.05-20.45.25:083][637]LogModuleManager: Shutting down and abandoning module AndroidMediaEditor (550)
[2019.01.05-20.45.25:083][637]LogModuleManager: Shutting down and abandoning module MagicLeapCameraPreviewFactory (548)
[2019.01.05-20.45.25:084][637]LogModuleManager: Shutting down and abandoning module MagicLeapMediaFactory (546)
[2019.01.05-20.45.25:084][637]LogModuleManager: Shutting down and abandoning module MagicLeapMediaEditor (544)
[2019.01.05-20.45.25:084][637]LogModuleManager: Shutting down and abandoning module CharacterAI (542)
[2019.01.05-20.45.25:084][637]LogModuleManager: Shutting down and abandoning module SmartSnapping (540)
[2019.01.05-20.45.25:084][637]LogModuleManager: Shutting down and abandoning module SessionServices (538)
[2019.01.05-20.45.25:084][637]LogModuleManager: Shutting down and abandoning module ViewportSnapping (536)
[2019.01.05-20.45.25:084][637]LogModuleManager: Shutting down and abandoning module ViewportInteraction (534)
[2019.01.05-20.45.25:084][637]LogModuleManager: Shutting down and abandoning module ClothPainter (532)
[2019.01.05-20.45.25:084][637]LogModuleManager: Shutting down and abandoning module SkeletalMeshEditor (531)
[2019.01.05-20.45.25:084][637]LogModuleManager: Shutting down and abandoning module LogVisualizer (528)
[2019.01.05-20.45.25:084][637]LogModuleManager: Shutting down and abandoning module IntroTutorials (526)
[2019.01.05-20.45.25:084][637]LogModuleManager: Shutting down and abandoning module GameProjectGeneration (525)
[2019.01.05-20.45.25:084][637]LogModuleManager: Shutting down and abandoning module LuminPlatformEditor (522)
[2019.01.05-20.45.25:084][637]LogModuleManager: Shutting down and abandoning module IOSPlatformEditor (520)
[2019.01.05-20.45.25:084][637]LogModuleManager: Shutting down and abandoning module HTML5PlatformEditor (518)
[2019.01.05-20.45.25:084][637]LogModuleManager: Shutting down and abandoning module AndroidPlatformEditor (516)
[2019.01.05-20.45.25:084][637]LogModuleManager: Shutting down and abandoning module AndroidDeviceDetection (515)
[2019.01.05-20.45.25:486][637]LogModuleManager: Shutting down and abandoning module WindowsPlatformEditor (512)
[2019.01.05-20.45.25:486][637]LogModuleManager: Shutting down and abandoning module LuminRuntimeSettings (510)
[2019.01.05-20.45.25:486][637]LogModuleManager: Shutting down and abandoning module IOSRuntimeSettings (508)
[2019.01.05-20.45.25:486][637]LogModuleManager: Shutting down and abandoning module AndroidRuntimeSettings (506)
[2019.01.05-20.45.25:487][637]LogModuleManager: Shutting down and abandoning module InputBindingEditor (504)
[2019.01.05-20.45.25:487][637]LogModuleManager: Shutting down and abandoning module MergeActors (502)
[2019.01.05-20.45.25:487][637]LogModuleManager: Shutting down and abandoning module LocalizationDashboard (500)
[2019.01.05-20.45.25:487][637]LogModuleManager: Shutting down and abandoning module LocalizationService (499)
[2019.01.05-20.45.25:487][637]LogModuleManager: Shutting down and abandoning module HardwareTargeting (496)
[2019.01.05-20.45.25:487][637]LogModuleManager: Shutting down and abandoning module DeviceProfileEditor (494)
[2019.01.05-20.45.25:487][637]LogModuleManager: Shutting down and abandoning module UndoHistory (492)
[2019.01.05-20.45.25:487][637]LogModuleManager: Shutting down and abandoning module XmlParser (490)
[2019.01.05-20.45.25:487][637]LogModuleManager: Shutting down and abandoning module Blutility (488)
[2019.01.05-20.45.25:487][637]LogModuleManager: Shutting down and abandoning module ProjectSettingsViewer (486)
[2019.01.05-20.45.25:487][637]LogModuleManager: Shutting down and abandoning module ProjectTargetPlatformEditor (485)
[2019.01.05-20.45.25:488][637]LogModuleManager: Shutting down and abandoning module EditorSettingsViewer (482)
[2019.01.05-20.45.25:488][637]LogModuleManager: Shutting down and abandoning module SettingsEditor (480)
[2019.01.05-20.45.25:488][637]LogModuleManager: Shutting down and abandoning module ProjectLauncher (478)
[2019.01.05-20.45.25:488][637]LogModuleManager: Shutting down and abandoning module SessionFrontend (476)
[2019.01.05-20.45.25:488][637]LogModuleManager: Shutting down and abandoning module ProfilerClient (474)
[2019.01.05-20.45.25:488][637]LogModuleManager: Shutting down and abandoning module DeviceManager (472)
[2019.01.05-20.45.25:488][637]LogModuleManager: Shutting down and abandoning module TargetDeviceServices (471)
[2019.01.05-20.45.25:543][637]LogModuleManager: Shutting down and abandoning module AutomationController (468)
[2019.01.05-20.45.25:543][637]LogModuleManager: Shutting down and abandoning module AutomationWindow (466)
[2019.01.05-20.45.25:543][637]LogModuleManager: Shutting down and abandoning module Layers (464)
[2019.01.05-20.45.25:543][637]LogModuleManager: Shutting down and abandoning module ComponentVisualizers (462)
[2019.01.05-20.45.25:543][637]LogModuleManager: Shutting down and abandoning module DetailCustomizations (460)
[2019.01.05-20.45.25:543][637]LogModuleManager: Shutting down and abandoning module PackagesDialog (458)
[2019.01.05-20.45.25:543][637]LogModuleManager: Shutting down and abandoning module Persona (456)
[2019.01.05-20.45.25:543][637]LogModuleManager: Shutting down and abandoning module AdvancedPreviewScene (455)
[2019.01.05-20.45.25:543][637]LogModuleManager: Shutting down and abandoning module AnimGraph (453)
[2019.01.05-20.45.25:543][637]LogModuleManager: Shutting down and abandoning module Kismet (450)
[2019.01.05-20.45.25:547][637]LogModuleManager: Shutting down and abandoning module GraphEditor (448)
[2019.01.05-20.45.25:547][637]LogModuleManager: Shutting down and abandoning module ClassViewer (446)
[2019.01.05-20.45.25:547][637]LogModuleManager: Shutting down and abandoning module Toolbox (444)
[2019.01.05-20.45.25:547][637]LogModuleManager: Shutting down and abandoning module DesktopPlatform (443)
[2019.01.05-20.45.25:547][637]LogModuleManager: Shutting down and abandoning module ModuleUI (440)
[2019.01.05-20.45.25:547][637]LogModuleManager: Shutting down and abandoning module MovieSceneTools (438)
[2019.01.05-20.45.25:547][637]LogModuleManager: Shutting down and abandoning module OutputLog (436)
[2019.01.05-20.45.25:548][637]LogModuleManager: Shutting down and abandoning module GammaUI (434)
[2019.01.05-20.45.25:548][637]LogModuleManager: Shutting down and abandoning module Documentation (432)
[2019.01.05-20.45.25:548][637]LogModuleManager: Shutting down and abandoning module MovieSceneTracks (430)
[2019.01.05-20.45.25:548][637]LogModuleManager: Shutting down and abandoning module MovieScene (428)
[2019.01.05-20.45.25:548][637]LogModuleManager: Shutting down and abandoning module StreamingPauseRendering (426)
[2019.01.05-20.45.25:548][637]LogModuleManager: Shutting down and abandoning module LauncherPlatform (424)
[2019.01.05-20.45.25:548][637]LogModuleManager: Shutting down and abandoning module AnalyticsET (422)
[2019.01.05-20.45.25:548][637]LogModuleManager: Shutting down and abandoning module PortalServices (420)
[2019.01.05-20.45.25:548][637]LogModuleManager: Shutting down and abandoning module PortalRpc (418)
[2019.01.05-20.45.25:548][637]LogModuleManager: Shutting down and abandoning module MessagingRpc (416)
[2019.01.05-20.45.25:548][637]LogModuleManager: Shutting down and abandoning module AIModule (414)
[2019.01.05-20.45.25:548][637]LogModuleManager: Shutting down and abandoning module GameplayDebugger (413)
[2019.01.05-20.45.25:548][637]LogModuleManager: Shutting down and abandoning module AITestSuite (411)
[2019.01.05-20.45.25:548][637]LogModuleManager: Shutting down and abandoning module NavigationSystem (409)
[2019.01.05-20.45.25:548][637]LogModuleManager: Shutting down and abandoning module ProfilerService (406)
[2019.01.05-20.45.25:567][637]LogModuleManager: Shutting down and abandoning module TaskGraph (404)
[2019.01.05-20.45.25:567][637]LogModuleManager: Shutting down and abandoning module SteamVRController (402)
[2019.01.05-20.45.25:567][637]LogModuleManager: Shutting down and abandoning module ProceduralMeshComponentEditor (400)
[2019.01.05-20.45.25:567][637]LogModuleManager: Shutting down and abandoning module ProceduralMeshComponent (398)
[2019.01.05-20.45.25:567][637]LogModuleManager: Shutting down and abandoning module OculusInput (396)
[2019.01.05-20.45.25:567][637]LogModuleManager: Shutting down and abandoning module MobilePatchingUtils (394)
[2019.01.05-20.45.25:567][637]LogModuleManager: Shutting down and abandoning module EditableMesh (392)
[2019.01.05-20.45.25:568][637]LogModuleManager: Shutting down and abandoning module CustomMeshComponent (390)
[2019.01.05-20.45.25:568][637]LogModuleManager: Shutting down and abandoning module CableComponent (388)
[2019.01.05-20.45.25:568][637]LogModuleManager: Shutting down and abandoning module AudioCapture (386)
[2019.01.05-20.45.25:568][637]LogModuleManager: Shutting down and abandoning module ArchVisCharacter (384)
[2019.01.05-20.45.25:568][637]LogModuleManager: Shutting down and abandoning module AndroidPermission (382)
[2019.01.05-20.45.25:568][637]LogModuleManager: Shutting down and abandoning module NUTUnrealEngine4 (380)
[2019.01.05-20.45.25:568][637]LogModuleManager: Shutting down and abandoning module NetcodeUnitTest (378)
[2019.01.05-20.45.25:568][637]LogModuleManager: Shutting down and abandoning module MediaCompositingEditor (376)
[2019.01.05-20.45.25:568][637]LogModuleManager: Shutting down and abandoning module MediaCompositing (374)
[2019.01.05-20.45.25:569][637]LogModuleManager: Shutting down and abandoning module LinearTimecode (372)
[2019.01.05-20.45.25:569][637]LogModuleManager: Shutting down and abandoning module ImgMedia (370)
[2019.01.05-20.45.25:573][637]LogModuleManager: Shutting down and abandoning module HTML5Networking (368)
[2019.01.05-20.45.25:573][637]LogModuleManager: Shutting down and abandoning module GeometryCacheTracks (366)
[2019.01.05-20.45.25:573][637]LogModuleManager: Shutting down and abandoning module GeometryCacheSequencer (364)
[2019.01.05-20.45.25:573][637]LogModuleManager: Shutting down and abandoning module BackChannel (362)
[2019.01.05-20.45.25:573][637]LogModuleManager: Shutting down and abandoning module AppleVision (360)
[2019.01.05-20.45.25:573][637]LogModuleManager: Shutting down and abandoning module AppleImageUtils (358)
[2019.01.05-20.45.25:573][637]LogModuleManager: Shutting down and abandoning module AlembicImporter (356)
[2019.01.05-20.45.25:573][637]LogModuleManager: Shutting down and abandoning module AlembicLibrary (355)
[2019.01.05-20.45.25:573][637]LogModuleManager: Shutting down and abandoning module GeometryCache (354)
[2019.01.05-20.45.25:573][637]LogModuleManager: Shutting down and abandoning module GeometryCacheEd (353)
[2019.01.05-20.45.25:574][637]LogModuleManager: Shutting down and abandoning module DatasmithContentEditor (348)
[2019.01.05-20.45.25:574][637]LogModuleManager: Shutting down and abandoning module DatasmithContent (346)
[2019.01.05-20.45.25:574][637]LogModuleManager: Shutting down and abandoning module SpeedTreeImporter (344)
[2019.01.05-20.45.25:574][637]LogModuleManager: Shutting down and abandoning module PluginBrowser (342)
[2019.01.05-20.45.25:574][637]LogModuleManager: Shutting down and abandoning module MobileLauncherProfileWizard (340)
[2019.01.05-20.45.25:574][637]LogModuleManager: Shutting down and abandoning module PolygonModeling (338)
[2019.01.05-20.45.25:574][637]LogModuleManager: Shutting down and abandoning module MeshEditor (336)
[2019.01.05-20.45.25:575][637]LogModuleManager: Shutting down and abandoning module CryptoKeysOpenSSL (334)
[2019.01.05-20.45.25:575][637]LogModuleManager: Shutting down and abandoning module CryptoKeys (332)
[2019.01.05-20.45.25:575][637]LogModuleManager: Shutting down and abandoning module VisualStudioSourceCodeAccess (330)
[2019.01.05-20.45.25:575][637]LogModuleManager: Shutting down and abandoning module VisualStudioCodeSourceCodeAccess (328)
[2019.01.05-20.45.25:575][637]LogModuleManager: Shutting down and abandoning module UObjectPlugin (326)
[2019.01.05-20.45.25:575][637]LogModuleManager: Shutting down and abandoning module SubversionSourceControl (324)
[2019.01.05-20.45.25:575][637]LogModuleManager: Shutting down and abandoning module PerforceSourceControl (322)
[2019.01.05-20.45.25:575][637]LogModuleManager: Shutting down and abandoning module GitSourceControl (320)
[2019.01.05-20.45.25:575][637]LogModuleManager: Shutting down and abandoning module SourceControl (319)
[2019.01.05-20.45.25:575][637]LogModuleManager: Shutting down and abandoning module CLionSourceCodeAccess (316)
[2019.01.05-20.45.25:575][637]LogModuleManager: Shutting down and abandoning module LightPropagationVolumeEditor (314)
[2019.01.05-20.45.25:575][637]LogModuleManager: Shutting down and abandoning module PaperTiledImporter (312)
[2019.01.05-20.45.25:575][637]LogModuleManager: Shutting down and abandoning module PaperSpriteSheetImporter (310)
[2019.01.05-20.45.25:575][637]LogModuleManager: Shutting down and abandoning module Paper2DEditor (308)
[2019.01.05-20.45.25:575][637]LogModuleManager: Shutting down and abandoning module MeshPaint (307)
[2019.01.05-20.45.25:575][637]LogModuleManager: Shutting down and abandoning module PairProject (304)
[2019.01.05-20.45.25:575][637]LogModuleManager: Shutting down and abandoning module RuntimePhysXCooking (302)
[2019.01.05-20.45.25:575][637]LogModuleManager: Shutting down and abandoning module PhysXVehiclesEditor (300)
[2019.01.05-20.45.25:576][637]LogModuleManager: Shutting down and abandoning module PhysXVehicles (298)
[2019.01.05-20.45.25:576][637]LogModuleManager: Shutting down and abandoning module OculusEditor (296)
[2019.01.05-20.45.25:576][637]LogModuleManager: Shutting down and abandoning module LocationServicesBPLibrary (294)
[2019.01.05-20.45.25:576][637]LogModuleManager: Shutting down and abandoning module ImmediatePhysicsEditor (292)
[2019.01.05-20.45.25:576][637]LogModuleManager: Shutting down and abandoning module ImmediatePhysics (290)
[2019.01.05-20.45.25:576][637]LogModuleManager: Shutting down and abandoning module ApexDestructionEditor (288)
[2019.01.05-20.45.25:576][637]LogModuleManager: Shutting down and abandoning module ApexDestruction (286)
[2019.01.05-20.45.25:576][637]LogModuleManager: Shutting down and abandoning module ActorSequence (284)
[2019.01.05-20.45.25:576][637]LogModuleManager: Shutting down and abandoning module UdpMessaging (282)
