Log file open, 12/06/18 10:40:47
LogWindows: Failed to load 'aqProf.dll' (GetLastError=126)
LogWindows: File 'aqProf.dll' does not exist
LogWindows: Failed to load 'VSPerf140.dll' (GetLastError=126)
LogWindows: File 'VSPerf140.dll' does not exist
LogWindows: Failed to load 'VtuneApi.dll' (GetLastError=126)
LogWindows: File 'VtuneApi.dll' does not exist
LogWindows: Failed to load 'VtuneApi32e.dll' (GetLastError=126)
LogWindows: File 'VtuneApi32e.dll' does not exist
LogInit: Display: Running engine for game: PairProject
LogPlatformFile: Not using cached read wrapper
LogTaskGraph: Started task graph with 5 named threads and 23 total threads with 3 sets of task threads.
LogStats: Stats thread started at 0.409924
LogD3D11RHI: Loaded GFSDK_Aftermath_Lib.x64.dll
LogICUInternationalization: Display: ICU TimeZone Detection - Raw Offset: +0:00, Platform Override: ''
LogPluginManager: Mounting plugin Paper2D
LogPluginManager: Mounting plugin AISupport
LogPluginManager: Mounting plugin LightPropagationVolume
LogPluginManager: Mounting plugin CLionSourceCodeAccess
LogPluginManager: Mounting plugin CodeLiteSourceCodeAccess
LogPluginManager: Mounting plugin GitSourceControl
LogPluginManager: Mounting plugin KDevelopSourceCodeAccess
LogPluginManager: Mounting plugin NullSourceCodeAccess
LogPluginManager: Mounting plugin PerforceSourceControl
LogPluginManager: Mounting plugin SubversionSourceControl
LogPluginManager: Mounting plugin UObjectPlugin
LogPluginManager: Mounting plugin VisualStudioCodeSourceCodeAccess
LogPluginManager: Mounting plugin VisualStudioSourceCodeAccess
LogPluginManager: Mounting plugin XCodeSourceCodeAccess
LogPluginManager: Mounting plugin AssetManagerEditor
LogPluginManager: Mounting plugin CryptoKeys
LogPluginManager: Mounting plugin DataValidation
LogPluginManager: Mounting plugin FacialAnimation
LogPluginManager: Mounting plugin GameplayTagsEditor
LogPluginManager: Mounting plugin MacGraphicsSwitching
LogPluginManager: Mounting plugin MeshEditor
LogPluginManager: Mounting plugin MobileLauncherProfileWizard
LogPluginManager: Mounting plugin PluginBrowser
LogPluginManager: Mounting plugin SpeedTreeImporter
LogPluginManager: Mounting plugin DatasmithContent
LogPluginManager: Mounting plugin AlembicImporter
LogPluginManager: Mounting plugin AppleImageUtils
LogPluginManager: Mounting plugin AppleVision
LogPluginManager: Mounting plugin BackChannel
LogPluginManager: Mounting plugin CharacterAI
LogPluginManager: Mounting plugin GeometryCache
LogPluginManager: Mounting plugin HTML5Networking
LogPluginManager: Mounting plugin ProxyLODPlugin
LogPluginManager: Mounting plugin MagicLeap
LogPluginManager: Mounting plugin MagicLeapEmulator
LogPluginManager: Mounting plugin MagicLeapMedia
LogPluginManager: Mounting plugin AndroidMedia
LogPluginManager: Mounting plugin AvfMedia
LogPluginManager: Mounting plugin ImgMedia
LogPluginManager: Mounting plugin LinearTimecode
LogPluginManager: Mounting plugin MediaCompositing
LogPluginManager: Mounting plugin MediaPlayerEditor
LogPluginManager: Mounting plugin WmfMedia
LogPluginManager: Mounting plugin TcpMessaging
LogPluginManager: Mounting plugin UdpMessaging
LogPluginManager: Mounting plugin ActorSequence
LogPluginManager: Mounting plugin LevelSequenceEditor
LogPluginManager: Mounting plugin MatineeToLevelSequence
LogPluginManager: Mounting plugin NetcodeUnitTest
LogPluginManager: Mounting plugin NUTUnrealEngine4
LogPluginManager: Mounting plugin OnlineSubsystemGooglePlay
LogPluginManager: Mounting plugin OnlineSubsystemIOS
LogPluginManager: Mounting plugin OnlineSubsystem
LogPluginManager: Mounting plugin OnlineSubsystemNull
LogPluginManager: Mounting plugin OnlineSubsystemUtils
LogPluginManager: Mounting plugin LauncherChunkInstaller
LogPluginManager: Mounting plugin AndroidDeviceProfileSelector
LogPluginManager: Mounting plugin AndroidMoviePlayer
LogPluginManager: Mounting plugin AndroidPermission
LogPluginManager: Mounting plugin AppleMoviePlayer
LogPluginManager: Mounting plugin ArchVisCharacter
LogPluginManager: Mounting plugin AudioCapture
LogPluginManager: Mounting plugin CableComponent
LogPluginManager: Mounting plugin CustomMeshComponent
LogPluginManager: Mounting plugin EditableMesh
LogPluginManager: Mounting plugin ExampleDeviceProfileSelector
LogPluginManager: Mounting plugin GoogleCloudMessaging
LogPluginManager: Mounting plugin ImmediatePhysics
LogPluginManager: Mounting plugin IOSDeviceProfileSelector
LogPluginManager: Mounting plugin LinuxDeviceProfileSelector
LogPluginManager: Mounting plugin LocationServicesBPLibrary
LogPluginManager: Mounting plugin MobilePatchingUtils
LogPluginManager: Mounting plugin OculusVR
LogPluginManager: Plugin shader directory ../../../Engine/Plugins/Runtime/Oculus/OculusVR/Shaders found
LogPluginManager: Mapping shader source directory ../../../Engine/Plugins/Runtime/Oculus/OculusVR/Shaders to virtual directory /Plugin/OculusVR
LogPluginManager: Mounting plugin PhysXVehicles
LogPluginManager: Mounting plugin ProceduralMeshComponent
LogPluginManager: Mounting plugin RuntimePhysXCooking
LogPluginManager: Mounting plugin SteamVR
LogPluginManager: Mounting plugin WindowsMoviePlayer
LogStreaming: Display: Took  0.240s to configure plugins.
LogInit: Using libcurl 7.55.1-DEV
LogInit:  - built for x86_64-pc-win32
LogInit:  - supports SSL with OpenSSL/1.0.2h
LogInit:  - supports HTTP deflate (compression) using libz 1.2.8
LogInit:  - other features:
LogInit:      CURL_VERSION_SSL
LogInit:      CURL_VERSION_LIBZ
LogInit:      CURL_VERSION_IPV6
LogInit:      CURL_VERSION_ASYNCHDNS
LogInit:      CURL_VERSION_LARGEFILE
LogInit:      CURL_VERSION_IDN
LogInit:  CurlRequestOptions (configurable via config and command line):
LogInit:  - bVerifyPeer = false  - Libcurl will NOT verify peer certificate
LogInit:  - bUseHttpProxy = false  - Libcurl will NOT use HTTP proxy
LogInit:  - bDontReuseConnections = false  - Libcurl will reuse connections
LogInit:  - CertBundlePath = nullptr  - Libcurl will use whatever was configured at build time.
LogInit:  - MaxHostConnections = 16  - Libcurl will limit the number of connections to a host
LogInit:  - LocalHostAddr = Default
LogInit:  - BufferSize = 65536
LogInit: WinSock: version 1.1 (2.2), MaxSocks=32767, MaxUdp=65467
LogInit: Build: ++UE4+Release-4.20-CL-4369336
LogInit: Engine Version: 4.20.3-4369336+++UE4+Release-4.20
LogInit: Compatible Engine Version: 4.20.0-4212847+++UE4+Release-4.20
LogInit: Net CL: 4212847
LogInit: OS: Windows 10 (), CPU: Intel(R) Xeon(R) W-2123 CPU @ 3.60GHz, GPU: NVIDIA GeForce GTX 1070
LogInit: Compiled (64-bit): Sep 17 2018 12:26:19
LogInit: Compiled with Visual C++: 19.13.26129.00
LogInit: Build Configuration: Development
LogInit: Branch Name: ++UE4+Release-4.20
LogInit: Command Line:  -skipcompile
LogInit: Base Directory: C:/Epic/UE4/UE_4.20/Engine/Binaries/Win64/
LogInit: Installed Engine Build: 1
LogDevObjectVersion: Number of dev versions registered: 20
LogDevObjectVersion:   Dev-Blueprints (B0D832E4-1F89-4F0D-ACCF-7EB736FD4AA2): 10
LogDevObjectVersion:   Dev-Build (E1C64328-A22C-4D53-A36C-8E866417BD8C): 0
LogDevObjectVersion:   Dev-Core (375EC13C-06E4-48FB-B500-84F0262A717E): 2
LogDevObjectVersion:   Dev-Editor (E4B068ED-F494-42E9-A231-DA0B2E46BB41): 24
LogDevObjectVersion:   Dev-Framework (CFFC743F-43B0-4480-9391-14DF171D2073): 34
LogDevObjectVersion:   Dev-Mobile (B02B49B5-BB20-44E9-A304-32B752E40360): 2
LogDevObjectVersion:   Dev-Networking (A4E4105C-59A1-49B5-A7C5-40C4547EDFEE): 0
LogDevObjectVersion:   Dev-Online (39C831C9-5AE6-47DC-9A44-9C173E1C8E7C): 0
LogDevObjectVersion:   Dev-Physics (78F01B33-EBEA-4F98-B9B4-84EACCB95AA2): 0
LogDevObjectVersion:   Dev-Platform (6631380F-2D4D-43E0-8009-CF276956A95A): 0
LogDevObjectVersion:   Dev-Rendering (12F88B9F-8875-4AFC-A67C-D90C383ABD29): 26
LogDevObjectVersion:   Dev-Sequencer (7B5AE74C-D270-4C10-A958-57980B212A5A): 9
LogDevObjectVersion:   Dev-VR (D7296918-1DD6-4BDD-9DE2-64A83CC13884): 2
LogDevObjectVersion:   Dev-LoadTimes (C2A15278-BFE7-4AFE-6C17-90FF531DF755): 1
LogDevObjectVersion:   Private-Geometry (6EACA3D4-40EC-4CC1-B786-8BED09428FC5): 3
LogDevObjectVersion:   Dev-AnimPhys (29E575DD-E0A3-4627-9D10-D276232CDCEA): 17
LogDevObjectVersion:   Dev-ReflectionCapture (6B266CEC-1EC7-4B8F-A30B-E4D90942FC07): 1
LogDevObjectVersion:   Dev-Automation (0DF73D61-A23F-47EA-B727-89E90C41499A): 1
LogDevObjectVersion:   FortniteMain (601D1886-AC64-4F84-AA16-D3DE0DEAC7D6): 12
LogDevObjectVersion:   Dev-Enterprise (9DFFBCD6-494F-0158-E221-12823C92A888): 1
LogStreaming: Display: Took  0.001s to delete old logs.
LogInit: Presizing for max 8388607 objects, including 0 objects not considered by GC, pre-allocating 0 bytes for permanent pool.
LogInit: Object subsystem initialized
[2018.12.06-10.40.48:245][  0]LogInit: Selected Device Profile: [Windows]
[2018.12.06-10.40.48:246][  0]LogInit: Applying CVar settings loaded from the selected device profile: [Windows]
[2018.12.06-10.40.48:274][  0]LogHAL: Display: Platform has ~ 32 GB [34065870848 / 34359738368 / 32], which maps to Largest [LargestMinGB=32, LargerMinGB=12, DefaultMinGB=8, SmallerMinGB=6, SmallestMinGB=0)
[2018.12.06-10.40.48:274][  0]LogInit: Setting Device Profile CVar: [[r.Vulkan.UseRealUBs:1]]
[2018.12.06-10.40.48:274][  0]LogInit: Going up to parent DeviceProfile []
[2018.12.06-10.40.48:274][  0]LogInit: Computer: C117B-04
[2018.12.06-10.40.48:275][  0]LogInit: User: h017026h
[2018.12.06-10.40.48:275][  0]LogInit: CPU Page size=4096, Cores=4
[2018.12.06-10.40.48:275][  0]LogInit: High frequency timer resolution =3.515624 MHz
[2018.12.06-10.40.48:275][  0]LogMemory: Memory total: Physical=31.7GB (32GB approx)
[2018.12.06-10.40.48:275][  0]LogMemory: Platform Memory Stats for Windows
[2018.12.06-10.40.48:275][  0]LogMemory: Process Physical Memory: 101.83 MB used, 101.83 MB peak
[2018.12.06-10.40.48:275][  0]LogMemory: Process Virtual Memory: 89.47 MB used, 89.47 MB peak
[2018.12.06-10.40.48:275][  0]LogMemory: Physical Memory: 7152.88 MB used,  25334.87 MB free, 32487.75 MB total
[2018.12.06-10.40.48:276][  0]LogMemory: Virtual Memory: 4638.52 MB used,  25334.87 MB free, 134217728.00 MB total
[2018.12.06-10.40.48:436][  0]LogInit: Using OS detected language (en-US).
[2018.12.06-10.40.48:436][  0]LogInit: Using OS detected locale (en-GB).
[2018.12.06-10.40.48:437][  0]LogTextLocalizationManager: No specific localization for 'en-US' exists, so the 'en' localization will be used.
[2018.12.06-10.40.48:795][  0]LogStreaming: Display: Took  0.359s to InitEngineTextLocalization.
[2018.12.06-10.40.48:795][  0]LogInit: Setting process to per monitor DPI aware
[2018.12.06-10.40.48:853][  0]LogSlate: New Slate User Created.  User Index 0, Is Virtual User: 0
[2018.12.06-10.40.48:853][  0]LogSlate: Slate User Registered.  User Index 0, Is Virtual User: 0
[2018.12.06-10.40.49:076][  0]LogHMD: Failed to initialize OpenVR with code 110
[2018.12.06-10.40.49:076][  0]LogD3D11RHI: D3D11 adapters:
[2018.12.06-10.40.49:174][  0]LogD3D11RHI:    0. 'NVIDIA GeForce GTX 1070' (Feature Level 11_0)
[2018.12.06-10.40.49:174][  0]LogD3D11RHI:       8088/0/16243 MB DedicatedVideo/DedicatedSystem/SharedSystem, Outputs:2, VendorId:0x10de
[2018.12.06-10.40.49:178][  0]LogD3D11RHI:    1. 'Microsoft Basic Render Driver' (Feature Level 11_0)
[2018.12.06-10.40.49:179][  0]LogD3D11RHI:       0/0/16243 MB DedicatedVideo/DedicatedSystem/SharedSystem, Outputs:0, VendorId:0x1414
[2018.12.06-10.40.49:179][  0]LogD3D11RHI: Chosen D3D11 Adapter: 0
[2018.12.06-10.40.49:185][  0]LogD3D11RHI: Creating new Direct3DDevice
[2018.12.06-10.40.49:185][  0]LogD3D11RHI:     GPU DeviceId: 0x1b81 (for the marketing name, search the web for "GPU Device Id")
[2018.12.06-10.40.49:185][  0]LogWindows: EnumDisplayDevices:
[2018.12.06-10.40.49:185][  0]LogWindows:    0. 'NVIDIA GeForce GTX 1070' (P:1 D:1)
[2018.12.06-10.40.49:186][  0]LogWindows:    1. 'NVIDIA GeForce GTX 1070' (P:0 D:1)
[2018.12.06-10.40.49:186][  0]LogWindows:    2. 'NVIDIA GeForce GTX 1070' (P:0 D:0)
[2018.12.06-10.40.49:186][  0]LogWindows:    3. 'NVIDIA GeForce GTX 1070' (P:0 D:0)
[2018.12.06-10.40.49:186][  0]LogWindows: DebugString: FoundDriverCount:4 
[2018.12.06-10.40.49:186][  0]LogD3D11RHI:     Adapter Name: NVIDIA GeForce GTX 1070
[2018.12.06-10.40.49:186][  0]LogD3D11RHI:   Driver Version: 399.24 (internal:24.21.13.9924, unified:399.24)
[2018.12.06-10.40.49:186][  0]LogD3D11RHI:      Driver Date: 9-5-2018
[2018.12.06-10.40.49:187][  0]LogRHI: Texture pool is 5661 MB (70% of 8088 MB)
[2018.12.06-10.40.49:225][  0]LogD3D11RHI: Async texture creation enabled
[2018.12.06-10.40.49:242][  0]LogD3D11RHI: GPU Timing Frequency: 1000.000000 (Debug: 2 2)
[2018.12.06-10.40.49:248][  0]LogShaderCompilers: Guid format shader working directory is -11 characters bigger than the processId version (../../../../../../Users/h017026h/TGPPairProject/PairProject/Intermediate/Shaders/WorkingDirectory/11736/).
[2018.12.06-10.40.49:248][  0]LogShaderCompilers: Cleaned the shader compiler working directory 'C:/Users/h017026h/AppData/Local/Temp/UnrealShaderWorkingDir/E2112FCC4EFF77B328A13E9404B2D652/'.
[2018.12.06-10.40.49:580][  0]LogTemp: Display: Loaded TP AllDesktopTargetPlatform
[2018.12.06-10.40.49:595][  0]LogTemp: Display: Loaded TP MacClientTargetPlatform
[2018.12.06-10.40.49:610][  0]LogTemp: Display: Loaded TP MacNoEditorTargetPlatform
[2018.12.06-10.40.49:626][  0]LogTemp: Display: Loaded TP MacServerTargetPlatform
[2018.12.06-10.40.49:652][  0]LogTemp: Display: Loaded TP MacTargetPlatform
[2018.12.06-10.40.49:680][  0]LogTemp: Display: Loaded TP WindowsClientTargetPlatform
[2018.12.06-10.40.49:699][  0]LogTemp: Display: Loaded TP WindowsNoEditorTargetPlatform
[2018.12.06-10.40.49:717][  0]LogTemp: Display: Loaded TP WindowsServerTargetPlatform
[2018.12.06-10.40.49:729][  0]LogTemp: Display: Loaded TP WindowsTargetPlatform
[2018.12.06-10.40.49:814][  0]LogTemp: Display: Loaded TP AndroidTargetPlatform
[2018.12.06-10.40.49:814][  0]LogTemp: Display: Loaded TP AndroidTargetPlatform
[2018.12.06-10.40.49:815][  0]LogTemp: Display: Loaded TP AndroidTargetPlatform
[2018.12.06-10.40.49:815][  0]LogTemp: Display: Loaded TP AndroidTargetPlatform
[2018.12.06-10.40.49:815][  0]LogTemp: Display: Loaded TP AndroidTargetPlatform
[2018.12.06-10.40.49:815][  0]LogTemp: Display: Loaded TP AndroidTargetPlatform
[2018.12.06-10.40.49:815][  0]LogTemp: Display: Loaded TP AndroidTargetPlatform
[2018.12.06-10.40.49:815][  0]LogTemp: Display: Loaded TP AndroidTargetPlatform
[2018.12.06-10.40.49:815][  0]LogTemp: Display: Loaded TP AndroidTargetPlatform
[2018.12.06-10.40.49:815][  0]LogTemp: Display: Loaded TP AndroidTargetPlatform
[2018.12.06-10.40.49:815][  0]LogTemp: Display: Loaded TP AndroidTargetPlatform
[2018.12.06-10.40.49:815][  0]LogTemp: Display: Loaded TP AndroidTargetPlatform
[2018.12.06-10.40.49:815][  0]LogTemp: Display: Loaded TP AndroidTargetPlatform
[2018.12.06-10.40.49:815][  0]LogTemp: Display: Loaded TP AndroidTargetPlatform
[2018.12.06-10.40.49:815][  0]LogTemp: Display: Loaded TP AndroidTargetPlatform
[2018.12.06-10.40.49:815][  0]LogTemp: Display: Loaded TP AndroidTargetPlatform
[2018.12.06-10.40.49:815][  0]LogTemp: Display: Loaded TP AndroidTargetPlatform
[2018.12.06-10.40.49:815][  0]LogTemp: Display: Loaded TP AndroidTargetPlatform
[2018.12.06-10.40.49:819][  0]LogTemp: Display: Loaded TP HTML5TargetPlatform
[2018.12.06-10.40.49:905][  0]LogTemp: Display: Loaded TP IOSTargetPlatform
[2018.12.06-10.40.49:905][  0]LogTemp: Display: Loaded TP IOSTargetPlatform
[2018.12.06-10.40.49:952][  0]LogTemp: Display: Loaded TP TVOSTargetPlatform
[2018.12.06-10.40.49:953][  0]LogTemp: Display: Loaded TP TVOSTargetPlatform
[2018.12.06-10.40.49:986][  0]LogTemp: Display: Loaded TP LinuxClientTargetPlatform
[2018.12.06-10.40.50:005][  0]LogTemp: Display: Loaded TP LinuxNoEditorTargetPlatform
[2018.12.06-10.40.50:019][  0]LogTemp: Display: Loaded TP LinuxServerTargetPlatform
[2018.12.06-10.40.50:033][  0]LogTemp: Display: Loaded TP LinuxTargetPlatform
[2018.12.06-10.40.50:045][  0]LogTemp: Display: Loaded TP LuminTargetPlatform
[2018.12.06-10.40.50:045][  0]LogTargetPlatformManager: Display: Building Assets For Windows
[2018.12.06-10.40.50:170][  0]LogXGEController: Cleaning working directory: C:/Users/h017026h/AppData/Local/Temp/UnrealXGEWorkingDir/
[2018.12.06-10.40.50:170][  0]LogXGEController: Cannot use XGE Controller as Incredibuild is not installed on this machine.
[2018.12.06-10.40.50:170][  0]LogShaderCompilers: Cannot use XGE Shader Compiler as Incredibuild is not installed on this machine.
[2018.12.06-10.40.50:170][  0]LogShaderCompilers: Display: Using Local Shader Compiler.
[2018.12.06-10.40.50:948][  0]LogDerivedDataCache: Display: Max Cache Size: 512 MB
[2018.12.06-10.40.51:014][  0]LogDerivedDataCache: Loaded boot cache 0.07s 71MB C:/Users/h017026h/AppData/Local/UnrealEngine/4.20/DerivedDataCache/Boot.ddc.
[2018.12.06-10.40.51:015][  0]LogDerivedDataCache: Display: Loaded Boot cache: C:/Users/h017026h/AppData/Local/UnrealEngine/4.20/DerivedDataCache/Boot.ddc
[2018.12.06-10.40.51:015][  0]LogDerivedDataCache: FDerivedDataBackendGraph:  Pak pak cache file ../../../../../../Users/h017026h/TGPPairProject/PairProject/DerivedDataCache/DDC.ddp not found, will not use a pak cache.
[2018.12.06-10.40.51:015][  0]LogDerivedDataCache: Unable to find inner node Pak for hierarchical cache Hierarchy.
[2018.12.06-10.40.51:015][  0]LogDerivedDataCache: FDerivedDataBackendGraph:  CompressedPak pak cache file ../../../../../../Users/h017026h/TGPPairProject/PairProject/DerivedDataCache/Compressed.ddp not found, will not use a pak cache.
[2018.12.06-10.40.51:015][  0]LogDerivedDataCache: Unable to find inner node CompressedPak for hierarchical cache Hierarchy.
[2018.12.06-10.40.51:030][  0]LogDerivedDataCache: Display: Pak cache opened for reading ../../../Engine/DerivedDataCache/Compressed.ddp.
[2018.12.06-10.40.51:043][  0]LogDerivedDataCache: Using Local data cache path C:/Users/h017026h/AppData/Local/UnrealEngine/Common/DerivedDataCache: Writable
[2018.12.06-10.40.51:043][  0]LogDerivedDataCache: Shared data cache path not found in *engine.ini, will not use an Shared cache.
[2018.12.06-10.40.51:044][  0]LogDerivedDataCache: Unable to find inner node Shared for hierarchical cache Hierarchy.
[2018.12.06-10.40.51:067][  0]LogMaterial: Verifying Global Shaders for PCD3D_SM5
[2018.12.06-10.40.51:068][  0]LogSlate: Using FreeType 2.6.0
[2018.12.06-10.40.51:071][  0]LogSlate: SlateFontServices - WITH_FREETYPE: 1, WITH_HARFBUZZ: 1
[2018.12.06-10.40.51:165][  0]LogAssetRegistry: FAssetRegistry took 0.0307 seconds to start up
[2018.12.06-10.40.51:532][  0]LogInit: Selected Device Profile: [Windows]
[2018.12.06-10.40.51:713][  0]LogSimplygon: Simplygon DLL not present - disabling.
[2018.12.06-10.40.51:727][  0]LogMeshReduction: Using SimplygonSwarm for distributed automatic mesh merging
[2018.12.06-10.40.51:727][  0]LogMeshReduction: Using ProxyLODMeshReduction for automatic mesh merging
[2018.12.06-10.40.51:727][  0]LogMeshReduction: Using QuadricMeshReduction for automatic static mesh reduction
[2018.12.06-10.40.51:728][  0]LogMeshReduction: No automatic skeletal mesh reduction module available
[2018.12.06-10.40.51:747][  0]LogNetVersion: PairProject 1.0.0, NetCL: 4212847, EngineNetVer: 5, GameNetVer: 0 (Checksum: 2248716754)
[2018.12.06-10.40.52:342][  0]LogPackageLocalizationCache: Processed 11 localized package path(s) for 2 prioritized culture(s) in 0.123617 seconds
[2018.12.06-10.40.52:353][  0]LogUObjectArray: 38425 objects as part of root set at end of initial load.
[2018.12.06-10.40.52:353][  0]LogUObjectAllocator: 6690872 out of 0 bytes used by permanent object pool.
[2018.12.06-10.40.52:353][  0]LogUObjectArray: CloseDisregardForGC: 0/0 objects in disregard for GC pool
[2018.12.06-10.40.53:346][  0]LogTcpMessaging: Initializing TcpMessaging bridge
[2018.12.06-10.40.53:366][  0]LogUdpMessaging: Initializing bridge on interface 0.0.0.0:0 to multicast group 230.0.0.1:6666.
[2018.12.06-10.40.53:586][  0]SourceControl: Source control is disabled
[2018.12.06-10.40.53:586][  0]SourceControl: Source control is disabled
[2018.12.06-10.40.53:590][  0]SourceControl: Source control is disabled
[2018.12.06-10.40.53:594][  0]SourceControl: Source control is disabled
[2018.12.06-10.40.53:885][  0]LogAndroidPermission: UAndroidPermissionCallbackProxy::GetInstance
[2018.12.06-10.40.53:962][  0]LogOcInput: OculusInput pre-init called
[2018.12.06-10.40.54:041][  0]LogEngine: Initializing Engine...
[2018.12.06-10.40.54:043][  0]LogHMD: Failed to initialize OpenVR with code 110
[2018.12.06-10.40.54:048][  0]LogStats: UGameplayTagsManager::ConstructGameplayTagTree: ImportINI prefixes -  0.000 s
[2018.12.06-10.40.54:048][  0]LogStats: UGameplayTagsManager::ConstructGameplayTagTree: Construct from data asset -  0.000 s
[2018.12.06-10.40.54:048][  0]LogStats: UGameplayTagsManager::ConstructGameplayTagTree: ImportINI -  0.001 s
[2018.12.06-10.40.54:049][  0]LogStats: UGameplayTagsManager::ConstructGameplayTagTree: GameplayTagTreeChangedEvent.Broadcast -  0.000 s
[2018.12.06-10.40.54:286][  0]LogInit: Initializing FReadOnlyCVARCache
[2018.12.06-10.40.54:304][  0]LogAIModule: Creating AISystem for world Untitled
[2018.12.06-10.40.54:315][  0]LogInit: XAudio2 using 'Speakers (2- High Definition Audio Device)' : 2 channels at 48 kHz using 16 bits per sample (channel mask 0x3)
[2018.12.06-10.40.54:367][  0]LogInit: FAudioDevice initialized.
[2018.12.06-10.40.54:367][  0]LogNetVersion: Set ProjectVersion to 1.0.0.0. Version Checksum will be recalculated on next use.
[2018.12.06-10.40.54:410][  0]LogDerivedDataCache: Saved boot cache 0.04s 71MB C:/Users/h017026h/AppData/Local/UnrealEngine/4.20/DerivedDataCache/Boot.ddc.
[2018.12.06-10.40.54:431][  0]LogInit: Texture streaming: Enabled
[2018.12.06-10.40.54:457][  0]LogEngineSessionManager: EngineSessionManager initialized
[2018.12.06-10.40.54:470][  0]LogInit: Transaction tracking system initialized
[2018.12.06-10.40.54:510][  0]BlueprintLog: New page: Editor Load
[2018.12.06-10.40.54:640][  0]LocalizationService: Localization service is disabled
[2018.12.06-10.40.55:085][  0]LogCook: Display: Max memory allowance for cook 16384mb min free memory 0mb
[2018.12.06-10.40.55:085][  0]LogCook: Display: Mobile HDR setting 1
[2018.12.06-10.40.55:086][  0]LogGameplayTags: Display: UGameplayTagsManager::DoneAddingNativeTags. DelegateIsBound: 0
[2018.12.06-10.40.55:086][  0]LogStats: UGameplayTagsManager::ConstructGameplayTagTree: ImportINI prefixes -  0.000 s
[2018.12.06-10.40.55:086][  0]LogStats: UGameplayTagsManager::ConstructGameplayTagTree: Construct from data asset -  0.000 s
[2018.12.06-10.40.55:086][  0]LogFileCache: Scanning file cache for directory 'C:/Users/h017026h/TGPPairProject/PairProject/Content/' took 0.01s
[2018.12.06-10.40.55:086][  0]LogStats: UGameplayTagsManager::ConstructGameplayTagTree: ImportINI -  0.000 s
[2018.12.06-10.40.55:086][  0]LogStats: UGameplayTagsManager::ConstructGameplayTagTree: GameplayTagTreeChangedEvent.Broadcast -  0.000 s
[2018.12.06-10.40.55:275][  0]SourceControl: Source control is disabled
[2018.12.06-10.40.55:275][  0]Cmd: MAP LOAD FILE="../../../Engine/Content/Maps/Templates/Template_Default.umap" TEMPLATE=1 SHOWPROGRESS=1 FEATURELEVEL=3
[2018.12.06-10.40.55:276][  0]LightingResults: New page: Lighting Build
[2018.12.06-10.40.55:280][  0]MapCheck: New page: Map Check
[2018.12.06-10.40.55:280][  0]LightingResults: New page: Lighting Build
[2018.12.06-10.40.55:424][  0]LogAIModule: Creating AISystem for world Untitled_1
[2018.12.06-10.40.55:442][  0]LogEditorServer: Finished looking for orphan Actors (0.000 secs)
[2018.12.06-10.40.55:479][  0]Cmd: MAP CHECKDEP NOCLEARLOG
[2018.12.06-10.40.55:593][  0]MapCheck: Map check complete: 0 Error(s), 0 Warning(s), took 113.784ms to complete.
[2018.12.06-10.40.55:593][  0]LogFileHelpers: Loading map 'Template_Default' took 0.318
[2018.12.06-10.40.55:741][  0]LogSlate: Updating window title bar state: overlay mode, drag disabled, window buttons hidden, title bar hidden
[2018.12.06-10.40.55:748][  0]LogSlate: Updating window title bar state: overlay mode, drag disabled, window buttons hidden, title bar hidden
[2018.12.06-10.40.55:754][  0]LogSlate: Updating window title bar state: overlay mode, drag disabled, window buttons hidden, title bar hidden
[2018.12.06-10.40.55:761][  0]LogSlate: Updating window title bar state: overlay mode, drag disabled, window buttons hidden, title bar hidden
[2018.12.06-10.40.55:771][  0]LogCollectionManager: Loaded 0 collections in 0.003065 seconds
[2018.12.06-10.40.55:838][  0]LogFileCache: Scanning file cache for directory 'C:/Users/h017026h/TGPPairProject/PairProject/Saved/Collections/' took 0.01s
[2018.12.06-10.40.55:838][  0]LogFileCache: Scanning file cache for directory 'C:/Users/h017026h/TGPPairProject/PairProject/Content/Developers/h017026h/Collections/' took 0.02s
[2018.12.06-10.40.55:838][  0]LogFileCache: Scanning file cache for directory 'C:/Users/h017026h/TGPPairProject/PairProject/Content/Collections/' took 0.02s
[2018.12.06-10.40.55:838][  0]LogCollectionManager: Rebuilt the GUID cache for 0 collections in 0.000001 seconds
[2018.12.06-10.40.55:862][  0]LogContentBrowser: Native class hierarchy populated in 0.0231 seconds. Added 2577 classes and 606 folders.
[2018.12.06-10.40.55:873][  0]LogContentBrowser: Native class hierarchy updated for 'WidgetCarousel' in 0.0004 seconds. Added 0 classes and 0 folders.
[2018.12.06-10.40.55:932][  0]LogContentBrowser: Native class hierarchy updated for 'AddContentDialog' in 0.0004 seconds. Added 0 classes and 0 folders.
[2018.12.06-10.40.55:941][  0]LogContentBrowser: Native class hierarchy updated for 'SceneOutliner' in 0.0004 seconds. Added 1 classes and 2 folders.
[2018.12.06-10.40.55:959][  0]LogSlate: Took 0.000222 seconds to synchronously load lazily loaded font '../../../Engine/Content/Slate/Fonts/Roboto-Regular.ttf' (155K)
[2018.12.06-10.40.55:961][  0]LogSlate: Took 0.000208 seconds to synchronously load lazily loaded font '../../../Engine/Content/Slate/Fonts/Roboto-Bold.ttf' (160K)
[2018.12.06-10.40.55:972][  0]LogSlate: Took 0.000386 seconds to synchronously load lazily loaded font '../../../Engine/Content/Editor/Slate/Fonts/FontAwesome.ttf' (139K)
[2018.12.06-10.40.56:046][  0]LogRenderer: Reallocating scene render targets to support 1168x576 Format 10 NumSamples 1 (Frame:1).
[2018.12.06-10.40.56:192][  0]LogContentBrowser: Native class hierarchy updated for 'HierarchicalLODOutliner' in 0.0009 seconds. Added 0 classes and 0 folders.
[2018.12.06-10.40.56:192][  0]LogLoad: (Engine Initialization) Total time: 10.43 seconds
[2018.12.06-10.40.56:192][  0]LogLoad: (Engine Initialization) Total Blueprint compile time: 0.00 seconds
[2018.12.06-10.40.56:204][  0]LogWindowsTextInputMethodSystem: Display: IME system now deactivated.
[2018.12.06-10.40.56:228][  0]LogContentStreaming: Texture pool size now 1000 MB
[2018.12.06-10.40.56:341][  0]LogSlate: Took 0.000262 seconds to synchronously load lazily loaded font '../../../Engine/Content/Slate/Fonts/Roboto-Light.ttf' (167K)
[2018.12.06-10.40.56:361][  1]LogAssetRegistry: Asset discovery search completed in 5.2218 seconds
[2018.12.06-10.40.56:364][  1]LogCollectionManager: Rebuilt the object cache for 0 collections in 0.000000 seconds (found 0 objects)
[2018.12.06-10.40.56:364][  1]LogCollectionManager: Fixed up redirectors for 0 collections in 0.000156 seconds (updated 0 objects)
[2018.12.06-10.40.57:223][100]LogSlate: Took 0.000216 seconds to synchronously load lazily loaded font '../../../Engine/Content/Slate/Fonts/Roboto-Light.ttf' (167K)
[2018.12.06-10.41.12:556][933]LogEditorViewport: Clicking on Actor (LMB): PlayerStart (Player Start)
[2018.12.06-10.41.14:552][160]LogSlate: FSceneViewport::OnFocusLost() reason 2
[2018.12.06-10.41.16:917][407]LogSlate: Prevented a slow task dialog from being summoned while a context menu was open
[2018.12.06-10.41.27:811][599]LogSlate: FSceneViewport::OnFocusLost() reason 2
[2018.12.06-10.41.27:815][599]LogAssetEditorManager: Opening Asset editor for Blueprint /Game/Blueprints/TestGameMode.TestGameMode
[2018.12.06-10.41.28:234][599]LogContentBrowser: Native class hierarchy updated for 'BlueprintGraph' in 0.0016 seconds. Added 116 classes and 0 folders.
[2018.12.06-10.41.33:073][ 79]LogAssetEditorManager: Opening Asset editor for Blueprint /Game/Blueprints/TestGameMode.TestGameMode
[2018.12.06-10.41.33:432][ 79]LogSlate: Took 0.000261 seconds to synchronously load lazily loaded font '../../../Engine/Content/Slate/Fonts/Roboto-BoldCondensed.ttf' (158K)
[2018.12.06-10.41.39:668][779]LogSlate: Prevented a slow task dialog from being summoned while a context menu was open
[2018.12.06-10.41.42:156][ 52]LogAssetEditorManager: Opening Asset editor for LevelScriptBlueprint /Temp/Untitled_1.Untitled_1:PersistentLevel.Untitled
[2018.12.06-10.42.15:115][271]LogSlate: Window 'Untitled - Level Blueprint Editor' being destroyed
[2018.12.06-10.42.15:119][271]LogSlate: Window 'Untitled - Level Blueprint Editor' being destroyed
[2018.12.06-10.42.26:969][606]LogSlate: Prevented a slow task dialog from being summoned while a context menu was open
[2018.12.06-10.42.31:196][ 54]LogAIModule: Creating AISystem for world CameraSwitchLevelTest
[2018.12.06-10.42.31:204][ 54]LogAssetEditorManager: Opening Asset editor for World /Game/CameraSwitchLevelTest.CameraSwitchLevelTest
[2018.12.06-10.42.31:244][ 54]Cmd: MAP LOAD FILE="../../../../../../Users/h017026h/TGPPairProject/PairProject/Content/CameraSwitchLevelTest.umap" TEMPLATE=0 SHOWPROGRESS=1 FEATURELEVEL=3
[2018.12.06-10.42.31:245][ 54]LightingResults: New page: Lighting Build
[2018.12.06-10.42.31:245][ 54]LoadErrors: New page: Loading map: CameraSwitchLevelTest.umap
[2018.12.06-10.42.31:246][ 54]MapCheck: New page: Map Check
[2018.12.06-10.42.31:246][ 54]LightingResults: New page: Lighting Build
[2018.12.06-10.42.31:278][ 54]LogEditorServer: Finished looking for orphan Actors (0.000 secs)
[2018.12.06-10.42.31:331][ 54]Cmd: MAP CHECKDEP NOCLEARLOG
[2018.12.06-10.42.31:468][ 54]MapCheck: Map check complete: 0 Error(s), 0 Warning(s), took 136.225ms to complete.
[2018.12.06-10.42.31:471][ 54]LogFileHelpers: Loading map 'CameraSwitchLevelTest' took 0.228
[2018.12.06-10.42.36:871][683]LogEditorViewport: Clicking on Actor (LMB): MyBPBaseCharacter_C (MyBPBaseCharacter)
[2018.12.06-10.42.37:970][792]Cmd: DELETE
[2018.12.06-10.42.37:970][792]Cmd: ACTOR DELETE
[2018.12.06-10.42.37:980][792]LogSlate: FSceneViewport::OnFocusLost() reason 2
[2018.12.06-10.42.42:341][792]LogSlate: Window 'Message' being destroyed
[2018.12.06-10.42.42:354][792]LogEditorActor: Deleted Actor: MyBPBaseCharacter_C
[2018.12.06-10.42.42:422][792]LogEditorActor: Deleted 1 Actors (4.452 secs)
[2018.12.06-10.42.43:235][889]LogEditorViewport: Clicking on Actor (LMB): MyBPBaseCharacter_C (MyBPBaseCharacter2)
[2018.12.06-10.42.43:809][932]Cmd: DELETE
[2018.12.06-10.42.43:809][932]Cmd: ACTOR DELETE
[2018.12.06-10.42.43:816][932]LogSlate: FSceneViewport::OnFocusLost() reason 2
[2018.12.06-10.42.44:901][932]LogSlate: Window 'Message' being destroyed
[2018.12.06-10.42.44:906][932]LogEditorActor: Deleted Actor: MyBPBaseCharacter_C
[2018.12.06-10.42.44:979][932]LogEditorActor: Deleted 1 Actors (1.169 secs)
[2018.12.06-10.42.46:119][ 68]LogSlate: FSceneViewport::OnFocusLost() reason 0
[2018.12.06-10.43.04:585][195]LogSlate: FSceneViewport::OnFocusLost() reason 0
[2018.12.06-10.43.09:603][729]LogSlate: FSceneViewport::OnFocusLost() reason 0
[2018.12.06-10.43.16:776][409]LogAssetEditorManager: Opening Asset editor for Blueprint /Game/Blueprints/TestGameMode.TestGameMode
[2018.12.06-10.43.31:861][100]LogAssetEditorManager: Opening Asset editor for LevelScriptBlueprint /Game/CameraSwitchLevelTest.CameraSwitchLevelTest:PersistentLevel.CameraSwitchLevelTest
[2018.12.06-10.43.32:118][101]LogSlate: Took 0.000241 seconds to synchronously load lazily loaded font '../../../Engine/Content/Slate/Fonts/Roboto-Italic.ttf' (157K)
[2018.12.06-10.43.54:465][685]BlueprintLog: New page: Compile CameraSwitchLevelTest
[2018.12.06-10.43.56:441][858]LogSavePackage: Moving '../../../../../../Users/h017026h/TGPPairProject/PairProject/Saved/CameraSwitchLevelTest4B8979EE438BA77FA27894AAEBEE22B6.tmp' to '../../../../../../Users/h017026h/TGPPairProject/PairProject/Content/CameraSwitchLevelTest.umap'
[2018.12.06-10.43.56:497][858]LogFileHelpers: Saving map 'CameraSwitchLevelTest' took 0.413
[2018.12.06-10.43.58:202][ 53]LogTemp: Repeating last play command: Selected Viewport
[2018.12.06-10.43.58:218][ 53]LogBlueprintUserMessages: Early PlayInEditor Detection: Level '/Game/CameraSwitchLevelTest.CameraSwitchLevelTest:PersistentLevel' has LevelScriptBlueprint '/Game/CameraSwitchLevelTest.CameraSwitchLevelTest:PersistentLevel.CameraSwitchLevelTest' with GeneratedClass '/Game/CameraSwitchLevelTest.CameraSwitchLevelTest_C' with ClassGeneratedBy '/Game/CameraSwitchLevelTest.CameraSwitchLevelTest:PersistentLevel.CameraSwitchLevelTest'
[2018.12.06-10.43.58:218][ 53]LogPlayLevel: PlayLevel: No blueprints needed recompiling
[2018.12.06-10.43.58:232][ 53]PIE: New page: PIE session: CameraSwitchLevelTest (6 Dec 2018 10:43:58)
[2018.12.06-10.43.58:233][ 53]LogPlayLevel: Creating play world package: /Game/UEDPIE_0_CameraSwitchLevelTest
[2018.12.06-10.43.58:235][ 53]LogPlayLevel: PIE: StaticDuplicateObject took: (0.002861s)
[2018.12.06-10.43.58:236][ 53]LogAIModule: Creating AISystem for world CameraSwitchLevelTest
[2018.12.06-10.43.58:237][ 53]LogPlayLevel: PIE: World Init took: (0.000975s)
[2018.12.06-10.43.58:237][ 53]LogPlayLevel: PIE: Created PIE world by copying editor world from /Game/CameraSwitchLevelTest.CameraSwitchLevelTest to /Game/UEDPIE_0_CameraSwitchLevelTest.CameraSwitchLevelTest (0.004240s)
[2018.12.06-10.43.58:348][ 53]LogInit: XAudio2 using 'Speakers (2- High Definition Audio Device)' : 2 channels at 48 kHz using 16 bits per sample (channel mask 0x3)
[2018.12.06-10.43.58:369][ 53]LogInit: FAudioDevice initialized.
[2018.12.06-10.43.58:428][ 53]LogLoad: Game class is 'TestGameMode_C'
[2018.12.06-10.43.58:433][ 53]LogWorld: Bringing World /Game/UEDPIE_0_CameraSwitchLevelTest.CameraSwitchLevelTest up for play (max tick rate 0) at 2018.12.06-10.43.58
[2018.12.06-10.43.58:433][ 53]LogWorld: Bringing up level for play took: 0.002340
[2018.12.06-10.43.58:474][ 53]LogContentBrowser: Native class hierarchy updated for 'MovieSceneCapture' in 0.0007 seconds. Added 10 classes and 0 folders.
[2018.12.06-10.43.58:475][ 53]PIE: Play in editor start time for /Game/UEDPIE_0_CameraSwitchLevelTest 1.151
[2018.12.06-10.43.58:476][ 53]LogBlueprintUserMessages: Late PlayInEditor Detection: Level '/Game/CameraSwitchLevelTest.CameraSwitchLevelTest:PersistentLevel' has LevelScriptBlueprint '/Game/CameraSwitchLevelTest.CameraSwitchLevelTest:PersistentLevel.CameraSwitchLevelTest' with GeneratedClass '/Game/CameraSwitchLevelTest.CameraSwitchLevelTest_C' with ClassGeneratedBy '/Game/CameraSwitchLevelTest.CameraSwitchLevelTest:PersistentLevel.CameraSwitchLevelTest'
[2018.12.06-10.44.05:085][836]LogBlueprintUserMessages: Early EndPlayMap Detection: Level '/Game/CameraSwitchLevelTest.CameraSwitchLevelTest:PersistentLevel' has LevelScriptBlueprint '/Game/CameraSwitchLevelTest.CameraSwitchLevelTest:PersistentLevel.CameraSwitchLevelTest' with GeneratedClass '/Game/CameraSwitchLevelTest.CameraSwitchLevelTest_C' with ClassGeneratedBy '/Game/CameraSwitchLevelTest.CameraSwitchLevelTest:PersistentLevel.CameraSwitchLevelTest'
[2018.12.06-10.44.05:085][836]LogSlate: Updating window title bar state: overlay mode, drag disabled, window buttons hidden, title bar hidden
[2018.12.06-10.44.05:136][836]LogPlayLevel: Display: Shutting down PIE online subsystems
[2018.12.06-10.44.05:136][836]LogBlueprintUserMessages: Late EndPlayMap Detection: Level '/Game/CameraSwitchLevelTest.CameraSwitchLevelTest:PersistentLevel' has LevelScriptBlueprint '/Game/CameraSwitchLevelTest.CameraSwitchLevelTest:PersistentLevel.CameraSwitchLevelTest' with GeneratedClass '/Game/CameraSwitchLevelTest.CameraSwitchLevelTest_C' with ClassGeneratedBy '/Game/CameraSwitchLevelTest.CameraSwitchLevelTest:PersistentLevel.CameraSwitchLevelTest'
[2018.12.06-10.44.05:192][836]LogSlate: Updating window title bar state: overlay mode, drag disabled, window buttons hidden, title bar hidden
[2018.12.06-10.44.05:210][837]LogPlayLevel: Display: Destroying online subsystem :Context_7
[2018.12.06-10.44.24:630][154]LogEditorViewport: Clicking on Actor (LMB): StaticMeshActor (Floor)
[2018.12.06-10.44.27:321][460]LogSlate: FSceneViewport::OnFocusLost() reason 0
[2018.12.06-10.44.29:745][744]LogEditorViewport: Clicking on Actor (LMB): StaticMeshActor (Floor)
[2018.12.06-10.44.38:031][703]LogSlate: FSceneViewport::OnFocusLost() reason 0
[2018.12.06-10.44.38:118][713]MapCheck: New page: Map Check
[2018.12.06-10.44.38:134][713]Cmd: MAP REBUILD ALLVISIBLE
[2018.12.06-10.44.38:135][713]LogEditorServer: Rebuildmap Clear paths rebuilt
[2018.12.06-10.44.38:182][713]LogMaterial: Display: Missing cached shader map for material FDebugViewModeMaterialProxy DefaultMaterial, compiling. 
[2018.12.06-10.44.38:198][713]LogShaderCompilers: Display: Shaders left to compile 1
[2018.12.06-10.44.38:198][713]LogMaterial: Display: Missing cached shader map for material FDebugViewModeMaterialProxy MaterialInstanceDynamic_0, compiling. 
[2018.12.06-10.44.38:204][713]LogMaterial: Display: Missing cached shader map for material FDebugViewModeMaterialProxy MatineeCam_mat, compiling. 
[2018.12.06-10.44.38:209][713]LogMaterial: Display: Missing cached shader map for material FDebugViewModeMaterialProxy BasicShapeMaterial, compiling. 
[2018.12.06-10.44.38:892][713]LogShaderCompilers: Display: Shaders left to compile 3
[2018.12.06-10.44.38:892][713]LogShaderCompilers: Display: Shaders left to compile 2
[2018.12.06-10.44.38:892][713]LogShaderCompilers: Display: Shaders left to compile 1
[2018.12.06-10.44.38:892][713]TextureStreamingBuild: Display: Compiling optional shaders took 0.714 seconds.
[2018.12.06-10.44.38:900][713]LogLevel: Display: Export Material TexCoord Scales took 0.007 seconds.
[2018.12.06-10.44.38:910][713]TextureStreamingBuild: Display: Build Texture Streaming took 0.010 seconds.
[2018.12.06-10.44.38:943][713]LightingResults: New page: Lighting Build - 6 Dec 2018 10:44:38
[2018.12.06-10.44.39:008][713]LogSwarmInterface: [OpenConnection] Registering TCP channel ...
[2018.12.06-10.44.39:098][713]LogSwarmInterface: [OpenConnection] Connecting to agent ...
[2018.12.06-10.44.39:113][713]LogSwarmInterface: [TryOpenConnection] Testing the Agent
[2018.12.06-10.44.39:646][713]LogSwarmInterface: [TryOpenConnection] Opening Connection to Agent
[2018.12.06-10.44.39:646][713]LogSwarmInterface: [TryOpenConnection] Local Process ID is 11736
[2018.12.06-10.44.51:172][713]LogStaticLightingSystem: Warning: No importance volume found, so the scene bounding box was used.  You can optimize your scene's quality and lighting build times by adding importance volumes.
[2018.12.06-10.44.51:173][713]LogStaticLightingSystem: Running Lightmass w/ ImmediateImport mode ENABLED
[2018.12.06-10.44.51:173][713]LogStaticLightingSystem: Running Lightmass w/ ImmediateProcess mode ENABLED
[2018.12.06-10.44.51:173][713]LogStaticLightingSystem: Running Lightmass w/ Sorting mode ENABLED
[2018.12.06-10.44.51:173][713]LogStaticLightingSystem: Running Lightmass w/ Mapping paddings ENABLED
[2018.12.06-10.44.51:174][713]LogStaticLightingSystem: Running Lightmass w/ Mapping debug paddings DISABLED
[2018.12.06-10.44.51:317][713]Cmd: MAP CHECK DONTDISPLAYDIALOG
[2018.12.06-10.44.51:317][713]MapCheck: New page: CameraSwitchLevelTest - 6 Dec 2018 10:44:51
[2018.12.06-10.44.51:319][713]MapCheck: Error: WorldSettings_1 Maps need lighting rebuilt 
[2018.12.06-10.44.51:319][713]MapCheck: Warning: MyBPBaseCharacter_2 Static mesh actor has NULL StaticMesh property 
[2018.12.06-10.44.51:320][713]MapCheck: Warning: MyBPBaseCharacter2_5 Static mesh actor has NULL StaticMesh property 
[2018.12.06-10.44.51:471][713]MapCheck: Map check complete: 1 Error(s), 2 Warning(s), took 153.125ms to complete.
[2018.12.06-10.44.51:498][713]LogEditorBuildUtils: Build time 0:13
[2018.12.06-10.44.53:337][812]Job is a success!
[2018.12.06-10.44.53:391][813]LogVolumetricLightmapImport: Imported Volumetric Lightmap in 0.009s
[2018.12.06-10.44.53:391][813]LogVolumetricLightmapImport:      Indirection Texture 16x16x16 = 0.0Mb
[2018.12.06-10.44.53:392][813]LogVolumetricLightmapImport:      BrickData 145x5x5 = 0.1Mb
[2018.12.06-10.44.53:392][813]LogVolumetricLightmapImport:      Bricks at Level
[2018.12.06-10.44.53:392][813]LogVolumetricLightmapImport:          0: 3.4% covering 100.0% of volume
[2018.12.06-10.44.53:392][813]LogVolumetricLightmapImport:          1: 13.8% covering 6.3% of volume
[2018.12.06-10.44.53:392][813]LogVolumetricLightmapImport:          2: 82.8% covering 0.6% of volume
[2018.12.06-10.44.53:430][813]LogTexture: Display: Building textures: HQ_Lightmap0_1 (AutoDXT, 256X256)
[2018.12.06-10.44.53:431][813]LogTexture: Display: Building textures: LQ_Lightmap_0_1 (DXT1, 256X256)
[2018.12.06-10.44.53:431][813]LogTexture: Display: Building textures: HQ_Lightmap0_2 (AutoDXT, 64X64)
[2018.12.06-10.44.53:431][813]LogTexture: Display: Building textures: LQ_Lightmap_0_2 (DXT1, 64X64)
[2018.12.06-10.44.53:431][813]LogTexture: Display: Building textures: ShadowMapTexture2D_1 (G8, 32X32)
[2018.12.06-10.44.53:432][813]LogTexture: Display: Building textures: ShadowMapTexture2D_0 (G8, 128X128)
[2018.12.06-10.44.53:457][813]Lightmass on C117B-04: 1.05 sec total, 160 ms importing, 22 ms setup, 391 ms photons, 449 ms processing, 0 ms extra exporting [2/2 mappings]. Threads: 2.98 sec total, 192 ms processing.
[2018.12.06-10.44.53:502][813]LogStaticLightingSystem: Illumination: 14.5 sec (21 ms encoding lightmaps, 6 ms encoding shadowmaps)
[2018.12.06-10.44.53:502][813]LogStaticLightingSystem: Lightmap texture memory:  0.1 MB (0.1 MB streaming, 0.0 MB non-streaming), 4 textures
[2018.12.06-10.44.53:502][813]LogStaticLightingSystem: Shadowmap texture memory: 0.0 MB (0.0 MB streaming, 0.0 MB non-streaming), 2 textures
[2018.12.06-10.44.54:185][813]DumpUnbuiltLightIteractions
[2018.12.06-10.44.54:185][813]Lights with unbuilt interactions: 0
[2018.12.06-10.44.54:185][813]
[2018.12.06-10.44.54:185][813]Primitives with unbuilt interactions: 0
[2018.12.06-10.44.54:291][814]Cmd: MAP CHECK NOTIFYRESULTS
[2018.12.06-10.44.54:292][814]MapCheck: New page: CameraSwitchLevelTest - 6 Dec 2018 10:44:54
[2018.12.06-10.44.54:293][814]MapCheck: Warning: MyBPBaseCharacter_2 Static mesh actor has NULL StaticMesh property 
[2018.12.06-10.44.54:293][814]MapCheck: Warning: MyBPBaseCharacter2_5 Static mesh actor has NULL StaticMesh property 
[2018.12.06-10.44.54:428][814]MapCheck: Map check complete: 0 Error(s), 2 Warning(s), took 137.357ms to complete.
[2018.12.06-10.45.04:627][942]LogSlate: Window 'Message Log' being destroyed
[2018.12.06-10.45.04:631][942]LogSlate: Window 'Message Log' being destroyed
[2018.12.06-10.45.09:170][451]LogSlate: FSceneViewport::OnFocusLost() reason 0
[2018.12.06-10.45.09:364][472]LogAssetEditorManager: Opening Asset editor for Blueprint /Game/MyBPBaseCharacter.MyBPBaseCharacter
[2018.12.06-10.45.47:178][522]LogSlate: Window 'MyBPBaseCharacter' being destroyed
[2018.12.06-10.45.47:182][522]LogSlate: Window 'MyBPBaseCharacter' being destroyed
[2018.12.06-10.45.49:829][811]LogTemp: Repeating last play command: Selected Viewport
[2018.12.06-10.45.49:851][811]LogBlueprintUserMessages: Early PlayInEditor Detection: Level '/Game/CameraSwitchLevelTest.CameraSwitchLevelTest:PersistentLevel' has LevelScriptBlueprint '/Game/CameraSwitchLevelTest.CameraSwitchLevelTest:PersistentLevel.CameraSwitchLevelTest' with GeneratedClass '/Game/CameraSwitchLevelTest.CameraSwitchLevelTest_C' with ClassGeneratedBy '/Game/CameraSwitchLevelTest.CameraSwitchLevelTest:PersistentLevel.CameraSwitchLevelTest'
[2018.12.06-10.45.49:851][811]LogPlayLevel: PlayLevel: No blueprints needed recompiling
[2018.12.06-10.45.49:852][811]PIE: New page: PIE session: CameraSwitchLevelTest (6 Dec 2018 10:45:49)
[2018.12.06-10.45.49:852][811]LogPlayLevel: Creating play world package: /Game/UEDPIE_0_CameraSwitchLevelTest
[2018.12.06-10.45.49:855][811]LogPlayLevel: PIE: StaticDuplicateObject took: (0.003344s)
[2018.12.06-10.45.49:856][811]LogAIModule: Creating AISystem for world CameraSwitchLevelTest
[2018.12.06-10.45.49:857][811]LogPlayLevel: PIE: World Init took: (0.001119s)
[2018.12.06-10.45.49:857][811]LogPlayLevel: PIE: Created PIE world by copying editor world from /Game/CameraSwitchLevelTest.CameraSwitchLevelTest to /Game/UEDPIE_0_CameraSwitchLevelTest.CameraSwitchLevelTest (0.004925s)
[2018.12.06-10.45.49:936][811]LogInit: XAudio2 using 'Speakers (2- High Definition Audio Device)' : 2 channels at 48 kHz using 16 bits per sample (channel mask 0x3)
[2018.12.06-10.45.49:959][811]LogInit: FAudioDevice initialized.
[2018.12.06-10.45.50:008][811]LogLoad: Game class is 'TestGameMode_C'
[2018.12.06-10.45.50:011][811]LogWorld: Bringing World /Game/UEDPIE_0_CameraSwitchLevelTest.CameraSwitchLevelTest up for play (max tick rate 0) at 2018.12.06-10.45.50
[2018.12.06-10.45.50:012][811]LogWorld: Bringing up level for play took: 0.002311
[2018.12.06-10.45.50:029][811]PIE: Play in editor start time for /Game/UEDPIE_0_CameraSwitchLevelTest 0.706
[2018.12.06-10.45.50:030][811]LogBlueprintUserMessages: Late PlayInEditor Detection: Level '/Game/CameraSwitchLevelTest.CameraSwitchLevelTest:PersistentLevel' has LevelScriptBlueprint '/Game/CameraSwitchLevelTest.CameraSwitchLevelTest:PersistentLevel.CameraSwitchLevelTest' with GeneratedClass '/Game/CameraSwitchLevelTest.CameraSwitchLevelTest_C' with ClassGeneratedBy '/Game/CameraSwitchLevelTest.CameraSwitchLevelTest:PersistentLevel.CameraSwitchLevelTest'
[2018.12.06-10.45.53:333][201]LogBlueprintUserMessages: Early EndPlayMap Detection: Level '/Game/CameraSwitchLevelTest.CameraSwitchLevelTest:PersistentLevel' has LevelScriptBlueprint '/Game/CameraSwitchLevelTest.CameraSwitchLevelTest:PersistentLevel.CameraSwitchLevelTest' with GeneratedClass '/Game/CameraSwitchLevelTest.CameraSwitchLevelTest_C' with ClassGeneratedBy '/Game/CameraSwitchLevelTest.CameraSwitchLevelTest:PersistentLevel.CameraSwitchLevelTest'
[2018.12.06-10.45.53:334][201]LogSlate: Updating window title bar state: overlay mode, drag disabled, window buttons hidden, title bar hidden
[2018.12.06-10.45.53:383][201]LogPlayLevel: Display: Shutting down PIE online subsystems
[2018.12.06-10.45.53:383][201]LogBlueprintUserMessages: Late EndPlayMap Detection: Level '/Game/CameraSwitchLevelTest.CameraSwitchLevelTest:PersistentLevel' has LevelScriptBlueprint '/Game/CameraSwitchLevelTest.CameraSwitchLevelTest:PersistentLevel.CameraSwitchLevelTest' with GeneratedClass '/Game/CameraSwitchLevelTest.CameraSwitchLevelTest_C' with ClassGeneratedBy '/Game/CameraSwitchLevelTest.CameraSwitchLevelTest:PersistentLevel.CameraSwitchLevelTest'
[2018.12.06-10.45.53:431][201]LogSlate: Updating window title bar state: overlay mode, drag disabled, window buttons hidden, title bar hidden
[2018.12.06-10.45.53:449][202]LogPlayLevel: Display: Destroying online subsystem :Context_11
