Log file open, 11/22/18 10:08:56
LogWindows: Failed to load 'aqProf.dll' (GetLastError=126)
LogWindows: File 'aqProf.dll' does not exist
LogWindows: Failed to load 'VSPerf140.dll' (GetLastError=126)
LogWindows: File 'VSPerf140.dll' does not exist
LogWindows: Failed to load 'VtuneApi.dll' (GetLastError=126)
LogWindows: File 'VtuneApi.dll' does not exist
LogWindows: Failed to load 'VtuneApi32e.dll' (GetLastError=126)
LogWindows: File 'VtuneApi32e.dll' does not exist
LogInit: Display: Running engine for game: PairProject
LogPlatformFile: Not using cached read wrapper
LogTaskGraph: Started task graph with 5 named threads and 23 total threads with 3 sets of task threads.
LogStats: Stats thread started at 0.405931
LogD3D11RHI: Loaded GFSDK_Aftermath_Lib.x64.dll
LogICUInternationalization: Display: ICU TimeZone Detection - Raw Offset: +0:00, Platform Override: ''
LogPluginManager: Mounting plugin Paper2D
LogPluginManager: Mounting plugin AISupport
LogPluginManager: Mounting plugin LightPropagationVolume
LogPluginManager: Mounting plugin CLionSourceCodeAccess
LogPluginManager: Mounting plugin CodeLiteSourceCodeAccess
LogPluginManager: Mounting plugin GitSourceControl
LogPluginManager: Mounting plugin KDevelopSourceCodeAccess
LogPluginManager: Mounting plugin NullSourceCodeAccess
LogPluginManager: Mounting plugin PerforceSourceControl
LogPluginManager: Mounting plugin SubversionSourceControl
LogPluginManager: Mounting plugin UObjectPlugin
LogPluginManager: Mounting plugin VisualStudioCodeSourceCodeAccess
LogPluginManager: Mounting plugin VisualStudioSourceCodeAccess
LogPluginManager: Mounting plugin XCodeSourceCodeAccess
LogPluginManager: Mounting plugin AssetManagerEditor
LogPluginManager: Mounting plugin CryptoKeys
LogPluginManager: Mounting plugin DataValidation
LogPluginManager: Mounting plugin FacialAnimation
LogPluginManager: Mounting plugin GameplayTagsEditor
LogPluginManager: Mounting plugin MacGraphicsSwitching
LogPluginManager: Mounting plugin MeshEditor
LogPluginManager: Mounting plugin MobileLauncherProfileWizard
LogPluginManager: Mounting plugin PluginBrowser
LogPluginManager: Mounting plugin SpeedTreeImporter
LogPluginManager: Mounting plugin DatasmithContent
LogPluginManager: Mounting plugin AlembicImporter
LogPluginManager: Mounting plugin AppleImageUtils
LogPluginManager: Mounting plugin AppleVision
LogPluginManager: Mounting plugin BackChannel
LogPluginManager: Mounting plugin CharacterAI
LogPluginManager: Mounting plugin GeometryCache
LogPluginManager: Mounting plugin HTML5Networking
LogPluginManager: Mounting plugin ProxyLODPlugin
LogPluginManager: Mounting plugin MagicLeap
LogPluginManager: Mounting plugin MagicLeapEmulator
LogPluginManager: Mounting plugin MagicLeapMedia
LogPluginManager: Mounting plugin AndroidMedia
LogPluginManager: Mounting plugin AvfMedia
LogPluginManager: Mounting plugin ImgMedia
LogPluginManager: Mounting plugin LinearTimecode
LogPluginManager: Mounting plugin MediaCompositing
LogPluginManager: Mounting plugin MediaPlayerEditor
LogPluginManager: Mounting plugin WmfMedia
LogPluginManager: Mounting plugin TcpMessaging
LogPluginManager: Mounting plugin UdpMessaging
LogPluginManager: Mounting plugin ActorSequence
LogPluginManager: Mounting plugin LevelSequenceEditor
LogPluginManager: Mounting plugin MatineeToLevelSequence
LogPluginManager: Mounting plugin NetcodeUnitTest
LogPluginManager: Mounting plugin NUTUnrealEngine4
LogPluginManager: Mounting plugin OnlineSubsystemGooglePlay
LogPluginManager: Mounting plugin OnlineSubsystemIOS
LogPluginManager: Mounting plugin OnlineSubsystem
LogPluginManager: Mounting plugin OnlineSubsystemNull
LogPluginManager: Mounting plugin OnlineSubsystemUtils
LogPluginManager: Mounting plugin LauncherChunkInstaller
LogPluginManager: Mounting plugin AndroidDeviceProfileSelector
LogPluginManager: Mounting plugin AndroidMoviePlayer
LogPluginManager: Mounting plugin AndroidPermission
LogPluginManager: Mounting plugin AppleMoviePlayer
LogPluginManager: Mounting plugin ArchVisCharacter
LogPluginManager: Mounting plugin AudioCapture
LogPluginManager: Mounting plugin CableComponent
LogPluginManager: Mounting plugin CustomMeshComponent
LogPluginManager: Mounting plugin EditableMesh
LogPluginManager: Mounting plugin ExampleDeviceProfileSelector
LogPluginManager: Mounting plugin GoogleCloudMessaging
LogPluginManager: Mounting plugin ImmediatePhysics
LogPluginManager: Mounting plugin IOSDeviceProfileSelector
LogPluginManager: Mounting plugin LinuxDeviceProfileSelector
LogPluginManager: Mounting plugin LocationServicesBPLibrary
LogPluginManager: Mounting plugin MobilePatchingUtils
LogPluginManager: Mounting plugin OculusVR
LogPluginManager: Plugin shader directory ../../../Engine/Plugins/Runtime/Oculus/OculusVR/Shaders found
LogPluginManager: Mapping shader source directory ../../../Engine/Plugins/Runtime/Oculus/OculusVR/Shaders to virtual directory /Plugin/OculusVR
LogPluginManager: Mounting plugin PhysXVehicles
LogPluginManager: Mounting plugin ProceduralMeshComponent
LogPluginManager: Mounting plugin RuntimePhysXCooking
LogPluginManager: Mounting plugin SteamVR
LogPluginManager: Mounting plugin WindowsMoviePlayer
LogStreaming: Display: Took  0.209s to configure plugins.
LogInit: Using libcurl 7.55.1-DEV
LogInit:  - built for x86_64-pc-win32
LogInit:  - supports SSL with OpenSSL/1.0.2h
LogInit:  - supports HTTP deflate (compression) using libz 1.2.8
LogInit:  - other features:
LogInit:      CURL_VERSION_SSL
LogInit:      CURL_VERSION_LIBZ
LogInit:      CURL_VERSION_IPV6
LogInit:      CURL_VERSION_ASYNCHDNS
LogInit:      CURL_VERSION_LARGEFILE
LogInit:      CURL_VERSION_IDN
LogInit:  CurlRequestOptions (configurable via config and command line):
LogInit:  - bVerifyPeer = false  - Libcurl will NOT verify peer certificate
LogInit:  - bUseHttpProxy = false  - Libcurl will NOT use HTTP proxy
LogInit:  - bDontReuseConnections = false  - Libcurl will reuse connections
LogInit:  - CertBundlePath = nullptr  - Libcurl will use whatever was configured at build time.
LogInit:  - MaxHostConnections = 16  - Libcurl will limit the number of connections to a host
LogInit:  - LocalHostAddr = Default
LogInit:  - BufferSize = 65536
LogInit: WinSock: version 1.1 (2.2), MaxSocks=32767, MaxUdp=65467
LogInit: Build: ++UE4+Release-4.20-CL-4369336
LogInit: Engine Version: 4.20.3-4369336+++UE4+Release-4.20
LogInit: Compatible Engine Version: 4.20.0-4212847+++UE4+Release-4.20
LogInit: Net CL: 4212847
LogInit: OS: Windows 10 (), CPU: Intel(R) Xeon(R) W-2123 CPU @ 3.60GHz, GPU: NVIDIA GeForce GTX 1070
LogInit: Compiled (64-bit): Sep 17 2018 12:26:19
LogInit: Compiled with Visual C++: 19.13.26129.00
LogInit: Build Configuration: Development
LogInit: Branch Name: ++UE4+Release-4.20
LogInit: Command Line:  -skipcompile
LogInit: Base Directory: C:/Epic/UE4/UE_4.20/Engine/Binaries/Win64/
LogInit: Installed Engine Build: 1
LogDevObjectVersion: Number of dev versions registered: 20
LogDevObjectVersion:   Dev-Blueprints (B0D832E4-1F89-4F0D-ACCF-7EB736FD4AA2): 10
LogDevObjectVersion:   Dev-Build (E1C64328-A22C-4D53-A36C-8E866417BD8C): 0
LogDevObjectVersion:   Dev-Core (375EC13C-06E4-48FB-B500-84F0262A717E): 2
LogDevObjectVersion:   Dev-Editor (E4B068ED-F494-42E9-A231-DA0B2E46BB41): 24
LogDevObjectVersion:   Dev-Framework (CFFC743F-43B0-4480-9391-14DF171D2073): 34
LogDevObjectVersion:   Dev-Mobile (B02B49B5-BB20-44E9-A304-32B752E40360): 2
LogDevObjectVersion:   Dev-Networking (A4E4105C-59A1-49B5-A7C5-40C4547EDFEE): 0
LogDevObjectVersion:   Dev-Online (39C831C9-5AE6-47DC-9A44-9C173E1C8E7C): 0
LogDevObjectVersion:   Dev-Physics (78F01B33-EBEA-4F98-B9B4-84EACCB95AA2): 0
LogDevObjectVersion:   Dev-Platform (6631380F-2D4D-43E0-8009-CF276956A95A): 0
LogDevObjectVersion:   Dev-Rendering (12F88B9F-8875-4AFC-A67C-D90C383ABD29): 26
LogDevObjectVersion:   Dev-Sequencer (7B5AE74C-D270-4C10-A958-57980B212A5A): 9
LogDevObjectVersion:   Dev-VR (D7296918-1DD6-4BDD-9DE2-64A83CC13884): 2
LogDevObjectVersion:   Dev-LoadTimes (C2A15278-BFE7-4AFE-6C17-90FF531DF755): 1
LogDevObjectVersion:   Private-Geometry (6EACA3D4-40EC-4CC1-B786-8BED09428FC5): 3
LogDevObjectVersion:   Dev-AnimPhys (29E575DD-E0A3-4627-9D10-D276232CDCEA): 17
LogDevObjectVersion:   Dev-ReflectionCapture (6B266CEC-1EC7-4B8F-A30B-E4D90942FC07): 1
LogDevObjectVersion:   Dev-Automation (0DF73D61-A23F-47EA-B727-89E90C41499A): 1
LogDevObjectVersion:   FortniteMain (601D1886-AC64-4F84-AA16-D3DE0DEAC7D6): 12
LogDevObjectVersion:   Dev-Enterprise (9DFFBCD6-494F-0158-E221-12823C92A888): 1
LogStreaming: Display: Took  0.017s to delete old logs.
LogInit: Presizing for max 8388607 objects, including 0 objects not considered by GC, pre-allocating 0 bytes for permanent pool.
LogInit: Object subsystem initialized
[2018.11.22-10.08.56:691][  0]LogInit: Selected Device Profile: [Windows]
[2018.11.22-10.08.56:691][  0]LogInit: Applying CVar settings loaded from the selected device profile: [Windows]
[2018.11.22-10.08.56:721][  0]LogHAL: Display: Platform has ~ 32 GB [34065870848 / 34359738368 / 32], which maps to Largest [LargestMinGB=32, LargerMinGB=12, DefaultMinGB=8, SmallerMinGB=6, SmallestMinGB=0)
[2018.11.22-10.08.56:722][  0]LogInit: Setting Device Profile CVar: [[r.Vulkan.UseRealUBs:1]]
[2018.11.22-10.08.56:722][  0]LogInit: Going up to parent DeviceProfile []
[2018.11.22-10.08.56:723][  0]LogInit: Computer: C117B-03
[2018.11.22-10.08.56:723][  0]LogInit: User: c013767h
[2018.11.22-10.08.56:723][  0]LogInit: CPU Page size=4096, Cores=4
[2018.11.22-10.08.56:723][  0]LogInit: High frequency timer resolution =3.515629 MHz
[2018.11.22-10.08.56:724][  0]LogMemory: Memory total: Physical=31.7GB (32GB approx)
[2018.11.22-10.08.56:724][  0]LogMemory: Platform Memory Stats for Windows
[2018.11.22-10.08.56:724][  0]LogMemory: Process Physical Memory: 100.96 MB used, 100.96 MB peak
[2018.11.22-10.08.56:724][  0]LogMemory: Process Virtual Memory: 90.92 MB used, 90.92 MB peak
[2018.11.22-10.08.56:724][  0]LogMemory: Physical Memory: 6562.05 MB used,  25925.70 MB free, 32487.75 MB total
[2018.11.22-10.08.56:724][  0]LogMemory: Virtual Memory: 4640.09 MB used,  25925.70 MB free, 134217728.00 MB total
[2018.11.22-10.08.56:856][  0]LogInit: Using OS detected language (en-US).
[2018.11.22-10.08.56:856][  0]LogInit: Using OS detected locale (en-GB).
[2018.11.22-10.08.56:857][  0]LogTextLocalizationManager: No specific localization for 'en-US' exists, so the 'en' localization will be used.
[2018.11.22-10.08.57:206][  0]LogStreaming: Display: Took  0.350s to InitEngineTextLocalization.
[2018.11.22-10.08.57:206][  0]LogInit: Setting process to per monitor DPI aware
[2018.11.22-10.08.57:285][  0]LogSlate: New Slate User Created.  User Index 0, Is Virtual User: 0
[2018.11.22-10.08.57:285][  0]LogSlate: Slate User Registered.  User Index 0, Is Virtual User: 0
[2018.11.22-10.08.57:526][  0]LogHMD: Failed to initialize OpenVR with code 110
[2018.11.22-10.08.57:526][  0]LogD3D11RHI: D3D11 adapters:
[2018.11.22-10.08.57:641][  0]LogD3D11RHI:    0. 'NVIDIA GeForce GTX 1070' (Feature Level 11_0)
[2018.11.22-10.08.57:641][  0]LogD3D11RHI:       8088/0/16243 MB DedicatedVideo/DedicatedSystem/SharedSystem, Outputs:2, VendorId:0x10de
[2018.11.22-10.08.57:646][  0]LogD3D11RHI:    1. 'Microsoft Basic Render Driver' (Feature Level 11_0)
[2018.11.22-10.08.57:646][  0]LogD3D11RHI:       0/0/16243 MB DedicatedVideo/DedicatedSystem/SharedSystem, Outputs:0, VendorId:0x1414
[2018.11.22-10.08.57:646][  0]LogD3D11RHI: Chosen D3D11 Adapter: 0
[2018.11.22-10.08.57:652][  0]LogD3D11RHI: Creating new Direct3DDevice
[2018.11.22-10.08.57:652][  0]LogD3D11RHI:     GPU DeviceId: 0x1b81 (for the marketing name, search the web for "GPU Device Id")
[2018.11.22-10.08.57:653][  0]LogWindows: EnumDisplayDevices:
[2018.11.22-10.08.57:653][  0]LogWindows:    0. 'NVIDIA GeForce GTX 1070' (P:1 D:1)
[2018.11.22-10.08.57:653][  0]LogWindows:    1. 'NVIDIA GeForce GTX 1070' (P:0 D:1)
[2018.11.22-10.08.57:653][  0]LogWindows:    2. 'NVIDIA GeForce GTX 1070' (P:0 D:0)
[2018.11.22-10.08.57:654][  0]LogWindows:    3. 'NVIDIA GeForce GTX 1070' (P:0 D:0)
[2018.11.22-10.08.57:654][  0]LogWindows: DebugString: FoundDriverCount:4 
[2018.11.22-10.08.57:654][  0]LogD3D11RHI:     Adapter Name: NVIDIA GeForce GTX 1070
[2018.11.22-10.08.57:654][  0]LogD3D11RHI:   Driver Version: 399.24 (internal:24.21.13.9924, unified:399.24)
[2018.11.22-10.08.57:654][  0]LogD3D11RHI:      Driver Date: 9-5-2018
[2018.11.22-10.08.57:654][  0]LogRHI: Texture pool is 5661 MB (70% of 8088 MB)
[2018.11.22-10.08.57:704][  0]LogD3D11RHI: Async texture creation enabled
[2018.11.22-10.08.57:721][  0]LogD3D11RHI: GPU Timing Frequency: 1000.000000 (Debug: 2 2)
[2018.11.22-10.08.57:727][  0]LogShaderCompilers: Guid format shader working directory is -31 characters bigger than the processId version (E:/Staffs Uni/Level 5/Technical Games Production/Pair/TGPPairProject/PairProject/Intermediate/Shaders/WorkingDirectory/8480/).
[2018.11.22-10.08.57:727][  0]LogShaderCompilers: Cleaned the shader compiler working directory 'C:/Users/c013767h/AppData/Local/Temp/UnrealShaderWorkingDir/3F31722C47C46EBA462BB5851264CC6B/'.
[2018.11.22-10.08.58:032][  0]LogTemp: Display: Loaded TP AllDesktopTargetPlatform
[2018.11.22-10.08.58:055][  0]LogTemp: Display: Loaded TP MacClientTargetPlatform
[2018.11.22-10.08.58:071][  0]LogTemp: Display: Loaded TP MacNoEditorTargetPlatform
[2018.11.22-10.08.58:086][  0]LogTemp: Display: Loaded TP MacServerTargetPlatform
[2018.11.22-10.08.58:102][  0]LogTemp: Display: Loaded TP MacTargetPlatform
[2018.11.22-10.08.58:116][  0]LogTemp: Display: Loaded TP WindowsClientTargetPlatform
[2018.11.22-10.08.58:131][  0]LogTemp: Display: Loaded TP WindowsNoEditorTargetPlatform
[2018.11.22-10.08.58:146][  0]LogTemp: Display: Loaded TP WindowsServerTargetPlatform
[2018.11.22-10.08.58:154][  0]LogTemp: Display: Loaded TP WindowsTargetPlatform
[2018.11.22-10.08.58:233][  0]LogTemp: Display: Loaded TP AndroidTargetPlatform
[2018.11.22-10.08.58:233][  0]LogTemp: Display: Loaded TP AndroidTargetPlatform
[2018.11.22-10.08.58:233][  0]LogTemp: Display: Loaded TP AndroidTargetPlatform
[2018.11.22-10.08.58:233][  0]LogTemp: Display: Loaded TP AndroidTargetPlatform
[2018.11.22-10.08.58:233][  0]LogTemp: Display: Loaded TP AndroidTargetPlatform
[2018.11.22-10.08.58:233][  0]LogTemp: Display: Loaded TP AndroidTargetPlatform
[2018.11.22-10.08.58:234][  0]LogTemp: Display: Loaded TP AndroidTargetPlatform
[2018.11.22-10.08.58:234][  0]LogTemp: Display: Loaded TP AndroidTargetPlatform
[2018.11.22-10.08.58:234][  0]LogTemp: Display: Loaded TP AndroidTargetPlatform
[2018.11.22-10.08.58:234][  0]LogTemp: Display: Loaded TP AndroidTargetPlatform
[2018.11.22-10.08.58:234][  0]LogTemp: Display: Loaded TP AndroidTargetPlatform
[2018.11.22-10.08.58:234][  0]LogTemp: Display: Loaded TP AndroidTargetPlatform
[2018.11.22-10.08.58:234][  0]LogTemp: Display: Loaded TP AndroidTargetPlatform
[2018.11.22-10.08.58:234][  0]LogTemp: Display: Loaded TP AndroidTargetPlatform
[2018.11.22-10.08.58:234][  0]LogTemp: Display: Loaded TP AndroidTargetPlatform
[2018.11.22-10.08.58:234][  0]LogTemp: Display: Loaded TP AndroidTargetPlatform
[2018.11.22-10.08.58:235][  0]LogTemp: Display: Loaded TP AndroidTargetPlatform
[2018.11.22-10.08.58:235][  0]LogTemp: Display: Loaded TP AndroidTargetPlatform
[2018.11.22-10.08.58:243][  0]LogTemp: Display: Loaded TP HTML5TargetPlatform
[2018.11.22-10.08.58:328][  0]LogTemp: Display: Loaded TP IOSTargetPlatform
[2018.11.22-10.08.58:328][  0]LogTemp: Display: Loaded TP IOSTargetPlatform
[2018.11.22-10.08.58:370][  0]LogTemp: Display: Loaded TP TVOSTargetPlatform
[2018.11.22-10.08.58:370][  0]LogTemp: Display: Loaded TP TVOSTargetPlatform
[2018.11.22-10.08.58:386][  0]LogTemp: Display: Loaded TP LinuxClientTargetPlatform
[2018.11.22-10.08.58:413][  0]LogTemp: Display: Loaded TP LinuxNoEditorTargetPlatform
[2018.11.22-10.08.58:429][  0]LogTemp: Display: Loaded TP LinuxServerTargetPlatform
[2018.11.22-10.08.58:443][  0]LogTemp: Display: Loaded TP LinuxTargetPlatform
[2018.11.22-10.08.58:454][  0]LogTemp: Display: Loaded TP LuminTargetPlatform
[2018.11.22-10.08.58:454][  0]LogTargetPlatformManager: Display: Building Assets For Windows
[2018.11.22-10.08.58:583][  0]LogXGEController: Cleaning working directory: C:/Users/c013767h/AppData/Local/Temp/UnrealXGEWorkingDir/
[2018.11.22-10.08.58:584][  0]LogXGEController: Cannot use XGE Controller as Incredibuild is not installed on this machine.
[2018.11.22-10.08.58:584][  0]LogShaderCompilers: Cannot use XGE Shader Compiler as Incredibuild is not installed on this machine.
[2018.11.22-10.08.58:584][  0]LogShaderCompilers: Display: Using Local Shader Compiler.
[2018.11.22-10.08.59:375][  0]LogDerivedDataCache: Display: Max Cache Size: 512 MB
[2018.11.22-10.08.59:445][  0]LogDerivedDataCache: Loaded boot cache 0.07s 71MB C:/Users/c013767h/AppData/Local/UnrealEngine/4.20/DerivedDataCache/Boot.ddc.
[2018.11.22-10.08.59:446][  0]LogDerivedDataCache: Display: Loaded Boot cache: C:/Users/c013767h/AppData/Local/UnrealEngine/4.20/DerivedDataCache/Boot.ddc
[2018.11.22-10.08.59:446][  0]LogDerivedDataCache: FDerivedDataBackendGraph:  Pak pak cache file E:/Staffs Uni/Level 5/Technical Games Production/Pair/TGPPairProject/PairProject/DerivedDataCache/DDC.ddp not found, will not use a pak cache.
[2018.11.22-10.08.59:446][  0]LogDerivedDataCache: Unable to find inner node Pak for hierarchical cache Hierarchy.
[2018.11.22-10.08.59:447][  0]LogDerivedDataCache: FDerivedDataBackendGraph:  CompressedPak pak cache file E:/Staffs Uni/Level 5/Technical Games Production/Pair/TGPPairProject/PairProject/DerivedDataCache/Compressed.ddp not found, will not use a pak cache.
[2018.11.22-10.08.59:447][  0]LogDerivedDataCache: Unable to find inner node CompressedPak for hierarchical cache Hierarchy.
[2018.11.22-10.08.59:458][  0]LogDerivedDataCache: Display: Pak cache opened for reading ../../../Engine/DerivedDataCache/Compressed.ddp.
[2018.11.22-10.08.59:473][  0]LogDerivedDataCache: Using Local data cache path C:/Users/c013767h/AppData/Local/UnrealEngine/Common/DerivedDataCache: Writable
[2018.11.22-10.08.59:473][  0]LogDerivedDataCache: Shared data cache path not found in *engine.ini, will not use an Shared cache.
[2018.11.22-10.08.59:473][  0]LogDerivedDataCache: Unable to find inner node Shared for hierarchical cache Hierarchy.
[2018.11.22-10.08.59:507][  0]LogMaterial: Verifying Global Shaders for PCD3D_SM5
[2018.11.22-10.08.59:508][  0]LogSlate: Using FreeType 2.6.0
[2018.11.22-10.08.59:509][  0]LogSlate: SlateFontServices - WITH_FREETYPE: 1, WITH_HARFBUZZ: 1
[2018.11.22-10.08.59:582][  0]LogAssetRegistry: FAssetRegistry took 0.0306 seconds to start up
[2018.11.22-10.08.59:931][  0]LogInit: Selected Device Profile: [Windows]
[2018.11.22-10.09.00:111][  0]LogSimplygon: Simplygon DLL not present - disabling.
[2018.11.22-10.09.00:120][  0]LogMeshReduction: Using SimplygonSwarm for distributed automatic mesh merging
[2018.11.22-10.09.00:120][  0]LogMeshReduction: Using ProxyLODMeshReduction for automatic mesh merging
[2018.11.22-10.09.00:120][  0]LogMeshReduction: Using QuadricMeshReduction for automatic static mesh reduction
[2018.11.22-10.09.00:120][  0]LogMeshReduction: No automatic skeletal mesh reduction module available
[2018.11.22-10.09.00:136][  0]LogNetVersion: PairProject 1.0.0, NetCL: 4212847, EngineNetVer: 5, GameNetVer: 0 (Checksum: 2248716754)
[2018.11.22-10.09.00:823][  0]LogPackageLocalizationCache: Processed 11 localized package path(s) for 2 prioritized culture(s) in 0.271059 seconds
[2018.11.22-10.09.00:832][  0]LogUObjectArray: 38425 objects as part of root set at end of initial load.
[2018.11.22-10.09.00:832][  0]LogUObjectAllocator: 6690864 out of 0 bytes used by permanent object pool.
[2018.11.22-10.09.00:832][  0]LogUObjectArray: CloseDisregardForGC: 0/0 objects in disregard for GC pool
[2018.11.22-10.09.01:805][  0]LogTcpMessaging: Initializing TcpMessaging bridge
[2018.11.22-10.09.01:822][  0]LogUdpMessaging: Initializing bridge on interface 0.0.0.0:0 to multicast group 230.0.0.1:6666.
[2018.11.22-10.09.02:066][  0]SourceControl: Source control is disabled
[2018.11.22-10.09.02:066][  0]SourceControl: Source control is disabled
[2018.11.22-10.09.02:070][  0]SourceControl: Source control is disabled
[2018.11.22-10.09.02:074][  0]SourceControl: Source control is disabled
[2018.11.22-10.09.02:365][  0]LogAndroidPermission: UAndroidPermissionCallbackProxy::GetInstance
[2018.11.22-10.09.02:446][  0]LogOcInput: OculusInput pre-init called
[2018.11.22-10.09.02:539][  0]LogEngine: Initializing Engine...
[2018.11.22-10.09.02:540][  0]LogHMD: Failed to initialize OpenVR with code 110
[2018.11.22-10.09.02:541][  0]LogStats: UGameplayTagsManager::ConstructGameplayTagTree: ImportINI prefixes -  0.000 s
[2018.11.22-10.09.02:542][  0]LogStats: UGameplayTagsManager::ConstructGameplayTagTree: Construct from data asset -  0.000 s
[2018.11.22-10.09.02:542][  0]LogStats: UGameplayTagsManager::ConstructGameplayTagTree: ImportINI -  0.000 s
[2018.11.22-10.09.02:542][  0]LogStats: UGameplayTagsManager::ConstructGameplayTagTree: GameplayTagTreeChangedEvent.Broadcast -  0.000 s
[2018.11.22-10.09.02:758][  0]LogInit: Initializing FReadOnlyCVARCache
[2018.11.22-10.09.02:778][  0]LogAIModule: Creating AISystem for world Untitled
[2018.11.22-10.09.02:801][  0]LogInit: XAudio2 using 'Speakers (Realtek High Definition Audio)' : 2 channels at 48 kHz using 32 bits per sample (channel mask 0x3)
[2018.11.22-10.09.02:872][  0]LogInit: FAudioDevice initialized.
[2018.11.22-10.09.02:872][  0]LogNetVersion: Set ProjectVersion to 1.0.0.0. Version Checksum will be recalculated on next use.
[2018.11.22-10.09.02:922][  0]LogDerivedDataCache: Saved boot cache 0.05s 71MB C:/Users/c013767h/AppData/Local/UnrealEngine/4.20/DerivedDataCache/Boot.ddc.
[2018.11.22-10.09.02:941][  0]LogInit: Texture streaming: Enabled
[2018.11.22-10.09.02:978][  0]LogEngineSessionManager: EngineSessionManager initialized
[2018.11.22-10.09.02:992][  0]LogInit: Transaction tracking system initialized
[2018.11.22-10.09.03:036][  0]BlueprintLog: New page: Editor Load
[2018.11.22-10.09.03:183][  0]LocalizationService: Localization service is disabled
[2018.11.22-10.09.03:510][  0]LogCook: Display: Max memory allowance for cook 16384mb min free memory 0mb
[2018.11.22-10.09.03:510][  0]LogCook: Display: Mobile HDR setting 1
[2018.11.22-10.09.03:510][  0]LogGameplayTags: Display: UGameplayTagsManager::DoneAddingNativeTags. DelegateIsBound: 0
[2018.11.22-10.09.03:510][  0]LogStats: UGameplayTagsManager::ConstructGameplayTagTree: ImportINI prefixes -  0.000 s
[2018.11.22-10.09.03:511][  0]LogStats: UGameplayTagsManager::ConstructGameplayTagTree: Construct from data asset -  0.000 s
[2018.11.22-10.09.03:511][  0]LogFileCache: Scanning file cache for directory 'E:/Staffs Uni/Level 5/Technical Games Production/Pair/TGPPairProject/PairProject/Content/' took 0.01s
[2018.11.22-10.09.03:511][  0]LogStats: UGameplayTagsManager::ConstructGameplayTagTree: ImportINI -  0.000 s
[2018.11.22-10.09.03:511][  0]LogStats: UGameplayTagsManager::ConstructGameplayTagTree: GameplayTagTreeChangedEvent.Broadcast -  0.000 s
[2018.11.22-10.09.03:721][  0]SourceControl: Source control is disabled
[2018.11.22-10.09.03:722][  0]Cmd: MAP LOAD FILE="../../../Engine/Content/Maps/Templates/Template_Default.umap" TEMPLATE=1 SHOWPROGRESS=1 FEATURELEVEL=3
[2018.11.22-10.09.03:723][  0]LightingResults: New page: Lighting Build
[2018.11.22-10.09.03:726][  0]MapCheck: New page: Map Check
[2018.11.22-10.09.03:727][  0]LightingResults: New page: Lighting Build
[2018.11.22-10.09.03:756][  0]LogLinker: Warning: The file '../../../Engine/Content/EngineSky/BP_Sky_Sphere.uasset' contains unrecognizable data, check that it is of the expected type.
[2018.11.22-10.09.03:757][  0]LogLinker: Warning: The file '../../../Engine/Content/EngineSky/BP_Sky_Sphere.uasset' contains unrecognizable data, check that it is of the expected type.
[2018.11.22-10.09.03:769][  0]LogLinker: Warning: The file '../../../Engine/Content/EngineSky/BP_Sky_Sphere.uasset' contains unrecognizable data, check that it is of the expected type.
[2018.11.22-10.09.03:770][  0]LogLinker: Warning: The file '../../../Engine/Content/EngineSky/BP_Sky_Sphere.uasset' contains unrecognizable data, check that it is of the expected type.
[2018.11.22-10.09.03:773][  0]LogLinker: Warning: The file '../../../Engine/Content/EngineSky/BP_Sky_Sphere.uasset' contains unrecognizable data, check that it is of the expected type.
[2018.11.22-10.09.03:773][  0]LogLinker: Warning: The file '../../../Engine/Content/EngineSky/BP_Sky_Sphere.uasset' contains unrecognizable data, check that it is of the expected type.
[2018.11.22-10.09.03:774][  0]LogLinker: Warning: The file '../../../Engine/Content/EngineSky/BP_Sky_Sphere.uasset' contains unrecognizable data, check that it is of the expected type.
[2018.11.22-10.09.03:774][  0]LogLinker: Warning: The file '../../../Engine/Content/EngineSky/BP_Sky_Sphere.uasset' contains unrecognizable data, check that it is of the expected type.
[2018.11.22-10.09.03:778][  0]LogLinker: Warning: The file '../../../Engine/Content/EngineSky/BP_Sky_Sphere.uasset' contains unrecognizable data, check that it is of the expected type.
[2018.11.22-10.09.03:778][  0]LogLinker: Warning: The file '../../../Engine/Content/EngineSky/BP_Sky_Sphere.uasset' contains unrecognizable data, check that it is of the expected type.
[2018.11.22-10.09.03:779][  0]LogLinker: Warning: The file '../../../Engine/Content/EngineSky/BP_Sky_Sphere.uasset' contains unrecognizable data, check that it is of the expected type.
[2018.11.22-10.09.03:779][  0]LogLinker: Warning: The file '../../../Engine/Content/EngineSky/BP_Sky_Sphere.uasset' contains unrecognizable data, check that it is of the expected type.
[2018.11.22-10.09.03:795][  0]LogAIModule: Creating AISystem for world Untitled_1
[2018.11.22-10.09.03:803][  0]LogEditorServer: Finished looking for orphan Actors (0.000 secs)
[2018.11.22-10.09.03:829][  0]Cmd: MAP CHECKDEP NOCLEARLOG
[2018.11.22-10.09.03:928][  0]MapCheck: Map check complete: 0 Error(s), 0 Warning(s), took 98.584ms to complete.
[2018.11.22-10.09.03:928][  0]LogFileHelpers: Loading map 'Template_Default' took 0.206
[2018.11.22-10.09.04:064][  0]LogSlate: Updating window title bar state: overlay mode, drag disabled, window buttons hidden, title bar hidden
[2018.11.22-10.09.04:071][  0]LogSlate: Updating window title bar state: overlay mode, drag disabled, window buttons hidden, title bar hidden
[2018.11.22-10.09.04:078][  0]LogSlate: Updating window title bar state: overlay mode, drag disabled, window buttons hidden, title bar hidden
[2018.11.22-10.09.04:085][  0]LogSlate: Updating window title bar state: overlay mode, drag disabled, window buttons hidden, title bar hidden
[2018.11.22-10.09.04:093][  0]LogCollectionManager: Loaded 0 collections in 0.001972 seconds
[2018.11.22-10.09.04:163][  0]LogFileCache: Scanning file cache for directory 'E:/Staffs Uni/Level 5/Technical Games Production/Pair/TGPPairProject/PairProject/Saved/Collections/' took 0.01s
[2018.11.22-10.09.04:164][  0]LogFileCache: Scanning file cache for directory 'E:/Staffs Uni/Level 5/Technical Games Production/Pair/TGPPairProject/PairProject/Content/Developers/c013767h/Collections/' took 0.02s
[2018.11.22-10.09.04:164][  0]LogFileCache: Scanning file cache for directory 'E:/Staffs Uni/Level 5/Technical Games Production/Pair/TGPPairProject/PairProject/Content/Collections/' took 0.01s
[2018.11.22-10.09.04:164][  0]LogCollectionManager: Rebuilt the GUID cache for 0 collections in 0.000001 seconds
[2018.11.22-10.09.04:181][  0]LogContentBrowser: Native class hierarchy populated in 0.0166 seconds. Added 2576 classes and 606 folders.
[2018.11.22-10.09.04:189][  0]LogContentBrowser: Native class hierarchy updated for 'WidgetCarousel' in 0.0003 seconds. Added 0 classes and 0 folders.
[2018.11.22-10.09.04:243][  0]LogContentBrowser: Native class hierarchy updated for 'AddContentDialog' in 0.0003 seconds. Added 0 classes and 0 folders.
[2018.11.22-10.09.04:251][  0]LogContentBrowser: Native class hierarchy updated for 'SceneOutliner' in 0.0003 seconds. Added 1 classes and 2 folders.
[2018.11.22-10.09.04:271][  0]LogSlate: Took 0.000418 seconds to synchronously load lazily loaded font '../../../Engine/Content/Slate/Fonts/Roboto-Regular.ttf' (155K)
[2018.11.22-10.09.04:277][  0]LogSlate: Took 0.000392 seconds to synchronously load lazily loaded font '../../../Engine/Content/Slate/Fonts/Roboto-Bold.ttf' (160K)
[2018.11.22-10.09.04:291][  0]LogSlate: Took 0.000367 seconds to synchronously load lazily loaded font '../../../Engine/Content/Editor/Slate/Fonts/FontAwesome.ttf' (139K)
[2018.11.22-10.09.04:376][  0]LogRenderer: Reallocating scene render targets to support 1208x576 Format 10 NumSamples 1 (Frame:1).
[2018.11.22-10.09.04:513][  0]LogContentBrowser: Native class hierarchy updated for 'HierarchicalLODOutliner' in 0.0011 seconds. Added 0 classes and 0 folders.
[2018.11.22-10.09.04:513][  0]LogLoad: (Engine Initialization) Total time: 10.52 seconds
[2018.11.22-10.09.04:513][  0]LogLoad: (Engine Initialization) Total Blueprint compile time: 0.00 seconds
[2018.11.22-10.09.04:527][  0]LogWindowsTextInputMethodSystem: Display: IME system now deactivated.
[2018.11.22-10.09.04:529][  0]LoadErrors: Warning: CreateExport: Failed to load Outer for resource 'Sky Sphere mesh': BP_Sky_Sphere_C /Temp/Untitled_1.Template_Default:PersistentLevel.SkySphere
[2018.11.22-10.09.04:529][  0]LoadErrors: Warning: CreateExport: Failed to load Outer for resource 'MaterialInstanceDynamic_2': StaticMeshComponent /Temp/Untitled_1.Template_Default:PersistentLevel.SkySphere.Sky Sphere mesh
[2018.11.22-10.09.04:529][  0]LoadErrors: Warning: CreateExport: Failed to load Outer for resource 'Base': BP_Sky_Sphere_C /Temp/Untitled_1.Template_Default:PersistentLevel.SkySphere
[2018.11.22-10.09.04:551][  0]LogContentStreaming: Texture pool size now 1000 MB
[2018.11.22-10.09.04:559][  0]LogSlate: FSceneViewport::OnFocusLost() reason 2
[2018.11.22-10.09.04:664][  0]LogSlate: Took 0.000212 seconds to synchronously load lazily loaded font '../../../Engine/Content/Slate/Fonts/Roboto-Light.ttf' (167K)
[2018.11.22-10.09.04:700][  1]LogAssetRegistry: Asset discovery search completed in 5.1445 seconds
[2018.11.22-10.09.04:710][  1]LogCollectionManager: Rebuilt the object cache for 0 collections in 0.000001 seconds (found 0 objects)
[2018.11.22-10.09.04:710][  1]LogCollectionManager: Fixed up redirectors for 0 collections in 0.000307 seconds (updated 0 objects)
[2018.11.22-10.11.36:145][114]LogSlate: Window 'Message Log' being destroyed
[2018.11.22-10.11.36:148][114]LogSlate: Window 'Message Log' being destroyed
[2018.11.22-10.11.39:684][535]LogSlate: FSceneViewport::OnFocusLost() reason 2
[2018.11.22-10.11.41:807][789]LogSlate: FSceneViewport::OnFocusLost() reason 0
[2018.11.22-10.11.52:307][ 38]LogSlate: Took 0.000245 seconds to synchronously load lazily loaded font '../../../Engine/Content/Slate/Fonts/Roboto-Light.ttf' (167K)
[2018.11.22-10.11.52:316][ 38]LogAssetEditorManager: Opening Asset editor for Blueprint /Game/Blueprints/MyBaseEnemy.MyBaseEnemy
[2018.11.22-10.11.53:042][ 38]LogContentBrowser: Native class hierarchy updated for 'BlueprintGraph' in 0.0012 seconds. Added 116 classes and 0 folders.
[2018.11.22-10.11.54:168][ 38]LogSlate: Took 0.010455 seconds to synchronously load lazily loaded font '../../../Engine/Content/Slate/Fonts/Roboto-BoldCondensed.ttf' (158K)
[2018.11.22-10.12.02:119][891]LogSlate: Took 0.018415 seconds to synchronously load lazily loaded font '../../../Engine/Content/Slate/Fonts/Roboto-Italic.ttf' (157K)
[2018.11.22-10.12.32:769][367]LogSlate: FSceneViewport::OnFocusLost() reason 0
[2018.11.22-10.12.40:623][282]LogSlate: Window 'MyBaseEnemy*' being destroyed
[2018.11.22-10.12.40:626][282]LogSlate: Window 'MyBaseEnemy*' being destroyed
[2018.11.22-10.12.43:640][363]LogSlate: Window 'Save Content' being destroyed
[2018.11.22-10.12.43:670][363]Cmd: OBJ SAVEPACKAGE PACKAGE="/Game/Blueprints/MyBaseEnemy" FILE="E:/Staffs Uni/Level 5/Technical Games Production/Pair/TGPPairProject/PairProject/Content/Blueprints/MyBaseEnemy.uasset" SILENT=true
[2018.11.22-10.12.43:832][363]LogSavePackage: Moving 'E:/Staffs Uni/Level 5/Technical Games Production/Pair/TGPPairProject/PairProject/Saved/MyBaseEnemyF437F72949CACF613A12E8A7555BA3A3.tmp' to 'E:/Staffs Uni/Level 5/Technical Games Production/Pair/TGPPairProject/PairProject/Content/Blueprints/MyBaseEnemy.uasset'
[2018.11.22-10.12.43:955][363]LogSlate: Window 'PairProject - Unreal Editor' being destroyed
[2018.11.22-10.12.43:955][363]LogWindowsTextInputMethodSystem: Display: IME system now deactivated.
[2018.11.22-10.12.44:169][364]Cmd: QUIT_EDITOR
[2018.11.22-10.12.44:213][364]LogExit: Preparing to exit.
[2018.11.22-10.12.44:495][364]LogExit: Editor shut down
[2018.11.22-10.12.44:496][364]LogExit: Transaction tracking system shut down
[2018.11.22-10.12.44:985][364]LogExit: Object subsystem successfully closed.
[2018.11.22-10.12.45:027][364]LogShaderCompilers: Display: Shaders left to compile 0
[2018.11.22-10.12.45:031][364]LogD3D11RHI: Shutdown
[2018.11.22-10.12.45:031][364]LogD3D11RHI: CleanupD3DDevice
[2018.11.22-10.12.45:033][364]LogD3D11RHI: ~FD3D11DynamicRHI
[2018.11.22-10.12.45:054][364]LogModuleManager: Shutting down and abandoning module BlueprintGraph (616)
[2018.11.22-10.12.45:054][364]LogModuleManager: Shutting down and abandoning module HierarchicalLODOutliner (614)
[2018.11.22-10.12.45:054][364]LogModuleManager: Shutting down and abandoning module SceneOutliner (612)
[2018.11.22-10.12.45:054][364]LogModuleManager: Shutting down and abandoning module AddContentDialog (610)
[2018.11.22-10.12.45:059][364]LogModuleManager: Shutting down and abandoning module WidgetCarousel (609)
[2018.11.22-10.12.45:060][364]LogModuleManager: Shutting down and abandoning module EditorWidgets (606)
[2018.11.22-10.12.45:060][364]LogModuleManager: Shutting down and abandoning module CollectionManager (604)
[2018.11.22-10.12.45:060][364]LogModuleManager: Shutting down and abandoning module HierarchicalLODUtilities (602)
[2018.11.22-10.12.45:060][364]LogModuleManager: Shutting down and abandoning module StatsViewer (600)
[2018.11.22-10.12.45:060][364]LogModuleManager: Shutting down and abandoning module FoliageEdit (598)
[2018.11.22-10.12.45:060][364]LogModuleManager: Shutting down and abandoning module LandscapeEditor (596)
[2018.11.22-10.12.45:060][364]LogModuleManager: Shutting down and abandoning module MeshPaintMode (594)
[2018.11.22-10.12.45:060][364]LogModuleManager: Shutting down and abandoning module SceneDepthPickerMode (592)
[2018.11.22-10.12.45:061][364]LogModuleManager: Shutting down and abandoning module ActorPickerMode (590)
[2018.11.22-10.12.45:061][364]LogModuleManager: Shutting down and abandoning module GeometryMode (588)
[2018.11.22-10.12.45:061][364]LogModuleManager: Shutting down and abandoning module TextureAlignMode (586)
[2018.11.22-10.12.45:061][364]LogModuleManager: Shutting down and abandoning module BspMode (584)
[2018.11.22-10.12.45:061][364]LogModuleManager: Shutting down and abandoning module PIEPreviewDeviceProfileSelector (582)
[2018.11.22-10.12.45:061][364]LogModuleManager: Shutting down and abandoning module SequenceRecorderSections (580)
[2018.11.22-10.12.45:061][364]LogModuleManager: Shutting down and abandoning module AutomationWorker (578)
[2018.11.22-10.12.45:061][364]LogModuleManager: Shutting down and abandoning module AudioCaptureEditor (576)
[2018.11.22-10.12.45:061][364]LogModuleManager: Shutting down and abandoning module SequenceRecorder (575)
[2018.11.22-10.12.45:061][364]LogModuleManager: Shutting down and abandoning module MatineeToLevelSequence (572)
[2018.11.22-10.12.45:061][364]LogModuleManager: Shutting down and abandoning module LevelSequenceEditor (570)
[2018.11.22-10.12.45:061][364]LogModuleManager: Shutting down and abandoning module PlacementMode (569)
[2018.11.22-10.12.45:061][364]LogModuleManager: Shutting down and abandoning module MaterialEditor (568)
[2018.11.22-10.12.45:061][364]LogModuleManager: Shutting down and abandoning module WmfMediaFactory (564)
[2018.11.22-10.12.45:062][364]LogModuleManager: Shutting down and abandoning module WmfMediaEditor (562)
[2018.11.22-10.12.45:062][364]LogModuleManager: Shutting down and abandoning module MediaPlayerEditor (560)
[2018.11.22-10.12.45:062][364]LogModuleManager: Shutting down and abandoning module OpenExrWrapper (558)
[2018.11.22-10.12.45:062][364]LogModuleManager: Shutting down and abandoning module ImgMediaFactory (556)
[2018.11.22-10.12.45:062][364]LogModuleManager: Shutting down and abandoning module ImgMediaEditor (554)
[2018.11.22-10.12.45:062][364]LogModuleManager: Shutting down and abandoning module AvfMediaFactory (552)
[2018.11.22-10.12.45:062][364]LogModuleManager: Shutting down and abandoning module AvfMediaEditor (550)
[2018.11.22-10.12.45:062][364]LogModuleManager: Shutting down and abandoning module AndroidMediaFactory (548)
[2018.11.22-10.12.45:062][364]LogModuleManager: Shutting down and abandoning module AndroidMediaEditor (546)
[2018.11.22-10.12.45:062][364]LogModuleManager: Shutting down and abandoning module MagicLeapCameraPreviewFactory (544)
[2018.11.22-10.12.45:062][364]LogModuleManager: Shutting down and abandoning module MagicLeapMediaFactory (542)
[2018.11.22-10.12.45:063][364]LogModuleManager: Shutting down and abandoning module MagicLeapMediaEditor (540)
[2018.11.22-10.12.45:063][364]LogModuleManager: Shutting down and abandoning module CharacterAI (538)
[2018.11.22-10.12.45:063][364]LogModuleManager: Shutting down and abandoning module SmartSnapping (536)
[2018.11.22-10.12.45:063][364]LogModuleManager: Shutting down and abandoning module SessionServices (534)
[2018.11.22-10.12.45:063][364]LogModuleManager: Shutting down and abandoning module ViewportSnapping (532)
[2018.11.22-10.12.45:063][364]LogModuleManager: Shutting down and abandoning module ViewportInteraction (530)
[2018.11.22-10.12.45:063][364]LogModuleManager: Shutting down and abandoning module ClothPainter (528)
[2018.11.22-10.12.45:063][364]LogModuleManager: Shutting down and abandoning module SkeletalMeshEditor (527)
[2018.11.22-10.12.45:063][364]LogModuleManager: Shutting down and abandoning module LogVisualizer (524)
[2018.11.22-10.12.45:063][364]LogModuleManager: Shutting down and abandoning module IntroTutorials (522)
[2018.11.22-10.12.45:064][364]LogModuleManager: Shutting down and abandoning module GameProjectGeneration (521)
[2018.11.22-10.12.45:064][364]LogModuleManager: Shutting down and abandoning module LuminPlatformEditor (518)
[2018.11.22-10.12.45:064][364]LogModuleManager: Shutting down and abandoning module IOSPlatformEditor (516)
[2018.11.22-10.12.45:064][364]LogModuleManager: Shutting down and abandoning module HTML5PlatformEditor (514)
[2018.11.22-10.12.45:064][364]LogModuleManager: Shutting down and abandoning module AndroidPlatformEditor (512)
[2018.11.22-10.12.45:064][364]LogModuleManager: Shutting down and abandoning module AndroidDeviceDetection (511)
[2018.11.22-10.12.45:578][364]LogModuleManager: Shutting down and abandoning module WindowsPlatformEditor (508)
[2018.11.22-10.12.45:578][364]LogModuleManager: Shutting down and abandoning module LuminRuntimeSettings (506)
[2018.11.22-10.12.45:579][364]LogModuleManager: Shutting down and abandoning module IOSRuntimeSettings (504)
[2018.11.22-10.12.45:579][364]LogModuleManager: Shutting down and abandoning module AndroidRuntimeSettings (502)
[2018.11.22-10.12.45:579][364]LogModuleManager: Shutting down and abandoning module InputBindingEditor (500)
[2018.11.22-10.12.45:579][364]LogModuleManager: Shutting down and abandoning module MergeActors (498)
[2018.11.22-10.12.45:580][364]LogModuleManager: Shutting down and abandoning module LocalizationDashboard (496)
[2018.11.22-10.12.45:580][364]LogModuleManager: Shutting down and abandoning module LocalizationService (495)
[2018.11.22-10.12.45:580][364]LogModuleManager: Shutting down and abandoning module HardwareTargeting (492)
[2018.11.22-10.12.45:581][364]LogModuleManager: Shutting down and abandoning module DeviceProfileEditor (490)
[2018.11.22-10.12.45:582][364]LogModuleManager: Shutting down and abandoning module UndoHistory (488)
[2018.11.22-10.12.45:582][364]LogModuleManager: Shutting down and abandoning module XmlParser (486)
[2018.11.22-10.12.45:582][364]LogModuleManager: Shutting down and abandoning module Blutility (484)
[2018.11.22-10.12.45:582][364]LogModuleManager: Shutting down and abandoning module ProjectSettingsViewer (482)
[2018.11.22-10.12.45:583][364]LogModuleManager: Shutting down and abandoning module ProjectTargetPlatformEditor (481)
[2018.11.22-10.12.45:583][364]LogModuleManager: Shutting down and abandoning module EditorSettingsViewer (478)
[2018.11.22-10.12.45:583][364]LogModuleManager: Shutting down and abandoning module SettingsEditor (476)
[2018.11.22-10.12.45:584][364]LogModuleManager: Shutting down and abandoning module ProjectLauncher (474)
[2018.11.22-10.12.45:584][364]LogModuleManager: Shutting down and abandoning module SessionFrontend (472)
[2018.11.22-10.12.45:584][364]LogModuleManager: Shutting down and abandoning module ProfilerClient (470)
[2018.11.22-10.12.45:584][364]LogModuleManager: Shutting down and abandoning module DeviceManager (468)
[2018.11.22-10.12.45:584][364]LogModuleManager: Shutting down and abandoning module TargetDeviceServices (467)
[2018.11.22-10.12.45:651][364]LogModuleManager: Shutting down and abandoning module AutomationController (464)
[2018.11.22-10.12.45:651][364]LogModuleManager: Shutting down and abandoning module AutomationWindow (462)
[2018.11.22-10.12.45:651][364]LogModuleManager: Shutting down and abandoning module Layers (460)
[2018.11.22-10.12.45:651][364]LogModuleManager: Shutting down and abandoning module ComponentVisualizers (458)
[2018.11.22-10.12.45:651][364]LogModuleManager: Shutting down and abandoning module DetailCustomizations (456)
[2018.11.22-10.12.45:652][364]LogModuleManager: Shutting down and abandoning module PackagesDialog (454)
[2018.11.22-10.12.45:652][364]LogModuleManager: Shutting down and abandoning module Persona (452)
[2018.11.22-10.12.45:652][364]LogModuleManager: Shutting down and abandoning module AdvancedPreviewScene (451)
[2018.11.22-10.12.45:652][364]LogModuleManager: Shutting down and abandoning module AnimGraph (449)
[2018.11.22-10.12.45:653][364]LogModuleManager: Shutting down and abandoning module Kismet (446)
[2018.11.22-10.12.45:660][364]LogModuleManager: Shutting down and abandoning module GraphEditor (444)
[2018.11.22-10.12.45:660][364]LogModuleManager: Shutting down and abandoning module ClassViewer (442)
[2018.11.22-10.12.45:660][364]LogModuleManager: Shutting down and abandoning module Toolbox (440)
[2018.11.22-10.12.45:660][364]LogModuleManager: Shutting down and abandoning module DesktopPlatform (439)
[2018.11.22-10.12.45:660][364]LogModuleManager: Shutting down and abandoning module ModuleUI (436)
[2018.11.22-10.12.45:660][364]LogModuleManager: Shutting down and abandoning module MovieSceneTools (434)
[2018.11.22-10.12.45:661][364]LogModuleManager: Shutting down and abandoning module OutputLog (432)
[2018.11.22-10.12.45:661][364]LogModuleManager: Shutting down and abandoning module GammaUI (430)
[2018.11.22-10.12.45:661][364]LogModuleManager: Shutting down and abandoning module Documentation (428)
[2018.11.22-10.12.45:661][364]LogModuleManager: Shutting down and abandoning module MovieSceneTracks (426)
[2018.11.22-10.12.45:661][364]LogModuleManager: Shutting down and abandoning module MovieScene (424)
[2018.11.22-10.12.45:661][364]LogModuleManager: Shutting down and abandoning module StreamingPauseRendering (422)
[2018.11.22-10.12.45:661][364]LogModuleManager: Shutting down and abandoning module LauncherPlatform (420)
[2018.11.22-10.12.45:662][364]LogModuleManager: Shutting down and abandoning module AnalyticsET (418)
[2018.11.22-10.12.45:662][364]LogModuleManager: Shutting down and abandoning module PortalServices (416)
[2018.11.22-10.12.45:662][364]LogModuleManager: Shutting down and abandoning module PortalRpc (414)
[2018.11.22-10.12.45:662][364]LogModuleManager: Shutting down and abandoning module MessagingRpc (412)
[2018.11.22-10.12.45:662][364]LogModuleManager: Shutting down and abandoning module AIModule (410)
[2018.11.22-10.12.45:662][364]LogModuleManager: Shutting down and abandoning module GameplayDebugger (409)
[2018.11.22-10.12.45:663][364]LogModuleManager: Shutting down and abandoning module AITestSuite (407)
[2018.11.22-10.12.45:663][364]LogModuleManager: Shutting down and abandoning module NavigationSystem (405)
[2018.11.22-10.12.45:663][364]LogModuleManager: Shutting down and abandoning module ProfilerService (402)
[2018.11.22-10.12.45:670][364]LogModuleManager: Shutting down and abandoning module TaskGraph (400)
[2018.11.22-10.12.45:670][364]LogModuleManager: Shutting down and abandoning module SteamVRController (398)
[2018.11.22-10.12.45:670][364]LogModuleManager: Shutting down and abandoning module ProceduralMeshComponentEditor (396)
[2018.11.22-10.12.45:670][364]LogModuleManager: Shutting down and abandoning module ProceduralMeshComponent (394)
[2018.11.22-10.12.45:670][364]LogModuleManager: Shutting down and abandoning module OculusInput (392)
[2018.11.22-10.12.45:670][364]LogModuleManager: Shutting down and abandoning module MobilePatchingUtils (390)
[2018.11.22-10.12.45:671][364]LogModuleManager: Shutting down and abandoning module EditableMesh (388)
[2018.11.22-10.12.45:671][364]LogModuleManager: Shutting down and abandoning module CustomMeshComponent (386)
[2018.11.22-10.12.45:671][364]LogModuleManager: Shutting down and abandoning module CableComponent (384)
[2018.11.22-10.12.45:671][364]LogModuleManager: Shutting down and abandoning module AudioCapture (382)
[2018.11.22-10.12.45:671][364]LogModuleManager: Shutting down and abandoning module ArchVisCharacter (380)
[2018.11.22-10.12.45:671][364]LogModuleManager: Shutting down and abandoning module AndroidPermission (378)
[2018.11.22-10.12.45:671][364]LogModuleManager: Shutting down and abandoning module NUTUnrealEngine4 (376)
[2018.11.22-10.12.45:671][364]LogModuleManager: Shutting down and abandoning module NetcodeUnitTest (374)
[2018.11.22-10.12.45:672][364]LogModuleManager: Shutting down and abandoning module MediaCompositingEditor (372)
[2018.11.22-10.12.45:672][364]LogModuleManager: Shutting down and abandoning module MediaCompositing (370)
[2018.11.22-10.12.45:672][364]LogModuleManager: Shutting down and abandoning module LinearTimecode (368)
[2018.11.22-10.12.45:672][364]LogModuleManager: Shutting down and abandoning module ImgMedia (366)
[2018.11.22-10.12.45:687][364]LogModuleManager: Shutting down and abandoning module HTML5Networking (364)
[2018.11.22-10.12.45:687][364]LogModuleManager: Shutting down and abandoning module GeometryCacheTracks (362)
[2018.11.22-10.12.45:687][364]LogModuleManager: Shutting down and abandoning module GeometryCacheSequencer (360)
[2018.11.22-10.12.45:687][364]LogModuleManager: Shutting down and abandoning module BackChannel (358)
[2018.11.22-10.12.45:687][364]LogModuleManager: Shutting down and abandoning module AppleVision (356)
[2018.11.22-10.12.45:687][364]LogModuleManager: Shutting down and abandoning module AppleImageUtils (354)
[2018.11.22-10.12.45:687][364]LogModuleManager: Shutting down and abandoning module AlembicImporter (352)
[2018.11.22-10.12.45:687][364]LogModuleManager: Shutting down and abandoning module AlembicLibrary (351)
[2018.11.22-10.12.45:688][364]LogModuleManager: Shutting down and abandoning module GeometryCache (350)
[2018.11.22-10.12.45:688][364]LogModuleManager: Shutting down and abandoning module GeometryCacheEd (349)
[2018.11.22-10.12.45:688][364]LogModuleManager: Shutting down and abandoning module DatasmithContentEditor (344)
[2018.11.22-10.12.45:688][364]LogModuleManager: Shutting down and abandoning module DatasmithContent (342)
[2018.11.22-10.12.45:689][364]LogModuleManager: Shutting down and abandoning module SpeedTreeImporter (340)
[2018.11.22-10.12.45:689][364]LogModuleManager: Shutting down and abandoning module PluginBrowser (338)
[2018.11.22-10.12.45:689][364]LogModuleManager: Shutting down and abandoning module MobileLauncherProfileWizard (336)
[2018.11.22-10.12.45:689][364]LogModuleManager: Shutting down and abandoning module PolygonModeling (334)
[2018.11.22-10.12.45:690][364]LogModuleManager: Shutting down and abandoning module MeshEditor (332)
[2018.11.22-10.12.45:690][364]LogModuleManager: Shutting down and abandoning module CryptoKeysOpenSSL (330)
[2018.11.22-10.12.45:690][364]LogModuleManager: Shutting down and abandoning module CryptoKeys (328)
[2018.11.22-10.12.45:690][364]LogModuleManager: Shutting down and abandoning module VisualStudioSourceCodeAccess (326)
[2018.11.22-10.12.45:690][364]LogModuleManager: Shutting down and abandoning module VisualStudioCodeSourceCodeAccess (324)
[2018.11.22-10.12.45:690][364]LogModuleManager: Shutting down and abandoning module UObjectPlugin (322)
[2018.11.22-10.12.45:690][364]LogModuleManager: Shutting down and abandoning module SubversionSourceControl (320)
[2018.11.22-10.12.45:691][364]LogModuleManager: Shutting down and abandoning module PerforceSourceControl (318)
[2018.11.22-10.12.45:691][364]LogModuleManager: Shutting down and abandoning module GitSourceControl (316)
[2018.11.22-10.12.45:691][364]LogModuleManager: Shutting down and abandoning module SourceControl (315)
[2018.11.22-10.12.45:691][364]LogModuleManager: Shutting down and abandoning module CLionSourceCodeAccess (312)
[2018.11.22-10.12.45:691][364]LogModuleManager: Shutting down and abandoning module LightPropagationVolumeEditor (310)
[2018.11.22-10.12.45:691][364]LogModuleManager: Shutting down and abandoning module PaperTiledImporter (308)
[2018.11.22-10.12.45:691][364]LogModuleManager: Shutting down and abandoning module PaperSpriteSheetImporter (306)
[2018.11.22-10.12.45:691][364]LogModuleManager: Shutting down and abandoning module Paper2DEditor (304)
[2018.11.22-10.12.45:692][364]LogModuleManager: Shutting down and abandoning module MeshPaint (303)
[2018.11.22-10.12.45:692][364]LogModuleManager: Shutting down and abandoning module PairProject (300)
[2018.11.22-10.12.45:692][364]LogModuleManager: Shutting down and abandoning module RuntimePhysXCooking (298)
[2018.11.22-10.12.45:692][364]LogModuleManager: Shutting down and abandoning module PhysXVehiclesEditor (296)
[2018.11.22-10.12.45:692][364]LogModuleManager: Shutting down and abandoning module PhysXVehicles (294)
[2018.11.22-10.12.45:692][364]LogModuleManager: Shutting down and abandoning module OculusEditor (292)
[2018.11.22-10.12.45:692][364]LogModuleManager: Shutting down and abandoning module LocationServicesBPLibrary (290)
[2018.11.22-10.12.45:693][364]LogModuleManager: Shutting down and abandoning module ImmediatePhysicsEditor (288)
[2018.11.22-10.12.45:693][364]LogModuleManager: Shutting down and abandoning module ImmediatePhysics (286)
[2018.11.22-10.12.45:693][364]LogModuleManager: Shutting down and abandoning module ActorSequence (284)
[2018.11.22-10.12.45:693][364]LogModuleManager: Shutting down and abandoning module UdpMessaging (282)
[2018.11.22-10.12.45:793][364]LogModuleManager: Shutting down and abandoning module TcpMessaging (280)
[2018.11.22-10.12.45:894][364]LogModuleManager: Shutting down and abandoning module MagicLeapAudio (278)
[2018.11.22-10.12.45:894][364]LogModuleManager: Shutting down and abandoning module GameplayTagsEditor (276)
[2018.11.22-10.12.45:894][364]LogModuleManager: Shutting down and abandoning module FacialAnimationEditor (274)
[2018.11.22-10.12.45:894][364]LogModuleManager: Shutting down and abandoning module FacialAnimation (272)
[2018.11.22-10.12.45:894][364]LogModuleManager: Shutting down and abandoning module DataValidation (270)
[2018.11.22-10.12.45:894][364]LogModuleManager: Shutting down and abandoning module AssetManagerEditor (268)
[2018.11.22-10.12.45:895][364]LogModuleManager: Shutting down and abandoning module LevelEditor (267)
[2018.11.22-10.12.45:896][364]LogModuleManager: Shutting down and abandoning module PixelInspectorModule (266)
[2018.11.22-10.12.45:897][364]LogModuleManager: Shutting down and abandoning module CommonMenuExtensions (264)
[2018.11.22-10.12.45:897][364]LogModuleManager: Shutting down and abandoning module MainFrame (262)
[2018.11.22-10.12.45:897][364]LogModuleManager: Shutting down and abandoning module HotReload (261)
[2018.11.22-10.12.45:898][364]LogModuleManager: Shutting down and abandoning module ContentBrowser (257)
[2018.11.22-10.12.45:900][364]LogModuleManager: Shutting down and abandoning module TreeMap (255)
[2018.11.22-10.12.45:901][364]LogModuleManager: Shutting down and abandoning module LightPropagationVolumeRuntime (252)
[2018.11.22-10.12.45:901][364]LogModuleManager: Shutting down and abandoning module AISupportModule (250)
[2018.11.22-10.12.45:901][364]LogModuleManager: Shutting down and abandoning module Paper2D (248)
[2018.11.22-10.12.45:901][364]LogModuleManager: Shutting down and abandoning module WindowsMoviePlayer (246)
[2018.11.22-10.12.45:901][364]LogModuleManager: Shutting down and abandoning module WmfMedia (244)
[2018.11.22-10.12.45:906][364]LogModuleManager: Shutting down and abandoning module Media (243)
[2018.11.22-10.12.45:914][364]LogModuleManager: Shutting down and abandoning module PacketHandler (240)
[2018.11.22-10.12.45:914][364]LogModuleManager: Shutting down and abandoning module ClothingSystemEditor (238)
[2018.11.22-10.12.45:914][364]LogModuleManager: Shutting down and abandoning module ClothingSystemRuntime (236)
[2018.11.22-10.12.45:914][364]LogModuleManager: Shutting down and abandoning module MediaAssets (234)
[2018.11.22-10.12.45:914][364]LogModuleManager: Shutting down and abandoning module Overlay (232)
[2018.11.22-10.12.45:914][364]LogModuleManager: Shutting down and abandoning module OverlayEditor (231)
[2018.11.22-10.12.45:915][364]LogModuleManager: Shutting down and abandoning module VREditor (228)
[2018.11.22-10.12.45:915][364]LogModuleManager: Shutting down and abandoning module StringTableEditor (226)
[2018.11.22-10.12.45:915][364]LogModuleManager: Shutting down and abandoning module GameplayTasksEditor (224)
[2018.11.22-10.12.45:915][364]LogModuleManager: Shutting down and abandoning module BehaviorTreeEditor (222)
[2018.11.22-10.12.45:915][364]LogModuleManager: Shutting down and abandoning module FunctionalTesting (220)
[2018.11.22-10.12.45:915][364]LogModuleManager: Shutting down and abandoning module CollisionAnalyzer (218)
[2018.11.22-10.12.45:915][364]LogModuleManager: Shutting down and abandoning module WorkspaceMenuStructure (217)
[2018.11.22-10.12.45:916][364]LogModuleManager: Shutting down and abandoning module UMG (214)
[2018.11.22-10.12.45:916][364]LogModuleManager: Shutting down and abandoning module UMGEditor (213)
[2018.11.22-10.12.45:916][364]LogModuleManager: Shutting down and abandoning module Sequencer (212)
[2018.11.22-10.12.45:916][364]LogModuleManager: Shutting down and abandoning module MessageLog (209)
[2018.11.22-10.12.45:916][364]LogModuleManager: Shutting down and abandoning module SlateReflector (204)
[2018.11.22-10.12.45:917][364]LogModuleManager: Shutting down and abandoning module Slate (202)
[2018.11.22-10.12.45:917][364]LogModuleManager: Shutting down and abandoning module EditorStyle (200)
[2018.11.22-10.12.45:921][364]LogModuleManager: Shutting down and abandoning module MRMesh (198)
[2018.11.22-10.12.45:921][364]LogModuleManager: Shutting down and abandoning module SourceCodeAccess (196)
[2018.11.22-10.12.45:921][364]LogModuleManager: Shutting down and abandoning module HeadMountedDisplay (194)
[2018.11.22-10.12.45:921][364]LogModuleManager: Shutting down and abandoning module XAudio2 (192)
[2018.11.22-10.12.45:921][364]LogModuleManager: Shutting down and abandoning module Networking (190)
[2018.11.22-10.12.45:921][364]LogModuleManager: Shutting down and abandoning module Core (188)
[2018.11.22-10.12.45:921][364]LogModuleManager: Shutting down and abandoning module LevelSequence (186)
[2018.11.22-10.12.45:922][364]LogModuleManager: Shutting down and abandoning module KismetCompiler (184)
[2018.11.22-10.12.45:922][364]LogModuleManager: Shutting down and abandoning module MeshUtilities (182)
[2018.11.22-10.12.45:922][364]LogModuleManager: Shutting down and abandoning module MeshMergeUtilities (181)
[2018.11.22-10.12.45:922][364]LogModuleManager: Shutting down and abandoning module MeshReductionInterface (180)
[2018.11.22-10.12.45:922][364]LogModuleManager: Shutting down and abandoning module SimplygonSwarm (179)
[2018.11.22-10.12.45:922][364]LogModuleManager: Shutting down and abandoning module ProxyLODMeshReduction (177)
[2018.11.22-10.12.45:923][364]LogModuleManager: Shutting down and abandoning module SimplygonMeshReduction (175)
[2018.11.22-10.12.45:923][364]LogModuleManager: Shutting down and abandoning module QuadricMeshReduction (173)
[2018.11.22-10.12.45:923][364]LogModuleManager: Shutting down and abandoning module MaterialBaking (169)
[2018.11.22-10.12.45:923][364]LogModuleManager: Shutting down and abandoning module DirectoryWatcher (165)
[2018.11.22-10.12.45:923][364]LogModuleManager: Shutting down and abandoning module DerivedDataCache (162)
[2018.11.22-10.12.45:966][364]LogDerivedDataCache: Shutdown
[2018.11.22-10.12.45:966][364]LogModuleManager: Shutting down and abandoning module XGEController (160)
[2018.11.22-10.12.45:966][364]LogXGEController: Cleaning working directory: C:/Users/c013767h/AppData/Local/Temp/UnrealXGEWorkingDir/
[2018.11.22-10.12.45:967][364]LogModuleManager: Shutting down and abandoning module TargetPlatform (158)
[2018.11.22-10.12.45:967][364]LogModuleManager: Shutting down and abandoning module VulkanShaderFormat (157)
[2018.11.22-10.12.45:967][364]LogModuleManager: Shutting down and abandoning module ShaderFormatVectorVM (155)
[2018.11.22-10.12.45:967][364]LogModuleManager: Shutting down and abandoning module ShaderFormatOpenGL (153)
[2018.11.22-10.12.45:967][364]LogModuleManager: Shutting down and abandoning module ShaderFormatD3D (151)
[2018.11.22-10.12.45:968][364]LogModuleManager: Shutting down and abandoning module MetalShaderFormat (149)
[2018.11.22-10.12.45:968][364]LogModuleManager: Shutting down and abandoning module TextureFormatUncompressed (147)
[2018.11.22-10.12.45:968][364]LogModuleManager: Shutting down and abandoning module TextureFormatPVR (145)
[2018.11.22-10.12.45:968][364]LogModuleManager: Shutting down and abandoning module TextureFormatDXT (143)
[2018.11.22-10.12.45:968][364]LogModuleManager: Shutting down and abandoning module TextureFormatIntelISPCTexComp (141)
[2018.11.22-10.12.45:971][364]LogModuleManager: Shutting down and abandoning module TextureFormatASTC (139)
[2018.11.22-10.12.45:971][364]LogModuleManager: Shutting down and abandoning module ImageWrapper (138)
[2018.11.22-10.12.45:972][364]LogModuleManager: Shutting down and abandoning module TextureFormatAndroid (135)
[2018.11.22-10.12.45:972][364]LogModuleManager: Shutting down and abandoning module AudioFormatOpus (133)
[2018.11.22-10.12.45:972][364]LogModuleManager: Shutting down and abandoning module AudioFormatOgg (131)
[2018.11.22-10.12.45:972][364]LogModuleManager: Shutting down and abandoning module AudioFormatADPCM (129)
[2018.11.22-10.12.45:972][364]LogModuleManager: Shutting down and abandoning module LuminTargetPlatform (127)
[2018.11.22-10.12.45:972][364]LogModuleManager: Shutting down and abandoning module LinuxTargetPlatform (125)
[2018.11.22-10.12.45:972][364]LogModuleManager: Shutting down and abandoning module LinuxServerTargetPlatform (123)
[2018.11.22-10.12.45:973][364]LogModuleManager: Shutting down and abandoning module LinuxNoEditorTargetPlatform (121)
[2018.11.22-10.12.45:973][364]LogModuleManager: Shutting down and abandoning module LinuxClientTargetPlatform (119)
[2018.11.22-10.12.45:973][364]LogModuleManager: Shutting down and abandoning module TVOSTargetPlatform (117)
[2018.11.22-10.12.45:974][364]LogModuleManager: Shutting down and abandoning module Messaging (115)
[2018.11.22-10.12.45:975][364]LogModuleManager: Shutting down and abandoning module IOSTargetPlatform (113)
[2018.11.22-10.12.45:976][364]LogModuleManager: Shutting down and abandoning module HTML5TargetPlatform (111)
[2018.11.22-10.12.45:976][364]LogModuleManager: Shutting down and abandoning module AndroidTargetPlatform (109)
[2018.11.22-10.12.45:989][364]LogModuleManager: Shutting down and abandoning module WindowsTargetPlatform (107)
[2018.11.22-10.12.45:989][364]LogModuleManager: Shutting down and abandoning module WindowsServerTargetPlatform (105)
[2018.11.22-10.12.45:989][364]LogModuleManager: Shutting down and abandoning module WindowsNoEditorTargetPlatform (103)
[2018.11.22-10.12.45:990][364]LogModuleManager: Shutting down and abandoning module WindowsClientTargetPlatform (101)
[2018.11.22-10.12.45:990][364]LogModuleManager: Shutting down and abandoning module MacTargetPlatform (99)
[2018.11.22-10.12.45:990][364]LogModuleManager: Shutting down and abandoning module MacServerTargetPlatform (97)
[2018.11.22-10.12.45:990][364]LogModuleManager: Shutting down and abandoning module MacNoEditorTargetPlatform (95)
[2018.11.22-10.12.45:990][364]LogModuleManager: Shutting down and abandoning module MacClientTargetPlatform (93)
[2018.11.22-10.12.45:990][364]LogModuleManager: Shutting down and abandoning module AllDesktopTargetPlatform (91)
[2018.11.22-10.12.45:990][364]LogModuleManager: Shutting down and abandoning module InputCore (88)
[2018.11.22-10.12.45:990][364]LogModuleManager: Shutting down and abandoning module Settings (86)
[2018.11.22-10.12.45:991][364]LogModuleManager: Shutting down and abandoning module PhysXCooking (84)
[2018.11.22-10.12.45:991][364]LogModuleManager: Shutting down and abandoning module SteamVR (82)
[2018.11.22-10.12.45:991][364]LogModuleManager: Shutting down and abandoning module OculusHMD (80)
[2018.11.22-10.12.45:991][364]LogModuleManager: Shutting down and abandoning module ExampleDeviceProfileSelector (78)
[2018.11.22-10.12.45:991][364]LogModuleManager: Shutting down and abandoning module LauncherChunkInstaller (76)
[2018.11.22-10.12.45:991][364]LogModuleManager: Shutting down and abandoning module OnlineBlueprintSupport (74)
[2018.11.22-10.12.45:991][364]LogModuleManager: Shutting down and abandoning module OnlineSubsystem (70)
[2018.11.22-10.12.45:995][364]LogModuleManager: Shutting down and abandoning module XMPP (65)
[2018.11.22-10.12.45:996][364]LogModuleManager: Shutting down and abandoning module WebSockets (64)
[2018.11.22-10.12.46:028][364]LogModuleManager: Shutting down and abandoning module HTTP (61)
[2018.11.22-10.12.46:028][364]LogHttp: Display: Http module shutting down, but needs to wait on 1 outstanding Http requests:
[2018.11.22-10.12.46:028][364]LogHttp: Display: 	verb=[POST] url=[https://datarouter.ol.epicgames.com/datarouter/api/v1/public/data?SessionID=%7B11631D33-4B13-D69F-45B4-1C9F99850C82%7D&AppID=UEEditor.Rocket.Release&AppVersion=4.20.3-4369336%2B%2B%2BUE4%2BRelease-4.20&UserID=ffd095714a44b7b6a78fa5a4877425bb%7C%7C89aed398-4501-481a-83d8-07844cca766f&AppEnvironment=datacollector-binary&UploadType=eteventstream] status=Processing
[2018.11.22-10.12.46:034][364]LogModuleManager: Shutting down and abandoning module SSL (60)
[2018.11.22-10.12.46:037][364]LogModuleManager: Shutting down and abandoning module MagicLeapEmulator (56)
[2018.11.22-10.12.46:037][364]LogModuleManager: Shutting down and abandoning module MagicLeapPrivileges (54)
[2018.11.22-10.12.46:037][364]LogModuleManager: Shutting down and abandoning module MagicLeapIdentity (52)
[2018.11.22-10.12.46:037][364]LogModuleManager: Shutting down and abandoning module MagicLeapHelperVulkan (50)
[2018.11.22-10.12.46:037][364]LogModuleManager: Shutting down and abandoning module MagicLeapHelperOpenGL (48)
[2018.11.22-10.12.46:037][364]LogModuleManager: Shutting down and abandoning module MagicLeapSecureStorage (46)
[2018.11.22-10.12.46:038][364]LogModuleManager: Shutting down and abandoning module MagicLeapGestures (44)
[2018.11.22-10.12.46:038][364]LogModuleManager: Shutting down and abandoning module MagicLeapEyeTracker (42)
[2018.11.22-10.12.46:038][364]LogModuleManager: Shutting down and abandoning module MagicLeapController (40)
[2018.11.22-10.12.46:039][364]LogSlate: Slate User Destroyed.  User Index 0, Is Virtual User: 0
[2018.11.22-10.12.46:039][364]LogModuleManager: Shutting down and abandoning module MagicLeap (38)
[2018.11.22-10.12.46:039][364]LogModuleManager: Shutting down and abandoning module AnimationModifiers (36)
[2018.11.22-10.12.46:039][364]LogModuleManager: Shutting down and abandoning module PropertyEditor (35)
[2018.11.22-10.12.46:040][364]LogModuleManager: Shutting down and abandoning module AudioEditor (32)
[2018.11.22-10.12.46:040][364]LogModuleManager: Shutting down and abandoning module TextureCompressor (30)
[2018.11.22-10.12.46:044][364]LogModuleManager: Shutting down and abandoning module ShaderCore (28)
[2018.11.22-10.12.46:044][364]LogModuleManager: Shutting down and abandoning module Landscape (26)
[2018.11.22-10.12.46:045][364]LogModuleManager: Shutting down and abandoning module SlateRHIRenderer (24)
[2018.11.22-10.12.46:045][364]LogModuleManager: Shutting down and abandoning module OpenGLDrv (22)
[2018.11.22-10.12.46:045][364]LogModuleManager: Shutting down and abandoning module D3D11RHI (20)
[2018.11.22-10.12.46:046][364]LogModuleManager: Shutting down and abandoning module AnimGraphRuntime (18)
[2018.11.22-10.12.46:046][364]LogModuleManager: Shutting down and abandoning module Renderer (16)
[2018.11.22-10.12.46:046][364]LogModuleManager: Shutting down and abandoning module Engine (14)
[2018.11.22-10.12.46:047][364]LogModuleManager: Shutting down and abandoning module CoreUObject (12)
[2018.11.22-10.12.46:047][364]LogModuleManager: Shutting down and abandoning module NetworkFile (10)
[2018.11.22-10.12.46:047][364]LogModuleManager: Shutting down and abandoning module CookedIterativeFile (8)
[2018.11.22-10.12.46:048][364]LogModuleManager: Shutting down and abandoning module StreamingFile (6)
[2018.11.22-10.12.46:048][364]LogModuleManager: Shutting down and abandoning module SandboxFile (4)
[2018.11.22-10.12.46:048][364]LogModuleManager: Shutting down and abandoning module PakFile (2)
[2018.11.22-10.12.46:073][364]LogExit: Exiting.
[2018.11.22-10.12.46:101][364]Log file closed, 11/22/18 10:12:46
