Log file open, 01/06/19 16:02:39
LogWindows: Failed to load 'aqProf.dll' (GetLastError=126)
LogWindows: File 'aqProf.dll' does not exist
LogWindows: Failed to load 'VSPerf140.dll' (GetLastError=126)
LogWindows: File 'VSPerf140.dll' does not exist
LogWindows: Failed to load 'VtuneApi.dll' (GetLastError=126)
LogWindows: File 'VtuneApi.dll' does not exist
LogWindows: Failed to load 'VtuneApi32e.dll' (GetLastError=126)
LogWindows: File 'VtuneApi32e.dll' does not exist
LogInit: Display: Running engine for game: PairProject
LogPlatformFile: Not using cached read wrapper
LogTaskGraph: Started task graph with 5 named threads and 35 total threads with 3 sets of task threads.
LogStats: Stats thread started at 0.543696
LogD3D11RHI: Loaded GFSDK_Aftermath_Lib.x64.dll
LogICUInternationalization: Display: ICU TimeZone Detection - Raw Offset: +0:00, Platform Override: ''
LogPluginManager: Mounting plugin Paper2D
LogPluginManager: Mounting plugin AISupport
LogPluginManager: Mounting plugin LightPropagationVolume
LogPluginManager: Mounting plugin CLionSourceCodeAccess
LogPluginManager: Mounting plugin CodeLiteSourceCodeAccess
LogPluginManager: Mounting plugin GitSourceControl
LogPluginManager: Mounting plugin KDevelopSourceCodeAccess
LogPluginManager: Mounting plugin NullSourceCodeAccess
LogPluginManager: Mounting plugin PerforceSourceControl
LogPluginManager: Mounting plugin SubversionSourceControl
LogPluginManager: Mounting plugin UObjectPlugin
LogPluginManager: Mounting plugin VisualStudioCodeSourceCodeAccess
LogPluginManager: Mounting plugin VisualStudioSourceCodeAccess
LogPluginManager: Mounting plugin XCodeSourceCodeAccess
LogPluginManager: Mounting plugin AssetManagerEditor
LogPluginManager: Mounting plugin CryptoKeys
LogPluginManager: Mounting plugin DataValidation
LogPluginManager: Mounting plugin FacialAnimation
LogPluginManager: Mounting plugin GameplayTagsEditor
LogPluginManager: Mounting plugin MacGraphicsSwitching
LogPluginManager: Mounting plugin MeshEditor
LogPluginManager: Mounting plugin MobileLauncherProfileWizard
LogPluginManager: Mounting plugin PluginBrowser
LogPluginManager: Mounting plugin SpeedTreeImporter
LogPluginManager: Mounting plugin DatasmithContent
LogPluginManager: Mounting plugin AlembicImporter
LogPluginManager: Mounting plugin AppleImageUtils
LogPluginManager: Mounting plugin AppleVision
LogPluginManager: Mounting plugin BackChannel
LogPluginManager: Mounting plugin CharacterAI
LogPluginManager: Mounting plugin GeometryCache
LogPluginManager: Mounting plugin HTML5Networking
LogPluginManager: Mounting plugin ProxyLODPlugin
LogPluginManager: Mounting plugin MagicLeap
LogPluginManager: Mounting plugin MagicLeapEmulator
LogPluginManager: Mounting plugin MagicLeapMedia
LogPluginManager: Mounting plugin AndroidMedia
LogPluginManager: Mounting plugin AvfMedia
LogPluginManager: Mounting plugin ImgMedia
LogPluginManager: Mounting plugin LinearTimecode
LogPluginManager: Mounting plugin MediaCompositing
LogPluginManager: Mounting plugin MediaPlayerEditor
LogPluginManager: Mounting plugin WmfMedia
LogPluginManager: Mounting plugin TcpMessaging
LogPluginManager: Mounting plugin UdpMessaging
LogPluginManager: Mounting plugin ActorSequence
LogPluginManager: Mounting plugin LevelSequenceEditor
LogPluginManager: Mounting plugin MatineeToLevelSequence
LogPluginManager: Mounting plugin NetcodeUnitTest
LogPluginManager: Mounting plugin NUTUnrealEngine4
LogPluginManager: Mounting plugin OnlineSubsystemGooglePlay
LogPluginManager: Mounting plugin OnlineSubsystemIOS
LogPluginManager: Mounting plugin OnlineSubsystem
LogPluginManager: Mounting plugin OnlineSubsystemNull
LogPluginManager: Mounting plugin OnlineSubsystemUtils
LogPluginManager: Mounting plugin LauncherChunkInstaller
LogPluginManager: Mounting plugin AndroidDeviceProfileSelector
LogPluginManager: Mounting plugin AndroidMoviePlayer
LogPluginManager: Mounting plugin AndroidPermission
LogPluginManager: Mounting plugin ApexDestruction
LogPluginManager: Mounting plugin AppleMoviePlayer
LogPluginManager: Mounting plugin ArchVisCharacter
LogPluginManager: Mounting plugin AudioCapture
LogPluginManager: Mounting plugin CableComponent
LogPluginManager: Mounting plugin CustomMeshComponent
LogPluginManager: Mounting plugin EditableMesh
LogPluginManager: Mounting plugin ExampleDeviceProfileSelector
LogPluginManager: Mounting plugin GoogleCloudMessaging
LogPluginManager: Mounting plugin ImmediatePhysics
LogPluginManager: Mounting plugin IOSDeviceProfileSelector
LogPluginManager: Mounting plugin LinuxDeviceProfileSelector
LogPluginManager: Mounting plugin LocationServicesBPLibrary
LogPluginManager: Mounting plugin MobilePatchingUtils
LogPluginManager: Mounting plugin OculusVR
LogPluginManager: Plugin shader directory ../../../Engine/Plugins/Runtime/Oculus/OculusVR/Shaders found
LogPluginManager: Mapping shader source directory ../../../Engine/Plugins/Runtime/Oculus/OculusVR/Shaders to virtual directory /Plugin/OculusVR
LogPluginManager: Mounting plugin PhysXVehicles
LogPluginManager: Mounting plugin ProceduralMeshComponent
LogPluginManager: Mounting plugin RuntimePhysXCooking
LogPluginManager: Mounting plugin SteamVR
LogPluginManager: Mounting plugin WindowsMoviePlayer
LogStreaming: Display: Took  0.190s to configure plugins.
LogInit: Using libcurl 7.55.1-DEV
LogInit:  - built for x86_64-pc-win32
LogInit:  - supports SSL with OpenSSL/1.0.2h
LogInit:  - supports HTTP deflate (compression) using libz 1.2.8
LogInit:  - other features:
LogInit:      CURL_VERSION_SSL
LogInit:      CURL_VERSION_LIBZ
LogInit:      CURL_VERSION_IPV6
LogInit:      CURL_VERSION_ASYNCHDNS
LogInit:      CURL_VERSION_LARGEFILE
LogInit:      CURL_VERSION_IDN
LogInit:  CurlRequestOptions (configurable via config and command line):
LogInit:  - bVerifyPeer = false  - Libcurl will NOT verify peer certificate
LogInit:  - bUseHttpProxy = false  - Libcurl will NOT use HTTP proxy
LogInit:  - bDontReuseConnections = false  - Libcurl will reuse connections
LogInit:  - CertBundlePath = nullptr  - Libcurl will use whatever was configured at build time.
LogInit:  - MaxHostConnections = 16  - Libcurl will limit the number of connections to a host
LogInit:  - LocalHostAddr = Default
LogInit:  - BufferSize = 65536
LogInit: WinSock: version 1.1 (2.2), MaxSocks=32767, MaxUdp=65467
LogInit: Build: ++UE4+Release-4.20-CL-4369336
LogInit: Engine Version: 4.20.3-4369336+++UE4+Release-4.20
LogInit: Compatible Engine Version: 4.20.0-4212847+++UE4+Release-4.20
LogInit: Net CL: 4212847
LogInit: OS: Windows 10 (), CPU: Intel(R) Core(TM) i7-8700K CPU @ 3.70GHz, GPU: NVIDIA GeForce GTX 950
LogInit: Compiled (64-bit): Sep 17 2018 12:26:19
LogInit: Compiled with Visual C++: 19.13.26129.00
LogInit: Build Configuration: Development
LogInit: Branch Name: ++UE4+Release-4.20
LogInit: Command Line:  -skipcompile
LogInit: Base Directory: D:/Program Files (x86)/UE_4.20/Engine/Binaries/Win64/
LogInit: Installed Engine Build: 1
LogDevObjectVersion: Number of dev versions registered: 20
LogDevObjectVersion:   Dev-Blueprints (B0D832E4-1F89-4F0D-ACCF-7EB736FD4AA2): 10
LogDevObjectVersion:   Dev-Build (E1C64328-A22C-4D53-A36C-8E866417BD8C): 0
LogDevObjectVersion:   Dev-Core (375EC13C-06E4-48FB-B500-84F0262A717E): 2
LogDevObjectVersion:   Dev-Editor (E4B068ED-F494-42E9-A231-DA0B2E46BB41): 24
LogDevObjectVersion:   Dev-Framework (CFFC743F-43B0-4480-9391-14DF171D2073): 34
LogDevObjectVersion:   Dev-Mobile (B02B49B5-BB20-44E9-A304-32B752E40360): 2
LogDevObjectVersion:   Dev-Networking (A4E4105C-59A1-49B5-A7C5-40C4547EDFEE): 0
LogDevObjectVersion:   Dev-Online (39C831C9-5AE6-47DC-9A44-9C173E1C8E7C): 0
LogDevObjectVersion:   Dev-Physics (78F01B33-EBEA-4F98-B9B4-84EACCB95AA2): 0
LogDevObjectVersion:   Dev-Platform (6631380F-2D4D-43E0-8009-CF276956A95A): 0
LogDevObjectVersion:   Dev-Rendering (12F88B9F-8875-4AFC-A67C-D90C383ABD29): 26
LogDevObjectVersion:   Dev-Sequencer (7B5AE74C-D270-4C10-A958-57980B212A5A): 9
LogDevObjectVersion:   Dev-VR (D7296918-1DD6-4BDD-9DE2-64A83CC13884): 2
LogDevObjectVersion:   Dev-LoadTimes (C2A15278-BFE7-4AFE-6C17-90FF531DF755): 1
LogDevObjectVersion:   Private-Geometry (6EACA3D4-40EC-4CC1-B786-8BED09428FC5): 3
LogDevObjectVersion:   Dev-AnimPhys (29E575DD-E0A3-4627-9D10-D276232CDCEA): 17
LogDevObjectVersion:   Dev-ReflectionCapture (6B266CEC-1EC7-4B8F-A30B-E4D90942FC07): 1
LogDevObjectVersion:   Dev-Automation (0DF73D61-A23F-47EA-B727-89E90C41499A): 1
LogDevObjectVersion:   FortniteMain (601D1886-AC64-4F84-AA16-D3DE0DEAC7D6): 12
LogDevObjectVersion:   Dev-Enterprise (9DFFBCD6-494F-0158-E221-12823C92A888): 1
LogStreaming: Display: Took  0.003s to delete old logs.
LogInit: Presizing for max 8388607 objects, including 0 objects not considered by GC, pre-allocating 0 bytes for permanent pool.
LogInit: Object subsystem initialized
[2019.01.06-16.02.39:796][  0]LogInit: Selected Device Profile: [Windows]
[2019.01.06-16.02.39:797][  0]LogInit: Applying CVar settings loaded from the selected device profile: [Windows]
[2019.01.06-16.02.39:810][  0]LogHAL: Display: Platform has ~ 16 GB [17132584960 / 17179869184 / 16], which maps to Larger [LargestMinGB=32, LargerMinGB=12, DefaultMinGB=8, SmallerMinGB=6, SmallestMinGB=0)
[2019.01.06-16.02.39:810][  0]LogInit: Setting Device Profile CVar: [[r.Vulkan.UseRealUBs:1]]
[2019.01.06-16.02.39:810][  0]LogInit: Going up to parent DeviceProfile []
[2019.01.06-16.02.39:811][  0]LogInit: Computer: DESKTOP-D8L6EI8
[2019.01.06-16.02.39:811][  0]LogInit: User: h017026h
[2019.01.06-16.02.39:811][  0]LogInit: CPU Page size=4096, Cores=6
[2019.01.06-16.02.39:811][  0]LogInit: High frequency timer resolution =3.609373 MHz
[2019.01.06-16.02.39:811][  0]LogMemory: Memory total: Physical=16.0GB (16GB approx)
[2019.01.06-16.02.39:811][  0]LogMemory: Platform Memory Stats for Windows
[2019.01.06-16.02.39:811][  0]LogMemory: Process Physical Memory: 104.53 MB used, 104.53 MB peak
[2019.01.06-16.02.39:812][  0]LogMemory: Process Virtual Memory: 88.15 MB used, 88.15 MB peak
[2019.01.06-16.02.39:812][  0]LogMemory: Physical Memory: 7169.00 MB used,  9169.90 MB free, 16338.91 MB total
[2019.01.06-16.02.39:812][  0]LogMemory: Virtual Memory: 4655.16 MB used,  9169.90 MB free, 134217728.00 MB total
[2019.01.06-16.02.39:906][  0]LogInit: Using OS detected language (en-GB).
[2019.01.06-16.02.39:906][  0]LogInit: Using OS detected locale (en-GB).
[2019.01.06-16.02.39:907][  0]LogTextLocalizationManager: No specific localization for 'en-GB' exists, so the 'en' localization will be used.
[2019.01.06-16.02.40:204][  0]LogStreaming: Display: Took  0.297s to InitEngineTextLocalization.
[2019.01.06-16.02.40:204][  0]LogInit: Setting process to per monitor DPI aware
[2019.01.06-16.02.40:261][  0]LogSlate: New Slate User Created.  User Index 0, Is Virtual User: 0
[2019.01.06-16.02.40:261][  0]LogSlate: Slate User Registered.  User Index 0, Is Virtual User: 0
[2019.01.06-16.02.40:520][  0]LogHMD: Failed to initialize OpenVR with code 110
[2019.01.06-16.02.40:520][  0]LogD3D11RHI: D3D11 adapters:
[2019.01.06-16.02.40:589][  0]LogD3D11RHI:    0. 'NVIDIA GeForce GTX 950' (Feature Level 11_0)
[2019.01.06-16.02.40:589][  0]LogD3D11RHI:       2007/0/8169 MB DedicatedVideo/DedicatedSystem/SharedSystem, Outputs:1, VendorId:0x10de
[2019.01.06-16.02.40:593][  0]LogD3D11RHI:    1. 'Microsoft Basic Render Driver' (Feature Level 11_0)
[2019.01.06-16.02.40:593][  0]LogD3D11RHI:       0/0/8169 MB DedicatedVideo/DedicatedSystem/SharedSystem, Outputs:0, VendorId:0x1414
[2019.01.06-16.02.40:593][  0]LogD3D11RHI: Chosen D3D11 Adapter: 0
[2019.01.06-16.02.40:599][  0]LogD3D11RHI: Creating new Direct3DDevice
[2019.01.06-16.02.40:599][  0]LogD3D11RHI:     GPU DeviceId: 0x1402 (for the marketing name, search the web for "GPU Device Id")
[2019.01.06-16.02.40:599][  0]LogWindows: EnumDisplayDevices:
[2019.01.06-16.02.40:600][  0]LogWindows:    0. 'NVIDIA GeForce GTX 950' (P:1 D:1)
[2019.01.06-16.02.40:600][  0]LogWindows:    1. 'NVIDIA GeForce GTX 950' (P:0 D:0)
[2019.01.06-16.02.40:600][  0]LogWindows:    2. 'NVIDIA GeForce GTX 950' (P:0 D:0)
[2019.01.06-16.02.40:600][  0]LogWindows:    3. 'NVIDIA GeForce GTX 950' (P:0 D:0)
[2019.01.06-16.02.40:600][  0]LogWindows: DebugString: FoundDriverCount:4 
[2019.01.06-16.02.40:601][  0]LogD3D11RHI:     Adapter Name: NVIDIA GeForce GTX 950
[2019.01.06-16.02.40:601][  0]LogD3D11RHI:   Driver Version: 399.07 (internal:24.21.13.9907, unified:399.07)
[2019.01.06-16.02.40:601][  0]LogD3D11RHI:      Driver Date: 8-21-2018
[2019.01.06-16.02.40:601][  0]LogRHI: Texture pool is 1405 MB (70% of 2007 MB)
[2019.01.06-16.02.40:633][  0]LogD3D11RHI: Async texture creation enabled
[2019.01.06-16.02.40:664][  0]LogD3D11RHI: GPU Timing Frequency: 1000.000000 (Debug: 2 2)
[2019.01.06-16.02.40:714][  0]LogShaderCompilers: Guid format shader working directory is -27 characters bigger than the processId version (../../../../../Users/h017026h/Documents/GitKraken/TGPPairProject/PairProject/Intermediate/Shaders/WorkingDirectory/6552/).
[2019.01.06-16.02.40:715][  0]LogShaderCompilers: Cleaned the shader compiler working directory 'C:/Users/h017026h/AppData/Local/Temp/UnrealShaderWorkingDir/21694E9F4C28AE2202BB29A612AB3179/'.
[2019.01.06-16.02.40:940][  0]LogTemp: Display: Loaded TP AllDesktopTargetPlatform
[2019.01.06-16.02.40:953][  0]LogTemp: Display: Loaded TP MacClientTargetPlatform
[2019.01.06-16.02.40:967][  0]LogTemp: Display: Loaded TP MacNoEditorTargetPlatform
[2019.01.06-16.02.40:983][  0]LogTemp: Display: Loaded TP MacServerTargetPlatform
[2019.01.06-16.02.40:997][  0]LogTemp: Display: Loaded TP MacTargetPlatform
[2019.01.06-16.02.41:010][  0]LogTemp: Display: Loaded TP WindowsClientTargetPlatform
[2019.01.06-16.02.41:022][  0]LogTemp: Display: Loaded TP WindowsNoEditorTargetPlatform
[2019.01.06-16.02.41:034][  0]LogTemp: Display: Loaded TP WindowsServerTargetPlatform
[2019.01.06-16.02.41:041][  0]LogTemp: Display: Loaded TP WindowsTargetPlatform
[2019.01.06-16.02.41:107][  0]LogTemp: Display: Loaded TP AndroidTargetPlatform
[2019.01.06-16.02.41:107][  0]LogTemp: Display: Loaded TP AndroidTargetPlatform
[2019.01.06-16.02.41:107][  0]LogTemp: Display: Loaded TP AndroidTargetPlatform
[2019.01.06-16.02.41:107][  0]LogTemp: Display: Loaded TP AndroidTargetPlatform
[2019.01.06-16.02.41:107][  0]LogTemp: Display: Loaded TP AndroidTargetPlatform
[2019.01.06-16.02.41:107][  0]LogTemp: Display: Loaded TP AndroidTargetPlatform
[2019.01.06-16.02.41:107][  0]LogTemp: Display: Loaded TP AndroidTargetPlatform
[2019.01.06-16.02.41:108][  0]LogTemp: Display: Loaded TP AndroidTargetPlatform
[2019.01.06-16.02.41:108][  0]LogTemp: Display: Loaded TP AndroidTargetPlatform
[2019.01.06-16.02.41:108][  0]LogTemp: Display: Loaded TP AndroidTargetPlatform
[2019.01.06-16.02.41:108][  0]LogTemp: Display: Loaded TP AndroidTargetPlatform
[2019.01.06-16.02.41:108][  0]LogTemp: Display: Loaded TP AndroidTargetPlatform
[2019.01.06-16.02.41:108][  0]LogTemp: Display: Loaded TP AndroidTargetPlatform
[2019.01.06-16.02.41:108][  0]LogTemp: Display: Loaded TP AndroidTargetPlatform
[2019.01.06-16.02.41:108][  0]LogTemp: Display: Loaded TP AndroidTargetPlatform
[2019.01.06-16.02.41:108][  0]LogTemp: Display: Loaded TP AndroidTargetPlatform
[2019.01.06-16.02.41:108][  0]LogTemp: Display: Loaded TP AndroidTargetPlatform
[2019.01.06-16.02.41:109][  0]LogTemp: Display: Loaded TP AndroidTargetPlatform
[2019.01.06-16.02.41:112][  0]LogTemp: Display: Loaded TP HTML5TargetPlatform
[2019.01.06-16.02.41:177][  0]LogTemp: Display: Loaded TP IOSTargetPlatform
[2019.01.06-16.02.41:177][  0]LogTemp: Display: Loaded TP IOSTargetPlatform
[2019.01.06-16.02.41:200][  0]LogTemp: Display: Loaded TP TVOSTargetPlatform
[2019.01.06-16.02.41:200][  0]LogTemp: Display: Loaded TP TVOSTargetPlatform
[2019.01.06-16.02.41:212][  0]LogTemp: Display: Loaded TP LinuxClientTargetPlatform
[2019.01.06-16.02.41:224][  0]LogTemp: Display: Loaded TP LinuxNoEditorTargetPlatform
[2019.01.06-16.02.41:237][  0]LogTemp: Display: Loaded TP LinuxServerTargetPlatform
[2019.01.06-16.02.41:250][  0]LogTemp: Display: Loaded TP LinuxTargetPlatform
[2019.01.06-16.02.41:260][  0]LogTemp: Display: Loaded TP LuminTargetPlatform
[2019.01.06-16.02.41:260][  0]LogTargetPlatformManager: Display: Building Assets For Windows
[2019.01.06-16.02.41:349][  0]LogXGEController: Cleaning working directory: C:/Users/h017026h/AppData/Local/Temp/UnrealXGEWorkingDir/
[2019.01.06-16.02.41:350][  0]LogXGEController: Cannot use XGE Controller as Incredibuild is not installed on this machine.
[2019.01.06-16.02.41:350][  0]LogShaderCompilers: Cannot use XGE Shader Compiler as Incredibuild is not installed on this machine.
[2019.01.06-16.02.41:350][  0]LogShaderCompilers: Display: Using Local Shader Compiler.
[2019.01.06-16.02.41:908][  0]LogDerivedDataCache: Display: Max Cache Size: 512 MB
[2019.01.06-16.02.41:960][  0]LogDerivedDataCache: Loaded boot cache 0.05s 71MB C:/Users/h017026h/AppData/Local/UnrealEngine/4.20/DerivedDataCache/Boot.ddc.
[2019.01.06-16.02.41:961][  0]LogDerivedDataCache: Display: Loaded Boot cache: C:/Users/h017026h/AppData/Local/UnrealEngine/4.20/DerivedDataCache/Boot.ddc
[2019.01.06-16.02.41:961][  0]LogDerivedDataCache: FDerivedDataBackendGraph:  Pak pak cache file ../../../../../Users/h017026h/Documents/GitKraken/TGPPairProject/PairProject/DerivedDataCache/DDC.ddp not found, will not use a pak cache.
[2019.01.06-16.02.41:961][  0]LogDerivedDataCache: Unable to find inner node Pak for hierarchical cache Hierarchy.
[2019.01.06-16.02.41:961][  0]LogDerivedDataCache: FDerivedDataBackendGraph:  CompressedPak pak cache file ../../../../../Users/h017026h/Documents/GitKraken/TGPPairProject/PairProject/DerivedDataCache/Compressed.ddp not found, will not use a pak cache.
[2019.01.06-16.02.41:961][  0]LogDerivedDataCache: Unable to find inner node CompressedPak for hierarchical cache Hierarchy.
[2019.01.06-16.02.41:975][  0]LogDerivedDataCache: Display: Pak cache opened for reading ../../../Engine/DerivedDataCache/Compressed.ddp.
[2019.01.06-16.02.41:987][  0]LogDerivedDataCache: Using Local data cache path C:/Users/h017026h/AppData/Local/UnrealEngine/Common/DerivedDataCache: Writable
[2019.01.06-16.02.41:987][  0]LogDerivedDataCache: Shared data cache path not found in *engine.ini, will not use an Shared cache.
[2019.01.06-16.02.41:987][  0]LogDerivedDataCache: Unable to find inner node Shared for hierarchical cache Hierarchy.
[2019.01.06-16.02.42:005][  0]LogMaterial: Verifying Global Shaders for PCD3D_SM5
[2019.01.06-16.02.42:006][  0]LogSlate: Using FreeType 2.6.0
[2019.01.06-16.02.42:007][  0]LogSlate: SlateFontServices - WITH_FREETYPE: 1, WITH_HARFBUZZ: 1
[2019.01.06-16.02.42:087][  0]LogAssetRegistry: FAssetRegistry took 0.0286 seconds to start up
[2019.01.06-16.02.42:359][  0]LogInit: Selected Device Profile: [Windows]
[2019.01.06-16.02.42:478][  0]LogSimplygon: Simplygon DLL not present - disabling.
[2019.01.06-16.02.42:486][  0]LogMeshReduction: Using SimplygonSwarm for distributed automatic mesh merging
[2019.01.06-16.02.42:486][  0]LogMeshReduction: Using ProxyLODMeshReduction for automatic mesh merging
[2019.01.06-16.02.42:486][  0]LogMeshReduction: Using QuadricMeshReduction for automatic static mesh reduction
[2019.01.06-16.02.42:486][  0]LogMeshReduction: No automatic skeletal mesh reduction module available
[2019.01.06-16.02.42:499][  0]LogNetVersion: PairProject 1.0.0, NetCL: 4212847, EngineNetVer: 5, GameNetVer: 0 (Checksum: 2248716754)
[2019.01.06-16.02.43:000][  0]LogPackageLocalizationCache: Processed 11 localized package path(s) for 2 prioritized culture(s) in 0.163600 seconds
[2019.01.06-16.02.43:006][  0]LogUObjectArray: 38425 objects as part of root set at end of initial load.
[2019.01.06-16.02.43:006][  0]LogUObjectAllocator: 6690872 out of 0 bytes used by permanent object pool.
[2019.01.06-16.02.43:006][  0]LogUObjectArray: CloseDisregardForGC: 0/0 objects in disregard for GC pool
[2019.01.06-16.02.43:907][  0]LogTcpMessaging: Initializing TcpMessaging bridge
[2019.01.06-16.02.43:923][  0]LogUdpMessaging: Initializing bridge on interface 0.0.0.0:0 to multicast group 230.0.0.1:6666.
[2019.01.06-16.02.44:138][  0]SourceControl: Source control is disabled
[2019.01.06-16.02.44:138][  0]SourceControl: Source control is disabled
[2019.01.06-16.02.44:141][  0]SourceControl: Source control is disabled
[2019.01.06-16.02.44:144][  0]SourceControl: Source control is disabled
[2019.01.06-16.02.44:405][  0]LogAndroidPermission: UAndroidPermissionCallbackProxy::GetInstance
[2019.01.06-16.02.44:513][  0]LogOcInput: OculusInput pre-init called
[2019.01.06-16.02.44:578][  0]LogEngine: Initializing Engine...
[2019.01.06-16.02.44:579][  0]LogHMD: Failed to initialize OpenVR with code 110
[2019.01.06-16.02.44:580][  0]LogStats: UGameplayTagsManager::ConstructGameplayTagTree: ImportINI prefixes -  0.000 s
[2019.01.06-16.02.44:580][  0]LogStats: UGameplayTagsManager::ConstructGameplayTagTree: Construct from data asset -  0.000 s
[2019.01.06-16.02.44:581][  0]LogStats: UGameplayTagsManager::ConstructGameplayTagTree: ImportINI -  0.000 s
[2019.01.06-16.02.44:581][  0]LogStats: UGameplayTagsManager::ConstructGameplayTagTree: GameplayTagTreeChangedEvent.Broadcast -  0.000 s
[2019.01.06-16.02.44:749][  0]LogInit: Initializing FReadOnlyCVARCache
[2019.01.06-16.02.44:760][  0]LogAIModule: Creating AISystem for world Untitled
[2019.01.06-16.02.44:786][  0]LogInit: XAudio2 using 'Headset Earphone (Corsair VOID PRO USB Gaming Headset)' : 6 channels at 48 kHz using 16 bits per sample (channel mask 0x3f)
[2019.01.06-16.02.44:888][  0]LogInit: FAudioDevice initialized.
[2019.01.06-16.02.44:888][  0]LogNetVersion: Set ProjectVersion to 1.0.0.0. Version Checksum will be recalculated on next use.
[2019.01.06-16.02.44:959][  0]LogDerivedDataCache: Saved boot cache 0.07s 71MB C:/Users/h017026h/AppData/Local/UnrealEngine/4.20/DerivedDataCache/Boot.ddc.
[2019.01.06-16.02.44:962][  0]LogInit: Texture streaming: Enabled
[2019.01.06-16.02.44:984][  0]LogEngineSessionManager: EngineSessionManager initialized
[2019.01.06-16.02.44:994][  0]LogInit: Transaction tracking system initialized
[2019.01.06-16.02.45:020][  0]BlueprintLog: New page: Editor Load
[2019.01.06-16.02.45:122][  0]LocalizationService: Localization service is disabled
[2019.01.06-16.02.45:383][  0]LogCook: Display: Max memory allowance for cook 16384mb min free memory 0mb
[2019.01.06-16.02.45:383][  0]LogCook: Display: Mobile HDR setting 1
[2019.01.06-16.02.45:383][  0]LogGameplayTags: Display: UGameplayTagsManager::DoneAddingNativeTags. DelegateIsBound: 0
[2019.01.06-16.02.45:383][  0]LogStats: UGameplayTagsManager::ConstructGameplayTagTree: ImportINI prefixes -  0.000 s
[2019.01.06-16.02.45:383][  0]LogStats: UGameplayTagsManager::ConstructGameplayTagTree: Construct from data asset -  0.000 s
[2019.01.06-16.02.45:384][  0]LogStats: UGameplayTagsManager::ConstructGameplayTagTree: ImportINI -  0.000 s
[2019.01.06-16.02.45:384][  0]LogStats: UGameplayTagsManager::ConstructGameplayTagTree: GameplayTagTreeChangedEvent.Broadcast -  0.000 s
[2019.01.06-16.02.45:540][  0]LogFileCache: Scanning file cache for directory 'D:/Users/h017026h/Documents/GitKraken/TGPPairProject/PairProject/Content/' took 0.03s
[2019.01.06-16.02.45:540][  0]SourceControl: Source control is disabled
[2019.01.06-16.02.45:540][  0]Cmd: MAP LOAD FILE="../../../../../Users/h017026h/Documents/GitKraken/TGPPairProject/PairProject/Content/Scenes/StartScreen.umap" TEMPLATE=0 SHOWPROGRESS=1 FEATURELEVEL=3
[2019.01.06-16.02.45:541][  0]LightingResults: New page: Lighting Build
[2019.01.06-16.02.45:543][  0]MapCheck: New page: Map Check
[2019.01.06-16.02.45:543][  0]LightingResults: New page: Lighting Build
[2019.01.06-16.02.45:651][  0]LogAIModule: Creating AISystem for world StartScreen
[2019.01.06-16.02.45:652][  0]LogEditorServer: Finished looking for orphan Actors (0.000 secs)
[2019.01.06-16.02.45:673][  0]Cmd: MAP CHECKDEP NOCLEARLOG
[2019.01.06-16.02.45:727][  0]MapCheck: Map check complete: 0 Error(s), 0 Warning(s), took 53.951ms to complete.
[2019.01.06-16.02.45:728][  0]LogFileHelpers: Loading map 'StartScreen' took 0.187
[2019.01.06-16.02.45:836][  0]LogSlate: Updating window title bar state: overlay mode, drag disabled, window buttons hidden, title bar hidden
[2019.01.06-16.02.45:843][  0]LogSlate: Updating window title bar state: overlay mode, drag disabled, window buttons hidden, title bar hidden
[2019.01.06-16.02.45:849][  0]LogSlate: Updating window title bar state: overlay mode, drag disabled, window buttons hidden, title bar hidden
[2019.01.06-16.02.45:855][  0]LogSlate: Updating window title bar state: overlay mode, drag disabled, window buttons hidden, title bar hidden
[2019.01.06-16.02.45:860][  0]LogCollectionManager: Loaded 0 collections in 0.001074 seconds
[2019.01.06-16.02.45:907][  0]LogFileCache: Scanning file cache for directory 'D:/Users/h017026h/Documents/GitKraken/TGPPairProject/PairProject/Saved/Collections/' took 0.01s
[2019.01.06-16.02.45:907][  0]LogFileCache: Scanning file cache for directory 'D:/Users/h017026h/Documents/GitKraken/TGPPairProject/PairProject/Content/Developers/h017026h/Collections/' took 0.01s
[2019.01.06-16.02.45:907][  0]LogFileCache: Scanning file cache for directory 'D:/Users/h017026h/Documents/GitKraken/TGPPairProject/PairProject/Content/Collections/' took 0.01s
[2019.01.06-16.02.45:907][  0]LogCollectionManager: Rebuilt the GUID cache for 0 collections in 0.000000 seconds
[2019.01.06-16.02.45:915][  0]LogContentBrowser: Native class hierarchy populated in 0.0081 seconds. Added 2594 classes and 611 folders.
[2019.01.06-16.02.45:920][  0]LogContentBrowser: Native class hierarchy updated for 'WidgetCarousel' in 0.0004 seconds. Added 0 classes and 0 folders.
[2019.01.06-16.02.45:974][  0]LogContentBrowser: Native class hierarchy updated for 'AddContentDialog' in 0.0003 seconds. Added 0 classes and 0 folders.
[2019.01.06-16.02.45:980][  0]LogContentBrowser: Native class hierarchy updated for 'SceneOutliner' in 0.0006 seconds. Added 1 classes and 2 folders.
[2019.01.06-16.02.45:993][  0]LogSlate: Took 0.000217 seconds to synchronously load lazily loaded font '../../../Engine/Content/Slate/Fonts/Roboto-Regular.ttf' (155K)
[2019.01.06-16.02.45:995][  0]LogSlate: Took 0.000203 seconds to synchronously load lazily loaded font '../../../Engine/Content/Slate/Fonts/Roboto-Bold.ttf' (160K)
[2019.01.06-16.02.45:999][  0]LogSlate: Took 0.000222 seconds to synchronously load lazily loaded font '../../../Engine/Content/Editor/Slate/Fonts/FontAwesome.ttf' (139K)
[2019.01.06-16.02.46:068][  0]LogRenderer: Reallocating scene render targets to support 1232x556 Format 10 NumSamples 1 (Frame:1).
[2019.01.06-16.02.46:207][  0]LogContentBrowser: Native class hierarchy updated for 'HierarchicalLODOutliner' in 0.0005 seconds. Added 0 classes and 0 folders.
[2019.01.06-16.02.46:208][  0]LogLoad: (Engine Initialization) Total time: 8.77 seconds
[2019.01.06-16.02.46:208][  0]LogLoad: (Engine Initialization) Total Blueprint compile time: 0.00 seconds
[2019.01.06-16.02.46:218][  0]LogWindowsTextInputMethodSystem: Display: IME system now deactivated.
[2019.01.06-16.02.46:240][  0]LogContentStreaming: Texture pool size now 1000 MB
[2019.01.06-16.02.46:328][  0]LogSlate: Took 0.000221 seconds to synchronously load lazily loaded font '../../../Engine/Content/Slate/Fonts/Roboto-Light.ttf' (167K)
[2019.01.06-16.02.46:345][  1]LogAssetRegistry: Asset discovery search completed in 4.2825 seconds
[2019.01.06-16.02.46:348][  1]LogCollectionManager: Rebuilt the object cache for 0 collections in 0.000000 seconds (found 0 objects)
[2019.01.06-16.02.46:349][  1]LogCollectionManager: Fixed up redirectors for 0 collections in 0.000202 seconds (updated 0 objects)
[2019.01.06-16.02.47:311][113]LogSlate: FSceneViewport::OnFocusLost() reason 0
[2019.01.06-16.02.47:411][125]LogTemp: Repeating last play command: Selected Viewport
[2019.01.06-16.02.47:434][125]LogBlueprintUserMessages: Early PlayInEditor Detection: Level '/Game/Scenes/StartScreen.StartScreen:PersistentLevel' has LevelScriptBlueprint '/Game/Scenes/StartScreen.StartScreen:PersistentLevel.StartScreen' with GeneratedClass '/Game/Scenes/StartScreen.StartScreen_C' with ClassGeneratedBy '/Game/Scenes/StartScreen.StartScreen:PersistentLevel.StartScreen'
[2019.01.06-16.02.47:434][125]LogPlayLevel: PlayLevel: No blueprints needed recompiling
[2019.01.06-16.02.47:447][125]PIE: New page: PIE session: StartScreen (6 Jan 2019 16:02:47)
[2019.01.06-16.02.47:448][125]LogPlayLevel: Creating play world package: /Game/Scenes/UEDPIE_0_StartScreen
[2019.01.06-16.02.47:448][125]LogPlayLevel: PIE: StaticDuplicateObject took: (0.000770s)
[2019.01.06-16.02.47:449][125]LogAIModule: Creating AISystem for world StartScreen
[2019.01.06-16.02.47:450][125]LogPlayLevel: PIE: World Init took: (0.000800s)
[2019.01.06-16.02.47:450][125]LogPlayLevel: PIE: Created PIE world by copying editor world from /Game/Scenes/StartScreen.StartScreen to /Game/Scenes/UEDPIE_0_StartScreen.StartScreen (0.002052s)
[2019.01.06-16.02.47:484][125]LogInit: XAudio2 using 'Headset Earphone (Corsair VOID PRO USB Gaming Headset)' : 6 channels at 48 kHz using 16 bits per sample (channel mask 0x3f)
[2019.01.06-16.02.47:575][125]LogInit: FAudioDevice initialized.
[2019.01.06-16.02.47:624][125]LogLoad: Game class is 'TestGameMode_C'
[2019.01.06-16.02.47:625][125]LogWorld: Bringing World /Game/Scenes/UEDPIE_0_StartScreen.StartScreen up for play (max tick rate 0) at 2019.01.06-16.02.47
[2019.01.06-16.02.47:625][125]LogWorld: Bringing up level for play took: 0.000333
[2019.01.06-16.02.47:642][125]LogContentBrowser: Native class hierarchy updated for 'MovieSceneCapture' in 0.0004 seconds. Added 10 classes and 0 folders.
[2019.01.06-16.02.47:642][125]LogGameMode: Display: Match State Changed from EnteringMap to WaitingToStart
[2019.01.06-16.02.47:642][125]LogGameState: Match State Changed from EnteringMap to WaitingToStart
[2019.01.06-16.02.47:642][125]LogGameMode: Display: Match State Changed from WaitingToStart to InProgress
[2019.01.06-16.02.47:644][125]LogGameState: Match State Changed from WaitingToStart to InProgress
[2019.01.06-16.02.47:644][125]PIE: Play in editor start time for /Game/Scenes/UEDPIE_0_StartScreen -0.403
[2019.01.06-16.02.47:644][125]LogBlueprintUserMessages: Late PlayInEditor Detection: Level '/Game/Scenes/StartScreen.StartScreen:PersistentLevel' has LevelScriptBlueprint '/Game/Scenes/StartScreen.StartScreen:PersistentLevel.StartScreen' with GeneratedClass '/Game/Scenes/StartScreen.StartScreen_C' with ClassGeneratedBy '/Game/Scenes/StartScreen.StartScreen:PersistentLevel.StartScreen'
[2019.01.06-16.02.48:862][269]LogGameMode: Display: Match State Changed from InProgress to LeavingMap
[2019.01.06-16.02.48:862][269]LogGameState: Match State Changed from InProgress to LeavingMap
[2019.01.06-16.02.48:863][269]LogNet: Browse: /Game/Scenes/CameraTestScene
[2019.01.06-16.02.48:863][269]LogLoad: LoadMap: /Game/Scenes/CameraTestScene
[2019.01.06-16.02.50:133][269]LogAIModule: Creating AISystem for world CameraTestScene
[2019.01.06-16.02.50:133][269]LogLoad: Game class is 'TestGameMode_C'
[2019.01.06-16.02.50:149][269]LogWorld: Bringing World /Game/Scenes/UEDPIE_0_CameraTestScene.CameraTestScene up for play (max tick rate 0) at 2019.01.06-16.02.50
[2019.01.06-16.02.50:151][269]LogWorld: Bringing up level for play took: 0.015868
[2019.01.06-16.02.50:151][269]LogGameMode: FindPlayerStart: PATHS NOT DEFINED or NO PLAYERSTART with positive rating
[2019.01.06-16.02.50:151][269]LogGameMode: Display: Match State Changed from EnteringMap to WaitingToStart
[2019.01.06-16.02.50:151][269]LogGameState: Match State Changed from EnteringMap to WaitingToStart
[2019.01.06-16.02.50:151][269]LogGameMode: Display: Match State Changed from WaitingToStart to InProgress
[2019.01.06-16.02.50:153][269]LogActor: Warning: MyBPBasePlayerWeapon_C /Game/Scenes/UEDPIE_0_CameraTestScene.CameraTestScene:PersistentLevel.MyBPBasePlayerWeapon_C_0 has natively added scene component(s), but none of them were set as the actor's RootComponent - picking one arbitrarily
[2019.01.06-16.02.50:153][269]LogActor: Warning: MyBiggoronKnifeWeapon_C /Game/Scenes/UEDPIE_0_CameraTestScene.CameraTestScene:PersistentLevel.MyBiggoronKnifeWeapon_C_0 has natively added scene component(s), but none of them were set as the actor's RootComponent - picking one arbitrarily
[2019.01.06-16.02.50:155][269]LogGameState: Match State Changed from WaitingToStart to InProgress
[2019.01.06-16.02.50:155][269]LogLoad: Took 1.291491 seconds to LoadMap(/Game/Scenes/CameraTestScene)
[2019.01.06-16.02.50:164][269]LogSlate: Took 0.003591 seconds to synchronously load lazily loaded font '../../../Engine/Content/SlateDebug/Fonts/LastResort.ttf' (5269K)
[2019.01.06-16.02.50:181][270]LogCharacterMovement: Warning: GetSimulationTimeStep() - Max iterations 8 hit while remaining time 0.062043 > MaxSimulationTimeStep (0.050) for 'MyImpaCharacter_17', movement 'Walking'
[2019.01.06-16.03.09:160][510]LogBlueprintUserMessages: Early EndPlayMap Detection: Level '/Game/Scenes/StartScreen.StartScreen:PersistentLevel' has LevelScriptBlueprint '/Game/Scenes/StartScreen.StartScreen:PersistentLevel.StartScreen' with GeneratedClass '/Game/Scenes/StartScreen.StartScreen_C' with ClassGeneratedBy '/Game/Scenes/StartScreen.StartScreen:PersistentLevel.StartScreen'
[2019.01.06-16.03.09:160][510]LogSlate: Updating window title bar state: overlay mode, drag disabled, window buttons hidden, title bar hidden
[2019.01.06-16.03.09:195][510]LogPlayLevel: Display: Shutting down PIE online subsystems
[2019.01.06-16.03.09:196][510]LogBlueprintUserMessages: Late EndPlayMap Detection: Level '/Game/Scenes/StartScreen.StartScreen:PersistentLevel' has LevelScriptBlueprint '/Game/Scenes/StartScreen.StartScreen:PersistentLevel.StartScreen' with GeneratedClass '/Game/Scenes/StartScreen.StartScreen_C' with ClassGeneratedBy '/Game/Scenes/StartScreen.StartScreen:PersistentLevel.StartScreen'
[2019.01.06-16.03.09:217][510]LogSlate: Updating window title bar state: overlay mode, drag disabled, window buttons hidden, title bar hidden
[2019.01.06-16.03.09:262][514]LogPlayLevel: Display: Destroying online subsystem :Context_1
[2019.01.06-16.03.11:226][749]LogSlate: FSceneViewport::OnFocusLost() reason 0
[2019.01.06-16.03.11:342][762]LogActor: Warning: MyBPBaseKeep_C /Engine/Transient.World_1:PersistentLevel.MyBPBaseKeep_C_0 has natively added scene component(s), but none of them were set as the actor's RootComponent - picking one arbitrarily
[2019.01.06-16.03.14:239][105]LogSlate: Took 0.000240 seconds to synchronously load lazily loaded font '../../../Engine/Content/Slate/Fonts/Roboto-Light.ttf' (167K)
[2019.01.06-16.03.14:248][105]LogAssetEditorManager: Opening Asset editor for Blueprint /Game/Blueprints/Character_BPs/MyImpaCharacter.MyImpaCharacter
[2019.01.06-16.03.14:596][105]LogContentBrowser: Native class hierarchy updated for 'BlueprintGraph' in 0.0006 seconds. Added 116 classes and 0 folders.
[2019.01.06-16.03.15:242][105]LogSlate: Took 0.000198 seconds to synchronously load lazily loaded font '../../../Engine/Content/Slate/Fonts/Roboto-BoldCondensed.ttf' (158K)
[2019.01.06-16.03.15:327][106]LogSlate: Took 0.000182 seconds to synchronously load lazily loaded font '../../../Engine/Content/Slate/Fonts/Roboto-Italic.ttf' (157K)
[2019.01.06-16.03.49:875][241]LogAssetEditorManager: Opening Asset editor for Blueprint /Game/Blueprints/Character_BPs/MyLinkCharacter.MyLinkCharacter
[2019.01.06-16.05.01:726][762]BlueprintLog: New page: Compile MyImpaCharacter
[2019.01.06-16.05.02:484][829]LogTemp: Repeating last play command: Selected Viewport
[2019.01.06-16.05.02:515][829]LogBlueprintUserMessages: Early PlayInEditor Detection: Level '/Game/Scenes/StartScreen.StartScreen:PersistentLevel' has LevelScriptBlueprint '/Game/Scenes/StartScreen.StartScreen:PersistentLevel.StartScreen' with GeneratedClass '/Game/Scenes/StartScreen.StartScreen_C' with ClassGeneratedBy '/Game/Scenes/StartScreen.StartScreen:PersistentLevel.StartScreen'
[2019.01.06-16.05.02:515][829]LogPlayLevel: PlayLevel: No blueprints needed recompiling
[2019.01.06-16.05.02:515][829]PIE: New page: PIE session: StartScreen (6 Jan 2019 16:05:02)
[2019.01.06-16.05.02:515][829]LogPlayLevel: Creating play world package: /Game/Scenes/UEDPIE_0_StartScreen
[2019.01.06-16.05.02:516][829]LogPlayLevel: PIE: StaticDuplicateObject took: (0.000890s)
[2019.01.06-16.05.02:517][829]LogAIModule: Creating AISystem for world StartScreen
[2019.01.06-16.05.02:517][829]LogPlayLevel: PIE: World Init took: (0.000893s)
[2019.01.06-16.05.02:518][829]LogPlayLevel: PIE: Created PIE world by copying editor world from /Game/Scenes/StartScreen.StartScreen to /Game/Scenes/UEDPIE_0_StartScreen.StartScreen (0.002174s)
[2019.01.06-16.05.02:555][829]LogInit: XAudio2 using 'Headset Earphone (Corsair VOID PRO USB Gaming Headset)' : 6 channels at 48 kHz using 16 bits per sample (channel mask 0x3f)
[2019.01.06-16.05.02:658][829]LogInit: FAudioDevice initialized.
[2019.01.06-16.05.02:665][829]LogSlate: Updating window title bar state: overlay mode, drag disabled, window buttons hidden, title bar hidden
[2019.01.06-16.05.02:701][829]LogLoad: Game class is 'TestGameMode_C'
[2019.01.06-16.05.02:702][829]LogWorld: Bringing World /Game/Scenes/UEDPIE_0_StartScreen.StartScreen up for play (max tick rate 0) at 2019.01.06-16.05.02
[2019.01.06-16.05.02:702][829]LogWorld: Bringing up level for play took: 0.000461
[2019.01.06-16.05.02:714][829]LogGameMode: FindPlayerStart: PATHS NOT DEFINED or NO PLAYERSTART with positive rating
[2019.01.06-16.05.02:715][829]LogGameMode: Display: Match State Changed from EnteringMap to WaitingToStart
[2019.01.06-16.05.02:715][829]LogGameState: Match State Changed from EnteringMap to WaitingToStart
[2019.01.06-16.05.02:715][829]LogGameMode: Display: Match State Changed from WaitingToStart to InProgress
[2019.01.06-16.05.02:716][829]LogGameState: Match State Changed from WaitingToStart to InProgress
[2019.01.06-16.05.02:718][829]PIE: Play in editor start time for /Game/Scenes/UEDPIE_0_StartScreen 0.67
[2019.01.06-16.05.02:719][829]LogBlueprintUserMessages: Late PlayInEditor Detection: Level '/Game/Scenes/StartScreen.StartScreen:PersistentLevel' has LevelScriptBlueprint '/Game/Scenes/StartScreen.StartScreen:PersistentLevel.StartScreen' with GeneratedClass '/Game/Scenes/StartScreen.StartScreen_C' with ClassGeneratedBy '/Game/Scenes/StartScreen.StartScreen:PersistentLevel.StartScreen'
[2019.01.06-16.05.02:731][829]LogRenderer: Reallocating scene render targets to support 1292x756 Format 10 NumSamples 1 (Frame:1).
[2019.01.06-16.05.05:698][180]LogGameMode: Display: Match State Changed from InProgress to LeavingMap
[2019.01.06-16.05.05:699][180]LogGameState: Match State Changed from InProgress to LeavingMap
[2019.01.06-16.05.05:699][180]LogNet: Browse: /Game/Scenes/CameraTestScene
[2019.01.06-16.05.05:699][180]LogLoad: LoadMap: /Game/Scenes/CameraTestScene
[2019.01.06-16.05.05:975][180]LogAIModule: Creating AISystem for world CameraTestScene
[2019.01.06-16.05.05:975][180]LogLoad: Game class is 'TestGameMode_C'
[2019.01.06-16.05.05:986][180]LogWorld: Bringing World /Game/Scenes/UEDPIE_0_CameraTestScene.CameraTestScene up for play (max tick rate 0) at 2019.01.06-16.05.05
[2019.01.06-16.05.05:987][180]LogWorld: Bringing up level for play took: 0.010778
[2019.01.06-16.05.05:987][180]LogGameMode: FindPlayerStart: PATHS NOT DEFINED or NO PLAYERSTART with positive rating
[2019.01.06-16.05.05:987][180]LogGameMode: Display: Match State Changed from EnteringMap to WaitingToStart
[2019.01.06-16.05.05:987][180]LogGameState: Match State Changed from EnteringMap to WaitingToStart
[2019.01.06-16.05.05:988][180]LogGameMode: Display: Match State Changed from WaitingToStart to InProgress
[2019.01.06-16.05.05:989][180]LogActor: Warning: MyBPBasePlayerWeapon_C /Game/Scenes/UEDPIE_0_CameraTestScene.CameraTestScene:PersistentLevel.MyBPBasePlayerWeapon_C_0 has natively added scene component(s), but none of them were set as the actor's RootComponent - picking one arbitrarily
[2019.01.06-16.05.05:989][180]LogActor: Warning: MyBiggoronKnifeWeapon_C /Game/Scenes/UEDPIE_0_CameraTestScene.CameraTestScene:PersistentLevel.MyBiggoronKnifeWeapon_C_0 has natively added scene component(s), but none of them were set as the actor's RootComponent - picking one arbitrarily
[2019.01.06-16.05.05:991][180]LogGameState: Match State Changed from WaitingToStart to InProgress
[2019.01.06-16.05.05:991][180]LogLoad: Took 0.292006 seconds to LoadMap(/Game/Scenes/CameraTestScene)
[2019.01.06-16.05.14:586][176]LogBlueprintUserMessages: Early EndPlayMap Detection: Level '/Game/Scenes/StartScreen.StartScreen:PersistentLevel' has LevelScriptBlueprint '/Game/Scenes/StartScreen.StartScreen:PersistentLevel.StartScreen' with GeneratedClass '/Game/Scenes/StartScreen.StartScreen_C' with ClassGeneratedBy '/Game/Scenes/StartScreen.StartScreen:PersistentLevel.StartScreen'
[2019.01.06-16.05.14:587][176]LogSlate: Updating window title bar state: overlay mode, drag disabled, window buttons hidden, title bar hidden
[2019.01.06-16.05.14:612][176]LogSlate: Window 'PairProject Game Preview Standalone (64-bit/PCD3D_SM5)' being destroyed
[2019.01.06-16.05.14:654][176]LogPlayLevel: Display: Shutting down PIE online subsystems
[2019.01.06-16.05.14:655][176]LogBlueprintUserMessages: Late EndPlayMap Detection: Level '/Game/Scenes/StartScreen.StartScreen:PersistentLevel' has LevelScriptBlueprint '/Game/Scenes/StartScreen.StartScreen:PersistentLevel.StartScreen' with GeneratedClass '/Game/Scenes/StartScreen.StartScreen_C' with ClassGeneratedBy '/Game/Scenes/StartScreen.StartScreen:PersistentLevel.StartScreen'
[2019.01.06-16.05.14:697][177]LogPlayLevel: Display: Destroying online subsystem :Context_8
[2019.01.06-16.05.21:905][ 41]BlueprintLog: New page: Compile MyImpaCharacter
[2019.01.06-16.05.22:646][104]LogTemp: Repeating last play command: Selected Viewport
[2019.01.06-16.05.22:674][104]LogBlueprintUserMessages: Early PlayInEditor Detection: Level '/Game/Scenes/StartScreen.StartScreen:PersistentLevel' has LevelScriptBlueprint '/Game/Scenes/StartScreen.StartScreen:PersistentLevel.StartScreen' with GeneratedClass '/Game/Scenes/StartScreen.StartScreen_C' with ClassGeneratedBy '/Game/Scenes/StartScreen.StartScreen:PersistentLevel.StartScreen'
[2019.01.06-16.05.22:674][104]LogPlayLevel: PlayLevel: No blueprints needed recompiling
[2019.01.06-16.05.22:674][104]PIE: New page: PIE session: StartScreen (6 Jan 2019 16:05:22)
[2019.01.06-16.05.22:675][104]LogPlayLevel: Creating play world package: /Game/Scenes/UEDPIE_0_StartScreen
[2019.01.06-16.05.22:676][104]LogPlayLevel: PIE: StaticDuplicateObject took: (0.000926s)
[2019.01.06-16.05.22:676][104]LogAIModule: Creating AISystem for world StartScreen
[2019.01.06-16.05.22:677][104]LogPlayLevel: PIE: World Init took: (0.000901s)
[2019.01.06-16.05.22:677][104]LogPlayLevel: PIE: Created PIE world by copying editor world from /Game/Scenes/StartScreen.StartScreen to /Game/Scenes/UEDPIE_0_StartScreen.StartScreen (0.002193s)
[2019.01.06-16.05.22:717][104]LogInit: XAudio2 using 'Headset Earphone (Corsair VOID PRO USB Gaming Headset)' : 6 channels at 48 kHz using 16 bits per sample (channel mask 0x3f)
[2019.01.06-16.05.22:823][104]LogInit: FAudioDevice initialized.
[2019.01.06-16.05.22:830][104]LogSlate: Updating window title bar state: overlay mode, drag disabled, window buttons hidden, title bar hidden
[2019.01.06-16.05.22:866][104]LogLoad: Game class is 'TestGameMode_C'
[2019.01.06-16.05.22:867][104]LogWorld: Bringing World /Game/Scenes/UEDPIE_0_StartScreen.StartScreen up for play (max tick rate 0) at 2019.01.06-16.05.22
[2019.01.06-16.05.22:867][104]LogWorld: Bringing up level for play took: 0.000386
[2019.01.06-16.05.22:880][104]LogGameMode: FindPlayerStart: PATHS NOT DEFINED or NO PLAYERSTART with positive rating
[2019.01.06-16.05.22:881][104]LogGameMode: Display: Match State Changed from EnteringMap to WaitingToStart
[2019.01.06-16.05.22:881][104]LogGameState: Match State Changed from EnteringMap to WaitingToStart
[2019.01.06-16.05.22:881][104]LogGameMode: Display: Match State Changed from WaitingToStart to InProgress
[2019.01.06-16.05.22:882][104]LogGameState: Match State Changed from WaitingToStart to InProgress
[2019.01.06-16.05.22:885][104]PIE: Play in editor start time for /Game/Scenes/UEDPIE_0_StartScreen 0.837
[2019.01.06-16.05.22:885][104]LogBlueprintUserMessages: Late PlayInEditor Detection: Level '/Game/Scenes/StartScreen.StartScreen:PersistentLevel' has LevelScriptBlueprint '/Game/Scenes/StartScreen.StartScreen:PersistentLevel.StartScreen' with GeneratedClass '/Game/Scenes/StartScreen.StartScreen_C' with ClassGeneratedBy '/Game/Scenes/StartScreen.StartScreen:PersistentLevel.StartScreen'
[2019.01.06-16.05.26:655][552]LogGameMode: Display: Match State Changed from InProgress to LeavingMap
[2019.01.06-16.05.26:655][552]LogGameState: Match State Changed from InProgress to LeavingMap
[2019.01.06-16.05.26:656][552]LogNet: Browse: /Game/Scenes/CameraTestScene
[2019.01.06-16.05.26:656][552]LogLoad: LoadMap: /Game/Scenes/CameraTestScene
[2019.01.06-16.05.26:929][552]LogAIModule: Creating AISystem for world CameraTestScene
[2019.01.06-16.05.26:929][552]LogLoad: Game class is 'TestGameMode_C'
[2019.01.06-16.05.26:940][552]LogWorld: Bringing World /Game/Scenes/UEDPIE_0_CameraTestScene.CameraTestScene up for play (max tick rate 0) at 2019.01.06-16.05.26
[2019.01.06-16.05.26:941][552]LogWorld: Bringing up level for play took: 0.010864
[2019.01.06-16.05.26:942][552]LogGameMode: FindPlayerStart: PATHS NOT DEFINED or NO PLAYERSTART with positive rating
[2019.01.06-16.05.26:942][552]LogGameMode: Display: Match State Changed from EnteringMap to WaitingToStart
[2019.01.06-16.05.26:942][552]LogGameState: Match State Changed from EnteringMap to WaitingToStart
[2019.01.06-16.05.26:942][552]LogGameMode: Display: Match State Changed from WaitingToStart to InProgress
[2019.01.06-16.05.26:944][552]LogActor: Warning: MyBPBasePlayerWeapon_C /Game/Scenes/UEDPIE_0_CameraTestScene.CameraTestScene:PersistentLevel.MyBPBasePlayerWeapon_C_0 has natively added scene component(s), but none of them were set as the actor's RootComponent - picking one arbitrarily
[2019.01.06-16.05.26:944][552]LogActor: Warning: MyBiggoronKnifeWeapon_C /Game/Scenes/UEDPIE_0_CameraTestScene.CameraTestScene:PersistentLevel.MyBiggoronKnifeWeapon_C_0 has natively added scene component(s), but none of them were set as the actor's RootComponent - picking one arbitrarily
[2019.01.06-16.05.26:945][552]LogGameState: Match State Changed from WaitingToStart to InProgress
[2019.01.06-16.05.26:945][552]LogLoad: Took 0.289488 seconds to LoadMap(/Game/Scenes/CameraTestScene)
[2019.01.06-16.05.37:190][739]LogBlueprintUserMessages: Early EndPlayMap Detection: Level '/Game/Scenes/StartScreen.StartScreen:PersistentLevel' has LevelScriptBlueprint '/Game/Scenes/StartScreen.StartScreen:PersistentLevel.StartScreen' with GeneratedClass '/Game/Scenes/StartScreen.StartScreen_C' with ClassGeneratedBy '/Game/Scenes/StartScreen.StartScreen:PersistentLevel.StartScreen'
[2019.01.06-16.05.37:191][739]LogSlate: Updating window title bar state: overlay mode, drag disabled, window buttons hidden, title bar hidden
[2019.01.06-16.05.37:215][739]LogSlate: Window 'PairProject Game Preview Standalone (64-bit/PCD3D_SM5)' being destroyed
[2019.01.06-16.05.37:256][739]LogPlayLevel: Display: Shutting down PIE online subsystems
[2019.01.06-16.05.37:256][739]LogBlueprintUserMessages: Late EndPlayMap Detection: Level '/Game/Scenes/StartScreen.StartScreen:PersistentLevel' has LevelScriptBlueprint '/Game/Scenes/StartScreen.StartScreen:PersistentLevel.StartScreen' with GeneratedClass '/Game/Scenes/StartScreen.StartScreen_C' with ClassGeneratedBy '/Game/Scenes/StartScreen.StartScreen:PersistentLevel.StartScreen'
[2019.01.06-16.05.37:300][740]LogPlayLevel: Display: Destroying online subsystem :Context_9
[2019.01.06-16.05.40:864][167]BlueprintLog: New page: Compile MyImpaCharacter
[2019.01.06-16.05.41:864][263]LogTemp: Repeating last play command: Selected Viewport
[2019.01.06-16.05.41:893][263]LogBlueprintUserMessages: Early PlayInEditor Detection: Level '/Game/Scenes/StartScreen.StartScreen:PersistentLevel' has LevelScriptBlueprint '/Game/Scenes/StartScreen.StartScreen:PersistentLevel.StartScreen' with GeneratedClass '/Game/Scenes/StartScreen.StartScreen_C' with ClassGeneratedBy '/Game/Scenes/StartScreen.StartScreen:PersistentLevel.StartScreen'
[2019.01.06-16.05.41:894][263]LogPlayLevel: PlayLevel: No blueprints needed recompiling
[2019.01.06-16.05.41:894][263]PIE: New page: PIE session: StartScreen (6 Jan 2019 16:05:41)
[2019.01.06-16.05.41:894][263]LogPlayLevel: Creating play world package: /Game/Scenes/UEDPIE_0_StartScreen
[2019.01.06-16.05.41:895][263]LogPlayLevel: PIE: StaticDuplicateObject took: (0.001309s)
[2019.01.06-16.05.41:896][263]LogAIModule: Creating AISystem for world StartScreen
[2019.01.06-16.05.41:897][263]LogPlayLevel: PIE: World Init took: (0.001036s)
[2019.01.06-16.05.41:897][263]LogPlayLevel: PIE: Created PIE world by copying editor world from /Game/Scenes/StartScreen.StartScreen to /Game/Scenes/UEDPIE_0_StartScreen.StartScreen (0.002678s)
[2019.01.06-16.05.41:934][263]LogInit: XAudio2 using 'Headset Earphone (Corsair VOID PRO USB Gaming Headset)' : 6 channels at 48 kHz using 16 bits per sample (channel mask 0x3f)
[2019.01.06-16.05.42:045][263]LogInit: FAudioDevice initialized.
[2019.01.06-16.05.42:052][263]LogSlate: Updating window title bar state: overlay mode, drag disabled, window buttons hidden, title bar hidden
[2019.01.06-16.05.42:091][263]LogLoad: Game class is 'TestGameMode_C'
[2019.01.06-16.05.42:092][263]LogWorld: Bringing World /Game/Scenes/UEDPIE_0_StartScreen.StartScreen up for play (max tick rate 0) at 2019.01.06-16.05.42
[2019.01.06-16.05.42:092][263]LogWorld: Bringing up level for play took: 0.000485
[2019.01.06-16.05.42:106][263]LogGameMode: FindPlayerStart: PATHS NOT DEFINED or NO PLAYERSTART with positive rating
[2019.01.06-16.05.42:106][263]LogGameMode: Display: Match State Changed from EnteringMap to WaitingToStart
[2019.01.06-16.05.42:106][263]LogGameState: Match State Changed from EnteringMap to WaitingToStart
[2019.01.06-16.05.42:106][263]LogGameMode: Display: Match State Changed from WaitingToStart to InProgress
[2019.01.06-16.05.42:107][263]LogGameState: Match State Changed from WaitingToStart to InProgress
[2019.01.06-16.05.42:110][263]PIE: Play in editor start time for /Game/Scenes/UEDPIE_0_StartScreen 0.062
[2019.01.06-16.05.42:110][263]LogBlueprintUserMessages: Late PlayInEditor Detection: Level '/Game/Scenes/StartScreen.StartScreen:PersistentLevel' has LevelScriptBlueprint '/Game/Scenes/StartScreen.StartScreen:PersistentLevel.StartScreen' with GeneratedClass '/Game/Scenes/StartScreen.StartScreen_C' with ClassGeneratedBy '/Game/Scenes/StartScreen.StartScreen:PersistentLevel.StartScreen'
[2019.01.06-16.05.43:960][481]LogGameMode: Display: Match State Changed from InProgress to LeavingMap
[2019.01.06-16.05.43:961][481]LogGameState: Match State Changed from InProgress to LeavingMap
[2019.01.06-16.05.43:961][481]LogNet: Browse: /Game/Scenes/CameraTestScene
[2019.01.06-16.05.43:961][481]LogLoad: LoadMap: /Game/Scenes/CameraTestScene
[2019.01.06-16.05.44:236][481]LogAIModule: Creating AISystem for world CameraTestScene
[2019.01.06-16.05.44:237][481]LogLoad: Game class is 'TestGameMode_C'
[2019.01.06-16.05.44:248][481]LogWorld: Bringing World /Game/Scenes/UEDPIE_0_CameraTestScene.CameraTestScene up for play (max tick rate 0) at 2019.01.06-16.05.44
[2019.01.06-16.05.44:248][481]LogWorld: Bringing up level for play took: 0.010682
[2019.01.06-16.05.44:249][481]LogGameMode: FindPlayerStart: PATHS NOT DEFINED or NO PLAYERSTART with positive rating
[2019.01.06-16.05.44:249][481]LogGameMode: Display: Match State Changed from EnteringMap to WaitingToStart
[2019.01.06-16.05.44:249][481]LogGameState: Match State Changed from EnteringMap to WaitingToStart
[2019.01.06-16.05.44:249][481]LogGameMode: Display: Match State Changed from WaitingToStart to InProgress
[2019.01.06-16.05.44:251][481]LogActor: Warning: MyBPBasePlayerWeapon_C /Game/Scenes/UEDPIE_0_CameraTestScene.CameraTestScene:PersistentLevel.MyBPBasePlayerWeapon_C_0 has natively added scene component(s), but none of them were set as the actor's RootComponent - picking one arbitrarily
[2019.01.06-16.05.44:251][481]LogActor: Warning: MyBiggoronKnifeWeapon_C /Game/Scenes/UEDPIE_0_CameraTestScene.CameraTestScene:PersistentLevel.MyBiggoronKnifeWeapon_C_0 has natively added scene component(s), but none of them were set as the actor's RootComponent - picking one arbitrarily
[2019.01.06-16.05.44:252][481]LogGameState: Match State Changed from WaitingToStart to InProgress
[2019.01.06-16.05.44:252][481]LogLoad: Took 0.290833 seconds to LoadMap(/Game/Scenes/CameraTestScene)
[2019.01.06-16.06.32:887][103]LogBlueprintUserMessages: Early EndPlayMap Detection: Level '/Game/Scenes/StartScreen.StartScreen:PersistentLevel' has LevelScriptBlueprint '/Game/Scenes/StartScreen.StartScreen:PersistentLevel.StartScreen' with GeneratedClass '/Game/Scenes/StartScreen.StartScreen_C' with ClassGeneratedBy '/Game/Scenes/StartScreen.StartScreen:PersistentLevel.StartScreen'
[2019.01.06-16.06.32:888][103]LogSlate: Updating window title bar state: overlay mode, drag disabled, window buttons hidden, title bar hidden
[2019.01.06-16.06.32:916][103]LogSlate: Window 'PairProject Game Preview Standalone (64-bit/PCD3D_SM5)' being destroyed
[2019.01.06-16.06.32:955][103]LogPlayLevel: Display: Shutting down PIE online subsystems
[2019.01.06-16.06.32:956][103]LogBlueprintUserMessages: Late EndPlayMap Detection: Level '/Game/Scenes/StartScreen.StartScreen:PersistentLevel' has LevelScriptBlueprint '/Game/Scenes/StartScreen.StartScreen:PersistentLevel.StartScreen' with GeneratedClass '/Game/Scenes/StartScreen.StartScreen_C' with ClassGeneratedBy '/Game/Scenes/StartScreen.StartScreen:PersistentLevel.StartScreen'
[2019.01.06-16.06.33:001][104]LogPlayLevel: Display: Destroying online subsystem :Context_10
[2019.01.06-16.06.35:639][409]LogSavePackage: Moving '../../../../../Users/h017026h/Documents/GitKraken/TGPPairProject/PairProject/Saved/MyImpaCharacterA50AFEF04F541655D841E1842530C3E3.tmp' to '../../../../../Users/h017026h/Documents/GitKraken/TGPPairProject/PairProject/Content/Blueprints/Character_BPs/MyImpaCharacter.uasset'
[2019.01.06-16.07.17:684][377]BlueprintLog: New page: Compile MyLinkCharacter
[2019.01.06-16.07.18:766][483]LogTemp: Repeating last play command: Selected Viewport
[2019.01.06-16.07.18:794][483]LogBlueprintUserMessages: Early PlayInEditor Detection: Level '/Game/Scenes/StartScreen.StartScreen:PersistentLevel' has LevelScriptBlueprint '/Game/Scenes/StartScreen.StartScreen:PersistentLevel.StartScreen' with GeneratedClass '/Game/Scenes/StartScreen.StartScreen_C' with ClassGeneratedBy '/Game/Scenes/StartScreen.StartScreen:PersistentLevel.StartScreen'
[2019.01.06-16.07.18:794][483]LogPlayLevel: PlayLevel: No blueprints needed recompiling
[2019.01.06-16.07.18:794][483]PIE: New page: PIE session: StartScreen (6 Jan 2019 16:07:18)
[2019.01.06-16.07.18:795][483]LogPlayLevel: Creating play world package: /Game/Scenes/UEDPIE_0_StartScreen
[2019.01.06-16.07.18:796][483]LogPlayLevel: PIE: StaticDuplicateObject took: (0.001187s)
[2019.01.06-16.07.18:797][483]LogAIModule: Creating AISystem for world StartScreen
[2019.01.06-16.07.18:797][483]LogPlayLevel: PIE: World Init took: (0.000887s)
[2019.01.06-16.07.18:797][483]LogPlayLevel: PIE: Created PIE world by copying editor world from /Game/Scenes/StartScreen.StartScreen to /Game/Scenes/UEDPIE_0_StartScreen.StartScreen (0.002427s)
[2019.01.06-16.07.18:837][483]LogInit: XAudio2 using 'Headset Earphone (Corsair VOID PRO USB Gaming Headset)' : 6 channels at 48 kHz using 16 bits per sample (channel mask 0x3f)
[2019.01.06-16.07.18:945][483]LogInit: FAudioDevice initialized.
[2019.01.06-16.07.18:952][483]LogSlate: Updating window title bar state: overlay mode, drag disabled, window buttons hidden, title bar hidden
[2019.01.06-16.07.18:985][483]LogLoad: Game class is 'TestGameMode_C'
[2019.01.06-16.07.18:986][483]LogWorld: Bringing World /Game/Scenes/UEDPIE_0_StartScreen.StartScreen up for play (max tick rate 0) at 2019.01.06-16.07.18
[2019.01.06-16.07.18:986][483]LogWorld: Bringing up level for play took: 0.000407
[2019.01.06-16.07.18:999][483]LogGameMode: FindPlayerStart: PATHS NOT DEFINED or NO PLAYERSTART with positive rating
[2019.01.06-16.07.19:000][483]LogGameMode: Display: Match State Changed from EnteringMap to WaitingToStart
[2019.01.06-16.07.19:000][483]LogGameState: Match State Changed from EnteringMap to WaitingToStart
[2019.01.06-16.07.19:000][483]LogGameMode: Display: Match State Changed from WaitingToStart to InProgress
[2019.01.06-16.07.19:001][483]LogGameState: Match State Changed from WaitingToStart to InProgress
[2019.01.06-16.07.19:005][483]PIE: Play in editor start time for /Game/Scenes/UEDPIE_0_StartScreen 0.957
[2019.01.06-16.07.19:005][483]LogBlueprintUserMessages: Late PlayInEditor Detection: Level '/Game/Scenes/StartScreen.StartScreen:PersistentLevel' has LevelScriptBlueprint '/Game/Scenes/StartScreen.StartScreen:PersistentLevel.StartScreen' with GeneratedClass '/Game/Scenes/StartScreen.StartScreen_C' with ClassGeneratedBy '/Game/Scenes/StartScreen.StartScreen:PersistentLevel.StartScreen'
[2019.01.06-16.07.22:014][840]LogGameMode: Display: Match State Changed from InProgress to LeavingMap
[2019.01.06-16.07.22:014][840]LogGameState: Match State Changed from InProgress to LeavingMap
[2019.01.06-16.07.22:015][840]LogNet: Browse: /Game/Scenes/CameraTestScene
[2019.01.06-16.07.22:015][840]LogLoad: LoadMap: /Game/Scenes/CameraTestScene
[2019.01.06-16.07.22:291][840]LogAIModule: Creating AISystem for world CameraTestScene
[2019.01.06-16.07.22:291][840]LogLoad: Game class is 'TestGameMode_C'
[2019.01.06-16.07.22:302][840]LogWorld: Bringing World /Game/Scenes/UEDPIE_0_CameraTestScene.CameraTestScene up for play (max tick rate 0) at 2019.01.06-16.07.22
[2019.01.06-16.07.22:303][840]LogWorld: Bringing up level for play took: 0.010974
[2019.01.06-16.07.22:304][840]LogGameMode: FindPlayerStart: PATHS NOT DEFINED or NO PLAYERSTART with positive rating
[2019.01.06-16.07.22:304][840]LogGameMode: Display: Match State Changed from EnteringMap to WaitingToStart
[2019.01.06-16.07.22:304][840]LogGameState: Match State Changed from EnteringMap to WaitingToStart
[2019.01.06-16.07.22:304][840]LogGameMode: Display: Match State Changed from WaitingToStart to InProgress
[2019.01.06-16.07.22:305][840]LogActor: Warning: MyBPBasePlayerWeapon_C /Game/Scenes/UEDPIE_0_CameraTestScene.CameraTestScene:PersistentLevel.MyBPBasePlayerWeapon_C_0 has natively added scene component(s), but none of them were set as the actor's RootComponent - picking one arbitrarily
[2019.01.06-16.07.22:306][840]LogActor: Warning: MyBiggoronKnifeWeapon_C /Game/Scenes/UEDPIE_0_CameraTestScene.CameraTestScene:PersistentLevel.MyBiggoronKnifeWeapon_C_0 has natively added scene component(s), but none of them were set as the actor's RootComponent - picking one arbitrarily
[2019.01.06-16.07.22:307][840]LogGameState: Match State Changed from WaitingToStart to InProgress
[2019.01.06-16.07.22:307][840]LogLoad: Took 0.293097 seconds to LoadMap(/Game/Scenes/CameraTestScene)
[2019.01.06-16.07.40:586][950]LogBlueprintUserMessages: Early EndPlayMap Detection: Level '/Game/Scenes/StartScreen.StartScreen:PersistentLevel' has LevelScriptBlueprint '/Game/Scenes/StartScreen.StartScreen:PersistentLevel.StartScreen' with GeneratedClass '/Game/Scenes/StartScreen.StartScreen_C' with ClassGeneratedBy '/Game/Scenes/StartScreen.StartScreen:PersistentLevel.StartScreen'
[2019.01.06-16.07.40:587][950]LogSlate: Updating window title bar state: overlay mode, drag disabled, window buttons hidden, title bar hidden
[2019.01.06-16.07.40:611][950]LogSlate: Window 'PairProject Game Preview Standalone (64-bit/PCD3D_SM5)' being destroyed
[2019.01.06-16.07.40:649][950]LogPlayLevel: Display: Shutting down PIE online subsystems
[2019.01.06-16.07.40:649][950]LogBlueprintUserMessages: Late EndPlayMap Detection: Level '/Game/Scenes/StartScreen.StartScreen:PersistentLevel' has LevelScriptBlueprint '/Game/Scenes/StartScreen.StartScreen:PersistentLevel.StartScreen' with GeneratedClass '/Game/Scenes/StartScreen.StartScreen_C' with ClassGeneratedBy '/Game/Scenes/StartScreen.StartScreen:PersistentLevel.StartScreen'
[2019.01.06-16.07.40:693][951]LogPlayLevel: Display: Destroying online subsystem :Context_11
[2019.01.06-16.07.44:265][376]BlueprintLog: New page: Compile MyLinkCharacter
[2019.01.06-16.07.46:614][623]LogSavePackage: Moving '../../../../../Users/h017026h/Documents/GitKraken/TGPPairProject/PairProject/Saved/MyLinkCharacter3E93BA2844714310500BE69D22851C3F.tmp' to '../../../../../Users/h017026h/Documents/GitKraken/TGPPairProject/PairProject/Content/Blueprints/Character_BPs/MyLinkCharacter.uasset'
[2019.01.06-16.07.50:190][ 47]LogActor: Warning: MyBPHeartPickup_C /Engine/Transient.World_6:PersistentLevel.MyBPHeartPickup_C_0 has natively added scene component(s), but none of them were set as the actor's RootComponent - picking one arbitrarily
[2019.01.06-16.07.50:194][ 47]LogActor: Warning: MyBPFullHeartPickup_C /Engine/Transient.World_7:PersistentLevel.MyBPFullHeartPickup_C_0 has natively added scene component(s), but none of them were set as the actor's RootComponent - picking one arbitrarily
[2019.01.06-16.07.50:212][ 48]LogActor: Warning: MyBiggoronKnifeWeapon_C /Engine/Transient.World_9:PersistentLevel.MyBiggoronKnifeWeapon_C_0 has natively added scene component(s), but none of them were set as the actor's RootComponent - picking one arbitrarily
[2019.01.06-16.07.50:246][ 49]LogActor: Warning: MyBPBasePlayerWeapon_C /Engine/Transient.World_10:PersistentLevel.MyBPBasePlayerWeapon_C_0 has natively added scene component(s), but none of them were set as the actor's RootComponent - picking one arbitrarily
[2019.01.06-16.07.50:274][ 50]LogActor: Warning: MyBPStaminaBIgPickup_C /Engine/Transient.World_11:PersistentLevel.MyBPStaminaBIgPickup_C_0 has natively added scene component(s), but none of them were set as the actor's RootComponent - picking one arbitrarily
[2019.01.06-16.07.50:293][ 51]LogActor: Warning: MyBPStaminSmallPickup_C /Engine/Transient.World_12:PersistentLevel.MyBPStaminSmallPickup_C_0 has natively added scene component(s), but none of them were set as the actor's RootComponent - picking one arbitrarily
[2019.01.06-16.07.50:648][ 91]LogAssetEditorManager: Opening Asset editor for LevelScriptBlueprint /Game/Scenes/StartScreen.StartScreen:PersistentLevel.StartScreen
[2019.01.06-16.07.57:953][898]LogAIModule: Creating AISystem for world CameraTestScene
[2019.01.06-16.07.57:989][898]LogAssetEditorManager: Opening Asset editor for World /Game/Scenes/CameraTestScene.CameraTestScene
[2019.01.06-16.07.58:020][898]Cmd: MAP LOAD FILE="../../../../../Users/h017026h/Documents/GitKraken/TGPPairProject/PairProject/Content/Scenes/CameraTestScene.umap" TEMPLATE=0 SHOWPROGRESS=1 FEATURELEVEL=3
[2019.01.06-16.07.58:020][898]LightingResults: New page: Lighting Build
[2019.01.06-16.07.58:021][898]LoadErrors: New page: Loading map: CameraTestScene.umap
[2019.01.06-16.07.58:022][898]MapCheck: New page: Map Check
[2019.01.06-16.07.58:022][898]LightingResults: New page: Lighting Build
[2019.01.06-16.07.58:066][898]LogEditorServer: Finished looking for orphan Actors (0.000 secs)
[2019.01.06-16.07.58:143][898]Cmd: MAP CHECKDEP NOCLEARLOG
[2019.01.06-16.07.58:235][898]MapCheck: Map check complete: 0 Error(s), 0 Warning(s), took 92.4ms to complete.
[2019.01.06-16.07.58:236][898]LogFileHelpers: Loading map 'CameraTestScene' took 0.217
[2019.01.06-16.08.01:085][208]LogAssetEditorManager: Opening Asset editor for LevelScriptBlueprint /Game/Scenes/CameraTestScene.CameraTestScene:PersistentLevel.CameraTestScene
