Log file open, 11/19/18 18:34:37
LogWindows: Failed to load 'aqProf.dll' (GetLastError=126)
LogWindows: File 'aqProf.dll' does not exist
LogWindows: Failed to load 'VSPerf140.dll' (GetLastError=126)
LogWindows: File 'VSPerf140.dll' does not exist
LogWindows: Failed to load 'VtuneApi.dll' (GetLastError=126)
LogWindows: File 'VtuneApi.dll' does not exist
LogWindows: Failed to load 'VtuneApi32e.dll' (GetLastError=126)
LogWindows: File 'VtuneApi32e.dll' does not exist
LogInit: Display: Running engine for game: PairProject
LogPlatformFile: Not using cached read wrapper
LogTaskGraph: Started task graph with 5 named threads and 23 total threads with 3 sets of task threads.
LogStats: Stats thread started at 0.387146
LogD3D11RHI: Loaded GFSDK_Aftermath_Lib.x64.dll
LogICUInternationalization: Display: ICU TimeZone Detection - Raw Offset: +0:00, Platform Override: ''
LogPluginManager: Mounting plugin Paper2D
LogPluginManager: Mounting plugin AISupport
LogPluginManager: Mounting plugin LightPropagationVolume
LogPluginManager: Mounting plugin CLionSourceCodeAccess
LogPluginManager: Mounting plugin CodeLiteSourceCodeAccess
LogPluginManager: Mounting plugin GitSourceControl
LogPluginManager: Mounting plugin KDevelopSourceCodeAccess
LogPluginManager: Mounting plugin NullSourceCodeAccess
LogPluginManager: Mounting plugin PerforceSourceControl
LogPluginManager: Mounting plugin SubversionSourceControl
LogPluginManager: Mounting plugin UObjectPlugin
LogPluginManager: Mounting plugin VisualStudioCodeSourceCodeAccess
LogPluginManager: Mounting plugin VisualStudioSourceCodeAccess
LogPluginManager: Mounting plugin XCodeSourceCodeAccess
LogPluginManager: Mounting plugin AssetManagerEditor
LogPluginManager: Mounting plugin CryptoKeys
LogPluginManager: Mounting plugin DataValidation
LogPluginManager: Mounting plugin FacialAnimation
LogPluginManager: Mounting plugin GameplayTagsEditor
LogPluginManager: Mounting plugin MacGraphicsSwitching
LogPluginManager: Mounting plugin MeshEditor
LogPluginManager: Mounting plugin MobileLauncherProfileWizard
LogPluginManager: Mounting plugin PluginBrowser
LogPluginManager: Mounting plugin SpeedTreeImporter
LogPluginManager: Mounting plugin DatasmithContent
LogPluginManager: Mounting plugin AlembicImporter
LogPluginManager: Mounting plugin AppleImageUtils
LogPluginManager: Mounting plugin AppleVision
LogPluginManager: Mounting plugin BackChannel
LogPluginManager: Mounting plugin CharacterAI
LogPluginManager: Mounting plugin GeometryCache
LogPluginManager: Mounting plugin HTML5Networking
LogPluginManager: Mounting plugin ProxyLODPlugin
LogPluginManager: Mounting plugin MagicLeap
LogPluginManager: Mounting plugin MagicLeapEmulator
LogPluginManager: Mounting plugin MagicLeapMedia
LogPluginManager: Mounting plugin AndroidMedia
LogPluginManager: Mounting plugin AvfMedia
LogPluginManager: Mounting plugin ImgMedia
LogPluginManager: Mounting plugin LinearTimecode
LogPluginManager: Mounting plugin MediaCompositing
LogPluginManager: Mounting plugin MediaPlayerEditor
LogPluginManager: Mounting plugin WmfMedia
LogPluginManager: Mounting plugin TcpMessaging
LogPluginManager: Mounting plugin UdpMessaging
LogPluginManager: Mounting plugin ActorSequence
LogPluginManager: Mounting plugin LevelSequenceEditor
LogPluginManager: Mounting plugin MatineeToLevelSequence
LogPluginManager: Mounting plugin NetcodeUnitTest
LogPluginManager: Mounting plugin NUTUnrealEngine4
LogPluginManager: Mounting plugin OnlineSubsystemGooglePlay
LogPluginManager: Mounting plugin OnlineSubsystemIOS
LogPluginManager: Mounting plugin OnlineSubsystem
LogPluginManager: Mounting plugin OnlineSubsystemNull
LogPluginManager: Mounting plugin OnlineSubsystemUtils
LogPluginManager: Mounting plugin LauncherChunkInstaller
LogPluginManager: Mounting plugin AndroidDeviceProfileSelector
LogPluginManager: Mounting plugin AndroidMoviePlayer
LogPluginManager: Mounting plugin AndroidPermission
LogPluginManager: Mounting plugin AppleMoviePlayer
LogPluginManager: Mounting plugin ArchVisCharacter
LogPluginManager: Mounting plugin AudioCapture
LogPluginManager: Mounting plugin CableComponent
LogPluginManager: Mounting plugin CustomMeshComponent
LogPluginManager: Mounting plugin EditableMesh
LogPluginManager: Mounting plugin ExampleDeviceProfileSelector
LogPluginManager: Mounting plugin GoogleCloudMessaging
LogPluginManager: Mounting plugin ImmediatePhysics
LogPluginManager: Mounting plugin IOSDeviceProfileSelector
LogPluginManager: Mounting plugin LinuxDeviceProfileSelector
LogPluginManager: Mounting plugin LocationServicesBPLibrary
LogPluginManager: Mounting plugin MobilePatchingUtils
LogPluginManager: Mounting plugin OculusVR
LogPluginManager: Plugin shader directory ../../../Engine/Plugins/Runtime/Oculus/OculusVR/Shaders found
LogPluginManager: Mapping shader source directory ../../../Engine/Plugins/Runtime/Oculus/OculusVR/Shaders to virtual directory /Plugin/OculusVR
LogPluginManager: Mounting plugin PhysXVehicles
LogPluginManager: Mounting plugin ProceduralMeshComponent
LogPluginManager: Mounting plugin RuntimePhysXCooking
LogPluginManager: Mounting plugin SteamVR
LogPluginManager: Mounting plugin WindowsMoviePlayer
LogStreaming: Display: Took  0.171s to configure plugins.
LogInit: Using libcurl 7.55.1-DEV
LogInit:  - built for x86_64-pc-win32
LogInit:  - supports SSL with OpenSSL/1.0.2h
LogInit:  - supports HTTP deflate (compression) using libz 1.2.8
LogInit:  - other features:
LogInit:      CURL_VERSION_SSL
LogInit:      CURL_VERSION_LIBZ
LogInit:      CURL_VERSION_IPV6
LogInit:      CURL_VERSION_ASYNCHDNS
LogInit:      CURL_VERSION_LARGEFILE
LogInit:      CURL_VERSION_IDN
LogInit:  CurlRequestOptions (configurable via config and command line):
LogInit:  - bVerifyPeer = false  - Libcurl will NOT verify peer certificate
LogInit:  - bUseHttpProxy = false  - Libcurl will NOT use HTTP proxy
LogInit:  - bDontReuseConnections = false  - Libcurl will reuse connections
LogInit:  - CertBundlePath = nullptr  - Libcurl will use whatever was configured at build time.
LogInit:  - MaxHostConnections = 16  - Libcurl will limit the number of connections to a host
LogInit:  - LocalHostAddr = Default
LogInit:  - BufferSize = 65536
LogInit: WinSock: version 1.1 (2.2), MaxSocks=32767, MaxUdp=65467
LogInit: Build: ++UE4+Release-4.20-CL-4369336
LogInit: Engine Version: 4.20.3-4369336+++UE4+Release-4.20
LogInit: Compatible Engine Version: 4.20.0-4212847+++UE4+Release-4.20
LogInit: Net CL: 4212847
LogInit: OS: Windows 10 (), CPU: Intel(R) Xeon(R) W-2123 CPU @ 3.60GHz, GPU: NVIDIA GeForce GTX 1070
LogInit: Compiled (64-bit): Sep 17 2018 12:26:19
LogInit: Compiled with Visual C++: 19.13.26129.00
LogInit: Build Configuration: Development
LogInit: Branch Name: ++UE4+Release-4.20
LogInit: Command Line:  -skipcompile
LogInit: Base Directory: C:/Epic/UE4/UE_4.20/Engine/Binaries/Win64/
LogInit: Installed Engine Build: 1
LogDevObjectVersion: Number of dev versions registered: 20
LogDevObjectVersion:   Dev-Blueprints (B0D832E4-1F89-4F0D-ACCF-7EB736FD4AA2): 10
LogDevObjectVersion:   Dev-Build (E1C64328-A22C-4D53-A36C-8E866417BD8C): 0
LogDevObjectVersion:   Dev-Core (375EC13C-06E4-48FB-B500-84F0262A717E): 2
LogDevObjectVersion:   Dev-Editor (E4B068ED-F494-42E9-A231-DA0B2E46BB41): 24
LogDevObjectVersion:   Dev-Framework (CFFC743F-43B0-4480-9391-14DF171D2073): 34
LogDevObjectVersion:   Dev-Mobile (B02B49B5-BB20-44E9-A304-32B752E40360): 2
LogDevObjectVersion:   Dev-Networking (A4E4105C-59A1-49B5-A7C5-40C4547EDFEE): 0
LogDevObjectVersion:   Dev-Online (39C831C9-5AE6-47DC-9A44-9C173E1C8E7C): 0
LogDevObjectVersion:   Dev-Physics (78F01B33-EBEA-4F98-B9B4-84EACCB95AA2): 0
LogDevObjectVersion:   Dev-Platform (6631380F-2D4D-43E0-8009-CF276956A95A): 0
LogDevObjectVersion:   Dev-Rendering (12F88B9F-8875-4AFC-A67C-D90C383ABD29): 26
LogDevObjectVersion:   Dev-Sequencer (7B5AE74C-D270-4C10-A958-57980B212A5A): 9
LogDevObjectVersion:   Dev-VR (D7296918-1DD6-4BDD-9DE2-64A83CC13884): 2
LogDevObjectVersion:   Dev-LoadTimes (C2A15278-BFE7-4AFE-6C17-90FF531DF755): 1
LogDevObjectVersion:   Private-Geometry (6EACA3D4-40EC-4CC1-B786-8BED09428FC5): 3
LogDevObjectVersion:   Dev-AnimPhys (29E575DD-E0A3-4627-9D10-D276232CDCEA): 17
LogDevObjectVersion:   Dev-ReflectionCapture (6B266CEC-1EC7-4B8F-A30B-E4D90942FC07): 1
LogDevObjectVersion:   Dev-Automation (0DF73D61-A23F-47EA-B727-89E90C41499A): 1
LogDevObjectVersion:   FortniteMain (601D1886-AC64-4F84-AA16-D3DE0DEAC7D6): 12
LogDevObjectVersion:   Dev-Enterprise (9DFFBCD6-494F-0158-E221-12823C92A888): 1
LogStreaming: Display: Took  0.002s to delete old logs.
LogInit: Presizing for max 8388607 objects, including 0 objects not considered by GC, pre-allocating 0 bytes for permanent pool.
LogInit: Object subsystem initialized
[2018.11.19-18.34.38:075][  0]LogInit: Selected Device Profile: [Windows]
[2018.11.19-18.34.38:075][  0]LogInit: Applying CVar settings loaded from the selected device profile: [Windows]
[2018.11.19-18.34.38:089][  0]LogHAL: Display: Platform has ~ 32 GB [34065870848 / 34359738368 / 32], which maps to Largest [LargestMinGB=32, LargerMinGB=12, DefaultMinGB=8, SmallerMinGB=6, SmallestMinGB=0)
[2018.11.19-18.34.38:089][  0]LogInit: Setting Device Profile CVar: [[r.Vulkan.UseRealUBs:1]]
[2018.11.19-18.34.38:089][  0]LogInit: Going up to parent DeviceProfile []
[2018.11.19-18.34.38:089][  0]LogInit: Computer: C117B-03
[2018.11.19-18.34.38:089][  0]LogInit: User: c013767h
[2018.11.19-18.34.38:089][  0]LogInit: CPU Page size=4096, Cores=4
[2018.11.19-18.34.38:089][  0]LogInit: High frequency timer resolution =3.515622 MHz
[2018.11.19-18.34.38:090][  0]LogMemory: Memory total: Physical=31.7GB (32GB approx)
[2018.11.19-18.34.38:090][  0]LogMemory: Platform Memory Stats for Windows
[2018.11.19-18.34.38:090][  0]LogMemory: Process Physical Memory: 100.80 MB used, 100.80 MB peak
[2018.11.19-18.34.38:090][  0]LogMemory: Process Virtual Memory: 90.78 MB used, 90.78 MB peak
[2018.11.19-18.34.38:090][  0]LogMemory: Physical Memory: 7670.29 MB used,  24817.46 MB free, 32487.75 MB total
[2018.11.19-18.34.38:090][  0]LogMemory: Virtual Memory: 4640.09 MB used,  24817.46 MB free, 134217728.00 MB total
[2018.11.19-18.34.38:208][  0]LogInit: Using OS detected language (en-US).
[2018.11.19-18.34.38:208][  0]LogInit: Using OS detected locale (en-GB).
[2018.11.19-18.34.38:209][  0]LogTextLocalizationManager: No specific localization for 'en-US' exists, so the 'en' localization will be used.
[2018.11.19-18.34.38:568][  0]LogStreaming: Display: Took  0.360s to InitEngineTextLocalization.
[2018.11.19-18.34.38:568][  0]LogInit: Setting process to per monitor DPI aware
[2018.11.19-18.34.38:634][  0]LogSlate: New Slate User Created.  User Index 0, Is Virtual User: 0
[2018.11.19-18.34.38:634][  0]LogSlate: Slate User Registered.  User Index 0, Is Virtual User: 0
[2018.11.19-18.34.38:859][  0]LogHMD: Failed to initialize OpenVR with code 110
[2018.11.19-18.34.38:859][  0]LogD3D11RHI: D3D11 adapters:
[2018.11.19-18.34.38:953][  0]LogD3D11RHI:    0. 'NVIDIA GeForce GTX 1070' (Feature Level 11_0)
[2018.11.19-18.34.38:953][  0]LogD3D11RHI:       8088/0/16243 MB DedicatedVideo/DedicatedSystem/SharedSystem, Outputs:2, VendorId:0x10de
[2018.11.19-18.34.38:958][  0]LogD3D11RHI:    1. 'Microsoft Basic Render Driver' (Feature Level 11_0)
[2018.11.19-18.34.38:958][  0]LogD3D11RHI:       0/0/16243 MB DedicatedVideo/DedicatedSystem/SharedSystem, Outputs:0, VendorId:0x1414
[2018.11.19-18.34.38:958][  0]LogD3D11RHI: Chosen D3D11 Adapter: 0
[2018.11.19-18.34.38:965][  0]LogD3D11RHI: Creating new Direct3DDevice
[2018.11.19-18.34.38:965][  0]LogD3D11RHI:     GPU DeviceId: 0x1b81 (for the marketing name, search the web for "GPU Device Id")
[2018.11.19-18.34.38:966][  0]LogWindows: EnumDisplayDevices:
[2018.11.19-18.34.38:966][  0]LogWindows:    0. 'NVIDIA GeForce GTX 1070' (P:1 D:1)
[2018.11.19-18.34.38:966][  0]LogWindows:    1. 'NVIDIA GeForce GTX 1070' (P:0 D:1)
[2018.11.19-18.34.38:966][  0]LogWindows:    2. 'NVIDIA GeForce GTX 1070' (P:0 D:0)
[2018.11.19-18.34.38:967][  0]LogWindows:    3. 'NVIDIA GeForce GTX 1070' (P:0 D:0)
[2018.11.19-18.34.38:967][  0]LogWindows: DebugString: FoundDriverCount:4 
[2018.11.19-18.34.38:967][  0]LogD3D11RHI:     Adapter Name: NVIDIA GeForce GTX 1070
[2018.11.19-18.34.38:967][  0]LogD3D11RHI:   Driver Version: 399.24 (internal:24.21.13.9924, unified:399.24)
[2018.11.19-18.34.38:967][  0]LogD3D11RHI:      Driver Date: 9-5-2018
[2018.11.19-18.34.38:967][  0]LogRHI: Texture pool is 5661 MB (70% of 8088 MB)
[2018.11.19-18.34.39:015][  0]LogD3D11RHI: Async texture creation enabled
[2018.11.19-18.34.39:039][  0]LogD3D11RHI: GPU Timing Frequency: 1000.000000 (Debug: 2 2)
[2018.11.19-18.34.39:045][  0]LogShaderCompilers: Guid format shader working directory is -28 characters bigger than the processId version (../../../../../../Users/c013767h/Documents/GitHub/TGPPairProject/PairProject/Intermediate/Shaders/WorkingDirectory/12948/).
[2018.11.19-18.34.39:045][  0]LogShaderCompilers: Cleaned the shader compiler working directory 'C:/Users/c013767h/AppData/Local/Temp/UnrealShaderWorkingDir/B737D1D54EE11D652A03D9A940C7AA8B/'.
[2018.11.19-18.34.39:388][  0]LogTemp: Display: Loaded TP AllDesktopTargetPlatform
[2018.11.19-18.34.39:414][  0]LogTemp: Display: Loaded TP MacClientTargetPlatform
[2018.11.19-18.34.39:432][  0]LogTemp: Display: Loaded TP MacNoEditorTargetPlatform
[2018.11.19-18.34.39:450][  0]LogTemp: Display: Loaded TP MacServerTargetPlatform
[2018.11.19-18.34.39:466][  0]LogTemp: Display: Loaded TP MacTargetPlatform
[2018.11.19-18.34.39:493][  0]LogTemp: Display: Loaded TP WindowsClientTargetPlatform
[2018.11.19-18.34.39:515][  0]LogTemp: Display: Loaded TP WindowsNoEditorTargetPlatform
[2018.11.19-18.34.39:532][  0]LogTemp: Display: Loaded TP WindowsServerTargetPlatform
[2018.11.19-18.34.39:542][  0]LogTemp: Display: Loaded TP WindowsTargetPlatform
[2018.11.19-18.34.39:640][  0]LogTemp: Display: Loaded TP AndroidTargetPlatform
[2018.11.19-18.34.39:641][  0]LogTemp: Display: Loaded TP AndroidTargetPlatform
[2018.11.19-18.34.39:641][  0]LogTemp: Display: Loaded TP AndroidTargetPlatform
[2018.11.19-18.34.39:641][  0]LogTemp: Display: Loaded TP AndroidTargetPlatform
[2018.11.19-18.34.39:641][  0]LogTemp: Display: Loaded TP AndroidTargetPlatform
[2018.11.19-18.34.39:641][  0]LogTemp: Display: Loaded TP AndroidTargetPlatform
[2018.11.19-18.34.39:641][  0]LogTemp: Display: Loaded TP AndroidTargetPlatform
[2018.11.19-18.34.39:641][  0]LogTemp: Display: Loaded TP AndroidTargetPlatform
[2018.11.19-18.34.39:641][  0]LogTemp: Display: Loaded TP AndroidTargetPlatform
[2018.11.19-18.34.39:641][  0]LogTemp: Display: Loaded TP AndroidTargetPlatform
[2018.11.19-18.34.39:641][  0]LogTemp: Display: Loaded TP AndroidTargetPlatform
[2018.11.19-18.34.39:641][  0]LogTemp: Display: Loaded TP AndroidTargetPlatform
[2018.11.19-18.34.39:642][  0]LogTemp: Display: Loaded TP AndroidTargetPlatform
[2018.11.19-18.34.39:642][  0]LogTemp: Display: Loaded TP AndroidTargetPlatform
[2018.11.19-18.34.39:642][  0]LogTemp: Display: Loaded TP AndroidTargetPlatform
[2018.11.19-18.34.39:642][  0]LogTemp: Display: Loaded TP AndroidTargetPlatform
[2018.11.19-18.34.39:642][  0]LogTemp: Display: Loaded TP AndroidTargetPlatform
[2018.11.19-18.34.39:642][  0]LogTemp: Display: Loaded TP AndroidTargetPlatform
[2018.11.19-18.34.39:648][  0]LogTemp: Display: Loaded TP HTML5TargetPlatform
[2018.11.19-18.34.39:739][  0]LogTemp: Display: Loaded TP IOSTargetPlatform
[2018.11.19-18.34.39:739][  0]LogTemp: Display: Loaded TP IOSTargetPlatform
[2018.11.19-18.34.39:767][  0]LogTemp: Display: Loaded TP TVOSTargetPlatform
[2018.11.19-18.34.39:767][  0]LogTemp: Display: Loaded TP TVOSTargetPlatform
[2018.11.19-18.34.39:784][  0]LogTemp: Display: Loaded TP LinuxClientTargetPlatform
[2018.11.19-18.34.39:800][  0]LogTemp: Display: Loaded TP LinuxNoEditorTargetPlatform
[2018.11.19-18.34.39:830][  0]LogTemp: Display: Loaded TP LinuxServerTargetPlatform
[2018.11.19-18.34.39:851][  0]LogTemp: Display: Loaded TP LinuxTargetPlatform
[2018.11.19-18.34.39:865][  0]LogTemp: Display: Loaded TP LuminTargetPlatform
[2018.11.19-18.34.39:865][  0]LogTargetPlatformManager: Display: Building Assets For Windows
[2018.11.19-18.34.40:015][  0]LogXGEController: Cleaning working directory: C:/Users/c013767h/AppData/Local/Temp/UnrealXGEWorkingDir/
[2018.11.19-18.34.40:015][  0]LogXGEController: Cannot use XGE Controller as Incredibuild is not installed on this machine.
[2018.11.19-18.34.40:015][  0]LogShaderCompilers: Cannot use XGE Shader Compiler as Incredibuild is not installed on this machine.
[2018.11.19-18.34.40:015][  0]LogShaderCompilers: Display: Using Local Shader Compiler.
[2018.11.19-18.34.40:796][  0]LogDerivedDataCache: Display: Max Cache Size: 512 MB
[2018.11.19-18.34.40:854][  0]LogDerivedDataCache: Loaded boot cache 0.06s 87MB C:/Users/c013767h/AppData/Local/UnrealEngine/4.20/DerivedDataCache/Boot.ddc.
[2018.11.19-18.34.40:855][  0]LogDerivedDataCache: Display: Loaded Boot cache: C:/Users/c013767h/AppData/Local/UnrealEngine/4.20/DerivedDataCache/Boot.ddc
[2018.11.19-18.34.40:855][  0]LogDerivedDataCache: FDerivedDataBackendGraph:  Pak pak cache file ../../../../../../Users/c013767h/Documents/GitHub/TGPPairProject/PairProject/DerivedDataCache/DDC.ddp not found, will not use a pak cache.
[2018.11.19-18.34.40:855][  0]LogDerivedDataCache: Unable to find inner node Pak for hierarchical cache Hierarchy.
[2018.11.19-18.34.40:855][  0]LogDerivedDataCache: FDerivedDataBackendGraph:  CompressedPak pak cache file ../../../../../../Users/c013767h/Documents/GitHub/TGPPairProject/PairProject/DerivedDataCache/Compressed.ddp not found, will not use a pak cache.
[2018.11.19-18.34.40:855][  0]LogDerivedDataCache: Unable to find inner node CompressedPak for hierarchical cache Hierarchy.
[2018.11.19-18.34.40:882][  0]LogDerivedDataCache: Display: Pak cache opened for reading ../../../Engine/DerivedDataCache/Compressed.ddp.
[2018.11.19-18.34.40:896][  0]LogDerivedDataCache: Using Local data cache path C:/Users/c013767h/AppData/Local/UnrealEngine/Common/DerivedDataCache: Writable
[2018.11.19-18.34.40:896][  0]LogDerivedDataCache: Shared data cache path not found in *engine.ini, will not use an Shared cache.
[2018.11.19-18.34.40:897][  0]LogDerivedDataCache: Unable to find inner node Shared for hierarchical cache Hierarchy.
[2018.11.19-18.34.40:929][  0]LogMaterial: Verifying Global Shaders for PCD3D_SM5
[2018.11.19-18.34.40:933][  0]LogSlate: Using FreeType 2.6.0
[2018.11.19-18.34.40:934][  0]LogSlate: SlateFontServices - WITH_FREETYPE: 1, WITH_HARFBUZZ: 1
[2018.11.19-18.34.41:007][  0]LogAssetRegistry: FAssetRegistry took 0.0308 seconds to start up
[2018.11.19-18.34.41:339][  0]LogInit: Selected Device Profile: [Windows]
[2018.11.19-18.34.41:507][  0]LogSimplygon: Simplygon DLL not present - disabling.
[2018.11.19-18.34.41:520][  0]LogMeshReduction: Using SimplygonSwarm for distributed automatic mesh merging
[2018.11.19-18.34.41:520][  0]LogMeshReduction: Using ProxyLODMeshReduction for automatic mesh merging
[2018.11.19-18.34.41:520][  0]LogMeshReduction: Using QuadricMeshReduction for automatic static mesh reduction
[2018.11.19-18.34.41:520][  0]LogMeshReduction: No automatic skeletal mesh reduction module available
[2018.11.19-18.34.41:543][  0]LogNetVersion: PairProject 1.0.0, NetCL: 4212847, EngineNetVer: 5, GameNetVer: 0 (Checksum: 2248716754)
[2018.11.19-18.34.42:163][  0]LogPackageLocalizationCache: Processed 11 localized package path(s) for 2 prioritized culture(s) in 0.154132 seconds
[2018.11.19-18.34.42:170][  0]LogUObjectArray: 38425 objects as part of root set at end of initial load.
[2018.11.19-18.34.42:170][  0]LogUObjectAllocator: 6690864 out of 0 bytes used by permanent object pool.
[2018.11.19-18.34.42:170][  0]LogUObjectArray: CloseDisregardForGC: 0/0 objects in disregard for GC pool
[2018.11.19-18.34.43:216][  0]LogTcpMessaging: Initializing TcpMessaging bridge
[2018.11.19-18.34.43:234][  0]LogUdpMessaging: Initializing bridge on interface 0.0.0.0:0 to multicast group 230.0.0.1:6666.
[2018.11.19-18.34.43:439][  0]SourceControl: Source control is disabled
[2018.11.19-18.34.43:440][  0]SourceControl: Source control is disabled
[2018.11.19-18.34.43:443][  0]SourceControl: Source control is disabled
[2018.11.19-18.34.43:446][  0]SourceControl: Source control is disabled
[2018.11.19-18.34.43:751][  0]LogAndroidPermission: UAndroidPermissionCallbackProxy::GetInstance
[2018.11.19-18.34.43:838][  0]LogOcInput: OculusInput pre-init called
[2018.11.19-18.34.43:905][  0]LogEngine: Initializing Engine...
[2018.11.19-18.34.43:906][  0]LogHMD: Failed to initialize OpenVR with code 110
[2018.11.19-18.34.43:908][  0]LogStats: UGameplayTagsManager::ConstructGameplayTagTree: ImportINI prefixes -  0.000 s
[2018.11.19-18.34.43:908][  0]LogStats: UGameplayTagsManager::ConstructGameplayTagTree: Construct from data asset -  0.000 s
[2018.11.19-18.34.43:909][  0]LogStats: UGameplayTagsManager::ConstructGameplayTagTree: ImportINI -  0.000 s
[2018.11.19-18.34.43:909][  0]LogStats: UGameplayTagsManager::ConstructGameplayTagTree: GameplayTagTreeChangedEvent.Broadcast -  0.000 s
[2018.11.19-18.34.44:123][  0]LogInit: Initializing FReadOnlyCVARCache
[2018.11.19-18.34.44:142][  0]LogAIModule: Creating AISystem for world Untitled
[2018.11.19-18.34.44:155][  0]LogInit: XAudio2 using 'Speakers (Realtek High Definition Audio)' : 2 channels at 48 kHz using 32 bits per sample (channel mask 0x3)
[2018.11.19-18.34.44:233][  0]LogInit: FAudioDevice initialized.
[2018.11.19-18.34.44:233][  0]LogNetVersion: Set ProjectVersion to 1.0.0.0. Version Checksum will be recalculated on next use.
[2018.11.19-18.34.44:301][  0]LogDerivedDataCache: Saved boot cache 0.07s 71MB C:/Users/c013767h/AppData/Local/UnrealEngine/4.20/DerivedDataCache/Boot.ddc.
[2018.11.19-18.34.44:320][  0]LogInit: Texture streaming: Enabled
[2018.11.19-18.34.44:363][  0]LogEngineSessionManager: EngineSessionManager initialized
[2018.11.19-18.34.44:377][  0]LogInit: Transaction tracking system initialized
[2018.11.19-18.34.44:415][  0]BlueprintLog: New page: Editor Load
[2018.11.19-18.34.44:555][  0]LocalizationService: Localization service is disabled
[2018.11.19-18.34.44:875][  0]LogCook: Display: Max memory allowance for cook 16384mb min free memory 0mb
[2018.11.19-18.34.44:875][  0]LogCook: Display: Mobile HDR setting 1
[2018.11.19-18.34.44:876][  0]LogGameplayTags: Display: UGameplayTagsManager::DoneAddingNativeTags. DelegateIsBound: 0
[2018.11.19-18.34.44:876][  0]LogStats: UGameplayTagsManager::ConstructGameplayTagTree: ImportINI prefixes -  0.000 s
[2018.11.19-18.34.44:876][  0]LogStats: UGameplayTagsManager::ConstructGameplayTagTree: Construct from data asset -  0.000 s
[2018.11.19-18.34.44:876][  0]LogStats: UGameplayTagsManager::ConstructGameplayTagTree: ImportINI -  0.000 s
[2018.11.19-18.34.44:876][  0]LogStats: UGameplayTagsManager::ConstructGameplayTagTree: GameplayTagTreeChangedEvent.Broadcast -  0.000 s
[2018.11.19-18.34.45:086][  0]LogFileCache: Scanning file cache for directory 'C:/Users/c013767h/Documents/GitHub/TGPPairProject/PairProject/Content/' took 0.01s
[2018.11.19-18.34.45:087][  0]SourceControl: Source control is disabled
[2018.11.19-18.34.45:087][  0]Cmd: MAP LOAD FILE="../../../Engine/Content/Maps/Templates/Template_Default.umap" TEMPLATE=1 SHOWPROGRESS=1 FEATURELEVEL=3
[2018.11.19-18.34.45:087][  0]LightingResults: New page: Lighting Build
[2018.11.19-18.34.45:091][  0]MapCheck: New page: Map Check
[2018.11.19-18.34.45:091][  0]LightingResults: New page: Lighting Build
[2018.11.19-18.34.45:121][  0]LogLinker: Warning: The file '../../../Engine/Content/EngineSky/BP_Sky_Sphere.uasset' contains unrecognizable data, check that it is of the expected type.
[2018.11.19-18.34.45:122][  0]LogLinker: Warning: The file '../../../Engine/Content/EngineSky/BP_Sky_Sphere.uasset' contains unrecognizable data, check that it is of the expected type.
[2018.11.19-18.34.45:135][  0]LogLinker: Warning: The file '../../../Engine/Content/EngineSky/BP_Sky_Sphere.uasset' contains unrecognizable data, check that it is of the expected type.
[2018.11.19-18.34.45:135][  0]LogLinker: Warning: The file '../../../Engine/Content/EngineSky/BP_Sky_Sphere.uasset' contains unrecognizable data, check that it is of the expected type.
[2018.11.19-18.34.45:139][  0]LogLinker: Warning: The file '../../../Engine/Content/EngineSky/BP_Sky_Sphere.uasset' contains unrecognizable data, check that it is of the expected type.
[2018.11.19-18.34.45:139][  0]LogLinker: Warning: The file '../../../Engine/Content/EngineSky/BP_Sky_Sphere.uasset' contains unrecognizable data, check that it is of the expected type.
[2018.11.19-18.34.45:140][  0]LogLinker: Warning: The file '../../../Engine/Content/EngineSky/BP_Sky_Sphere.uasset' contains unrecognizable data, check that it is of the expected type.
[2018.11.19-18.34.45:140][  0]LogLinker: Warning: The file '../../../Engine/Content/EngineSky/BP_Sky_Sphere.uasset' contains unrecognizable data, check that it is of the expected type.
[2018.11.19-18.34.45:144][  0]LogLinker: Warning: The file '../../../Engine/Content/EngineSky/BP_Sky_Sphere.uasset' contains unrecognizable data, check that it is of the expected type.
[2018.11.19-18.34.45:144][  0]LogLinker: Warning: The file '../../../Engine/Content/EngineSky/BP_Sky_Sphere.uasset' contains unrecognizable data, check that it is of the expected type.
[2018.11.19-18.34.45:144][  0]LogLinker: Warning: The file '../../../Engine/Content/EngineSky/BP_Sky_Sphere.uasset' contains unrecognizable data, check that it is of the expected type.
[2018.11.19-18.34.45:145][  0]LogLinker: Warning: The file '../../../Engine/Content/EngineSky/BP_Sky_Sphere.uasset' contains unrecognizable data, check that it is of the expected type.
[2018.11.19-18.34.45:158][  0]LogAIModule: Creating AISystem for world Untitled_1
[2018.11.19-18.34.45:169][  0]LogEditorServer: Finished looking for orphan Actors (0.000 secs)
[2018.11.19-18.34.45:195][  0]Cmd: MAP CHECKDEP NOCLEARLOG
[2018.11.19-18.34.45:308][  0]MapCheck: Map check complete: 0 Error(s), 0 Warning(s), took 113.62ms to complete.
[2018.11.19-18.34.45:308][  0]LogFileHelpers: Loading map 'Template_Default' took 0.222
[2018.11.19-18.34.45:463][  0]LogSlate: Updating window title bar state: overlay mode, drag disabled, window buttons hidden, title bar hidden
[2018.11.19-18.34.45:470][  0]LogSlate: Updating window title bar state: overlay mode, drag disabled, window buttons hidden, title bar hidden
[2018.11.19-18.34.45:477][  0]LogSlate: Updating window title bar state: overlay mode, drag disabled, window buttons hidden, title bar hidden
[2018.11.19-18.34.45:484][  0]LogSlate: Updating window title bar state: overlay mode, drag disabled, window buttons hidden, title bar hidden
[2018.11.19-18.34.45:503][  0]LogCollectionManager: Loaded 0 collections in 0.005115 seconds
[2018.11.19-18.34.45:568][  0]LogFileCache: Scanning file cache for directory 'C:/Users/c013767h/Documents/GitHub/TGPPairProject/PairProject/Saved/Collections/' took 0.01s
[2018.11.19-18.34.45:569][  0]LogFileCache: Scanning file cache for directory 'C:/Users/c013767h/Documents/GitHub/TGPPairProject/PairProject/Content/Developers/c013767h/Collections/' took 0.01s
[2018.11.19-18.34.45:569][  0]LogFileCache: Scanning file cache for directory 'C:/Users/c013767h/Documents/GitHub/TGPPairProject/PairProject/Content/Collections/' took 0.01s
[2018.11.19-18.34.45:569][  0]LogCollectionManager: Rebuilt the GUID cache for 0 collections in 0.000001 seconds
[2018.11.19-18.34.45:594][  0]LogContentBrowser: Native class hierarchy populated in 0.0246 seconds. Added 2576 classes and 606 folders.
[2018.11.19-18.34.45:611][  0]LogContentBrowser: Native class hierarchy updated for 'WidgetCarousel' in 0.0008 seconds. Added 0 classes and 0 folders.
[2018.11.19-18.34.45:706][  0]LogContentBrowser: Native class hierarchy updated for 'AddContentDialog' in 0.0004 seconds. Added 0 classes and 0 folders.
[2018.11.19-18.34.45:714][  0]LogContentBrowser: Native class hierarchy updated for 'SceneOutliner' in 0.0005 seconds. Added 1 classes and 2 folders.
[2018.11.19-18.34.45:732][  0]LogSlate: Took 0.000246 seconds to synchronously load lazily loaded font '../../../Engine/Content/Slate/Fonts/Roboto-Regular.ttf' (155K)
[2018.11.19-18.34.45:736][  0]LogSlate: Took 0.000224 seconds to synchronously load lazily loaded font '../../../Engine/Content/Slate/Fonts/Roboto-Bold.ttf' (160K)
[2018.11.19-18.34.45:743][  0]LogSlate: Took 0.000182 seconds to synchronously load lazily loaded font '../../../Engine/Content/Editor/Slate/Fonts/FontAwesome.ttf' (139K)
[2018.11.19-18.34.45:820][  0]LogRenderer: Reallocating scene render targets to support 1208x576 Format 10 NumSamples 1 (Frame:1).
[2018.11.19-18.34.45:869][  0]LogSlate: Took 0.000198 seconds to synchronously load lazily loaded font '../../../Engine/Content/Slate/Fonts/Roboto-Light.ttf' (167K)
[2018.11.19-18.34.45:935][  0]LogSlate: FSceneViewport::OnFocusLost() reason 2
[2018.11.19-18.34.45:953][  0]LogSlate: Window 'Tutorials' being destroyed
[2018.11.19-18.34.46:009][  0]LogContentBrowser: Native class hierarchy updated for 'HierarchicalLODOutliner' in 0.0013 seconds. Added 0 classes and 0 folders.
[2018.11.19-18.34.46:009][  0]LogLoad: (Engine Initialization) Total time: 10.34 seconds
[2018.11.19-18.34.46:009][  0]LogLoad: (Engine Initialization) Total Blueprint compile time: 0.00 seconds
[2018.11.19-18.34.46:022][  0]LogWindowsTextInputMethodSystem: Display: IME system now deactivated.
[2018.11.19-18.34.46:023][  0]LoadErrors: Warning: CreateExport: Failed to load Outer for resource 'Sky Sphere mesh': BP_Sky_Sphere_C /Temp/Untitled_1.Template_Default:PersistentLevel.SkySphere
[2018.11.19-18.34.46:023][  0]LoadErrors: Warning: CreateExport: Failed to load Outer for resource 'MaterialInstanceDynamic_2': StaticMeshComponent /Temp/Untitled_1.Template_Default:PersistentLevel.SkySphere.Sky Sphere mesh
[2018.11.19-18.34.46:024][  0]LoadErrors: Warning: CreateExport: Failed to load Outer for resource 'Base': BP_Sky_Sphere_C /Temp/Untitled_1.Template_Default:PersistentLevel.SkySphere
[2018.11.19-18.34.46:050][  0]LogContentStreaming: Texture pool size now 1000 MB
[2018.11.19-18.34.46:058][  0]LogSlate: FSceneViewport::OnFocusLost() reason 2
[2018.11.19-18.34.46:122][  1]LogAssetRegistry: Asset discovery search completed in 5.1414 seconds
[2018.11.19-18.34.46:124][  1]LogCollectionManager: Rebuilt the object cache for 0 collections in 0.000000 seconds (found 0 objects)
[2018.11.19-18.34.46:124][  1]LogCollectionManager: Fixed up redirectors for 0 collections in 0.000123 seconds (updated 0 objects)
[2018.11.19-18.34.47:853][196]LogSlate: Window 'Message Log' being destroyed
[2018.11.19-18.34.47:856][196]LogSlate: Window 'Message Log' being destroyed
[2018.11.19-18.37.06:128][674]LogSlate: FSceneViewport::OnFocusLost() reason 0
[2018.11.19-18.37.26:286][314]LogSlate: Took 0.000199 seconds to synchronously load lazily loaded font '../../../Engine/Content/Slate/Fonts/Roboto-Light.ttf' (167K)
[2018.11.19-18.37.26:329][314]LogSlate: Took 0.000253 seconds to synchronously load lazily loaded font '../../../Engine/Content/Slate/Fonts/Roboto-BoldCondensed.ttf' (158K)
[2018.11.19-18.37.32:721][ 67]LogAssetEditorManager: Opening Asset editor for Blueprint /Game/MyBPTestEnemy.MyBPTestEnemy
[2018.11.19-18.37.33:488][ 67]LogContentBrowser: Native class hierarchy updated for 'BlueprintGraph' in 0.0008 seconds. Added 116 classes and 0 folders.
[2018.11.19-18.37.34:423][ 67]LogSlate: Window 'Add Blueprint Class' being destroyed
[2018.11.19-18.37.37:218][328]LogSlate: Took 0.006171 seconds to synchronously load lazily loaded font '../../../Engine/Content/Slate/Fonts/Roboto-Italic.ttf' (157K)
[2018.11.19-18.37.56:986][460]LogSlate: FSceneViewport::OnFocusLost() reason 0
[2018.11.19-18.38.13:657][142]LogSlate: FSceneViewport::OnFocusLost() reason 0
[2018.11.19-18.38.23:130][104]Cmd: OBJ SAVEPACKAGE PACKAGE="/Game/MyBPTestEnemy" FILE="../../../../../../Users/c013767h/Documents/GitHub/TGPPairProject/PairProject/Content/MyBPTestEnemy.uasset" SILENT=true
[2018.11.19-18.38.23:164][104]LogSavePackage: Moving '../../../../../../Users/c013767h/Documents/GitHub/TGPPairProject/PairProject/Saved/MyBPTestEnemy9C0AB2A44A51B358712E94B7D9F11CD1.tmp' to '../../../../../../Users/c013767h/Documents/GitHub/TGPPairProject/PairProject/Content/MyBPTestEnemy.uasset'
[2018.11.19-18.38.25:612][354]LogSlate: Window 'MyBPTestEnemy' being destroyed
[2018.11.19-18.38.25:615][354]LogSlate: Window 'MyBPTestEnemy' being destroyed
[2018.11.19-18.38.33:032][220]LogSlate: FSceneViewport::OnFocusLost() reason 0
[2018.11.19-18.38.37:832][762]LogSlate: FSceneViewport::OnFocusLost() reason 0
[2018.11.19-18.38.40:409][ 38]Cmd: DELETE
[2018.11.19-18.38.40:409][ 38]Cmd: ACTOR DELETE
[2018.11.19-18.38.40:414][ 38]LogEditorActor: Deleted Actor: Character
[2018.11.19-18.38.40:459][ 38]LogEditorActor: Deleted 1 Actors (0.049 secs)
[2018.11.19-18.38.41:250][131]LogSlate: FSceneViewport::OnFocusLost() reason 0
[2018.11.19-18.38.41:342][142]LogTemp: Repeating last play command: Selected Viewport
[2018.11.19-18.38.41:369][142]BlueprintLog: New page: Pre-Play auto-recompile
[2018.11.19-18.38.41:370][142]LogPlayLevel: [PlayLevel] Compiling MyBPTestEnemy before play...
[2018.11.19-18.38.41:518][142]LogPlayLevel: PlayLevel: Blueprint regeneration took 150 ms (1 blueprints)
[2018.11.19-18.38.41:534][142]PIE: New page: PIE session: Untitled_1 (19 Nov 2018 18:38:41)
[2018.11.19-18.38.41:534][142]LogPlayLevel: Creating play world package: /Temp/UEDPIE_0_Untitled_1
[2018.11.19-18.38.41:537][142]LogPlayLevel: PIE: StaticDuplicateObject took: (0.002843s)
[2018.11.19-18.38.41:538][142]LogAIModule: Creating AISystem for world Untitled_1
[2018.11.19-18.38.41:538][142]LogPlayLevel: PIE: World Init took: (0.000837s)
[2018.11.19-18.38.41:538][142]LogPlayLevel: PIE: Created PIE world by copying editor world from /Temp/Untitled_1.Untitled_1 to /Temp/UEDPIE_0_Untitled_1.Untitled_1 (0.004088s)
[2018.11.19-18.38.41:573][142]LogInit: XAudio2 using 'Speakers (Realtek High Definition Audio)' : 2 channels at 48 kHz using 32 bits per sample (channel mask 0x3)
[2018.11.19-18.38.41:588][142]LogInit: FAudioDevice initialized.
