Log file open, 12/10/18 20:43:33
LogWindows: Failed to load 'aqProf.dll' (GetLastError=126)
LogWindows: File 'aqProf.dll' does not exist
LogWindows: Failed to load 'VSPerf140.dll' (GetLastError=126)
LogWindows: File 'VSPerf140.dll' does not exist
LogWindows: Failed to load 'VtuneApi.dll' (GetLastError=126)
LogWindows: File 'VtuneApi.dll' does not exist
LogWindows: Failed to load 'VtuneApi32e.dll' (GetLastError=126)
LogWindows: File 'VtuneApi32e.dll' does not exist
LogInit: Display: Running engine for game: PairProject
LogPlatformFile: Not using cached read wrapper
LogTaskGraph: Started task graph with 5 named threads and 14 total threads with 3 sets of task threads.
LogStats: Stats thread started at 0.323350
LogD3D11RHI: Loaded GFSDK_Aftermath_Lib.x64.dll
LogICUInternationalization: Display: ICU TimeZone Detection - Raw Offset: +0:00, Platform Override: ''
LogPluginManager: Mounting plugin Paper2D
LogPluginManager: Mounting plugin AISupport
LogPluginManager: Mounting plugin LightPropagationVolume
LogPluginManager: Mounting plugin CLionSourceCodeAccess
LogPluginManager: Mounting plugin CodeLiteSourceCodeAccess
LogPluginManager: Mounting plugin GitSourceControl
LogPluginManager: Mounting plugin KDevelopSourceCodeAccess
LogPluginManager: Mounting plugin NullSourceCodeAccess
LogPluginManager: Mounting plugin PerforceSourceControl
LogPluginManager: Mounting plugin SubversionSourceControl
LogPluginManager: Mounting plugin UObjectPlugin
LogPluginManager: Mounting plugin VisualStudioCodeSourceCodeAccess
LogPluginManager: Mounting plugin VisualStudioSourceCodeAccess
LogPluginManager: Mounting plugin XCodeSourceCodeAccess
LogPluginManager: Mounting plugin AssetManagerEditor
LogPluginManager: Mounting plugin CryptoKeys
LogPluginManager: Mounting plugin DataValidation
LogPluginManager: Mounting plugin FacialAnimation
LogPluginManager: Mounting plugin GameplayTagsEditor
LogPluginManager: Mounting plugin MacGraphicsSwitching
LogPluginManager: Mounting plugin MeshEditor
LogPluginManager: Mounting plugin MobileLauncherProfileWizard
LogPluginManager: Mounting plugin PluginBrowser
LogPluginManager: Mounting plugin SpeedTreeImporter
LogPluginManager: Mounting plugin DatasmithContent
LogPluginManager: Mounting plugin AlembicImporter
LogPluginManager: Mounting plugin AppleImageUtils
LogPluginManager: Mounting plugin AppleVision
LogPluginManager: Mounting plugin BackChannel
LogPluginManager: Mounting plugin CharacterAI
LogPluginManager: Mounting plugin GeometryCache
LogPluginManager: Mounting plugin HTML5Networking
LogPluginManager: Mounting plugin ProxyLODPlugin
LogPluginManager: Mounting plugin MagicLeap
LogPluginManager: Mounting plugin MagicLeapEmulator
LogPluginManager: Mounting plugin MagicLeapMedia
LogPluginManager: Mounting plugin AndroidMedia
LogPluginManager: Mounting plugin AvfMedia
LogPluginManager: Mounting plugin ImgMedia
LogPluginManager: Mounting plugin LinearTimecode
LogPluginManager: Mounting plugin MediaCompositing
LogPluginManager: Mounting plugin MediaPlayerEditor
LogPluginManager: Mounting plugin WmfMedia
LogPluginManager: Mounting plugin TcpMessaging
LogPluginManager: Mounting plugin UdpMessaging
LogPluginManager: Mounting plugin ActorSequence
LogPluginManager: Mounting plugin LevelSequenceEditor
LogPluginManager: Mounting plugin MatineeToLevelSequence
LogPluginManager: Mounting plugin NetcodeUnitTest
LogPluginManager: Mounting plugin NUTUnrealEngine4
LogPluginManager: Mounting plugin OnlineSubsystemGooglePlay
LogPluginManager: Mounting plugin OnlineSubsystemIOS
LogPluginManager: Mounting plugin OnlineSubsystem
LogPluginManager: Mounting plugin OnlineSubsystemNull
LogPluginManager: Mounting plugin OnlineSubsystemUtils
LogPluginManager: Mounting plugin LauncherChunkInstaller
LogPluginManager: Mounting plugin AndroidDeviceProfileSelector
LogPluginManager: Mounting plugin AndroidMoviePlayer
LogPluginManager: Mounting plugin AndroidPermission
LogPluginManager: Mounting plugin AppleMoviePlayer
LogPluginManager: Mounting plugin ArchVisCharacter
LogPluginManager: Mounting plugin AudioCapture
LogPluginManager: Mounting plugin CableComponent
LogPluginManager: Mounting plugin CustomMeshComponent
LogPluginManager: Mounting plugin EditableMesh
LogPluginManager: Mounting plugin ExampleDeviceProfileSelector
LogPluginManager: Mounting plugin GoogleCloudMessaging
LogPluginManager: Mounting plugin ImmediatePhysics
LogPluginManager: Mounting plugin IOSDeviceProfileSelector
LogPluginManager: Mounting plugin LinuxDeviceProfileSelector
LogPluginManager: Mounting plugin LocationServicesBPLibrary
LogPluginManager: Mounting plugin MobilePatchingUtils
LogPluginManager: Mounting plugin OculusVR
LogPluginManager: Plugin shader directory ../../../Engine/Plugins/Runtime/Oculus/OculusVR/Shaders found
LogPluginManager: Mapping shader source directory ../../../Engine/Plugins/Runtime/Oculus/OculusVR/Shaders to virtual directory /Plugin/OculusVR
LogPluginManager: Mounting plugin PhysXVehicles
LogPluginManager: Mounting plugin ProceduralMeshComponent
LogPluginManager: Mounting plugin RuntimePhysXCooking
LogPluginManager: Mounting plugin SteamVR
LogPluginManager: Mounting plugin WindowsMoviePlayer
LogStreaming: Display: Took  0.291s to configure plugins.
LogInit: Using libcurl 7.55.1-DEV
LogInit:  - built for x86_64-pc-win32
LogInit:  - supports SSL with OpenSSL/1.0.2h
LogInit:  - supports HTTP deflate (compression) using libz 1.2.8
LogInit:  - other features:
LogInit:      CURL_VERSION_SSL
LogInit:      CURL_VERSION_LIBZ
LogInit:      CURL_VERSION_IPV6
LogInit:      CURL_VERSION_ASYNCHDNS
LogInit:      CURL_VERSION_LARGEFILE
LogInit:      CURL_VERSION_IDN
LogInit:  CurlRequestOptions (configurable via config and command line):
LogInit:  - bVerifyPeer = false  - Libcurl will NOT verify peer certificate
LogInit:  - bUseHttpProxy = false  - Libcurl will NOT use HTTP proxy
LogInit:  - bDontReuseConnections = false  - Libcurl will reuse connections
LogInit:  - CertBundlePath = nullptr  - Libcurl will use whatever was configured at build time.
LogInit:  - MaxHostConnections = 16  - Libcurl will limit the number of connections to a host
LogInit:  - LocalHostAddr = Default
LogInit:  - BufferSize = 65536
LogInit: WinSock: version 1.1 (2.2), MaxSocks=32767, MaxUdp=65467
LogInit: Build: ++UE4+Release-4.20-CL-4369336
LogInit: Engine Version: 4.20.3-4369336+++UE4+Release-4.20
LogInit: Compatible Engine Version: 4.20.0-4212847+++UE4+Release-4.20
LogInit: Net CL: 4212847
LogInit: OS: Windows 10 (), CPU: Intel(R) Xeon(R) CPU E5-1607 v3 @ 3.10GHz, GPU: NVIDIA GeForce GTX 970
LogInit: Compiled (64-bit): Sep 17 2018 12:26:19
LogInit: Compiled with Visual C++: 19.13.26129.00
LogInit: Build Configuration: Development
LogInit: Branch Name: ++UE4+Release-4.20
LogInit: Command Line:  -skipcompile
LogInit: Base Directory: C:/Epic/UE4/UE_4.20/Engine/Binaries/Win64/
LogInit: Installed Engine Build: 1
LogDevObjectVersion: Number of dev versions registered: 20
LogDevObjectVersion:   Dev-Blueprints (B0D832E4-1F89-4F0D-ACCF-7EB736FD4AA2): 10
LogDevObjectVersion:   Dev-Build (E1C64328-A22C-4D53-A36C-8E866417BD8C): 0
LogDevObjectVersion:   Dev-Core (375EC13C-06E4-48FB-B500-84F0262A717E): 2
LogDevObjectVersion:   Dev-Editor (E4B068ED-F494-42E9-A231-DA0B2E46BB41): 24
LogDevObjectVersion:   Dev-Framework (CFFC743F-43B0-4480-9391-14DF171D2073): 34
LogDevObjectVersion:   Dev-Mobile (B02B49B5-BB20-44E9-A304-32B752E40360): 2
LogDevObjectVersion:   Dev-Networking (A4E4105C-59A1-49B5-A7C5-40C4547EDFEE): 0
LogDevObjectVersion:   Dev-Online (39C831C9-5AE6-47DC-9A44-9C173E1C8E7C): 0
LogDevObjectVersion:   Dev-Physics (78F01B33-EBEA-4F98-B9B4-84EACCB95AA2): 0
LogDevObjectVersion:   Dev-Platform (6631380F-2D4D-43E0-8009-CF276956A95A): 0
LogDevObjectVersion:   Dev-Rendering (12F88B9F-8875-4AFC-A67C-D90C383ABD29): 26
LogDevObjectVersion:   Dev-Sequencer (7B5AE74C-D270-4C10-A958-57980B212A5A): 9
LogDevObjectVersion:   Dev-VR (D7296918-1DD6-4BDD-9DE2-64A83CC13884): 2
LogDevObjectVersion:   Dev-LoadTimes (C2A15278-BFE7-4AFE-6C17-90FF531DF755): 1
LogDevObjectVersion:   Private-Geometry (6EACA3D4-40EC-4CC1-B786-8BED09428FC5): 3
LogDevObjectVersion:   Dev-AnimPhys (29E575DD-E0A3-4627-9D10-D276232CDCEA): 17
LogDevObjectVersion:   Dev-ReflectionCapture (6B266CEC-1EC7-4B8F-A30B-E4D90942FC07): 1
LogDevObjectVersion:   Dev-Automation (0DF73D61-A23F-47EA-B727-89E90C41499A): 1
LogDevObjectVersion:   FortniteMain (601D1886-AC64-4F84-AA16-D3DE0DEAC7D6): 12
LogDevObjectVersion:   Dev-Enterprise (9DFFBCD6-494F-0158-E221-12823C92A888): 1
LogStreaming: Display: Took  0.007s to delete old logs.
LogInit: Presizing for max 8388607 objects, including 0 objects not considered by GC, pre-allocating 0 bytes for permanent pool.
LogInit: Object subsystem initialized
[2018.12.10-20.43.34:399][  0]LogInit: Selected Device Profile: [Windows]
[2018.12.10-20.43.34:399][  0]LogInit: Applying CVar settings loaded from the selected device profile: [Windows]
[2018.12.10-20.43.34:447][  0]LogHAL: Display: Platform has ~ 16 GB [17092071424 / 17179869184 / 16], which maps to Larger [LargestMinGB=32, LargerMinGB=12, DefaultMinGB=8, SmallerMinGB=6, SmallestMinGB=0)
[2018.12.10-20.43.34:447][  0]LogInit: Setting Device Profile CVar: [[r.Vulkan.UseRealUBs:1]]
[2018.12.10-20.43.34:447][  0]LogInit: Going up to parent DeviceProfile []
[2018.12.10-20.43.34:455][  0]LogInit: Computer: S500-15
[2018.12.10-20.43.34:455][  0]LogInit: User: c013767h
[2018.12.10-20.43.34:455][  0]LogInit: CPU Page size=4096, Cores=4
[2018.12.10-20.43.34:455][  0]LogInit: High frequency timer resolution =3.020349 MHz
[2018.12.10-20.43.34:456][  0]LogMemory: Memory total: Physical=15.9GB (16GB approx)
[2018.12.10-20.43.34:456][  0]LogMemory: Platform Memory Stats for Windows
[2018.12.10-20.43.34:456][  0]LogMemory: Process Physical Memory: 101.38 MB used, 101.38 MB peak
[2018.12.10-20.43.34:456][  0]LogMemory: Process Virtual Memory: 84.45 MB used, 84.45 MB peak
[2018.12.10-20.43.34:456][  0]LogMemory: Physical Memory: 6072.84 MB used,  10227.43 MB free, 16300.27 MB total
[2018.12.10-20.43.34:456][  0]LogMemory: Virtual Memory: 4620.35 MB used,  10227.43 MB free, 134217728.00 MB total
[2018.12.10-20.43.34:757][  0]LogInit: Using OS detected language (en-US).
[2018.12.10-20.43.34:757][  0]LogInit: Using OS detected locale (en-GB).
[2018.12.10-20.43.34:760][  0]LogTextLocalizationManager: No specific localization for 'en-US' exists, so the 'en' localization will be used.
[2018.12.10-20.43.35:240][  0]LogStreaming: Display: Took  0.483s to InitEngineTextLocalization.
[2018.12.10-20.43.35:240][  0]LogInit: Setting process to per monitor DPI aware
[2018.12.10-20.43.35:349][  0]LogSlate: New Slate User Created.  User Index 0, Is Virtual User: 0
[2018.12.10-20.43.35:349][  0]LogSlate: Slate User Registered.  User Index 0, Is Virtual User: 0
[2018.12.10-20.43.37:571][  0]LogHMD: Failed to initialize OpenVR with code 110
[2018.12.10-20.43.37:571][  0]LogD3D11RHI: D3D11 adapters:
[2018.12.10-20.43.37:848][  0]LogD3D11RHI:    0. 'NVIDIA GeForce GTX 970' (Feature Level 11_0)
[2018.12.10-20.43.37:848][  0]LogD3D11RHI:       4043/0/8150 MB DedicatedVideo/DedicatedSystem/SharedSystem, Outputs:2, VendorId:0x10de
[2018.12.10-20.43.37:854][  0]LogD3D11RHI:    1. 'Microsoft Basic Render Driver' (Feature Level 11_0)
[2018.12.10-20.43.37:854][  0]LogD3D11RHI:       0/0/8150 MB DedicatedVideo/DedicatedSystem/SharedSystem, Outputs:0, VendorId:0x1414
[2018.12.10-20.43.37:854][  0]LogD3D11RHI: Chosen D3D11 Adapter: 0
[2018.12.10-20.43.37:865][  0]LogD3D11RHI: Creating new Direct3DDevice
[2018.12.10-20.43.37:866][  0]LogD3D11RHI:     GPU DeviceId: 0x13c2 (for the marketing name, search the web for "GPU Device Id")
[2018.12.10-20.43.37:866][  0]LogWindows: EnumDisplayDevices:
[2018.12.10-20.43.37:866][  0]LogWindows:    0. 'NVIDIA GeForce GTX 970' (P:0 D:1)
[2018.12.10-20.43.37:866][  0]LogWindows:    1. 'NVIDIA GeForce GTX 970' (P:1 D:1)
[2018.12.10-20.43.37:867][  0]LogWindows:    2. 'NVIDIA GeForce GTX 970' (P:0 D:0)
[2018.12.10-20.43.37:867][  0]LogWindows:    3. 'NVIDIA GeForce GTX 970' (P:0 D:0)
[2018.12.10-20.43.37:868][  0]LogWindows: DebugString: FoundDriverCount:4 
[2018.12.10-20.43.37:868][  0]LogD3D11RHI:     Adapter Name: NVIDIA GeForce GTX 970
[2018.12.10-20.43.37:868][  0]LogD3D11RHI:   Driver Version: 399.24 (internal:24.21.13.9924, unified:399.24)
[2018.12.10-20.43.37:868][  0]LogD3D11RHI:      Driver Date: 9-5-2018
[2018.12.10-20.43.37:868][  0]LogRHI: Texture pool is 2830 MB (70% of 4043 MB)
[2018.12.10-20.43.37:929][  0]LogD3D11RHI: Async texture creation enabled
[2018.12.10-20.43.37:949][  0]LogD3D11RHI: GPU Timing Frequency: 1000.000000 (Debug: 2 2)
[2018.12.10-20.43.38:036][  0]LogShaderCompilers: Guid format shader working directory is -32 characters bigger than the processId version (E:/Staffs Uni/Level 5/Technical Games Production/Pair/TGPPairProject/PairProject/Intermediate/Shaders/WorkingDirectory/11440/).
[2018.12.10-20.43.38:036][  0]LogShaderCompilers: Cleaned the shader compiler working directory 'C:/Users/c013767h/AppData/Local/Temp/UnrealShaderWorkingDir/4ABCFFB14F994E2BF778669F7AED5A02/'.
[2018.12.10-20.43.38:393][  0]LogTemp: Display: Loaded TP AllDesktopTargetPlatform
[2018.12.10-20.43.38:413][  0]LogTemp: Display: Loaded TP MacClientTargetPlatform
[2018.12.10-20.43.38:434][  0]LogTemp: Display: Loaded TP MacNoEditorTargetPlatform
[2018.12.10-20.43.38:453][  0]LogTemp: Display: Loaded TP MacServerTargetPlatform
[2018.12.10-20.43.38:479][  0]LogTemp: Display: Loaded TP MacTargetPlatform
[2018.12.10-20.43.38:499][  0]LogTemp: Display: Loaded TP WindowsClientTargetPlatform
[2018.12.10-20.43.38:520][  0]LogTemp: Display: Loaded TP WindowsNoEditorTargetPlatform
[2018.12.10-20.43.38:539][  0]LogTemp: Display: Loaded TP WindowsServerTargetPlatform
[2018.12.10-20.43.38:553][  0]LogTemp: Display: Loaded TP WindowsTargetPlatform
[2018.12.10-20.43.38:659][  0]LogTemp: Display: Loaded TP AndroidTargetPlatform
[2018.12.10-20.43.38:659][  0]LogTemp: Display: Loaded TP AndroidTargetPlatform
[2018.12.10-20.43.38:659][  0]LogTemp: Display: Loaded TP AndroidTargetPlatform
[2018.12.10-20.43.38:659][  0]LogTemp: Display: Loaded TP AndroidTargetPlatform
[2018.12.10-20.43.38:659][  0]LogTemp: Display: Loaded TP AndroidTargetPlatform
[2018.12.10-20.43.38:660][  0]LogTemp: Display: Loaded TP AndroidTargetPlatform
[2018.12.10-20.43.38:660][  0]LogTemp: Display: Loaded TP AndroidTargetPlatform
[2018.12.10-20.43.38:660][  0]LogTemp: Display: Loaded TP AndroidTargetPlatform
[2018.12.10-20.43.38:660][  0]LogTemp: Display: Loaded TP AndroidTargetPlatform
[2018.12.10-20.43.38:660][  0]LogTemp: Display: Loaded TP AndroidTargetPlatform
[2018.12.10-20.43.38:660][  0]LogTemp: Display: Loaded TP AndroidTargetPlatform
[2018.12.10-20.43.38:660][  0]LogTemp: Display: Loaded TP AndroidTargetPlatform
[2018.12.10-20.43.38:660][  0]LogTemp: Display: Loaded TP AndroidTargetPlatform
[2018.12.10-20.43.38:660][  0]LogTemp: Display: Loaded TP AndroidTargetPlatform
[2018.12.10-20.43.38:660][  0]LogTemp: Display: Loaded TP AndroidTargetPlatform
[2018.12.10-20.43.38:660][  0]LogTemp: Display: Loaded TP AndroidTargetPlatform
[2018.12.10-20.43.38:660][  0]LogTemp: Display: Loaded TP AndroidTargetPlatform
[2018.12.10-20.43.38:660][  0]LogTemp: Display: Loaded TP AndroidTargetPlatform
[2018.12.10-20.43.38:665][  0]LogTemp: Display: Loaded TP HTML5TargetPlatform
[2018.12.10-20.43.38:776][  0]LogTemp: Display: Loaded TP IOSTargetPlatform
[2018.12.10-20.43.38:776][  0]LogTemp: Display: Loaded TP IOSTargetPlatform
[2018.12.10-20.43.38:812][  0]LogTemp: Display: Loaded TP TVOSTargetPlatform
[2018.12.10-20.43.38:812][  0]LogTemp: Display: Loaded TP TVOSTargetPlatform
[2018.12.10-20.43.38:829][  0]LogTemp: Display: Loaded TP LinuxClientTargetPlatform
[2018.12.10-20.43.38:847][  0]LogTemp: Display: Loaded TP LinuxNoEditorTargetPlatform
[2018.12.10-20.43.38:864][  0]LogTemp: Display: Loaded TP LinuxServerTargetPlatform
[2018.12.10-20.43.38:890][  0]LogTemp: Display: Loaded TP LinuxTargetPlatform
[2018.12.10-20.43.38:903][  0]LogTemp: Display: Loaded TP LuminTargetPlatform
[2018.12.10-20.43.38:903][  0]LogTargetPlatformManager: Display: Building Assets For Windows
[2018.12.10-20.43.39:116][  0]LogXGEController: Cleaning working directory: C:/Users/c013767h/AppData/Local/Temp/UnrealXGEWorkingDir/
[2018.12.10-20.43.39:117][  0]LogXGEController: Cannot use XGE Controller as Incredibuild is not installed on this machine.
[2018.12.10-20.43.39:117][  0]LogShaderCompilers: Cannot use XGE Shader Compiler as Incredibuild is not installed on this machine.
[2018.12.10-20.43.39:117][  0]LogShaderCompilers: Display: Using Local Shader Compiler.
[2018.12.10-20.43.41:337][  0]LogDerivedDataCache: Display: Max Cache Size: 512 MB
[2018.12.10-20.43.41:442][  0]LogDerivedDataCache: Loaded boot cache 0.10s 71MB C:/Users/c013767h/AppData/Local/UnrealEngine/4.20/DerivedDataCache/Boot.ddc.
[2018.12.10-20.43.41:443][  0]LogDerivedDataCache: Display: Loaded Boot cache: C:/Users/c013767h/AppData/Local/UnrealEngine/4.20/DerivedDataCache/Boot.ddc
[2018.12.10-20.43.41:443][  0]LogDerivedDataCache: FDerivedDataBackendGraph:  Pak pak cache file E:/Staffs Uni/Level 5/Technical Games Production/Pair/TGPPairProject/PairProject/DerivedDataCache/DDC.ddp not found, will not use a pak cache.
[2018.12.10-20.43.41:443][  0]LogDerivedDataCache: Unable to find inner node Pak for hierarchical cache Hierarchy.
[2018.12.10-20.43.41:444][  0]LogDerivedDataCache: FDerivedDataBackendGraph:  CompressedPak pak cache file E:/Staffs Uni/Level 5/Technical Games Production/Pair/TGPPairProject/PairProject/DerivedDataCache/Compressed.ddp not found, will not use a pak cache.
[2018.12.10-20.43.41:444][  0]LogDerivedDataCache: Unable to find inner node CompressedPak for hierarchical cache Hierarchy.
[2018.12.10-20.43.41:464][  0]LogDerivedDataCache: Display: Pak cache opened for reading ../../../Engine/DerivedDataCache/Compressed.ddp.
[2018.12.10-20.43.41:478][  0]LogDerivedDataCache: Using Local data cache path C:/Users/c013767h/AppData/Local/UnrealEngine/Common/DerivedDataCache: Writable
[2018.12.10-20.43.41:478][  0]LogDerivedDataCache: Shared data cache path not found in *engine.ini, will not use an Shared cache.
[2018.12.10-20.43.41:478][  0]LogDerivedDataCache: Unable to find inner node Shared for hierarchical cache Hierarchy.
[2018.12.10-20.43.41:500][  0]LogMaterial: Verifying Global Shaders for PCD3D_SM5
[2018.12.10-20.43.41:502][  0]LogSlate: Using FreeType 2.6.0
[2018.12.10-20.43.41:517][  0]LogSlate: SlateFontServices - WITH_FREETYPE: 1, WITH_HARFBUZZ: 1
[2018.12.10-20.43.41:743][  0]LogAssetRegistry: FAssetRegistry took 0.0295 seconds to start up
[2018.12.10-20.43.42:138][  0]LogInit: Selected Device Profile: [Windows]
[2018.12.10-20.43.42:461][  0]LogSimplygon: Simplygon DLL not present - disabling.
[2018.12.10-20.43.42:472][  0]LogMeshReduction: Using SimplygonSwarm for distributed automatic mesh merging
[2018.12.10-20.43.42:472][  0]LogMeshReduction: Using ProxyLODMeshReduction for automatic mesh merging
[2018.12.10-20.43.42:472][  0]LogMeshReduction: Using QuadricMeshReduction for automatic static mesh reduction
[2018.12.10-20.43.42:472][  0]LogMeshReduction: No automatic skeletal mesh reduction module available
[2018.12.10-20.43.42:511][  0]LogNetVersion: PairProject 1.0.0, NetCL: 4212847, EngineNetVer: 5, GameNetVer: 0 (Checksum: 2248716754)
[2018.12.10-20.43.43:683][  0]LogPackageLocalizationCache: Processed 11 localized package path(s) for 2 prioritized culture(s) in 0.172060 seconds
[2018.12.10-20.43.43:690][  0]LogUObjectArray: 38425 objects as part of root set at end of initial load.
[2018.12.10-20.43.43:690][  0]LogUObjectAllocator: 6690872 out of 0 bytes used by permanent object pool.
[2018.12.10-20.43.43:690][  0]LogUObjectArray: CloseDisregardForGC: 0/0 objects in disregard for GC pool
[2018.12.10-20.43.46:522][  0]LogTcpMessaging: Initializing TcpMessaging bridge
[2018.12.10-20.43.46:541][  0]LogUdpMessaging: Initializing bridge on interface 0.0.0.0:0 to multicast group 230.0.0.1:6666.
[2018.12.10-20.43.46:941][  0]SourceControl: Source control is disabled
[2018.12.10-20.43.46:941][  0]SourceControl: Source control is disabled
[2018.12.10-20.43.46:946][  0]SourceControl: Source control is disabled
[2018.12.10-20.43.46:951][  0]SourceControl: Source control is disabled
[2018.12.10-20.43.47:423][  0]LogAndroidPermission: UAndroidPermissionCallbackProxy::GetInstance
[2018.12.10-20.43.47:528][  0]LogOcInput: OculusInput pre-init called
[2018.12.10-20.43.47:640][  0]LogEngine: Initializing Engine...
[2018.12.10-20.43.47:641][  0]LogHMD: Failed to initialize OpenVR with code 110
[2018.12.10-20.43.47:643][  0]LogStats: UGameplayTagsManager::ConstructGameplayTagTree: ImportINI prefixes -  0.000 s
[2018.12.10-20.43.47:643][  0]LogStats: UGameplayTagsManager::ConstructGameplayTagTree: Construct from data asset -  0.000 s
[2018.12.10-20.43.47:643][  0]LogStats: UGameplayTagsManager::ConstructGameplayTagTree: ImportINI -  0.000 s
[2018.12.10-20.43.47:643][  0]LogStats: UGameplayTagsManager::ConstructGameplayTagTree: GameplayTagTreeChangedEvent.Broadcast -  0.000 s
[2018.12.10-20.43.48:124][  0]LogInit: Initializing FReadOnlyCVARCache
[2018.12.10-20.43.48:152][  0]LogAIModule: Creating AISystem for world Untitled
[2018.12.10-20.43.48:168][  0]LogInit: XAudio2 using 'Speakers (Realtek High Definition Audio)' : 2 channels at 48 kHz using 32 bits per sample (channel mask 0x3)
[2018.12.10-20.43.48:222][  0]LogInit: FAudioDevice initialized.
[2018.12.10-20.43.48:222][  0]LogNetVersion: Set ProjectVersion to 1.0.0.0. Version Checksum will be recalculated on next use.
[2018.12.10-20.43.48:370][  0]LogDerivedDataCache: Saved boot cache 0.15s 71MB C:/Users/c013767h/AppData/Local/UnrealEngine/4.20/DerivedDataCache/Boot.ddc.
[2018.12.10-20.43.48:408][  0]LogInit: Texture streaming: Enabled
[2018.12.10-20.43.48:458][  0]LogEngineSessionManager: EngineSessionManager initialized
[2018.12.10-20.43.48:481][  0]LogInit: Transaction tracking system initialized
[2018.12.10-20.43.48:547][  0]BlueprintLog: New page: Editor Load
[2018.12.10-20.43.48:763][  0]LocalizationService: Localization service is disabled
[2018.12.10-20.43.49:406][  0]LogCook: Display: Max memory allowance for cook 16384mb min free memory 0mb
[2018.12.10-20.43.49:406][  0]LogCook: Display: Mobile HDR setting 1
[2018.12.10-20.43.49:406][  0]LogGameplayTags: Display: UGameplayTagsManager::DoneAddingNativeTags. DelegateIsBound: 0
[2018.12.10-20.43.49:407][  0]LogStats: UGameplayTagsManager::ConstructGameplayTagTree: ImportINI prefixes -  0.000 s
[2018.12.10-20.43.49:407][  0]LogStats: UGameplayTagsManager::ConstructGameplayTagTree: Construct from data asset -  0.000 s
[2018.12.10-20.43.49:407][  0]LogStats: UGameplayTagsManager::ConstructGameplayTagTree: ImportINI -  0.000 s
[2018.12.10-20.43.49:407][  0]LogStats: UGameplayTagsManager::ConstructGameplayTagTree: GameplayTagTreeChangedEvent.Broadcast -  0.000 s
[2018.12.10-20.43.49:735][  0]LogFileCache: Scanning file cache for directory 'E:/Staffs Uni/Level 5/Technical Games Production/Pair/TGPPairProject/PairProject/Content/' took 0.02s
[2018.12.10-20.43.49:735][  0]SourceControl: Source control is disabled
[2018.12.10-20.43.49:735][  0]Cmd: MAP LOAD FILE="../../../Engine/Content/Maps/Templates/Template_Default.umap" TEMPLATE=1 SHOWPROGRESS=1 FEATURELEVEL=3
[2018.12.10-20.43.49:741][  0]LightingResults: New page: Lighting Build
[2018.12.10-20.43.49:747][  0]MapCheck: New page: Map Check
[2018.12.10-20.43.49:747][  0]LightingResults: New page: Lighting Build
[2018.12.10-20.43.50:062][  0]LogAIModule: Creating AISystem for world Untitled_1
[2018.12.10-20.43.50:076][  0]LogEditorServer: Finished looking for orphan Actors (0.000 secs)
[2018.12.10-20.43.50:102][  0]Cmd: MAP CHECKDEP NOCLEARLOG
[2018.12.10-20.43.50:312][  0]MapCheck: Map check complete: 0 Error(s), 0 Warning(s), took 209.428ms to complete.
[2018.12.10-20.43.50:312][  0]LogFileHelpers: Loading map 'Template_Default' took 0.576
[2018.12.10-20.43.50:481][  0]LogSlate: Updating window title bar state: overlay mode, drag disabled, window buttons hidden, title bar hidden
[2018.12.10-20.43.50:489][  0]LogSlate: Updating window title bar state: overlay mode, drag disabled, window buttons hidden, title bar hidden
[2018.12.10-20.43.50:497][  0]LogSlate: Updating window title bar state: overlay mode, drag disabled, window buttons hidden, title bar hidden
[2018.12.10-20.43.50:506][  0]LogSlate: Updating window title bar state: overlay mode, drag disabled, window buttons hidden, title bar hidden
[2018.12.10-20.43.50:525][  0]LogCollectionManager: Loaded 0 collections in 0.004253 seconds
[2018.12.10-20.43.50:577][  0]LogFileCache: Scanning file cache for directory 'E:/Staffs Uni/Level 5/Technical Games Production/Pair/TGPPairProject/PairProject/Saved/Collections/' took 0.01s
[2018.12.10-20.43.50:577][  0]LogFileCache: Scanning file cache for directory 'E:/Staffs Uni/Level 5/Technical Games Production/Pair/TGPPairProject/PairProject/Content/Developers/c013767h/Collections/' took 0.01s
[2018.12.10-20.43.50:577][  0]LogFileCache: Scanning file cache for directory 'E:/Staffs Uni/Level 5/Technical Games Production/Pair/TGPPairProject/PairProject/Content/Collections/' took 0.01s
[2018.12.10-20.43.50:578][  0]LogCollectionManager: Rebuilt the GUID cache for 0 collections in 0.000000 seconds
[2018.12.10-20.43.50:589][  0]LogContentBrowser: Native class hierarchy populated in 0.0108 seconds. Added 2577 classes and 606 folders.
[2018.12.10-20.43.50:601][  0]LogContentBrowser: Native class hierarchy updated for 'WidgetCarousel' in 0.0004 seconds. Added 0 classes and 0 folders.
[2018.12.10-20.43.50:973][  0]LogContentBrowser: Native class hierarchy updated for 'AddContentDialog' in 0.0004 seconds. Added 0 classes and 0 folders.
[2018.12.10-20.43.50:984][  0]LogContentBrowser: Native class hierarchy updated for 'SceneOutliner' in 0.0005 seconds. Added 1 classes and 2 folders.
[2018.12.10-20.43.51:012][  0]LogSlate: Took 0.007495 seconds to synchronously load lazily loaded font '../../../Engine/Content/Slate/Fonts/Roboto-Regular.ttf' (155K)
[2018.12.10-20.43.51:018][  0]LogSlate: Took 0.004681 seconds to synchronously load lazily loaded font '../../../Engine/Content/Slate/Fonts/Roboto-Bold.ttf' (160K)
[2018.12.10-20.43.51:031][  0]LogSlate: Took 0.006985 seconds to synchronously load lazily loaded font '../../../Engine/Content/Editor/Slate/Fonts/FontAwesome.ttf' (139K)
[2018.12.10-20.43.51:176][  0]LogRenderer: Reallocating scene render targets to support 1208x576 Format 10 NumSamples 1 (Frame:1).
[2018.12.10-20.43.51:302][  0]LogSlate: FSceneViewport::OnFocusLost() reason 2
[2018.12.10-20.43.51:346][  0]LogSlate: Window 'Tutorials' being destroyed
[2018.12.10-20.43.51:387][  0]LogContentBrowser: Native class hierarchy updated for 'HierarchicalLODOutliner' in 0.0005 seconds. Added 0 classes and 0 folders.
[2018.12.10-20.43.51:387][  0]LogLoad: (Engine Initialization) Total time: 21.65 seconds
[2018.12.10-20.43.51:387][  0]LogLoad: (Engine Initialization) Total Blueprint compile time: 0.00 seconds
[2018.12.10-20.43.51:418][  0]LogContentStreaming: Texture pool size now 1000 MB
[2018.12.10-20.43.51:569][  0]LogSlate: Took 0.007152 seconds to synchronously load lazily loaded font '../../../Engine/Content/Slate/Fonts/Roboto-Light.ttf' (167K)
[2018.12.10-20.43.51:608][  1]LogAssetRegistry: Asset discovery search completed in 9.8898 seconds
[2018.12.10-20.43.51:612][  1]LogCollectionManager: Rebuilt the object cache for 0 collections in 0.000000 seconds (found 0 objects)
[2018.12.10-20.43.51:612][  1]LogCollectionManager: Fixed up redirectors for 0 collections in 0.000167 seconds (updated 0 objects)
[2018.12.10-20.44.16:927][ 12]LogSlate: FSceneViewport::OnFocusLost() reason 0
[2018.12.10-20.44.17:052][ 26]LogSlate: Took 0.000300 seconds to synchronously load lazily loaded font '../../../Engine/Content/Slate/Fonts/Roboto-Light.ttf' (167K)
[2018.12.10-20.44.17:092][ 26]LogAIModule: Creating AISystem for world JamieTestScene
[2018.12.10-20.44.17:098][ 26]LogAssetEditorManager: Opening Asset editor for World /Game/Scenes/JamieTestScene.JamieTestScene
[2018.12.10-20.44.17:124][ 26]Cmd: MAP LOAD FILE="E:/Staffs Uni/Level 5/Technical Games Production/Pair/TGPPairProject/PairProject/Content/Scenes/JamieTestScene.umap" TEMPLATE=0 SHOWPROGRESS=1 FEATURELEVEL=3
[2018.12.10-20.44.17:124][ 26]LightingResults: New page: Lighting Build
[2018.12.10-20.44.17:124][ 26]LoadErrors: New page: Loading map: JamieTestScene.umap
[2018.12.10-20.44.17:125][ 26]MapCheck: New page: Map Check
[2018.12.10-20.44.17:125][ 26]LightingResults: New page: Lighting Build
[2018.12.10-20.44.17:150][ 26]LogEditorServer: Finished looking for orphan Actors (0.000 secs)
[2018.12.10-20.44.17:309][ 26]Cmd: MAP CHECKDEP NOCLEARLOG
[2018.12.10-20.44.17:552][ 26]MapCheck: Map check complete: 0 Error(s), 0 Warning(s), took 242.899ms to complete.
[2018.12.10-20.44.17:553][ 26]LogFileHelpers: Loading map 'JamieTestScene' took 0.431
[2018.12.10-20.44.18:062][ 79]LogTemp: Repeating last play command: Selected Viewport
[2018.12.10-20.44.18:079][ 79]LogPlayLevel: PlayLevel: No blueprints needed recompiling
[2018.12.10-20.44.18:093][ 79]PIE: New page: PIE session: JamieTestScene (10 Dec 2018 20:44:18)
[2018.12.10-20.44.18:094][ 79]LogPlayLevel: Creating play world package: /Game/Scenes/UEDPIE_0_JamieTestScene
[2018.12.10-20.44.18:096][ 79]LogPlayLevel: PIE: StaticDuplicateObject took: (0.002697s)
[2018.12.10-20.44.18:097][ 79]LogAIModule: Creating AISystem for world JamieTestScene
[2018.12.10-20.44.18:097][ 79]LogPlayLevel: PIE: World Init took: (0.000813s)
[2018.12.10-20.44.18:097][ 79]LogPlayLevel: PIE: Created PIE world by copying editor world from /Game/Scenes/JamieTestScene.JamieTestScene to /Game/Scenes/UEDPIE_0_JamieTestScene.JamieTestScene (0.003843s)
[2018.12.10-20.44.18:125][ 79]LogInit: XAudio2 using 'Speakers (Realtek High Definition Audio)' : 2 channels at 48 kHz using 32 bits per sample (channel mask 0x3)
[2018.12.10-20.44.18:143][ 79]LogInit: FAudioDevice initialized.
[2018.12.10-20.44.18:193][ 79]LogLoad: Game class is 'GameModeBase'
[2018.12.10-20.44.18:195][ 79]LogWorld: Bringing World /Game/Scenes/UEDPIE_0_JamieTestScene.JamieTestScene up for play (max tick rate 0) at 2018.12.10-20.44.18
[2018.12.10-20.44.18:196][ 79]LogWorld: Bringing up level for play took: 0.000850
[2018.12.10-20.44.18:219][ 79]LogContentBrowser: Native class hierarchy updated for 'MovieSceneCapture' in 0.0004 seconds. Added 10 classes and 0 folders.
[2018.12.10-20.44.18:220][ 79]PIE: Play in editor start time for /Game/Scenes/UEDPIE_0_JamieTestScene 0.732
[2018.12.10-20.44.37:907][975]LogSlate: Updating window title bar state: overlay mode, drag disabled, window buttons hidden, title bar hidden
[2018.12.10-20.44.37:975][975]LogPlayLevel: Display: Shutting down PIE online subsystems
[2018.12.10-20.44.38:005][975]LogSlate: Updating window title bar state: overlay mode, drag disabled, window buttons hidden, title bar hidden
[2018.12.10-20.44.38:052][976]LogPlayLevel: Display: Destroying online subsystem :Context_1
[2018.12.10-20.44.39:462][143]LogSlate: FSceneViewport::OnFocusLost() reason 0
[2018.12.10-20.44.42:456][499]LogAssetEditorManager: Opening Asset editor for Blueprint /Game/Blueprints/Components/MyBaseAttack_TEST.MyBaseAttack_TEST
[2018.12.10-20.44.42:947][499]LogContentBrowser: Native class hierarchy updated for 'BlueprintGraph' in 0.0008 seconds. Added 116 classes and 0 folders.
[2018.12.10-20.44.43:867][499]LogSlate: Took 0.000602 seconds to synchronously load lazily loaded font '../../../Engine/Content/Slate/Fonts/Roboto-BoldCondensed.ttf' (158K)
[2018.12.10-20.44.51:074][187]LogSavePackage: Moving 'E:/Staffs Uni/Level 5/Technical Games Production/Pair/TGPPairProject/PairProject/Saved/MyBaseAttack_TESTBD65DAD24663DF7D8B21D086E65A0194.tmp' to 'E:/Staffs Uni/Level 5/Technical Games Production/Pair/TGPPairProject/PairProject/Content/Blueprints/Components/MyBaseAttack_TEST.uasset'
[2018.12.10-20.44.51:771][250]BlueprintLog: New page: Compile MyBaseAttack_TEST
[2018.12.10-20.44.52:757][335]LogSlate: Window 'MyBaseAttack_TEST' being destroyed
[2018.12.10-20.44.52:760][335]LogSlate: Window 'MyBaseAttack_TEST' being destroyed
[2018.12.10-20.44.53:398][408]LogTemp: Repeating last play command: Selected Viewport
[2018.12.10-20.44.53:416][408]LogPlayLevel: PlayLevel: No blueprints needed recompiling
[2018.12.10-20.44.53:416][408]PIE: New page: PIE session: JamieTestScene (10 Dec 2018 20:44:53)
[2018.12.10-20.44.53:416][408]LogPlayLevel: Creating play world package: /Game/Scenes/UEDPIE_0_JamieTestScene
[2018.12.10-20.44.53:418][408]LogPlayLevel: PIE: StaticDuplicateObject took: (0.001823s)
[2018.12.10-20.44.53:419][408]LogAIModule: Creating AISystem for world JamieTestScene
[2018.12.10-20.44.53:419][408]LogPlayLevel: PIE: World Init took: (0.001092s)
[2018.12.10-20.44.53:419][408]LogPlayLevel: PIE: Created PIE world by copying editor world from /Game/Scenes/JamieTestScene.JamieTestScene to /Game/Scenes/UEDPIE_0_JamieTestScene.JamieTestScene (0.003228s)
[2018.12.10-20.44.53:455][408]LogInit: XAudio2 using 'Speakers (Realtek High Definition Audio)' : 2 channels at 48 kHz using 32 bits per sample (channel mask 0x3)
[2018.12.10-20.44.53:472][408]LogInit: FAudioDevice initialized.
[2018.12.10-20.44.53:508][408]LogLoad: Game class is 'GameModeBase'
[2018.12.10-20.44.53:509][408]LogWorld: Bringing World /Game/Scenes/UEDPIE_0_JamieTestScene.JamieTestScene up for play (max tick rate 0) at 2018.12.10-20.44.53
[2018.12.10-20.44.53:510][408]LogWorld: Bringing up level for play took: 0.000712
[2018.12.10-20.44.53:523][408]PIE: Play in editor start time for /Game/Scenes/UEDPIE_0_JamieTestScene 0.035
[2018.12.10-20.47.11:394][395]LogSlate: Updating window title bar state: overlay mode, drag disabled, window buttons hidden, title bar hidden
