Log file open, 12/12/18 20:39:48
LogWindows: Failed to load 'aqProf.dll' (GetLastError=126)
LogWindows: File 'aqProf.dll' does not exist
LogWindows: Failed to load 'VSPerf140.dll' (GetLastError=126)
LogWindows: File 'VSPerf140.dll' does not exist
LogWindows: Failed to load 'VtuneApi.dll' (GetLastError=126)
LogWindows: File 'VtuneApi.dll' does not exist
LogWindows: Failed to load 'VtuneApi32e.dll' (GetLastError=126)
LogWindows: File 'VtuneApi32e.dll' does not exist
LogInit: Display: Running engine for game: PairProject
LogPlatformFile: Not using cached read wrapper
LogTaskGraph: Started task graph with 5 named threads and 14 total threads with 3 sets of task threads.
LogStats: Stats thread started at 0.350155
LogD3D11RHI: Loaded GFSDK_Aftermath_Lib.x64.dll
LogICUInternationalization: Display: ICU TimeZone Detection - Raw Offset: +0:00, Platform Override: ''
LogPluginManager: Mounting plugin Paper2D
LogPluginManager: Mounting plugin AISupport
LogPluginManager: Mounting plugin LightPropagationVolume
LogPluginManager: Mounting plugin CLionSourceCodeAccess
LogPluginManager: Mounting plugin CodeLiteSourceCodeAccess
LogPluginManager: Mounting plugin GitSourceControl
LogPluginManager: Mounting plugin KDevelopSourceCodeAccess
LogPluginManager: Mounting plugin NullSourceCodeAccess
LogPluginManager: Mounting plugin PerforceSourceControl
LogPluginManager: Mounting plugin SubversionSourceControl
LogPluginManager: Mounting plugin UObjectPlugin
LogPluginManager: Mounting plugin VisualStudioCodeSourceCodeAccess
LogPluginManager: Mounting plugin VisualStudioSourceCodeAccess
LogPluginManager: Mounting plugin XCodeSourceCodeAccess
LogPluginManager: Mounting plugin AssetManagerEditor
LogPluginManager: Mounting plugin CryptoKeys
LogPluginManager: Mounting plugin DataValidation
LogPluginManager: Mounting plugin FacialAnimation
LogPluginManager: Mounting plugin GameplayTagsEditor
LogPluginManager: Mounting plugin MacGraphicsSwitching
LogPluginManager: Mounting plugin MeshEditor
LogPluginManager: Mounting plugin MobileLauncherProfileWizard
LogPluginManager: Mounting plugin PluginBrowser
LogPluginManager: Mounting plugin SpeedTreeImporter
LogPluginManager: Mounting plugin DatasmithContent
LogPluginManager: Mounting plugin AlembicImporter
LogPluginManager: Mounting plugin AppleImageUtils
LogPluginManager: Mounting plugin AppleVision
LogPluginManager: Mounting plugin BackChannel
LogPluginManager: Mounting plugin CharacterAI
LogPluginManager: Mounting plugin GeometryCache
LogPluginManager: Mounting plugin HTML5Networking
LogPluginManager: Mounting plugin ProxyLODPlugin
LogPluginManager: Mounting plugin MagicLeap
LogPluginManager: Mounting plugin MagicLeapEmulator
LogPluginManager: Mounting plugin MagicLeapMedia
LogPluginManager: Mounting plugin AndroidMedia
LogPluginManager: Mounting plugin AvfMedia
LogPluginManager: Mounting plugin ImgMedia
LogPluginManager: Mounting plugin LinearTimecode
LogPluginManager: Mounting plugin MediaCompositing
LogPluginManager: Mounting plugin MediaPlayerEditor
LogPluginManager: Mounting plugin WmfMedia
LogPluginManager: Mounting plugin TcpMessaging
LogPluginManager: Mounting plugin UdpMessaging
LogPluginManager: Mounting plugin ActorSequence
LogPluginManager: Mounting plugin LevelSequenceEditor
LogPluginManager: Mounting plugin MatineeToLevelSequence
LogPluginManager: Mounting plugin NetcodeUnitTest
LogPluginManager: Mounting plugin NUTUnrealEngine4
LogPluginManager: Mounting plugin OnlineSubsystemGooglePlay
LogPluginManager: Mounting plugin OnlineSubsystemIOS
LogPluginManager: Mounting plugin OnlineSubsystem
LogPluginManager: Mounting plugin OnlineSubsystemNull
LogPluginManager: Mounting plugin OnlineSubsystemUtils
LogPluginManager: Mounting plugin LauncherChunkInstaller
LogPluginManager: Mounting plugin AndroidDeviceProfileSelector
LogPluginManager: Mounting plugin AndroidMoviePlayer
LogPluginManager: Mounting plugin AndroidPermission
LogPluginManager: Mounting plugin AppleMoviePlayer
LogPluginManager: Mounting plugin ArchVisCharacter
LogPluginManager: Mounting plugin AudioCapture
LogPluginManager: Mounting plugin CableComponent
LogPluginManager: Mounting plugin CustomMeshComponent
LogPluginManager: Mounting plugin EditableMesh
LogPluginManager: Mounting plugin ExampleDeviceProfileSelector
LogPluginManager: Mounting plugin GoogleCloudMessaging
LogPluginManager: Mounting plugin ImmediatePhysics
LogPluginManager: Mounting plugin IOSDeviceProfileSelector
LogPluginManager: Mounting plugin LinuxDeviceProfileSelector
LogPluginManager: Mounting plugin LocationServicesBPLibrary
LogPluginManager: Mounting plugin MobilePatchingUtils
LogPluginManager: Mounting plugin OculusVR
LogPluginManager: Plugin shader directory ../../../Engine/Plugins/Runtime/Oculus/OculusVR/Shaders found
LogPluginManager: Mapping shader source directory ../../../Engine/Plugins/Runtime/Oculus/OculusVR/Shaders to virtual directory /Plugin/OculusVR
LogPluginManager: Mounting plugin PhysXVehicles
LogPluginManager: Mounting plugin ProceduralMeshComponent
LogPluginManager: Mounting plugin RuntimePhysXCooking
LogPluginManager: Mounting plugin SteamVR
LogPluginManager: Mounting plugin WindowsMoviePlayer
LogStreaming: Display: Took  0.236s to configure plugins.
LogInit: Using libcurl 7.55.1-DEV
LogInit:  - built for x86_64-pc-win32
LogInit:  - supports SSL with OpenSSL/1.0.2h
LogInit:  - supports HTTP deflate (compression) using libz 1.2.8
LogInit:  - other features:
LogInit:      CURL_VERSION_SSL
LogInit:      CURL_VERSION_LIBZ
LogInit:      CURL_VERSION_IPV6
LogInit:      CURL_VERSION_ASYNCHDNS
LogInit:      CURL_VERSION_LARGEFILE
LogInit:      CURL_VERSION_IDN
LogInit:  CurlRequestOptions (configurable via config and command line):
LogInit:  - bVerifyPeer = false  - Libcurl will NOT verify peer certificate
LogInit:  - bUseHttpProxy = false  - Libcurl will NOT use HTTP proxy
LogInit:  - bDontReuseConnections = false  - Libcurl will reuse connections
LogInit:  - CertBundlePath = nullptr  - Libcurl will use whatever was configured at build time.
LogInit:  - MaxHostConnections = 16  - Libcurl will limit the number of connections to a host
LogInit:  - LocalHostAddr = Default
LogInit:  - BufferSize = 65536
LogInit: WinSock: version 1.1 (2.2), MaxSocks=32767, MaxUdp=65467
LogInit: Build: ++UE4+Release-4.20-CL-4369336
LogInit: Engine Version: 4.20.3-4369336+++UE4+Release-4.20
LogInit: Compatible Engine Version: 4.20.0-4212847+++UE4+Release-4.20
LogInit: Net CL: 4212847
LogInit: OS: Windows 10 (), CPU: Intel(R) Xeon(R) CPU E5-1607 v3 @ 3.10GHz, GPU: NVIDIA GeForce GTX 970
LogInit: Compiled (64-bit): Sep 17 2018 12:26:19
LogInit: Compiled with Visual C++: 19.13.26129.00
LogInit: Build Configuration: Development
LogInit: Branch Name: ++UE4+Release-4.20
LogInit: Command Line:  -skipcompile
LogInit: Base Directory: C:/Epic/UE4/UE_4.20/Engine/Binaries/Win64/
LogInit: Installed Engine Build: 1
LogDevObjectVersion: Number of dev versions registered: 20
LogDevObjectVersion:   Dev-Blueprints (B0D832E4-1F89-4F0D-ACCF-7EB736FD4AA2): 10
LogDevObjectVersion:   Dev-Build (E1C64328-A22C-4D53-A36C-8E866417BD8C): 0
LogDevObjectVersion:   Dev-Core (375EC13C-06E4-48FB-B500-84F0262A717E): 2
LogDevObjectVersion:   Dev-Editor (E4B068ED-F494-42E9-A231-DA0B2E46BB41): 24
LogDevObjectVersion:   Dev-Framework (CFFC743F-43B0-4480-9391-14DF171D2073): 34
LogDevObjectVersion:   Dev-Mobile (B02B49B5-BB20-44E9-A304-32B752E40360): 2
LogDevObjectVersion:   Dev-Networking (A4E4105C-59A1-49B5-A7C5-40C4547EDFEE): 0
LogDevObjectVersion:   Dev-Online (39C831C9-5AE6-47DC-9A44-9C173E1C8E7C): 0
LogDevObjectVersion:   Dev-Physics (78F01B33-EBEA-4F98-B9B4-84EACCB95AA2): 0
LogDevObjectVersion:   Dev-Platform (6631380F-2D4D-43E0-8009-CF276956A95A): 0
LogDevObjectVersion:   Dev-Rendering (12F88B9F-8875-4AFC-A67C-D90C383ABD29): 26
LogDevObjectVersion:   Dev-Sequencer (7B5AE74C-D270-4C10-A958-57980B212A5A): 9
LogDevObjectVersion:   Dev-VR (D7296918-1DD6-4BDD-9DE2-64A83CC13884): 2
LogDevObjectVersion:   Dev-LoadTimes (C2A15278-BFE7-4AFE-6C17-90FF531DF755): 1
LogDevObjectVersion:   Private-Geometry (6EACA3D4-40EC-4CC1-B786-8BED09428FC5): 3
LogDevObjectVersion:   Dev-AnimPhys (29E575DD-E0A3-4627-9D10-D276232CDCEA): 17
LogDevObjectVersion:   Dev-ReflectionCapture (6B266CEC-1EC7-4B8F-A30B-E4D90942FC07): 1
LogDevObjectVersion:   Dev-Automation (0DF73D61-A23F-47EA-B727-89E90C41499A): 1
LogDevObjectVersion:   FortniteMain (601D1886-AC64-4F84-AA16-D3DE0DEAC7D6): 12
LogDevObjectVersion:   Dev-Enterprise (9DFFBCD6-494F-0158-E221-12823C92A888): 1
LogStreaming: Display: Took  0.003s to delete old logs.
LogInit: Presizing for max 8388607 objects, including 0 objects not considered by GC, pre-allocating 0 bytes for permanent pool.
LogInit: Object subsystem initialized
[2018.12.12-20.39.49:277][  0]LogInit: Selected Device Profile: [Windows]
[2018.12.12-20.39.49:278][  0]LogInit: Applying CVar settings loaded from the selected device profile: [Windows]
[2018.12.12-20.39.49:299][  0]LogHAL: Display: Platform has ~ 16 GB [17083682816 / 17179869184 / 16], which maps to Larger [LargestMinGB=32, LargerMinGB=12, DefaultMinGB=8, SmallerMinGB=6, SmallestMinGB=0)
[2018.12.12-20.39.49:299][  0]LogInit: Setting Device Profile CVar: [[r.Vulkan.UseRealUBs:1]]
[2018.12.12-20.39.49:299][  0]LogInit: Going up to parent DeviceProfile []
[2018.12.12-20.39.49:300][  0]LogInit: Computer: S500-21
[2018.12.12-20.39.49:300][  0]LogInit: User: c013767h
[2018.12.12-20.39.49:300][  0]LogInit: CPU Page size=4096, Cores=4
[2018.12.12-20.39.49:300][  0]LogInit: High frequency timer resolution =3.020349 MHz
[2018.12.12-20.39.49:300][  0]LogMemory: Memory total: Physical=15.9GB (16GB approx)
[2018.12.12-20.39.49:300][  0]LogMemory: Platform Memory Stats for Windows
[2018.12.12-20.39.49:300][  0]LogMemory: Process Physical Memory: 101.28 MB used, 101.28 MB peak
[2018.12.12-20.39.49:300][  0]LogMemory: Process Virtual Memory: 84.35 MB used, 84.35 MB peak
[2018.12.12-20.39.49:300][  0]LogMemory: Physical Memory: 6643.45 MB used,  9648.82 MB free, 16292.27 MB total
[2018.12.12-20.39.49:301][  0]LogMemory: Virtual Memory: 4620.35 MB used,  9648.82 MB free, 134217728.00 MB total
[2018.12.12-20.39.49:440][  0]LogInit: Using OS detected language (en-US).
[2018.12.12-20.39.49:440][  0]LogInit: Using OS detected locale (en-GB).
[2018.12.12-20.39.49:442][  0]LogTextLocalizationManager: No specific localization for 'en-US' exists, so the 'en' localization will be used.
[2018.12.12-20.39.49:877][  0]LogStreaming: Display: Took  0.439s to InitEngineTextLocalization.
[2018.12.12-20.39.49:878][  0]LogInit: Setting process to per monitor DPI aware
[2018.12.12-20.39.49:930][  0]LogSlate: New Slate User Created.  User Index 0, Is Virtual User: 0
[2018.12.12-20.39.49:930][  0]LogSlate: Slate User Registered.  User Index 0, Is Virtual User: 0
[2018.12.12-20.39.50:284][  0]LogHMD: Failed to initialize OpenVR with code 110
[2018.12.12-20.39.50:284][  0]LogD3D11RHI: D3D11 adapters:
[2018.12.12-20.39.50:378][  0]LogD3D11RHI:    0. 'NVIDIA GeForce GTX 970' (Feature Level 11_0)
[2018.12.12-20.39.50:378][  0]LogD3D11RHI:       4043/0/8146 MB DedicatedVideo/DedicatedSystem/SharedSystem, Outputs:2, VendorId:0x10de
[2018.12.12-20.39.50:384][  0]LogD3D11RHI:    1. 'Microsoft Basic Render Driver' (Feature Level 11_0)
[2018.12.12-20.39.50:384][  0]LogD3D11RHI:       0/0/8146 MB DedicatedVideo/DedicatedSystem/SharedSystem, Outputs:0, VendorId:0x1414
[2018.12.12-20.39.50:384][  0]LogD3D11RHI: Chosen D3D11 Adapter: 0
[2018.12.12-20.39.50:396][  0]LogD3D11RHI: Creating new Direct3DDevice
[2018.12.12-20.39.50:396][  0]LogD3D11RHI:     GPU DeviceId: 0x13c2 (for the marketing name, search the web for "GPU Device Id")
[2018.12.12-20.39.50:396][  0]LogWindows: EnumDisplayDevices:
[2018.12.12-20.39.50:396][  0]LogWindows:    0. 'NVIDIA GeForce GTX 970' (P:0 D:1)
[2018.12.12-20.39.50:397][  0]LogWindows:    1. 'NVIDIA GeForce GTX 970' (P:1 D:1)
[2018.12.12-20.39.50:397][  0]LogWindows:    2. 'NVIDIA GeForce GTX 970' (P:0 D:0)
[2018.12.12-20.39.50:398][  0]LogWindows:    3. 'NVIDIA GeForce GTX 970' (P:0 D:0)
[2018.12.12-20.39.50:398][  0]LogWindows: DebugString: FoundDriverCount:4 
[2018.12.12-20.39.50:398][  0]LogD3D11RHI:     Adapter Name: NVIDIA GeForce GTX 970
[2018.12.12-20.39.50:398][  0]LogD3D11RHI:   Driver Version: 399.24 (internal:24.21.13.9924, unified:399.24)
[2018.12.12-20.39.50:398][  0]LogD3D11RHI:      Driver Date: 9-5-2018
[2018.12.12-20.39.50:398][  0]LogRHI: Texture pool is 2830 MB (70% of 4043 MB)
[2018.12.12-20.39.50:451][  0]LogD3D11RHI: Async texture creation enabled
[2018.12.12-20.39.50:469][  0]LogD3D11RHI: GPU Timing Frequency: 1000.000000 (Debug: 2 2)
[2018.12.12-20.39.50:558][  0]LogShaderCompilers: Guid format shader working directory is -20 characters bigger than the processId version (E:/Staffs Uni/Level 5/Technical Games Production/Pair/TGPPairProject/PairProject/Intermediate/Shaders/WorkingDirectory/11688/).
[2018.12.12-20.39.50:559][  0]LogShaderCompilers: Cleaned the shader compiler working directory 'C:/Users/c013767h.STUDENT.000/AppData/Local/Temp/UnrealShaderWorkingDir/F724E0D345A64B0250CA8E8448976FA6/'.
[2018.12.12-20.39.50:929][  0]LogTemp: Display: Loaded TP AllDesktopTargetPlatform
[2018.12.12-20.39.50:952][  0]LogTemp: Display: Loaded TP MacClientTargetPlatform
[2018.12.12-20.39.50:975][  0]LogTemp: Display: Loaded TP MacNoEditorTargetPlatform
[2018.12.12-20.39.50:997][  0]LogTemp: Display: Loaded TP MacServerTargetPlatform
[2018.12.12-20.39.51:023][  0]LogTemp: Display: Loaded TP MacTargetPlatform
[2018.12.12-20.39.51:045][  0]LogTemp: Display: Loaded TP WindowsClientTargetPlatform
[2018.12.12-20.39.51:067][  0]LogTemp: Display: Loaded TP WindowsNoEditorTargetPlatform
[2018.12.12-20.39.51:089][  0]LogTemp: Display: Loaded TP WindowsServerTargetPlatform
[2018.12.12-20.39.51:104][  0]LogTemp: Display: Loaded TP WindowsTargetPlatform
[2018.12.12-20.39.51:204][  0]LogTemp: Display: Loaded TP AndroidTargetPlatform
[2018.12.12-20.39.51:204][  0]LogTemp: Display: Loaded TP AndroidTargetPlatform
[2018.12.12-20.39.51:204][  0]LogTemp: Display: Loaded TP AndroidTargetPlatform
[2018.12.12-20.39.51:204][  0]LogTemp: Display: Loaded TP AndroidTargetPlatform
[2018.12.12-20.39.51:204][  0]LogTemp: Display: Loaded TP AndroidTargetPlatform
[2018.12.12-20.39.51:204][  0]LogTemp: Display: Loaded TP AndroidTargetPlatform
[2018.12.12-20.39.51:204][  0]LogTemp: Display: Loaded TP AndroidTargetPlatform
[2018.12.12-20.39.51:204][  0]LogTemp: Display: Loaded TP AndroidTargetPlatform
[2018.12.12-20.39.51:204][  0]LogTemp: Display: Loaded TP AndroidTargetPlatform
[2018.12.12-20.39.51:205][  0]LogTemp: Display: Loaded TP AndroidTargetPlatform
[2018.12.12-20.39.51:205][  0]LogTemp: Display: Loaded TP AndroidTargetPlatform
[2018.12.12-20.39.51:205][  0]LogTemp: Display: Loaded TP AndroidTargetPlatform
[2018.12.12-20.39.51:205][  0]LogTemp: Display: Loaded TP AndroidTargetPlatform
[2018.12.12-20.39.51:205][  0]LogTemp: Display: Loaded TP AndroidTargetPlatform
[2018.12.12-20.39.51:205][  0]LogTemp: Display: Loaded TP AndroidTargetPlatform
[2018.12.12-20.39.51:205][  0]LogTemp: Display: Loaded TP AndroidTargetPlatform
[2018.12.12-20.39.51:205][  0]LogTemp: Display: Loaded TP AndroidTargetPlatform
[2018.12.12-20.39.51:205][  0]LogTemp: Display: Loaded TP AndroidTargetPlatform
[2018.12.12-20.39.51:209][  0]LogTemp: Display: Loaded TP HTML5TargetPlatform
[2018.12.12-20.39.51:304][  0]LogTemp: Display: Loaded TP IOSTargetPlatform
[2018.12.12-20.39.51:304][  0]LogTemp: Display: Loaded TP IOSTargetPlatform
[2018.12.12-20.39.51:343][  0]LogTemp: Display: Loaded TP TVOSTargetPlatform
[2018.12.12-20.39.51:343][  0]LogTemp: Display: Loaded TP TVOSTargetPlatform
[2018.12.12-20.39.51:365][  0]LogTemp: Display: Loaded TP LinuxClientTargetPlatform
[2018.12.12-20.39.51:383][  0]LogTemp: Display: Loaded TP LinuxNoEditorTargetPlatform
[2018.12.12-20.39.51:400][  0]LogTemp: Display: Loaded TP LinuxServerTargetPlatform
[2018.12.12-20.39.51:418][  0]LogTemp: Display: Loaded TP LinuxTargetPlatform
[2018.12.12-20.39.51:432][  0]LogTemp: Display: Loaded TP LuminTargetPlatform
[2018.12.12-20.39.51:432][  0]LogTargetPlatformManager: Display: Building Assets For Windows
[2018.12.12-20.39.51:621][  0]LogXGEController: Cleaning working directory: C:/Users/c013767h.STUDENT.000/AppData/Local/Temp/UnrealXGEWorkingDir/
[2018.12.12-20.39.51:622][  0]LogXGEController: Cannot use XGE Controller as Incredibuild is not installed on this machine.
[2018.12.12-20.39.51:622][  0]LogShaderCompilers: Cannot use XGE Shader Compiler as Incredibuild is not installed on this machine.
[2018.12.12-20.39.51:622][  0]LogShaderCompilers: Display: Using Local Shader Compiler.
[2018.12.12-20.39.52:771][  0]LogDerivedDataCache: Display: Max Cache Size: 512 MB
[2018.12.12-20.39.52:876][  0]LogDerivedDataCache: Loaded boot cache 0.11s 71MB C:/Users/c013767h.STUDENT.000/AppData/Local/UnrealEngine/4.20/DerivedDataCache/Boot.ddc.
[2018.12.12-20.39.52:877][  0]LogDerivedDataCache: Display: Loaded Boot cache: C:/Users/c013767h.STUDENT.000/AppData/Local/UnrealEngine/4.20/DerivedDataCache/Boot.ddc
[2018.12.12-20.39.52:878][  0]LogDerivedDataCache: FDerivedDataBackendGraph:  Pak pak cache file E:/Staffs Uni/Level 5/Technical Games Production/Pair/TGPPairProject/PairProject/DerivedDataCache/DDC.ddp not found, will not use a pak cache.
[2018.12.12-20.39.52:878][  0]LogDerivedDataCache: Unable to find inner node Pak for hierarchical cache Hierarchy.
[2018.12.12-20.39.52:878][  0]LogDerivedDataCache: FDerivedDataBackendGraph:  CompressedPak pak cache file E:/Staffs Uni/Level 5/Technical Games Production/Pair/TGPPairProject/PairProject/DerivedDataCache/Compressed.ddp not found, will not use a pak cache.
[2018.12.12-20.39.52:878][  0]LogDerivedDataCache: Unable to find inner node CompressedPak for hierarchical cache Hierarchy.
[2018.12.12-20.39.52:893][  0]LogDerivedDataCache: Display: Pak cache opened for reading ../../../Engine/DerivedDataCache/Compressed.ddp.
[2018.12.12-20.39.52:906][  0]LogDerivedDataCache: Using Local data cache path C:/Users/c013767h.STUDENT.000/AppData/Local/UnrealEngine/Common/DerivedDataCache: Writable
[2018.12.12-20.39.52:906][  0]LogDerivedDataCache: Shared data cache path not found in *engine.ini, will not use an Shared cache.
[2018.12.12-20.39.52:906][  0]LogDerivedDataCache: Unable to find inner node Shared for hierarchical cache Hierarchy.
[2018.12.12-20.39.52:929][  0]LogMaterial: Verifying Global Shaders for PCD3D_SM5
[2018.12.12-20.39.52:931][  0]LogSlate: Using FreeType 2.6.0
[2018.12.12-20.39.52:932][  0]LogSlate: SlateFontServices - WITH_FREETYPE: 1, WITH_HARFBUZZ: 1
[2018.12.12-20.39.53:028][  0]LogAssetRegistry: FAssetRegistry took 0.0299 seconds to start up
[2018.12.12-20.39.53:419][  0]LogInit: Selected Device Profile: [Windows]
[2018.12.12-20.39.53:618][  0]LogSimplygon: Simplygon DLL not present - disabling.
[2018.12.12-20.39.53:630][  0]LogMeshReduction: Using SimplygonSwarm for distributed automatic mesh merging
[2018.12.12-20.39.53:630][  0]LogMeshReduction: Using ProxyLODMeshReduction for automatic mesh merging
[2018.12.12-20.39.53:630][  0]LogMeshReduction: Using QuadricMeshReduction for automatic static mesh reduction
[2018.12.12-20.39.53:630][  0]LogMeshReduction: No automatic skeletal mesh reduction module available
[2018.12.12-20.39.53:651][  0]LogNetVersion: PairProject 1.0.0, NetCL: 4212847, EngineNetVer: 5, GameNetVer: 0 (Checksum: 2248716754)
[2018.12.12-20.39.54:321][  0]LogPackageLocalizationCache: Processed 11 localized package path(s) for 2 prioritized culture(s) in 0.158434 seconds
[2018.12.12-20.39.54:328][  0]LogUObjectArray: 38425 objects as part of root set at end of initial load.
[2018.12.12-20.39.54:328][  0]LogUObjectAllocator: 6690872 out of 0 bytes used by permanent object pool.
[2018.12.12-20.39.54:329][  0]LogUObjectArray: CloseDisregardForGC: 0/0 objects in disregard for GC pool
[2018.12.12-20.39.55:633][  0]LogTcpMessaging: Initializing TcpMessaging bridge
[2018.12.12-20.39.55:649][  0]LogUdpMessaging: Initializing bridge on interface 0.0.0.0:0 to multicast group 230.0.0.1:6666.
[2018.12.12-20.39.55:953][  0]SourceControl: Source control is disabled
[2018.12.12-20.39.55:953][  0]SourceControl: Source control is disabled
[2018.12.12-20.39.55:966][  0]SourceControl: Source control is disabled
[2018.12.12-20.39.55:973][  0]SourceControl: Source control is disabled
[2018.12.12-20.39.56:306][  0]LogAndroidPermission: UAndroidPermissionCallbackProxy::GetInstance
[2018.12.12-20.39.56:416][  0]LogOcInput: OculusInput pre-init called
[2018.12.12-20.39.56:505][  0]LogEngine: Initializing Engine...
[2018.12.12-20.39.56:507][  0]LogHMD: Failed to initialize OpenVR with code 110
[2018.12.12-20.39.56:508][  0]LogStats: UGameplayTagsManager::ConstructGameplayTagTree: ImportINI prefixes -  0.000 s
[2018.12.12-20.39.56:508][  0]LogStats: UGameplayTagsManager::ConstructGameplayTagTree: Construct from data asset -  0.000 s
[2018.12.12-20.39.56:508][  0]LogStats: UGameplayTagsManager::ConstructGameplayTagTree: ImportINI -  0.000 s
[2018.12.12-20.39.56:508][  0]LogStats: UGameplayTagsManager::ConstructGameplayTagTree: GameplayTagTreeChangedEvent.Broadcast -  0.000 s
[2018.12.12-20.39.56:784][  0]LogInit: Initializing FReadOnlyCVARCache
[2018.12.12-20.39.56:817][  0]LogAIModule: Creating AISystem for world Untitled
[2018.12.12-20.39.56:832][  0]LogInit: XAudio2 using 'Speakers (Realtek High Definition Audio)' : 2 channels at 48 kHz using 32 bits per sample (channel mask 0x3)
[2018.12.12-20.39.56:880][  0]LogInit: FAudioDevice initialized.
[2018.12.12-20.39.56:880][  0]LogNetVersion: Set ProjectVersion to 1.0.0.0. Version Checksum will be recalculated on next use.
[2018.12.12-20.39.57:079][  0]LogDerivedDataCache: Saved boot cache 0.20s 71MB C:/Users/c013767h.STUDENT.000/AppData/Local/UnrealEngine/4.20/DerivedDataCache/Boot.ddc.
[2018.12.12-20.39.57:098][  0]LogInit: Texture streaming: Enabled
[2018.12.12-20.39.57:142][  0]LogEngineSessionManager: EngineSessionManager initialized
[2018.12.12-20.39.57:142][  0]LogEngineSessionManager: EngineSessionManager sent abnormal shutdown report. Type=Debugger, SessionId={B14BDC72-4F4C-7CD2-ECF1-B8861844814B}
[2018.12.12-20.39.57:142][  0]LogEngineSessionManager: EngineSessionManager sent abnormal shutdown report. Type=Debugger, SessionId={10BC2EE2-4F40-9D4C-2E4F-96A5CE7BB1C6}
[2018.12.12-20.39.57:163][  0]LogInit: Transaction tracking system initialized
[2018.12.12-20.39.57:227][  0]BlueprintLog: New page: Editor Load
[2018.12.12-20.39.57:429][  0]LocalizationService: Localization service is disabled
[2018.12.12-20.39.57:828][  0]LogCook: Display: Max memory allowance for cook 16384mb min free memory 0mb
[2018.12.12-20.39.57:828][  0]LogCook: Display: Mobile HDR setting 1
[2018.12.12-20.39.57:828][  0]LogGameplayTags: Display: UGameplayTagsManager::DoneAddingNativeTags. DelegateIsBound: 0
[2018.12.12-20.39.57:828][  0]LogStats: UGameplayTagsManager::ConstructGameplayTagTree: ImportINI prefixes -  0.000 s
[2018.12.12-20.39.57:829][  0]LogStats: UGameplayTagsManager::ConstructGameplayTagTree: Construct from data asset -  0.000 s
[2018.12.12-20.39.57:829][  0]LogStats: UGameplayTagsManager::ConstructGameplayTagTree: ImportINI -  0.000 s
[2018.12.12-20.39.57:829][  0]LogStats: UGameplayTagsManager::ConstructGameplayTagTree: GameplayTagTreeChangedEvent.Broadcast -  0.000 s
[2018.12.12-20.39.58:080][  0]LogFileCache: Scanning file cache for directory 'E:/Staffs Uni/Level 5/Technical Games Production/Pair/TGPPairProject/PairProject/Content/' took 0.01s
[2018.12.12-20.39.58:081][  0]SourceControl: Source control is disabled
[2018.12.12-20.39.58:081][  0]Cmd: MAP LOAD FILE="../../../Engine/Content/Maps/Templates/Template_Default.umap" TEMPLATE=1 SHOWPROGRESS=1 FEATURELEVEL=3
[2018.12.12-20.39.58:082][  0]LightingResults: New page: Lighting Build
[2018.12.12-20.39.58:087][  0]MapCheck: New page: Map Check
[2018.12.12-20.39.58:088][  0]LightingResults: New page: Lighting Build
[2018.12.12-20.39.58:330][  0]LogAIModule: Creating AISystem for world Untitled_1
[2018.12.12-20.39.58:339][  0]LogEditorServer: Finished looking for orphan Actors (0.000 secs)
[2018.12.12-20.39.58:366][  0]Cmd: MAP CHECKDEP NOCLEARLOG
[2018.12.12-20.39.58:580][  0]MapCheck: Map check complete: 0 Error(s), 0 Warning(s), took 213.3ms to complete.
[2018.12.12-20.39.58:580][  0]LogFileHelpers: Loading map 'Template_Default' took 0.499
[2018.12.12-20.39.58:708][  0]LogSlate: Updating window title bar state: overlay mode, drag disabled, window buttons hidden, title bar hidden
[2018.12.12-20.39.58:717][  0]LogSlate: Updating window title bar state: overlay mode, drag disabled, window buttons hidden, title bar hidden
[2018.12.12-20.39.58:726][  0]LogSlate: Updating window title bar state: overlay mode, drag disabled, window buttons hidden, title bar hidden
[2018.12.12-20.39.58:735][  0]LogSlate: Updating window title bar state: overlay mode, drag disabled, window buttons hidden, title bar hidden
[2018.12.12-20.39.58:751][  0]LogCollectionManager: Loaded 0 collections in 0.004272 seconds
[2018.12.12-20.39.58:810][  0]LogFileCache: Scanning file cache for directory 'E:/Staffs Uni/Level 5/Technical Games Production/Pair/TGPPairProject/PairProject/Saved/Collections/' took 0.01s
[2018.12.12-20.39.58:811][  0]LogFileCache: Scanning file cache for directory 'E:/Staffs Uni/Level 5/Technical Games Production/Pair/TGPPairProject/PairProject/Content/Developers/c013767h/Collections/' took 0.01s
[2018.12.12-20.39.58:811][  0]LogFileCache: Scanning file cache for directory 'E:/Staffs Uni/Level 5/Technical Games Production/Pair/TGPPairProject/PairProject/Content/Collections/' took 0.01s
[2018.12.12-20.39.58:811][  0]LogCollectionManager: Rebuilt the GUID cache for 0 collections in 0.000000 seconds
[2018.12.12-20.39.58:831][  0]LogContentBrowser: Native class hierarchy populated in 0.0190 seconds. Added 2577 classes and 606 folders.
[2018.12.12-20.39.58:843][  0]LogContentBrowser: Native class hierarchy updated for 'WidgetCarousel' in 0.0004 seconds. Added 0 classes and 0 folders.
[2018.12.12-20.39.58:965][  0]LogContentBrowser: Native class hierarchy updated for 'AddContentDialog' in 0.0004 seconds. Added 0 classes and 0 folders.
[2018.12.12-20.39.58:975][  0]LogContentBrowser: Native class hierarchy updated for 'SceneOutliner' in 0.0004 seconds. Added 1 classes and 2 folders.
[2018.12.12-20.39.58:990][  0]LogSlate: Took 0.000302 seconds to synchronously load lazily loaded font '../../../Engine/Content/Slate/Fonts/Roboto-Regular.ttf' (155K)
[2018.12.12-20.39.58:993][  0]LogSlate: Took 0.000249 seconds to synchronously load lazily loaded font '../../../Engine/Content/Slate/Fonts/Roboto-Bold.ttf' (160K)
[2018.12.12-20.39.58:999][  0]LogSlate: Took 0.000256 seconds to synchronously load lazily loaded font '../../../Engine/Content/Editor/Slate/Fonts/FontAwesome.ttf' (139K)
[2018.12.12-20.39.59:091][  0]LogRenderer: Reallocating scene render targets to support 1208x576 Format 10 NumSamples 1 (Frame:1).
[2018.12.12-20.39.59:236][  0]LogContentBrowser: Native class hierarchy updated for 'HierarchicalLODOutliner' in 0.0004 seconds. Added 0 classes and 0 folders.
[2018.12.12-20.39.59:236][  0]LogLoad: (Engine Initialization) Total time: 13.75 seconds
[2018.12.12-20.39.59:236][  0]LogLoad: (Engine Initialization) Total Blueprint compile time: 0.00 seconds
[2018.12.12-20.39.59:246][  0]LogWindowsTextInputMethodSystem: Display: IME system now deactivated.
[2018.12.12-20.39.59:267][  0]LogContentStreaming: Texture pool size now 1000 MB
[2018.12.12-20.39.59:298][  0]LogSlate: Took 0.000259 seconds to synchronously load lazily loaded font '../../../Engine/Content/Slate/Fonts/Roboto-Light.ttf' (167K)
[2018.12.12-20.39.59:314][  1]LogAssetRegistry: Asset discovery search completed in 6.3116 seconds
[2018.12.12-20.39.59:316][  1]LogCollectionManager: Rebuilt the object cache for 0 collections in 0.000000 seconds (found 0 objects)
[2018.12.12-20.39.59:316][  1]LogCollectionManager: Fixed up redirectors for 0 collections in 0.000110 seconds (updated 0 objects)
[2018.12.12-20.40.26:715][282]LogSlate: FSceneViewport::OnFocusLost() reason 0
[2018.12.12-20.40.26:871][300]LogSlate: Took 0.000284 seconds to synchronously load lazily loaded font '../../../Engine/Content/Slate/Fonts/Roboto-Light.ttf' (167K)
[2018.12.12-20.40.26:916][300]LogAIModule: Creating AISystem for world JamieTestScene
[2018.12.12-20.40.26:922][300]LogAssetEditorManager: Opening Asset editor for World /Game/Scenes/JamieTestScene.JamieTestScene
[2018.12.12-20.40.26:947][300]Cmd: MAP LOAD FILE="E:/Staffs Uni/Level 5/Technical Games Production/Pair/TGPPairProject/PairProject/Content/Scenes/JamieTestScene.umap" TEMPLATE=0 SHOWPROGRESS=1 FEATURELEVEL=3
[2018.12.12-20.40.26:948][300]LightingResults: New page: Lighting Build
[2018.12.12-20.40.26:948][300]LoadErrors: New page: Loading map: JamieTestScene.umap
[2018.12.12-20.40.26:949][300]MapCheck: New page: Map Check
[2018.12.12-20.40.26:949][300]LightingResults: New page: Lighting Build
[2018.12.12-20.40.26:976][300]LogEditorServer: Finished looking for orphan Actors (0.000 secs)
[2018.12.12-20.40.27:120][300]Cmd: MAP CHECKDEP NOCLEARLOG
[2018.12.12-20.40.27:370][300]MapCheck: Map check complete: 0 Error(s), 0 Warning(s), took 249.514ms to complete.
[2018.12.12-20.40.27:371][300]LogFileHelpers: Loading map 'JamieTestScene' took 0.425
[2018.12.12-20.40.29:152][503]LogTemp: Repeating last play command: Selected Viewport
[2018.12.12-20.40.29:170][503]LogPlayLevel: PlayLevel: No blueprints needed recompiling
[2018.12.12-20.40.29:185][503]PIE: New page: PIE session: JamieTestScene (12 Dec 2018 20:40:29)
[2018.12.12-20.40.29:185][503]LogPlayLevel: Creating play world package: /Game/Scenes/UEDPIE_0_JamieTestScene
[2018.12.12-20.40.29:188][503]LogPlayLevel: PIE: StaticDuplicateObject took: (0.002842s)
[2018.12.12-20.40.29:189][503]LogAIModule: Creating AISystem for world JamieTestScene
[2018.12.12-20.40.29:189][503]LogPlayLevel: PIE: World Init took: (0.001288s)
[2018.12.12-20.40.29:189][503]LogPlayLevel: PIE: Created PIE world by copying editor world from /Game/Scenes/JamieTestScene.JamieTestScene to /Game/Scenes/UEDPIE_0_JamieTestScene.JamieTestScene (0.004467s)
[2018.12.12-20.40.29:218][503]LogInit: XAudio2 using 'Speakers (Realtek High Definition Audio)' : 2 channels at 48 kHz using 32 bits per sample (channel mask 0x3)
[2018.12.12-20.40.29:238][503]LogInit: FAudioDevice initialized.
[2018.12.12-20.40.29:292][503]LogLoad: Game class is 'GameModeBase'
[2018.12.12-20.40.29:294][503]LogWorld: Bringing World /Game/Scenes/UEDPIE_0_JamieTestScene.JamieTestScene up for play (max tick rate 0) at 2018.12.12-20.40.29
[2018.12.12-20.40.29:295][503]LogWorld: Bringing up level for play took: 0.001095
[2018.12.12-20.40.29:318][503]LogContentBrowser: Native class hierarchy updated for 'MovieSceneCapture' in 0.0005 seconds. Added 10 classes and 0 folders.
[2018.12.12-20.40.29:320][503]PIE: Play in editor start time for /Game/Scenes/UEDPIE_0_JamieTestScene 1.011
[2018.12.12-20.44.04:243][291]LogSlate: Updating window title bar state: overlay mode, drag disabled, window buttons hidden, title bar hidden
[2018.12.12-20.44.04:285][291]LogPlayLevel: Display: Shutting down PIE online subsystems
[2018.12.12-20.44.04:322][291]LogSlate: Updating window title bar state: overlay mode, drag disabled, window buttons hidden, title bar hidden
[2018.12.12-20.44.04:352][292]LogPlayLevel: Display: Destroying online subsystem :Context_1
