Log file open, 12/06/18 10:21:30
LogWindows: Failed to load 'aqProf.dll' (GetLastError=126)
LogWindows: File 'aqProf.dll' does not exist
LogWindows: Failed to load 'VSPerf140.dll' (GetLastError=126)
LogWindows: File 'VSPerf140.dll' does not exist
LogWindows: Failed to load 'VtuneApi.dll' (GetLastError=126)
LogWindows: File 'VtuneApi.dll' does not exist
LogWindows: Failed to load 'VtuneApi32e.dll' (GetLastError=126)
LogWindows: File 'VtuneApi32e.dll' does not exist
LogInit: Display: Running engine for game: PairProject
LogPlatformFile: Not using cached read wrapper
LogTaskGraph: Started task graph with 5 named threads and 23 total threads with 3 sets of task threads.
LogStats: Stats thread started at 0.283757
LogD3D11RHI: Loaded GFSDK_Aftermath_Lib.x64.dll
LogICUInternationalization: Display: ICU TimeZone Detection - Raw Offset: +0:00, Platform Override: ''
LogPluginManager: Mounting plugin Paper2D
LogPluginManager: Mounting plugin AISupport
LogPluginManager: Mounting plugin LightPropagationVolume
LogPluginManager: Mounting plugin CLionSourceCodeAccess
LogPluginManager: Mounting plugin CodeLiteSourceCodeAccess
LogPluginManager: Mounting plugin GitSourceControl
LogPluginManager: Mounting plugin KDevelopSourceCodeAccess
LogPluginManager: Mounting plugin NullSourceCodeAccess
LogPluginManager: Mounting plugin PerforceSourceControl
LogPluginManager: Mounting plugin SubversionSourceControl
LogPluginManager: Mounting plugin UObjectPlugin
LogPluginManager: Mounting plugin VisualStudioCodeSourceCodeAccess
LogPluginManager: Mounting plugin VisualStudioSourceCodeAccess
LogPluginManager: Mounting plugin XCodeSourceCodeAccess
LogPluginManager: Mounting plugin AssetManagerEditor
LogPluginManager: Mounting plugin CryptoKeys
LogPluginManager: Mounting plugin DataValidation
LogPluginManager: Mounting plugin FacialAnimation
LogPluginManager: Mounting plugin GameplayTagsEditor
LogPluginManager: Mounting plugin MacGraphicsSwitching
LogPluginManager: Mounting plugin MeshEditor
LogPluginManager: Mounting plugin MobileLauncherProfileWizard
LogPluginManager: Mounting plugin PluginBrowser
LogPluginManager: Mounting plugin SpeedTreeImporter
LogPluginManager: Mounting plugin DatasmithContent
LogPluginManager: Mounting plugin AlembicImporter
LogPluginManager: Mounting plugin AppleImageUtils
LogPluginManager: Mounting plugin AppleVision
LogPluginManager: Mounting plugin BackChannel
LogPluginManager: Mounting plugin CharacterAI
LogPluginManager: Mounting plugin GeometryCache
LogPluginManager: Mounting plugin HTML5Networking
LogPluginManager: Mounting plugin ProxyLODPlugin
LogPluginManager: Mounting plugin MagicLeap
LogPluginManager: Mounting plugin MagicLeapEmulator
LogPluginManager: Mounting plugin MagicLeapMedia
LogPluginManager: Mounting plugin AndroidMedia
LogPluginManager: Mounting plugin AvfMedia
LogPluginManager: Mounting plugin ImgMedia
LogPluginManager: Mounting plugin LinearTimecode
LogPluginManager: Mounting plugin MediaCompositing
LogPluginManager: Mounting plugin MediaPlayerEditor
LogPluginManager: Mounting plugin WmfMedia
LogPluginManager: Mounting plugin TcpMessaging
LogPluginManager: Mounting plugin UdpMessaging
LogPluginManager: Mounting plugin ActorSequence
LogPluginManager: Mounting plugin LevelSequenceEditor
LogPluginManager: Mounting plugin MatineeToLevelSequence
LogPluginManager: Mounting plugin NetcodeUnitTest
LogPluginManager: Mounting plugin NUTUnrealEngine4
LogPluginManager: Mounting plugin OnlineSubsystemGooglePlay
LogPluginManager: Mounting plugin OnlineSubsystemIOS
LogPluginManager: Mounting plugin OnlineSubsystem
LogPluginManager: Mounting plugin OnlineSubsystemNull
LogPluginManager: Mounting plugin OnlineSubsystemUtils
LogPluginManager: Mounting plugin LauncherChunkInstaller
LogPluginManager: Mounting plugin AndroidDeviceProfileSelector
LogPluginManager: Mounting plugin AndroidMoviePlayer
LogPluginManager: Mounting plugin AndroidPermission
LogPluginManager: Mounting plugin AppleMoviePlayer
LogPluginManager: Mounting plugin ArchVisCharacter
LogPluginManager: Mounting plugin AudioCapture
LogPluginManager: Mounting plugin CableComponent
LogPluginManager: Mounting plugin CustomMeshComponent
LogPluginManager: Mounting plugin EditableMesh
LogPluginManager: Mounting plugin ExampleDeviceProfileSelector
LogPluginManager: Mounting plugin GoogleCloudMessaging
LogPluginManager: Mounting plugin ImmediatePhysics
LogPluginManager: Mounting plugin IOSDeviceProfileSelector
LogPluginManager: Mounting plugin LinuxDeviceProfileSelector
LogPluginManager: Mounting plugin LocationServicesBPLibrary
LogPluginManager: Mounting plugin MobilePatchingUtils
LogPluginManager: Mounting plugin OculusVR
LogPluginManager: Plugin shader directory ../../../Engine/Plugins/Runtime/Oculus/OculusVR/Shaders found
LogPluginManager: Mapping shader source directory ../../../Engine/Plugins/Runtime/Oculus/OculusVR/Shaders to virtual directory /Plugin/OculusVR
LogPluginManager: Mounting plugin PhysXVehicles
LogPluginManager: Mounting plugin ProceduralMeshComponent
LogPluginManager: Mounting plugin RuntimePhysXCooking
LogPluginManager: Mounting plugin SteamVR
LogPluginManager: Mounting plugin WindowsMoviePlayer
LogStreaming: Display: Took  0.142s to configure plugins.
LogInit: Using libcurl 7.55.1-DEV
LogInit:  - built for x86_64-pc-win32
LogInit:  - supports SSL with OpenSSL/1.0.2h
LogInit:  - supports HTTP deflate (compression) using libz 1.2.8
LogInit:  - other features:
LogInit:      CURL_VERSION_SSL
LogInit:      CURL_VERSION_LIBZ
LogInit:      CURL_VERSION_IPV6
LogInit:      CURL_VERSION_ASYNCHDNS
LogInit:      CURL_VERSION_LARGEFILE
LogInit:      CURL_VERSION_IDN
LogInit:  CurlRequestOptions (configurable via config and command line):
LogInit:  - bVerifyPeer = false  - Libcurl will NOT verify peer certificate
LogInit:  - bUseHttpProxy = false  - Libcurl will NOT use HTTP proxy
LogInit:  - bDontReuseConnections = false  - Libcurl will reuse connections
LogInit:  - CertBundlePath = nullptr  - Libcurl will use whatever was configured at build time.
LogInit:  - MaxHostConnections = 16  - Libcurl will limit the number of connections to a host
LogInit:  - LocalHostAddr = Default
LogInit:  - BufferSize = 65536
LogInit: WinSock: version 1.1 (2.2), MaxSocks=32767, MaxUdp=65467
LogInit: Build: ++UE4+Release-4.20-CL-4369336
LogInit: Engine Version: 4.20.3-4369336+++UE4+Release-4.20
LogInit: Compatible Engine Version: 4.20.0-4212847+++UE4+Release-4.20
LogInit: Net CL: 4212847
LogInit: OS: Windows 10 (), CPU: Intel(R) Xeon(R) W-2123 CPU @ 3.60GHz, GPU: NVIDIA GeForce GTX 1070
LogInit: Compiled (64-bit): Sep 17 2018 12:26:19
LogInit: Compiled with Visual C++: 19.13.26129.00
LogInit: Build Configuration: Development
LogInit: Branch Name: ++UE4+Release-4.20
LogInit: Command Line:  
LogInit: Base Directory: C:/Epic/UE4/UE_4.20/Engine/Binaries/Win64/
LogInit: Installed Engine Build: 1
LogDevObjectVersion: Number of dev versions registered: 20
LogDevObjectVersion:   Dev-Blueprints (B0D832E4-1F89-4F0D-ACCF-7EB736FD4AA2): 10
LogDevObjectVersion:   Dev-Build (E1C64328-A22C-4D53-A36C-8E866417BD8C): 0
LogDevObjectVersion:   Dev-Core (375EC13C-06E4-48FB-B500-84F0262A717E): 2
LogDevObjectVersion:   Dev-Editor (E4B068ED-F494-42E9-A231-DA0B2E46BB41): 24
LogDevObjectVersion:   Dev-Framework (CFFC743F-43B0-4480-9391-14DF171D2073): 34
LogDevObjectVersion:   Dev-Mobile (B02B49B5-BB20-44E9-A304-32B752E40360): 2
LogDevObjectVersion:   Dev-Networking (A4E4105C-59A1-49B5-A7C5-40C4547EDFEE): 0
LogDevObjectVersion:   Dev-Online (39C831C9-5AE6-47DC-9A44-9C173E1C8E7C): 0
LogDevObjectVersion:   Dev-Physics (78F01B33-EBEA-4F98-B9B4-84EACCB95AA2): 0
LogDevObjectVersion:   Dev-Platform (6631380F-2D4D-43E0-8009-CF276956A95A): 0
LogDevObjectVersion:   Dev-Rendering (12F88B9F-8875-4AFC-A67C-D90C383ABD29): 26
LogDevObjectVersion:   Dev-Sequencer (7B5AE74C-D270-4C10-A958-57980B212A5A): 9
LogDevObjectVersion:   Dev-VR (D7296918-1DD6-4BDD-9DE2-64A83CC13884): 2
LogDevObjectVersion:   Dev-LoadTimes (C2A15278-BFE7-4AFE-6C17-90FF531DF755): 1
LogDevObjectVersion:   Private-Geometry (6EACA3D4-40EC-4CC1-B786-8BED09428FC5): 3
LogDevObjectVersion:   Dev-AnimPhys (29E575DD-E0A3-4627-9D10-D276232CDCEA): 17
LogDevObjectVersion:   Dev-ReflectionCapture (6B266CEC-1EC7-4B8F-A30B-E4D90942FC07): 1
LogDevObjectVersion:   Dev-Automation (0DF73D61-A23F-47EA-B727-89E90C41499A): 1
LogDevObjectVersion:   FortniteMain (601D1886-AC64-4F84-AA16-D3DE0DEAC7D6): 12
LogDevObjectVersion:   Dev-Enterprise (9DFFBCD6-494F-0158-E221-12823C92A888): 1
LogStreaming: Display: Took  0.001s to delete old logs.
LogInit: Presizing for max 8388607 objects, including 0 objects not considered by GC, pre-allocating 0 bytes for permanent pool.
LogInit: Object subsystem initialized
[2018.12.06-10.21.30:935][  0]LogInit: Selected Device Profile: [Windows]
[2018.12.06-10.21.30:936][  0]LogInit: Applying CVar settings loaded from the selected device profile: [Windows]
[2018.12.06-10.21.30:963][  0]LogHAL: Display: Platform has ~ 32 GB [34065870848 / 34359738368 / 32], which maps to Largest [LargestMinGB=32, LargerMinGB=12, DefaultMinGB=8, SmallerMinGB=6, SmallestMinGB=0)
[2018.12.06-10.21.30:963][  0]LogInit: Setting Device Profile CVar: [[r.Vulkan.UseRealUBs:1]]
[2018.12.06-10.21.30:963][  0]LogInit: Going up to parent DeviceProfile []
[2018.12.06-10.21.30:964][  0]LogInit: Computer: C117B-04
[2018.12.06-10.21.30:964][  0]LogInit: User: h017026h
[2018.12.06-10.21.30:964][  0]LogInit: CPU Page size=4096, Cores=4
[2018.12.06-10.21.30:964][  0]LogInit: High frequency timer resolution =3.515624 MHz
[2018.12.06-10.21.30:965][  0]LogMemory: Memory total: Physical=31.7GB (32GB approx)
[2018.12.06-10.21.30:965][  0]LogMemory: Platform Memory Stats for Windows
[2018.12.06-10.21.30:965][  0]LogMemory: Process Physical Memory: 100.98 MB used, 100.98 MB peak
[2018.12.06-10.21.30:965][  0]LogMemory: Process Virtual Memory: 89.40 MB used, 89.40 MB peak
[2018.12.06-10.21.30:965][  0]LogMemory: Physical Memory: 5886.74 MB used,  26601.00 MB free, 32487.75 MB total
[2018.12.06-10.21.30:965][  0]LogMemory: Virtual Memory: 4638.52 MB used,  26601.00 MB free, 134217728.00 MB total
[2018.12.06-10.21.31:000][  0]LogInit: Using OS detected language (en-US).
[2018.12.06-10.21.31:000][  0]LogInit: Using OS detected locale (en-GB).
[2018.12.06-10.21.31:001][  0]LogTextLocalizationManager: No specific localization for 'en-US' exists, so the 'en' localization will be used.
[2018.12.06-10.21.31:407][  0]LogStreaming: Display: Took  0.407s to InitEngineTextLocalization.
[2018.12.06-10.21.31:407][  0]LogInit: Setting process to per monitor DPI aware
[2018.12.06-10.21.31:457][  0]LogSlate: New Slate User Created.  User Index 0, Is Virtual User: 0
[2018.12.06-10.21.31:457][  0]LogSlate: Slate User Registered.  User Index 0, Is Virtual User: 0
[2018.12.06-10.21.31:680][  0]LogHMD: Failed to initialize OpenVR with code 110
[2018.12.06-10.21.31:680][  0]LogD3D11RHI: D3D11 adapters:
[2018.12.06-10.21.31:743][  0]LogD3D11RHI:    0. 'NVIDIA GeForce GTX 1070' (Feature Level 11_0)
[2018.12.06-10.21.31:743][  0]LogD3D11RHI:       8088/0/16243 MB DedicatedVideo/DedicatedSystem/SharedSystem, Outputs:2, VendorId:0x10de
[2018.12.06-10.21.31:745][  0]LogD3D11RHI:    1. 'Microsoft Basic Render Driver' (Feature Level 11_0)
[2018.12.06-10.21.31:745][  0]LogD3D11RHI:       0/0/16243 MB DedicatedVideo/DedicatedSystem/SharedSystem, Outputs:0, VendorId:0x1414
[2018.12.06-10.21.31:745][  0]LogD3D11RHI: Chosen D3D11 Adapter: 0
[2018.12.06-10.21.31:751][  0]LogD3D11RHI: Creating new Direct3DDevice
[2018.12.06-10.21.31:751][  0]LogD3D11RHI:     GPU DeviceId: 0x1b81 (for the marketing name, search the web for "GPU Device Id")
[2018.12.06-10.21.31:751][  0]LogWindows: EnumDisplayDevices:
[2018.12.06-10.21.31:751][  0]LogWindows:    0. 'NVIDIA GeForce GTX 1070' (P:1 D:1)
[2018.12.06-10.21.31:752][  0]LogWindows:    1. 'NVIDIA GeForce GTX 1070' (P:0 D:1)
[2018.12.06-10.21.31:752][  0]LogWindows:    2. 'NVIDIA GeForce GTX 1070' (P:0 D:0)
[2018.12.06-10.21.31:752][  0]LogWindows:    3. 'NVIDIA GeForce GTX 1070' (P:0 D:0)
[2018.12.06-10.21.31:752][  0]LogWindows: DebugString: FoundDriverCount:4 
[2018.12.06-10.21.31:752][  0]LogD3D11RHI:     Adapter Name: NVIDIA GeForce GTX 1070
[2018.12.06-10.21.31:752][  0]LogD3D11RHI:   Driver Version: 399.24 (internal:24.21.13.9924, unified:399.24)
[2018.12.06-10.21.31:752][  0]LogD3D11RHI:      Driver Date: 9-5-2018
[2018.12.06-10.21.31:752][  0]LogRHI: Texture pool is 5661 MB (70% of 8088 MB)
[2018.12.06-10.21.31:786][  0]LogD3D11RHI: Async texture creation enabled
[2018.12.06-10.21.31:802][  0]LogD3D11RHI: GPU Timing Frequency: 1000.000000 (Debug: 2 2)
[2018.12.06-10.21.31:804][  0]LogShaderCompilers: Guid format shader working directory is -10 characters bigger than the processId version (../../../../../../Users/h017026h/TGPPairProject/PairProject/Intermediate/Shaders/WorkingDirectory/2352/).
[2018.12.06-10.21.31:804][  0]LogShaderCompilers: Cleaned the shader compiler working directory 'C:/Users/h017026h/AppData/Local/Temp/UnrealShaderWorkingDir/0FD9DCC34BDB517F37E71A817B8FBD98/'.
[2018.12.06-10.21.32:043][  0]LogTemp: Display: Loaded TP AllDesktopTargetPlatform
[2018.12.06-10.21.32:056][  0]LogTemp: Display: Loaded TP MacClientTargetPlatform
[2018.12.06-10.21.32:069][  0]LogTemp: Display: Loaded TP MacNoEditorTargetPlatform
[2018.12.06-10.21.32:081][  0]LogTemp: Display: Loaded TP MacServerTargetPlatform
[2018.12.06-10.21.32:095][  0]LogTemp: Display: Loaded TP MacTargetPlatform
[2018.12.06-10.21.32:111][  0]LogTemp: Display: Loaded TP WindowsClientTargetPlatform
[2018.12.06-10.21.32:124][  0]LogTemp: Display: Loaded TP WindowsNoEditorTargetPlatform
[2018.12.06-10.21.32:137][  0]LogTemp: Display: Loaded TP WindowsServerTargetPlatform
[2018.12.06-10.21.32:144][  0]LogTemp: Display: Loaded TP WindowsTargetPlatform
[2018.12.06-10.21.32:221][  0]LogTemp: Display: Loaded TP AndroidTargetPlatform
[2018.12.06-10.21.32:221][  0]LogTemp: Display: Loaded TP AndroidTargetPlatform
[2018.12.06-10.21.32:221][  0]LogTemp: Display: Loaded TP AndroidTargetPlatform
[2018.12.06-10.21.32:221][  0]LogTemp: Display: Loaded TP AndroidTargetPlatform
[2018.12.06-10.21.32:221][  0]LogTemp: Display: Loaded TP AndroidTargetPlatform
[2018.12.06-10.21.32:221][  0]LogTemp: Display: Loaded TP AndroidTargetPlatform
[2018.12.06-10.21.32:221][  0]LogTemp: Display: Loaded TP AndroidTargetPlatform
[2018.12.06-10.21.32:221][  0]LogTemp: Display: Loaded TP AndroidTargetPlatform
[2018.12.06-10.21.32:221][  0]LogTemp: Display: Loaded TP AndroidTargetPlatform
[2018.12.06-10.21.32:222][  0]LogTemp: Display: Loaded TP AndroidTargetPlatform
[2018.12.06-10.21.32:222][  0]LogTemp: Display: Loaded TP AndroidTargetPlatform
[2018.12.06-10.21.32:222][  0]LogTemp: Display: Loaded TP AndroidTargetPlatform
[2018.12.06-10.21.32:222][  0]LogTemp: Display: Loaded TP AndroidTargetPlatform
[2018.12.06-10.21.32:222][  0]LogTemp: Display: Loaded TP AndroidTargetPlatform
[2018.12.06-10.21.32:222][  0]LogTemp: Display: Loaded TP AndroidTargetPlatform
[2018.12.06-10.21.32:222][  0]LogTemp: Display: Loaded TP AndroidTargetPlatform
[2018.12.06-10.21.32:222][  0]LogTemp: Display: Loaded TP AndroidTargetPlatform
[2018.12.06-10.21.32:222][  0]LogTemp: Display: Loaded TP AndroidTargetPlatform
[2018.12.06-10.21.32:223][  0]LogTemp: Display: Loaded TP HTML5TargetPlatform
[2018.12.06-10.21.32:311][  0]LogTemp: Display: Loaded TP IOSTargetPlatform
[2018.12.06-10.21.32:311][  0]LogTemp: Display: Loaded TP IOSTargetPlatform
[2018.12.06-10.21.32:344][  0]LogTemp: Display: Loaded TP TVOSTargetPlatform
[2018.12.06-10.21.32:344][  0]LogTemp: Display: Loaded TP TVOSTargetPlatform
[2018.12.06-10.21.32:356][  0]LogTemp: Display: Loaded TP LinuxClientTargetPlatform
[2018.12.06-10.21.32:368][  0]LogTemp: Display: Loaded TP LinuxNoEditorTargetPlatform
[2018.12.06-10.21.32:379][  0]LogTemp: Display: Loaded TP LinuxServerTargetPlatform
[2018.12.06-10.21.32:393][  0]LogTemp: Display: Loaded TP LinuxTargetPlatform
[2018.12.06-10.21.32:402][  0]LogTemp: Display: Loaded TP LuminTargetPlatform
[2018.12.06-10.21.32:402][  0]LogTargetPlatformManager: Display: Building Assets For Windows
[2018.12.06-10.21.32:473][  0]LogXGEController: Cleaning working directory: C:/Users/h017026h/AppData/Local/Temp/UnrealXGEWorkingDir/
[2018.12.06-10.21.32:473][  0]LogXGEController: Cannot use XGE Controller as Incredibuild is not installed on this machine.
[2018.12.06-10.21.32:473][  0]LogShaderCompilers: Cannot use XGE Shader Compiler as Incredibuild is not installed on this machine.
[2018.12.06-10.21.32:473][  0]LogShaderCompilers: Display: Using Local Shader Compiler.
[2018.12.06-10.21.33:303][  0]LogDerivedDataCache: Display: Max Cache Size: 512 MB
[2018.12.06-10.21.33:373][  0]LogDerivedDataCache: Loaded boot cache 0.07s 71MB C:/Users/h017026h/AppData/Local/UnrealEngine/4.20/DerivedDataCache/Boot.ddc.
[2018.12.06-10.21.33:374][  0]LogDerivedDataCache: Display: Loaded Boot cache: C:/Users/h017026h/AppData/Local/UnrealEngine/4.20/DerivedDataCache/Boot.ddc
[2018.12.06-10.21.33:374][  0]LogDerivedDataCache: FDerivedDataBackendGraph:  Pak pak cache file ../../../../../../Users/h017026h/TGPPairProject/PairProject/DerivedDataCache/DDC.ddp not found, will not use a pak cache.
[2018.12.06-10.21.33:374][  0]LogDerivedDataCache: Unable to find inner node Pak for hierarchical cache Hierarchy.
[2018.12.06-10.21.33:374][  0]LogDerivedDataCache: FDerivedDataBackendGraph:  CompressedPak pak cache file ../../../../../../Users/h017026h/TGPPairProject/PairProject/DerivedDataCache/Compressed.ddp not found, will not use a pak cache.
[2018.12.06-10.21.33:374][  0]LogDerivedDataCache: Unable to find inner node CompressedPak for hierarchical cache Hierarchy.
[2018.12.06-10.21.33:389][  0]LogDerivedDataCache: Display: Pak cache opened for reading ../../../Engine/DerivedDataCache/Compressed.ddp.
[2018.12.06-10.21.33:401][  0]LogDerivedDataCache: Using Local data cache path C:/Users/h017026h/AppData/Local/UnrealEngine/Common/DerivedDataCache: Writable
[2018.12.06-10.21.33:401][  0]LogDerivedDataCache: Shared data cache path not found in *engine.ini, will not use an Shared cache.
[2018.12.06-10.21.33:401][  0]LogDerivedDataCache: Unable to find inner node Shared for hierarchical cache Hierarchy.
[2018.12.06-10.21.33:438][  0]LogMaterial: Verifying Global Shaders for PCD3D_SM5
[2018.12.06-10.21.33:439][  0]LogSlate: Using FreeType 2.6.0
[2018.12.06-10.21.33:440][  0]LogSlate: SlateFontServices - WITH_FREETYPE: 1, WITH_HARFBUZZ: 1
[2018.12.06-10.21.33:511][  0]LogAssetRegistry: FAssetRegistry took 0.0273 seconds to start up
[2018.12.06-10.21.33:849][  0]LogInit: Selected Device Profile: [Windows]
[2018.12.06-10.21.34:001][  0]LogSimplygon: Simplygon DLL not present - disabling.
[2018.12.06-10.21.34:009][  0]LogMeshReduction: Using SimplygonSwarm for distributed automatic mesh merging
[2018.12.06-10.21.34:009][  0]LogMeshReduction: Using ProxyLODMeshReduction for automatic mesh merging
[2018.12.06-10.21.34:009][  0]LogMeshReduction: Using QuadricMeshReduction for automatic static mesh reduction
[2018.12.06-10.21.34:009][  0]LogMeshReduction: No automatic skeletal mesh reduction module available
[2018.12.06-10.21.34:031][  0]LogNetVersion: PairProject 1.0.0, NetCL: 4212847, EngineNetVer: 5, GameNetVer: 0 (Checksum: 2248716754)
[2018.12.06-10.21.34:564][  0]LogPackageLocalizationCache: Processed 11 localized package path(s) for 2 prioritized culture(s) in 0.128195 seconds
[2018.12.06-10.21.34:572][  0]LogUObjectArray: 38425 objects as part of root set at end of initial load.
[2018.12.06-10.21.34:572][  0]LogUObjectAllocator: 6690872 out of 0 bytes used by permanent object pool.
[2018.12.06-10.21.34:572][  0]LogUObjectArray: CloseDisregardForGC: 0/0 objects in disregard for GC pool
[2018.12.06-10.21.35:459][  0]LogTcpMessaging: Initializing TcpMessaging bridge
[2018.12.06-10.21.35:472][  0]LogUdpMessaging: Initializing bridge on interface 0.0.0.0:0 to multicast group 230.0.0.1:6666.
[2018.12.06-10.21.35:639][  0]SourceControl: Source control is disabled
[2018.12.06-10.21.35:639][  0]SourceControl: Source control is disabled
[2018.12.06-10.21.35:640][  0]SourceControl: Source control is disabled
[2018.12.06-10.21.35:641][  0]SourceControl: Source control is disabled
[2018.12.06-10.21.35:833][  0]LogAndroidPermission: UAndroidPermissionCallbackProxy::GetInstance
[2018.12.06-10.21.35:890][  0]LogOcInput: OculusInput pre-init called
[2018.12.06-10.21.35:956][  0]LogEngine: Initializing Engine...
[2018.12.06-10.21.35:956][  0]LogHMD: Failed to initialize OpenVR with code 110
[2018.12.06-10.21.35:958][  0]LogStats: UGameplayTagsManager::ConstructGameplayTagTree: ImportINI prefixes -  0.000 s
[2018.12.06-10.21.35:958][  0]LogStats: UGameplayTagsManager::ConstructGameplayTagTree: Construct from data asset -  0.000 s
[2018.12.06-10.21.35:958][  0]LogStats: UGameplayTagsManager::ConstructGameplayTagTree: ImportINI -  0.000 s
[2018.12.06-10.21.35:958][  0]LogStats: UGameplayTagsManager::ConstructGameplayTagTree: GameplayTagTreeChangedEvent.Broadcast -  0.000 s
[2018.12.06-10.21.36:200][  0]LogInit: Initializing FReadOnlyCVARCache
[2018.12.06-10.21.36:213][  0]LogAIModule: Creating AISystem for world Untitled
[2018.12.06-10.21.36:221][  0]LogInit: XAudio2 using 'Speakers (2- High Definition Audio Device)' : 2 channels at 48 kHz using 16 bits per sample (channel mask 0x3)
[2018.12.06-10.21.36:246][  0]LogInit: FAudioDevice initialized.
[2018.12.06-10.21.36:246][  0]LogNetVersion: Set ProjectVersion to 1.0.0.0. Version Checksum will be recalculated on next use.
[2018.12.06-10.21.36:291][  0]LogDerivedDataCache: Saved boot cache 0.05s 71MB C:/Users/h017026h/AppData/Local/UnrealEngine/4.20/DerivedDataCache/Boot.ddc.
[2018.12.06-10.21.36:311][  0]LogInit: Texture streaming: Enabled
[2018.12.06-10.21.36:329][  0]LogEngineSessionManager: EngineSessionManager initialized
[2018.12.06-10.21.36:329][  0]LogEngineSessionManager: EngineSessionManager sent abnormal shutdown report. Type=Crashed, SessionId={DD673711-4408-142D-C834-78BA3B70CCF7}
[2018.12.06-10.21.36:348][  0]LogInit: Transaction tracking system initialized
[2018.12.06-10.21.36:374][  0]BlueprintLog: New page: Editor Load
[2018.12.06-10.21.36:453][  0]LocalizationService: Localization service is disabled
[2018.12.06-10.21.36:815][  0]LogCook: Display: Max memory allowance for cook 16384mb min free memory 0mb
[2018.12.06-10.21.36:815][  0]LogCook: Display: Mobile HDR setting 1
[2018.12.06-10.21.36:815][  0]LogGameplayTags: Display: UGameplayTagsManager::DoneAddingNativeTags. DelegateIsBound: 0
[2018.12.06-10.21.36:815][  0]LogStats: UGameplayTagsManager::ConstructGameplayTagTree: ImportINI prefixes -  0.000 s
[2018.12.06-10.21.36:815][  0]LogStats: UGameplayTagsManager::ConstructGameplayTagTree: Construct from data asset -  0.000 s
[2018.12.06-10.21.36:815][  0]LogFileCache: Scanning file cache for directory 'C:/Users/h017026h/TGPPairProject/PairProject/Content/' took 0.01s
[2018.12.06-10.21.36:816][  0]LogStats: UGameplayTagsManager::ConstructGameplayTagTree: ImportINI -  0.000 s
[2018.12.06-10.21.36:816][  0]LogStats: UGameplayTagsManager::ConstructGameplayTagTree: GameplayTagTreeChangedEvent.Broadcast -  0.000 s
[2018.12.06-10.21.36:936][  0]SourceControl: Source control is disabled
[2018.12.06-10.21.37:030][  0]LogWindowsTextInputMethodSystem: Display: IME system now deactivated.
[2018.12.06-10.21.37:032][  0]LogSlate: Took 0.000202 seconds to synchronously load lazily loaded font '../../../Engine/Content/Slate/Fonts/Roboto-Regular.ttf' (155K)
[2018.12.06-10.21.47:844][  0]LogSlate: Window 'Restore Packages' being destroyed
[2018.12.06-10.21.47:844][  0]LogWindowsTextInputMethodSystem: Display: IME system now deactivated.
[2018.12.06-10.21.47:847][  0]LogWindowsTextInputMethodSystem: Display: IME system now deactivated.
[2018.12.06-10.21.52:182][  0]LogSlate: Window 'Unable to Check Out From Source Control!' being destroyed
[2018.12.06-10.21.52:182][  0]LogWindowsTextInputMethodSystem: Display: IME system now deactivated.
[2018.12.06-10.21.52:184][  0]LogWindowsTextInputMethodSystem: Display: IME system now deactivated.
[2018.12.06-10.21.52:201][  0]Cmd: MAP LOAD FILE="../../../Engine/Content/Maps/Templates/Template_Default.umap" TEMPLATE=1 SHOWPROGRESS=1 FEATURELEVEL=3
[2018.12.06-10.21.52:201][  0]LightingResults: New page: Lighting Build
[2018.12.06-10.21.52:206][  0]MapCheck: New page: Map Check
[2018.12.06-10.21.52:206][  0]LightingResults: New page: Lighting Build
[2018.12.06-10.21.52:371][  0]LogAIModule: Creating AISystem for world Untitled_1
[2018.12.06-10.21.52:382][  0]LogEditorServer: Finished looking for orphan Actors (0.000 secs)
[2018.12.06-10.21.52:415][  0]Cmd: MAP CHECKDEP NOCLEARLOG
[2018.12.06-10.21.52:529][  0]MapCheck: Map check complete: 0 Error(s), 0 Warning(s), took 114.687ms to complete.
[2018.12.06-10.21.52:529][  0]LogFileHelpers: Loading map 'Template_Default' took 0.329
[2018.12.06-10.21.52:596][  0]LogSlate: Updating window title bar state: overlay mode, drag disabled, window buttons hidden, title bar hidden
[2018.12.06-10.21.52:612][  0]LogSlate: Updating window title bar state: overlay mode, drag disabled, window buttons hidden, title bar hidden
[2018.12.06-10.21.52:622][  0]LogSlate: Updating window title bar state: overlay mode, drag disabled, window buttons hidden, title bar hidden
[2018.12.06-10.21.52:628][  0]LogSlate: Updating window title bar state: overlay mode, drag disabled, window buttons hidden, title bar hidden
[2018.12.06-10.21.52:635][  0]LogCollectionManager: Loaded 0 collections in 0.002101 seconds
[2018.12.06-10.21.52:690][  0]LogFileCache: Scanning file cache for directory 'C:/Users/h017026h/TGPPairProject/PairProject/Saved/Collections/' took 0.01s
[2018.12.06-10.21.52:691][  0]LogFileCache: Scanning file cache for directory 'C:/Users/h017026h/TGPPairProject/PairProject/Content/Developers/h017026h/Collections/' took 0.01s
[2018.12.06-10.21.52:691][  0]LogFileCache: Scanning file cache for directory 'C:/Users/h017026h/TGPPairProject/PairProject/Content/Collections/' took 0.01s
[2018.12.06-10.21.52:691][  0]LogCollectionManager: Rebuilt the GUID cache for 0 collections in 0.000001 seconds
[2018.12.06-10.21.52:704][  0]LogContentBrowser: Native class hierarchy populated in 0.0128 seconds. Added 2577 classes and 606 folders.
[2018.12.06-10.21.52:712][  0]LogContentBrowser: Native class hierarchy updated for 'WidgetCarousel' in 0.0004 seconds. Added 0 classes and 0 folders.
[2018.12.06-10.21.52:766][  0]LogContentBrowser: Native class hierarchy updated for 'AddContentDialog' in 0.0004 seconds. Added 0 classes and 0 folders.
[2018.12.06-10.21.52:771][  0]LogContentBrowser: Native class hierarchy updated for 'SceneOutliner' in 0.0004 seconds. Added 1 classes and 2 folders.
[2018.12.06-10.21.52:785][  0]LogSlate: Took 0.000370 seconds to synchronously load lazily loaded font '../../../Engine/Content/Slate/Fonts/Roboto-Bold.ttf' (160K)
[2018.12.06-10.21.52:799][  0]LogSlate: Took 0.000512 seconds to synchronously load lazily loaded font '../../../Engine/Content/Editor/Slate/Fonts/FontAwesome.ttf' (139K)
[2018.12.06-10.21.52:867][  0]LogRenderer: Reallocating scene render targets to support 1168x576 Format 10 NumSamples 1 (Frame:1).
[2018.12.06-10.21.52:914][  0]LogSlate: Took 0.000220 seconds to synchronously load lazily loaded font '../../../Engine/Content/Slate/Fonts/Roboto-Light.ttf' (167K)
[2018.12.06-10.21.52:977][  0]LogContentBrowser: Native class hierarchy updated for 'HierarchicalLODOutliner' in 0.0004 seconds. Added 0 classes and 0 folders.
[2018.12.06-10.21.52:977][  0]LogLoad: (Engine Initialization) Total time: 24.15 seconds
[2018.12.06-10.21.52:977][  0]LogLoad: (Engine Initialization) Total Blueprint compile time: 0.00 seconds
[2018.12.06-10.21.53:010][  0]LogContentStreaming: Texture pool size now 1000 MB
[2018.12.06-10.21.53:055][  1]LogAssetRegistry: Asset discovery search completed in 19.5659 seconds
[2018.12.06-10.21.53:056][  1]LogCollectionManager: Rebuilt the object cache for 0 collections in 0.000000 seconds (found 0 objects)
[2018.12.06-10.21.53:056][  1]LogCollectionManager: Fixed up redirectors for 0 collections in 0.000052 seconds (updated 0 objects)
[2018.12.06-10.21.54:032][107]LogSlate: Took 0.000274 seconds to synchronously load lazily loaded font '../../../Engine/Content/Slate/Fonts/Roboto-Light.ttf' (167K)
[2018.12.06-10.21.57:251][490]LogSlate: FSceneViewport::OnFocusLost() reason 0
[2018.12.06-10.21.57:443][511]LogAssetEditorManager: Opening Asset editor for Class /Script/PairProject.BaseCharacter
[2018.12.06-10.22.04:341][679]LogVSAccessor: Warning: Couldn't goto line number '1' in 'C:/Users/h017026h/TGPPairProject/PairProject/Source/PairProject/Private/BaseCharacter.cpp'
[2018.12.06-10.22.10:063][697]LogEditorViewport: Clicking on Actor (LMB): BP_Sky_Sphere_C (Sky Sphere)
[2018.12.06-10.22.11:089][802]LogSlate: FSceneViewport::OnFocusLost() reason 2
[2018.12.06-10.22.15:722][319]LogSlate: Prevented a slow task dialog from being summoned while a context menu was open
[2018.12.06-10.22.28:362][721]LogEditorViewport: Clicking on Actor (LMB): BP_Sky_Sphere_C (Sky Sphere)
[2018.12.06-10.22.35:746][590]LogEditorViewport: Clicking on Actor (LMB): PlayerStart (Player Start)
[2018.12.06-10.22.38:096][865]Cmd: DELETE
[2018.12.06-10.22.38:096][865]Cmd: ACTOR DELETE
[2018.12.06-10.22.38:100][865]LogEditorActor: Deleted Actor: PlayerStart
[2018.12.06-10.22.38:132][865]LogEditorActor: Deleted 1 Actors (0.036 secs)
[2018.12.06-10.22.42:399][374]LogSlate: FSceneViewport::OnFocusLost() reason 0
[2018.12.06-10.22.46:803][863]LogSlate: FSceneViewport::OnFocusLost() reason 0
[2018.12.06-10.22.51:122][317]LogEditorViewport: Clicking on Actor (LMB): MyBPBaseCharacter_C (MyBPBaseCharacter)
[2018.12.06-10.22.55:700][803]LogSlate: FSceneViewport::OnFocusLost() reason 0
[2018.12.06-10.22.55:774][812]LogTemp: Repeating last play command: Selected Viewport
[2018.12.06-10.22.55:808][812]LogPlayLevel: PlayLevel: No blueprints needed recompiling
[2018.12.06-10.22.55:821][812]PIE: New page: PIE session: Untitled_1 (6 Dec 2018 10:22:55)
[2018.12.06-10.22.55:821][812]LogPlayLevel: Creating play world package: /Temp/UEDPIE_0_Untitled_1
[2018.12.06-10.22.55:825][812]LogPlayLevel: PIE: StaticDuplicateObject took: (0.003708s)
[2018.12.06-10.22.55:826][812]LogAIModule: Creating AISystem for world Untitled_1
[2018.12.06-10.22.55:826][812]LogPlayLevel: PIE: World Init took: (0.001097s)
[2018.12.06-10.22.55:826][812]LogPlayLevel: PIE: Created PIE world by copying editor world from /Temp/Untitled_1.Untitled_1 to /Temp/UEDPIE_0_Untitled_1.Untitled_1 (0.005042s)
[2018.12.06-10.22.55:904][812]LogInit: XAudio2 using 'Speakers (2- High Definition Audio Device)' : 2 channels at 48 kHz using 16 bits per sample (channel mask 0x3)
[2018.12.06-10.22.55:925][812]LogInit: FAudioDevice initialized.
[2018.12.06-10.22.55:973][812]LogLoad: Game class is 'TestGameMode_C'
[2018.12.06-10.22.55:978][812]LogWorld: Bringing World /Temp/UEDPIE_0_Untitled_1.Untitled_1 up for play (max tick rate 0) at 2018.12.06-10.22.55
[2018.12.06-10.22.55:978][812]LogWorld: Bringing up level for play took: 0.001987
[2018.12.06-10.22.56:006][812]LogContentBrowser: Native class hierarchy updated for 'MovieSceneCapture' in 0.0010 seconds. Added 10 classes and 0 folders.
[2018.12.06-10.22.56:008][812]PIE: Play in editor start time for /Temp/UEDPIE_0_Untitled_1 0.675
[2018.12.06-10.23.00:934][396]LogSlate: Updating window title bar state: overlay mode, drag disabled, window buttons hidden, title bar hidden
[2018.12.06-10.23.00:971][396]LogPlayLevel: Display: Shutting down PIE online subsystems
[2018.12.06-10.23.01:005][396]LogSlate: Updating window title bar state: overlay mode, drag disabled, window buttons hidden, title bar hidden
[2018.12.06-10.23.01:038][399]LogPlayLevel: Display: Destroying online subsystem :Context_2
[2018.12.06-10.23.08:521][857]LogEditorViewport: Clicking on Actor (LMB): BP_Sky_Sphere_C (Sky Sphere)
[2018.12.06-10.23.12:599][304]LogEditorViewport: Clicking on Actor (LMB): MyBPBaseCharacter_C (MyBPBaseCharacter2)
[2018.12.06-10.23.13:596][394]Cmd: DELETE
[2018.12.06-10.23.13:597][394]Cmd: ACTOR DELETE
[2018.12.06-10.23.13:599][394]LogEditorActor: Deleted Actor: MyBPBaseCharacter_C
[2018.12.06-10.23.13:680][394]LogEditorActor: Deleted 1 Actors (0.084 secs)
[2018.12.06-10.23.14:339][472]LogEditorViewport: Clicking on Actor (LMB): MyBPBaseCharacter_C (MyBPBaseCharacter)
[2018.12.06-10.23.14:627][484]Cmd: DELETE
[2018.12.06-10.23.14:627][484]Cmd: ACTOR DELETE
[2018.12.06-10.23.14:629][484]LogEditorActor: Deleted Actor: MyBPBaseCharacter_C
[2018.12.06-10.23.14:704][484]LogEditorActor: Deleted 1 Actors (0.077 secs)
[2018.12.06-10.28.50:400][623]LogHotReload: New module detected: UE4Editor-PairProject-1081.dll
[2018.12.06-10.28.51:748][628]LogHotReload: Starting Hot-Reload from IDE
[2018.12.06-10.28.51:822][628]LogHotReload: Re-instancing BaseCharacter after hot-reload.
[2018.12.06-10.28.51:964][628]LogContentBrowser: Native class hierarchy updated for 'PairProject' in 0.0005 seconds. Added 5 classes and 3 folders.
[2018.12.06-10.28.51:967][628]Display: HotReload successful (0 functions remapped  0 scriptstructs remapped)
[2018.12.06-10.28.52:108][628]LogContentBrowser: Native class hierarchy populated in 0.0090 seconds. Added 2578 classes and 608 folders.
[2018.12.06-10.28.52:113][628]Display: HotReload took  0.4s.
[2018.12.06-10.28.57:942][646]LogSlate: FSceneViewport::OnFocusLost() reason 0
[2018.12.06-10.29.01:792][ 70]LogSlate: FSceneViewport::OnFocusLost() reason 0
[2018.12.06-10.29.04:478][351]LogSlate: FSceneViewport::OnFocusLost() reason 0
[2018.12.06-10.29.07:392][646]LogSlate: FSceneViewport::OnFocusLost() reason 0
[2018.12.06-10.29.07:458][654]LogTemp: Repeating last play command: Selected Viewport
[2018.12.06-10.29.07:491][654]LogPlayLevel: PlayLevel: No blueprints needed recompiling
[2018.12.06-10.29.07:491][654]PIE: New page: PIE session: Untitled_1 (6 Dec 2018 10:29:07)
[2018.12.06-10.29.07:491][654]LogPlayLevel: Creating play world package: /Temp/UEDPIE_0_Untitled_1
[2018.12.06-10.29.07:494][654]LogPlayLevel: PIE: StaticDuplicateObject took: (0.002636s)
[2018.12.06-10.29.07:494][654]LogAIModule: Creating AISystem for world Untitled_1
[2018.12.06-10.29.07:495][654]LogPlayLevel: PIE: World Init took: (0.000806s)
[2018.12.06-10.29.07:495][654]LogPlayLevel: PIE: Created PIE world by copying editor world from /Temp/Untitled_1.Untitled_1 to /Temp/UEDPIE_0_Untitled_1.Untitled_1 (0.003580s)
[2018.12.06-10.29.07:567][654]LogInit: XAudio2 using 'Speakers (2- High Definition Audio Device)' : 2 channels at 48 kHz using 16 bits per sample (channel mask 0x3)
[2018.12.06-10.29.07:587][654]LogInit: FAudioDevice initialized.
[2018.12.06-10.29.07:626][654]LogLoad: Game class is 'TestGameMode_C'
[2018.12.06-10.29.07:629][654]LogWorld: Bringing World /Temp/UEDPIE_0_Untitled_1.Untitled_1 up for play (max tick rate 0) at 2018.12.06-10.29.07
[2018.12.06-10.29.07:629][654]LogWorld: Bringing up level for play took: 0.001876
[2018.12.06-10.29.07:643][654]PIE: Play in editor start time for /Temp/UEDPIE_0_Untitled_1 0.312
[2018.12.06-10.29.13:818][390]LogSlate: Updating window title bar state: overlay mode, drag disabled, window buttons hidden, title bar hidden
[2018.12.06-10.29.13:856][390]LogPlayLevel: Display: Shutting down PIE online subsystems
[2018.12.06-10.29.13:903][390]LogSlate: Updating window title bar state: overlay mode, drag disabled, window buttons hidden, title bar hidden
[2018.12.06-10.29.13:922][391]LogPlayLevel: Display: Destroying online subsystem :Context_3
[2018.12.06-10.29.28:521][133]LogSlate: FSceneViewport::OnFocusLost() reason 2
[2018.12.06-10.29.36:316][992]LogAssetEditorManager: Opening Asset editor for LevelScriptBlueprint /Temp/Untitled_1.Untitled_1:PersistentLevel.Untitled
[2018.12.06-10.29.36:899][992]LogContentBrowser: Native class hierarchy updated for 'BlueprintGraph' in 0.0009 seconds. Added 116 classes and 0 folders.
[2018.12.06-10.29.37:918][992]LogSlate: Took 0.000181 seconds to synchronously load lazily loaded font '../../../Engine/Content/Slate/Fonts/Roboto-BoldCondensed.ttf' (158K)
[2018.12.06-10.29.49:395][ 25]LogSlate: Took 0.000266 seconds to synchronously load lazily loaded font '../../../Engine/Content/Slate/Fonts/Roboto-Italic.ttf' (157K)
[2018.12.06-10.32.15:567][ 74]BlueprintLog: New page: Compile Untitled
[2018.12.06-10.32.17:030][211]LogTemp: Repeating last play command: Selected Viewport
[2018.12.06-10.32.17:047][211]LogBlueprintUserMessages: Early PlayInEditor Detection: Level '/Temp/Untitled_1.Untitled_1:PersistentLevel' has LevelScriptBlueprint '/Temp/Untitled_1.Untitled_1:PersistentLevel.Untitled' with GeneratedClass '/Temp/Untitled_1.Untitled_C' with ClassGeneratedBy '/Temp/Untitled_1.Untitled_1:PersistentLevel.Untitled'
[2018.12.06-10.32.17:047][211]LogPlayLevel: PlayLevel: No blueprints needed recompiling
[2018.12.06-10.32.17:047][211]PIE: New page: PIE session: Untitled_1 (6 Dec 2018 10:32:17)
[2018.12.06-10.32.17:047][211]LogPlayLevel: Creating play world package: /Temp/UEDPIE_0_Untitled_1
[2018.12.06-10.32.17:050][211]LogPlayLevel: PIE: StaticDuplicateObject took: (0.002820s)
[2018.12.06-10.32.17:050][211]LogAIModule: Creating AISystem for world Untitled_1
[2018.12.06-10.32.17:051][211]LogPlayLevel: PIE: World Init took: (0.000752s)
[2018.12.06-10.32.17:051][211]LogPlayLevel: PIE: Created PIE world by copying editor world from /Temp/Untitled_1.Untitled_1 to /Temp/UEDPIE_0_Untitled_1.Untitled_1 (0.003697s)
[2018.12.06-10.32.17:153][211]LogInit: XAudio2 using 'Speakers (2- High Definition Audio Device)' : 2 channels at 48 kHz using 16 bits per sample (channel mask 0x3)
[2018.12.06-10.32.17:177][211]LogInit: FAudioDevice initialized.
[2018.12.06-10.32.17:220][211]LogLoad: Game class is 'TestGameMode_C'
[2018.12.06-10.32.17:225][211]LogWorld: Bringing World /Temp/UEDPIE_0_Untitled_1.Untitled_1 up for play (max tick rate 0) at 2018.12.06-10.32.17
[2018.12.06-10.32.17:225][211]LogWorld: Bringing up level for play took: 0.003450
[2018.12.06-10.32.17:240][211]PIE: Play in editor start time for /Temp/UEDPIE_0_Untitled_1 -0.09
[2018.12.06-10.32.17:241][211]LogBlueprintUserMessages: Late PlayInEditor Detection: Level '/Temp/Untitled_1.Untitled_1:PersistentLevel' has LevelScriptBlueprint '/Temp/Untitled_1.Untitled_1:PersistentLevel.Untitled' with GeneratedClass '/Temp/Untitled_1.Untitled_C' with ClassGeneratedBy '/Temp/Untitled_1.Untitled_1:PersistentLevel.Untitled'
[2018.12.06-10.32.19:995][511]LogSlate: Window 'Untitled* - Level Blueprint Editor' being destroyed
[2018.12.06-10.32.28:467][524]LogBlueprintUserMessages: Early EndPlayMap Detection: Level '/Temp/Untitled_1.Untitled_1:PersistentLevel' has LevelScriptBlueprint '/Temp/Untitled_1.Untitled_1:PersistentLevel.Untitled' with GeneratedClass '/Temp/Untitled_1.Untitled_C' with ClassGeneratedBy '/Temp/Untitled_1.Untitled_1:PersistentLevel.Untitled'
[2018.12.06-10.32.28:468][524]LogSlate: Updating window title bar state: overlay mode, drag disabled, window buttons hidden, title bar hidden
[2018.12.06-10.32.28:516][524]LogPlayLevel: Display: Shutting down PIE online subsystems
[2018.12.06-10.32.28:516][524]LogBlueprintUserMessages: Late EndPlayMap Detection: Level '/Temp/Untitled_1.Untitled_1:PersistentLevel' has LevelScriptBlueprint '/Temp/Untitled_1.Untitled_1:PersistentLevel.Untitled' with GeneratedClass '/Temp/Untitled_1.Untitled_C' with ClassGeneratedBy '/Temp/Untitled_1.Untitled_1:PersistentLevel.Untitled'
[2018.12.06-10.32.28:565][524]LogSlate: Updating window title bar state: overlay mode, drag disabled, window buttons hidden, title bar hidden
[2018.12.06-10.32.28:588][525]LogPlayLevel: Display: Destroying online subsystem :Context_5
[2018.12.06-10.32.34:633][241]LogEditorViewport: Clicking on Actor (LMB): MyBPBaseCharacter_C (MyBPBaseCharacter2)
[2018.12.06-10.32.49:179][889]LogSlate: FSceneViewport::OnFocusLost() reason 0
[2018.12.06-10.32.49:292][902]LogTemp: Repeating last play command: Selected Viewport
[2018.12.06-10.32.49:309][902]LogBlueprintUserMessages: Early PlayInEditor Detection: Level '/Temp/Untitled_1.Untitled_1:PersistentLevel' has LevelScriptBlueprint '/Temp/Untitled_1.Untitled_1:PersistentLevel.Untitled' with GeneratedClass '/Temp/Untitled_1.Untitled_C' with ClassGeneratedBy '/Temp/Untitled_1.Untitled_1:PersistentLevel.Untitled'
[2018.12.06-10.32.49:309][902]LogPlayLevel: PlayLevel: No blueprints needed recompiling
[2018.12.06-10.32.49:309][902]PIE: New page: PIE session: Untitled_1 (6 Dec 2018 10:32:49)
[2018.12.06-10.32.49:309][902]LogPlayLevel: Creating play world package: /Temp/UEDPIE_0_Untitled_1
[2018.12.06-10.32.49:312][902]LogPlayLevel: PIE: StaticDuplicateObject took: (0.002928s)
[2018.12.06-10.32.49:313][902]LogAIModule: Creating AISystem for world Untitled_1
[2018.12.06-10.32.49:313][902]LogPlayLevel: PIE: World Init took: (0.000710s)
[2018.12.06-10.32.49:313][902]LogPlayLevel: PIE: Created PIE world by copying editor world from /Temp/Untitled_1.Untitled_1 to /Temp/UEDPIE_0_Untitled_1.Untitled_1 (0.003766s)
[2018.12.06-10.32.49:382][902]LogInit: XAudio2 using 'Speakers (2- High Definition Audio Device)' : 2 channels at 48 kHz using 16 bits per sample (channel mask 0x3)
[2018.12.06-10.32.49:391][902]LogInit: FAudioDevice initialized.
[2018.12.06-10.32.49:426][902]LogLoad: Game class is 'TestGameMode_C'
[2018.12.06-10.32.49:428][902]LogWorld: Bringing World /Temp/UEDPIE_0_Untitled_1.Untitled_1 up for play (max tick rate 0) at 2018.12.06-10.32.49
[2018.12.06-10.32.49:429][902]LogWorld: Bringing up level for play took: 0.001883
[2018.12.06-10.32.49:443][902]PIE: Play in editor start time for /Temp/UEDPIE_0_Untitled_1 0.113
[2018.12.06-10.32.49:443][902]LogBlueprintUserMessages: Late PlayInEditor Detection: Level '/Temp/Untitled_1.Untitled_1:PersistentLevel' has LevelScriptBlueprint '/Temp/Untitled_1.Untitled_1:PersistentLevel.Untitled' with GeneratedClass '/Temp/Untitled_1.Untitled_C' with ClassGeneratedBy '/Temp/Untitled_1.Untitled_1:PersistentLevel.Untitled'
[2018.12.06-10.32.55:128][576]LogBlueprintUserMessages: Early EndPlayMap Detection: Level '/Temp/Untitled_1.Untitled_1:PersistentLevel' has LevelScriptBlueprint '/Temp/Untitled_1.Untitled_1:PersistentLevel.Untitled' with GeneratedClass '/Temp/Untitled_1.Untitled_C' with ClassGeneratedBy '/Temp/Untitled_1.Untitled_1:PersistentLevel.Untitled'
[2018.12.06-10.32.55:128][576]LogSlate: Updating window title bar state: overlay mode, drag disabled, window buttons hidden, title bar hidden
[2018.12.06-10.32.55:168][576]LogPlayLevel: Display: Shutting down PIE online subsystems
[2018.12.06-10.32.55:168][576]LogBlueprintUserMessages: Late EndPlayMap Detection: Level '/Temp/Untitled_1.Untitled_1:PersistentLevel' has LevelScriptBlueprint '/Temp/Untitled_1.Untitled_1:PersistentLevel.Untitled' with GeneratedClass '/Temp/Untitled_1.Untitled_C' with ClassGeneratedBy '/Temp/Untitled_1.Untitled_1:PersistentLevel.Untitled'
[2018.12.06-10.32.55:223][576]LogSlate: Updating window title bar state: overlay mode, drag disabled, window buttons hidden, title bar hidden
[2018.12.06-10.32.55:241][577]LogPlayLevel: Display: Destroying online subsystem :Context_6
[2018.12.06-10.33.02:531][436]LogSlate: FSceneViewport::OnFocusLost() reason 2
[2018.12.06-10.33.13:256][695]LogTextFormatter: Warning: Failed to parse argument "ExistingAsset" as a number (using "0" as a fallback). Please check your format string for errors: "{ExistingAsset} already exists. Do you want to replace it?".
[2018.12.06-10.33.14:764][695]LogSlate: Window 'Message' being destroyed
[2018.12.06-10.33.14:768][695]LogSlate: Window 'Save Level As' being destroyed
[2018.12.06-10.33.15:368][695]LogSavePackage: Moving '../../../../../../Users/h017026h/TGPPairProject/PairProject/Saved/CameraSwitchLevelTest63FC69CC44582F6FD8CFAF87709F796E.tmp' to '../../../../../../Users/h017026h/TGPPairProject/PairProject/Content/CameraSwitchLevelTest.umap'
[2018.12.06-10.33.15:425][695]LogFileHelpers: Saving map 'CameraSwitchLevelTest' took 0.650
[2018.12.06-10.33.20:532][300]LogTemp: Repeating last play command: Selected Viewport
[2018.12.06-10.33.20:548][300]LogBlueprintUserMessages: Early PlayInEditor Detection: Level '/Game/CameraSwitchLevelTest.CameraSwitchLevelTest:PersistentLevel' has LevelScriptBlueprint '/Game/CameraSwitchLevelTest.CameraSwitchLevelTest:PersistentLevel.CameraSwitchLevelTest' with GeneratedClass '/Game/CameraSwitchLevelTest.CameraSwitchLevelTest_C' with ClassGeneratedBy '/Game/CameraSwitchLevelTest.CameraSwitchLevelTest:PersistentLevel.CameraSwitchLevelTest'
[2018.12.06-10.33.20:548][300]LogPlayLevel: PlayLevel: No blueprints needed recompiling
[2018.12.06-10.33.20:548][300]PIE: New page: PIE session: CameraSwitchLevelTest (6 Dec 2018 10:33:20)
[2018.12.06-10.33.20:548][300]LogPlayLevel: Creating play world package: /Game/UEDPIE_0_CameraSwitchLevelTest
[2018.12.06-10.33.20:551][300]LogPlayLevel: PIE: StaticDuplicateObject took: (0.002854s)
[2018.12.06-10.33.20:552][300]LogAIModule: Creating AISystem for world CameraSwitchLevelTest
[2018.12.06-10.33.20:552][300]LogPlayLevel: PIE: World Init took: (0.000697s)
[2018.12.06-10.33.20:552][300]LogPlayLevel: PIE: Created PIE world by copying editor world from /Game/CameraSwitchLevelTest.CameraSwitchLevelTest to /Game/UEDPIE_0_CameraSwitchLevelTest.CameraSwitchLevelTest (0.003684s)
[2018.12.06-10.33.20:584][300]LogInit: XAudio2 using 'Speakers (2- High Definition Audio Device)' : 2 channels at 48 kHz using 16 bits per sample (channel mask 0x3)
[2018.12.06-10.33.20:592][300]LogInit: FAudioDevice initialized.
[2018.12.06-10.33.20:631][300]LogLoad: Game class is 'TestGameMode_C'
[2018.12.06-10.33.20:634][300]LogWorld: Bringing World /Game/UEDPIE_0_CameraSwitchLevelTest.CameraSwitchLevelTest up for play (max tick rate 0) at 2018.12.06-10.33.20
[2018.12.06-10.33.20:634][300]LogWorld: Bringing up level for play took: 0.002450
[2018.12.06-10.33.20:649][300]PIE: Play in editor start time for /Game/UEDPIE_0_CameraSwitchLevelTest -0.68
[2018.12.06-10.33.20:649][300]LogBlueprintUserMessages: Late PlayInEditor Detection: Level '/Game/CameraSwitchLevelTest.CameraSwitchLevelTest:PersistentLevel' has LevelScriptBlueprint '/Game/CameraSwitchLevelTest.CameraSwitchLevelTest:PersistentLevel.CameraSwitchLevelTest' with GeneratedClass '/Game/CameraSwitchLevelTest.CameraSwitchLevelTest_C' with ClassGeneratedBy '/Game/CameraSwitchLevelTest.CameraSwitchLevelTest:PersistentLevel.CameraSwitchLevelTest'
[2018.12.06-10.33.26:576][  4]LogBlueprintUserMessages: Early EndPlayMap Detection: Level '/Game/CameraSwitchLevelTest.CameraSwitchLevelTest:PersistentLevel' has LevelScriptBlueprint '/Game/CameraSwitchLevelTest.CameraSwitchLevelTest:PersistentLevel.CameraSwitchLevelTest' with GeneratedClass '/Game/CameraSwitchLevelTest.CameraSwitchLevelTest_C' with ClassGeneratedBy '/Game/CameraSwitchLevelTest.CameraSwitchLevelTest:PersistentLevel.CameraSwitchLevelTest'
[2018.12.06-10.33.26:576][  4]LogSlate: Updating window title bar state: overlay mode, drag disabled, window buttons hidden, title bar hidden
[2018.12.06-10.33.26:613][  4]LogPlayLevel: Display: Shutting down PIE online subsystems
[2018.12.06-10.33.26:613][  4]LogBlueprintUserMessages: Late EndPlayMap Detection: Level '/Game/CameraSwitchLevelTest.CameraSwitchLevelTest:PersistentLevel' has LevelScriptBlueprint '/Game/CameraSwitchLevelTest.CameraSwitchLevelTest:PersistentLevel.CameraSwitchLevelTest' with GeneratedClass '/Game/CameraSwitchLevelTest.CameraSwitchLevelTest_C' with ClassGeneratedBy '/Game/CameraSwitchLevelTest.CameraSwitchLevelTest:PersistentLevel.CameraSwitchLevelTest'
[2018.12.06-10.33.26:665][  4]LogSlate: Updating window title bar state: overlay mode, drag disabled, window buttons hidden, title bar hidden
[2018.12.06-10.33.26:685][  5]LogPlayLevel: Display: Destroying online subsystem :Context_7
[2018.12.06-10.33.28:349][203]LogSlate: FSceneViewport::OnFocusLost() reason 0
[2018.12.06-10.33.28:474][218]LogTemp: Repeating last play command: Selected Viewport
[2018.12.06-10.33.28:492][218]LogBlueprintUserMessages: Early PlayInEditor Detection: Level '/Game/CameraSwitchLevelTest.CameraSwitchLevelTest:PersistentLevel' has LevelScriptBlueprint '/Game/CameraSwitchLevelTest.CameraSwitchLevelTest:PersistentLevel.CameraSwitchLevelTest' with GeneratedClass '/Game/CameraSwitchLevelTest.CameraSwitchLevelTest_C' with ClassGeneratedBy '/Game/CameraSwitchLevelTest.CameraSwitchLevelTest:PersistentLevel.CameraSwitchLevelTest'
[2018.12.06-10.33.28:492][218]LogPlayLevel: PlayLevel: No blueprints needed recompiling
[2018.12.06-10.33.28:492][218]PIE: New page: PIE session: CameraSwitchLevelTest (6 Dec 2018 10:33:28)
[2018.12.06-10.33.28:492][218]LogPlayLevel: Creating play world package: /Game/UEDPIE_0_CameraSwitchLevelTest
[2018.12.06-10.33.28:495][218]LogPlayLevel: PIE: StaticDuplicateObject took: (0.002795s)
[2018.12.06-10.33.28:495][218]LogAIModule: Creating AISystem for world CameraSwitchLevelTest
[2018.12.06-10.33.28:496][218]LogPlayLevel: PIE: World Init took: (0.000696s)
[2018.12.06-10.33.28:496][218]LogPlayLevel: PIE: Created PIE world by copying editor world from /Game/CameraSwitchLevelTest.CameraSwitchLevelTest to /Game/UEDPIE_0_CameraSwitchLevelTest.CameraSwitchLevelTest (0.003638s)
[2018.12.06-10.33.28:529][218]LogInit: XAudio2 using 'Speakers (2- High Definition Audio Device)' : 2 channels at 48 kHz using 16 bits per sample (channel mask 0x3)
[2018.12.06-10.33.28:537][218]LogInit: FAudioDevice initialized.
[2018.12.06-10.33.28:568][218]LogLoad: Game class is 'TestGameMode_C'
[2018.12.06-10.33.28:570][218]LogWorld: Bringing World /Game/UEDPIE_0_CameraSwitchLevelTest.CameraSwitchLevelTest up for play (max tick rate 0) at 2018.12.06-10.33.28
[2018.12.06-10.33.28:570][218]LogWorld: Bringing up level for play took: 0.001032
[2018.12.06-10.33.28:584][218]PIE: Play in editor start time for /Game/UEDPIE_0_CameraSwitchLevelTest -0.745
[2018.12.06-10.33.28:584][218]LogBlueprintUserMessages: Late PlayInEditor Detection: Level '/Game/CameraSwitchLevelTest.CameraSwitchLevelTest:PersistentLevel' has LevelScriptBlueprint '/Game/CameraSwitchLevelTest.CameraSwitchLevelTest:PersistentLevel.CameraSwitchLevelTest' with GeneratedClass '/Game/CameraSwitchLevelTest.CameraSwitchLevelTest_C' with ClassGeneratedBy '/Game/CameraSwitchLevelTest.CameraSwitchLevelTest:PersistentLevel.CameraSwitchLevelTest'
[2018.12.06-10.33.36:320][139]LogBlueprintUserMessages: Early EndPlayMap Detection: Level '/Game/CameraSwitchLevelTest.CameraSwitchLevelTest:PersistentLevel' has LevelScriptBlueprint '/Game/CameraSwitchLevelTest.CameraSwitchLevelTest:PersistentLevel.CameraSwitchLevelTest' with GeneratedClass '/Game/CameraSwitchLevelTest.CameraSwitchLevelTest_C' with ClassGeneratedBy '/Game/CameraSwitchLevelTest.CameraSwitchLevelTest:PersistentLevel.CameraSwitchLevelTest'
[2018.12.06-10.33.36:320][139]LogSlate: Updating window title bar state: overlay mode, drag disabled, window buttons hidden, title bar hidden
[2018.12.06-10.33.36:358][139]LogPlayLevel: Display: Shutting down PIE online subsystems
[2018.12.06-10.33.36:358][139]LogBlueprintUserMessages: Late EndPlayMap Detection: Level '/Game/CameraSwitchLevelTest.CameraSwitchLevelTest:PersistentLevel' has LevelScriptBlueprint '/Game/CameraSwitchLevelTest.CameraSwitchLevelTest:PersistentLevel.CameraSwitchLevelTest' with GeneratedClass '/Game/CameraSwitchLevelTest.CameraSwitchLevelTest_C' with ClassGeneratedBy '/Game/CameraSwitchLevelTest.CameraSwitchLevelTest:PersistentLevel.CameraSwitchLevelTest'
[2018.12.06-10.33.36:410][139]LogSlate: Updating window title bar state: overlay mode, drag disabled, window buttons hidden, title bar hidden
[2018.12.06-10.33.36:428][140]LogPlayLevel: Display: Destroying online subsystem :Context_8
[2018.12.06-10.33.48:648][581]LogSlate: FSceneViewport::OnFocusLost() reason 2
[2018.12.06-10.33.49:569][682]LogSlate: FSceneViewport::OnFocusLost() reason 2
[2018.12.06-10.33.49:574][682]Cmd: OBJ SAVEPACKAGE PACKAGE="/Game/CameraSwitchLevelTest_BuiltData" FILE="../../../../../../Users/h017026h/TGPPairProject/PairProject/Content/CameraSwitchLevelTest_BuiltData.uasset" SILENT=true
[2018.12.06-10.33.49:603][682]LogSavePackage: Moving '../../../../../../Users/h017026h/TGPPairProject/PairProject/Saved/CameraSwitchLevelTest_BuiltData1B9E9E774102E5062E8EDB996304E579.tmp' to '../../../../../../Users/h017026h/TGPPairProject/PairProject/Content/CameraSwitchLevelTest_BuiltData.uasset'
[2018.12.06-10.33.53:672][167]LogSlate: FSceneViewport::OnFocusLost() reason 0
[2018.12.06-10.33.58:817][746]LogSlate: Window 'PairProject - Unreal Editor' being destroyed
[2018.12.06-10.33.59:040][747]Cmd: QUIT_EDITOR
[2018.12.06-10.33.59:272][747]LogWindowsTextInputMethodSystem: Display: IME system now deactivated.
[2018.12.06-10.33.59:296][747]LogExit: Preparing to exit.
[2018.12.06-10.33.59:957][747]LogExit: Editor shut down
[2018.12.06-10.33.59:957][747]LogExit: Transaction tracking system shut down
[2018.12.06-10.34.00:408][747]LogExit: Object subsystem successfully closed.
[2018.12.06-10.34.00:424][747]LogShaderCompilers: Display: Shaders left to compile 0
[2018.12.06-10.34.00:428][747]LogD3D11RHI: Shutdown
[2018.12.06-10.34.00:428][747]LogD3D11RHI: CleanupD3DDevice
[2018.12.06-10.34.00:430][747]LogD3D11RHI: ~FD3D11DynamicRHI
[2018.12.06-10.34.00:452][747]LogModuleManager: Shutting down and abandoning module BlueprintGraph (621)
[2018.12.06-10.34.00:452][747]LogModuleManager: Shutting down and abandoning module PairProject (619)
[2018.12.06-10.34.00:452][747]LogModuleManager: Shutting down and abandoning module MovieSceneCapture (618)
[2018.12.06-10.34.00:452][747]LogModuleManager: Shutting down and abandoning module Voice (616)
[2018.12.06-10.34.00:452][747]LogModuleManager: Shutting down and abandoning module HierarchicalLODOutliner (614)
[2018.12.06-10.34.00:452][747]LogModuleManager: Shutting down and abandoning module SceneOutliner (612)
[2018.12.06-10.34.00:452][747]LogModuleManager: Shutting down and abandoning module AddContentDialog (610)
[2018.12.06-10.34.00:452][747]LogModuleManager: Shutting down and abandoning module WidgetCarousel (609)
[2018.12.06-10.34.00:452][747]LogModuleManager: Shutting down and abandoning module EditorWidgets (606)
[2018.12.06-10.34.00:453][747]LogModuleManager: Shutting down and abandoning module CollectionManager (604)
[2018.12.06-10.34.00:453][747]LogModuleManager: Shutting down and abandoning module HierarchicalLODUtilities (602)
[2018.12.06-10.34.00:453][747]LogModuleManager: Shutting down and abandoning module StatsViewer (600)
[2018.12.06-10.34.00:453][747]LogModuleManager: Shutting down and abandoning module FoliageEdit (598)
[2018.12.06-10.34.00:453][747]LogModuleManager: Shutting down and abandoning module LandscapeEditor (596)
[2018.12.06-10.34.00:453][747]LogModuleManager: Shutting down and abandoning module MeshPaintMode (594)
[2018.12.06-10.34.00:453][747]LogModuleManager: Shutting down and abandoning module SceneDepthPickerMode (592)
[2018.12.06-10.34.00:453][747]LogModuleManager: Shutting down and abandoning module ActorPickerMode (590)
[2018.12.06-10.34.00:453][747]LogModuleManager: Shutting down and abandoning module GeometryMode (588)
[2018.12.06-10.34.00:453][747]LogModuleManager: Shutting down and abandoning module TextureAlignMode (586)
[2018.12.06-10.34.00:453][747]LogModuleManager: Shutting down and abandoning module BspMode (584)
[2018.12.06-10.34.00:453][747]LogModuleManager: Shutting down and abandoning module PIEPreviewDeviceProfileSelector (582)
[2018.12.06-10.34.00:453][747]LogModuleManager: Shutting down and abandoning module SequenceRecorderSections (580)
[2018.12.06-10.34.00:453][747]LogModuleManager: Shutting down and abandoning module AutomationWorker (578)
[2018.12.06-10.34.00:453][747]LogModuleManager: Shutting down and abandoning module AudioCaptureEditor (576)
[2018.12.06-10.34.00:453][747]LogModuleManager: Shutting down and abandoning module SequenceRecorder (575)
[2018.12.06-10.34.00:453][747]LogModuleManager: Shutting down and abandoning module MatineeToLevelSequence (572)
[2018.12.06-10.34.00:453][747]LogModuleManager: Shutting down and abandoning module LevelSequenceEditor (570)
[2018.12.06-10.34.00:453][747]LogModuleManager: Shutting down and abandoning module PlacementMode (569)
[2018.12.06-10.34.00:453][747]LogModuleManager: Shutting down and abandoning module MaterialEditor (568)
[2018.12.06-10.34.00:453][747]LogModuleManager: Shutting down and abandoning module WmfMediaFactory (564)
[2018.12.06-10.34.00:453][747]LogModuleManager: Shutting down and abandoning module WmfMediaEditor (562)
[2018.12.06-10.34.00:453][747]LogModuleManager: Shutting down and abandoning module MediaPlayerEditor (560)
[2018.12.06-10.34.00:453][747]LogModuleManager: Shutting down and abandoning module OpenExrWrapper (558)
[2018.12.06-10.34.00:453][747]LogModuleManager: Shutting down and abandoning module ImgMediaFactory (556)
[2018.12.06-10.34.00:453][747]LogModuleManager: Shutting down and abandoning module ImgMediaEditor (554)
[2018.12.06-10.34.00:453][747]LogModuleManager: Shutting down and abandoning module AvfMediaFactory (552)
[2018.12.06-10.34.00:453][747]LogModuleManager: Shutting down and abandoning module AvfMediaEditor (550)
[2018.12.06-10.34.00:453][747]LogModuleManager: Shutting down and abandoning module AndroidMediaFactory (548)
[2018.12.06-10.34.00:453][747]LogModuleManager: Shutting down and abandoning module AndroidMediaEditor (546)
[2018.12.06-10.34.00:453][747]LogModuleManager: Shutting down and abandoning module MagicLeapCameraPreviewFactory (544)
[2018.12.06-10.34.00:453][747]LogModuleManager: Shutting down and abandoning module MagicLeapMediaFactory (542)
[2018.12.06-10.34.00:453][747]LogModuleManager: Shutting down and abandoning module MagicLeapMediaEditor (540)
[2018.12.06-10.34.00:453][747]LogModuleManager: Shutting down and abandoning module CharacterAI (538)
[2018.12.06-10.34.00:453][747]LogModuleManager: Shutting down and abandoning module SmartSnapping (536)
[2018.12.06-10.34.00:453][747]LogModuleManager: Shutting down and abandoning module SessionServices (534)
[2018.12.06-10.34.00:453][747]LogModuleManager: Shutting down and abandoning module ViewportSnapping (532)
[2018.12.06-10.34.00:454][747]LogModuleManager: Shutting down and abandoning module ViewportInteraction (530)
[2018.12.06-10.34.00:454][747]LogModuleManager: Shutting down and abandoning module ClothPainter (528)
[2018.12.06-10.34.00:454][747]LogModuleManager: Shutting down and abandoning module SkeletalMeshEditor (527)
[2018.12.06-10.34.00:454][747]LogModuleManager: Shutting down and abandoning module LogVisualizer (524)
[2018.12.06-10.34.00:454][747]LogModuleManager: Shutting down and abandoning module IntroTutorials (522)
[2018.12.06-10.34.00:454][747]LogModuleManager: Shutting down and abandoning module GameProjectGeneration (521)
[2018.12.06-10.34.00:454][747]LogModuleManager: Shutting down and abandoning module LuminPlatformEditor (518)
[2018.12.06-10.34.00:454][747]LogModuleManager: Shutting down and abandoning module IOSPlatformEditor (516)
[2018.12.06-10.34.00:454][747]LogModuleManager: Shutting down and abandoning module HTML5PlatformEditor (514)
[2018.12.06-10.34.00:454][747]LogModuleManager: Shutting down and abandoning module AndroidPlatformEditor (512)
[2018.12.06-10.34.00:454][747]LogModuleManager: Shutting down and abandoning module AndroidDeviceDetection (511)
[2018.12.06-10.34.00:881][747]LogModuleManager: Shutting down and abandoning module WindowsPlatformEditor (508)
[2018.12.06-10.34.00:881][747]LogModuleManager: Shutting down and abandoning module LuminRuntimeSettings (506)
[2018.12.06-10.34.00:881][747]LogModuleManager: Shutting down and abandoning module IOSRuntimeSettings (504)
[2018.12.06-10.34.00:881][747]LogModuleManager: Shutting down and abandoning module AndroidRuntimeSettings (502)
[2018.12.06-10.34.00:881][747]LogModuleManager: Shutting down and abandoning module InputBindingEditor (500)
[2018.12.06-10.34.00:881][747]LogModuleManager: Shutting down and abandoning module MergeActors (498)
[2018.12.06-10.34.00:881][747]LogModuleManager: Shutting down and abandoning module LocalizationDashboard (496)
[2018.12.06-10.34.00:881][747]LogModuleManager: Shutting down and abandoning module LocalizationService (495)
[2018.12.06-10.34.00:881][747]LogModuleManager: Shutting down and abandoning module HardwareTargeting (492)
[2018.12.06-10.34.00:881][747]LogModuleManager: Shutting down and abandoning module DeviceProfileEditor (490)
[2018.12.06-10.34.00:881][747]LogModuleManager: Shutting down and abandoning module UndoHistory (488)
[2018.12.06-10.34.00:881][747]LogModuleManager: Shutting down and abandoning module XmlParser (486)
[2018.12.06-10.34.00:881][747]LogModuleManager: Shutting down and abandoning module Blutility (484)
[2018.12.06-10.34.00:881][747]LogModuleManager: Shutting down and abandoning module ProjectSettingsViewer (482)
[2018.12.06-10.34.00:882][747]LogModuleManager: Shutting down and abandoning module ProjectTargetPlatformEditor (481)
[2018.12.06-10.34.00:882][747]LogModuleManager: Shutting down and abandoning module EditorSettingsViewer (478)
[2018.12.06-10.34.00:882][747]LogModuleManager: Shutting down and abandoning module SettingsEditor (476)
[2018.12.06-10.34.00:882][747]LogModuleManager: Shutting down and abandoning module ProjectLauncher (474)
[2018.12.06-10.34.00:882][747]LogModuleManager: Shutting down and abandoning module SessionFrontend (472)
[2018.12.06-10.34.00:882][747]LogModuleManager: Shutting down and abandoning module ProfilerClient (470)
[2018.12.06-10.34.00:882][747]LogModuleManager: Shutting down and abandoning module DeviceManager (468)
[2018.12.06-10.34.00:882][747]LogModuleManager: Shutting down and abandoning module TargetDeviceServices (467)
[2018.12.06-10.34.00:948][747]LogModuleManager: Shutting down and abandoning module AutomationController (464)
[2018.12.06-10.34.00:948][747]LogModuleManager: Shutting down and abandoning module AutomationWindow (462)
[2018.12.06-10.34.00:948][747]LogModuleManager: Shutting down and abandoning module Layers (460)
[2018.12.06-10.34.00:948][747]LogModuleManager: Shutting down and abandoning module ComponentVisualizers (458)
[2018.12.06-10.34.00:948][747]LogModuleManager: Shutting down and abandoning module DetailCustomizations (456)
[2018.12.06-10.34.00:948][747]LogModuleManager: Shutting down and abandoning module PackagesDialog (454)
[2018.12.06-10.34.00:948][747]LogModuleManager: Shutting down and abandoning module Persona (452)
[2018.12.06-10.34.00:949][747]LogModuleManager: Shutting down and abandoning module AdvancedPreviewScene (451)
[2018.12.06-10.34.00:949][747]LogModuleManager: Shutting down and abandoning module AnimGraph (449)
[2018.12.06-10.34.00:949][747]LogModuleManager: Shutting down and abandoning module Kismet (446)
[2018.12.06-10.34.00:958][747]LogModuleManager: Shutting down and abandoning module GraphEditor (444)
[2018.12.06-10.34.00:958][747]LogModuleManager: Shutting down and abandoning module ClassViewer (442)
[2018.12.06-10.34.00:961][747]LogModuleManager: Shutting down and abandoning module Toolbox (440)
[2018.12.06-10.34.00:961][747]LogModuleManager: Shutting down and abandoning module DesktopPlatform (439)
[2018.12.06-10.34.00:961][747]LogModuleManager: Shutting down and abandoning module ModuleUI (436)
[2018.12.06-10.34.00:961][747]LogModuleManager: Shutting down and abandoning module MovieSceneTools (434)
[2018.12.06-10.34.00:961][747]LogModuleManager: Shutting down and abandoning module OutputLog (432)
[2018.12.06-10.34.00:961][747]LogModuleManager: Shutting down and abandoning module GammaUI (430)
[2018.12.06-10.34.00:961][747]LogModuleManager: Shutting down and abandoning module Documentation (428)
[2018.12.06-10.34.00:961][747]LogModuleManager: Shutting down and abandoning module MovieSceneTracks (426)
[2018.12.06-10.34.00:962][747]LogModuleManager: Shutting down and abandoning module MovieScene (424)
[2018.12.06-10.34.00:962][747]LogModuleManager: Shutting down and abandoning module StreamingPauseRendering (422)
[2018.12.06-10.34.00:962][747]LogModuleManager: Shutting down and abandoning module LauncherPlatform (420)
[2018.12.06-10.34.00:962][747]LogModuleManager: Shutting down and abandoning module AnalyticsET (418)
[2018.12.06-10.34.00:962][747]LogModuleManager: Shutting down and abandoning module PortalServices (416)
[2018.12.06-10.34.00:962][747]LogModuleManager: Shutting down and abandoning module PortalRpc (414)
[2018.12.06-10.34.00:962][747]LogModuleManager: Shutting down and abandoning module MessagingRpc (412)
[2018.12.06-10.34.00:962][747]LogModuleManager: Shutting down and abandoning module AIModule (410)
[2018.12.06-10.34.00:962][747]LogModuleManager: Shutting down and abandoning module GameplayDebugger (409)
[2018.12.06-10.34.00:962][747]LogModuleManager: Shutting down and abandoning module AITestSuite (407)
[2018.12.06-10.34.00:962][747]LogModuleManager: Shutting down and abandoning module NavigationSystem (405)
[2018.12.06-10.34.00:962][747]LogModuleManager: Shutting down and abandoning module ProfilerService (402)
[2018.12.06-10.34.01:164][747]LogModuleManager: Shutting down and abandoning module TaskGraph (400)
[2018.12.06-10.34.01:164][747]LogModuleManager: Shutting down and abandoning module SteamVRController (398)
[2018.12.06-10.34.01:164][747]LogModuleManager: Shutting down and abandoning module ProceduralMeshComponentEditor (396)
[2018.12.06-10.34.01:164][747]LogModuleManager: Shutting down and abandoning module ProceduralMeshComponent (394)
[2018.12.06-10.34.01:164][747]LogModuleManager: Shutting down and abandoning module OculusInput (392)
[2018.12.06-10.34.01:164][747]LogModuleManager: Shutting down and abandoning module MobilePatchingUtils (390)
[2018.12.06-10.34.01:164][747]LogModuleManager: Shutting down and abandoning module EditableMesh (388)
[2018.12.06-10.34.01:164][747]LogModuleManager: Shutting down and abandoning module CustomMeshComponent (386)
[2018.12.06-10.34.01:164][747]LogModuleManager: Shutting down and abandoning module CableComponent (384)
[2018.12.06-10.34.01:164][747]LogModuleManager: Shutting down and abandoning module AudioCapture (382)
[2018.12.06-10.34.01:164][747]LogModuleManager: Shutting down and abandoning module ArchVisCharacter (380)
[2018.12.06-10.34.01:164][747]LogModuleManager: Shutting down and abandoning module AndroidPermission (378)
[2018.12.06-10.34.01:164][747]LogModuleManager: Shutting down and abandoning module NUTUnrealEngine4 (376)
[2018.12.06-10.34.01:164][747]LogModuleManager: Shutting down and abandoning module NetcodeUnitTest (374)
[2018.12.06-10.34.01:165][747]LogModuleManager: Shutting down and abandoning module MediaCompositingEditor (372)
[2018.12.06-10.34.01:165][747]LogModuleManager: Shutting down and abandoning module MediaCompositing (370)
[2018.12.06-10.34.01:165][747]LogModuleManager: Shutting down and abandoning module LinearTimecode (368)
[2018.12.06-10.34.01:165][747]LogModuleManager: Shutting down and abandoning module ImgMedia (366)
[2018.12.06-10.34.01:172][747]LogModuleManager: Shutting down and abandoning module HTML5Networking (364)
[2018.12.06-10.34.01:172][747]LogModuleManager: Shutting down and abandoning module GeometryCacheTracks (362)
[2018.12.06-10.34.01:172][747]LogModuleManager: Shutting down and abandoning module GeometryCacheSequencer (360)
[2018.12.06-10.34.01:172][747]LogModuleManager: Shutting down and abandoning module BackChannel (358)
[2018.12.06-10.34.01:172][747]LogModuleManager: Shutting down and abandoning module AppleVision (356)
[2018.12.06-10.34.01:172][747]LogModuleManager: Shutting down and abandoning module AppleImageUtils (354)
[2018.12.06-10.34.01:172][747]LogModuleManager: Shutting down and abandoning module AlembicImporter (352)
[2018.12.06-10.34.01:172][747]LogModuleManager: Shutting down and abandoning module AlembicLibrary (351)
[2018.12.06-10.34.01:172][747]LogModuleManager: Shutting down and abandoning module GeometryCache (350)
[2018.12.06-10.34.01:172][747]LogModuleManager: Shutting down and abandoning module GeometryCacheEd (349)
[2018.12.06-10.34.01:172][747]LogModuleManager: Shutting down and abandoning module DatasmithContentEditor (344)
[2018.12.06-10.34.01:172][747]LogModuleManager: Shutting down and abandoning module DatasmithContent (342)
[2018.12.06-10.34.01:174][747]LogModuleManager: Shutting down and abandoning module SpeedTreeImporter (340)
[2018.12.06-10.34.01:174][747]LogModuleManager: Shutting down and abandoning module PluginBrowser (338)
[2018.12.06-10.34.01:174][747]LogModuleManager: Shutting down and abandoning module MobileLauncherProfileWizard (336)
[2018.12.06-10.34.01:174][747]LogModuleManager: Shutting down and abandoning module PolygonModeling (334)
[2018.12.06-10.34.01:174][747]LogModuleManager: Shutting down and abandoning module MeshEditor (332)
[2018.12.06-10.34.01:174][747]LogModuleManager: Shutting down and abandoning module CryptoKeysOpenSSL (330)
[2018.12.06-10.34.01:174][747]LogModuleManager: Shutting down and abandoning module CryptoKeys (328)
[2018.12.06-10.34.01:174][747]LogModuleManager: Shutting down and abandoning module VisualStudioSourceCodeAccess (326)
[2018.12.06-10.34.01:174][747]LogModuleManager: Shutting down and abandoning module VisualStudioCodeSourceCodeAccess (324)
[2018.12.06-10.34.01:174][747]LogModuleManager: Shutting down and abandoning module UObjectPlugin (322)
[2018.12.06-10.34.01:175][747]LogModuleManager: Shutting down and abandoning module SubversionSourceControl (320)
[2018.12.06-10.34.01:175][747]LogModuleManager: Shutting down and abandoning module PerforceSourceControl (318)
[2018.12.06-10.34.01:175][747]LogModuleManager: Shutting down and abandoning module GitSourceControl (316)
[2018.12.06-10.34.01:175][747]LogModuleManager: Shutting down and abandoning module SourceControl (315)
[2018.12.06-10.34.01:175][747]LogModuleManager: Shutting down and abandoning module CLionSourceCodeAccess (312)
[2018.12.06-10.34.01:175][747]LogModuleManager: Shutting down and abandoning module LightPropagationVolumeEditor (310)
[2018.12.06-10.34.01:175][747]LogModuleManager: Shutting down and abandoning module PaperTiledImporter (308)
[2018.12.06-10.34.01:175][747]LogModuleManager: Shutting down and abandoning module PaperSpriteSheetImporter (306)
[2018.12.06-10.34.01:175][747]LogModuleManager: Shutting down and abandoning module Paper2DEditor (304)
[2018.12.06-10.34.01:175][747]LogModuleManager: Shutting down and abandoning module MeshPaint (303)
[2018.12.06-10.34.01:175][747]LogModuleManager: Shutting down and abandoning module RuntimePhysXCooking (298)
[2018.12.06-10.34.01:175][747]LogModuleManager: Shutting down and abandoning module PhysXVehiclesEditor (296)
[2018.12.06-10.34.01:175][747]LogModuleManager: Shutting down and abandoning module PhysXVehicles (294)
[2018.12.06-10.34.01:175][747]LogModuleManager: Shutting down and abandoning module OculusEditor (292)
[2018.12.06-10.34.01:175][747]LogModuleManager: Shutting down and abandoning module LocationServicesBPLibrary (290)
[2018.12.06-10.34.01:176][747]LogModuleManager: Shutting down and abandoning module ImmediatePhysicsEditor (288)
[2018.12.06-10.34.01:176][747]LogModuleManager: Shutting down and abandoning module ImmediatePhysics (286)
[2018.12.06-10.34.01:176][747]LogModuleManager: Shutting down and abandoning module ActorSequence (284)
[2018.12.06-10.34.01:176][747]LogModuleManager: Shutting down and abandoning module UdpMessaging (282)
[2018.12.06-10.34.01:277][747]LogModuleManager: Shutting down and abandoning module TcpMessaging (280)
[2018.12.06-10.34.01:378][747]LogModuleManager: Shutting down and abandoning module MagicLeapAudio (278)
[2018.12.06-10.34.01:378][747]LogModuleManager: Shutting down and abandoning module GameplayTagsEditor (276)
[2018.12.06-10.34.01:378][747]LogModuleManager: Shutting down and abandoning module FacialAnimationEditor (274)
[2018.12.06-10.34.01:378][747]LogModuleManager: Shutting down and abandoning module FacialAnimation (272)
[2018.12.06-10.34.01:378][747]LogModuleManager: Shutting down and abandoning module DataValidation (270)
[2018.12.06-10.34.01:378][747]LogModuleManager: Shutting down and abandoning module AssetManagerEditor (268)
[2018.12.06-10.34.01:378][747]LogModuleManager: Shutting down and abandoning module LevelEditor (267)
[2018.12.06-10.34.01:380][747]LogModuleManager: Shutting down and abandoning module PixelInspectorModule (266)
[2018.12.06-10.34.01:380][747]LogModuleManager: Shutting down and abandoning module CommonMenuExtensions (264)
[2018.12.06-10.34.01:380][747]LogModuleManager: Shutting down and abandoning module MainFrame (262)
[2018.12.06-10.34.01:380][747]LogModuleManager: Shutting down and abandoning module HotReload (261)
[2018.12.06-10.34.01:381][747]LogModuleManager: Shutting down and abandoning module ContentBrowser (257)
[2018.12.06-10.34.01:383][747]LogModuleManager: Shutting down and abandoning module TreeMap (255)
[2018.12.06-10.34.01:383][747]LogModuleManager: Shutting down and abandoning module LightPropagationVolumeRuntime (252)
[2018.12.06-10.34.01:383][747]LogModuleManager: Shutting down and abandoning module AISupportModule (250)
[2018.12.06-10.34.01:384][747]LogModuleManager: Shutting down and abandoning module Paper2D (248)
[2018.12.06-10.34.01:384][747]LogModuleManager: Shutting down and abandoning module WindowsMoviePlayer (246)
[2018.12.06-10.34.01:384][747]LogModuleManager: Shutting down and abandoning module WmfMedia (244)
[2018.12.06-10.34.01:386][747]LogModuleManager: Shutting down and abandoning module Media (243)
[2018.12.06-10.34.01:392][747]LogModuleManager: Shutting down and abandoning module PacketHandler (240)
[2018.12.06-10.34.01:392][747]LogModuleManager: Shutting down and abandoning module ClothingSystemEditor (238)
[2018.12.06-10.34.01:393][747]LogModuleManager: Shutting down and abandoning module ClothingSystemRuntime (236)
[2018.12.06-10.34.01:393][747]LogModuleManager: Shutting down and abandoning module MediaAssets (234)
[2018.12.06-10.34.01:393][747]LogModuleManager: Shutting down and abandoning module Overlay (232)
[2018.12.06-10.34.01:393][747]LogModuleManager: Shutting down and abandoning module OverlayEditor (231)
[2018.12.06-10.34.01:393][747]LogModuleManager: Shutting down and abandoning module VREditor (228)
[2018.12.06-10.34.01:393][747]LogModuleManager: Shutting down and abandoning module StringTableEditor (226)
[2018.12.06-10.34.01:393][747]LogModuleManager: Shutting down and abandoning module GameplayTasksEditor (224)
[2018.12.06-10.34.01:393][747]LogModuleManager: Shutting down and abandoning module BehaviorTreeEditor (222)
[2018.12.06-10.34.01:393][747]LogModuleManager: Shutting down and abandoning module FunctionalTesting (220)
[2018.12.06-10.34.01:393][747]LogModuleManager: Shutting down and abandoning module CollisionAnalyzer (218)
[2018.12.06-10.34.01:393][747]LogModuleManager: Shutting down and abandoning module WorkspaceMenuStructure (217)
[2018.12.06-10.34.01:393][747]LogModuleManager: Shutting down and abandoning module UMG (214)
[2018.12.06-10.34.01:393][747]LogModuleManager: Shutting down and abandoning module UMGEditor (213)
[2018.12.06-10.34.01:393][747]LogModuleManager: Shutting down and abandoning module Sequencer (212)
[2018.12.06-10.34.01:394][747]LogModuleManager: Shutting down and abandoning module MessageLog (209)
[2018.12.06-10.34.01:394][747]LogModuleManager: Shutting down and abandoning module SlateReflector (204)
[2018.12.06-10.34.01:394][747]LogModuleManager: Shutting down and abandoning module Slate (202)
[2018.12.06-10.34.01:394][747]LogModuleManager: Shutting down and abandoning module EditorStyle (200)
[2018.12.06-10.34.01:397][747]LogModuleManager: Shutting down and abandoning module MRMesh (198)
[2018.12.06-10.34.01:398][747]LogModuleManager: Shutting down and abandoning module SourceCodeAccess (196)
[2018.12.06-10.34.01:398][747]LogModuleManager: Shutting down and abandoning module HeadMountedDisplay (194)
[2018.12.06-10.34.01:398][747]LogModuleManager: Shutting down and abandoning module XAudio2 (192)
[2018.12.06-10.34.01:398][747]LogModuleManager: Shutting down and abandoning module Networking (190)
[2018.12.06-10.34.01:398][747]LogModuleManager: Shutting down and abandoning module Core (188)
[2018.12.06-10.34.01:398][747]LogModuleManager: Shutting down and abandoning module LevelSequence (186)
[2018.12.06-10.34.01:398][747]LogModuleManager: Shutting down and abandoning module KismetCompiler (184)
[2018.12.06-10.34.01:398][747]LogModuleManager: Shutting down and abandoning module MeshUtilities (182)
[2018.12.06-10.34.01:398][747]LogModuleManager: Shutting down and abandoning module MeshMergeUtilities (181)
[2018.12.06-10.34.01:398][747]LogModuleManager: Shutting down and abandoning module MeshReductionInterface (180)
[2018.12.06-10.34.01:398][747]LogModuleManager: Shutting down and abandoning module SimplygonSwarm (179)
[2018.12.06-10.34.01:398][747]LogModuleManager: Shutting down and abandoning module ProxyLODMeshReduction (177)
[2018.12.06-10.34.01:398][747]LogModuleManager: Shutting down and abandoning module SimplygonMeshReduction (175)
[2018.12.06-10.34.01:398][747]LogModuleManager: Shutting down and abandoning module QuadricMeshReduction (173)
[2018.12.06-10.34.01:398][747]LogModuleManager: Shutting down and abandoning module MaterialBaking (169)
[2018.12.06-10.34.01:398][747]LogModuleManager: Shutting down and abandoning module DirectoryWatcher (165)
[2018.12.06-10.34.01:399][747]LogModuleManager: Shutting down and abandoning module DerivedDataCache (162)
[2018.12.06-10.34.01:497][747]LogDerivedDataCache: Shutdown
[2018.12.06-10.34.01:497][747]LogModuleManager: Shutting down and abandoning module XGEController (160)
[2018.12.06-10.34.01:497][747]LogXGEController: Cleaning working directory: C:/Users/h017026h/AppData/Local/Temp/UnrealXGEWorkingDir/
[2018.12.06-10.34.01:498][747]LogModuleManager: Shutting down and abandoning module TargetPlatform (158)
[2018.12.06-10.34.01:498][747]LogModuleManager: Shutting down and abandoning module VulkanShaderFormat (157)
[2018.12.06-10.34.01:498][747]LogModuleManager: Shutting down and abandoning module ShaderFormatVectorVM (155)
[2018.12.06-10.34.01:498][747]LogModuleManager: Shutting down and abandoning module ShaderFormatOpenGL (153)
[2018.12.06-10.34.01:498][747]LogModuleManager: Shutting down and abandoning module ShaderFormatD3D (151)
[2018.12.06-10.34.01:498][747]LogModuleManager: Shutting down and abandoning module MetalShaderFormat (149)
[2018.12.06-10.34.01:498][747]LogModuleManager: Shutting down and abandoning module TextureFormatUncompressed (147)
[2018.12.06-10.34.01:498][747]LogModuleManager: Shutting down and abandoning module TextureFormatPVR (145)
[2018.12.06-10.34.01:498][747]LogModuleManager: Shutting down and abandoning module TextureFormatDXT (143)
[2018.12.06-10.34.01:498][747]LogModuleManager: Shutting down and abandoning module TextureFormatIntelISPCTexComp (141)
[2018.12.06-10.34.01:498][747]LogModuleManager: Shutting down and abandoning module TextureFormatASTC (139)
[2018.12.06-10.34.01:498][747]LogModuleManager: Shutting down and abandoning module ImageWrapper (138)
[2018.12.06-10.34.01:498][747]LogModuleManager: Shutting down and abandoning module TextureFormatAndroid (135)
[2018.12.06-10.34.01:498][747]LogModuleManager: Shutting down and abandoning module AudioFormatOpus (133)
[2018.12.06-10.34.01:498][747]LogModuleManager: Shutting down and abandoning module AudioFormatOgg (131)
[2018.12.06-10.34.01:498][747]LogModuleManager: Shutting down and abandoning module AudioFormatADPCM (129)
[2018.12.06-10.34.01:498][747]LogModuleManager: Shutting down and abandoning module LuminTargetPlatform (127)
[2018.12.06-10.34.01:498][747]LogModuleManager: Shutting down and abandoning module LinuxTargetPlatform (125)
[2018.12.06-10.34.01:498][747]LogModuleManager: Shutting down and abandoning module LinuxServerTargetPlatform (123)
[2018.12.06-10.34.01:498][747]LogModuleManager: Shutting down and abandoning module LinuxNoEditorTargetPlatform (121)
[2018.12.06-10.34.01:498][747]LogModuleManager: Shutting down and abandoning module LinuxClientTargetPlatform (119)
[2018.12.06-10.34.01:498][747]LogModuleManager: Shutting down and abandoning module TVOSTargetPlatform (117)
[2018.12.06-10.34.01:499][747]LogModuleManager: Shutting down and abandoning module Messaging (115)
[2018.12.06-10.34.01:499][747]LogModuleManager: Shutting down and abandoning module IOSTargetPlatform (113)
[2018.12.06-10.34.01:500][747]LogModuleManager: Shutting down and abandoning module HTML5TargetPlatform (111)
[2018.12.06-10.34.01:500][747]LogModuleManager: Shutting down and abandoning module AndroidTargetPlatform (109)
[2018.12.06-10.34.01:508][747]LogModuleManager: Shutting down and abandoning module WindowsTargetPlatform (107)
[2018.12.06-10.34.01:508][747]LogModuleManager: Shutting down and abandoning module WindowsServerTargetPlatform (105)
[2018.12.06-10.34.01:508][747]LogModuleManager: Shutting down and abandoning module WindowsNoEditorTargetPlatform (103)
[2018.12.06-10.34.01:508][747]LogModuleManager: Shutting down and abandoning module WindowsClientTargetPlatform (101)
[2018.12.06-10.34.01:508][747]LogModuleManager: Shutting down and abandoning module MacTargetPlatform (99)
[2018.12.06-10.34.01:508][747]LogModuleManager: Shutting down and abandoning module MacServerTargetPlatform (97)
[2018.12.06-10.34.01:508][747]LogModuleManager: Shutting down and abandoning module MacNoEditorTargetPlatform (95)
[2018.12.06-10.34.01:508][747]LogModuleManager: Shutting down and abandoning module MacClientTargetPlatform (93)
[2018.12.06-10.34.01:508][747]LogModuleManager: Shutting down and abandoning module AllDesktopTargetPlatform (91)
[2018.12.06-10.34.01:508][747]LogModuleManager: Shutting down and abandoning module InputCore (88)
[2018.12.06-10.34.01:508][747]LogModuleManager: Shutting down and abandoning module Settings (86)
[2018.12.06-10.34.01:508][747]LogModuleManager: Shutting down and abandoning module PhysXCooking (84)
[2018.12.06-10.34.01:508][747]LogModuleManager: Shutting down and abandoning module SteamVR (82)
[2018.12.06-10.34.01:508][747]LogModuleManager: Shutting down and abandoning module OculusHMD (80)
[2018.12.06-10.34.01:508][747]LogModuleManager: Shutting down and abandoning module ExampleDeviceProfileSelector (78)
[2018.12.06-10.34.01:508][747]LogModuleManager: Shutting down and abandoning module LauncherChunkInstaller (76)
[2018.12.06-10.34.01:508][747]LogModuleManager: Shutting down and abandoning module OnlineBlueprintSupport (74)
[2018.12.06-10.34.01:508][747]LogModuleManager: Shutting down and abandoning module OnlineSubsystem (70)
[2018.12.06-10.34.01:509][747]LogModuleManager: Shutting down and abandoning module XMPP (65)
[2018.12.06-10.34.01:509][747]LogModuleManager: Shutting down and abandoning module WebSockets (64)
[2018.12.06-10.34.01:544][747]LogModuleManager: Shutting down and abandoning module HTTP (61)
[2018.12.06-10.34.01:544][747]LogHttp: Display: Http module shutting down, but needs to wait on 1 outstanding Http requests:
[2018.12.06-10.34.01:544][747]LogHttp: Display: 	verb=[POST] url=[https://datarouter.ol.epicgames.com/datarouter/api/v1/public/data?SessionID=%7B147D85F9-4E72-12D8-E696-75A52BAC0557%7D&AppID=UEEditor.Rocket.Release&AppVersion=4.20.3-4369336%2B%2B%2BUE4%2BRelease-4.20&UserID=8754abc74de93834b784ce98318cbd1d%7C%7C99054506-282f-4880-ae5a-30790b17d043&AppEnvironment=datacollector-binary&UploadType=eteventstream] status=Processing
[2018.12.06-10.34.01:571][747]LogModuleManager: Shutting down and abandoning module SSL (60)
[2018.12.06-10.34.01:573][747]LogModuleManager: Shutting down and abandoning module MagicLeapEmulator (56)
[2018.12.06-10.34.01:573][747]LogModuleManager: Shutting down and abandoning module MagicLeapPrivileges (54)
[2018.12.06-10.34.01:573][747]LogModuleManager: Shutting down and abandoning module MagicLeapIdentity (52)
[2018.12.06-10.34.01:573][747]LogModuleManager: Shutting down and abandoning module MagicLeapHelperVulkan (50)
[2018.12.06-10.34.01:573][747]LogModuleManager: Shutting down and abandoning module MagicLeapHelperOpenGL (48)
[2018.12.06-10.34.01:573][747]LogModuleManager: Shutting down and abandoning module MagicLeapSecureStorage (46)
[2018.12.06-10.34.01:573][747]LogModuleManager: Shutting down and abandoning module MagicLeapGestures (44)
[2018.12.06-10.34.01:573][747]LogModuleManager: Shutting down and abandoning module MagicLeapEyeTracker (42)
[2018.12.06-10.34.01:573][747]LogModuleManager: Shutting down and abandoning module MagicLeapController (40)
[2018.12.06-10.34.01:573][747]LogSlate: Slate User Destroyed.  User Index 0, Is Virtual User: 0
[2018.12.06-10.34.01:573][747]LogModuleManager: Shutting down and abandoning module MagicLeap (38)
[2018.12.06-10.34.01:573][747]LogModuleManager: Shutting down and abandoning module AnimationModifiers (36)
[2018.12.06-10.34.01:573][747]LogModuleManager: Shutting down and abandoning module PropertyEditor (35)
[2018.12.06-10.34.01:573][747]LogModuleManager: Shutting down and abandoning module AudioEditor (32)
[2018.12.06-10.34.01:574][747]LogModuleManager: Shutting down and abandoning module TextureCompressor (30)
[2018.12.06-10.34.01:574][747]LogModuleManager: Shutting down and abandoning module ShaderCore (28)
[2018.12.06-10.34.01:574][747]LogModuleManager: Shutting down and abandoning module Landscape (26)
[2018.12.06-10.34.01:574][747]LogModuleManager: Shutting down and abandoning module SlateRHIRenderer (24)
[2018.12.06-10.34.01:575][747]LogModuleManager: Shutting down and abandoning module OpenGLDrv (22)
[2018.12.06-10.34.01:575][747]LogModuleManager: Shutting down and abandoning module D3D11RHI (20)
[2018.12.06-10.34.01:575][747]LogModuleManager: Shutting down and abandoning module AnimGraphRuntime (18)
[2018.12.06-10.34.01:575][747]LogModuleManager: Shutting down and abandoning module Renderer (16)
[2018.12.06-10.34.01:575][747]LogModuleManager: Shutting down and abandoning module Engine (14)
[2018.12.06-10.34.01:575][747]LogModuleManager: Shutting down and abandoning module CoreUObject (12)
[2018.12.06-10.34.01:575][747]LogModuleManager: Shutting down and abandoning module NetworkFile (10)
[2018.12.06-10.34.01:575][747]LogModuleManager: Shutting down and abandoning module CookedIterativeFile (8)
[2018.12.06-10.34.01:575][747]LogModuleManager: Shutting down and abandoning module StreamingFile (6)
[2018.12.06-10.34.01:575][747]LogModuleManager: Shutting down and abandoning module SandboxFile (4)
[2018.12.06-10.34.01:575][747]LogModuleManager: Shutting down and abandoning module PakFile (2)
[2018.12.06-10.34.01:587][747]LogExit: Exiting.
[2018.12.06-10.34.01:598][747]Log file closed, 12/06/18 10:34:01
