Log file open, 12/06/18 10:50:30
LogWindows: Failed to load 'aqProf.dll' (GetLastError=126)
LogWindows: File 'aqProf.dll' does not exist
LogWindows: Failed to load 'VSPerf140.dll' (GetLastError=126)
LogWindows: File 'VSPerf140.dll' does not exist
LogWindows: Failed to load 'VtuneApi.dll' (GetLastError=126)
LogWindows: File 'VtuneApi.dll' does not exist
LogWindows: Failed to load 'VtuneApi32e.dll' (GetLastError=126)
LogWindows: File 'VtuneApi32e.dll' does not exist
LogInit: Display: Running engine for game: PairProject
LogPlatformFile: Not using cached read wrapper
LogTaskGraph: Started task graph with 5 named threads and 23 total threads with 3 sets of task threads.
LogStats: Stats thread started at 0.405480
LogD3D11RHI: Loaded GFSDK_Aftermath_Lib.x64.dll
LogICUInternationalization: Display: ICU TimeZone Detection - Raw Offset: +0:00, Platform Override: ''
LogPluginManager: Mounting plugin Paper2D
LogPluginManager: Mounting plugin AISupport
LogPluginManager: Mounting plugin LightPropagationVolume
LogPluginManager: Mounting plugin CLionSourceCodeAccess
LogPluginManager: Mounting plugin CodeLiteSourceCodeAccess
LogPluginManager: Mounting plugin GitSourceControl
LogPluginManager: Mounting plugin KDevelopSourceCodeAccess
LogPluginManager: Mounting plugin NullSourceCodeAccess
LogPluginManager: Mounting plugin PerforceSourceControl
LogPluginManager: Mounting plugin SubversionSourceControl
LogPluginManager: Mounting plugin UObjectPlugin
LogPluginManager: Mounting plugin VisualStudioCodeSourceCodeAccess
LogPluginManager: Mounting plugin VisualStudioSourceCodeAccess
LogPluginManager: Mounting plugin XCodeSourceCodeAccess
LogPluginManager: Mounting plugin AssetManagerEditor
LogPluginManager: Mounting plugin CryptoKeys
LogPluginManager: Mounting plugin DataValidation
LogPluginManager: Mounting plugin FacialAnimation
LogPluginManager: Mounting plugin GameplayTagsEditor
LogPluginManager: Mounting plugin MacGraphicsSwitching
LogPluginManager: Mounting plugin MeshEditor
LogPluginManager: Mounting plugin MobileLauncherProfileWizard
LogPluginManager: Mounting plugin PluginBrowser
LogPluginManager: Mounting plugin SpeedTreeImporter
LogPluginManager: Mounting plugin DatasmithContent
LogPluginManager: Mounting plugin AlembicImporter
LogPluginManager: Mounting plugin AppleImageUtils
LogPluginManager: Mounting plugin AppleVision
LogPluginManager: Mounting plugin BackChannel
LogPluginManager: Mounting plugin CharacterAI
LogPluginManager: Mounting plugin GeometryCache
LogPluginManager: Mounting plugin HTML5Networking
LogPluginManager: Mounting plugin ProxyLODPlugin
LogPluginManager: Mounting plugin MagicLeap
LogPluginManager: Mounting plugin MagicLeapEmulator
LogPluginManager: Mounting plugin MagicLeapMedia
LogPluginManager: Mounting plugin AndroidMedia
LogPluginManager: Mounting plugin AvfMedia
LogPluginManager: Mounting plugin ImgMedia
LogPluginManager: Mounting plugin LinearTimecode
LogPluginManager: Mounting plugin MediaCompositing
LogPluginManager: Mounting plugin MediaPlayerEditor
LogPluginManager: Mounting plugin WmfMedia
LogPluginManager: Mounting plugin TcpMessaging
LogPluginManager: Mounting plugin UdpMessaging
LogPluginManager: Mounting plugin ActorSequence
LogPluginManager: Mounting plugin LevelSequenceEditor
LogPluginManager: Mounting plugin MatineeToLevelSequence
LogPluginManager: Mounting plugin NetcodeUnitTest
LogPluginManager: Mounting plugin NUTUnrealEngine4
LogPluginManager: Mounting plugin OnlineSubsystemGooglePlay
LogPluginManager: Mounting plugin OnlineSubsystemIOS
LogPluginManager: Mounting plugin OnlineSubsystem
LogPluginManager: Mounting plugin OnlineSubsystemNull
LogPluginManager: Mounting plugin OnlineSubsystemUtils
LogPluginManager: Mounting plugin LauncherChunkInstaller
LogPluginManager: Mounting plugin AndroidDeviceProfileSelector
LogPluginManager: Mounting plugin AndroidMoviePlayer
LogPluginManager: Mounting plugin AndroidPermission
LogPluginManager: Mounting plugin AppleMoviePlayer
LogPluginManager: Mounting plugin ArchVisCharacter
LogPluginManager: Mounting plugin AudioCapture
LogPluginManager: Mounting plugin CableComponent
LogPluginManager: Mounting plugin CustomMeshComponent
LogPluginManager: Mounting plugin EditableMesh
LogPluginManager: Mounting plugin ExampleDeviceProfileSelector
LogPluginManager: Mounting plugin GoogleCloudMessaging
LogPluginManager: Mounting plugin ImmediatePhysics
LogPluginManager: Mounting plugin IOSDeviceProfileSelector
LogPluginManager: Mounting plugin LinuxDeviceProfileSelector
LogPluginManager: Mounting plugin LocationServicesBPLibrary
LogPluginManager: Mounting plugin MobilePatchingUtils
LogPluginManager: Mounting plugin OculusVR
LogPluginManager: Plugin shader directory ../../../Engine/Plugins/Runtime/Oculus/OculusVR/Shaders found
LogPluginManager: Mapping shader source directory ../../../Engine/Plugins/Runtime/Oculus/OculusVR/Shaders to virtual directory /Plugin/OculusVR
LogPluginManager: Mounting plugin PhysXVehicles
LogPluginManager: Mounting plugin ProceduralMeshComponent
LogPluginManager: Mounting plugin RuntimePhysXCooking
LogPluginManager: Mounting plugin SteamVR
LogPluginManager: Mounting plugin WindowsMoviePlayer
LogStreaming: Display: Took  0.226s to configure plugins.
LogInit: Using libcurl 7.55.1-DEV
LogInit:  - built for x86_64-pc-win32
LogInit:  - supports SSL with OpenSSL/1.0.2h
LogInit:  - supports HTTP deflate (compression) using libz 1.2.8
LogInit:  - other features:
LogInit:      CURL_VERSION_SSL
LogInit:      CURL_VERSION_LIBZ
LogInit:      CURL_VERSION_IPV6
LogInit:      CURL_VERSION_ASYNCHDNS
LogInit:      CURL_VERSION_LARGEFILE
LogInit:      CURL_VERSION_IDN
LogInit:  CurlRequestOptions (configurable via config and command line):
LogInit:  - bVerifyPeer = false  - Libcurl will NOT verify peer certificate
LogInit:  - bUseHttpProxy = false  - Libcurl will NOT use HTTP proxy
LogInit:  - bDontReuseConnections = false  - Libcurl will reuse connections
LogInit:  - CertBundlePath = nullptr  - Libcurl will use whatever was configured at build time.
LogInit:  - MaxHostConnections = 16  - Libcurl will limit the number of connections to a host
LogInit:  - LocalHostAddr = Default
LogInit:  - BufferSize = 65536
LogInit: WinSock: version 1.1 (2.2), MaxSocks=32767, MaxUdp=65467
LogInit: Build: ++UE4+Release-4.20-CL-4369336
LogInit: Engine Version: 4.20.3-4369336+++UE4+Release-4.20
LogInit: Compatible Engine Version: 4.20.0-4212847+++UE4+Release-4.20
LogInit: Net CL: 4212847
LogInit: OS: Windows 10 (), CPU: Intel(R) Xeon(R) W-2123 CPU @ 3.60GHz, GPU: NVIDIA GeForce GTX 1070
LogInit: Compiled (64-bit): Sep 17 2018 12:26:19
LogInit: Compiled with Visual C++: 19.13.26129.00
LogInit: Build Configuration: Development
LogInit: Branch Name: ++UE4+Release-4.20
LogInit: Command Line:  -skipcompile
LogInit: Base Directory: C:/Epic/UE4/UE_4.20/Engine/Binaries/Win64/
LogInit: Installed Engine Build: 1
LogDevObjectVersion: Number of dev versions registered: 20
LogDevObjectVersion:   Dev-Blueprints (B0D832E4-1F89-4F0D-ACCF-7EB736FD4AA2): 10
LogDevObjectVersion:   Dev-Build (E1C64328-A22C-4D53-A36C-8E866417BD8C): 0
LogDevObjectVersion:   Dev-Core (375EC13C-06E4-48FB-B500-84F0262A717E): 2
LogDevObjectVersion:   Dev-Editor (E4B068ED-F494-42E9-A231-DA0B2E46BB41): 24
LogDevObjectVersion:   Dev-Framework (CFFC743F-43B0-4480-9391-14DF171D2073): 34
LogDevObjectVersion:   Dev-Mobile (B02B49B5-BB20-44E9-A304-32B752E40360): 2
LogDevObjectVersion:   Dev-Networking (A4E4105C-59A1-49B5-A7C5-40C4547EDFEE): 0
LogDevObjectVersion:   Dev-Online (39C831C9-5AE6-47DC-9A44-9C173E1C8E7C): 0
LogDevObjectVersion:   Dev-Physics (78F01B33-EBEA-4F98-B9B4-84EACCB95AA2): 0
LogDevObjectVersion:   Dev-Platform (6631380F-2D4D-43E0-8009-CF276956A95A): 0
LogDevObjectVersion:   Dev-Rendering (12F88B9F-8875-4AFC-A67C-D90C383ABD29): 26
LogDevObjectVersion:   Dev-Sequencer (7B5AE74C-D270-4C10-A958-57980B212A5A): 9
LogDevObjectVersion:   Dev-VR (D7296918-1DD6-4BDD-9DE2-64A83CC13884): 2
LogDevObjectVersion:   Dev-LoadTimes (C2A15278-BFE7-4AFE-6C17-90FF531DF755): 1
LogDevObjectVersion:   Private-Geometry (6EACA3D4-40EC-4CC1-B786-8BED09428FC5): 3
LogDevObjectVersion:   Dev-AnimPhys (29E575DD-E0A3-4627-9D10-D276232CDCEA): 17
LogDevObjectVersion:   Dev-ReflectionCapture (6B266CEC-1EC7-4B8F-A30B-E4D90942FC07): 1
LogDevObjectVersion:   Dev-Automation (0DF73D61-A23F-47EA-B727-89E90C41499A): 1
LogDevObjectVersion:   FortniteMain (601D1886-AC64-4F84-AA16-D3DE0DEAC7D6): 12
LogDevObjectVersion:   Dev-Enterprise (9DFFBCD6-494F-0158-E221-12823C92A888): 1
LogStreaming: Display: Took  0.001s to delete old logs.
LogInit: Presizing for max 8388607 objects, including 0 objects not considered by GC, pre-allocating 0 bytes for permanent pool.
LogInit: Object subsystem initialized
[2018.12.06-10.50.30:815][  0]LogInit: Selected Device Profile: [Windows]
[2018.12.06-10.50.30:816][  0]LogInit: Applying CVar settings loaded from the selected device profile: [Windows]
[2018.12.06-10.50.30:840][  0]LogHAL: Display: Platform has ~ 32 GB [34065870848 / 34359738368 / 32], which maps to Largest [LargestMinGB=32, LargerMinGB=12, DefaultMinGB=8, SmallerMinGB=6, SmallestMinGB=0)
[2018.12.06-10.50.30:840][  0]LogInit: Setting Device Profile CVar: [[r.Vulkan.UseRealUBs:1]]
[2018.12.06-10.50.30:840][  0]LogInit: Going up to parent DeviceProfile []
[2018.12.06-10.50.30:841][  0]LogInit: Computer: C117B-04
[2018.12.06-10.50.30:841][  0]LogInit: User: h017026h
[2018.12.06-10.50.30:841][  0]LogInit: CPU Page size=4096, Cores=4
[2018.12.06-10.50.30:841][  0]LogInit: High frequency timer resolution =3.515624 MHz
[2018.12.06-10.50.30:841][  0]LogMemory: Memory total: Physical=31.7GB (32GB approx)
[2018.12.06-10.50.30:841][  0]LogMemory: Platform Memory Stats for Windows
[2018.12.06-10.50.30:841][  0]LogMemory: Process Physical Memory: 101.78 MB used, 101.78 MB peak
[2018.12.06-10.50.30:841][  0]LogMemory: Process Virtual Memory: 89.45 MB used, 89.45 MB peak
[2018.12.06-10.50.30:841][  0]LogMemory: Physical Memory: 7013.71 MB used,  25474.04 MB free, 32487.75 MB total
[2018.12.06-10.50.30:841][  0]LogMemory: Virtual Memory: 4638.52 MB used,  25474.04 MB free, 134217728.00 MB total
[2018.12.06-10.50.30:972][  0]LogInit: Using OS detected language (en-US).
[2018.12.06-10.50.30:972][  0]LogInit: Using OS detected locale (en-GB).
[2018.12.06-10.50.30:974][  0]LogTextLocalizationManager: No specific localization for 'en-US' exists, so the 'en' localization will be used.
[2018.12.06-10.50.31:335][  0]LogStreaming: Display: Took  0.363s to InitEngineTextLocalization.
[2018.12.06-10.50.31:335][  0]LogInit: Setting process to per monitor DPI aware
[2018.12.06-10.50.31:389][  0]LogSlate: New Slate User Created.  User Index 0, Is Virtual User: 0
[2018.12.06-10.50.31:389][  0]LogSlate: Slate User Registered.  User Index 0, Is Virtual User: 0
[2018.12.06-10.50.31:620][  0]LogHMD: Failed to initialize OpenVR with code 110
[2018.12.06-10.50.31:620][  0]LogD3D11RHI: D3D11 adapters:
[2018.12.06-10.50.31:731][  0]LogD3D11RHI:    0. 'NVIDIA GeForce GTX 1070' (Feature Level 11_0)
[2018.12.06-10.50.31:731][  0]LogD3D11RHI:       8088/0/16243 MB DedicatedVideo/DedicatedSystem/SharedSystem, Outputs:2, VendorId:0x10de
[2018.12.06-10.50.31:737][  0]LogD3D11RHI:    1. 'Microsoft Basic Render Driver' (Feature Level 11_0)
[2018.12.06-10.50.31:738][  0]LogD3D11RHI:       0/0/16243 MB DedicatedVideo/DedicatedSystem/SharedSystem, Outputs:0, VendorId:0x1414
[2018.12.06-10.50.31:738][  0]LogD3D11RHI: Chosen D3D11 Adapter: 0
[2018.12.06-10.50.31:748][  0]LogD3D11RHI: Creating new Direct3DDevice
[2018.12.06-10.50.31:748][  0]LogD3D11RHI:     GPU DeviceId: 0x1b81 (for the marketing name, search the web for "GPU Device Id")
[2018.12.06-10.50.31:748][  0]LogWindows: EnumDisplayDevices:
[2018.12.06-10.50.31:748][  0]LogWindows:    0. 'NVIDIA GeForce GTX 1070' (P:1 D:1)
[2018.12.06-10.50.31:749][  0]LogWindows:    1. 'NVIDIA GeForce GTX 1070' (P:0 D:1)
[2018.12.06-10.50.31:749][  0]LogWindows:    2. 'NVIDIA GeForce GTX 1070' (P:0 D:0)
[2018.12.06-10.50.31:750][  0]LogWindows:    3. 'NVIDIA GeForce GTX 1070' (P:0 D:0)
[2018.12.06-10.50.31:750][  0]LogWindows: DebugString: FoundDriverCount:4 
[2018.12.06-10.50.31:750][  0]LogD3D11RHI:     Adapter Name: NVIDIA GeForce GTX 1070
[2018.12.06-10.50.31:750][  0]LogD3D11RHI:   Driver Version: 399.24 (internal:24.21.13.9924, unified:399.24)
[2018.12.06-10.50.31:750][  0]LogD3D11RHI:      Driver Date: 9-5-2018
[2018.12.06-10.50.31:750][  0]LogRHI: Texture pool is 5661 MB (70% of 8088 MB)
[2018.12.06-10.50.31:817][  0]LogD3D11RHI: Async texture creation enabled
[2018.12.06-10.50.31:842][  0]LogD3D11RHI: GPU Timing Frequency: 1000.000000 (Debug: 2 2)
[2018.12.06-10.50.31:849][  0]LogShaderCompilers: Guid format shader working directory is -11 characters bigger than the processId version (../../../../../../Users/h017026h/TGPPairProject/PairProject/Intermediate/Shaders/WorkingDirectory/12916/).
[2018.12.06-10.50.31:850][  0]LogShaderCompilers: Cleaned the shader compiler working directory 'C:/Users/h017026h/AppData/Local/Temp/UnrealShaderWorkingDir/C0F692244F7AAA97503650BF9728F6DA/'.
[2018.12.06-10.50.32:181][  0]LogTemp: Display: Loaded TP AllDesktopTargetPlatform
[2018.12.06-10.50.32:202][  0]LogTemp: Display: Loaded TP MacClientTargetPlatform
[2018.12.06-10.50.32:232][  0]LogTemp: Display: Loaded TP MacNoEditorTargetPlatform
[2018.12.06-10.50.32:253][  0]LogTemp: Display: Loaded TP MacServerTargetPlatform
[2018.12.06-10.50.32:269][  0]LogTemp: Display: Loaded TP MacTargetPlatform
[2018.12.06-10.50.32:285][  0]LogTemp: Display: Loaded TP WindowsClientTargetPlatform
[2018.12.06-10.50.32:301][  0]LogTemp: Display: Loaded TP WindowsNoEditorTargetPlatform
[2018.12.06-10.50.32:317][  0]LogTemp: Display: Loaded TP WindowsServerTargetPlatform
[2018.12.06-10.50.32:330][  0]LogTemp: Display: Loaded TP WindowsTargetPlatform
[2018.12.06-10.50.32:419][  0]LogTemp: Display: Loaded TP AndroidTargetPlatform
[2018.12.06-10.50.32:419][  0]LogTemp: Display: Loaded TP AndroidTargetPlatform
[2018.12.06-10.50.32:419][  0]LogTemp: Display: Loaded TP AndroidTargetPlatform
[2018.12.06-10.50.32:419][  0]LogTemp: Display: Loaded TP AndroidTargetPlatform
[2018.12.06-10.50.32:419][  0]LogTemp: Display: Loaded TP AndroidTargetPlatform
[2018.12.06-10.50.32:419][  0]LogTemp: Display: Loaded TP AndroidTargetPlatform
[2018.12.06-10.50.32:419][  0]LogTemp: Display: Loaded TP AndroidTargetPlatform
[2018.12.06-10.50.32:419][  0]LogTemp: Display: Loaded TP AndroidTargetPlatform
[2018.12.06-10.50.32:420][  0]LogTemp: Display: Loaded TP AndroidTargetPlatform
[2018.12.06-10.50.32:420][  0]LogTemp: Display: Loaded TP AndroidTargetPlatform
[2018.12.06-10.50.32:420][  0]LogTemp: Display: Loaded TP AndroidTargetPlatform
[2018.12.06-10.50.32:420][  0]LogTemp: Display: Loaded TP AndroidTargetPlatform
[2018.12.06-10.50.32:420][  0]LogTemp: Display: Loaded TP AndroidTargetPlatform
[2018.12.06-10.50.32:420][  0]LogTemp: Display: Loaded TP AndroidTargetPlatform
[2018.12.06-10.50.32:420][  0]LogTemp: Display: Loaded TP AndroidTargetPlatform
[2018.12.06-10.50.32:420][  0]LogTemp: Display: Loaded TP AndroidTargetPlatform
[2018.12.06-10.50.32:420][  0]LogTemp: Display: Loaded TP AndroidTargetPlatform
[2018.12.06-10.50.32:420][  0]LogTemp: Display: Loaded TP AndroidTargetPlatform
[2018.12.06-10.50.32:425][  0]LogTemp: Display: Loaded TP HTML5TargetPlatform
[2018.12.06-10.50.32:504][  0]LogTemp: Display: Loaded TP IOSTargetPlatform
[2018.12.06-10.50.32:504][  0]LogTemp: Display: Loaded TP IOSTargetPlatform
[2018.12.06-10.50.32:528][  0]LogTemp: Display: Loaded TP TVOSTargetPlatform
[2018.12.06-10.50.32:528][  0]LogTemp: Display: Loaded TP TVOSTargetPlatform
[2018.12.06-10.50.32:545][  0]LogTemp: Display: Loaded TP LinuxClientTargetPlatform
[2018.12.06-10.50.32:559][  0]LogTemp: Display: Loaded TP LinuxNoEditorTargetPlatform
[2018.12.06-10.50.32:573][  0]LogTemp: Display: Loaded TP LinuxServerTargetPlatform
[2018.12.06-10.50.32:589][  0]LogTemp: Display: Loaded TP LinuxTargetPlatform
[2018.12.06-10.50.32:605][  0]LogTemp: Display: Loaded TP LuminTargetPlatform
[2018.12.06-10.50.32:605][  0]LogTargetPlatformManager: Display: Building Assets For Windows
[2018.12.06-10.50.32:745][  0]LogXGEController: Cleaning working directory: C:/Users/h017026h/AppData/Local/Temp/UnrealXGEWorkingDir/
[2018.12.06-10.50.32:746][  0]LogXGEController: Cannot use XGE Controller as Incredibuild is not installed on this machine.
[2018.12.06-10.50.32:746][  0]LogShaderCompilers: Cannot use XGE Shader Compiler as Incredibuild is not installed on this machine.
[2018.12.06-10.50.32:746][  0]LogShaderCompilers: Display: Using Local Shader Compiler.
[2018.12.06-10.50.33:546][  0]LogDerivedDataCache: Display: Max Cache Size: 512 MB
[2018.12.06-10.50.33:627][  0]LogDerivedDataCache: Loaded boot cache 0.08s 71MB C:/Users/h017026h/AppData/Local/UnrealEngine/4.20/DerivedDataCache/Boot.ddc.
[2018.12.06-10.50.33:630][  0]LogDerivedDataCache: Display: Loaded Boot cache: C:/Users/h017026h/AppData/Local/UnrealEngine/4.20/DerivedDataCache/Boot.ddc
[2018.12.06-10.50.33:630][  0]LogDerivedDataCache: FDerivedDataBackendGraph:  Pak pak cache file ../../../../../../Users/h017026h/TGPPairProject/PairProject/DerivedDataCache/DDC.ddp not found, will not use a pak cache.
[2018.12.06-10.50.33:630][  0]LogDerivedDataCache: Unable to find inner node Pak for hierarchical cache Hierarchy.
[2018.12.06-10.50.33:630][  0]LogDerivedDataCache: FDerivedDataBackendGraph:  CompressedPak pak cache file ../../../../../../Users/h017026h/TGPPairProject/PairProject/DerivedDataCache/Compressed.ddp not found, will not use a pak cache.
[2018.12.06-10.50.33:631][  0]LogDerivedDataCache: Unable to find inner node CompressedPak for hierarchical cache Hierarchy.
[2018.12.06-10.50.33:659][  0]LogDerivedDataCache: Display: Pak cache opened for reading ../../../Engine/DerivedDataCache/Compressed.ddp.
[2018.12.06-10.50.33:673][  0]LogDerivedDataCache: Using Local data cache path C:/Users/h017026h/AppData/Local/UnrealEngine/Common/DerivedDataCache: Writable
[2018.12.06-10.50.33:673][  0]LogDerivedDataCache: Shared data cache path not found in *engine.ini, will not use an Shared cache.
[2018.12.06-10.50.33:673][  0]LogDerivedDataCache: Unable to find inner node Shared for hierarchical cache Hierarchy.
[2018.12.06-10.50.33:710][  0]LogMaterial: Verifying Global Shaders for PCD3D_SM5
[2018.12.06-10.50.33:711][  0]LogSlate: Using FreeType 2.6.0
[2018.12.06-10.50.33:712][  0]LogSlate: SlateFontServices - WITH_FREETYPE: 1, WITH_HARFBUZZ: 1
[2018.12.06-10.50.33:786][  0]LogAssetRegistry: FAssetRegistry took 0.0290 seconds to start up
[2018.12.06-10.50.34:126][  0]LogInit: Selected Device Profile: [Windows]
[2018.12.06-10.50.34:310][  0]LogSimplygon: Simplygon DLL not present - disabling.
[2018.12.06-10.50.34:320][  0]LogMeshReduction: Using SimplygonSwarm for distributed automatic mesh merging
[2018.12.06-10.50.34:320][  0]LogMeshReduction: Using ProxyLODMeshReduction for automatic mesh merging
[2018.12.06-10.50.34:320][  0]LogMeshReduction: Using QuadricMeshReduction for automatic static mesh reduction
[2018.12.06-10.50.34:320][  0]LogMeshReduction: No automatic skeletal mesh reduction module available
[2018.12.06-10.50.34:339][  0]LogNetVersion: PairProject 1.0.0, NetCL: 4212847, EngineNetVer: 5, GameNetVer: 0 (Checksum: 2248716754)
[2018.12.06-10.50.34:904][  0]LogPackageLocalizationCache: Processed 11 localized package path(s) for 2 prioritized culture(s) in 0.124339 seconds
[2018.12.06-10.50.34:911][  0]LogUObjectArray: 38425 objects as part of root set at end of initial load.
[2018.12.06-10.50.34:911][  0]LogUObjectAllocator: 6690864 out of 0 bytes used by permanent object pool.
[2018.12.06-10.50.34:911][  0]LogUObjectArray: CloseDisregardForGC: 0/0 objects in disregard for GC pool
[2018.12.06-10.50.35:892][  0]LogTcpMessaging: Initializing TcpMessaging bridge
[2018.12.06-10.50.35:909][  0]LogUdpMessaging: Initializing bridge on interface 0.0.0.0:0 to multicast group 230.0.0.1:6666.
[2018.12.06-10.50.36:112][  0]SourceControl: Source control is disabled
[2018.12.06-10.50.36:112][  0]SourceControl: Source control is disabled
[2018.12.06-10.50.36:116][  0]SourceControl: Source control is disabled
[2018.12.06-10.50.36:120][  0]SourceControl: Source control is disabled
[2018.12.06-10.50.36:416][  0]LogAndroidPermission: UAndroidPermissionCallbackProxy::GetInstance
[2018.12.06-10.50.36:492][  0]LogOcInput: OculusInput pre-init called
[2018.12.06-10.50.36:572][  0]LogEngine: Initializing Engine...
[2018.12.06-10.50.36:573][  0]LogHMD: Failed to initialize OpenVR with code 110
[2018.12.06-10.50.36:574][  0]LogStats: UGameplayTagsManager::ConstructGameplayTagTree: ImportINI prefixes -  0.000 s
[2018.12.06-10.50.36:574][  0]LogStats: UGameplayTagsManager::ConstructGameplayTagTree: Construct from data asset -  0.000 s
[2018.12.06-10.50.36:574][  0]LogStats: UGameplayTagsManager::ConstructGameplayTagTree: ImportINI -  0.000 s
[2018.12.06-10.50.36:574][  0]LogStats: UGameplayTagsManager::ConstructGameplayTagTree: GameplayTagTreeChangedEvent.Broadcast -  0.000 s
[2018.12.06-10.50.36:802][  0]LogInit: Initializing FReadOnlyCVARCache
[2018.12.06-10.50.36:820][  0]LogAIModule: Creating AISystem for world Untitled
[2018.12.06-10.50.36:839][  0]LogInit: XAudio2 using 'Speakers (2- High Definition Audio Device)' : 2 channels at 48 kHz using 16 bits per sample (channel mask 0x3)
[2018.12.06-10.50.36:868][  0]LogInit: FAudioDevice initialized.
[2018.12.06-10.50.36:869][  0]LogNetVersion: Set ProjectVersion to 1.0.0.0. Version Checksum will be recalculated on next use.
[2018.12.06-10.50.36:922][  0]LogDerivedDataCache: Saved boot cache 0.05s 71MB C:/Users/h017026h/AppData/Local/UnrealEngine/4.20/DerivedDataCache/Boot.ddc.
[2018.12.06-10.50.36:940][  0]LogInit: Texture streaming: Enabled
[2018.12.06-10.50.36:982][  0]LogEngineSessionManager: EngineSessionManager initialized
[2018.12.06-10.50.36:982][  0]LogEngineSessionManager: EngineSessionManager sent abnormal shutdown report. Type=Debugger, SessionId={98C3DD9E-4FF7-750A-76B2-2CA293130E31}
[2018.12.06-10.50.37:002][  0]LogInit: Transaction tracking system initialized
[2018.12.06-10.50.37:046][  0]BlueprintLog: New page: Editor Load
[2018.12.06-10.50.37:185][  0]LocalizationService: Localization service is disabled
[2018.12.06-10.50.37:587][  0]LogCook: Display: Max memory allowance for cook 16384mb min free memory 0mb
[2018.12.06-10.50.37:587][  0]LogCook: Display: Mobile HDR setting 1
[2018.12.06-10.50.37:587][  0]LogGameplayTags: Display: UGameplayTagsManager::DoneAddingNativeTags. DelegateIsBound: 0
[2018.12.06-10.50.37:588][  0]LogStats: UGameplayTagsManager::ConstructGameplayTagTree: ImportINI prefixes -  0.000 s
[2018.12.06-10.50.37:588][  0]LogStats: UGameplayTagsManager::ConstructGameplayTagTree: Construct from data asset -  0.000 s
[2018.12.06-10.50.37:588][  0]LogFileCache: Scanning file cache for directory 'C:/Users/h017026h/TGPPairProject/PairProject/Content/' took 0.01s
[2018.12.06-10.50.37:588][  0]LogStats: UGameplayTagsManager::ConstructGameplayTagTree: ImportINI -  0.000 s
[2018.12.06-10.50.37:588][  0]LogStats: UGameplayTagsManager::ConstructGameplayTagTree: GameplayTagTreeChangedEvent.Broadcast -  0.000 s
[2018.12.06-10.50.37:794][  0]SourceControl: Source control is disabled
[2018.12.06-10.50.37:795][  0]Cmd: MAP LOAD FILE="../../../Engine/Content/Maps/Templates/Template_Default.umap" TEMPLATE=1 SHOWPROGRESS=1 FEATURELEVEL=3
[2018.12.06-10.50.37:796][  0]LightingResults: New page: Lighting Build
[2018.12.06-10.50.37:799][  0]MapCheck: New page: Map Check
[2018.12.06-10.50.37:800][  0]LightingResults: New page: Lighting Build
[2018.12.06-10.50.37:949][  0]LogAIModule: Creating AISystem for world Untitled_1
[2018.12.06-10.50.37:965][  0]LogEditorServer: Finished looking for orphan Actors (0.000 secs)
[2018.12.06-10.50.38:003][  0]Cmd: MAP CHECKDEP NOCLEARLOG
[2018.12.06-10.50.38:106][  0]MapCheck: Map check complete: 0 Error(s), 0 Warning(s), took 103.149ms to complete.
[2018.12.06-10.50.38:106][  0]LogFileHelpers: Loading map 'Template_Default' took 0.312
[2018.12.06-10.50.38:238][  0]LogSlate: Updating window title bar state: overlay mode, drag disabled, window buttons hidden, title bar hidden
[2018.12.06-10.50.38:246][  0]LogSlate: Updating window title bar state: overlay mode, drag disabled, window buttons hidden, title bar hidden
[2018.12.06-10.50.38:254][  0]LogSlate: Updating window title bar state: overlay mode, drag disabled, window buttons hidden, title bar hidden
[2018.12.06-10.50.38:261][  0]LogSlate: Updating window title bar state: overlay mode, drag disabled, window buttons hidden, title bar hidden
[2018.12.06-10.50.38:272][  0]LogCollectionManager: Loaded 0 collections in 0.002683 seconds
[2018.12.06-10.50.38:339][  0]LogFileCache: Scanning file cache for directory 'C:/Users/h017026h/TGPPairProject/PairProject/Saved/Collections/' took 0.01s
[2018.12.06-10.50.38:339][  0]LogFileCache: Scanning file cache for directory 'C:/Users/h017026h/TGPPairProject/PairProject/Content/Developers/h017026h/Collections/' took 0.01s
[2018.12.06-10.50.38:339][  0]LogFileCache: Scanning file cache for directory 'C:/Users/h017026h/TGPPairProject/PairProject/Content/Collections/' took 0.01s
[2018.12.06-10.50.38:339][  0]LogCollectionManager: Rebuilt the GUID cache for 0 collections in 0.000001 seconds
[2018.12.06-10.50.38:359][  0]LogContentBrowser: Native class hierarchy populated in 0.0190 seconds. Added 2577 classes and 606 folders.
[2018.12.06-10.50.38:367][  0]LogContentBrowser: Native class hierarchy updated for 'WidgetCarousel' in 0.0004 seconds. Added 0 classes and 0 folders.
[2018.12.06-10.50.38:422][  0]LogContentBrowser: Native class hierarchy updated for 'AddContentDialog' in 0.0004 seconds. Added 0 classes and 0 folders.
[2018.12.06-10.50.38:440][  0]LogContentBrowser: Native class hierarchy updated for 'SceneOutliner' in 0.0014 seconds. Added 1 classes and 2 folders.
[2018.12.06-10.50.38:470][  0]LogSlate: Took 0.000254 seconds to synchronously load lazily loaded font '../../../Engine/Content/Slate/Fonts/Roboto-Regular.ttf' (155K)
[2018.12.06-10.50.38:473][  0]LogSlate: Took 0.000243 seconds to synchronously load lazily loaded font '../../../Engine/Content/Slate/Fonts/Roboto-Bold.ttf' (160K)
[2018.12.06-10.50.38:481][  0]LogSlate: Took 0.000268 seconds to synchronously load lazily loaded font '../../../Engine/Content/Editor/Slate/Fonts/FontAwesome.ttf' (139K)
[2018.12.06-10.50.38:553][  0]LogRenderer: Reallocating scene render targets to support 1168x576 Format 10 NumSamples 1 (Frame:1).
[2018.12.06-10.50.38:710][  0]LogContentBrowser: Native class hierarchy updated for 'HierarchicalLODOutliner' in 0.0010 seconds. Added 0 classes and 0 folders.
[2018.12.06-10.50.38:710][  0]LogLoad: (Engine Initialization) Total time: 10.43 seconds
[2018.12.06-10.50.38:711][  0]LogLoad: (Engine Initialization) Total Blueprint compile time: 0.00 seconds
[2018.12.06-10.50.38:723][  0]LogWindowsTextInputMethodSystem: Display: IME system now deactivated.
[2018.12.06-10.50.38:747][  0]LogAssetRegistry: Asset discovery search completed in 4.9854 seconds
[2018.12.06-10.50.38:750][  0]LogCollectionManager: Rebuilt the object cache for 0 collections in 0.000000 seconds (found 0 objects)
[2018.12.06-10.50.38:750][  0]LogCollectionManager: Fixed up redirectors for 0 collections in 0.000174 seconds (updated 0 objects)
[2018.12.06-10.50.38:753][  0]LogContentStreaming: Texture pool size now 1000 MB
[2018.12.06-10.50.38:798][  0]LogSlate: Took 0.000234 seconds to synchronously load lazily loaded font '../../../Engine/Content/Slate/Fonts/Roboto-Light.ttf' (167K)
[2018.12.06-10.50.40:457][179]LogSlate: FSceneViewport::OnFocusLost() reason 0
[2018.12.06-10.50.40:620][197]LogSlate: Took 0.000202 seconds to synchronously load lazily loaded font '../../../Engine/Content/Slate/Fonts/Roboto-Light.ttf' (167K)
[2018.12.06-10.50.40:671][197]LogAIModule: Creating AISystem for world CameraSwitchLevelTest
[2018.12.06-10.50.40:677][197]LogAssetEditorManager: Opening Asset editor for World /Game/CameraSwitchLevelTest.CameraSwitchLevelTest
[2018.12.06-10.50.40:712][197]Cmd: MAP LOAD FILE="../../../../../../Users/h017026h/TGPPairProject/PairProject/Content/CameraSwitchLevelTest.umap" TEMPLATE=0 SHOWPROGRESS=1 FEATURELEVEL=3
[2018.12.06-10.50.40:712][197]LightingResults: New page: Lighting Build
[2018.12.06-10.50.40:713][197]LoadErrors: New page: Loading map: CameraSwitchLevelTest.umap
[2018.12.06-10.50.40:714][197]MapCheck: New page: Map Check
[2018.12.06-10.50.40:714][197]LightingResults: New page: Lighting Build
[2018.12.06-10.50.40:746][197]LogEditorServer: Finished looking for orphan Actors (0.000 secs)
[2018.12.06-10.50.40:799][197]Cmd: MAP CHECKDEP NOCLEARLOG
[2018.12.06-10.50.40:903][197]MapCheck: Map check complete: 0 Error(s), 0 Warning(s), took 104.061ms to complete.
[2018.12.06-10.50.40:905][197]LogFileHelpers: Loading map 'CameraSwitchLevelTest' took 0.194
[2018.12.06-10.50.42:663][385]LogEditorViewport: Clicking on Actor (LMB): MyBPBaseCharacter_C (MyBPBaseCharacter2)
[2018.12.06-10.50.45:432][686]LogSlate: FSceneViewport::OnFocusLost() reason 0
[2018.12.06-10.50.45:523][697]LogTemp: Repeating last play command: Selected Viewport
[2018.12.06-10.50.45:539][697]LogBlueprintUserMessages: Early PlayInEditor Detection: Level '/Game/CameraSwitchLevelTest.CameraSwitchLevelTest:PersistentLevel' has LevelScriptBlueprint '/Game/CameraSwitchLevelTest.CameraSwitchLevelTest:PersistentLevel.CameraSwitchLevelTest' with GeneratedClass '/Game/CameraSwitchLevelTest.CameraSwitchLevelTest_C' with ClassGeneratedBy '/Game/CameraSwitchLevelTest.CameraSwitchLevelTest:PersistentLevel.CameraSwitchLevelTest'
[2018.12.06-10.50.45:539][697]LogPlayLevel: PlayLevel: No blueprints needed recompiling
[2018.12.06-10.50.45:554][697]PIE: New page: PIE session: CameraSwitchLevelTest (6 Dec 2018 10:50:45)
[2018.12.06-10.50.45:554][697]LogPlayLevel: Creating play world package: /Game/UEDPIE_0_CameraSwitchLevelTest
[2018.12.06-10.50.45:557][697]LogPlayLevel: PIE: StaticDuplicateObject took: (0.003609s)
[2018.12.06-10.50.45:558][697]LogAIModule: Creating AISystem for world CameraSwitchLevelTest
[2018.12.06-10.50.45:559][697]LogPlayLevel: PIE: World Init took: (0.000845s)
[2018.12.06-10.50.45:559][697]LogPlayLevel: PIE: Created PIE world by copying editor world from /Game/CameraSwitchLevelTest.CameraSwitchLevelTest to /Game/UEDPIE_0_CameraSwitchLevelTest.CameraSwitchLevelTest (0.004922s)
[2018.12.06-10.50.45:647][697]LogInit: XAudio2 using 'Speakers (2- High Definition Audio Device)' : 2 channels at 48 kHz using 16 bits per sample (channel mask 0x3)
[2018.12.06-10.50.45:667][697]LogInit: FAudioDevice initialized.
[2018.12.06-10.50.45:732][697]LogLoad: Game class is 'TestGameMode_C'
[2018.12.06-10.50.45:735][697]LogWorld: Bringing World /Game/UEDPIE_0_CameraSwitchLevelTest.CameraSwitchLevelTest up for play (max tick rate 0) at 2018.12.06-10.50.45
[2018.12.06-10.50.45:737][697]LogWorld: Bringing up level for play took: 0.003798
[2018.12.06-10.50.45:759][697]LogContentBrowser: Native class hierarchy updated for 'MovieSceneCapture' in 0.0005 seconds. Added 10 classes and 0 folders.
[2018.12.06-10.50.45:761][697]PIE: Play in editor start time for /Game/UEDPIE_0_CameraSwitchLevelTest 0.439
[2018.12.06-10.50.45:761][697]LogBlueprintUserMessages: Late PlayInEditor Detection: Level '/Game/CameraSwitchLevelTest.CameraSwitchLevelTest:PersistentLevel' has LevelScriptBlueprint '/Game/CameraSwitchLevelTest.CameraSwitchLevelTest:PersistentLevel.CameraSwitchLevelTest' with GeneratedClass '/Game/CameraSwitchLevelTest.CameraSwitchLevelTest_C' with ClassGeneratedBy '/Game/CameraSwitchLevelTest.CameraSwitchLevelTest:PersistentLevel.CameraSwitchLevelTest'
[2018.12.06-10.50.58:866][261]LogBlueprintUserMessages: Early EndPlayMap Detection: Level '/Game/CameraSwitchLevelTest.CameraSwitchLevelTest:PersistentLevel' has LevelScriptBlueprint '/Game/CameraSwitchLevelTest.CameraSwitchLevelTest:PersistentLevel.CameraSwitchLevelTest' with GeneratedClass '/Game/CameraSwitchLevelTest.CameraSwitchLevelTest_C' with ClassGeneratedBy '/Game/CameraSwitchLevelTest.CameraSwitchLevelTest:PersistentLevel.CameraSwitchLevelTest'
[2018.12.06-10.50.58:867][261]LogSlate: Updating window title bar state: overlay mode, drag disabled, window buttons hidden, title bar hidden
[2018.12.06-10.50.58:908][261]LogPlayLevel: Display: Shutting down PIE online subsystems
[2018.12.06-10.50.58:908][261]LogBlueprintUserMessages: Late EndPlayMap Detection: Level '/Game/CameraSwitchLevelTest.CameraSwitchLevelTest:PersistentLevel' has LevelScriptBlueprint '/Game/CameraSwitchLevelTest.CameraSwitchLevelTest:PersistentLevel.CameraSwitchLevelTest' with GeneratedClass '/Game/CameraSwitchLevelTest.CameraSwitchLevelTest_C' with ClassGeneratedBy '/Game/CameraSwitchLevelTest.CameraSwitchLevelTest:PersistentLevel.CameraSwitchLevelTest'
[2018.12.06-10.50.58:954][261]LogSlate: Updating window title bar state: overlay mode, drag disabled, window buttons hidden, title bar hidden
[2018.12.06-10.50.58:974][262]LogPlayLevel: Display: Destroying online subsystem :Context_2
[2018.12.06-10.51.11:914][807]LogSlate: FSceneViewport::OnFocusLost() reason 2
