Log file open, 11/21/18 21:08:09
LogWindows: Failed to load 'aqProf.dll' (GetLastError=126)
LogWindows: File 'aqProf.dll' does not exist
LogWindows: Failed to load 'VSPerf140.dll' (GetLastError=126)
LogWindows: File 'VSPerf140.dll' does not exist
LogWindows: Failed to load 'VtuneApi.dll' (GetLastError=126)
LogWindows: File 'VtuneApi.dll' does not exist
LogWindows: Failed to load 'VtuneApi32e.dll' (GetLastError=126)
LogWindows: File 'VtuneApi32e.dll' does not exist
LogInit: Display: Running engine for game: PairProject
LogPlatformFile: Not using cached read wrapper
LogTaskGraph: Started task graph with 5 named threads and 23 total threads with 3 sets of task threads.
LogStats: Stats thread started at 0.422723
LogD3D11RHI: Loaded GFSDK_Aftermath_Lib.x64.dll
LogICUInternationalization: Display: ICU TimeZone Detection - Raw Offset: +0:00, Platform Override: ''
LogPluginManager: Mounting plugin Paper2D
LogPluginManager: Mounting plugin AISupport
LogPluginManager: Mounting plugin LightPropagationVolume
LogPluginManager: Mounting plugin CLionSourceCodeAccess
LogPluginManager: Mounting plugin CodeLiteSourceCodeAccess
LogPluginManager: Mounting plugin GitSourceControl
LogPluginManager: Mounting plugin KDevelopSourceCodeAccess
LogPluginManager: Mounting plugin NullSourceCodeAccess
LogPluginManager: Mounting plugin PerforceSourceControl
LogPluginManager: Mounting plugin SubversionSourceControl
LogPluginManager: Mounting plugin UObjectPlugin
LogPluginManager: Mounting plugin VisualStudioCodeSourceCodeAccess
LogPluginManager: Mounting plugin VisualStudioSourceCodeAccess
LogPluginManager: Mounting plugin XCodeSourceCodeAccess
LogPluginManager: Mounting plugin AssetManagerEditor
LogPluginManager: Mounting plugin CryptoKeys
LogPluginManager: Mounting plugin DataValidation
LogPluginManager: Mounting plugin FacialAnimation
LogPluginManager: Mounting plugin GameplayTagsEditor
LogPluginManager: Mounting plugin MacGraphicsSwitching
LogPluginManager: Mounting plugin MeshEditor
LogPluginManager: Mounting plugin MobileLauncherProfileWizard
LogPluginManager: Mounting plugin PluginBrowser
LogPluginManager: Mounting plugin SpeedTreeImporter
LogPluginManager: Mounting plugin DatasmithContent
LogPluginManager: Mounting plugin AlembicImporter
LogPluginManager: Mounting plugin AppleImageUtils
LogPluginManager: Mounting plugin AppleVision
LogPluginManager: Mounting plugin BackChannel
LogPluginManager: Mounting plugin CharacterAI
LogPluginManager: Mounting plugin GeometryCache
LogPluginManager: Mounting plugin HTML5Networking
LogPluginManager: Mounting plugin ProxyLODPlugin
LogPluginManager: Mounting plugin MagicLeap
LogPluginManager: Mounting plugin MagicLeapEmulator
LogPluginManager: Mounting plugin MagicLeapMedia
LogPluginManager: Mounting plugin AndroidMedia
LogPluginManager: Mounting plugin AvfMedia
LogPluginManager: Mounting plugin ImgMedia
LogPluginManager: Mounting plugin LinearTimecode
LogPluginManager: Mounting plugin MediaCompositing
LogPluginManager: Mounting plugin MediaPlayerEditor
LogPluginManager: Mounting plugin WmfMedia
LogPluginManager: Mounting plugin TcpMessaging
LogPluginManager: Mounting plugin UdpMessaging
LogPluginManager: Mounting plugin ActorSequence
LogPluginManager: Mounting plugin LevelSequenceEditor
LogPluginManager: Mounting plugin MatineeToLevelSequence
LogPluginManager: Mounting plugin NetcodeUnitTest
LogPluginManager: Mounting plugin NUTUnrealEngine4
LogPluginManager: Mounting plugin OnlineSubsystemGooglePlay
LogPluginManager: Mounting plugin OnlineSubsystemIOS
LogPluginManager: Mounting plugin OnlineSubsystem
LogPluginManager: Mounting plugin OnlineSubsystemNull
LogPluginManager: Mounting plugin OnlineSubsystemUtils
LogPluginManager: Mounting plugin LauncherChunkInstaller
LogPluginManager: Mounting plugin AndroidDeviceProfileSelector
LogPluginManager: Mounting plugin AndroidMoviePlayer
LogPluginManager: Mounting plugin AndroidPermission
LogPluginManager: Mounting plugin AppleMoviePlayer
LogPluginManager: Mounting plugin ArchVisCharacter
LogPluginManager: Mounting plugin AudioCapture
LogPluginManager: Mounting plugin CableComponent
LogPluginManager: Mounting plugin CustomMeshComponent
LogPluginManager: Mounting plugin EditableMesh
LogPluginManager: Mounting plugin ExampleDeviceProfileSelector
LogPluginManager: Mounting plugin GoogleCloudMessaging
LogPluginManager: Mounting plugin ImmediatePhysics
LogPluginManager: Mounting plugin IOSDeviceProfileSelector
LogPluginManager: Mounting plugin LinuxDeviceProfileSelector
LogPluginManager: Mounting plugin LocationServicesBPLibrary
LogPluginManager: Mounting plugin MobilePatchingUtils
LogPluginManager: Mounting plugin OculusVR
LogPluginManager: Plugin shader directory ../../../Engine/Plugins/Runtime/Oculus/OculusVR/Shaders found
LogPluginManager: Mapping shader source directory ../../../Engine/Plugins/Runtime/Oculus/OculusVR/Shaders to virtual directory /Plugin/OculusVR
LogPluginManager: Mounting plugin PhysXVehicles
LogPluginManager: Mounting plugin ProceduralMeshComponent
LogPluginManager: Mounting plugin RuntimePhysXCooking
LogPluginManager: Mounting plugin SteamVR
LogPluginManager: Mounting plugin WindowsMoviePlayer
LogStreaming: Display: Took  0.432s to configure plugins.
LogInit: Using libcurl 7.55.1-DEV
LogInit:  - built for x86_64-pc-win32
LogInit:  - supports SSL with OpenSSL/1.0.2h
LogInit:  - supports HTTP deflate (compression) using libz 1.2.8
LogInit:  - other features:
LogInit:      CURL_VERSION_SSL
LogInit:      CURL_VERSION_LIBZ
LogInit:      CURL_VERSION_IPV6
LogInit:      CURL_VERSION_ASYNCHDNS
LogInit:      CURL_VERSION_LARGEFILE
LogInit:      CURL_VERSION_IDN
LogInit:  CurlRequestOptions (configurable via config and command line):
LogInit:  - bVerifyPeer = false  - Libcurl will NOT verify peer certificate
LogInit:  - bUseHttpProxy = false  - Libcurl will NOT use HTTP proxy
LogInit:  - bDontReuseConnections = false  - Libcurl will reuse connections
LogInit:  - CertBundlePath = nullptr  - Libcurl will use whatever was configured at build time.
LogInit:  - MaxHostConnections = 16  - Libcurl will limit the number of connections to a host
LogInit:  - LocalHostAddr = Default
LogInit:  - BufferSize = 65536
LogInit: WinSock: version 1.1 (2.2), MaxSocks=32767, MaxUdp=65467
LogInit: Build: ++UE4+Release-4.20-CL-4369336
LogInit: Engine Version: 4.20.3-4369336+++UE4+Release-4.20
LogInit: Compatible Engine Version: 4.20.0-4212847+++UE4+Release-4.20
LogInit: Net CL: 4212847
LogInit: OS: Windows 10 (), CPU: Intel(R) Xeon(R) CPU E5-1620 v4 @ 3.50GHz, GPU: NVIDIA GeForce GTX 1070
LogInit: Compiled (64-bit): Sep 17 2018 12:26:19
LogInit: Compiled with Visual C++: 19.13.26129.00
LogInit: Build Configuration: Development
LogInit: Branch Name: ++UE4+Release-4.20
LogInit: Command Line:  -skipcompile
LogInit: Base Directory: C:/Epic/UE4/UE_4.20/Engine/Binaries/Win64/
LogInit: Installed Engine Build: 1
LogDevObjectVersion: Number of dev versions registered: 20
LogDevObjectVersion:   Dev-Blueprints (B0D832E4-1F89-4F0D-ACCF-7EB736FD4AA2): 10
LogDevObjectVersion:   Dev-Build (E1C64328-A22C-4D53-A36C-8E866417BD8C): 0
LogDevObjectVersion:   Dev-Core (375EC13C-06E4-48FB-B500-84F0262A717E): 2
LogDevObjectVersion:   Dev-Editor (E4B068ED-F494-42E9-A231-DA0B2E46BB41): 24
LogDevObjectVersion:   Dev-Framework (CFFC743F-43B0-4480-9391-14DF171D2073): 34
LogDevObjectVersion:   Dev-Mobile (B02B49B5-BB20-44E9-A304-32B752E40360): 2
LogDevObjectVersion:   Dev-Networking (A4E4105C-59A1-49B5-A7C5-40C4547EDFEE): 0
LogDevObjectVersion:   Dev-Online (39C831C9-5AE6-47DC-9A44-9C173E1C8E7C): 0
LogDevObjectVersion:   Dev-Physics (78F01B33-EBEA-4F98-B9B4-84EACCB95AA2): 0
LogDevObjectVersion:   Dev-Platform (6631380F-2D4D-43E0-8009-CF276956A95A): 0
LogDevObjectVersion:   Dev-Rendering (12F88B9F-8875-4AFC-A67C-D90C383ABD29): 26
LogDevObjectVersion:   Dev-Sequencer (7B5AE74C-D270-4C10-A958-57980B212A5A): 9
LogDevObjectVersion:   Dev-VR (D7296918-1DD6-4BDD-9DE2-64A83CC13884): 2
LogDevObjectVersion:   Dev-LoadTimes (C2A15278-BFE7-4AFE-6C17-90FF531DF755): 1
LogDevObjectVersion:   Private-Geometry (6EACA3D4-40EC-4CC1-B786-8BED09428FC5): 3
LogDevObjectVersion:   Dev-AnimPhys (29E575DD-E0A3-4627-9D10-D276232CDCEA): 17
LogDevObjectVersion:   Dev-ReflectionCapture (6B266CEC-1EC7-4B8F-A30B-E4D90942FC07): 1
LogDevObjectVersion:   Dev-Automation (0DF73D61-A23F-47EA-B727-89E90C41499A): 1
LogDevObjectVersion:   FortniteMain (601D1886-AC64-4F84-AA16-D3DE0DEAC7D6): 12
LogDevObjectVersion:   Dev-Enterprise (9DFFBCD6-494F-0158-E221-12823C92A888): 1
LogStreaming: Display: Took  0.004s to delete old logs.
LogInit: Presizing for max 8388607 objects, including 0 objects not considered by GC, pre-allocating 0 bytes for permanent pool.
LogInit: Object subsystem initialized
[2018.11.21-21.08.10:781][  0]LogInit: Selected Device Profile: [Windows]
[2018.11.21-21.08.10:781][  0]LogInit: Applying CVar settings loaded from the selected device profile: [Windows]
[2018.11.21-21.08.10:801][  0]LogHAL: Display: Platform has ~ 32 GB [34272002048 / 34359738368 / 32], which maps to Largest [LargestMinGB=32, LargerMinGB=12, DefaultMinGB=8, SmallerMinGB=6, SmallestMinGB=0)
[2018.11.21-21.08.10:801][  0]LogInit: Setting Device Profile CVar: [[r.Vulkan.UseRealUBs:1]]
[2018.11.21-21.08.10:801][  0]LogInit: Going up to parent DeviceProfile []
[2018.11.21-21.08.10:802][  0]LogInit: Computer: D105-30
[2018.11.21-21.08.10:802][  0]LogInit: User: c013767h
[2018.11.21-21.08.10:802][  0]LogInit: CPU Page size=4096, Cores=4
[2018.11.21-21.08.10:802][  0]LogInit: High frequency timer resolution =3.410073 MHz
[2018.11.21-21.08.10:802][  0]LogMemory: Memory total: Physical=31.9GB (32GB approx)
[2018.11.21-21.08.10:802][  0]LogMemory: Platform Memory Stats for Windows
[2018.11.21-21.08.10:803][  0]LogMemory: Process Physical Memory: 101.02 MB used, 101.02 MB peak
[2018.11.21-21.08.10:803][  0]LogMemory: Process Virtual Memory: 91.00 MB used, 91.00 MB peak
[2018.11.21-21.08.10:803][  0]LogMemory: Physical Memory: 8309.51 MB used,  24374.82 MB free, 32684.33 MB total
[2018.11.21-21.08.10:803][  0]LogMemory: Virtual Memory: 4640.09 MB used,  24374.82 MB free, 134217728.00 MB total
[2018.11.21-21.08.10:967][  0]LogInit: Using OS detected language (en-US).
[2018.11.21-21.08.10:967][  0]LogInit: Using OS detected locale (en-GB).
[2018.11.21-21.08.10:969][  0]LogTextLocalizationManager: No specific localization for 'en-US' exists, so the 'en' localization will be used.
[2018.11.21-21.08.11:370][  0]LogStreaming: Display: Took  0.403s to InitEngineTextLocalization.
[2018.11.21-21.08.11:371][  0]LogInit: Setting process to per monitor DPI aware
[2018.11.21-21.08.11:437][  0]LogSlate: New Slate User Created.  User Index 0, Is Virtual User: 0
[2018.11.21-21.08.11:437][  0]LogSlate: Slate User Registered.  User Index 0, Is Virtual User: 0
[2018.11.21-21.08.11:801][  0]LogHMD: Failed to initialize OpenVR with code 110
[2018.11.21-21.08.11:802][  0]LogD3D11RHI: D3D11 adapters:
[2018.11.21-21.08.11:909][  0]LogD3D11RHI:    0. 'NVIDIA GeForce GTX 1070' (Feature Level 11_0)
[2018.11.21-21.08.11:910][  0]LogD3D11RHI:       8088/0/16342 MB DedicatedVideo/DedicatedSystem/SharedSystem, Outputs:2, VendorId:0x10de
[2018.11.21-21.08.11:916][  0]LogD3D11RHI:    1. 'Microsoft Basic Render Driver' (Feature Level 11_0)
[2018.11.21-21.08.11:916][  0]LogD3D11RHI:       0/0/16342 MB DedicatedVideo/DedicatedSystem/SharedSystem, Outputs:0, VendorId:0x1414
[2018.11.21-21.08.11:916][  0]LogD3D11RHI: Chosen D3D11 Adapter: 0
[2018.11.21-21.08.11:928][  0]LogD3D11RHI: Creating new Direct3DDevice
[2018.11.21-21.08.11:928][  0]LogD3D11RHI:     GPU DeviceId: 0x1b81 (for the marketing name, search the web for "GPU Device Id")
[2018.11.21-21.08.11:928][  0]LogWindows: EnumDisplayDevices:
[2018.11.21-21.08.11:928][  0]LogWindows:    0. 'NVIDIA GeForce GTX 1070' (P:1 D:1)
[2018.11.21-21.08.11:929][  0]LogWindows:    1. 'NVIDIA GeForce GTX 1070' (P:0 D:1)
[2018.11.21-21.08.11:930][  0]LogWindows:    2. 'NVIDIA GeForce GTX 1070' (P:0 D:0)
[2018.11.21-21.08.11:930][  0]LogWindows:    3. 'NVIDIA GeForce GTX 1070' (P:0 D:0)
[2018.11.21-21.08.11:931][  0]LogWindows: DebugString: FoundDriverCount:4 
[2018.11.21-21.08.11:931][  0]LogD3D11RHI:     Adapter Name: NVIDIA GeForce GTX 1070
[2018.11.21-21.08.11:931][  0]LogD3D11RHI:   Driver Version: 398.82 (internal:24.21.13.9882, unified:398.82)
[2018.11.21-21.08.11:931][  0]LogD3D11RHI:      Driver Date: 7-30-2018
[2018.11.21-21.08.11:931][  0]LogRHI: Texture pool is 5661 MB (70% of 8088 MB)
[2018.11.21-21.08.11:992][  0]LogD3D11RHI: Async texture creation enabled
[2018.11.21-21.08.12:011][  0]LogD3D11RHI: GPU Timing Frequency: 1000.000000 (Debug: 2 2)
[2018.11.21-21.08.12:099][  0]LogShaderCompilers: Guid format shader working directory is -32 characters bigger than the processId version (E:/Staffs Uni/Level 5/Technical Games Production/Pair/TGPPairProject/PairProject/Intermediate/Shaders/WorkingDirectory/18140/).
[2018.11.21-21.08.12:100][  0]LogShaderCompilers: Cleaned the shader compiler working directory 'C:/Users/c013767h/AppData/Local/Temp/UnrealShaderWorkingDir/BD89425C413DF9E2AA6257BA40EFB4C0/'.
[2018.11.21-21.08.12:493][  0]LogTemp: Display: Loaded TP AllDesktopTargetPlatform
[2018.11.21-21.08.12:521][  0]LogTemp: Display: Loaded TP MacClientTargetPlatform
[2018.11.21-21.08.12:543][  0]LogTemp: Display: Loaded TP MacNoEditorTargetPlatform
[2018.11.21-21.08.12:563][  0]LogTemp: Display: Loaded TP MacServerTargetPlatform
[2018.11.21-21.08.12:582][  0]LogTemp: Display: Loaded TP MacTargetPlatform
[2018.11.21-21.08.12:601][  0]LogTemp: Display: Loaded TP WindowsClientTargetPlatform
[2018.11.21-21.08.12:620][  0]LogTemp: Display: Loaded TP WindowsNoEditorTargetPlatform
[2018.11.21-21.08.12:639][  0]LogTemp: Display: Loaded TP WindowsServerTargetPlatform
[2018.11.21-21.08.12:652][  0]LogTemp: Display: Loaded TP WindowsTargetPlatform
[2018.11.21-21.08.12:746][  0]LogTemp: Display: Loaded TP AndroidTargetPlatform
[2018.11.21-21.08.12:746][  0]LogTemp: Display: Loaded TP AndroidTargetPlatform
[2018.11.21-21.08.12:746][  0]LogTemp: Display: Loaded TP AndroidTargetPlatform
[2018.11.21-21.08.12:746][  0]LogTemp: Display: Loaded TP AndroidTargetPlatform
[2018.11.21-21.08.12:746][  0]LogTemp: Display: Loaded TP AndroidTargetPlatform
[2018.11.21-21.08.12:746][  0]LogTemp: Display: Loaded TP AndroidTargetPlatform
[2018.11.21-21.08.12:746][  0]LogTemp: Display: Loaded TP AndroidTargetPlatform
[2018.11.21-21.08.12:746][  0]LogTemp: Display: Loaded TP AndroidTargetPlatform
[2018.11.21-21.08.12:746][  0]LogTemp: Display: Loaded TP AndroidTargetPlatform
[2018.11.21-21.08.12:746][  0]LogTemp: Display: Loaded TP AndroidTargetPlatform
[2018.11.21-21.08.12:746][  0]LogTemp: Display: Loaded TP AndroidTargetPlatform
[2018.11.21-21.08.12:746][  0]LogTemp: Display: Loaded TP AndroidTargetPlatform
[2018.11.21-21.08.12:747][  0]LogTemp: Display: Loaded TP AndroidTargetPlatform
[2018.11.21-21.08.12:747][  0]LogTemp: Display: Loaded TP AndroidTargetPlatform
[2018.11.21-21.08.12:747][  0]LogTemp: Display: Loaded TP AndroidTargetPlatform
[2018.11.21-21.08.12:747][  0]LogTemp: Display: Loaded TP AndroidTargetPlatform
[2018.11.21-21.08.12:747][  0]LogTemp: Display: Loaded TP AndroidTargetPlatform
[2018.11.21-21.08.12:747][  0]LogTemp: Display: Loaded TP AndroidTargetPlatform
[2018.11.21-21.08.12:756][  0]LogTemp: Display: Loaded TP HTML5TargetPlatform
[2018.11.21-21.08.12:848][  0]LogTemp: Display: Loaded TP IOSTargetPlatform
[2018.11.21-21.08.12:849][  0]LogTemp: Display: Loaded TP IOSTargetPlatform
[2018.11.21-21.08.12:895][  0]LogTemp: Display: Loaded TP TVOSTargetPlatform
[2018.11.21-21.08.12:895][  0]LogTemp: Display: Loaded TP TVOSTargetPlatform
[2018.11.21-21.08.12:932][  0]LogTemp: Display: Loaded TP LinuxClientTargetPlatform
[2018.11.21-21.08.12:955][  0]LogTemp: Display: Loaded TP LinuxNoEditorTargetPlatform
[2018.11.21-21.08.12:993][  0]LogTemp: Display: Loaded TP LinuxServerTargetPlatform
[2018.11.21-21.08.13:013][  0]LogTemp: Display: Loaded TP LinuxTargetPlatform
[2018.11.21-21.08.13:026][  0]LogTemp: Display: Loaded TP LuminTargetPlatform
[2018.11.21-21.08.13:026][  0]LogTargetPlatformManager: Display: Building Assets For Windows
[2018.11.21-21.08.13:218][  0]LogXGEController: Cleaning working directory: C:/Users/c013767h/AppData/Local/Temp/UnrealXGEWorkingDir/
[2018.11.21-21.08.13:218][  0]LogXGEController: Cannot use XGE Controller as Incredibuild is not installed on this machine.
[2018.11.21-21.08.13:218][  0]LogShaderCompilers: Cannot use XGE Shader Compiler as Incredibuild is not installed on this machine.
[2018.11.21-21.08.13:219][  0]LogShaderCompilers: Display: Using Local Shader Compiler.
[2018.11.21-21.08.14:328][  0]LogDerivedDataCache: Display: Max Cache Size: 512 MB
[2018.11.21-21.08.14:439][  0]LogDerivedDataCache: Loaded boot cache 0.11s 71MB C:/Users/c013767h/AppData/Local/UnrealEngine/4.20/DerivedDataCache/Boot.ddc.
[2018.11.21-21.08.14:440][  0]LogDerivedDataCache: Display: Loaded Boot cache: C:/Users/c013767h/AppData/Local/UnrealEngine/4.20/DerivedDataCache/Boot.ddc
[2018.11.21-21.08.14:441][  0]LogDerivedDataCache: FDerivedDataBackendGraph:  Pak pak cache file E:/Staffs Uni/Level 5/Technical Games Production/Pair/TGPPairProject/PairProject/DerivedDataCache/DDC.ddp not found, will not use a pak cache.
[2018.11.21-21.08.14:441][  0]LogDerivedDataCache: Unable to find inner node Pak for hierarchical cache Hierarchy.
[2018.11.21-21.08.14:441][  0]LogDerivedDataCache: FDerivedDataBackendGraph:  CompressedPak pak cache file E:/Staffs Uni/Level 5/Technical Games Production/Pair/TGPPairProject/PairProject/DerivedDataCache/Compressed.ddp not found, will not use a pak cache.
[2018.11.21-21.08.14:441][  0]LogDerivedDataCache: Unable to find inner node CompressedPak for hierarchical cache Hierarchy.
[2018.11.21-21.08.14:454][  0]LogDerivedDataCache: Display: Pak cache opened for reading ../../../Engine/DerivedDataCache/Compressed.ddp.
[2018.11.21-21.08.14:469][  0]LogDerivedDataCache: Using Local data cache path C:/Users/c013767h/AppData/Local/UnrealEngine/Common/DerivedDataCache: Writable
[2018.11.21-21.08.14:469][  0]LogDerivedDataCache: Shared data cache path not found in *engine.ini, will not use an Shared cache.
[2018.11.21-21.08.14:469][  0]LogDerivedDataCache: Unable to find inner node Shared for hierarchical cache Hierarchy.
[2018.11.21-21.08.14:491][  0]LogMaterial: Verifying Global Shaders for PCD3D_SM5
[2018.11.21-21.08.14:493][  0]LogSlate: Using FreeType 2.6.0
[2018.11.21-21.08.14:494][  0]LogSlate: SlateFontServices - WITH_FREETYPE: 1, WITH_HARFBUZZ: 1
[2018.11.21-21.08.14:594][  0]LogAssetRegistry: FAssetRegistry took 0.0334 seconds to start up
[2018.11.21-21.08.15:039][  0]LogInit: Selected Device Profile: [Windows]
[2018.11.21-21.08.15:160][  0]LogSimplygon: Simplygon DLL not present - disabling.
[2018.11.21-21.08.15:175][  0]LogMeshReduction: Using SimplygonSwarm for distributed automatic mesh merging
[2018.11.21-21.08.15:175][  0]LogMeshReduction: Using ProxyLODMeshReduction for automatic mesh merging
[2018.11.21-21.08.15:175][  0]LogMeshReduction: Using QuadricMeshReduction for automatic static mesh reduction
[2018.11.21-21.08.15:175][  0]LogMeshReduction: No automatic skeletal mesh reduction module available
[2018.11.21-21.08.15:293][  0]LogNetVersion: PairProject 1.0.0, NetCL: 4212847, EngineNetVer: 5, GameNetVer: 0 (Checksum: 2248716754)
[2018.11.21-21.08.16:177][  0]LogPackageLocalizationCache: Processed 11 localized package path(s) for 2 prioritized culture(s) in 0.188000 seconds
[2018.11.21-21.08.16:185][  0]LogUObjectArray: 38425 objects as part of root set at end of initial load.
[2018.11.21-21.08.16:185][  0]LogUObjectAllocator: 6690864 out of 0 bytes used by permanent object pool.
[2018.11.21-21.08.16:185][  0]LogUObjectArray: CloseDisregardForGC: 0/0 objects in disregard for GC pool
[2018.11.21-21.08.17:481][  0]LogTcpMessaging: Initializing TcpMessaging bridge
[2018.11.21-21.08.17:499][  0]LogUdpMessaging: Initializing bridge on interface 0.0.0.0:0 to multicast group 230.0.0.1:6666.
[2018.11.21-21.08.17:830][  0]SourceControl: Source control is disabled
[2018.11.21-21.08.17:831][  0]SourceControl: Source control is disabled
[2018.11.21-21.08.17:836][  0]SourceControl: Source control is disabled
[2018.11.21-21.08.17:841][  0]SourceControl: Source control is disabled
[2018.11.21-21.08.18:227][  0]LogAndroidPermission: UAndroidPermissionCallbackProxy::GetInstance
[2018.11.21-21.08.18:376][  0]LogOcInput: OculusInput pre-init called
[2018.11.21-21.08.18:458][  0]LogEngine: Initializing Engine...
[2018.11.21-21.08.18:459][  0]LogHMD: Failed to initialize OpenVR with code 110
[2018.11.21-21.08.18:460][  0]LogStats: UGameplayTagsManager::ConstructGameplayTagTree: ImportINI prefixes -  0.000 s
[2018.11.21-21.08.18:461][  0]LogStats: UGameplayTagsManager::ConstructGameplayTagTree: Construct from data asset -  0.000 s
[2018.11.21-21.08.18:461][  0]LogStats: UGameplayTagsManager::ConstructGameplayTagTree: ImportINI -  0.000 s
[2018.11.21-21.08.18:461][  0]LogStats: UGameplayTagsManager::ConstructGameplayTagTree: GameplayTagTreeChangedEvent.Broadcast -  0.000 s
[2018.11.21-21.08.18:732][  0]LogInit: Initializing FReadOnlyCVARCache
[2018.11.21-21.08.18:781][  0]LogAIModule: Creating AISystem for world Untitled
[2018.11.21-21.08.18:878][  0]LogInit: XAudio2 using 'Speakers (Realtek High Definition Audio)' : 2 channels at 48 kHz using 32 bits per sample (channel mask 0x3)
[2018.11.21-21.08.18:923][  0]LogInit: FAudioDevice initialized.
[2018.11.21-21.08.18:923][  0]LogNetVersion: Set ProjectVersion to 1.0.0.0. Version Checksum will be recalculated on next use.
[2018.11.21-21.08.19:043][  0]LogDerivedDataCache: Saved boot cache 0.12s 71MB C:/Users/c013767h/AppData/Local/UnrealEngine/4.20/DerivedDataCache/Boot.ddc.
[2018.11.21-21.08.19:070][  0]LogInit: Texture streaming: Enabled
[2018.11.21-21.08.19:129][  0]LogEngineSessionManager: EngineSessionManager initialized
[2018.11.21-21.08.19:130][  0]LogEngineSessionManager: EngineSessionManager sent abnormal shutdown report. Type=Debugger, SessionId={FDB8C52F-4151-C7FD-EF34-E58BEB996B63}
[2018.11.21-21.08.19:152][  0]LogInit: Transaction tracking system initialized
[2018.11.21-21.08.19:232][  0]BlueprintLog: New page: Editor Load
[2018.11.21-21.08.19:445][  0]LocalizationService: Localization service is disabled
[2018.11.21-21.08.19:862][  0]LogCook: Display: Max memory allowance for cook 16384mb min free memory 0mb
[2018.11.21-21.08.19:862][  0]LogCook: Display: Mobile HDR setting 1
[2018.11.21-21.08.19:862][  0]LogGameplayTags: Display: UGameplayTagsManager::DoneAddingNativeTags. DelegateIsBound: 0
[2018.11.21-21.08.19:862][  0]LogStats: UGameplayTagsManager::ConstructGameplayTagTree: ImportINI prefixes -  0.000 s
[2018.11.21-21.08.19:863][  0]LogStats: UGameplayTagsManager::ConstructGameplayTagTree: Construct from data asset -  0.000 s
[2018.11.21-21.08.19:863][  0]LogStats: UGameplayTagsManager::ConstructGameplayTagTree: ImportINI -  0.000 s
[2018.11.21-21.08.19:863][  0]LogStats: UGameplayTagsManager::ConstructGameplayTagTree: GameplayTagTreeChangedEvent.Broadcast -  0.000 s
[2018.11.21-21.08.20:109][  0]LogFileCache: Scanning file cache for directory 'E:/Staffs Uni/Level 5/Technical Games Production/Pair/TGPPairProject/PairProject/Content/' took 0.01s
[2018.11.21-21.08.20:110][  0]SourceControl: Source control is disabled
[2018.11.21-21.08.20:110][  0]Cmd: MAP LOAD FILE="../../../Engine/Content/Maps/Templates/Template_Default.umap" TEMPLATE=1 SHOWPROGRESS=1 FEATURELEVEL=3
[2018.11.21-21.08.20:111][  0]LightingResults: New page: Lighting Build
[2018.11.21-21.08.20:116][  0]MapCheck: New page: Map Check
[2018.11.21-21.08.20:116][  0]LightingResults: New page: Lighting Build
[2018.11.21-21.08.20:346][  0]LogAIModule: Creating AISystem for world Untitled_1
[2018.11.21-21.08.20:355][  0]LogEditorServer: Finished looking for orphan Actors (0.000 secs)
[2018.11.21-21.08.20:380][  0]Cmd: MAP CHECKDEP NOCLEARLOG
[2018.11.21-21.08.20:570][  0]MapCheck: Map check complete: 0 Error(s), 0 Warning(s), took 189.895ms to complete.
[2018.11.21-21.08.20:570][  0]LogFileHelpers: Loading map 'Template_Default' took 0.460
[2018.11.21-21.08.20:741][  0]LogSlate: Updating window title bar state: overlay mode, drag disabled, window buttons hidden, title bar hidden
[2018.11.21-21.08.20:749][  0]LogSlate: Updating window title bar state: overlay mode, drag disabled, window buttons hidden, title bar hidden
[2018.11.21-21.08.20:758][  0]LogSlate: Updating window title bar state: overlay mode, drag disabled, window buttons hidden, title bar hidden
[2018.11.21-21.08.20:766][  0]LogSlate: Updating window title bar state: overlay mode, drag disabled, window buttons hidden, title bar hidden
[2018.11.21-21.08.20:782][  0]LogCollectionManager: Loaded 0 collections in 0.004197 seconds
[2018.11.21-21.08.20:834][  0]LogFileCache: Scanning file cache for directory 'E:/Staffs Uni/Level 5/Technical Games Production/Pair/TGPPairProject/PairProject/Saved/Collections/' took 0.01s
[2018.11.21-21.08.20:834][  0]LogFileCache: Scanning file cache for directory 'E:/Staffs Uni/Level 5/Technical Games Production/Pair/TGPPairProject/PairProject/Content/Developers/c013767h/Collections/' took 0.01s
[2018.11.21-21.08.20:834][  0]LogFileCache: Scanning file cache for directory 'E:/Staffs Uni/Level 5/Technical Games Production/Pair/TGPPairProject/PairProject/Content/Collections/' took 0.01s
[2018.11.21-21.08.20:834][  0]LogCollectionManager: Rebuilt the GUID cache for 0 collections in 0.000000 seconds
[2018.11.21-21.08.20:844][  0]LogContentBrowser: Native class hierarchy populated in 0.0093 seconds. Added 2575 classes and 606 folders.
[2018.11.21-21.08.20:855][  0]LogContentBrowser: Native class hierarchy updated for 'WidgetCarousel' in 0.0004 seconds. Added 0 classes and 0 folders.
[2018.11.21-21.08.20:956][  0]LogContentBrowser: Native class hierarchy updated for 'AddContentDialog' in 0.0004 seconds. Added 0 classes and 0 folders.
[2018.11.21-21.08.20:966][  0]LogContentBrowser: Native class hierarchy updated for 'SceneOutliner' in 0.0004 seconds. Added 1 classes and 2 folders.
[2018.11.21-21.08.20:981][  0]LogSlate: Took 0.000352 seconds to synchronously load lazily loaded font '../../../Engine/Content/Slate/Fonts/Roboto-Regular.ttf' (155K)
[2018.11.21-21.08.20:987][  0]LogSlate: Took 0.000763 seconds to synchronously load lazily loaded font '../../../Engine/Content/Slate/Fonts/Roboto-Bold.ttf' (160K)
[2018.11.21-21.08.20:994][  0]LogSlate: Took 0.000326 seconds to synchronously load lazily loaded font '../../../Engine/Content/Editor/Slate/Fonts/FontAwesome.ttf' (139K)
[2018.11.21-21.08.21:076][  0]LogRenderer: Reallocating scene render targets to support 1208x576 Format 10 NumSamples 1 (Frame:1).
[2018.11.21-21.08.21:126][  0]LogSlate: Took 0.000296 seconds to synchronously load lazily loaded font '../../../Engine/Content/Slate/Fonts/Roboto-Light.ttf' (167K)
[2018.11.21-21.08.21:275][  0]LogSlate: FSceneViewport::OnFocusLost() reason 2
[2018.11.21-21.08.21:294][  0]LogSlate: Window 'Tutorials' being destroyed
[2018.11.21-21.08.21:335][  0]LogContentBrowser: Native class hierarchy updated for 'HierarchicalLODOutliner' in 0.0008 seconds. Added 0 classes and 0 folders.
[2018.11.21-21.08.21:336][  0]LogLoad: (Engine Initialization) Total time: 14.83 seconds
[2018.11.21-21.08.21:336][  0]LogLoad: (Engine Initialization) Total Blueprint compile time: 0.00 seconds
[2018.11.21-21.08.21:346][  0]LogWindowsTextInputMethodSystem: Display: IME system now deactivated.
[2018.11.21-21.08.21:368][  0]LogContentStreaming: Texture pool size now 1000 MB
[2018.11.21-21.08.21:409][  1]LogAssetRegistry: Asset discovery search completed in 6.8393 seconds
[2018.11.21-21.08.21:411][  1]LogCollectionManager: Rebuilt the object cache for 0 collections in 0.000000 seconds (found 0 objects)
[2018.11.21-21.08.21:411][  1]LogCollectionManager: Fixed up redirectors for 0 collections in 0.000161 seconds (updated 0 objects)
[2018.11.21-21.08.38:847][ 76]LogSlate: FSceneViewport::OnFocusLost() reason 2
[2018.11.21-21.08.41:277][361]LogSlate: FSceneViewport::OnFocusLost() reason 0
[2018.11.21-21.08.43:381][611]LogSlate: Took 0.000279 seconds to synchronously load lazily loaded font '../../../Engine/Content/Slate/Fonts/Roboto-Light.ttf' (167K)
[2018.11.21-21.08.43:401][611]LogLinker: Warning: Can't find file '/Game/Scenes/JamieTestScene_BuiltData'
[2018.11.21-21.08.43:401][611]LogLinker: Warning: Can't find file for asset '/Game/Scenes/JamieTestScene_BuiltData' while loading E:/Staffs Uni/Level 5/Technical Games Production/Pair/TGPPairProject/PairProject/Content/Scenes/JamieTestScene.umap.
[2018.11.21-21.08.43:401][611]LoadErrors: Error: /Game/Scenes/JamieTestScene : Can't find file for asset. /Game/Scenes/JamieTestScene_BuiltData
[2018.11.21-21.08.43:404][611]LogLinker: Warning: Can't find file '/Game/Scenes/JamieTestScene_BuiltData'
[2018.11.21-21.08.43:404][611]LogLinker: Warning: Can't find file for asset '/Game/Scenes/JamieTestScene_BuiltData' while loading E:/Staffs Uni/Level 5/Technical Games Production/Pair/TGPPairProject/PairProject/Content/Scenes/JamieTestScene.umap.
[2018.11.21-21.08.43:409][611]LogLinker: Warning: Can't find file '/Game/Scenes/JamieTestScene_BuiltData'
[2018.11.21-21.08.43:409][611]LoadErrors: Failed to load /Game/Scenes/JamieTestScene_BuiltData.JamieTestScene_BuiltData Referenced by PersistentLevel
[2018.11.21-21.08.43:410][611]LogLinker: Warning: Can't find file for asset '/Game/Scenes/JamieTestScene_BuiltData' while loading NULL.
[2018.11.21-21.08.43:418][611]LogAIModule: Creating AISystem for world JamieTestScene
[2018.11.21-21.08.43:425][611]LogAssetEditorManager: Opening Asset editor for World /Game/Scenes/JamieTestScene.JamieTestScene
[2018.11.21-21.08.43:448][611]Cmd: MAP LOAD FILE="E:/Staffs Uni/Level 5/Technical Games Production/Pair/TGPPairProject/PairProject/Content/Scenes/JamieTestScene.umap" TEMPLATE=0 SHOWPROGRESS=1 FEATURELEVEL=3
[2018.11.21-21.08.43:449][611]LightingResults: New page: Lighting Build
[2018.11.21-21.08.43:449][611]LoadErrors: New page: Loading map: JamieTestScene.umap
[2018.11.21-21.08.43:450][611]MapCheck: New page: Map Check
[2018.11.21-21.08.43:450][611]LightingResults: New page: Lighting Build
[2018.11.21-21.08.43:476][611]LogEditorServer: Finished looking for orphan Actors (0.000 secs)
[2018.11.21-21.08.43:530][611]Cmd: MAP CHECKDEP NOCLEARLOG
[2018.11.21-21.08.43:774][611]MapCheck: Map check complete: 0 Error(s), 0 Warning(s), took 244.949ms to complete.
[2018.11.21-21.08.43:776][611]LogFileHelpers: Loading map 'JamieTestScene' took 0.329
[2018.11.21-21.11.06:565][721]LogSlate: FSceneViewport::OnFocusLost() reason 0
[2018.11.21-21.11.06:614][727]LogTemp: Repeating last play command: Selected Viewport
[2018.11.21-21.11.06:940][727]LogPlayLevel: PlayLevel: No blueprints needed recompiling
[2018.11.21-21.11.06:958][727]PIE: New page: PIE session: JamieTestScene (21 Nov 2018 21:11:06)
[2018.11.21-21.11.06:959][727]LogPlayLevel: Creating play world package: /Game/Scenes/UEDPIE_0_JamieTestScene
[2018.11.21-21.11.06:966][727]LogPlayLevel: PIE: StaticDuplicateObject took: (0.007436s)
[2018.11.21-21.11.06:969][727]LogAIModule: Creating AISystem for world JamieTestScene
[2018.11.21-21.11.06:969][727]LogPlayLevel: PIE: World Init took: (0.002607s)
[2018.11.21-21.11.06:970][727]LogPlayLevel: PIE: Created PIE world by copying editor world from /Game/Scenes/JamieTestScene.JamieTestScene to /Game/Scenes/UEDPIE_0_JamieTestScene.JamieTestScene (0.011010s)
[2018.11.21-21.11.07:007][727]LogInit: XAudio2 using 'Speakers (Realtek High Definition Audio)' : 2 channels at 48 kHz using 32 bits per sample (channel mask 0x3)
[2018.11.21-21.11.07:023][727]LogInit: FAudioDevice initialized.
[2018.11.21-21.11.07:072][727]LogLoad: Game class is 'GameModeBase'
[2018.11.21-21.11.07:074][727]LogWorld: Bringing World /Game/Scenes/UEDPIE_0_JamieTestScene.JamieTestScene up for play (max tick rate 0) at 2018.11.21-21.11.07
[2018.11.21-21.11.07:075][727]LogWorld: Bringing up level for play took: 0.001016
[2018.11.21-21.11.07:097][727]LogContentBrowser: Native class hierarchy updated for 'MovieSceneCapture' in 0.0004 seconds. Added 10 classes and 0 folders.
[2018.11.21-21.11.07:098][727]PIE: Play in editor start time for /Game/Scenes/UEDPIE_0_JamieTestScene -0.12
[2018.11.21-21.11.23:358][675]LogSlate: Updating window title bar state: overlay mode, drag disabled, window buttons hidden, title bar hidden
[2018.11.21-21.11.23:394][675]LogPlayLevel: Display: Shutting down PIE online subsystems
[2018.11.21-21.11.23:422][675]LogSlate: Updating window title bar state: overlay mode, drag disabled, window buttons hidden, title bar hidden
[2018.11.21-21.11.23:459][677]LogPlayLevel: Display: Destroying online subsystem :Context_1
[2018.11.21-21.11.24:617][816]Cmd: SELECT NONE
[2018.11.21-21.15.26:869][865]LogSlate: FSceneViewport::OnFocusLost() reason 0
[2018.11.21-21.15.27:027][879]Candidate modules for hot reload:
[2018.11.21-21.15.27:027][879]  PairProject
[2018.11.21-21.15.27:027][879]Launching UnrealBuildTool... [C:/Epic/UE4/UE_4.20/Engine/Binaries/DotNET/UnrealBuildTool.exe  -ModuleWithSuffix=PairProject,1969 Win64 Development -TargetType=Editor -Project="E:/Staffs Uni/Level 5/Technical Games Production/Pair/TGPPairProject/PairProject/PairProject.uproject" -canskiplink "E:/Staffs Uni/Level 5/Technical Games Production/Pair/TGPPairProject/PairProject/PairProject.uproject" ]
[2018.11.21-21.15.27:033][879]Warning: Starting HotReload took  0.0s.
[2018.11.21-21.15.36:387][983]CompilerResultsLog: New page: Compilation - 21 Nov 2018 21:15:36
[2018.11.21-21.15.36:387][983]CompilerResultsLog: Performing full C++ include scan (hot reloading a new target)
[2018.11.21-21.15.36:387][983]CompilerResultsLog: Using 'git status' to determine working set for adaptive non-unity build.
[2018.11.21-21.15.36:387][983]CompilerResultsLog: Creating makefile for hot reloading PairProjectEditor (game project files are newer)
[2018.11.21-21.15.36:387][983]CompilerResultsLog: Compiling game modules for hot reload
[2018.11.21-21.15.36:387][983]CompilerResultsLog: Using Visual Studio 2017 14.14.26428 toolchain (C:\Program Files (x86)\Microsoft Visual Studio\2017\Professional\VC\Tools\MSVC\14.14.26428) and Windows 10.0.17134.0 SDK (C:\Program Files (x86)\Windows Kits\10).
[2018.11.21-21.15.36:387][983]CompilerResultsLog: Target is up to date
[2018.11.21-21.15.36:387][983]CompilerResultsLog: Total build time: 9.01 seconds (NoActionsToExecute executor: 0.00 seconds)
[2018.11.21-21.15.36:387][983]LogMainFrame: MainFrame: Module compiling took 9.368 seconds
[2018.11.21-21.15.36:429][983]LogContentBrowser: Native class hierarchy populated in 0.0124 seconds. Added 2576 classes and 608 folders.
[2018.11.21-21.15.36:430][983]Display: HotReload took  9.4s.
[2018.11.21-21.15.39:873][395]LogTemp: Repeating last play command: Selected Viewport
[2018.11.21-21.15.39:888][395]LogPlayLevel: PlayLevel: No blueprints needed recompiling
[2018.11.21-21.15.39:889][395]PIE: New page: PIE session: JamieTestScene (21 Nov 2018 21:15:39)
[2018.11.21-21.15.39:889][395]LogPlayLevel: Creating play world package: /Game/Scenes/UEDPIE_0_JamieTestScene
[2018.11.21-21.15.39:891][395]LogPlayLevel: PIE: StaticDuplicateObject took: (0.002247s)
[2018.11.21-21.15.39:892][395]LogAIModule: Creating AISystem for world JamieTestScene
[2018.11.21-21.15.39:892][395]LogPlayLevel: PIE: World Init took: (0.001330s)
[2018.11.21-21.15.39:893][395]LogPlayLevel: PIE: Created PIE world by copying editor world from /Game/Scenes/JamieTestScene.JamieTestScene to /Game/Scenes/UEDPIE_0_JamieTestScene.JamieTestScene (0.003889s)
[2018.11.21-21.15.39:920][395]LogInit: XAudio2 using 'Speakers (Realtek High Definition Audio)' : 2 channels at 48 kHz using 32 bits per sample (channel mask 0x3)
[2018.11.21-21.15.39:938][395]LogInit: FAudioDevice initialized.
[2018.11.21-21.15.39:976][395]LogLoad: Game class is 'GameModeBase'
[2018.11.21-21.15.39:977][395]LogWorld: Bringing World /Game/Scenes/UEDPIE_0_JamieTestScene.JamieTestScene up for play (max tick rate 0) at 2018.11.21-21.15.39
[2018.11.21-21.15.39:977][395]LogWorld: Bringing up level for play took: 0.000714
[2018.11.21-21.15.39:993][395]PIE: Play in editor start time for /Game/Scenes/UEDPIE_0_JamieTestScene 0.775
[2018.11.21-21.17.21:442][555]LogSlate: Updating window title bar state: overlay mode, drag disabled, window buttons hidden, title bar hidden
[2018.11.21-21.17.21:482][555]LogPlayLevel: Display: Shutting down PIE online subsystems
[2018.11.21-21.17.21:524][555]LogSlate: Updating window title bar state: overlay mode, drag disabled, window buttons hidden, title bar hidden
[2018.11.21-21.17.21:546][556]LogPlayLevel: Display: Destroying online subsystem :Context_2
[2018.11.21-21.40.31:889][252]LogSlate: FSceneViewport::OnFocusLost() reason 2
[2018.11.21-21.40.33:971][501]LogSlate: FSceneViewport::OnFocusLost() reason 0
[2018.11.21-21.42.45:656][285]LogSlate: Took 0.000404 seconds to synchronously load lazily loaded font '../../../Engine/Content/Slate/Fonts/Roboto-BoldCondensed.ttf' (158K)
[2018.11.21-21.43.12:198][360]Running C:/Epic/UE4/UE_4.20/Engine/Binaries/DotNET/UnrealBuildTool.exe Win64 Development -TargetType=Editor -Project="E:/Staffs Uni/Level 5/Technical Games Production/Pair/TGPPairProject/PairProject/PairProject.uproject" -invalidatemakefilesonly
[2018.11.21-21.43.13:618][360]Invalidating makefiles only in this run.
[2018.11.21-21.43.13:740][360]Candidate modules for hot reload:
[2018.11.21-21.43.13:740][360]  PairProject
[2018.11.21-21.43.13:740][360]Launching UnrealBuildTool... [C:/Epic/UE4/UE_4.20/Engine/Binaries/DotNET/UnrealBuildTool.exe  -ModuleWithSuffix=PairProject,2221 Win64 Development -TargetType=Editor -Project="E:/Staffs Uni/Level 5/Technical Games Production/Pair/TGPPairProject/PairProject/PairProject.uproject" -canskiplink "E:/Staffs Uni/Level 5/Technical Games Production/Pair/TGPPairProject/PairProject/PairProject.uproject" ]
[2018.11.21-21.43.44:444][360]CompilerResultsLog: New page: Compilation - 21 Nov 2018 21:43:44
[2018.11.21-21.43.44:445][360]CompilerResultsLog: Using 'git status' to determine working set for adaptive non-unity build.
[2018.11.21-21.43.44:445][360]CompilerResultsLog: Creating makefile for hot reloading PairProjectEditor (no existing makefile)
[2018.11.21-21.43.44:445][360]CompilerResultsLog: Compiling game modules for hot reload
[2018.11.21-21.43.44:445][360]CompilerResultsLog: Using Visual Studio 2017 14.14.26428 toolchain (C:\Program Files (x86)\Microsoft Visual Studio\2017\Professional\VC\Tools\MSVC\14.14.26428) and Windows 10.0.17134.0 SDK (C:\Program Files (x86)\Windows Kits\10).
[2018.11.21-21.43.44:446][360]CompilerResultsLog: Parsing headers for PairProjectEditor
[2018.11.21-21.43.44:446][360]CompilerResultsLog:   Running UnrealHeaderTool "E:\Staffs Uni\Level 5\Technical Games Production\Pair\TGPPairProject\PairProject\PairProject.uproject" "E:\Staffs Uni\Level 5\Technical Games Production\Pair\TGPPairProject\PairProject\Intermediate\Build\Win64\PairProjectEditor\Development\PairProjectEditor.uhtmanifest" -LogCmds="loginit warning, logexit warning, logdatabase error" -Unattended -WarningsAsErrors -installed
[2018.11.21-21.43.44:446][360]CompilerResultsLog: Reflection code generated for PairProjectEditor in 15.7518912 seconds
[2018.11.21-21.43.44:446][360]CompilerResultsLog: Building 5 actions with 8 processes...
[2018.11.21-21.43.44:447][360]CompilerResultsLog:   [1/5] PairProject.init.gen.cpp
[2018.11.21-21.43.44:447][360]CompilerResultsLog:   [2/5] IAttackable.cpp
[2018.11.21-21.43.44:447][360]CompilerResultsLog:   [3/5] IAttackable.gen.cpp
[2018.11.21-21.43.44:447][360]CompilerResultsLog:   [4/5] UE4Editor-PairProject-2221.lib
[2018.11.21-21.43.44:447][360]CompilerResultsLog:      Creating library E:\Staffs Uni\Level 5\Technical Games Production\Pair\TGPPairProject\PairProject\Intermediate\Build\Win64\UE4Editor\Development\PairProject\UE4Editor-PairProject-2221.lib and object E:\Staffs Uni\Level 5\Technical Games Production\Pair\TGPPairProject\PairProject\Intermediate\Build\Win64\UE4Editor\Development\PairProject\UE4Editor-PairProject-2221.exp
[2018.11.21-21.43.44:448][360]CompilerResultsLog:   [5/5] UE4Editor-PairProject-2221.dll
[2018.11.21-21.43.44:448][360]CompilerResultsLog:      Creating library E:\Staffs Uni\Level 5\Technical Games Production\Pair\TGPPairProject\PairProject\Intermediate\Build\Win64\UE4Editor\Development\PairProject\UE4Editor-PairProject-2221.suppressed.lib and object E:\Staffs Uni\Level 5\Technical Games Production\Pair\TGPPairProject\PairProject\Intermediate\Build\Win64\UE4Editor\Development\PairProject\UE4Editor-PairProject-2221.suppressed.exp
[2018.11.21-21.43.44:448][360]CompilerResultsLog: Total build time: 30.37 seconds (Parallel executor: 3.29 seconds)
[2018.11.21-21.43.44:448][360]LogMainFrame: MainFrame: Module compiling took 30.717 seconds
[2018.11.21-21.43.44:522][360]LogClass: Could not find existing class IAttackable in package /Script/PairProject for HotReload, assuming new class
[2018.11.21-21.43.44:528][360]LogContentBrowser: Native class hierarchy updated for 'PairProject' in 0.0005 seconds. Added 4 classes and 3 folders.
[2018.11.21-21.43.44:530][360]Display: HotReload successful (0 functions remapped  0 scriptstructs remapped)
[2018.11.21-21.43.44:674][360]LogContentBrowser: Native class hierarchy populated in 0.0094 seconds. Added 2577 classes and 608 folders.
[2018.11.21-21.43.44:674][360]Display: HotReload took 31.0s.
[2018.11.21-21.43.44:676][360]Warning: HotReload operation took 31.0s.
[2018.11.21-21.43.44:857][360]LogVSAccessor: Warning: Couldn't goto line number '1' in 'E:/Staffs Uni/Level 5/Technical Games Production/Pair/TGPPairProject/PairProject/Source/PairProject/Public/IAttackable.h'
[2018.11.21-21.43.45:002][360]LogSlate: Window 'Add C++ Class' being destroyed
[2018.11.21-21.43.45:014][360]LogHotReload: New module detected: UE4Editor-PairProject-2221.dll
[2018.11.21-21.43.45:071][361]LogHotReload: Starting Hot-Reload from IDE
[2018.11.21-21.43.45:134][361]LogContentBrowser: Native class hierarchy updated for 'PairProject' in 0.0005 seconds. Added 4 classes and 3 folders.
[2018.11.21-21.43.45:138][361]Display: HotReload successful (0 functions remapped  0 scriptstructs remapped)
[2018.11.21-21.43.45:182][361]LogContentBrowser: Native class hierarchy populated in 0.0118 seconds. Added 2577 classes and 608 folders.
[2018.11.21-21.43.45:190][361]Display: HotReload took  0.1s.
[2018.11.21-22.12.57:031][751]LogSlate: Window 'PairProject - Unreal Editor' being destroyed
[2018.11.21-22.12.57:223][752]Cmd: QUIT_EDITOR
[2018.11.21-22.12.57:552][752]LogWindowsTextInputMethodSystem: Display: IME system now deactivated.
[2018.11.21-22.12.57:576][752]LogExit: Preparing to exit.
[2018.11.21-22.12.58:112][752]LogExit: Editor shut down
[2018.11.21-22.12.58:112][752]LogExit: Transaction tracking system shut down
[2018.11.21-22.12.58:926][752]LogExit: Object subsystem successfully closed.
[2018.11.21-22.12.58:954][752]LogShaderCompilers: Display: Shaders left to compile 0
[2018.11.21-22.12.58:959][752]LogD3D11RHI: Shutdown
[2018.11.21-22.12.58:959][752]LogD3D11RHI: CleanupD3DDevice
[2018.11.21-22.12.58:961][752]LogD3D11RHI: ~FD3D11DynamicRHI
[2018.11.21-22.12.59:003][752]LogModuleManager: Shutting down and abandoning module PairProject (620)
[2018.11.21-22.12.59:003][752]LogModuleManager: Shutting down and abandoning module MovieSceneCapture (618)
[2018.11.21-22.12.59:003][752]LogModuleManager: Shutting down and abandoning module Voice (616)
[2018.11.21-22.12.59:003][752]LogModuleManager: Shutting down and abandoning module HierarchicalLODOutliner (614)
[2018.11.21-22.12.59:003][752]LogModuleManager: Shutting down and abandoning module SceneOutliner (612)
[2018.11.21-22.12.59:003][752]LogModuleManager: Shutting down and abandoning module AddContentDialog (610)
[2018.11.21-22.12.59:005][752]LogModuleManager: Shutting down and abandoning module WidgetCarousel (609)
[2018.11.21-22.12.59:005][752]LogModuleManager: Shutting down and abandoning module EditorWidgets (606)
[2018.11.21-22.12.59:005][752]LogModuleManager: Shutting down and abandoning module CollectionManager (604)
[2018.11.21-22.12.59:006][752]LogModuleManager: Shutting down and abandoning module HierarchicalLODUtilities (602)
[2018.11.21-22.12.59:006][752]LogModuleManager: Shutting down and abandoning module StatsViewer (600)
[2018.11.21-22.12.59:006][752]LogModuleManager: Shutting down and abandoning module FoliageEdit (598)
[2018.11.21-22.12.59:006][752]LogModuleManager: Shutting down and abandoning module LandscapeEditor (596)
[2018.11.21-22.12.59:006][752]LogModuleManager: Shutting down and abandoning module MeshPaintMode (594)
[2018.11.21-22.12.59:006][752]LogModuleManager: Shutting down and abandoning module SceneDepthPickerMode (592)
[2018.11.21-22.12.59:006][752]LogModuleManager: Shutting down and abandoning module ActorPickerMode (590)
[2018.11.21-22.12.59:006][752]LogModuleManager: Shutting down and abandoning module GeometryMode (588)
[2018.11.21-22.12.59:006][752]LogModuleManager: Shutting down and abandoning module TextureAlignMode (586)
[2018.11.21-22.12.59:006][752]LogModuleManager: Shutting down and abandoning module BspMode (584)
[2018.11.21-22.12.59:006][752]LogModuleManager: Shutting down and abandoning module PIEPreviewDeviceProfileSelector (582)
[2018.11.21-22.12.59:007][752]LogModuleManager: Shutting down and abandoning module SequenceRecorderSections (580)
[2018.11.21-22.12.59:007][752]LogModuleManager: Shutting down and abandoning module AutomationWorker (578)
[2018.11.21-22.12.59:007][752]LogModuleManager: Shutting down and abandoning module AudioCaptureEditor (576)
[2018.11.21-22.12.59:007][752]LogModuleManager: Shutting down and abandoning module SequenceRecorder (575)
[2018.11.21-22.12.59:007][752]LogModuleManager: Shutting down and abandoning module MatineeToLevelSequence (572)
[2018.11.21-22.12.59:007][752]LogModuleManager: Shutting down and abandoning module LevelSequenceEditor (570)
[2018.11.21-22.12.59:007][752]LogModuleManager: Shutting down and abandoning module PlacementMode (569)
[2018.11.21-22.12.59:007][752]LogModuleManager: Shutting down and abandoning module MaterialEditor (568)
[2018.11.21-22.12.59:008][752]LogModuleManager: Shutting down and abandoning module WmfMediaFactory (564)
[2018.11.21-22.12.59:008][752]LogModuleManager: Shutting down and abandoning module WmfMediaEditor (562)
[2018.11.21-22.12.59:008][752]LogModuleManager: Shutting down and abandoning module MediaPlayerEditor (560)
[2018.11.21-22.12.59:008][752]LogModuleManager: Shutting down and abandoning module OpenExrWrapper (558)
[2018.11.21-22.12.59:008][752]LogModuleManager: Shutting down and abandoning module ImgMediaFactory (556)
[2018.11.21-22.12.59:008][752]LogModuleManager: Shutting down and abandoning module ImgMediaEditor (554)
[2018.11.21-22.12.59:008][752]LogModuleManager: Shutting down and abandoning module AvfMediaFactory (552)
[2018.11.21-22.12.59:008][752]LogModuleManager: Shutting down and abandoning module AvfMediaEditor (550)
[2018.11.21-22.12.59:009][752]LogModuleManager: Shutting down and abandoning module AndroidMediaFactory (548)
[2018.11.21-22.12.59:009][752]LogModuleManager: Shutting down and abandoning module AndroidMediaEditor (546)
[2018.11.21-22.12.59:009][752]LogModuleManager: Shutting down and abandoning module MagicLeapCameraPreviewFactory (544)
[2018.11.21-22.12.59:009][752]LogModuleManager: Shutting down and abandoning module MagicLeapMediaFactory (542)
[2018.11.21-22.12.59:009][752]LogModuleManager: Shutting down and abandoning module MagicLeapMediaEditor (540)
[2018.11.21-22.12.59:009][752]LogModuleManager: Shutting down and abandoning module CharacterAI (538)
[2018.11.21-22.12.59:009][752]LogModuleManager: Shutting down and abandoning module SmartSnapping (536)
[2018.11.21-22.12.59:009][752]LogModuleManager: Shutting down and abandoning module SessionServices (534)
[2018.11.21-22.12.59:009][752]LogModuleManager: Shutting down and abandoning module ViewportSnapping (532)
[2018.11.21-22.12.59:009][752]LogModuleManager: Shutting down and abandoning module ViewportInteraction (530)
[2018.11.21-22.12.59:010][752]LogModuleManager: Shutting down and abandoning module ClothPainter (528)
[2018.11.21-22.12.59:010][752]LogModuleManager: Shutting down and abandoning module SkeletalMeshEditor (527)
[2018.11.21-22.12.59:010][752]LogModuleManager: Shutting down and abandoning module LogVisualizer (524)
[2018.11.21-22.12.59:010][752]LogModuleManager: Shutting down and abandoning module IntroTutorials (522)
[2018.11.21-22.12.59:010][752]LogModuleManager: Shutting down and abandoning module GameProjectGeneration (521)
[2018.11.21-22.12.59:010][752]LogModuleManager: Shutting down and abandoning module LuminPlatformEditor (518)
[2018.11.21-22.12.59:010][752]LogModuleManager: Shutting down and abandoning module IOSPlatformEditor (516)
[2018.11.21-22.12.59:010][752]LogModuleManager: Shutting down and abandoning module HTML5PlatformEditor (514)
[2018.11.21-22.12.59:011][752]LogModuleManager: Shutting down and abandoning module AndroidPlatformEditor (512)
[2018.11.21-22.12.59:011][752]LogModuleManager: Shutting down and abandoning module AndroidDeviceDetection (511)
[2018.11.21-22.12.59:961][752]LogModuleManager: Shutting down and abandoning module WindowsPlatformEditor (508)
[2018.11.21-22.12.59:962][752]LogModuleManager: Shutting down and abandoning module LuminRuntimeSettings (506)
[2018.11.21-22.12.59:962][752]LogModuleManager: Shutting down and abandoning module IOSRuntimeSettings (504)
[2018.11.21-22.12.59:962][752]LogModuleManager: Shutting down and abandoning module AndroidRuntimeSettings (502)
[2018.11.21-22.12.59:962][752]LogModuleManager: Shutting down and abandoning module InputBindingEditor (500)
[2018.11.21-22.12.59:962][752]LogModuleManager: Shutting down and abandoning module MergeActors (498)
[2018.11.21-22.12.59:963][752]LogModuleManager: Shutting down and abandoning module LocalizationDashboard (496)
[2018.11.21-22.12.59:963][752]LogModuleManager: Shutting down and abandoning module LocalizationService (495)
[2018.11.21-22.12.59:963][752]LogModuleManager: Shutting down and abandoning module HardwareTargeting (492)
[2018.11.21-22.12.59:963][752]LogModuleManager: Shutting down and abandoning module DeviceProfileEditor (490)
[2018.11.21-22.12.59:963][752]LogModuleManager: Shutting down and abandoning module UndoHistory (488)
[2018.11.21-22.12.59:964][752]LogModuleManager: Shutting down and abandoning module XmlParser (486)
[2018.11.21-22.12.59:964][752]LogModuleManager: Shutting down and abandoning module Blutility (484)
[2018.11.21-22.12.59:964][752]LogModuleManager: Shutting down and abandoning module ProjectSettingsViewer (482)
[2018.11.21-22.12.59:964][752]LogModuleManager: Shutting down and abandoning module ProjectTargetPlatformEditor (481)
[2018.11.21-22.12.59:965][752]LogModuleManager: Shutting down and abandoning module EditorSettingsViewer (478)
[2018.11.21-22.12.59:965][752]LogModuleManager: Shutting down and abandoning module SettingsEditor (476)
[2018.11.21-22.12.59:965][752]LogModuleManager: Shutting down and abandoning module ProjectLauncher (474)
[2018.11.21-22.12.59:965][752]LogModuleManager: Shutting down and abandoning module SessionFrontend (472)
[2018.11.21-22.12.59:965][752]LogModuleManager: Shutting down and abandoning module ProfilerClient (470)
[2018.11.21-22.12.59:966][752]LogModuleManager: Shutting down and abandoning module DeviceManager (468)
[2018.11.21-22.12.59:966][752]LogModuleManager: Shutting down and abandoning module TargetDeviceServices (467)
[2018.11.21-22.13.00:032][752]LogModuleManager: Shutting down and abandoning module AutomationController (464)
[2018.11.21-22.13.00:032][752]LogModuleManager: Shutting down and abandoning module AutomationWindow (462)
[2018.11.21-22.13.00:032][752]LogModuleManager: Shutting down and abandoning module Layers (460)
[2018.11.21-22.13.00:032][752]LogModuleManager: Shutting down and abandoning module ComponentVisualizers (458)
[2018.11.21-22.13.00:032][752]LogModuleManager: Shutting down and abandoning module DetailCustomizations (456)
[2018.11.21-22.13.00:032][752]LogModuleManager: Shutting down and abandoning module PackagesDialog (454)
[2018.11.21-22.13.00:033][752]LogModuleManager: Shutting down and abandoning module Persona (452)
[2018.11.21-22.13.00:033][752]LogModuleManager: Shutting down and abandoning module AdvancedPreviewScene (451)
[2018.11.21-22.13.00:033][752]LogModuleManager: Shutting down and abandoning module AnimGraph (449)
[2018.11.21-22.13.00:033][752]LogModuleManager: Shutting down and abandoning module Kismet (446)
[2018.11.21-22.13.00:034][752]LogModuleManager: Shutting down and abandoning module GraphEditor (444)
[2018.11.21-22.13.00:034][752]LogModuleManager: Shutting down and abandoning module ClassViewer (442)
[2018.11.21-22.13.00:036][752]LogModuleManager: Shutting down and abandoning module Toolbox (440)
[2018.11.21-22.13.00:036][752]LogModuleManager: Shutting down and abandoning module DesktopPlatform (439)
[2018.11.21-22.13.00:036][752]LogModuleManager: Shutting down and abandoning module ModuleUI (436)
[2018.11.21-22.13.00:036][752]LogModuleManager: Shutting down and abandoning module MovieSceneTools (434)
[2018.11.21-22.13.00:036][752]LogModuleManager: Shutting down and abandoning module OutputLog (432)
[2018.11.21-22.13.00:037][752]LogModuleManager: Shutting down and abandoning module GammaUI (430)
[2018.11.21-22.13.00:037][752]LogModuleManager: Shutting down and abandoning module Documentation (428)
[2018.11.21-22.13.00:037][752]LogModuleManager: Shutting down and abandoning module MovieSceneTracks (426)
[2018.11.21-22.13.00:037][752]LogModuleManager: Shutting down and abandoning module MovieScene (424)
[2018.11.21-22.13.00:037][752]LogModuleManager: Shutting down and abandoning module StreamingPauseRendering (422)
[2018.11.21-22.13.00:037][752]LogModuleManager: Shutting down and abandoning module LauncherPlatform (420)
[2018.11.21-22.13.00:037][752]LogModuleManager: Shutting down and abandoning module AnalyticsET (418)
[2018.11.21-22.13.00:038][752]LogModuleManager: Shutting down and abandoning module PortalServices (416)
[2018.11.21-22.13.00:038][752]LogModuleManager: Shutting down and abandoning module PortalRpc (414)
[2018.11.21-22.13.00:038][752]LogModuleManager: Shutting down and abandoning module MessagingRpc (412)
[2018.11.21-22.13.00:038][752]LogModuleManager: Shutting down and abandoning module AIModule (410)
[2018.11.21-22.13.00:038][752]LogModuleManager: Shutting down and abandoning module GameplayDebugger (409)
[2018.11.21-22.13.00:038][752]LogModuleManager: Shutting down and abandoning module AITestSuite (407)
[2018.11.21-22.13.00:039][752]LogModuleManager: Shutting down and abandoning module NavigationSystem (405)
[2018.11.21-22.13.00:039][752]LogModuleManager: Shutting down and abandoning module ProfilerService (402)
[2018.11.21-22.13.00:067][752]LogModuleManager: Shutting down and abandoning module TaskGraph (400)
[2018.11.21-22.13.00:067][752]LogModuleManager: Shutting down and abandoning module SteamVRController (398)
[2018.11.21-22.13.00:067][752]LogModuleManager: Shutting down and abandoning module ProceduralMeshComponentEditor (396)
[2018.11.21-22.13.00:067][752]LogModuleManager: Shutting down and abandoning module ProceduralMeshComponent (394)
[2018.11.21-22.13.00:068][752]LogModuleManager: Shutting down and abandoning module OculusInput (392)
[2018.11.21-22.13.00:068][752]LogModuleManager: Shutting down and abandoning module MobilePatchingUtils (390)
[2018.11.21-22.13.00:068][752]LogModuleManager: Shutting down and abandoning module EditableMesh (388)
[2018.11.21-22.13.00:068][752]LogModuleManager: Shutting down and abandoning module CustomMeshComponent (386)
[2018.11.21-22.13.00:068][752]LogModuleManager: Shutting down and abandoning module CableComponent (384)
[2018.11.21-22.13.00:068][752]LogModuleManager: Shutting down and abandoning module AudioCapture (382)
[2018.11.21-22.13.00:068][752]LogModuleManager: Shutting down and abandoning module ArchVisCharacter (380)
[2018.11.21-22.13.00:068][752]LogModuleManager: Shutting down and abandoning module AndroidPermission (378)
[2018.11.21-22.13.00:069][752]LogModuleManager: Shutting down and abandoning module NUTUnrealEngine4 (376)
[2018.11.21-22.13.00:069][752]LogModuleManager: Shutting down and abandoning module NetcodeUnitTest (374)
[2018.11.21-22.13.00:069][752]LogModuleManager: Shutting down and abandoning module MediaCompositingEditor (372)
[2018.11.21-22.13.00:069][752]LogModuleManager: Shutting down and abandoning module MediaCompositing (370)
[2018.11.21-22.13.00:069][752]LogModuleManager: Shutting down and abandoning module LinearTimecode (368)
[2018.11.21-22.13.00:069][752]LogModuleManager: Shutting down and abandoning module ImgMedia (366)
[2018.11.21-22.13.00:083][752]LogModuleManager: Shutting down and abandoning module HTML5Networking (364)
[2018.11.21-22.13.00:083][752]LogModuleManager: Shutting down and abandoning module GeometryCacheTracks (362)
[2018.11.21-22.13.00:084][752]LogModuleManager: Shutting down and abandoning module GeometryCacheSequencer (360)
[2018.11.21-22.13.00:084][752]LogModuleManager: Shutting down and abandoning module BackChannel (358)
[2018.11.21-22.13.00:084][752]LogModuleManager: Shutting down and abandoning module AppleVision (356)
[2018.11.21-22.13.00:084][752]LogModuleManager: Shutting down and abandoning module AppleImageUtils (354)
[2018.11.21-22.13.00:084][752]LogModuleManager: Shutting down and abandoning module AlembicImporter (352)
[2018.11.21-22.13.00:084][752]LogModuleManager: Shutting down and abandoning module AlembicLibrary (351)
[2018.11.21-22.13.00:084][752]LogModuleManager: Shutting down and abandoning module GeometryCache (350)
[2018.11.21-22.13.00:084][752]LogModuleManager: Shutting down and abandoning module GeometryCacheEd (349)
[2018.11.21-22.13.00:084][752]LogModuleManager: Shutting down and abandoning module DatasmithContentEditor (344)
[2018.11.21-22.13.00:085][752]LogModuleManager: Shutting down and abandoning module DatasmithContent (342)
[2018.11.21-22.13.00:086][752]LogModuleManager: Shutting down and abandoning module SpeedTreeImporter (340)
[2018.11.21-22.13.00:086][752]LogModuleManager: Shutting down and abandoning module PluginBrowser (338)
[2018.11.21-22.13.00:086][752]LogModuleManager: Shutting down and abandoning module MobileLauncherProfileWizard (336)
[2018.11.21-22.13.00:086][752]LogModuleManager: Shutting down and abandoning module PolygonModeling (334)
[2018.11.21-22.13.00:086][752]LogModuleManager: Shutting down and abandoning module MeshEditor (332)
[2018.11.21-22.13.00:087][752]LogModuleManager: Shutting down and abandoning module CryptoKeysOpenSSL (330)
[2018.11.21-22.13.00:087][752]LogModuleManager: Shutting down and abandoning module CryptoKeys (328)
[2018.11.21-22.13.00:087][752]LogModuleManager: Shutting down and abandoning module VisualStudioSourceCodeAccess (326)
[2018.11.21-22.13.00:087][752]LogModuleManager: Shutting down and abandoning module VisualStudioCodeSourceCodeAccess (324)
[2018.11.21-22.13.00:087][752]LogModuleManager: Shutting down and abandoning module UObjectPlugin (322)
[2018.11.21-22.13.00:087][752]LogModuleManager: Shutting down and abandoning module SubversionSourceControl (320)
[2018.11.21-22.13.00:087][752]LogModuleManager: Shutting down and abandoning module PerforceSourceControl (318)
[2018.11.21-22.13.00:088][752]LogModuleManager: Shutting down and abandoning module GitSourceControl (316)
[2018.11.21-22.13.00:088][752]LogModuleManager: Shutting down and abandoning module SourceControl (315)
[2018.11.21-22.13.00:088][752]LogModuleManager: Shutting down and abandoning module CLionSourceCodeAccess (312)
[2018.11.21-22.13.00:088][752]LogModuleManager: Shutting down and abandoning module LightPropagationVolumeEditor (310)
[2018.11.21-22.13.00:088][752]LogModuleManager: Shutting down and abandoning module PaperTiledImporter (308)
[2018.11.21-22.13.00:088][752]LogModuleManager: Shutting down and abandoning module PaperSpriteSheetImporter (306)
[2018.11.21-22.13.00:088][752]LogModuleManager: Shutting down and abandoning module Paper2DEditor (304)
[2018.11.21-22.13.00:089][752]LogModuleManager: Shutting down and abandoning module MeshPaint (303)
[2018.11.21-22.13.00:089][752]LogModuleManager: Shutting down and abandoning module RuntimePhysXCooking (298)
[2018.11.21-22.13.00:089][752]LogModuleManager: Shutting down and abandoning module PhysXVehiclesEditor (296)
[2018.11.21-22.13.00:089][752]LogModuleManager: Shutting down and abandoning module PhysXVehicles (294)
[2018.11.21-22.13.00:089][752]LogModuleManager: Shutting down and abandoning module OculusEditor (292)
[2018.11.21-22.13.00:089][752]LogModuleManager: Shutting down and abandoning module LocationServicesBPLibrary (290)
[2018.11.21-22.13.00:090][752]LogModuleManager: Shutting down and abandoning module ImmediatePhysicsEditor (288)
[2018.11.21-22.13.00:090][752]LogModuleManager: Shutting down and abandoning module ImmediatePhysics (286)
[2018.11.21-22.13.00:090][752]LogModuleManager: Shutting down and abandoning module ActorSequence (284)
[2018.11.21-22.13.00:090][752]LogModuleManager: Shutting down and abandoning module UdpMessaging (282)
[2018.11.21-22.13.00:191][752]LogModuleManager: Shutting down and abandoning module TcpMessaging (280)
[2018.11.21-22.13.00:292][752]LogModuleManager: Shutting down and abandoning module MagicLeapAudio (278)
[2018.11.21-22.13.00:292][752]LogModuleManager: Shutting down and abandoning module GameplayTagsEditor (276)
[2018.11.21-22.13.00:292][752]LogModuleManager: Shutting down and abandoning module FacialAnimationEditor (274)
[2018.11.21-22.13.00:292][752]LogModuleManager: Shutting down and abandoning module FacialAnimation (272)
[2018.11.21-22.13.00:292][752]LogModuleManager: Shutting down and abandoning module DataValidation (270)
[2018.11.21-22.13.00:293][752]LogModuleManager: Shutting down and abandoning module AssetManagerEditor (268)
[2018.11.21-22.13.00:293][752]LogModuleManager: Shutting down and abandoning module LevelEditor (267)
[2018.11.21-22.13.00:295][752]LogModuleManager: Shutting down and abandoning module PixelInspectorModule (266)
[2018.11.21-22.13.00:295][752]LogModuleManager: Shutting down and abandoning module CommonMenuExtensions (264)
[2018.11.21-22.13.00:296][752]LogModuleManager: Shutting down and abandoning module MainFrame (262)
[2018.11.21-22.13.00:297][752]LogModuleManager: Shutting down and abandoning module HotReload (261)
[2018.11.21-22.13.00:300][752]LogModuleManager: Shutting down and abandoning module ContentBrowser (257)
[2018.11.21-22.13.00:303][752]LogModuleManager: Shutting down and abandoning module TreeMap (255)
[2018.11.21-22.13.00:303][752]LogModuleManager: Shutting down and abandoning module LightPropagationVolumeRuntime (252)
[2018.11.21-22.13.00:303][752]LogModuleManager: Shutting down and abandoning module AISupportModule (250)
[2018.11.21-22.13.00:303][752]LogModuleManager: Shutting down and abandoning module Paper2D (248)
[2018.11.21-22.13.00:304][752]LogModuleManager: Shutting down and abandoning module WindowsMoviePlayer (246)
[2018.11.21-22.13.00:304][752]LogModuleManager: Shutting down and abandoning module WmfMedia (244)
[2018.11.21-22.13.00:314][752]LogModuleManager: Shutting down and abandoning module Media (243)
[2018.11.21-22.13.00:323][752]LogModuleManager: Shutting down and abandoning module PacketHandler (240)
[2018.11.21-22.13.00:324][752]LogModuleManager: Shutting down and abandoning module ClothingSystemEditor (238)
[2018.11.21-22.13.00:324][752]LogModuleManager: Shutting down and abandoning module ClothingSystemRuntime (236)
[2018.11.21-22.13.00:324][752]LogModuleManager: Shutting down and abandoning module MediaAssets (234)
[2018.11.21-22.13.00:325][752]LogModuleManager: Shutting down and abandoning module Overlay (232)
[2018.11.21-22.13.00:325][752]LogModuleManager: Shutting down and abandoning module OverlayEditor (231)
[2018.11.21-22.13.00:325][752]LogModuleManager: Shutting down and abandoning module VREditor (228)
[2018.11.21-22.13.00:326][752]LogModuleManager: Shutting down and abandoning module StringTableEditor (226)
[2018.11.21-22.13.00:326][752]LogModuleManager: Shutting down and abandoning module GameplayTasksEditor (224)
[2018.11.21-22.13.00:326][752]LogModuleManager: Shutting down and abandoning module BehaviorTreeEditor (222)
[2018.11.21-22.13.00:327][752]LogModuleManager: Shutting down and abandoning module FunctionalTesting (220)
[2018.11.21-22.13.00:327][752]LogModuleManager: Shutting down and abandoning module CollisionAnalyzer (218)
[2018.11.21-22.13.00:327][752]LogModuleManager: Shutting down and abandoning module WorkspaceMenuStructure (217)
[2018.11.21-22.13.00:328][752]LogModuleManager: Shutting down and abandoning module UMG (214)
[2018.11.21-22.13.00:328][752]LogModuleManager: Shutting down and abandoning module UMGEditor (213)
[2018.11.21-22.13.00:328][752]LogModuleManager: Shutting down and abandoning module Sequencer (212)
[2018.11.21-22.13.00:329][752]LogModuleManager: Shutting down and abandoning module MessageLog (209)
[2018.11.21-22.13.00:329][752]LogModuleManager: Shutting down and abandoning module SlateReflector (204)
[2018.11.21-22.13.00:329][752]LogModuleManager: Shutting down and abandoning module Slate (202)
[2018.11.21-22.13.00:329][752]LogModuleManager: Shutting down and abandoning module EditorStyle (200)
[2018.11.21-22.13.00:334][752]LogModuleManager: Shutting down and abandoning module MRMesh (198)
[2018.11.21-22.13.00:334][752]LogModuleManager: Shutting down and abandoning module SourceCodeAccess (196)
[2018.11.21-22.13.00:334][752]LogModuleManager: Shutting down and abandoning module HeadMountedDisplay (194)
[2018.11.21-22.13.00:335][752]LogModuleManager: Shutting down and abandoning module XAudio2 (192)
[2018.11.21-22.13.00:335][752]LogModuleManager: Shutting down and abandoning module Networking (190)
[2018.11.21-22.13.00:335][752]LogModuleManager: Shutting down and abandoning module Core (188)
[2018.11.21-22.13.00:335][752]LogModuleManager: Shutting down and abandoning module LevelSequence (186)
[2018.11.21-22.13.00:335][752]LogModuleManager: Shutting down and abandoning module KismetCompiler (184)
[2018.11.21-22.13.00:335][752]LogModuleManager: Shutting down and abandoning module MeshUtilities (182)
[2018.11.21-22.13.00:336][752]LogModuleManager: Shutting down and abandoning module MeshMergeUtilities (181)
[2018.11.21-22.13.00:336][752]LogModuleManager: Shutting down and abandoning module MeshReductionInterface (180)
[2018.11.21-22.13.00:336][752]LogModuleManager: Shutting down and abandoning module SimplygonSwarm (179)
[2018.11.21-22.13.00:336][752]LogModuleManager: Shutting down and abandoning module ProxyLODMeshReduction (177)
[2018.11.21-22.13.00:336][752]LogModuleManager: Shutting down and abandoning module SimplygonMeshReduction (175)
[2018.11.21-22.13.00:337][752]LogModuleManager: Shutting down and abandoning module QuadricMeshReduction (173)
[2018.11.21-22.13.00:337][752]LogModuleManager: Shutting down and abandoning module MaterialBaking (169)
[2018.11.21-22.13.00:338][752]LogModuleManager: Shutting down and abandoning module DirectoryWatcher (165)
[2018.11.21-22.13.00:338][752]LogModuleManager: Shutting down and abandoning module DerivedDataCache (162)
[2018.11.21-22.13.00:346][752]LogDerivedDataCache: Shutdown
[2018.11.21-22.13.00:346][752]LogModuleManager: Shutting down and abandoning module XGEController (160)
[2018.11.21-22.13.00:346][752]LogXGEController: Cleaning working directory: C:/Users/c013767h/AppData/Local/Temp/UnrealXGEWorkingDir/
[2018.11.21-22.13.00:347][752]LogModuleManager: Shutting down and abandoning module TargetPlatform (158)
[2018.11.21-22.13.00:347][752]LogModuleManager: Shutting down and abandoning module VulkanShaderFormat (157)
[2018.11.21-22.13.00:347][752]LogModuleManager: Shutting down and abandoning module ShaderFormatVectorVM (155)
[2018.11.21-22.13.00:347][752]LogModuleManager: Shutting down and abandoning module ShaderFormatOpenGL (153)
[2018.11.21-22.13.00:347][752]LogModuleManager: Shutting down and abandoning module ShaderFormatD3D (151)
[2018.11.21-22.13.00:348][752]LogModuleManager: Shutting down and abandoning module MetalShaderFormat (149)
[2018.11.21-22.13.00:348][752]LogModuleManager: Shutting down and abandoning module TextureFormatUncompressed (147)
[2018.11.21-22.13.00:348][752]LogModuleManager: Shutting down and abandoning module TextureFormatPVR (145)
[2018.11.21-22.13.00:348][752]LogModuleManager: Shutting down and abandoning module TextureFormatDXT (143)
[2018.11.21-22.13.00:348][752]LogModuleManager: Shutting down and abandoning module TextureFormatIntelISPCTexComp (141)
[2018.11.21-22.13.00:350][752]LogModuleManager: Shutting down and abandoning module TextureFormatASTC (139)
[2018.11.21-22.13.00:350][752]LogModuleManager: Shutting down and abandoning module ImageWrapper (138)
[2018.11.21-22.13.00:350][752]LogModuleManager: Shutting down and abandoning module TextureFormatAndroid (135)
[2018.11.21-22.13.00:350][752]LogModuleManager: Shutting down and abandoning module AudioFormatOpus (133)
[2018.11.21-22.13.00:350][752]LogModuleManager: Shutting down and abandoning module AudioFormatOgg (131)
[2018.11.21-22.13.00:350][752]LogModuleManager: Shutting down and abandoning module AudioFormatADPCM (129)
[2018.11.21-22.13.00:350][752]LogModuleManager: Shutting down and abandoning module LuminTargetPlatform (127)
[2018.11.21-22.13.00:350][752]LogModuleManager: Shutting down and abandoning module LinuxTargetPlatform (125)
[2018.11.21-22.13.00:351][752]LogModuleManager: Shutting down and abandoning module LinuxServerTargetPlatform (123)
[2018.11.21-22.13.00:351][752]LogModuleManager: Shutting down and abandoning module LinuxNoEditorTargetPlatform (121)
[2018.11.21-22.13.00:351][752]LogModuleManager: Shutting down and abandoning module LinuxClientTargetPlatform (119)
[2018.11.21-22.13.00:351][752]LogModuleManager: Shutting down and abandoning module TVOSTargetPlatform (117)
[2018.11.21-22.13.00:352][752]LogModuleManager: Shutting down and abandoning module Messaging (115)
[2018.11.21-22.13.00:353][752]LogModuleManager: Shutting down and abandoning module IOSTargetPlatform (113)
[2018.11.21-22.13.00:354][752]LogModuleManager: Shutting down and abandoning module HTML5TargetPlatform (111)
[2018.11.21-22.13.00:354][752]LogModuleManager: Shutting down and abandoning module AndroidTargetPlatform (109)
[2018.11.21-22.13.00:361][752]LogModuleManager: Shutting down and abandoning module WindowsTargetPlatform (107)
[2018.11.21-22.13.00:361][752]LogModuleManager: Shutting down and abandoning module WindowsServerTargetPlatform (105)
[2018.11.21-22.13.00:361][752]LogModuleManager: Shutting down and abandoning module WindowsNoEditorTargetPlatform (103)
[2018.11.21-22.13.00:361][752]LogModuleManager: Shutting down and abandoning module WindowsClientTargetPlatform (101)
[2018.11.21-22.13.00:361][752]LogModuleManager: Shutting down and abandoning module MacTargetPlatform (99)
[2018.11.21-22.13.00:361][752]LogModuleManager: Shutting down and abandoning module MacServerTargetPlatform (97)
[2018.11.21-22.13.00:361][752]LogModuleManager: Shutting down and abandoning module MacNoEditorTargetPlatform (95)
[2018.11.21-22.13.00:361][752]LogModuleManager: Shutting down and abandoning module MacClientTargetPlatform (93)
[2018.11.21-22.13.00:361][752]LogModuleManager: Shutting down and abandoning module AllDesktopTargetPlatform (91)
[2018.11.21-22.13.00:361][752]LogModuleManager: Shutting down and abandoning module InputCore (88)
[2018.11.21-22.13.00:362][752]LogModuleManager: Shutting down and abandoning module Settings (86)
[2018.11.21-22.13.00:362][752]LogModuleManager: Shutting down and abandoning module PhysXCooking (84)
[2018.11.21-22.13.00:362][752]LogModuleManager: Shutting down and abandoning module SteamVR (82)
[2018.11.21-22.13.00:362][752]LogModuleManager: Shutting down and abandoning module OculusHMD (80)
[2018.11.21-22.13.00:362][752]LogModuleManager: Shutting down and abandoning module ExampleDeviceProfileSelector (78)
[2018.11.21-22.13.00:362][752]LogModuleManager: Shutting down and abandoning module LauncherChunkInstaller (76)
[2018.11.21-22.13.00:362][752]LogModuleManager: Shutting down and abandoning module OnlineBlueprintSupport (74)
[2018.11.21-22.13.00:362][752]LogModuleManager: Shutting down and abandoning module OnlineSubsystem (70)
[2018.11.21-22.13.00:365][752]LogModuleManager: Shutting down and abandoning module XMPP (65)
[2018.11.21-22.13.00:365][752]LogModuleManager: Shutting down and abandoning module WebSockets (64)
[2018.11.21-22.13.00:381][752]LogModuleManager: Shutting down and abandoning module HTTP (61)
[2018.11.21-22.13.00:381][752]LogHttp: Display: Http module shutting down, but needs to wait on 1 outstanding Http requests:
[2018.11.21-22.13.00:381][752]LogHttp: Display: 	verb=[POST] url=[https://datarouter.ol.epicgames.com/datarouter/api/v1/public/data?SessionID=%7BDF38CB81-435A-CE2F-7C05-9299DB8764F7%7D&AppID=UEEditor.Rocket.Release&AppVersion=4.20.3-4369336%2B%2B%2BUE4%2BRelease-4.20&UserID=16ff2c394d860e95148d87a20be8ffe4%7C%7Cb2139978-0895-479f-8967-82e4c3b3a727&AppEnvironment=datacollector-binary&UploadType=eteventstream] status=Processing
[2018.11.21-22.13.00:411][752]LogModuleManager: Shutting down and abandoning module SSL (60)
[2018.11.21-22.13.00:413][752]LogModuleManager: Shutting down and abandoning module MagicLeapEmulator (56)
[2018.11.21-22.13.00:413][752]LogModuleManager: Shutting down and abandoning module MagicLeapPrivileges (54)
[2018.11.21-22.13.00:413][752]LogModuleManager: Shutting down and abandoning module MagicLeapIdentity (52)
[2018.11.21-22.13.00:413][752]LogModuleManager: Shutting down and abandoning module MagicLeapHelperVulkan (50)
[2018.11.21-22.13.00:413][752]LogModuleManager: Shutting down and abandoning module MagicLeapHelperOpenGL (48)
[2018.11.21-22.13.00:413][752]LogModuleManager: Shutting down and abandoning module MagicLeapSecureStorage (46)
[2018.11.21-22.13.00:413][752]LogModuleManager: Shutting down and abandoning module MagicLeapGestures (44)
[2018.11.21-22.13.00:413][752]LogModuleManager: Shutting down and abandoning module MagicLeapEyeTracker (42)
[2018.11.21-22.13.00:413][752]LogModuleManager: Shutting down and abandoning module MagicLeapController (40)
[2018.11.21-22.13.00:414][752]LogSlate: Slate User Destroyed.  User Index 0, Is Virtual User: 0
[2018.11.21-22.13.00:414][752]LogModuleManager: Shutting down and abandoning module MagicLeap (38)
[2018.11.21-22.13.00:414][752]LogModuleManager: Shutting down and abandoning module AnimationModifiers (36)
[2018.11.21-22.13.00:414][752]LogModuleManager: Shutting down and abandoning module PropertyEditor (35)
[2018.11.21-22.13.00:414][752]LogModuleManager: Shutting down and abandoning module AudioEditor (32)
[2018.11.21-22.13.00:414][752]LogModuleManager: Shutting down and abandoning module TextureCompressor (30)
[2018.11.21-22.13.00:417][752]LogModuleManager: Shutting down and abandoning module ShaderCore (28)
[2018.11.21-22.13.00:417][752]LogModuleManager: Shutting down and abandoning module Landscape (26)
[2018.11.21-22.13.00:417][752]LogModuleManager: Shutting down and abandoning module SlateRHIRenderer (24)
[2018.11.21-22.13.00:417][752]LogModuleManager: Shutting down and abandoning module OpenGLDrv (22)
[2018.11.21-22.13.00:417][752]LogModuleManager: Shutting down and abandoning module D3D11RHI (20)
[2018.11.21-22.13.00:417][752]LogModuleManager: Shutting down and abandoning module AnimGraphRuntime (18)
[2018.11.21-22.13.00:417][752]LogModuleManager: Shutting down and abandoning module Renderer (16)
[2018.11.21-22.13.00:418][752]LogModuleManager: Shutting down and abandoning module Engine (14)
[2018.11.21-22.13.00:418][752]LogModuleManager: Shutting down and abandoning module CoreUObject (12)
[2018.11.21-22.13.00:418][752]LogModuleManager: Shutting down and abandoning module NetworkFile (10)
[2018.11.21-22.13.00:418][752]LogModuleManager: Shutting down and abandoning module CookedIterativeFile (8)
[2018.11.21-22.13.00:418][752]LogModuleManager: Shutting down and abandoning module StreamingFile (6)
[2018.11.21-22.13.00:418][752]LogModuleManager: Shutting down and abandoning module SandboxFile (4)
[2018.11.21-22.13.00:418][752]LogModuleManager: Shutting down and abandoning module PakFile (2)
[2018.11.21-22.13.00:434][752]LogExit: Exiting.
[2018.11.21-22.13.00:456][752]Log file closed, 11/21/18 22:13:00
