Log file open, 12/10/18 19:26:07
LogWindows: Failed to load 'aqProf.dll' (GetLastError=126)
LogWindows: File 'aqProf.dll' does not exist
LogWindows: Failed to load 'VSPerf140.dll' (GetLastError=126)
LogWindows: File 'VSPerf140.dll' does not exist
LogWindows: Failed to load 'VtuneApi.dll' (GetLastError=126)
LogWindows: File 'VtuneApi.dll' does not exist
LogWindows: Failed to load 'VtuneApi32e.dll' (GetLastError=126)
LogWindows: File 'VtuneApi32e.dll' does not exist
LogInit: Display: Running engine for game: PairProject
LogPlatformFile: Not using cached read wrapper
LogTaskGraph: Started task graph with 5 named threads and 14 total threads with 3 sets of task threads.
LogStats: Stats thread started at 0.332396
LogD3D11RHI: Loaded GFSDK_Aftermath_Lib.x64.dll
LogICUInternationalization: Display: ICU TimeZone Detection - Raw Offset: +0:00, Platform Override: ''
LogPluginManager: Mounting plugin Paper2D
LogPluginManager: Mounting plugin AISupport
LogPluginManager: Mounting plugin LightPropagationVolume
LogPluginManager: Mounting plugin CLionSourceCodeAccess
LogPluginManager: Mounting plugin CodeLiteSourceCodeAccess
LogPluginManager: Mounting plugin GitSourceControl
LogPluginManager: Mounting plugin KDevelopSourceCodeAccess
LogPluginManager: Mounting plugin NullSourceCodeAccess
LogPluginManager: Mounting plugin PerforceSourceControl
LogPluginManager: Mounting plugin SubversionSourceControl
LogPluginManager: Mounting plugin UObjectPlugin
LogPluginManager: Mounting plugin VisualStudioCodeSourceCodeAccess
LogPluginManager: Mounting plugin VisualStudioSourceCodeAccess
LogPluginManager: Mounting plugin XCodeSourceCodeAccess
LogPluginManager: Mounting plugin AssetManagerEditor
LogPluginManager: Mounting plugin CryptoKeys
LogPluginManager: Mounting plugin DataValidation
LogPluginManager: Mounting plugin FacialAnimation
LogPluginManager: Mounting plugin GameplayTagsEditor
LogPluginManager: Mounting plugin MacGraphicsSwitching
LogPluginManager: Mounting plugin MeshEditor
LogPluginManager: Mounting plugin MobileLauncherProfileWizard
LogPluginManager: Mounting plugin PluginBrowser
LogPluginManager: Mounting plugin SpeedTreeImporter
LogPluginManager: Mounting plugin DatasmithContent
LogPluginManager: Mounting plugin AlembicImporter
LogPluginManager: Mounting plugin AppleImageUtils
LogPluginManager: Mounting plugin AppleVision
LogPluginManager: Mounting plugin BackChannel
LogPluginManager: Mounting plugin CharacterAI
LogPluginManager: Mounting plugin GeometryCache
LogPluginManager: Mounting plugin HTML5Networking
LogPluginManager: Mounting plugin ProxyLODPlugin
LogPluginManager: Mounting plugin MagicLeap
LogPluginManager: Mounting plugin MagicLeapEmulator
LogPluginManager: Mounting plugin MagicLeapMedia
LogPluginManager: Mounting plugin AndroidMedia
LogPluginManager: Mounting plugin AvfMedia
LogPluginManager: Mounting plugin ImgMedia
LogPluginManager: Mounting plugin LinearTimecode
LogPluginManager: Mounting plugin MediaCompositing
LogPluginManager: Mounting plugin MediaPlayerEditor
LogPluginManager: Mounting plugin WmfMedia
LogPluginManager: Mounting plugin TcpMessaging
LogPluginManager: Mounting plugin UdpMessaging
LogPluginManager: Mounting plugin ActorSequence
LogPluginManager: Mounting plugin LevelSequenceEditor
LogPluginManager: Mounting plugin MatineeToLevelSequence
LogPluginManager: Mounting plugin NetcodeUnitTest
LogPluginManager: Mounting plugin NUTUnrealEngine4
LogPluginManager: Mounting plugin OnlineSubsystemGooglePlay
LogPluginManager: Mounting plugin OnlineSubsystemIOS
LogPluginManager: Mounting plugin OnlineSubsystem
LogPluginManager: Mounting plugin OnlineSubsystemNull
LogPluginManager: Mounting plugin OnlineSubsystemUtils
LogPluginManager: Mounting plugin LauncherChunkInstaller
LogPluginManager: Mounting plugin AndroidDeviceProfileSelector
LogPluginManager: Mounting plugin AndroidMoviePlayer
LogPluginManager: Mounting plugin AndroidPermission
LogPluginManager: Mounting plugin AppleMoviePlayer
LogPluginManager: Mounting plugin ArchVisCharacter
LogPluginManager: Mounting plugin AudioCapture
LogPluginManager: Mounting plugin CableComponent
LogPluginManager: Mounting plugin CustomMeshComponent
LogPluginManager: Mounting plugin EditableMesh
LogPluginManager: Mounting plugin ExampleDeviceProfileSelector
LogPluginManager: Mounting plugin GoogleCloudMessaging
LogPluginManager: Mounting plugin ImmediatePhysics
LogPluginManager: Mounting plugin IOSDeviceProfileSelector
LogPluginManager: Mounting plugin LinuxDeviceProfileSelector
LogPluginManager: Mounting plugin LocationServicesBPLibrary
LogPluginManager: Mounting plugin MobilePatchingUtils
LogPluginManager: Mounting plugin OculusVR
LogPluginManager: Plugin shader directory ../../../Engine/Plugins/Runtime/Oculus/OculusVR/Shaders found
LogPluginManager: Mapping shader source directory ../../../Engine/Plugins/Runtime/Oculus/OculusVR/Shaders to virtual directory /Plugin/OculusVR
LogPluginManager: Mounting plugin PhysXVehicles
LogPluginManager: Mounting plugin ProceduralMeshComponent
LogPluginManager: Mounting plugin RuntimePhysXCooking
LogPluginManager: Mounting plugin SteamVR
LogPluginManager: Mounting plugin WindowsMoviePlayer
LogStreaming: Display: Took  0.228s to configure plugins.
LogInit: Using libcurl 7.55.1-DEV
LogInit:  - built for x86_64-pc-win32
LogInit:  - supports SSL with OpenSSL/1.0.2h
LogInit:  - supports HTTP deflate (compression) using libz 1.2.8
LogInit:  - other features:
LogInit:      CURL_VERSION_SSL
LogInit:      CURL_VERSION_LIBZ
LogInit:      CURL_VERSION_IPV6
LogInit:      CURL_VERSION_ASYNCHDNS
LogInit:      CURL_VERSION_LARGEFILE
LogInit:      CURL_VERSION_IDN
LogInit:  CurlRequestOptions (configurable via config and command line):
LogInit:  - bVerifyPeer = false  - Libcurl will NOT verify peer certificate
LogInit:  - bUseHttpProxy = false  - Libcurl will NOT use HTTP proxy
LogInit:  - bDontReuseConnections = false  - Libcurl will reuse connections
LogInit:  - CertBundlePath = nullptr  - Libcurl will use whatever was configured at build time.
LogInit:  - MaxHostConnections = 16  - Libcurl will limit the number of connections to a host
LogInit:  - LocalHostAddr = Default
LogInit:  - BufferSize = 65536
LogInit: WinSock: version 1.1 (2.2), MaxSocks=32767, MaxUdp=65467
LogInit: Build: ++UE4+Release-4.20-CL-4369336
LogInit: Engine Version: 4.20.3-4369336+++UE4+Release-4.20
LogInit: Compatible Engine Version: 4.20.0-4212847+++UE4+Release-4.20
LogInit: Net CL: 4212847
LogInit: OS: Windows 10 (), CPU: Intel(R) Xeon(R) CPU E5-1607 v3 @ 3.10GHz, GPU: NVIDIA GeForce GTX 970
LogInit: Compiled (64-bit): Sep 17 2018 12:26:19
LogInit: Compiled with Visual C++: 19.13.26129.00
LogInit: Build Configuration: Development
LogInit: Branch Name: ++UE4+Release-4.20
LogInit: Command Line:  -skipcompile
LogInit: Base Directory: C:/Epic/UE4/UE_4.20/Engine/Binaries/Win64/
LogInit: Installed Engine Build: 1
LogDevObjectVersion: Number of dev versions registered: 20
LogDevObjectVersion:   Dev-Blueprints (B0D832E4-1F89-4F0D-ACCF-7EB736FD4AA2): 10
LogDevObjectVersion:   Dev-Build (E1C64328-A22C-4D53-A36C-8E866417BD8C): 0
LogDevObjectVersion:   Dev-Core (375EC13C-06E4-48FB-B500-84F0262A717E): 2
LogDevObjectVersion:   Dev-Editor (E4B068ED-F494-42E9-A231-DA0B2E46BB41): 24
LogDevObjectVersion:   Dev-Framework (CFFC743F-43B0-4480-9391-14DF171D2073): 34
LogDevObjectVersion:   Dev-Mobile (B02B49B5-BB20-44E9-A304-32B752E40360): 2
LogDevObjectVersion:   Dev-Networking (A4E4105C-59A1-49B5-A7C5-40C4547EDFEE): 0
LogDevObjectVersion:   Dev-Online (39C831C9-5AE6-47DC-9A44-9C173E1C8E7C): 0
LogDevObjectVersion:   Dev-Physics (78F01B33-EBEA-4F98-B9B4-84EACCB95AA2): 0
LogDevObjectVersion:   Dev-Platform (6631380F-2D4D-43E0-8009-CF276956A95A): 0
LogDevObjectVersion:   Dev-Rendering (12F88B9F-8875-4AFC-A67C-D90C383ABD29): 26
LogDevObjectVersion:   Dev-Sequencer (7B5AE74C-D270-4C10-A958-57980B212A5A): 9
LogDevObjectVersion:   Dev-VR (D7296918-1DD6-4BDD-9DE2-64A83CC13884): 2
LogDevObjectVersion:   Dev-LoadTimes (C2A15278-BFE7-4AFE-6C17-90FF531DF755): 1
LogDevObjectVersion:   Private-Geometry (6EACA3D4-40EC-4CC1-B786-8BED09428FC5): 3
LogDevObjectVersion:   Dev-AnimPhys (29E575DD-E0A3-4627-9D10-D276232CDCEA): 17
LogDevObjectVersion:   Dev-ReflectionCapture (6B266CEC-1EC7-4B8F-A30B-E4D90942FC07): 1
LogDevObjectVersion:   Dev-Automation (0DF73D61-A23F-47EA-B727-89E90C41499A): 1
LogDevObjectVersion:   FortniteMain (601D1886-AC64-4F84-AA16-D3DE0DEAC7D6): 12
LogDevObjectVersion:   Dev-Enterprise (9DFFBCD6-494F-0158-E221-12823C92A888): 1
LogStreaming: Display: Took  0.002s to delete old logs.
LogInit: Presizing for max 8388607 objects, including 0 objects not considered by GC, pre-allocating 0 bytes for permanent pool.
LogInit: Object subsystem initialized
[2018.12.10-19.26.08:102][  0]LogInit: Selected Device Profile: [Windows]
[2018.12.10-19.26.08:103][  0]LogInit: Applying CVar settings loaded from the selected device profile: [Windows]
[2018.12.10-19.26.08:119][  0]LogHAL: Display: Platform has ~ 16 GB [17092071424 / 17179869184 / 16], which maps to Larger [LargestMinGB=32, LargerMinGB=12, DefaultMinGB=8, SmallerMinGB=6, SmallestMinGB=0)
[2018.12.10-19.26.08:119][  0]LogInit: Setting Device Profile CVar: [[r.Vulkan.UseRealUBs:1]]
[2018.12.10-19.26.08:119][  0]LogInit: Going up to parent DeviceProfile []
[2018.12.10-19.26.08:119][  0]LogInit: Computer: S500-15
[2018.12.10-19.26.08:119][  0]LogInit: User: c013767h
[2018.12.10-19.26.08:120][  0]LogInit: CPU Page size=4096, Cores=4
[2018.12.10-19.26.08:120][  0]LogInit: High frequency timer resolution =3.020349 MHz
[2018.12.10-19.26.08:120][  0]LogMemory: Memory total: Physical=15.9GB (16GB approx)
[2018.12.10-19.26.08:120][  0]LogMemory: Platform Memory Stats for Windows
[2018.12.10-19.26.08:120][  0]LogMemory: Process Physical Memory: 101.52 MB used, 101.52 MB peak
[2018.12.10-19.26.08:120][  0]LogMemory: Process Virtual Memory: 84.75 MB used, 84.75 MB peak
[2018.12.10-19.26.08:120][  0]LogMemory: Physical Memory: 6845.25 MB used,  9455.02 MB free, 16300.27 MB total
[2018.12.10-19.26.08:120][  0]LogMemory: Virtual Memory: 4620.35 MB used,  9455.02 MB free, 134217728.00 MB total
[2018.12.10-19.26.08:264][  0]LogInit: Using OS detected language (en-US).
[2018.12.10-19.26.08:265][  0]LogInit: Using OS detected locale (en-GB).
[2018.12.10-19.26.08:267][  0]LogTextLocalizationManager: No specific localization for 'en-US' exists, so the 'en' localization will be used.
[2018.12.10-19.26.08:696][  0]LogStreaming: Display: Took  0.432s to InitEngineTextLocalization.
[2018.12.10-19.26.08:696][  0]LogInit: Setting process to per monitor DPI aware
[2018.12.10-19.26.08:748][  0]LogSlate: New Slate User Created.  User Index 0, Is Virtual User: 0
[2018.12.10-19.26.08:748][  0]LogSlate: Slate User Registered.  User Index 0, Is Virtual User: 0
[2018.12.10-19.26.09:101][  0]LogHMD: Failed to initialize OpenVR with code 110
[2018.12.10-19.26.09:101][  0]LogD3D11RHI: D3D11 adapters:
[2018.12.10-19.26.09:195][  0]LogD3D11RHI:    0. 'NVIDIA GeForce GTX 970' (Feature Level 11_0)
[2018.12.10-19.26.09:195][  0]LogD3D11RHI:       4043/0/8150 MB DedicatedVideo/DedicatedSystem/SharedSystem, Outputs:2, VendorId:0x10de
[2018.12.10-19.26.09:201][  0]LogD3D11RHI:    1. 'Microsoft Basic Render Driver' (Feature Level 11_0)
[2018.12.10-19.26.09:201][  0]LogD3D11RHI:       0/0/8150 MB DedicatedVideo/DedicatedSystem/SharedSystem, Outputs:0, VendorId:0x1414
[2018.12.10-19.26.09:201][  0]LogD3D11RHI: Chosen D3D11 Adapter: 0
[2018.12.10-19.26.09:212][  0]LogD3D11RHI: Creating new Direct3DDevice
[2018.12.10-19.26.09:212][  0]LogD3D11RHI:     GPU DeviceId: 0x13c2 (for the marketing name, search the web for "GPU Device Id")
[2018.12.10-19.26.09:212][  0]LogWindows: EnumDisplayDevices:
[2018.12.10-19.26.09:213][  0]LogWindows:    0. 'NVIDIA GeForce GTX 970' (P:0 D:1)
[2018.12.10-19.26.09:213][  0]LogWindows:    1. 'NVIDIA GeForce GTX 970' (P:1 D:1)
[2018.12.10-19.26.09:213][  0]LogWindows:    2. 'NVIDIA GeForce GTX 970' (P:0 D:0)
[2018.12.10-19.26.09:214][  0]LogWindows:    3. 'NVIDIA GeForce GTX 970' (P:0 D:0)
[2018.12.10-19.26.09:214][  0]LogWindows: DebugString: FoundDriverCount:4 
[2018.12.10-19.26.09:214][  0]LogD3D11RHI:     Adapter Name: NVIDIA GeForce GTX 970
[2018.12.10-19.26.09:214][  0]LogD3D11RHI:   Driver Version: 399.24 (internal:24.21.13.9924, unified:399.24)
[2018.12.10-19.26.09:214][  0]LogD3D11RHI:      Driver Date: 9-5-2018
[2018.12.10-19.26.09:214][  0]LogRHI: Texture pool is 2830 MB (70% of 4043 MB)
[2018.12.10-19.26.09:266][  0]LogD3D11RHI: Async texture creation enabled
[2018.12.10-19.26.09:285][  0]LogD3D11RHI: GPU Timing Frequency: 1000.000000 (Debug: 2 2)
[2018.12.10-19.26.09:374][  0]LogShaderCompilers: Guid format shader working directory is -31 characters bigger than the processId version (E:/Staffs Uni/Level 5/Technical Games Production/Pair/TGPPairProject/PairProject/Intermediate/Shaders/WorkingDirectory/1996/).
[2018.12.10-19.26.09:375][  0]LogShaderCompilers: Cleaned the shader compiler working directory 'C:/Users/c013767h/AppData/Local/Temp/UnrealShaderWorkingDir/2C448D3B44ED0A51DABB1BA6B3FB7CB0/'.
[2018.12.10-19.26.09:747][  0]LogTemp: Display: Loaded TP AllDesktopTargetPlatform
[2018.12.10-19.26.09:767][  0]LogTemp: Display: Loaded TP MacClientTargetPlatform
[2018.12.10-19.26.09:788][  0]LogTemp: Display: Loaded TP MacNoEditorTargetPlatform
[2018.12.10-19.26.09:808][  0]LogTemp: Display: Loaded TP MacServerTargetPlatform
[2018.12.10-19.26.09:829][  0]LogTemp: Display: Loaded TP MacTargetPlatform
[2018.12.10-19.26.09:850][  0]LogTemp: Display: Loaded TP WindowsClientTargetPlatform
[2018.12.10-19.26.09:870][  0]LogTemp: Display: Loaded TP WindowsNoEditorTargetPlatform
[2018.12.10-19.26.09:890][  0]LogTemp: Display: Loaded TP WindowsServerTargetPlatform
[2018.12.10-19.26.09:902][  0]LogTemp: Display: Loaded TP WindowsTargetPlatform
[2018.12.10-19.26.09:999][  0]LogTemp: Display: Loaded TP AndroidTargetPlatform
[2018.12.10-19.26.10:000][  0]LogTemp: Display: Loaded TP AndroidTargetPlatform
[2018.12.10-19.26.10:000][  0]LogTemp: Display: Loaded TP AndroidTargetPlatform
[2018.12.10-19.26.10:000][  0]LogTemp: Display: Loaded TP AndroidTargetPlatform
[2018.12.10-19.26.10:000][  0]LogTemp: Display: Loaded TP AndroidTargetPlatform
[2018.12.10-19.26.10:001][  0]LogTemp: Display: Loaded TP AndroidTargetPlatform
[2018.12.10-19.26.10:001][  0]LogTemp: Display: Loaded TP AndroidTargetPlatform
[2018.12.10-19.26.10:001][  0]LogTemp: Display: Loaded TP AndroidTargetPlatform
[2018.12.10-19.26.10:001][  0]LogTemp: Display: Loaded TP AndroidTargetPlatform
[2018.12.10-19.26.10:001][  0]LogTemp: Display: Loaded TP AndroidTargetPlatform
[2018.12.10-19.26.10:001][  0]LogTemp: Display: Loaded TP AndroidTargetPlatform
[2018.12.10-19.26.10:001][  0]LogTemp: Display: Loaded TP AndroidTargetPlatform
[2018.12.10-19.26.10:001][  0]LogTemp: Display: Loaded TP AndroidTargetPlatform
[2018.12.10-19.26.10:001][  0]LogTemp: Display: Loaded TP AndroidTargetPlatform
[2018.12.10-19.26.10:001][  0]LogTemp: Display: Loaded TP AndroidTargetPlatform
[2018.12.10-19.26.10:001][  0]LogTemp: Display: Loaded TP AndroidTargetPlatform
[2018.12.10-19.26.10:001][  0]LogTemp: Display: Loaded TP AndroidTargetPlatform
[2018.12.10-19.26.10:001][  0]LogTemp: Display: Loaded TP AndroidTargetPlatform
[2018.12.10-19.26.10:009][  0]LogTemp: Display: Loaded TP HTML5TargetPlatform
[2018.12.10-19.26.10:087][  0]LogTemp: Display: Loaded TP IOSTargetPlatform
[2018.12.10-19.26.10:087][  0]LogTemp: Display: Loaded TP IOSTargetPlatform
[2018.12.10-19.26.10:118][  0]LogTemp: Display: Loaded TP TVOSTargetPlatform
[2018.12.10-19.26.10:118][  0]LogTemp: Display: Loaded TP TVOSTargetPlatform
[2018.12.10-19.26.10:136][  0]LogTemp: Display: Loaded TP LinuxClientTargetPlatform
[2018.12.10-19.26.10:154][  0]LogTemp: Display: Loaded TP LinuxNoEditorTargetPlatform
[2018.12.10-19.26.10:171][  0]LogTemp: Display: Loaded TP LinuxServerTargetPlatform
[2018.12.10-19.26.10:190][  0]LogTemp: Display: Loaded TP LinuxTargetPlatform
[2018.12.10-19.26.10:203][  0]LogTemp: Display: Loaded TP LuminTargetPlatform
[2018.12.10-19.26.10:204][  0]LogTargetPlatformManager: Display: Building Assets For Windows
[2018.12.10-19.26.10:397][  0]LogXGEController: Cleaning working directory: C:/Users/c013767h/AppData/Local/Temp/UnrealXGEWorkingDir/
[2018.12.10-19.26.10:398][  0]LogXGEController: Cannot use XGE Controller as Incredibuild is not installed on this machine.
[2018.12.10-19.26.10:398][  0]LogShaderCompilers: Cannot use XGE Shader Compiler as Incredibuild is not installed on this machine.
[2018.12.10-19.26.10:398][  0]LogShaderCompilers: Display: Using Local Shader Compiler.
[2018.12.10-19.26.11:545][  0]LogDerivedDataCache: Display: Max Cache Size: 512 MB
[2018.12.10-19.26.11:651][  0]LogDerivedDataCache: Loaded boot cache 0.11s 71MB C:/Users/c013767h/AppData/Local/UnrealEngine/4.20/DerivedDataCache/Boot.ddc.
[2018.12.10-19.26.11:652][  0]LogDerivedDataCache: Display: Loaded Boot cache: C:/Users/c013767h/AppData/Local/UnrealEngine/4.20/DerivedDataCache/Boot.ddc
[2018.12.10-19.26.11:652][  0]LogDerivedDataCache: FDerivedDataBackendGraph:  Pak pak cache file E:/Staffs Uni/Level 5/Technical Games Production/Pair/TGPPairProject/PairProject/DerivedDataCache/DDC.ddp not found, will not use a pak cache.
[2018.12.10-19.26.11:652][  0]LogDerivedDataCache: Unable to find inner node Pak for hierarchical cache Hierarchy.
[2018.12.10-19.26.11:652][  0]LogDerivedDataCache: FDerivedDataBackendGraph:  CompressedPak pak cache file E:/Staffs Uni/Level 5/Technical Games Production/Pair/TGPPairProject/PairProject/DerivedDataCache/Compressed.ddp not found, will not use a pak cache.
[2018.12.10-19.26.11:652][  0]LogDerivedDataCache: Unable to find inner node CompressedPak for hierarchical cache Hierarchy.
[2018.12.10-19.26.11:667][  0]LogDerivedDataCache: Display: Pak cache opened for reading ../../../Engine/DerivedDataCache/Compressed.ddp.
[2018.12.10-19.26.11:681][  0]LogDerivedDataCache: Using Local data cache path C:/Users/c013767h/AppData/Local/UnrealEngine/Common/DerivedDataCache: Writable
[2018.12.10-19.26.11:681][  0]LogDerivedDataCache: Shared data cache path not found in *engine.ini, will not use an Shared cache.
[2018.12.10-19.26.11:681][  0]LogDerivedDataCache: Unable to find inner node Shared for hierarchical cache Hierarchy.
[2018.12.10-19.26.11:703][  0]LogMaterial: Verifying Global Shaders for PCD3D_SM5
[2018.12.10-19.26.11:704][  0]LogSlate: Using FreeType 2.6.0
[2018.12.10-19.26.11:705][  0]LogSlate: SlateFontServices - WITH_FREETYPE: 1, WITH_HARFBUZZ: 1
[2018.12.10-19.26.11:800][  0]LogAssetRegistry: FAssetRegistry took 0.0298 seconds to start up
[2018.12.10-19.26.12:185][  0]LogInit: Selected Device Profile: [Windows]
[2018.12.10-19.26.12:381][  0]LogSimplygon: Simplygon DLL not present - disabling.
[2018.12.10-19.26.12:392][  0]LogMeshReduction: Using SimplygonSwarm for distributed automatic mesh merging
[2018.12.10-19.26.12:392][  0]LogMeshReduction: Using ProxyLODMeshReduction for automatic mesh merging
[2018.12.10-19.26.12:392][  0]LogMeshReduction: Using QuadricMeshReduction for automatic static mesh reduction
[2018.12.10-19.26.12:393][  0]LogMeshReduction: No automatic skeletal mesh reduction module available
[2018.12.10-19.26.12:414][  0]LogNetVersion: PairProject 1.0.0, NetCL: 4212847, EngineNetVer: 5, GameNetVer: 0 (Checksum: 2248716754)
[2018.12.10-19.26.13:080][  0]LogPackageLocalizationCache: Processed 11 localized package path(s) for 2 prioritized culture(s) in 0.156932 seconds
[2018.12.10-19.26.13:088][  0]LogUObjectArray: 38425 objects as part of root set at end of initial load.
[2018.12.10-19.26.13:088][  0]LogUObjectAllocator: 6690872 out of 0 bytes used by permanent object pool.
[2018.12.10-19.26.13:088][  0]LogUObjectArray: CloseDisregardForGC: 0/0 objects in disregard for GC pool
[2018.12.10-19.26.14:343][  0]LogTcpMessaging: Initializing TcpMessaging bridge
[2018.12.10-19.26.14:359][  0]LogUdpMessaging: Initializing bridge on interface 0.0.0.0:0 to multicast group 230.0.0.1:6666.
[2018.12.10-19.26.14:627][  0]SourceControl: Source control is disabled
[2018.12.10-19.26.14:627][  0]SourceControl: Source control is disabled
[2018.12.10-19.26.14:631][  0]SourceControl: Source control is disabled
[2018.12.10-19.26.14:634][  0]SourceControl: Source control is disabled
[2018.12.10-19.26.14:963][  0]LogAndroidPermission: UAndroidPermissionCallbackProxy::GetInstance
[2018.12.10-19.26.15:075][  0]LogOcInput: OculusInput pre-init called
[2018.12.10-19.26.15:156][  0]LogEngine: Initializing Engine...
[2018.12.10-19.26.15:157][  0]LogHMD: Failed to initialize OpenVR with code 110
[2018.12.10-19.26.15:159][  0]LogStats: UGameplayTagsManager::ConstructGameplayTagTree: ImportINI prefixes -  0.000 s
[2018.12.10-19.26.15:159][  0]LogStats: UGameplayTagsManager::ConstructGameplayTagTree: Construct from data asset -  0.000 s
[2018.12.10-19.26.15:159][  0]LogStats: UGameplayTagsManager::ConstructGameplayTagTree: ImportINI -  0.000 s
[2018.12.10-19.26.15:159][  0]LogStats: UGameplayTagsManager::ConstructGameplayTagTree: GameplayTagTreeChangedEvent.Broadcast -  0.000 s
[2018.12.10-19.26.15:401][  0]LogInit: Initializing FReadOnlyCVARCache
[2018.12.10-19.26.15:429][  0]LogAIModule: Creating AISystem for world Untitled
[2018.12.10-19.26.15:449][  0]LogInit: XAudio2 using 'Speakers (Realtek High Definition Audio)' : 2 channels at 48 kHz using 32 bits per sample (channel mask 0x3)
[2018.12.10-19.26.15:499][  0]LogInit: FAudioDevice initialized.
[2018.12.10-19.26.15:500][  0]LogNetVersion: Set ProjectVersion to 1.0.0.0. Version Checksum will be recalculated on next use.
[2018.12.10-19.26.15:672][  0]LogDerivedDataCache: Saved boot cache 0.17s 71MB C:/Users/c013767h/AppData/Local/UnrealEngine/4.20/DerivedDataCache/Boot.ddc.
[2018.12.10-19.26.15:702][  0]LogInit: Texture streaming: Enabled
[2018.12.10-19.26.15:758][  0]LogEngineSessionManager: EngineSessionManager initialized
[2018.12.10-19.26.15:758][  0]LogEngineSessionManager: EngineSessionManager sent abnormal shutdown report. Type=Debugger, SessionId={D85AA5B6-4A15-12FD-3D4A-6FB8E7C1A085}
[2018.12.10-19.26.15:758][  0]LogEngineSessionManager: EngineSessionManager sent abnormal shutdown report. Type=Debugger, SessionId={05FF9196-4203-ED5D-B680-A6BAA7BE8B49}
[2018.12.10-19.26.15:784][  0]LogInit: Transaction tracking system initialized
[2018.12.10-19.26.15:855][  0]BlueprintLog: New page: Editor Load
[2018.12.10-19.26.16:036][  0]LocalizationService: Localization service is disabled
[2018.12.10-19.26.16:432][  0]LogCook: Display: Max memory allowance for cook 16384mb min free memory 0mb
[2018.12.10-19.26.16:432][  0]LogCook: Display: Mobile HDR setting 1
[2018.12.10-19.26.16:432][  0]LogGameplayTags: Display: UGameplayTagsManager::DoneAddingNativeTags. DelegateIsBound: 0
[2018.12.10-19.26.16:433][  0]LogStats: UGameplayTagsManager::ConstructGameplayTagTree: ImportINI prefixes -  0.000 s
[2018.12.10-19.26.16:433][  0]LogStats: UGameplayTagsManager::ConstructGameplayTagTree: Construct from data asset -  0.000 s
[2018.12.10-19.26.16:433][  0]LogStats: UGameplayTagsManager::ConstructGameplayTagTree: ImportINI -  0.000 s
[2018.12.10-19.26.16:433][  0]LogStats: UGameplayTagsManager::ConstructGameplayTagTree: GameplayTagTreeChangedEvent.Broadcast -  0.000 s
[2018.12.10-19.26.16:668][  0]LogFileCache: Scanning file cache for directory 'E:/Staffs Uni/Level 5/Technical Games Production/Pair/TGPPairProject/PairProject/Content/' took 0.01s
[2018.12.10-19.26.16:668][  0]SourceControl: Source control is disabled
[2018.12.10-19.26.16:668][  0]Cmd: MAP LOAD FILE="../../../Engine/Content/Maps/Templates/Template_Default.umap" TEMPLATE=1 SHOWPROGRESS=1 FEATURELEVEL=3
[2018.12.10-19.26.16:669][  0]LightingResults: New page: Lighting Build
[2018.12.10-19.26.16:675][  0]MapCheck: New page: Map Check
[2018.12.10-19.26.16:675][  0]LightingResults: New page: Lighting Build
[2018.12.10-19.26.16:921][  0]LogAIModule: Creating AISystem for world Untitled_1
[2018.12.10-19.26.16:930][  0]LogEditorServer: Finished looking for orphan Actors (0.000 secs)
[2018.12.10-19.26.16:957][  0]Cmd: MAP CHECKDEP NOCLEARLOG
[2018.12.10-19.26.17:166][  0]MapCheck: Map check complete: 0 Error(s), 0 Warning(s), took 210.081ms to complete.
[2018.12.10-19.26.17:167][  0]LogFileHelpers: Loading map 'Template_Default' took 0.499
[2018.12.10-19.26.17:333][  0]LogSlate: Updating window title bar state: overlay mode, drag disabled, window buttons hidden, title bar hidden
[2018.12.10-19.26.17:342][  0]LogSlate: Updating window title bar state: overlay mode, drag disabled, window buttons hidden, title bar hidden
[2018.12.10-19.26.17:351][  0]LogSlate: Updating window title bar state: overlay mode, drag disabled, window buttons hidden, title bar hidden
[2018.12.10-19.26.17:360][  0]LogSlate: Updating window title bar state: overlay mode, drag disabled, window buttons hidden, title bar hidden
[2018.12.10-19.26.17:374][  0]LogCollectionManager: Loaded 0 collections in 0.004136 seconds
[2018.12.10-19.26.17:428][  0]LogFileCache: Scanning file cache for directory 'E:/Staffs Uni/Level 5/Technical Games Production/Pair/TGPPairProject/PairProject/Saved/Collections/' took 0.01s
[2018.12.10-19.26.17:428][  0]LogFileCache: Scanning file cache for directory 'E:/Staffs Uni/Level 5/Technical Games Production/Pair/TGPPairProject/PairProject/Content/Developers/c013767h/Collections/' took 0.01s
[2018.12.10-19.26.17:428][  0]LogFileCache: Scanning file cache for directory 'E:/Staffs Uni/Level 5/Technical Games Production/Pair/TGPPairProject/PairProject/Content/Collections/' took 0.01s
[2018.12.10-19.26.17:429][  0]LogCollectionManager: Rebuilt the GUID cache for 0 collections in 0.000000 seconds
[2018.12.10-19.26.17:439][  0]LogContentBrowser: Native class hierarchy populated in 0.0107 seconds. Added 2577 classes and 606 folders.
[2018.12.10-19.26.17:452][  0]LogContentBrowser: Native class hierarchy updated for 'WidgetCarousel' in 0.0004 seconds. Added 0 classes and 0 folders.
[2018.12.10-19.26.17:553][  0]LogContentBrowser: Native class hierarchy updated for 'AddContentDialog' in 0.0004 seconds. Added 0 classes and 0 folders.
[2018.12.10-19.26.17:563][  0]LogContentBrowser: Native class hierarchy updated for 'SceneOutliner' in 0.0004 seconds. Added 1 classes and 2 folders.
[2018.12.10-19.26.17:579][  0]LogSlate: Took 0.000290 seconds to synchronously load lazily loaded font '../../../Engine/Content/Slate/Fonts/Roboto-Regular.ttf' (155K)
[2018.12.10-19.26.17:584][  0]LogSlate: Took 0.000248 seconds to synchronously load lazily loaded font '../../../Engine/Content/Slate/Fonts/Roboto-Bold.ttf' (160K)
[2018.12.10-19.26.17:589][  0]LogSlate: Took 0.000285 seconds to synchronously load lazily loaded font '../../../Engine/Content/Editor/Slate/Fonts/FontAwesome.ttf' (139K)
[2018.12.10-19.26.17:681][  0]LogRenderer: Reallocating scene render targets to support 1208x576 Format 10 NumSamples 1 (Frame:1).
[2018.12.10-19.26.17:801][  0]LogSlate: FSceneViewport::OnFocusLost() reason 2
[2018.12.10-19.26.17:819][  0]LogSlate: Window 'Tutorials' being destroyed
[2018.12.10-19.26.17:862][  0]LogContentBrowser: Native class hierarchy updated for 'HierarchicalLODOutliner' in 0.0004 seconds. Added 0 classes and 0 folders.
[2018.12.10-19.26.17:862][  0]LogLoad: (Engine Initialization) Total time: 13.43 seconds
[2018.12.10-19.26.17:862][  0]LogLoad: (Engine Initialization) Total Blueprint compile time: 0.00 seconds
[2018.12.10-19.26.17:872][  0]LogWindowsTextInputMethodSystem: Display: IME system now deactivated.
[2018.12.10-19.26.17:893][  0]LogContentStreaming: Texture pool size now 1000 MB
[2018.12.10-19.26.17:923][  0]LogSlate: Took 0.000249 seconds to synchronously load lazily loaded font '../../../Engine/Content/Slate/Fonts/Roboto-Light.ttf' (167K)
[2018.12.10-19.26.17:942][  1]LogAssetRegistry: Asset discovery search completed in 6.1663 seconds
[2018.12.10-19.26.17:944][  1]LogCollectionManager: Rebuilt the object cache for 0 collections in 0.000000 seconds (found 0 objects)
[2018.12.10-19.26.17:944][  1]LogCollectionManager: Fixed up redirectors for 0 collections in 0.000108 seconds (updated 0 objects)
[2018.12.10-19.26.20:318][258]LogSlate: FSceneViewport::OnFocusLost() reason 0
[2018.12.10-19.26.20:468][275]LogSlate: Took 0.000281 seconds to synchronously load lazily loaded font '../../../Engine/Content/Slate/Fonts/Roboto-Light.ttf' (167K)
[2018.12.10-19.26.20:500][275]LogAIModule: Creating AISystem for world JamieTestScene
[2018.12.10-19.26.20:505][275]LogAssetEditorManager: Opening Asset editor for World /Game/Scenes/JamieTestScene.JamieTestScene
[2018.12.10-19.26.20:531][275]Cmd: MAP LOAD FILE="E:/Staffs Uni/Level 5/Technical Games Production/Pair/TGPPairProject/PairProject/Content/Scenes/JamieTestScene.umap" TEMPLATE=0 SHOWPROGRESS=1 FEATURELEVEL=3
[2018.12.10-19.26.20:531][275]LightingResults: New page: Lighting Build
[2018.12.10-19.26.20:531][275]LoadErrors: New page: Loading map: JamieTestScene.umap
[2018.12.10-19.26.20:532][275]MapCheck: New page: Map Check
[2018.12.10-19.26.20:532][275]LightingResults: New page: Lighting Build
[2018.12.10-19.26.20:560][275]LogEditorServer: Finished looking for orphan Actors (0.000 secs)
[2018.12.10-19.26.20:735][275]Cmd: MAP CHECKDEP NOCLEARLOG
[2018.12.10-19.26.20:977][275]MapCheck: Map check complete: 0 Error(s), 0 Warning(s), took 242.218ms to complete.
[2018.12.10-19.26.20:978][275]LogFileHelpers: Loading map 'JamieTestScene' took 0.449
[2018.12.10-19.26.23:593][570]LogSlate: FSceneViewport::OnFocusLost() reason 0
[2018.12.10-19.26.23:651][577]LogTemp: Repeating last play command: Selected Viewport
[2018.12.10-19.26.23:670][577]LogPlayLevel: PlayLevel: No blueprints needed recompiling
[2018.12.10-19.26.23:684][577]PIE: New page: PIE session: JamieTestScene (10 Dec 2018 19:26:23)
[2018.12.10-19.26.23:685][577]LogPlayLevel: Creating play world package: /Game/Scenes/UEDPIE_0_JamieTestScene
[2018.12.10-19.26.23:688][577]LogPlayLevel: PIE: StaticDuplicateObject took: (0.003233s)
[2018.12.10-19.26.23:689][577]LogAIModule: Creating AISystem for world JamieTestScene
[2018.12.10-19.26.23:689][577]LogPlayLevel: PIE: World Init took: (0.000932s)
[2018.12.10-19.26.23:689][577]LogPlayLevel: PIE: Created PIE world by copying editor world from /Game/Scenes/JamieTestScene.JamieTestScene to /Game/Scenes/UEDPIE_0_JamieTestScene.JamieTestScene (0.004598s)
[2018.12.10-19.26.23:717][577]LogInit: XAudio2 using 'Speakers (Realtek High Definition Audio)' : 2 channels at 48 kHz using 32 bits per sample (channel mask 0x3)
[2018.12.10-19.26.23:734][577]LogInit: FAudioDevice initialized.
[2018.12.10-19.26.23:784][577]LogLoad: Game class is 'GameModeBase'
[2018.12.10-19.26.23:786][577]LogWorld: Bringing World /Game/Scenes/UEDPIE_0_JamieTestScene.JamieTestScene up for play (max tick rate 0) at 2018.12.10-19.26.23
[2018.12.10-19.26.23:787][577]LogWorld: Bringing up level for play took: 0.001194
[2018.12.10-19.26.23:811][577]LogContentBrowser: Native class hierarchy updated for 'MovieSceneCapture' in 0.0005 seconds. Added 10 classes and 0 folders.
[2018.12.10-19.26.23:812][577]PIE: Play in editor start time for /Game/Scenes/UEDPIE_0_JamieTestScene 0.291
[2018.12.10-19.26.40:436][567]LogSlate: Updating window title bar state: overlay mode, drag disabled, window buttons hidden, title bar hidden
[2018.12.10-19.26.40:475][567]LogPlayLevel: Display: Shutting down PIE online subsystems
[2018.12.10-19.26.40:501][567]LogSlate: Updating window title bar state: overlay mode, drag disabled, window buttons hidden, title bar hidden
[2018.12.10-19.26.40:538][570]LogPlayLevel: Display: Destroying online subsystem :Context_1
[2018.12.10-19.26.44:283][  3]LogSlate: FSceneViewport::OnFocusLost() reason 0
[2018.12.10-19.26.44:349][ 11]LogTemp: Repeating last play command: Selected Viewport
[2018.12.10-19.26.44:384][ 11]LogPlayLevel: PlayLevel: No blueprints needed recompiling
[2018.12.10-19.26.44:384][ 11]PIE: New page: PIE session: JamieTestScene (10 Dec 2018 19:26:44)
[2018.12.10-19.26.44:385][ 11]LogPlayLevel: Creating play world package: /Game/Scenes/UEDPIE_0_JamieTestScene
[2018.12.10-19.26.44:387][ 11]LogPlayLevel: PIE: StaticDuplicateObject took: (0.001939s)
[2018.12.10-19.26.44:387][ 11]LogAIModule: Creating AISystem for world JamieTestScene
[2018.12.10-19.26.44:388][ 11]LogPlayLevel: PIE: World Init took: (0.001004s)
[2018.12.10-19.26.44:388][ 11]LogPlayLevel: PIE: Created PIE world by copying editor world from /Game/Scenes/JamieTestScene.JamieTestScene to /Game/Scenes/UEDPIE_0_JamieTestScene.JamieTestScene (0.003307s)
[2018.12.10-19.26.44:416][ 11]LogInit: XAudio2 using 'Speakers (Realtek High Definition Audio)' : 2 channels at 48 kHz using 32 bits per sample (channel mask 0x3)
[2018.12.10-19.26.44:433][ 11]LogInit: FAudioDevice initialized.
[2018.12.10-19.26.44:464][ 11]LogLoad: Game class is 'GameModeBase'
[2018.12.10-19.26.44:465][ 11]LogWorld: Bringing World /Game/Scenes/UEDPIE_0_JamieTestScene.JamieTestScene up for play (max tick rate 0) at 2018.12.10-19.26.44
[2018.12.10-19.26.44:466][ 11]LogWorld: Bringing up level for play took: 0.000833
[2018.12.10-19.26.44:481][ 11]PIE: Play in editor start time for /Game/Scenes/UEDPIE_0_JamieTestScene 0.96
[2018.12.10-19.26.46:723][275]LogSlate: Updating window title bar state: overlay mode, drag disabled, window buttons hidden, title bar hidden
[2018.12.10-19.26.46:757][275]LogPlayLevel: Display: Shutting down PIE online subsystems
[2018.12.10-19.26.46:791][275]LogSlate: Updating window title bar state: overlay mode, drag disabled, window buttons hidden, title bar hidden
[2018.12.10-19.26.46:826][278]LogPlayLevel: Display: Destroying online subsystem :Context_2
[2018.12.10-19.26.48:100][429]LogEditorViewport: Clicking on Actor (LMB): MyBaseEnemy_C (MyBaseEnemy2)
[2018.12.10-19.26.58:310][638]Cmd: TRANSACTION UNDO
[2018.12.10-19.26.58:311][638]LogEditorTransaction: Undo Move Actors
[2018.12.10-19.27.01:030][941]LogSlate: Took 0.000306 seconds to synchronously load lazily loaded font '../../../Engine/Content/Slate/Fonts/Roboto-Italic.ttf' (157K)
[2018.12.10-19.27.01:322][975]LogSlate: FSceneViewport::OnFocusLost() reason 0
[2018.12.10-19.27.03:609][235]LogSlate: FSceneViewport::OnFocusLost() reason 0
[2018.12.10-19.27.03:659][241]LogTemp: Repeating last play command: Selected Viewport
[2018.12.10-19.27.03:676][241]LogPlayLevel: PlayLevel: No blueprints needed recompiling
[2018.12.10-19.27.03:677][241]PIE: New page: PIE session: JamieTestScene (10 Dec 2018 19:27:03)
[2018.12.10-19.27.03:677][241]LogPlayLevel: Creating play world package: /Game/Scenes/UEDPIE_0_JamieTestScene
[2018.12.10-19.27.03:679][241]LogPlayLevel: PIE: StaticDuplicateObject took: (0.002218s)
[2018.12.10-19.27.03:680][241]LogAIModule: Creating AISystem for world JamieTestScene
[2018.12.10-19.27.03:680][241]LogPlayLevel: PIE: World Init took: (0.000879s)
[2018.12.10-19.27.03:680][241]LogPlayLevel: PIE: Created PIE world by copying editor world from /Game/Scenes/JamieTestScene.JamieTestScene to /Game/Scenes/UEDPIE_0_JamieTestScene.JamieTestScene (0.003398s)
[2018.12.10-19.27.03:710][241]LogInit: XAudio2 using 'Speakers (Realtek High Definition Audio)' : 2 channels at 48 kHz using 32 bits per sample (channel mask 0x3)
[2018.12.10-19.27.03:726][241]LogInit: FAudioDevice initialized.
[2018.12.10-19.27.03:762][241]LogLoad: Game class is 'GameModeBase'
[2018.12.10-19.27.03:763][241]LogWorld: Bringing World /Game/Scenes/UEDPIE_0_JamieTestScene.JamieTestScene up for play (max tick rate 0) at 2018.12.10-19.27.03
[2018.12.10-19.27.03:764][241]LogWorld: Bringing up level for play took: 0.001064
[2018.12.10-19.27.03:779][241]PIE: Play in editor start time for /Game/Scenes/UEDPIE_0_JamieTestScene 0.257
[2018.12.10-19.27.07:305][661]LogSlate: Updating window title bar state: overlay mode, drag disabled, window buttons hidden, title bar hidden
[2018.12.10-19.27.07:344][661]LogPlayLevel: Display: Shutting down PIE online subsystems
[2018.12.10-19.27.07:370][661]LogSlate: Updating window title bar state: overlay mode, drag disabled, window buttons hidden, title bar hidden
[2018.12.10-19.27.07:406][664]LogPlayLevel: Display: Destroying online subsystem :Context_5
[2018.12.10-19.27.09:234][883]LogEditorViewport: Clicking on Actor (LMB): MyBaseEnemy_C (MyBaseEnemy)
[2018.12.10-19.27.10:458][ 24]LogSlate: FSceneViewport::OnFocusLost() reason 0
[2018.12.10-19.27.13:801][416]LogSlate: FSceneViewport::OnFocusLost() reason 0
[2018.12.10-19.27.13:844][421]LogTemp: Repeating last play command: Selected Viewport
[2018.12.10-19.27.13:862][421]LogPlayLevel: PlayLevel: No blueprints needed recompiling
[2018.12.10-19.27.13:862][421]PIE: New page: PIE session: JamieTestScene (10 Dec 2018 19:27:13)
[2018.12.10-19.27.13:862][421]LogPlayLevel: Creating play world package: /Game/Scenes/UEDPIE_0_JamieTestScene
[2018.12.10-19.27.13:864][421]LogPlayLevel: PIE: StaticDuplicateObject took: (0.002151s)
[2018.12.10-19.27.13:865][421]LogAIModule: Creating AISystem for world JamieTestScene
[2018.12.10-19.27.13:865][421]LogPlayLevel: PIE: World Init took: (0.000831s)
[2018.12.10-19.27.13:866][421]LogPlayLevel: PIE: Created PIE world by copying editor world from /Game/Scenes/JamieTestScene.JamieTestScene to /Game/Scenes/UEDPIE_0_JamieTestScene.JamieTestScene (0.003355s)
[2018.12.10-19.27.13:893][421]LogInit: XAudio2 using 'Speakers (Realtek High Definition Audio)' : 2 channels at 48 kHz using 32 bits per sample (channel mask 0x3)
[2018.12.10-19.27.13:910][421]LogInit: FAudioDevice initialized.
[2018.12.10-19.27.13:941][421]LogLoad: Game class is 'GameModeBase'
[2018.12.10-19.27.13:942][421]LogWorld: Bringing World /Game/Scenes/UEDPIE_0_JamieTestScene.JamieTestScene up for play (max tick rate 0) at 2018.12.10-19.27.13
[2018.12.10-19.27.13:943][421]LogWorld: Bringing up level for play took: 0.000854
[2018.12.10-19.27.13:957][421]PIE: Play in editor start time for /Game/Scenes/UEDPIE_0_JamieTestScene 0.436
[2018.12.10-19.27.21:176][284]LogSlate: Updating window title bar state: overlay mode, drag disabled, window buttons hidden, title bar hidden
[2018.12.10-19.27.21:216][284]LogPlayLevel: Display: Shutting down PIE online subsystems
[2018.12.10-19.27.21:242][284]LogSlate: Updating window title bar state: overlay mode, drag disabled, window buttons hidden, title bar hidden
[2018.12.10-19.27.21:278][287]LogPlayLevel: Display: Destroying online subsystem :Context_6
[2018.12.10-19.27.30:192][535]LogSlate: FSceneViewport::OnFocusLost() reason 0
[2018.12.10-19.27.30:254][538]LogTemp: Repeating last play command: Selected Viewport
[2018.12.10-19.27.30:273][538]LogPlayLevel: PlayLevel: No blueprints needed recompiling
[2018.12.10-19.27.30:274][538]PIE: New page: PIE session: JamieTestScene (10 Dec 2018 19:27:30)
[2018.12.10-19.27.30:274][538]LogPlayLevel: Creating play world package: /Game/Scenes/UEDPIE_0_JamieTestScene
[2018.12.10-19.27.30:277][538]LogPlayLevel: PIE: StaticDuplicateObject took: (0.002522s)
[2018.12.10-19.27.30:277][538]LogAIModule: Creating AISystem for world JamieTestScene
[2018.12.10-19.27.30:278][538]LogPlayLevel: PIE: World Init took: (0.001412s)
[2018.12.10-19.27.30:278][538]LogPlayLevel: PIE: Created PIE world by copying editor world from /Game/Scenes/JamieTestScene.JamieTestScene to /Game/Scenes/UEDPIE_0_JamieTestScene.JamieTestScene (0.004429s)
[2018.12.10-19.27.30:310][538]LogInit: XAudio2 using 'Speakers (Realtek High Definition Audio)' : 2 channels at 48 kHz using 32 bits per sample (channel mask 0x3)
[2018.12.10-19.27.30:330][538]LogInit: FAudioDevice initialized.
[2018.12.10-19.27.30:365][538]LogLoad: Game class is 'GameModeBase'
[2018.12.10-19.27.30:367][538]LogWorld: Bringing World /Game/Scenes/UEDPIE_0_JamieTestScene.JamieTestScene up for play (max tick rate 0) at 2018.12.10-19.27.30
[2018.12.10-19.27.30:367][538]LogWorld: Bringing up level for play took: 0.000937
[2018.12.10-19.27.30:382][538]PIE: Play in editor start time for /Game/Scenes/UEDPIE_0_JamieTestScene 0.861
[2018.12.10-19.27.32:044][731]LogSlate: Updating window title bar state: overlay mode, drag disabled, window buttons hidden, title bar hidden
[2018.12.10-19.27.32:085][731]LogPlayLevel: Display: Shutting down PIE online subsystems
[2018.12.10-19.27.32:123][731]LogSlate: Updating window title bar state: overlay mode, drag disabled, window buttons hidden, title bar hidden
[2018.12.10-19.27.32:150][733]LogPlayLevel: Display: Destroying online subsystem :Context_7
[2018.12.10-19.27.33:427][884]LogSlate: FSceneViewport::OnFocusLost() reason 2
[2018.12.10-19.27.34:089][937]Candidate modules for hot reload:
[2018.12.10-19.27.34:089][937]  PairProject
[2018.12.10-19.27.34:090][937]Launching UnrealBuildTool... [C:/Epic/UE4/UE_4.20/Engine/Binaries/DotNET/UnrealBuildTool.exe  -ModuleWithSuffix=PairProject,7270 Win64 Development -TargetType=Editor -Project="E:/Staffs Uni/Level 5/Technical Games Production/Pair/TGPPairProject/PairProject/PairProject.uproject" -canskiplink "E:/Staffs Uni/Level 5/Technical Games Production/Pair/TGPPairProject/PairProject/PairProject.uproject" ]
[2018.12.10-19.27.34:097][937]Warning: Starting HotReload took  0.2s.
[2018.12.10-19.28.02:945][367]CompilerResultsLog: New page: Compilation - 10 Dec 2018 19:28:02
[2018.12.10-19.28.02:945][367]CompilerResultsLog: Performing full C++ include scan (hot reloading a new target)
[2018.12.10-19.28.02:945][367]CompilerResultsLog: Using 'git status' to determine working set for adaptive non-unity build.
[2018.12.10-19.28.02:946][367]CompilerResultsLog: Creating makefile for hot reloading PairProjectEditor (BuildConfiguration.xml is newer)
[2018.12.10-19.28.02:946][367]CompilerResultsLog: Compiling game modules for hot reload
[2018.12.10-19.28.02:946][367]CompilerResultsLog: Using Visual Studio 2017 14.14.26428 toolchain (C:\Program Files (x86)\Microsoft Visual Studio\2017\Professional\VC\Tools\MSVC\14.14.26428) and Windows 10.0.17134.0 SDK (C:\Program Files (x86)\Windows Kits\10).
[2018.12.10-19.28.02:946][367]CompilerResultsLog: Building 3 actions with 4 processes...
[2018.12.10-19.28.02:947][367]CompilerResultsLog:   [1/3] BaseAttack.cpp
[2018.12.10-19.28.02:947][367]CompilerResultsLog:   [2/3] UE4Editor-PairProject-7270.lib
[2018.12.10-19.28.02:947][367]CompilerResultsLog:      Creating library E:\Staffs Uni\Level 5\Technical Games Production\Pair\TGPPairProject\PairProject\Intermediate\Build\Win64\UE4Editor\Development\PairProject\UE4Editor-PairProject-7270.lib and object E:\Staffs Uni\Level 5\Technical Games Production\Pair\TGPPairProject\PairProject\Intermediate\Build\Win64\UE4Editor\Development\PairProject\UE4Editor-PairProject-7270.exp
[2018.12.10-19.28.02:947][367]CompilerResultsLog:   [3/3] UE4Editor-PairProject-7270.dll
[2018.12.10-19.28.02:947][367]CompilerResultsLog:      Creating library E:\Staffs Uni\Level 5\Technical Games Production\Pair\TGPPairProject\PairProject\Intermediate\Build\Win64\UE4Editor\Development\PairProject\UE4Editor-PairProject-7270.suppressed.lib and object E:\Staffs Uni\Level 5\Technical Games Production\Pair\TGPPairProject\PairProject\Intermediate\Build\Win64\UE4Editor\Development\PairProject\UE4Editor-PairProject-7270.suppressed.exp
[2018.12.10-19.28.02:947][367]CompilerResultsLog: Total build time: 28.44 seconds (Parallel executor: 2.66 seconds)
[2018.12.10-19.28.02:948][367]LogMainFrame: MainFrame: Module compiling took 28.879 seconds
[2018.12.10-19.28.03:012][367]LogContentBrowser: Native class hierarchy updated for 'PairProject' in 0.0005 seconds. Added 5 classes and 3 folders.
[2018.12.10-19.28.03:015][367]Display: HotReload successful (1 functions remapped  0 scriptstructs remapped)
[2018.12.10-19.28.03:119][367]LogContentBrowser: Native class hierarchy populated in 0.0103 seconds. Added 2578 classes and 608 folders.
[2018.12.10-19.28.03:136][367]Display: HotReload took 29.3s.
[2018.12.10-19.28.27:355][267]LogSlate: FSceneViewport::OnFocusLost() reason 0
[2018.12.10-19.28.27:421][275]LogTemp: Repeating last play command: Selected Viewport
[2018.12.10-19.28.27:440][275]LogPlayLevel: PlayLevel: No blueprints needed recompiling
[2018.12.10-19.28.27:440][275]PIE: New page: PIE session: JamieTestScene (10 Dec 2018 19:28:27)
[2018.12.10-19.28.27:440][275]LogPlayLevel: Creating play world package: /Game/Scenes/UEDPIE_0_JamieTestScene
[2018.12.10-19.28.27:442][275]LogPlayLevel: PIE: StaticDuplicateObject took: (0.002060s)
[2018.12.10-19.28.27:443][275]LogAIModule: Creating AISystem for world JamieTestScene
[2018.12.10-19.28.27:443][275]LogPlayLevel: PIE: World Init took: (0.000973s)
[2018.12.10-19.28.27:443][275]LogPlayLevel: PIE: Created PIE world by copying editor world from /Game/Scenes/JamieTestScene.JamieTestScene to /Game/Scenes/UEDPIE_0_JamieTestScene.JamieTestScene (0.003397s)
[2018.12.10-19.28.27:472][275]LogInit: XAudio2 using 'Speakers (Realtek High Definition Audio)' : 2 channels at 48 kHz using 32 bits per sample (channel mask 0x3)
[2018.12.10-19.28.27:489][275]LogInit: FAudioDevice initialized.
