Log file open, 01/01/19 22:20:41
LogWindows: Failed to load 'aqProf.dll' (GetLastError=126)
LogWindows: File 'aqProf.dll' does not exist
LogWindows: Failed to load 'VSPerf140.dll' (GetLastError=126)
LogWindows: File 'VSPerf140.dll' does not exist
LogWindows: Failed to load 'VtuneApi.dll' (GetLastError=126)
LogWindows: File 'VtuneApi.dll' does not exist
LogWindows: Failed to load 'VtuneApi32e.dll' (GetLastError=126)
LogWindows: File 'VtuneApi32e.dll' does not exist
LogInit: Display: Running engine for game: PairProject
LogPlatformFile: Not using cached read wrapper
LogTaskGraph: Started task graph with 5 named threads and 23 total threads with 3 sets of task threads.
LogStats: Stats thread started at 5.577087
LogD3D11RHI: Loaded GFSDK_Aftermath_Lib.x64.dll
LogICUInternationalization: Display: ICU TimeZone Detection - Raw Offset: +0:00, Platform Override: ''
LogPluginManager: Mounting plugin Paper2D
LogPluginManager: Mounting plugin AISupport
LogPluginManager: Mounting plugin LightPropagationVolume
LogPluginManager: Mounting plugin CLionSourceCodeAccess
LogPluginManager: Mounting plugin CodeLiteSourceCodeAccess
LogPluginManager: Mounting plugin GitSourceControl
LogPluginManager: Mounting plugin KDevelopSourceCodeAccess
LogPluginManager: Mounting plugin NullSourceCodeAccess
LogPluginManager: Mounting plugin PerforceSourceControl
LogPluginManager: Mounting plugin SubversionSourceControl
LogPluginManager: Mounting plugin UObjectPlugin
LogPluginManager: Mounting plugin VisualStudioCodeSourceCodeAccess
LogPluginManager: Mounting plugin VisualStudioSourceCodeAccess
LogPluginManager: Mounting plugin XCodeSourceCodeAccess
LogPluginManager: Mounting plugin AssetManagerEditor
LogPluginManager: Mounting plugin CryptoKeys
LogPluginManager: Mounting plugin DataValidation
LogPluginManager: Mounting plugin FacialAnimation
LogPluginManager: Mounting plugin GameplayTagsEditor
LogPluginManager: Mounting plugin MacGraphicsSwitching
LogPluginManager: Mounting plugin MeshEditor
LogPluginManager: Mounting plugin MobileLauncherProfileWizard
LogPluginManager: Mounting plugin PluginBrowser
LogPluginManager: Mounting plugin SpeedTreeImporter
LogPluginManager: Mounting plugin DatasmithContent
LogPluginManager: Mounting plugin AlembicImporter
LogPluginManager: Mounting plugin AppleImageUtils
LogPluginManager: Mounting plugin AppleVision
LogPluginManager: Mounting plugin BackChannel
LogPluginManager: Mounting plugin CharacterAI
LogPluginManager: Mounting plugin GeometryCache
LogPluginManager: Mounting plugin HTML5Networking
LogPluginManager: Mounting plugin ProxyLODPlugin
LogPluginManager: Mounting plugin MagicLeap
LogPluginManager: Mounting plugin MagicLeapEmulator
LogPluginManager: Mounting plugin MagicLeapMedia
LogPluginManager: Mounting plugin AndroidMedia
LogPluginManager: Mounting plugin AvfMedia
LogPluginManager: Mounting plugin ImgMedia
LogPluginManager: Mounting plugin LinearTimecode
LogPluginManager: Mounting plugin MediaCompositing
LogPluginManager: Mounting plugin MediaPlayerEditor
LogPluginManager: Mounting plugin WmfMedia
LogPluginManager: Mounting plugin TcpMessaging
LogPluginManager: Mounting plugin UdpMessaging
LogPluginManager: Mounting plugin ActorSequence
LogPluginManager: Mounting plugin LevelSequenceEditor
LogPluginManager: Mounting plugin MatineeToLevelSequence
LogPluginManager: Mounting plugin NetcodeUnitTest
LogPluginManager: Mounting plugin NUTUnrealEngine4
LogPluginManager: Mounting plugin OnlineSubsystemGooglePlay
LogPluginManager: Mounting plugin OnlineSubsystemIOS
LogPluginManager: Mounting plugin OnlineSubsystem
LogPluginManager: Mounting plugin OnlineSubsystemNull
LogPluginManager: Mounting plugin OnlineSubsystemUtils
LogPluginManager: Mounting plugin LauncherChunkInstaller
LogPluginManager: Mounting plugin AndroidDeviceProfileSelector
LogPluginManager: Mounting plugin AndroidMoviePlayer
LogPluginManager: Mounting plugin AndroidPermission
LogPluginManager: Mounting plugin AppleMoviePlayer
LogPluginManager: Mounting plugin ArchVisCharacter
LogPluginManager: Mounting plugin AudioCapture
LogPluginManager: Mounting plugin CableComponent
LogPluginManager: Mounting plugin CustomMeshComponent
LogPluginManager: Mounting plugin EditableMesh
LogPluginManager: Mounting plugin ExampleDeviceProfileSelector
LogPluginManager: Mounting plugin GoogleCloudMessaging
LogPluginManager: Mounting plugin ImmediatePhysics
LogPluginManager: Mounting plugin IOSDeviceProfileSelector
LogPluginManager: Mounting plugin LinuxDeviceProfileSelector
LogPluginManager: Mounting plugin LocationServicesBPLibrary
LogPluginManager: Mounting plugin MobilePatchingUtils
LogPluginManager: Mounting plugin OculusVR
LogPluginManager: Plugin shader directory ../../../Engine/Plugins/Runtime/Oculus/OculusVR/Shaders found
LogPluginManager: Mapping shader source directory ../../../Engine/Plugins/Runtime/Oculus/OculusVR/Shaders to virtual directory /Plugin/OculusVR
LogPluginManager: Mounting plugin PhysXVehicles
LogPluginManager: Mounting plugin ProceduralMeshComponent
LogPluginManager: Mounting plugin RuntimePhysXCooking
LogPluginManager: Mounting plugin SteamVR
LogPluginManager: Mounting plugin WindowsMoviePlayer
LogStreaming: Display: Took  0.650s to configure plugins.
LogInit: Using libcurl 7.55.1-DEV
LogInit:  - built for x86_64-pc-win32
LogInit:  - supports SSL with OpenSSL/1.0.2h
LogInit:  - supports HTTP deflate (compression) using libz 1.2.8
LogInit:  - other features:
LogInit:      CURL_VERSION_SSL
LogInit:      CURL_VERSION_LIBZ
LogInit:      CURL_VERSION_IPV6
LogInit:      CURL_VERSION_ASYNCHDNS
LogInit:      CURL_VERSION_LARGEFILE
LogInit:      CURL_VERSION_IDN
LogInit:  CurlRequestOptions (configurable via config and command line):
LogInit:  - bVerifyPeer = false  - Libcurl will NOT verify peer certificate
LogInit:  - bUseHttpProxy = false  - Libcurl will NOT use HTTP proxy
LogInit:  - bDontReuseConnections = false  - Libcurl will reuse connections
LogInit:  - CertBundlePath = nullptr  - Libcurl will use whatever was configured at build time.
LogInit:  - MaxHostConnections = 16  - Libcurl will limit the number of connections to a host
LogInit:  - LocalHostAddr = Default
LogInit:  - BufferSize = 65536
LogInit: WinSock: version 1.1 (2.2), MaxSocks=32767, MaxUdp=65467
LogInit: Build: ++UE4+Release-4.20-CL-4369336
LogInit: Engine Version: 4.20.3-4369336+++UE4+Release-4.20
LogInit: Compatible Engine Version: 4.20.0-4212847+++UE4+Release-4.20
LogInit: Net CL: 4212847
LogInit: OS: Windows 10 (), CPU: Intel(R) Core(TM) i7-6700K CPU @ 4.00GHz, GPU: NVIDIA GeForce GTX 1060 6GB
LogInit: Compiled (64-bit): Sep 17 2018 12:26:19
LogInit: Compiled with Visual C++: 19.13.26129.00
LogInit: Build Configuration: Development
LogInit: Branch Name: ++UE4+Release-4.20
LogInit: Command Line:  -skipcompile
LogInit: Base Directory: D:/Program Files/Epic Games/UE_4.20/Engine/Binaries/Win64/
LogInit: Installed Engine Build: 1
LogDevObjectVersion: Number of dev versions registered: 20
LogDevObjectVersion:   Dev-Blueprints (B0D832E4-1F89-4F0D-ACCF-7EB736FD4AA2): 10
LogDevObjectVersion:   Dev-Build (E1C64328-A22C-4D53-A36C-8E866417BD8C): 0
LogDevObjectVersion:   Dev-Core (375EC13C-06E4-48FB-B500-84F0262A717E): 2
LogDevObjectVersion:   Dev-Editor (E4B068ED-F494-42E9-A231-DA0B2E46BB41): 24
LogDevObjectVersion:   Dev-Framework (CFFC743F-43B0-4480-9391-14DF171D2073): 34
LogDevObjectVersion:   Dev-Mobile (B02B49B5-BB20-44E9-A304-32B752E40360): 2
LogDevObjectVersion:   Dev-Networking (A4E4105C-59A1-49B5-A7C5-40C4547EDFEE): 0
LogDevObjectVersion:   Dev-Online (39C831C9-5AE6-47DC-9A44-9C173E1C8E7C): 0
LogDevObjectVersion:   Dev-Physics (78F01B33-EBEA-4F98-B9B4-84EACCB95AA2): 0
LogDevObjectVersion:   Dev-Platform (6631380F-2D4D-43E0-8009-CF276956A95A): 0
LogDevObjectVersion:   Dev-Rendering (12F88B9F-8875-4AFC-A67C-D90C383ABD29): 26
LogDevObjectVersion:   Dev-Sequencer (7B5AE74C-D270-4C10-A958-57980B212A5A): 9
LogDevObjectVersion:   Dev-VR (D7296918-1DD6-4BDD-9DE2-64A83CC13884): 2
LogDevObjectVersion:   Dev-LoadTimes (C2A15278-BFE7-4AFE-6C17-90FF531DF755): 1
LogDevObjectVersion:   Private-Geometry (6EACA3D4-40EC-4CC1-B786-8BED09428FC5): 3
LogDevObjectVersion:   Dev-AnimPhys (29E575DD-E0A3-4627-9D10-D276232CDCEA): 17
LogDevObjectVersion:   Dev-ReflectionCapture (6B266CEC-1EC7-4B8F-A30B-E4D90942FC07): 1
LogDevObjectVersion:   Dev-Automation (0DF73D61-A23F-47EA-B727-89E90C41499A): 1
LogDevObjectVersion:   FortniteMain (601D1886-AC64-4F84-AA16-D3DE0DEAC7D6): 12
LogDevObjectVersion:   Dev-Enterprise (9DFFBCD6-494F-0158-E221-12823C92A888): 1
LogStreaming: Display: Took  0.171s to delete old logs.
LogInit: Presizing for max 8388607 objects, including 0 objects not considered by GC, pre-allocating 0 bytes for permanent pool.
LogInit: Object subsystem initialized
[2019.01.01-22.21.03:010][  0]LogInit: Selected Device Profile: [Windows]
[2019.01.01-22.21.03:049][  0]LogInit: Applying CVar settings loaded from the selected device profile: [Windows]
[2019.01.01-22.21.03:119][  0]LogHAL: Display: Platform has ~ 16 GB [17126547456 / 17179869184 / 16], which maps to Larger [LargestMinGB=32, LargerMinGB=12, DefaultMinGB=8, SmallerMinGB=6, SmallestMinGB=0)
[2019.01.01-22.21.03:222][  0]LogInit: Setting Device Profile CVar: [[r.Vulkan.UseRealUBs:1]]
[2019.01.01-22.21.03:248][  0]LogInit: Going up to parent DeviceProfile []
[2019.01.01-22.21.03:416][  0]LogInit: Computer: EDWARD
[2019.01.01-22.21.03:416][  0]LogInit: User: John
[2019.01.01-22.21.03:416][  0]LogInit: CPU Page size=4096, Cores=4
[2019.01.01-22.21.03:416][  0]LogInit: High frequency timer resolution =3.914064 MHz
[2019.01.01-22.21.03:416][  0]LogMemory: Memory total: Physical=16.0GB (16GB approx)
[2019.01.01-22.21.03:416][  0]LogMemory: Platform Memory Stats for Windows
[2019.01.01-22.21.03:416][  0]LogMemory: Process Physical Memory: 101.51 MB used, 101.51 MB peak
[2019.01.01-22.21.03:417][  0]LogMemory: Process Virtual Memory: 86.41 MB used, 86.41 MB peak
[2019.01.01-22.21.03:417][  0]LogMemory: Physical Memory: 6794.76 MB used,  9538.39 MB free, 16333.15 MB total
[2019.01.01-22.21.03:417][  0]LogMemory: Virtual Memory: 4635.46 MB used,  9538.39 MB free, 134217728.00 MB total
[2019.01.01-22.21.12:497][  0]LogInit: Using OS detected language (en-US).
[2019.01.01-22.21.12:497][  0]LogInit: Using OS detected locale (en-US).
[2019.01.01-22.21.12:612][  0]LogTextLocalizationManager: No specific localization for 'en-US' exists, so the 'en' localization will be used.
[2019.01.01-22.21.17:070][  0]LogStreaming: Display: Took  4.582s to InitEngineTextLocalization.
[2019.01.01-22.21.17:100][  0]LogInit: Setting process to per monitor DPI aware
[2019.01.01-22.21.19:356][  0]LogSlate: New Slate User Created.  User Index 0, Is Virtual User: 0
[2019.01.01-22.21.19:356][  0]LogSlate: Slate User Registered.  User Index 0, Is Virtual User: 0
[2019.01.01-22.21.25:233][  0]LogHMD: Failed to initialize OpenVR with code 102
[2019.01.01-22.21.25:233][  0]LogD3D11RHI: D3D11 adapters:
[2019.01.01-22.21.25:310][  0]LogD3D11RHI:    0. 'NVIDIA GeForce GTX 1060 6GB' (Feature Level 11_0)
[2019.01.01-22.21.25:310][  0]LogD3D11RHI:       6061/0/8166 MB DedicatedVideo/DedicatedSystem/SharedSystem, Outputs:2, VendorId:0x10de
[2019.01.01-22.21.25:383][  0]LogD3D11RHI:    1. 'Microsoft Basic Render Driver' (Feature Level 11_0)
[2019.01.01-22.21.25:384][  0]LogD3D11RHI:       0/0/8166 MB DedicatedVideo/DedicatedSystem/SharedSystem, Outputs:0, VendorId:0x1414
[2019.01.01-22.21.25:384][  0]LogD3D11RHI: Chosen D3D11 Adapter: 0
[2019.01.01-22.21.25:477][  0]LogD3D11RHI: Creating new Direct3DDevice
[2019.01.01-22.21.25:477][  0]LogD3D11RHI:     GPU DeviceId: 0x1c03 (for the marketing name, search the web for "GPU Device Id")
[2019.01.01-22.21.25:516][  0]LogWindows: EnumDisplayDevices:
[2019.01.01-22.21.25:517][  0]LogWindows:    0. 'NVIDIA GeForce GTX 1060 6GB' (P:1 D:1)
[2019.01.01-22.21.25:517][  0]LogWindows:    1. 'NVIDIA GeForce GTX 1060 6GB' (P:0 D:1)
[2019.01.01-22.21.25:517][  0]LogWindows:    2. 'NVIDIA GeForce GTX 1060 6GB' (P:0 D:0)
[2019.01.01-22.21.25:518][  0]LogWindows:    3. 'NVIDIA GeForce GTX 1060 6GB' (P:0 D:0)
[2019.01.01-22.21.25:518][  0]LogWindows: DebugString: FoundDriverCount:4 
[2019.01.01-22.21.25:518][  0]LogD3D11RHI:     Adapter Name: NVIDIA GeForce GTX 1060 6GB
[2019.01.01-22.21.25:530][  0]LogD3D11RHI:   Driver Version: 388.13 (internal:23.21.13.8813, unified:388.13)
[2019.01.01-22.21.25:530][  0]LogD3D11RHI:      Driver Date: 10-27-2017
[2019.01.01-22.21.25:530][  0]LogRHI: Texture pool is 4242 MB (70% of 6061 MB)
[2019.01.01-22.21.25:652][  0]LogD3D11RHI: Async texture creation enabled
[2019.01.01-22.21.26:736][  0]LogD3D11RHI: GPU Timing Frequency: 1000.000000 (Debug: 2 1)
[2019.01.01-22.21.27:011][  0]LogShaderCompilers: Guid format shader working directory is -8 characters bigger than the processId version (../../../../../../Git/Ang/TGPPairProject/PairProject/Intermediate/Shaders/WorkingDirectory/19560/).
[2019.01.01-22.21.27:012][  0]LogShaderCompilers: Cleaned the shader compiler working directory 'C:/Users/John/AppData/Local/Temp/UnrealShaderWorkingDir/7898A7EF45E52AC8A9D74897EBD9244E/'.
[2019.01.01-22.21.27:845][  0]LogTemp: Display: Loaded TP AllDesktopTargetPlatform
[2019.01.01-22.21.28:153][  0]LogTemp: Display: Loaded TP MacClientTargetPlatform
[2019.01.01-22.21.28:463][  0]LogTemp: Display: Loaded TP MacNoEditorTargetPlatform
[2019.01.01-22.21.28:800][  0]LogTemp: Display: Loaded TP MacServerTargetPlatform
[2019.01.01-22.21.29:888][  0]LogTemp: Display: Loaded TP MacTargetPlatform
[2019.01.01-22.21.30:479][  0]LogTemp: Display: Loaded TP WindowsClientTargetPlatform
[2019.01.01-22.21.31:061][  0]LogTemp: Display: Loaded TP WindowsNoEditorTargetPlatform
[2019.01.01-22.21.31:733][  0]LogTemp: Display: Loaded TP WindowsServerTargetPlatform
[2019.01.01-22.21.32:178][  0]LogTemp: Display: Loaded TP WindowsTargetPlatform
[2019.01.01-22.21.32:589][  0]LogTemp: Display: Loaded TP AndroidTargetPlatform
[2019.01.01-22.21.32:589][  0]LogTemp: Display: Loaded TP AndroidTargetPlatform
[2019.01.01-22.21.32:589][  0]LogTemp: Display: Loaded TP AndroidTargetPlatform
[2019.01.01-22.21.32:589][  0]LogTemp: Display: Loaded TP AndroidTargetPlatform
[2019.01.01-22.21.32:589][  0]LogTemp: Display: Loaded TP AndroidTargetPlatform
[2019.01.01-22.21.32:589][  0]LogTemp: Display: Loaded TP AndroidTargetPlatform
[2019.01.01-22.21.32:589][  0]LogTemp: Display: Loaded TP AndroidTargetPlatform
[2019.01.01-22.21.32:589][  0]LogTemp: Display: Loaded TP AndroidTargetPlatform
[2019.01.01-22.21.32:589][  0]LogTemp: Display: Loaded TP AndroidTargetPlatform
[2019.01.01-22.21.32:589][  0]LogTemp: Display: Loaded TP AndroidTargetPlatform
[2019.01.01-22.21.32:590][  0]LogTemp: Display: Loaded TP AndroidTargetPlatform
[2019.01.01-22.21.32:590][  0]LogTemp: Display: Loaded TP AndroidTargetPlatform
[2019.01.01-22.21.32:590][  0]LogTemp: Display: Loaded TP AndroidTargetPlatform
[2019.01.01-22.21.32:590][  0]LogTemp: Display: Loaded TP AndroidTargetPlatform
[2019.01.01-22.21.32:590][  0]LogTemp: Display: Loaded TP AndroidTargetPlatform
[2019.01.01-22.21.32:590][  0]LogTemp: Display: Loaded TP AndroidTargetPlatform
[2019.01.01-22.21.32:590][  0]LogTemp: Display: Loaded TP AndroidTargetPlatform
[2019.01.01-22.21.32:590][  0]LogTemp: Display: Loaded TP AndroidTargetPlatform
[2019.01.01-22.21.32:650][  0]LogTemp: Display: Loaded TP HTML5TargetPlatform
[2019.01.01-22.21.33:543][  0]LogTemp: Display: Loaded TP IOSTargetPlatform
[2019.01.01-22.21.33:543][  0]LogTemp: Display: Loaded TP IOSTargetPlatform
[2019.01.01-22.21.33:657][  0]LogTemp: Display: Loaded TP TVOSTargetPlatform
[2019.01.01-22.21.33:657][  0]LogTemp: Display: Loaded TP TVOSTargetPlatform
[2019.01.01-22.21.33:811][  0]LogTemp: Display: Loaded TP LinuxClientTargetPlatform
[2019.01.01-22.21.33:974][  0]LogTemp: Display: Loaded TP LinuxNoEditorTargetPlatform
[2019.01.01-22.21.34:205][  0]LogTemp: Display: Loaded TP LinuxServerTargetPlatform
[2019.01.01-22.21.34:512][  0]LogTemp: Display: Loaded TP LinuxTargetPlatform
[2019.01.01-22.21.34:649][  0]LogTemp: Display: Loaded TP LuminTargetPlatform
[2019.01.01-22.21.34:649][  0]LogTargetPlatformManager: Display: Building Assets For Windows
[2019.01.01-22.21.42:236][  0]LogXGEController: Cleaning working directory: C:/Users/John/AppData/Local/Temp/UnrealXGEWorkingDir/
[2019.01.01-22.21.42:261][  0]LogXGEController: Cannot use XGE Controller as Incredibuild is not installed on this machine.
[2019.01.01-22.21.42:261][  0]LogShaderCompilers: Cannot use XGE Shader Compiler as Incredibuild is not installed on this machine.
[2019.01.01-22.21.42:261][  0]LogShaderCompilers: Display: Using Local Shader Compiler.
[2019.01.01-22.21.53:444][  0]LogDerivedDataCache: Display: Max Cache Size: 512 MB
[2019.01.01-22.21.54:148][  0]LogDerivedDataCache: Loaded boot cache 0.70s 71MB C:/Users/John/AppData/Local/UnrealEngine/4.20/DerivedDataCache/Boot.ddc.
[2019.01.01-22.21.54:149][  0]LogDerivedDataCache: Display: Loaded Boot cache: C:/Users/John/AppData/Local/UnrealEngine/4.20/DerivedDataCache/Boot.ddc
[2019.01.01-22.21.54:149][  0]LogDerivedDataCache: FDerivedDataBackendGraph:  Pak pak cache file ../../../../../../Git/Ang/TGPPairProject/PairProject/DerivedDataCache/DDC.ddp not found, will not use a pak cache.
[2019.01.01-22.21.54:149][  0]LogDerivedDataCache: Unable to find inner node Pak for hierarchical cache Hierarchy.
[2019.01.01-22.21.54:149][  0]LogDerivedDataCache: FDerivedDataBackendGraph:  CompressedPak pak cache file ../../../../../../Git/Ang/TGPPairProject/PairProject/DerivedDataCache/Compressed.ddp not found, will not use a pak cache.
[2019.01.01-22.21.54:149][  0]LogDerivedDataCache: Unable to find inner node CompressedPak for hierarchical cache Hierarchy.
[2019.01.01-22.21.54:536][  0]LogDerivedDataCache: Display: Pak cache opened for reading ../../../Engine/DerivedDataCache/Compressed.ddp.
[2019.01.01-22.21.54:550][  0]LogDerivedDataCache: Using Local data cache path C:/Users/John/AppData/Local/UnrealEngine/Common/DerivedDataCache: Writable
[2019.01.01-22.21.54:550][  0]LogDerivedDataCache: Shared data cache path not found in *engine.ini, will not use an Shared cache.
[2019.01.01-22.21.54:550][  0]LogDerivedDataCache: Unable to find inner node Shared for hierarchical cache Hierarchy.
[2019.01.01-22.21.54:769][  0]LogMaterial: Verifying Global Shaders for PCD3D_SM5
[2019.01.01-22.21.55:012][  0]LogSlate: Using FreeType 2.6.0
[2019.01.01-22.21.55:184][  0]LogSlate: SlateFontServices - WITH_FREETYPE: 1, WITH_HARFBUZZ: 1
[2019.01.01-22.22.00:961][  0]LogAssetRegistry: FAssetRegistry took 0.2416 seconds to start up
[2019.01.01-22.22.12:792][  0]LogInit: Selected Device Profile: [Windows]
[2019.01.01-22.22.21:791][  0]LogSimplygon: Simplygon DLL not present - disabling.
[2019.01.01-22.22.23:817][  0]LogMeshReduction: Using SimplygonSwarm for distributed automatic mesh merging
[2019.01.01-22.22.23:836][  0]LogMeshReduction: Using ProxyLODMeshReduction for automatic mesh merging
[2019.01.01-22.22.23:868][  0]LogMeshReduction: Using QuadricMeshReduction for automatic static mesh reduction
[2019.01.01-22.22.23:869][  0]LogMeshReduction: No automatic skeletal mesh reduction module available
[2019.01.01-22.22.27:645][  0]LogNetVersion: PairProject 1.0.0, NetCL: 4212847, EngineNetVer: 5, GameNetVer: 0 (Checksum: 2248716754)
[2019.01.01-22.22.45:576][  0]LogPackageLocalizationCache: Processed 11 localized package path(s) for 2 prioritized culture(s) in 0.184028 seconds
[2019.01.01-22.22.45:634][  0]LogUObjectArray: 38425 objects as part of root set at end of initial load.
[2019.01.01-22.22.45:634][  0]LogUObjectAllocator: 6690872 out of 0 bytes used by permanent object pool.
[2019.01.01-22.22.45:634][  0]LogUObjectArray: CloseDisregardForGC: 0/0 objects in disregard for GC pool
[2019.01.01-22.23.57:767][  0]LogTcpMessaging: Initializing TcpMessaging bridge
[2019.01.01-22.23.58:106][  0]LogUdpMessaging: Initializing bridge on interface 0.0.0.0:0 to multicast group 230.0.0.1:6666.
[2019.01.01-22.24.09:171][  0]SourceControl: Source control is disabled
[2019.01.01-22.24.09:171][  0]SourceControl: Source control is disabled
[2019.01.01-22.24.10:240][  0]SourceControl: Source control is disabled
[2019.01.01-22.24.10:782][  0]SourceControl: Source control is disabled
[2019.01.01-22.24.30:625][  0]LogAndroidPermission: UAndroidPermissionCallbackProxy::GetInstance
[2019.01.01-22.24.33:444][  0]LogOcInput: OculusInput pre-init called
[2019.01.01-22.24.37:704][  0]LogEngine: Initializing Engine...
[2019.01.01-22.24.37:769][  0]LogHMD: Failed to initialize OpenVR with code 102
[2019.01.01-22.24.38:009][  0]LogStats: UGameplayTagsManager::ConstructGameplayTagTree: ImportINI prefixes -  0.032 s
[2019.01.01-22.24.38:009][  0]LogStats: UGameplayTagsManager::ConstructGameplayTagTree: Construct from data asset -  0.000 s
[2019.01.01-22.24.38:009][  0]LogStats: UGameplayTagsManager::ConstructGameplayTagTree: ImportINI -  0.000 s
[2019.01.01-22.24.38:050][  0]LogStats: UGameplayTagsManager::ConstructGameplayTagTree: GameplayTagTreeChangedEvent.Broadcast -  0.041 s
[2019.01.01-22.24.39:858][  0]LogInit: Initializing FReadOnlyCVARCache
[2019.01.01-22.24.42:382][  0]LogAIModule: Creating AISystem for world Untitled
[2019.01.01-22.24.43:317][  0]LogInit: XAudio2 using 'ASUS VC239 (2- High Definition Audio Device)' : 2 channels at 44.1 kHz using 16 bits per sample (channel mask 0x3)
[2019.01.01-22.24.43:362][  0]LogInit: FAudioDevice initialized.
[2019.01.01-22.24.43:363][  0]LogNetVersion: Set ProjectVersion to 1.0.0.0. Version Checksum will be recalculated on next use.
[2019.01.01-22.24.43:480][  0]LogDerivedDataCache: Saved boot cache 0.12s 71MB C:/Users/John/AppData/Local/UnrealEngine/4.20/DerivedDataCache/Boot.ddc.
[2019.01.01-22.24.43:488][  0]LogInit: Texture streaming: Enabled
[2019.01.01-22.24.45:415][  0]LogEngineSessionManager: EngineSessionManager initialized
[2019.01.01-22.24.46:061][  0]LogInit: Transaction tracking system initialized
[2019.01.01-22.24.49:851][  0]BlueprintLog: New page: Editor Load
[2019.01.01-22.25.04:996][  0]LocalizationService: Localization service is disabled
[2019.01.01-22.25.19:154][  0]LogFileCache: Scanning file cache for directory 'D:/Git/Ang/TGPPairProject/PairProject/Content/' took 0.03s
[2019.01.01-22.25.19:154][  0]LogCook: Display: Max memory allowance for cook 16384mb min free memory 0mb
[2019.01.01-22.25.19:168][  0]LogCook: Display: Mobile HDR setting 1
[2019.01.01-22.25.19:190][  0]LogGameplayTags: Display: UGameplayTagsManager::DoneAddingNativeTags. DelegateIsBound: 0
[2019.01.01-22.25.19:190][  0]LogStats: UGameplayTagsManager::ConstructGameplayTagTree: ImportINI prefixes -  0.000 s
[2019.01.01-22.25.19:190][  0]LogStats: UGameplayTagsManager::ConstructGameplayTagTree: Construct from data asset -  0.000 s
[2019.01.01-22.25.19:190][  0]LogStats: UGameplayTagsManager::ConstructGameplayTagTree: ImportINI -  0.000 s
[2019.01.01-22.25.19:190][  0]LogStats: UGameplayTagsManager::ConstructGameplayTagTree: GameplayTagTreeChangedEvent.Broadcast -  0.000 s
[2019.01.01-22.25.27:608][  0]LogLinker: Warning: Can't find file '/Engine/BasicShapes/Cylinder'
[2019.01.01-22.25.27:608][  0]LogLinker: Warning: Can't find file '/Engine/BasicShapes/Cylinder'
[2019.01.01-22.25.27:608][  0]LogUObjectGlobals: Warning: Failed to find object 'StaticMesh /Engine/BasicShapes/Cylinder.Cylinder'
[2019.01.01-22.25.35:859][  0]SourceControl: Source control is disabled
[2019.01.01-22.25.35:922][  0]Cmd: MAP LOAD FILE="../../../../../../Git/Ang/TGPPairProject/PairProject/Content/Scenes/StartScreen.umap" TEMPLATE=0 SHOWPROGRESS=1 FEATURELEVEL=3
[2019.01.01-22.25.35:975][  0]LightingResults: New page: Lighting Build
[2019.01.01-22.25.36:436][  0]MapCheck: New page: Map Check
[2019.01.01-22.25.36:437][  0]LightingResults: New page: Lighting Build
[2019.01.01-22.25.41:664][  0]LogAIModule: Creating AISystem for world StartScreen
[2019.01.01-22.25.41:899][  0]LogEditorServer: Finished looking for orphan Actors (0.000 secs)
[2019.01.01-22.25.42:217][  0]Cmd: MAP CHECKDEP NOCLEARLOG
[2019.01.01-22.25.42:346][  0]MapCheck: Map check complete: 0 Error(s), 0 Warning(s), took 129.096ms to complete.
[2019.01.01-22.25.42:347][  0]LogFileHelpers: Loading map 'StartScreen' took 6.455
[2019.01.01-22.25.46:208][  0]LogSlate: Updating window title bar state: overlay mode, drag disabled, window buttons hidden, title bar hidden
[2019.01.01-22.25.46:283][  0]LogSlate: Updating window title bar state: overlay mode, drag disabled, window buttons hidden, title bar hidden
[2019.01.01-22.25.46:289][  0]LogSlate: Updating window title bar state: overlay mode, drag disabled, window buttons hidden, title bar hidden
[2019.01.01-22.25.46:296][  0]LogSlate: Updating window title bar state: overlay mode, drag disabled, window buttons hidden, title bar hidden
[2019.01.01-22.25.47:034][  0]LogCollectionManager: Loaded 0 collections in 0.002461 seconds
[2019.01.01-22.25.48:140][  0]LogFileCache: Scanning file cache for directory 'D:/Git/Ang/TGPPairProject/PairProject/Saved/Collections/' took 0.01s
[2019.01.01-22.25.48:140][  0]LogFileCache: Scanning file cache for directory 'D:/Git/Ang/TGPPairProject/PairProject/Content/Developers/John/Collections/' took 0.01s
[2019.01.01-22.25.48:140][  0]LogFileCache: Scanning file cache for directory 'D:/Git/Ang/TGPPairProject/PairProject/Content/Collections/' took 0.01s
[2019.01.01-22.25.48:140][  0]LogCollectionManager: Rebuilt the GUID cache for 0 collections in 0.000001 seconds
[2019.01.01-22.25.48:401][  0]LogContentBrowser: Native class hierarchy populated in 0.1946 seconds. Added 2582 classes and 606 folders.
[2019.01.01-22.25.48:704][  0]LogContentBrowser: Native class hierarchy updated for 'WidgetCarousel' in 0.0004 seconds. Added 0 classes and 0 folders.
[2019.01.01-22.25.52:139][  0]LogContentBrowser: Native class hierarchy updated for 'AddContentDialog' in 0.0004 seconds. Added 0 classes and 0 folders.
[2019.01.01-22.25.52:834][  0]LogContentBrowser: Native class hierarchy updated for 'SceneOutliner' in 0.0004 seconds. Added 1 classes and 2 folders.
[2019.01.01-22.25.58:026][  0]LogSlate: Took 0.059895 seconds to synchronously load lazily loaded font '../../../Engine/Content/Slate/Fonts/Roboto-Regular.ttf' (155K)
[2019.01.01-22.25.58:161][  0]LogSlate: Took 0.068304 seconds to synchronously load lazily loaded font '../../../Engine/Content/Slate/Fonts/Roboto-Bold.ttf' (160K)
[2019.01.01-22.25.58:308][  0]LogSlate: Took 0.031747 seconds to synchronously load lazily loaded font '../../../Engine/Content/Editor/Slate/Fonts/FontAwesome.ttf' (139K)
[2019.01.01-22.25.59:238][  0]LogRenderer: Reallocating scene render targets to support 1208x680 Format 10 NumSamples 1 (Frame:1).
[2019.01.01-22.26.02:735][  0]LogContentBrowser: Native class hierarchy updated for 'HierarchicalLODOutliner' in 0.0004 seconds. Added 0 classes and 0 folders.
[2019.01.01-22.26.02:735][  0]LogLoad: (Engine Initialization) Total time: 346.79 seconds
[2019.01.01-22.26.02:735][  0]LogLoad: (Engine Initialization) Total Blueprint compile time: 0.00 seconds
[2019.01.01-22.26.03:023][  0]LogContentStreaming: Texture pool size now 1000 MB
[2019.01.01-22.26.03:197][  0]LogSlate: Took 0.034495 seconds to synchronously load lazily loaded font '../../../Engine/Content/Slate/Fonts/Roboto-Light.ttf' (167K)
[2019.01.01-22.26.03:818][  2]LogAssetRegistry: Asset discovery search completed in 242.9121 seconds
[2019.01.01-22.26.03:819][  2]LogCollectionManager: Rebuilt the object cache for 0 collections in 0.000000 seconds (found 0 objects)
[2019.01.01-22.26.03:819][  2]LogCollectionManager: Fixed up redirectors for 0 collections in 0.000131 seconds (updated 0 objects)
[2019.01.01-22.38.50:247][942]LogSlate: FSceneViewport::OnFocusLost() reason 0
[2019.01.01-22.38.50:648][958]LogActor: Warning: MyBPStaminaPickup_C /Engine/Transient.World_0:PersistentLevel.MyBPStaminaPickup_C_0 has natively added scene component(s), but none of them were set as the actor's RootComponent - picking one arbitrarily
[2019.01.01-22.39.02:738][386]LogSlate: Took 0.000250 seconds to synchronously load lazily loaded font '../../../Engine/Content/Slate/Fonts/Roboto-Light.ttf' (167K)
[2019.01.01-22.39.02:784][386]LogActor: Warning: MyBPStaminaBIgPickup_C /Engine/Transient.World_0:PersistentLevel.MyBPStaminaPickup_C_0 has natively added scene component(s), but none of them were set as the actor's RootComponent - picking one arbitrarily
[2019.01.01-22.39.02:995][386]LogMetaData: Removing '/Game/Blueprints/MyBPStaminaBIgPickup.MyBPStaminaBIgPickup:UserConstructionScript.K2Node_FunctionEntry_0' ref from Metadata '/Game/Blueprints/MyBPStaminaPickup.PackageMetaData'
[2019.01.01-22.39.02:995][386]LogMetaData: Removing '/Game/Blueprints/MyBPStaminaBIgPickup.MyBPStaminaBIgPickup_C' ref from Metadata '/Game/Blueprints/MyBPStaminaPickup.PackageMetaData'
[2019.01.01-22.39.02:995][386]LogMetaData: Removing '/Game/Blueprints/MyBPStaminaBIgPickup.MyBPStaminaBIgPickup:EventGraph.K2Node_Event_0' ref from Metadata '/Game/Blueprints/MyBPStaminaPickup.PackageMetaData'
[2019.01.01-22.39.02:995][386]LogMetaData: Removing '/Game/Blueprints/MyBPStaminaBIgPickup.MyBPStaminaBIgPickup:EventGraph.K2Node_Event_1' ref from Metadata '/Game/Blueprints/MyBPStaminaPickup.PackageMetaData'
[2019.01.01-22.39.02:995][386]LogMetaData: Removing '/Game/Blueprints/MyBPStaminaBIgPickup.MyBPStaminaBIgPickup:EventGraph.K2Node_Event_2' ref from Metadata '/Game/Blueprints/MyBPStaminaPickup.PackageMetaData'
[2019.01.01-22.39.02:995][386]LogMetaData: Removing '/Game/Blueprints/MyBPStaminaBIgPickup.SKEL_MyBPStaminaBIgPickup_C' ref from Metadata '/Game/Blueprints/MyBPStaminaPickup.PackageMetaData'
[2019.01.01-22.39.03:037][386]LogActor: Warning: MyBPStaminaBIgPickup_C /Engine/Transient.World_1:PersistentLevel.MyBPStaminaBIgPickup_C_0 has natively added scene component(s), but none of them were set as the actor's RootComponent - picking one arbitrarily
[2019.01.01-22.39.03:047][386]Cmd: OBJ SAVEPACKAGE PACKAGE="/Game/Blueprints/MyBPStaminaBIgPickup" FILE="../../../../../../Git/Ang/TGPPairProject/PairProject/Content/Blueprints/MyBPStaminaBIgPickup.uasset" SILENT=true
[2019.01.01-22.39.03:133][386]LogSavePackage: Moving '../../../../../../Git/Ang/TGPPairProject/PairProject/Saved/MyBPStaminaBIgPickup4A98824245E988139A7107BF510DE2CE.tmp' to '../../../../../../Git/Ang/TGPPairProject/PairProject/Content/Blueprints/MyBPStaminaBIgPickup.uasset'
[2019.01.01-22.39.03:163][386]Cmd: OBJ SAVEPACKAGE PACKAGE="/Game/Blueprints/MyBPStaminaPickup" FILE="../../../../../../Git/Ang/TGPPairProject/PairProject/Content/Blueprints/MyBPStaminaPickup.uasset" SILENT=true
[2019.01.01-22.39.03:353][386]LogSavePackage: Moving '../../../../../../Git/Ang/TGPPairProject/PairProject/Saved/MyBPStaminaPickupFE7E97BA4C1C7344C04014BA8809D063.tmp' to '../../../../../../Git/Ang/TGPPairProject/PairProject/Content/Blueprints/MyBPStaminaPickup.uasset'
[2019.01.01-22.39.59:044][  8]LogSlate: Took 0.021750 seconds to synchronously load lazily loaded font '../../../Engine/Content/Slate/Fonts/Roboto-BoldCondensed.ttf' (158K)
[2019.01.01-22.40.09:539][265]LogAssetEditorManager: Opening Asset editor for Blueprint /Game/Blueprints/MyBPBossKeyPickup.MyBPBossKeyPickup
[2019.01.01-22.40.10:475][265]LogContentBrowser: Native class hierarchy updated for 'BlueprintGraph' in 0.0007 seconds. Added 116 classes and 0 folders.
[2019.01.01-22.40.11:539][265]LogSlate: Window 'Add Blueprint Class' being destroyed
[2019.01.01-22.40.11:560][265]LogActor: Warning: MyBPBossKeyPickup_C /Engine/Transient.World_2:PersistentLevel.MyBPBossKeyPickup_C_0 has natively added scene component(s), but none of them were set as the actor's RootComponent - picking one arbitrarily
[2019.01.01-22.40.13:495][425]LogRenderer: Reallocating scene render targets to support 1208x744 Format 10 NumSamples 1 (Frame:148).
[2019.01.01-22.40.13:638][442]LogSlate: Window 'MyBPBossKeyPickup*' being destroyed
[2019.01.01-22.40.15:118][612]LogSlate: Took 0.009021 seconds to synchronously load lazily loaded font '../../../Engine/Content/Slate/Fonts/Roboto-Italic.ttf' (157K)
[2019.01.01-22.40.24:064][632]LogTexture: Display: Building textures: 1 (BC5, 256X256)
[2019.01.01-22.40.24:064][632]LogTexture: Display: Building textures: 2 (AutoDXT, 256X256)
[2019.01.01-22.40.24:064][632]LogTexture: Display: Building textures: 0 (AutoDXT, 256X256)
[2019.01.01-22.40.24:064][632]LogMaterial: Display: Missing cached shader map for material material_0, compiling. 
[2019.01.01-22.40.24:206][632]LogShaderCompilers: Display: Shaders left to compile 22
[2019.01.01-22.40.24:206][632]LogShaderCompilers: Display: Shaders left to compile 12
[2019.01.01-22.40.24:206][632]LogShaderCompilers: Display: Shaders left to compile 2
[2019.01.01-22.40.24:207][632]LogStaticMesh: Building static mesh BossKeyFBX...
[2019.01.01-22.40.24:464][632]LogStaticMesh: Built static mesh [0.26s] /Game/Assets/Models/Item_Models/BossKey_Model/BossKeyFBX.BossKeyFBX
[2019.01.01-22.40.24:928][632]LogActor: Warning: MyBPBossKeyPickup_C /Engine/Transient.World_4:PersistentLevel.MyBPBossKeyPickup_C_0 has natively added scene component(s), but none of them were set as the actor's RootComponent - picking one arbitrarily
[2019.01.01-22.40.54:527][904]LogSlate: FSceneViewport::OnFocusLost() reason 0
[2019.01.01-22.42.36:604][133]LogFileHelpers: Editor autosave (incl. sublevels) for '/Game/Scenes/StartScreen' took 0.029
[2019.01.01-22.42.36:607][133]OBJ SavePackage: Generating thumbnails for [1] asset(s) in package [/Game/Blueprints/MyBPBossKeyPickup] ([1] browsable assets)...
[2019.01.01-22.42.36:616][133]OBJ SavePackage:     Rendered thumbnail for [Blueprint /Game/Blueprints/MyBPBossKeyPickup.MyBPBossKeyPickup]
[2019.01.01-22.42.36:617][133]OBJ SavePackage: Finished generating thumbnails for package [/Game/Blueprints/MyBPBossKeyPickup]
[2019.01.01-22.42.36:643][133]LogSavePackage: Moving '../../../../../../Git/Ang/TGPPairProject/PairProject/Saved/MyBPBossKeyPickup_Auto19806F7284E8279EE798E668C47758356.tmp' to '../../../../../../Git/Ang/TGPPairProject/PairProject/Saved/Autosaves/Game/Blueprints/MyBPBossKeyPickup_Auto1.uasset'
[2019.01.01-22.42.36:645][133]LogFileHelpers: Auto-saving content packages took 0.041
[2019.01.01-22.45.17:677][453]BlueprintLog: New page: Compile MyBPBossKeyPickup
[2019.01.01-22.45.17:689][453]LogActor: Warning: MyBPBossKeyPickup_C /Engine/Transient.World_2:PersistentLevel.MyBPBossKeyPickup_C_0 has natively added scene component(s), but none of them were set as the actor's RootComponent - picking one arbitrarily
[2019.01.01-22.45.17:690][453]LogActor: Warning: MyBPBossKeyPickup_C /Engine/Transient.World_4:PersistentLevel.MyBPBossKeyPickup_C_0 has natively added scene component(s), but none of them were set as the actor's RootComponent - picking one arbitrarily
[2019.01.01-22.45.17:787][453]LogActor: Warning: MyBPBossKeyPickup_C /Engine/Transient.World_4:PersistentLevel.MyBPBossKeyPickup_C_1 has natively added scene component(s), but none of them were set as the actor's RootComponent - picking one arbitrarily
[2019.01.01-22.45.18:675][552]Cmd: OBJ SAVEPACKAGE PACKAGE="/Game/Blueprints/MyBPBossKeyPickup" FILE="../../../../../../Git/Ang/TGPPairProject/PairProject/Content/Blueprints/MyBPBossKeyPickup.uasset" SILENT=true
[2019.01.01-22.45.18:691][552]LogSavePackage: Moving '../../../../../../Git/Ang/TGPPairProject/PairProject/Saved/MyBPBossKeyPickup9B006A544C72FF2C39CD06B900548815.tmp' to '../../../../../../Git/Ang/TGPPairProject/PairProject/Content/Blueprints/MyBPBossKeyPickup.uasset'
[2019.01.01-22.45.25:361][330]LogAssetEditorManager: Opening Asset editor for Blueprint /Game/Blueprints/MyBPBossKeyPickup.MyBPBossKeyPickup
[2019.01.01-22.45.25:575][330]LogActor: Warning: MyBPBossKeyPickup_C /Engine/Transient.World_5:PersistentLevel.MyBPBossKeyPickup_C_0 has natively added scene component(s), but none of them were set as the actor's RootComponent - picking one arbitrarily
[2019.01.01-22.45.28:748][700]LogAssetEditorManager: Opening Asset editor for Blueprint /Game/Blueprints/MyBPBossKeyPickup.MyBPBossKeyPickup
[2019.01.01-22.45.28:967][700]LogActor: Warning: MyBPBossKeyPickup_C /Engine/Transient.World_6:PersistentLevel.MyBPBossKeyPickup_C_0 has natively added scene component(s), but none of them were set as the actor's RootComponent - picking one arbitrarily
[2019.01.01-22.45.33:887][272]LogSlate: FSceneViewport::OnFocusLost() reason 0
[2019.01.01-22.45.34:139][301]LogAssetEditorManager: Opening Asset editor for Blueprint /Game/Blueprints/MyBPStaminaBIgPickup.MyBPStaminaBIgPickup
[2019.01.01-22.45.34:394][301]LogActor: Warning: MyBPStaminaBIgPickup_C /Engine/Transient.World_7:PersistentLevel.MyBPStaminaBIgPickup_C_0 has natively added scene component(s), but none of them were set as the actor's RootComponent - picking one arbitrarily
[2019.01.01-22.45.36:150][488]LogSlate: Window 'MyBPStaminaBIgPickup' being destroyed
[2019.01.01-22.45.54:733][682]BlueprintLog: New page: Compile MyBPBossKeyPickup
[2019.01.01-22.45.54:739][682]LogActor: Warning: MyBPBossKeyPickup_C /Engine/Transient.World_4:PersistentLevel.MyBPBossKeyPickup_C_1 has natively added scene component(s), but none of them were set as the actor's RootComponent - picking one arbitrarily
[2019.01.01-22.45.54:739][682]LogActor: Warning: MyBPBossKeyPickup_C /Engine/Transient.World_6:PersistentLevel.MyBPBossKeyPickup_C_0 has natively added scene component(s), but none of them were set as the actor's RootComponent - picking one arbitrarily
[2019.01.01-22.45.54:845][682]LogActor: Warning: MyBPBossKeyPickup_C /Engine/Transient.World_4:PersistentLevel.MyBPBossKeyPickup_C_2 has natively added scene component(s), but none of them were set as the actor's RootComponent - picking one arbitrarily
[2019.01.01-22.45.55:851][798]Cmd: OBJ SAVEPACKAGE PACKAGE="/Game/Blueprints/MyBPBossKeyPickup" FILE="../../../../../../Git/Ang/TGPPairProject/PairProject/Content/Blueprints/MyBPBossKeyPickup.uasset" SILENT=true
[2019.01.01-22.45.55:899][798]LogSavePackage: Moving '../../../../../../Git/Ang/TGPPairProject/PairProject/Saved/MyBPBossKeyPickupC6592F354FFBAF8D0225DC8A3E6A6797.tmp' to '../../../../../../Git/Ang/TGPPairProject/PairProject/Content/Blueprints/MyBPBossKeyPickup.uasset'
[2019.01.01-22.47.41:404][401]BlueprintLog: New page: Compile MyBPBossKeyPickup
[2019.01.01-22.47.41:410][401]LogActor: Warning: MyBPBossKeyPickup_C /Engine/Transient.World_6:PersistentLevel.MyBPBossKeyPickup_C_0 has natively added scene component(s), but none of them were set as the actor's RootComponent - picking one arbitrarily
[2019.01.01-22.47.41:410][401]LogActor: Warning: MyBPBossKeyPickup_C /Engine/Transient.World_4:PersistentLevel.MyBPBossKeyPickup_C_2 has natively added scene component(s), but none of them were set as the actor's RootComponent - picking one arbitrarily
[2019.01.01-22.47.41:518][401]LogActor: Warning: MyBPBossKeyPickup_C /Engine/Transient.World_4:PersistentLevel.MyBPBossKeyPickup_C_3 has natively added scene component(s), but none of them were set as the actor's RootComponent - picking one arbitrarily
[2019.01.01-22.47.42:041][459]Cmd: OBJ SAVEPACKAGE PACKAGE="/Game/Blueprints/MyBPBossKeyPickup" FILE="../../../../../../Git/Ang/TGPPairProject/PairProject/Content/Blueprints/MyBPBossKeyPickup.uasset" SILENT=true
[2019.01.01-22.47.42:090][459]LogSavePackage: Moving '../../../../../../Git/Ang/TGPPairProject/PairProject/Saved/MyBPBossKeyPickupBF754B7349EAE5F32A6AB0999ABD8D12.tmp' to '../../../../../../Git/Ang/TGPPairProject/PairProject/Content/Blueprints/MyBPBossKeyPickup.uasset'
[2019.01.01-22.47.46:191][941]LogActorComponent: UnregisterComponent: (/Engine/Transient.EditorFloorComp) Not registered. Aborting.
[2019.01.01-22.49.23:957][649]LogSlate: Window 'Add Blueprint Class' being destroyed
[2019.01.01-22.49.43:620][996]LogAssetEditorManager: Opening Asset editor for Blueprint /Game/Blueprints/MyBPStaminSmallPickup.MyBPStaminSmallPickup
[2019.01.01-22.49.43:874][996]LogSlate: Window 'Add Blueprint Class' being destroyed
[2019.01.01-22.49.43:879][996]LogActor: Warning: MyBPStaminSmallPickup_C /Engine/Transient.World_8:PersistentLevel.MyBPStaminSmallPickup_C_0 has natively added scene component(s), but none of them were set as the actor's RootComponent - picking one arbitrarily
[2019.01.01-22.49.46:326][249]LogSlate: Window 'MyBPStaminSmallPickup*' being destroyed
[2019.01.01-22.49.53:184][ 60]LogTexture: Display: Building textures: 0 (AutoDXT, 256X256)
[2019.01.01-22.49.53:184][ 60]LogMaterial: Display: Missing cached shader map for material material_0, compiling. 
[2019.01.01-22.49.53:196][ 60]LogStaticMesh: Building static mesh magicJarSmall...
[2019.01.01-22.49.53:202][ 60]LogShaderCompilers: Display: Shaders left to compile 22
[2019.01.01-22.49.53:202][ 60]LogShaderCompilers: Display: Shaders left to compile 12
[2019.01.01-22.49.53:202][ 60]LogShaderCompilers: Display: Shaders left to compile 2
[2019.01.01-22.49.53:223][ 60]LogStaticMesh: Built static mesh [0.03s] /Game/Assets/Models/Item_Models/Magic_jar/Small/magicJarSmall.magicJarSmall
[2019.01.01-22.49.53:244][ 60]LogActor: Warning: MyBPStaminSmallPickup_C /Engine/Transient.World_9:PersistentLevel.MyBPStaminSmallPickup_C_0 has natively added scene component(s), but none of them were set as the actor's RootComponent - picking one arbitrarily
[2019.01.01-22.50.02:450][160]BlueprintLog: New page: Compile MyBPStaminSmallPickup
[2019.01.01-22.50.02:462][160]LogActor: Warning: MyBPStaminSmallPickup_C /Engine/Transient.World_8:PersistentLevel.MyBPStaminSmallPickup_C_0 has natively added scene component(s), but none of them were set as the actor's RootComponent - picking one arbitrarily
[2019.01.01-22.50.02:463][160]LogActor: Warning: MyBPStaminSmallPickup_C /Engine/Transient.World_9:PersistentLevel.MyBPStaminSmallPickup_C_0 has natively added scene component(s), but none of them were set as the actor's RootComponent - picking one arbitrarily
[2019.01.01-22.50.02:566][160]LogActor: Warning: MyBPStaminSmallPickup_C /Engine/Transient.World_9:PersistentLevel.MyBPStaminSmallPickup_C_1 has natively added scene component(s), but none of them were set as the actor's RootComponent - picking one arbitrarily
[2019.01.01-22.50.03:432][260]Cmd: OBJ SAVEPACKAGE PACKAGE="/Game/Blueprints/MyBPStaminSmallPickup" FILE="../../../../../../Git/Ang/TGPPairProject/PairProject/Content/Blueprints/MyBPStaminSmallPickup.uasset" SILENT=true
[2019.01.01-22.50.03:449][260]LogSavePackage: Moving '../../../../../../Git/Ang/TGPPairProject/PairProject/Saved/MyBPStaminSmallPickup3BEB33794233FFE3A1B1F3AE114518C4.tmp' to '../../../../../../Git/Ang/TGPPairProject/PairProject/Content/Blueprints/MyBPStaminSmallPickup.uasset'
[2019.01.01-22.50.07:404][731]Cmd: OBJ SAVEPACKAGE PACKAGE="/Game/Blueprints/MyBPStaminSmallPickup" FILE="../../../../../../Git/Ang/TGPPairProject/PairProject/Content/Blueprints/MyBPStaminSmallPickup.uasset" SILENT=true
[2019.01.01-22.50.07:442][731]LogSavePackage: Moving '../../../../../../Git/Ang/TGPPairProject/PairProject/Saved/MyBPStaminSmallPickupDCEC694742419693618C698E81001CC3.tmp' to '../../../../../../Git/Ang/TGPPairProject/PairProject/Content/Blueprints/MyBPStaminSmallPickup.uasset'
[2019.01.01-22.50.14:559][579]LogAssetEditorManager: Opening Asset editor for Blueprint /Game/Blueprints/MyBPStaminaBIgPickup.MyBPStaminaBIgPickup
[2019.01.01-22.50.14:801][579]LogActor: Warning: MyBPStaminaBIgPickup_C /Engine/Transient.World_10:PersistentLevel.MyBPStaminaBIgPickup_C_0 has natively added scene component(s), but none of them were set as the actor's RootComponent - picking one arbitrarily
[2019.01.01-22.50.49:078][650]BlueprintLog: New page: Compile MyBPStaminSmallPickup
[2019.01.01-22.50.49:086][650]LogActor: Warning: MyBPStaminSmallPickup_C /Engine/Transient.World_8:PersistentLevel.MyBPStaminSmallPickup_C_0 has natively added scene component(s), but none of them were set as the actor's RootComponent - picking one arbitrarily
[2019.01.01-22.50.49:087][650]LogActor: Warning: MyBPStaminSmallPickup_C /Engine/Transient.World_9:PersistentLevel.MyBPStaminSmallPickup_C_1 has natively added scene component(s), but none of them were set as the actor's RootComponent - picking one arbitrarily
[2019.01.01-22.50.49:193][650]LogActor: Warning: MyBPStaminSmallPickup_C /Engine/Transient.World_9:PersistentLevel.MyBPStaminSmallPickup_C_2 has natively added scene component(s), but none of them were set as the actor's RootComponent - picking one arbitrarily
[2019.01.01-22.50.49:671][702]Cmd: OBJ SAVEPACKAGE PACKAGE="/Game/Blueprints/MyBPStaminSmallPickup" FILE="../../../../../../Git/Ang/TGPPairProject/PairProject/Content/Blueprints/MyBPStaminSmallPickup.uasset" SILENT=true
[2019.01.01-22.50.49:723][702]LogSavePackage: Moving '../../../../../../Git/Ang/TGPPairProject/PairProject/Saved/MyBPStaminSmallPickup42A62541444F64AAA2D148AF2C61F5E1.tmp' to '../../../../../../Git/Ang/TGPPairProject/PairProject/Content/Blueprints/MyBPStaminSmallPickup.uasset'
[2019.01.01-22.50.53:394][133]BlueprintLog: New page: Compile MyBPStaminSmallPickup
[2019.01.01-22.50.53:402][133]LogActor: Warning: MyBPStaminSmallPickup_C /Engine/Transient.World_8:PersistentLevel.MyBPStaminSmallPickup_C_0 has natively added scene component(s), but none of them were set as the actor's RootComponent - picking one arbitrarily
[2019.01.01-22.50.53:403][133]LogActor: Warning: MyBPStaminSmallPickup_C /Engine/Transient.World_9:PersistentLevel.MyBPStaminSmallPickup_C_2 has natively added scene component(s), but none of them were set as the actor's RootComponent - picking one arbitrarily
[2019.01.01-22.50.53:507][133]LogActor: Warning: MyBPStaminSmallPickup_C /Engine/Transient.World_9:PersistentLevel.MyBPStaminSmallPickup_C_3 has natively added scene component(s), but none of them were set as the actor's RootComponent - picking one arbitrarily
[2019.01.01-22.50.54:030][190]Cmd: OBJ SAVEPACKAGE PACKAGE="/Game/Blueprints/MyBPStaminSmallPickup" FILE="../../../../../../Git/Ang/TGPPairProject/PairProject/Content/Blueprints/MyBPStaminSmallPickup.uasset" SILENT=true
[2019.01.01-22.50.54:082][190]LogSavePackage: Moving '../../../../../../Git/Ang/TGPPairProject/PairProject/Saved/MyBPStaminSmallPickup4D8DD82F4CC09836DA10D8992AA71A3B.tmp' to '../../../../../../Git/Ang/TGPPairProject/PairProject/Content/Blueprints/MyBPStaminSmallPickup.uasset'
[2019.01.01-22.50.56:447][465]LogActorComponent: UnregisterComponent: (/Engine/Transient.EditorFloorComp) Not registered. Aborting.
[2019.01.01-22.51.24:163][777]LogAssetEditorManager: Opening Asset editor for Class /Script/PairProject.BasePickup
