Log file open, 12/17/18 17:38:13
LogWindows: Failed to load 'aqProf.dll' (GetLastError=126)
LogWindows: File 'aqProf.dll' does not exist
LogWindows: Failed to load 'VSPerf140.dll' (GetLastError=126)
LogWindows: File 'VSPerf140.dll' does not exist
LogWindows: Failed to load 'VtuneApi.dll' (GetLastError=126)
LogWindows: File 'VtuneApi.dll' does not exist
LogWindows: Failed to load 'VtuneApi32e.dll' (GetLastError=126)
LogWindows: File 'VtuneApi32e.dll' does not exist
LogInit: Display: Running engine for game: PairProject
LogPlatformFile: Not using cached read wrapper
LogTaskGraph: Started task graph with 5 named threads and 35 total threads with 3 sets of task threads.
LogStats: Stats thread started at 0.543471
LogD3D11RHI: Loaded GFSDK_Aftermath_Lib.x64.dll
LogICUInternationalization: Display: ICU TimeZone Detection - Raw Offset: +0:00, Platform Override: ''
LogPluginManager: Mounting plugin Paper2D
LogPluginManager: Mounting plugin AISupport
LogPluginManager: Mounting plugin LightPropagationVolume
LogPluginManager: Mounting plugin CLionSourceCodeAccess
LogPluginManager: Mounting plugin CodeLiteSourceCodeAccess
LogPluginManager: Mounting plugin GitSourceControl
LogPluginManager: Mounting plugin KDevelopSourceCodeAccess
LogPluginManager: Mounting plugin NullSourceCodeAccess
LogPluginManager: Mounting plugin PerforceSourceControl
LogPluginManager: Mounting plugin SubversionSourceControl
LogPluginManager: Mounting plugin UObjectPlugin
LogPluginManager: Mounting plugin VisualStudioCodeSourceCodeAccess
LogPluginManager: Mounting plugin VisualStudioSourceCodeAccess
LogPluginManager: Mounting plugin XCodeSourceCodeAccess
LogPluginManager: Mounting plugin AssetManagerEditor
LogPluginManager: Mounting plugin CryptoKeys
LogPluginManager: Mounting plugin DataValidation
LogPluginManager: Mounting plugin FacialAnimation
LogPluginManager: Mounting plugin GameplayTagsEditor
LogPluginManager: Mounting plugin MacGraphicsSwitching
LogPluginManager: Mounting plugin MeshEditor
LogPluginManager: Mounting plugin MobileLauncherProfileWizard
LogPluginManager: Mounting plugin PluginBrowser
LogPluginManager: Mounting plugin SpeedTreeImporter
LogPluginManager: Mounting plugin DatasmithContent
LogPluginManager: Mounting plugin AlembicImporter
LogPluginManager: Mounting plugin AppleImageUtils
LogPluginManager: Mounting plugin AppleVision
LogPluginManager: Mounting plugin BackChannel
LogPluginManager: Mounting plugin CharacterAI
LogPluginManager: Mounting plugin GeometryCache
LogPluginManager: Mounting plugin HTML5Networking
LogPluginManager: Mounting plugin ProxyLODPlugin
LogPluginManager: Mounting plugin MagicLeap
LogPluginManager: Mounting plugin MagicLeapEmulator
LogPluginManager: Mounting plugin MagicLeapMedia
LogPluginManager: Mounting plugin AndroidMedia
LogPluginManager: Mounting plugin AvfMedia
LogPluginManager: Mounting plugin ImgMedia
LogPluginManager: Mounting plugin LinearTimecode
LogPluginManager: Mounting plugin MediaCompositing
LogPluginManager: Mounting plugin MediaPlayerEditor
LogPluginManager: Mounting plugin WmfMedia
LogPluginManager: Mounting plugin TcpMessaging
LogPluginManager: Mounting plugin UdpMessaging
LogPluginManager: Mounting plugin ActorSequence
LogPluginManager: Mounting plugin LevelSequenceEditor
LogPluginManager: Mounting plugin MatineeToLevelSequence
LogPluginManager: Mounting plugin NetcodeUnitTest
LogPluginManager: Mounting plugin NUTUnrealEngine4
LogPluginManager: Mounting plugin OnlineSubsystemGooglePlay
LogPluginManager: Mounting plugin OnlineSubsystemIOS
LogPluginManager: Mounting plugin OnlineSubsystem
LogPluginManager: Mounting plugin OnlineSubsystemNull
LogPluginManager: Mounting plugin OnlineSubsystemUtils
LogPluginManager: Mounting plugin LauncherChunkInstaller
LogPluginManager: Mounting plugin AndroidDeviceProfileSelector
LogPluginManager: Mounting plugin AndroidMoviePlayer
LogPluginManager: Mounting plugin AndroidPermission
LogPluginManager: Mounting plugin AppleMoviePlayer
LogPluginManager: Mounting plugin ArchVisCharacter
LogPluginManager: Mounting plugin AudioCapture
LogPluginManager: Mounting plugin CableComponent
LogPluginManager: Mounting plugin CustomMeshComponent
LogPluginManager: Mounting plugin EditableMesh
LogPluginManager: Mounting plugin ExampleDeviceProfileSelector
LogPluginManager: Mounting plugin GoogleCloudMessaging
LogPluginManager: Mounting plugin ImmediatePhysics
LogPluginManager: Mounting plugin IOSDeviceProfileSelector
LogPluginManager: Mounting plugin LinuxDeviceProfileSelector
LogPluginManager: Mounting plugin LocationServicesBPLibrary
LogPluginManager: Mounting plugin MobilePatchingUtils
LogPluginManager: Mounting plugin OculusVR
LogPluginManager: Plugin shader directory ../../../Engine/Plugins/Runtime/Oculus/OculusVR/Shaders found
LogPluginManager: Mapping shader source directory ../../../Engine/Plugins/Runtime/Oculus/OculusVR/Shaders to virtual directory /Plugin/OculusVR
LogPluginManager: Mounting plugin PhysXVehicles
LogPluginManager: Mounting plugin ProceduralMeshComponent
LogPluginManager: Mounting plugin RuntimePhysXCooking
LogPluginManager: Mounting plugin SteamVR
LogPluginManager: Mounting plugin WindowsMoviePlayer
LogStreaming: Display: Took  0.193s to configure plugins.
LogInit: Using libcurl 7.55.1-DEV
LogInit:  - built for x86_64-pc-win32
LogInit:  - supports SSL with OpenSSL/1.0.2h
LogInit:  - supports HTTP deflate (compression) using libz 1.2.8
LogInit:  - other features:
LogInit:      CURL_VERSION_SSL
LogInit:      CURL_VERSION_LIBZ
LogInit:      CURL_VERSION_IPV6
LogInit:      CURL_VERSION_ASYNCHDNS
LogInit:      CURL_VERSION_LARGEFILE
LogInit:      CURL_VERSION_IDN
LogInit:  CurlRequestOptions (configurable via config and command line):
LogInit:  - bVerifyPeer = false  - Libcurl will NOT verify peer certificate
LogInit:  - bUseHttpProxy = false  - Libcurl will NOT use HTTP proxy
LogInit:  - bDontReuseConnections = false  - Libcurl will reuse connections
LogInit:  - CertBundlePath = nullptr  - Libcurl will use whatever was configured at build time.
LogInit:  - MaxHostConnections = 16  - Libcurl will limit the number of connections to a host
LogInit:  - LocalHostAddr = Default
LogInit:  - BufferSize = 65536
LogInit: WinSock: version 1.1 (2.2), MaxSocks=32767, MaxUdp=65467
LogInit: Build: ++UE4+Release-4.20-CL-4369336
LogInit: Engine Version: 4.20.3-4369336+++UE4+Release-4.20
LogInit: Compatible Engine Version: 4.20.0-4212847+++UE4+Release-4.20
LogInit: Net CL: 4212847
LogInit: OS: Windows 10 (), CPU: Intel(R) Core(TM) i7-8700K CPU @ 3.70GHz, GPU: NVIDIA GeForce GTX 950
LogInit: Compiled (64-bit): Sep 17 2018 12:26:19
LogInit: Compiled with Visual C++: 19.13.26129.00
LogInit: Build Configuration: Development
LogInit: Branch Name: ++UE4+Release-4.20
LogInit: Command Line:  -skipcompile
LogInit: Base Directory: D:/Program Files (x86)/UE_4.20/Engine/Binaries/Win64/
LogInit: Installed Engine Build: 1
LogDevObjectVersion: Number of dev versions registered: 20
LogDevObjectVersion:   Dev-Blueprints (B0D832E4-1F89-4F0D-ACCF-7EB736FD4AA2): 10
LogDevObjectVersion:   Dev-Build (E1C64328-A22C-4D53-A36C-8E866417BD8C): 0
LogDevObjectVersion:   Dev-Core (375EC13C-06E4-48FB-B500-84F0262A717E): 2
LogDevObjectVersion:   Dev-Editor (E4B068ED-F494-42E9-A231-DA0B2E46BB41): 24
LogDevObjectVersion:   Dev-Framework (CFFC743F-43B0-4480-9391-14DF171D2073): 34
LogDevObjectVersion:   Dev-Mobile (B02B49B5-BB20-44E9-A304-32B752E40360): 2
LogDevObjectVersion:   Dev-Networking (A4E4105C-59A1-49B5-A7C5-40C4547EDFEE): 0
LogDevObjectVersion:   Dev-Online (39C831C9-5AE6-47DC-9A44-9C173E1C8E7C): 0
LogDevObjectVersion:   Dev-Physics (78F01B33-EBEA-4F98-B9B4-84EACCB95AA2): 0
LogDevObjectVersion:   Dev-Platform (6631380F-2D4D-43E0-8009-CF276956A95A): 0
LogDevObjectVersion:   Dev-Rendering (12F88B9F-8875-4AFC-A67C-D90C383ABD29): 26
LogDevObjectVersion:   Dev-Sequencer (7B5AE74C-D270-4C10-A958-57980B212A5A): 9
LogDevObjectVersion:   Dev-VR (D7296918-1DD6-4BDD-9DE2-64A83CC13884): 2
LogDevObjectVersion:   Dev-LoadTimes (C2A15278-BFE7-4AFE-6C17-90FF531DF755): 1
LogDevObjectVersion:   Private-Geometry (6EACA3D4-40EC-4CC1-B786-8BED09428FC5): 3
LogDevObjectVersion:   Dev-AnimPhys (29E575DD-E0A3-4627-9D10-D276232CDCEA): 17
LogDevObjectVersion:   Dev-ReflectionCapture (6B266CEC-1EC7-4B8F-A30B-E4D90942FC07): 1
LogDevObjectVersion:   Dev-Automation (0DF73D61-A23F-47EA-B727-89E90C41499A): 1
LogDevObjectVersion:   FortniteMain (601D1886-AC64-4F84-AA16-D3DE0DEAC7D6): 12
LogDevObjectVersion:   Dev-Enterprise (9DFFBCD6-494F-0158-E221-12823C92A888): 1
LogStreaming: Display: Took  0.002s to delete old logs.
LogInit: Presizing for max 8388607 objects, including 0 objects not considered by GC, pre-allocating 0 bytes for permanent pool.
LogInit: Object subsystem initialized
[2018.12.17-17.38.15:496][  0]LogInit: Selected Device Profile: [Windows]
[2018.12.17-17.38.15:496][  0]LogInit: Applying CVar settings loaded from the selected device profile: [Windows]
[2018.12.17-17.38.15:533][  0]LogHAL: Display: Platform has ~ 16 GB [17132584960 / 17179869184 / 16], which maps to Larger [LargestMinGB=32, LargerMinGB=12, DefaultMinGB=8, SmallerMinGB=6, SmallestMinGB=0)
[2018.12.17-17.38.15:533][  0]LogInit: Setting Device Profile CVar: [[r.Vulkan.UseRealUBs:1]]
[2018.12.17-17.38.15:533][  0]LogInit: Going up to parent DeviceProfile []
[2018.12.17-17.38.15:552][  0]LogInit: Computer: DESKTOP-D8L6EI8
[2018.12.17-17.38.15:553][  0]LogInit: User: h017026h
[2018.12.17-17.38.15:553][  0]LogInit: CPU Page size=4096, Cores=6
[2018.12.17-17.38.15:553][  0]LogInit: High frequency timer resolution =3.609375 MHz
[2018.12.17-17.38.15:553][  0]LogMemory: Memory total: Physical=16.0GB (16GB approx)
[2018.12.17-17.38.15:553][  0]LogMemory: Platform Memory Stats for Windows
[2018.12.17-17.38.15:553][  0]LogMemory: Process Physical Memory: 102.54 MB used, 102.54 MB peak
[2018.12.17-17.38.15:553][  0]LogMemory: Process Virtual Memory: 93.75 MB used, 93.75 MB peak
[2018.12.17-17.38.15:553][  0]LogMemory: Physical Memory: 5663.26 MB used,  10675.65 MB free, 16338.91 MB total
[2018.12.17-17.38.15:554][  0]LogMemory: Virtual Memory: 4660.66 MB used,  10675.65 MB free, 134217728.00 MB total
[2018.12.17-17.38.16:870][  0]LogInit: Using OS detected language (en-GB).
[2018.12.17-17.38.16:870][  0]LogInit: Using OS detected locale (en-GB).
[2018.12.17-17.38.16:870][  0]LogTextLocalizationManager: No specific localization for 'en-GB' exists, so the 'en' localization will be used.
[2018.12.17-17.38.17:541][  0]LogStreaming: Display: Took  0.671s to InitEngineTextLocalization.
[2018.12.17-17.38.17:541][  0]LogInit: Setting process to per monitor DPI aware
[2018.12.17-17.38.18:344][  0]LogSlate: New Slate User Created.  User Index 0, Is Virtual User: 0
[2018.12.17-17.38.18:345][  0]LogSlate: Slate User Registered.  User Index 0, Is Virtual User: 0
[2018.12.17-17.38.20:637][  0]LogHMD: Failed to initialize OpenVR with code 110
[2018.12.17-17.38.20:637][  0]LogD3D11RHI: D3D11 adapters:
[2018.12.17-17.38.20:697][  0]LogD3D11RHI:    0. 'NVIDIA GeForce GTX 950' (Feature Level 11_0)
[2018.12.17-17.38.20:697][  0]LogD3D11RHI:       2007/0/8169 MB DedicatedVideo/DedicatedSystem/SharedSystem, Outputs:1, VendorId:0x10de
[2018.12.17-17.38.20:702][  0]LogD3D11RHI:    1. 'Microsoft Basic Render Driver' (Feature Level 11_0)
[2018.12.17-17.38.20:702][  0]LogD3D11RHI:       0/0/8169 MB DedicatedVideo/DedicatedSystem/SharedSystem, Outputs:0, VendorId:0x1414
[2018.12.17-17.38.20:702][  0]LogD3D11RHI: Chosen D3D11 Adapter: 0
[2018.12.17-17.38.20:720][  0]LogD3D11RHI: Creating new Direct3DDevice
[2018.12.17-17.38.20:720][  0]LogD3D11RHI:     GPU DeviceId: 0x1402 (for the marketing name, search the web for "GPU Device Id")
[2018.12.17-17.38.20:720][  0]LogWindows: EnumDisplayDevices:
[2018.12.17-17.38.20:720][  0]LogWindows:    0. 'NVIDIA GeForce GTX 950' (P:1 D:1)
[2018.12.17-17.38.20:721][  0]LogWindows:    1. 'NVIDIA GeForce GTX 950' (P:0 D:0)
[2018.12.17-17.38.20:721][  0]LogWindows:    2. 'NVIDIA GeForce GTX 950' (P:0 D:0)
[2018.12.17-17.38.20:722][  0]LogWindows:    3. 'NVIDIA GeForce GTX 950' (P:0 D:0)
[2018.12.17-17.38.20:722][  0]LogWindows: DebugString: FoundDriverCount:4 
[2018.12.17-17.38.20:722][  0]LogD3D11RHI:     Adapter Name: NVIDIA GeForce GTX 950
[2018.12.17-17.38.20:722][  0]LogD3D11RHI:   Driver Version: 399.07 (internal:24.21.13.9907, unified:399.07)
[2018.12.17-17.38.20:722][  0]LogD3D11RHI:      Driver Date: 8-21-2018
[2018.12.17-17.38.20:722][  0]LogRHI: Texture pool is 1405 MB (70% of 2007 MB)
[2018.12.17-17.38.20:770][  0]LogD3D11RHI: Async texture creation enabled
[2018.12.17-17.38.20:823][  0]LogD3D11RHI: GPU Timing Frequency: 1000.000000 (Debug: 2 2)
[2018.12.17-17.38.20:872][  0]LogShaderCompilers: Guid format shader working directory is -28 characters bigger than the processId version (../../../../../Users/h017026h/Documents/GitKraken/TGPPairProject/PairProject/Intermediate/Shaders/WorkingDirectory/14084/).
[2018.12.17-17.38.20:872][  0]LogShaderCompilers: Cleaned the shader compiler working directory 'C:/Users/h017026h/AppData/Local/Temp/UnrealShaderWorkingDir/1AFDDC614A9423E8140F26BD4001010E/'.
[2018.12.17-17.38.21:084][  0]LogTemp: Display: Loaded TP AllDesktopTargetPlatform
[2018.12.17-17.38.21:104][  0]LogTemp: Display: Loaded TP MacClientTargetPlatform
[2018.12.17-17.38.21:125][  0]LogTemp: Display: Loaded TP MacNoEditorTargetPlatform
[2018.12.17-17.38.21:146][  0]LogTemp: Display: Loaded TP MacServerTargetPlatform
[2018.12.17-17.38.21:186][  0]LogTemp: Display: Loaded TP MacTargetPlatform
[2018.12.17-17.38.21:207][  0]LogTemp: Display: Loaded TP WindowsClientTargetPlatform
[2018.12.17-17.38.21:239][  0]LogTemp: Display: Loaded TP WindowsNoEditorTargetPlatform
[2018.12.17-17.38.21:261][  0]LogTemp: Display: Loaded TP WindowsServerTargetPlatform
[2018.12.17-17.38.21:276][  0]LogTemp: Display: Loaded TP WindowsTargetPlatform
[2018.12.17-17.38.21:382][  0]LogTemp: Display: Loaded TP AndroidTargetPlatform
[2018.12.17-17.38.21:382][  0]LogTemp: Display: Loaded TP AndroidTargetPlatform
[2018.12.17-17.38.21:382][  0]LogTemp: Display: Loaded TP AndroidTargetPlatform
[2018.12.17-17.38.21:382][  0]LogTemp: Display: Loaded TP AndroidTargetPlatform
[2018.12.17-17.38.21:382][  0]LogTemp: Display: Loaded TP AndroidTargetPlatform
[2018.12.17-17.38.21:382][  0]LogTemp: Display: Loaded TP AndroidTargetPlatform
[2018.12.17-17.38.21:382][  0]LogTemp: Display: Loaded TP AndroidTargetPlatform
[2018.12.17-17.38.21:383][  0]LogTemp: Display: Loaded TP AndroidTargetPlatform
[2018.12.17-17.38.21:383][  0]LogTemp: Display: Loaded TP AndroidTargetPlatform
[2018.12.17-17.38.21:383][  0]LogTemp: Display: Loaded TP AndroidTargetPlatform
[2018.12.17-17.38.21:383][  0]LogTemp: Display: Loaded TP AndroidTargetPlatform
[2018.12.17-17.38.21:383][  0]LogTemp: Display: Loaded TP AndroidTargetPlatform
[2018.12.17-17.38.21:383][  0]LogTemp: Display: Loaded TP AndroidTargetPlatform
[2018.12.17-17.38.21:383][  0]LogTemp: Display: Loaded TP AndroidTargetPlatform
[2018.12.17-17.38.21:383][  0]LogTemp: Display: Loaded TP AndroidTargetPlatform
[2018.12.17-17.38.21:383][  0]LogTemp: Display: Loaded TP AndroidTargetPlatform
[2018.12.17-17.38.21:383][  0]LogTemp: Display: Loaded TP AndroidTargetPlatform
[2018.12.17-17.38.21:383][  0]LogTemp: Display: Loaded TP AndroidTargetPlatform
[2018.12.17-17.38.21:401][  0]LogTemp: Display: Loaded TP HTML5TargetPlatform
[2018.12.17-17.38.21:520][  0]LogTemp: Display: Loaded TP IOSTargetPlatform
[2018.12.17-17.38.21:520][  0]LogTemp: Display: Loaded TP IOSTargetPlatform
[2018.12.17-17.38.21:548][  0]LogTemp: Display: Loaded TP TVOSTargetPlatform
[2018.12.17-17.38.21:549][  0]LogTemp: Display: Loaded TP TVOSTargetPlatform
[2018.12.17-17.38.21:581][  0]LogTemp: Display: Loaded TP LinuxClientTargetPlatform
[2018.12.17-17.38.21:604][  0]LogTemp: Display: Loaded TP LinuxNoEditorTargetPlatform
[2018.12.17-17.38.21:625][  0]LogTemp: Display: Loaded TP LinuxServerTargetPlatform
[2018.12.17-17.38.21:652][  0]LogTemp: Display: Loaded TP LinuxTargetPlatform
[2018.12.17-17.38.21:671][  0]LogTemp: Display: Loaded TP LuminTargetPlatform
[2018.12.17-17.38.21:671][  0]LogTargetPlatformManager: Display: Building Assets For Windows
[2018.12.17-17.38.22:511][  0]LogXGEController: Cleaning working directory: C:/Users/h017026h/AppData/Local/Temp/UnrealXGEWorkingDir/
[2018.12.17-17.38.22:511][  0]LogXGEController: Cannot use XGE Controller as Incredibuild is not installed on this machine.
[2018.12.17-17.38.22:511][  0]LogShaderCompilers: Cannot use XGE Shader Compiler as Incredibuild is not installed on this machine.
[2018.12.17-17.38.22:511][  0]LogShaderCompilers: Display: Using Local Shader Compiler.
[2018.12.17-17.38.24:380][  0]LogDerivedDataCache: Display: Max Cache Size: 512 MB
[2018.12.17-17.38.24:612][  0]LogDerivedDataCache: Loaded boot cache 0.23s 71MB C:/Users/h017026h/AppData/Local/UnrealEngine/4.20/DerivedDataCache/Boot.ddc.
[2018.12.17-17.38.24:613][  0]LogDerivedDataCache: Display: Loaded Boot cache: C:/Users/h017026h/AppData/Local/UnrealEngine/4.20/DerivedDataCache/Boot.ddc
[2018.12.17-17.38.24:613][  0]LogDerivedDataCache: FDerivedDataBackendGraph:  Pak pak cache file ../../../../../Users/h017026h/Documents/GitKraken/TGPPairProject/PairProject/DerivedDataCache/DDC.ddp not found, will not use a pak cache.
[2018.12.17-17.38.24:613][  0]LogDerivedDataCache: Unable to find inner node Pak for hierarchical cache Hierarchy.
[2018.12.17-17.38.24:613][  0]LogDerivedDataCache: FDerivedDataBackendGraph:  CompressedPak pak cache file ../../../../../Users/h017026h/Documents/GitKraken/TGPPairProject/PairProject/DerivedDataCache/Compressed.ddp not found, will not use a pak cache.
[2018.12.17-17.38.24:613][  0]LogDerivedDataCache: Unable to find inner node CompressedPak for hierarchical cache Hierarchy.
[2018.12.17-17.38.24:664][  0]LogDerivedDataCache: Display: Pak cache opened for reading ../../../Engine/DerivedDataCache/Compressed.ddp.
[2018.12.17-17.38.24:677][  0]LogDerivedDataCache: Using Local data cache path C:/Users/h017026h/AppData/Local/UnrealEngine/Common/DerivedDataCache: Writable
[2018.12.17-17.38.24:677][  0]LogDerivedDataCache: Shared data cache path not found in *engine.ini, will not use an Shared cache.
[2018.12.17-17.38.24:677][  0]LogDerivedDataCache: Unable to find inner node Shared for hierarchical cache Hierarchy.
[2018.12.17-17.38.24:691][  0]LogMaterial: Verifying Global Shaders for PCD3D_SM5
[2018.12.17-17.38.24:692][  0]LogSlate: Using FreeType 2.6.0
[2018.12.17-17.38.24:733][  0]LogSlate: SlateFontServices - WITH_FREETYPE: 1, WITH_HARFBUZZ: 1
[2018.12.17-17.38.25:072][  0]LogAssetRegistry: FAssetRegistry took 0.0277 seconds to start up
[2018.12.17-17.38.25:368][  0]LogInit: Selected Device Profile: [Windows]
[2018.12.17-17.38.26:075][  0]LogSimplygon: Simplygon DLL not present - disabling.
[2018.12.17-17.38.26:278][  0]LogMeshReduction: Using SimplygonSwarm for distributed automatic mesh merging
[2018.12.17-17.38.26:279][  0]LogMeshReduction: Using ProxyLODMeshReduction for automatic mesh merging
[2018.12.17-17.38.26:279][  0]LogMeshReduction: Using QuadricMeshReduction for automatic static mesh reduction
[2018.12.17-17.38.26:280][  0]LogMeshReduction: No automatic skeletal mesh reduction module available
[2018.12.17-17.38.26:388][  0]LogNetVersion: PairProject 1.0.0, NetCL: 4212847, EngineNetVer: 5, GameNetVer: 0 (Checksum: 2248716754)
[2018.12.17-17.38.27:799][  0]LogPackageLocalizationCache: Processed 11 localized package path(s) for 2 prioritized culture(s) in 0.095442 seconds
[2018.12.17-17.38.27:806][  0]LogUObjectArray: 38425 objects as part of root set at end of initial load.
[2018.12.17-17.38.27:806][  0]LogUObjectAllocator: 6690872 out of 0 bytes used by permanent object pool.
[2018.12.17-17.38.27:806][  0]LogUObjectArray: CloseDisregardForGC: 0/0 objects in disregard for GC pool
[2018.12.17-17.38.37:097][  0]LogTcpMessaging: Initializing TcpMessaging bridge
[2018.12.17-17.38.37:133][  0]LogUdpMessaging: Initializing bridge on interface 0.0.0.0:0 to multicast group 230.0.0.1:6666.
[2018.12.17-17.38.38:174][  0]SourceControl: Source control is disabled
[2018.12.17-17.38.38:174][  0]SourceControl: Source control is disabled
[2018.12.17-17.38.38:300][  0]SourceControl: Source control is disabled
[2018.12.17-17.38.38:320][  0]SourceControl: Source control is disabled
[2018.12.17-17.38.39:719][  0]LogAndroidPermission: UAndroidPermissionCallbackProxy::GetInstance
[2018.12.17-17.38.39:904][  0]LogOcInput: OculusInput pre-init called
[2018.12.17-17.38.40:244][  0]LogEngine: Initializing Engine...
[2018.12.17-17.38.40:245][  0]LogHMD: Failed to initialize OpenVR with code 110
[2018.12.17-17.38.40:246][  0]LogStats: UGameplayTagsManager::ConstructGameplayTagTree: ImportINI prefixes -  0.000 s
[2018.12.17-17.38.40:246][  0]LogStats: UGameplayTagsManager::ConstructGameplayTagTree: Construct from data asset -  0.000 s
[2018.12.17-17.38.40:246][  0]LogStats: UGameplayTagsManager::ConstructGameplayTagTree: ImportINI -  0.000 s
[2018.12.17-17.38.40:247][  0]LogStats: UGameplayTagsManager::ConstructGameplayTagTree: GameplayTagTreeChangedEvent.Broadcast -  0.000 s
[2018.12.17-17.38.40:763][  0]LogInit: Initializing FReadOnlyCVARCache
[2018.12.17-17.38.40:932][  0]LogAIModule: Creating AISystem for world Untitled
[2018.12.17-17.38.40:946][  0]LogInit: XAudio2 using 'BenQ GW2760HS (NVIDIA High Definition Audio)' : 2 channels at 48 kHz using 16 bits per sample (channel mask 0x3)
[2018.12.17-17.38.41:018][  0]LogInit: FAudioDevice initialized.
[2018.12.17-17.38.41:018][  0]LogNetVersion: Set ProjectVersion to 1.0.0.0. Version Checksum will be recalculated on next use.
[2018.12.17-17.38.41:083][  0]LogDerivedDataCache: Saved boot cache 0.07s 71MB C:/Users/h017026h/AppData/Local/UnrealEngine/4.20/DerivedDataCache/Boot.ddc.
[2018.12.17-17.38.41:094][  0]LogInit: Texture streaming: Enabled
[2018.12.17-17.38.41:160][  0]LogEngineSessionManager: EngineSessionManager initialized
[2018.12.17-17.38.41:180][  0]LogInit: Transaction tracking system initialized
[2018.12.17-17.38.41:281][  0]BlueprintLog: New page: Editor Load
[2018.12.17-17.38.42:052][  0]LocalizationService: Localization service is disabled
[2018.12.17-17.38.43:545][  0]LogCook: Display: Max memory allowance for cook 16384mb min free memory 0mb
[2018.12.17-17.38.43:545][  0]LogCook: Display: Mobile HDR setting 1
[2018.12.17-17.38.43:546][  0]LogGameplayTags: Display: UGameplayTagsManager::DoneAddingNativeTags. DelegateIsBound: 0
[2018.12.17-17.38.43:546][  0]LogStats: UGameplayTagsManager::ConstructGameplayTagTree: ImportINI prefixes -  0.000 s
[2018.12.17-17.38.43:546][  0]LogStats: UGameplayTagsManager::ConstructGameplayTagTree: Construct from data asset -  0.000 s
[2018.12.17-17.38.43:546][  0]LogStats: UGameplayTagsManager::ConstructGameplayTagTree: ImportINI -  0.000 s
[2018.12.17-17.38.43:546][  0]LogStats: UGameplayTagsManager::ConstructGameplayTagTree: GameplayTagTreeChangedEvent.Broadcast -  0.000 s
[2018.12.17-17.38.43:551][  0]LogFileCache: Scanning file cache for directory 'D:/Users/h017026h/Documents/GitKraken/TGPPairProject/PairProject/Content/' took 0.02s
[2018.12.17-17.38.44:950][  0]SourceControl: Source control is disabled
[2018.12.17-17.38.44:950][  0]Cmd: MAP LOAD FILE="../../../Engine/Content/Maps/Templates/Template_Default.umap" TEMPLATE=1 SHOWPROGRESS=1 FEATURELEVEL=3
[2018.12.17-17.38.44:973][  0]LightingResults: New page: Lighting Build
[2018.12.17-17.38.44:975][  0]MapCheck: New page: Map Check
[2018.12.17-17.38.44:975][  0]LightingResults: New page: Lighting Build
[2018.12.17-17.38.45:443][  0]LogAIModule: Creating AISystem for world Untitled_1
[2018.12.17-17.38.45:497][  0]LogEditorServer: Finished looking for orphan Actors (0.000 secs)
[2018.12.17-17.38.45:518][  0]Cmd: MAP CHECKDEP NOCLEARLOG
[2018.12.17-17.38.45:559][  0]MapCheck: Map check complete: 0 Error(s), 0 Warning(s), took 41.296ms to complete.
[2018.12.17-17.38.45:560][  0]LogFileHelpers: Loading map 'Template_Default' took 0.610
[2018.12.17-17.38.45:739][  0]LogSlate: Updating window title bar state: overlay mode, drag disabled, window buttons hidden, title bar hidden
[2018.12.17-17.38.45:744][  0]LogSlate: Updating window title bar state: overlay mode, drag disabled, window buttons hidden, title bar hidden
[2018.12.17-17.38.45:749][  0]LogSlate: Updating window title bar state: overlay mode, drag disabled, window buttons hidden, title bar hidden
[2018.12.17-17.38.45:754][  0]LogSlate: Updating window title bar state: overlay mode, drag disabled, window buttons hidden, title bar hidden
[2018.12.17-17.38.45:796][  0]LogCollectionManager: Loaded 0 collections in 0.000689 seconds
[2018.12.17-17.38.45:842][  0]LogFileCache: Scanning file cache for directory 'D:/Users/h017026h/Documents/GitKraken/TGPPairProject/PairProject/Saved/Collections/' took 0.01s
[2018.12.17-17.38.45:842][  0]LogFileCache: Scanning file cache for directory 'D:/Users/h017026h/Documents/GitKraken/TGPPairProject/PairProject/Content/Developers/h017026h/Collections/' took 0.01s
[2018.12.17-17.38.45:842][  0]LogFileCache: Scanning file cache for directory 'D:/Users/h017026h/Documents/GitKraken/TGPPairProject/PairProject/Content/Collections/' took 0.01s
[2018.12.17-17.38.45:842][  0]LogCollectionManager: Rebuilt the GUID cache for 0 collections in 0.000000 seconds
[2018.12.17-17.38.45:850][  0]LogContentBrowser: Native class hierarchy populated in 0.0077 seconds. Added 2578 classes and 606 folders.
[2018.12.17-17.38.45:854][  0]LogContentBrowser: Native class hierarchy updated for 'WidgetCarousel' in 0.0003 seconds. Added 0 classes and 0 folders.
[2018.12.17-17.38.46:460][  0]LogContentBrowser: Native class hierarchy updated for 'AddContentDialog' in 0.0003 seconds. Added 0 classes and 0 folders.
[2018.12.17-17.38.46:484][  0]LogContentBrowser: Native class hierarchy updated for 'SceneOutliner' in 0.0003 seconds. Added 1 classes and 2 folders.
[2018.12.17-17.38.46:579][  0]LogContentBrowser: Native class hierarchy updated for 'HierarchicalLODOutliner' in 0.0003 seconds. Added 0 classes and 0 folders.
[2018.12.17-17.38.46:580][  0]LogLoad: (Engine Initialization) Total time: 36.23 seconds
[2018.12.17-17.38.46:580][  0]LogLoad: (Engine Initialization) Total Blueprint compile time: 0.00 seconds
[2018.12.17-17.38.46:591][  0]LogWindowsTextInputMethodSystem: Display: IME system now deactivated.
[2018.12.17-17.38.46:610][  0]LogContentStreaming: Texture pool size now 1000 MB
[2018.12.17-17.38.46:625][  0]LogSlate: Took 0.013506 seconds to synchronously load lazily loaded font '../../../Engine/Content/Slate/Fonts/Roboto-Regular.ttf' (155K)
[2018.12.17-17.38.46:649][  0]LogSlate: Took 0.024237 seconds to synchronously load lazily loaded font '../../../Engine/Content/Slate/Fonts/Roboto-Bold.ttf' (160K)
[2018.12.17-17.38.46:670][  0]LogSlate: Took 0.016128 seconds to synchronously load lazily loaded font '../../../Engine/Content/Editor/Slate/Fonts/FontAwesome.ttf' (139K)
[2018.12.17-17.38.46:832][  0]LogRenderer: Reallocating scene render targets to support 700x344 Format 10 NumSamples 1 (Frame:1).
[2018.12.17-17.38.46:832][  0]LogSlate: Took 0.011673 seconds to synchronously load lazily loaded font '../../../Engine/Content/Slate/Fonts/Roboto-Light.ttf' (167K)
[2018.12.17-17.38.46:886][  1]LogAssetRegistry: Asset discovery search completed in 21.8397 seconds
[2018.12.17-17.38.46:888][  1]LogCollectionManager: Rebuilt the object cache for 0 collections in 0.000000 seconds (found 0 objects)
[2018.12.17-17.38.46:888][  1]LogCollectionManager: Fixed up redirectors for 0 collections in 0.000172 seconds (updated 0 objects)
[2018.12.17-17.39.05:733][995]LogRenderer: Reallocating scene render targets to support 720x344 Format 10 NumSamples 1 (Frame:1992).
[2018.12.17-17.39.05:776][995]LogRenderer: Reallocating scene render targets to support 808x344 Format 10 NumSamples 1 (Frame:1993).
[2018.12.17-17.39.05:829][995]LogRenderer: Reallocating scene render targets to support 916x344 Format 10 NumSamples 1 (Frame:1994).
[2018.12.17-17.39.05:878][995]LogRenderer: Reallocating scene render targets to support 992x344 Format 10 NumSamples 1 (Frame:1995).
[2018.12.17-17.39.05:923][995]LogRenderer: Reallocating scene render targets to support 1024x344 Format 10 NumSamples 1 (Frame:1996).
[2018.12.17-17.39.05:974][995]LogRenderer: Reallocating scene render targets to support 1056x344 Format 10 NumSamples 1 (Frame:1997).
[2018.12.17-17.39.06:025][995]LogRenderer: Reallocating scene render targets to support 1108x344 Format 10 NumSamples 1 (Frame:1998).
[2018.12.17-17.39.06:076][995]LogRenderer: Reallocating scene render targets to support 1136x344 Format 10 NumSamples 1 (Frame:1999).
[2018.12.17-17.39.10:234][474]LogRenderer: Reallocating scene render targets to support 1136x360 Format 10 NumSamples 1 (Frame:2481).
[2018.12.17-17.39.10:285][474]LogRenderer: Reallocating scene render targets to support 1136x384 Format 10 NumSamples 1 (Frame:2482).
[2018.12.17-17.39.10:336][474]LogRenderer: Reallocating scene render targets to support 1136x412 Format 10 NumSamples 1 (Frame:2483).
[2018.12.17-17.39.10:385][474]LogRenderer: Reallocating scene render targets to support 1136x436 Format 10 NumSamples 1 (Frame:2484).
[2018.12.17-17.39.10:431][474]LogRenderer: Reallocating scene render targets to support 1136x448 Format 10 NumSamples 1 (Frame:2485).
[2018.12.17-17.39.10:474][474]LogRenderer: Reallocating scene render targets to support 1136x452 Format 10 NumSamples 1 (Frame:2486).
[2018.12.17-17.39.11:319][575]LogSlate: FSceneViewport::OnFocusLost() reason 0
[2018.12.17-17.39.15:372][ 58]LogSlate: Took 0.000240 seconds to synchronously load lazily loaded font '../../../Engine/Content/Slate/Fonts/Roboto-Light.ttf' (167K)
[2018.12.17-17.39.15:566][ 58]LogAIModule: Creating AISystem for world CameraTestScene
[2018.12.17-17.39.15:575][ 58]LogAssetEditorManager: Opening Asset editor for World /Game/Scenes/CameraTestScene.CameraTestScene
[2018.12.17-17.39.15:602][ 58]Cmd: MAP LOAD FILE="../../../../../Users/h017026h/Documents/GitKraken/TGPPairProject/PairProject/Content/Scenes/CameraTestScene.umap" TEMPLATE=0 SHOWPROGRESS=1 FEATURELEVEL=3
[2018.12.17-17.39.15:602][ 58]LightingResults: New page: Lighting Build
[2018.12.17-17.39.15:603][ 58]LoadErrors: New page: Loading map: CameraTestScene.umap
[2018.12.17-17.39.15:604][ 58]MapCheck: New page: Map Check
[2018.12.17-17.39.15:604][ 58]LightingResults: New page: Lighting Build
[2018.12.17-17.39.15:636][ 58]LogEditorServer: Finished looking for orphan Actors (0.000 secs)
[2018.12.17-17.39.15:678][ 58]Cmd: MAP CHECKDEP NOCLEARLOG
[2018.12.17-17.39.15:724][ 58]MapCheck: Map check complete: 0 Error(s), 0 Warning(s), took 45.744ms to complete.
[2018.12.17-17.39.15:724][ 58]LogFileHelpers: Loading map 'CameraTestScene' took 0.124
[2018.12.17-17.39.18:076][315]LogTemp: Repeating last play command: Selected Viewport
[2018.12.17-17.39.18:090][315]LogBlueprintUserMessages: Early PlayInEditor Detection: Level '/Game/Scenes/CameraTestScene.CameraTestScene:PersistentLevel' has LevelScriptBlueprint '/Game/Scenes/CameraTestScene.CameraTestScene:PersistentLevel.CameraTestScene' with GeneratedClass '/Game/Scenes/CameraTestScene.CameraTestScene_C' with ClassGeneratedBy '/Game/Scenes/CameraTestScene.CameraTestScene:PersistentLevel.CameraTestScene'
[2018.12.17-17.39.18:091][315]LogPlayLevel: PlayLevel: No blueprints needed recompiling
[2018.12.17-17.39.18:105][315]PIE: New page: PIE session: CameraTestScene (17 Dec 2018 17:39:18)
[2018.12.17-17.39.18:106][315]LogPlayLevel: Creating play world package: /Game/Scenes/UEDPIE_0_CameraTestScene
[2018.12.17-17.39.18:109][315]LogPlayLevel: PIE: StaticDuplicateObject took: (0.003226s)
[2018.12.17-17.39.18:110][315]LogAIModule: Creating AISystem for world CameraTestScene
[2018.12.17-17.39.18:110][315]LogPlayLevel: PIE: World Init took: (0.000977s)
[2018.12.17-17.39.18:110][315]LogPlayLevel: PIE: Created PIE world by copying editor world from /Game/Scenes/CameraTestScene.CameraTestScene to /Game/Scenes/UEDPIE_0_CameraTestScene.CameraTestScene (0.004793s)
[2018.12.17-17.39.18:141][315]LogInit: XAudio2 using 'BenQ GW2760HS (NVIDIA High Definition Audio)' : 2 channels at 48 kHz using 16 bits per sample (channel mask 0x3)
[2018.12.17-17.39.18:148][315]LogInit: FAudioDevice initialized.
[2018.12.17-17.39.18:194][315]LogLoad: Game class is 'GameModeBase'
[2018.12.17-17.39.18:211][315]LogWorld: Bringing World /Game/Scenes/UEDPIE_0_CameraTestScene.CameraTestScene up for play (max tick rate 0) at 2018.12.17-17.39.18
[2018.12.17-17.39.18:225][315]LogWorld: Bringing up level for play took: 0.015147
[2018.12.17-17.39.18:240][315]LogContentBrowser: Native class hierarchy updated for 'MovieSceneCapture' in 0.0004 seconds. Added 10 classes and 0 folders.
[2018.12.17-17.39.18:241][315]PIE: Play in editor start time for /Game/Scenes/UEDPIE_0_CameraTestScene -0.085
[2018.12.17-17.39.18:241][315]LogBlueprintUserMessages: Late PlayInEditor Detection: Level '/Game/Scenes/CameraTestScene.CameraTestScene:PersistentLevel' has LevelScriptBlueprint '/Game/Scenes/CameraTestScene.CameraTestScene:PersistentLevel.CameraTestScene' with GeneratedClass '/Game/Scenes/CameraTestScene.CameraTestScene_C' with ClassGeneratedBy '/Game/Scenes/CameraTestScene.CameraTestScene:PersistentLevel.CameraTestScene'
[2018.12.17-17.39.21:540][708]LogBlueprintUserMessages: Early EndPlayMap Detection: Level '/Game/Scenes/CameraTestScene.CameraTestScene:PersistentLevel' has LevelScriptBlueprint '/Game/Scenes/CameraTestScene.CameraTestScene:PersistentLevel.CameraTestScene' with GeneratedClass '/Game/Scenes/CameraTestScene.CameraTestScene_C' with ClassGeneratedBy '/Game/Scenes/CameraTestScene.CameraTestScene:PersistentLevel.CameraTestScene'
[2018.12.17-17.39.21:540][708]LogSlate: Updating window title bar state: overlay mode, drag disabled, window buttons hidden, title bar hidden
[2018.12.17-17.39.21:575][708]LogPlayLevel: Display: Shutting down PIE online subsystems
[2018.12.17-17.39.21:576][708]LogBlueprintUserMessages: Late EndPlayMap Detection: Level '/Game/Scenes/CameraTestScene.CameraTestScene:PersistentLevel' has LevelScriptBlueprint '/Game/Scenes/CameraTestScene.CameraTestScene:PersistentLevel.CameraTestScene' with GeneratedClass '/Game/Scenes/CameraTestScene.CameraTestScene_C' with ClassGeneratedBy '/Game/Scenes/CameraTestScene.CameraTestScene:PersistentLevel.CameraTestScene'
[2018.12.17-17.39.21:597][708]LogSlate: Updating window title bar state: overlay mode, drag disabled, window buttons hidden, title bar hidden
[2018.12.17-17.39.21:647][714]LogPlayLevel: Display: Destroying online subsystem :Context_1
[2018.12.17-17.39.41:127][ 42]LogAssetEditorManager: Opening Asset editor for Class /Script/PairProject.BaseCharacter
[2018.12.17-17.40.12:797][967]LogSlate: Window 'PairProject - Unreal Editor' being destroyed
[2018.12.17-17.40.12:798][967]LogWindowsTextInputMethodSystem: Display: IME system now deactivated.
[2018.12.17-17.40.12:963][968]Cmd: QUIT_EDITOR
[2018.12.17-17.40.13:634][968]LogExit: Preparing to exit.
[2018.12.17-17.40.14:589][968]LogExit: Editor shut down
[2018.12.17-17.40.14:590][968]LogExit: Transaction tracking system shut down
