Log file open, 01/06/19 18:39:29
LogWindows: Failed to load 'aqProf.dll' (GetLastError=126)
LogWindows: File 'aqProf.dll' does not exist
LogWindows: Failed to load 'VSPerf140.dll' (GetLastError=126)
LogWindows: File 'VSPerf140.dll' does not exist
LogWindows: Failed to load 'VtuneApi.dll' (GetLastError=126)
LogWindows: File 'VtuneApi.dll' does not exist
LogWindows: Failed to load 'VtuneApi32e.dll' (GetLastError=126)
LogWindows: File 'VtuneApi32e.dll' does not exist
LogInit: Display: Running engine for game: PairProject
LogPlatformFile: Not using cached read wrapper
LogTaskGraph: Started task graph with 5 named threads and 14 total threads with 3 sets of task threads.
LogStats: Stats thread started at 0.393427
LogD3D11RHI: Loaded GFSDK_Aftermath_Lib.x64.dll
LogICUInternationalization: Display: ICU TimeZone Detection - Raw Offset: +0:00, Platform Override: ''
LogPluginManager: Mounting plugin Paper2D
LogPluginManager: Mounting plugin AISupport
LogPluginManager: Mounting plugin LightPropagationVolume
LogPluginManager: Mounting plugin CLionSourceCodeAccess
LogPluginManager: Mounting plugin CodeLiteSourceCodeAccess
LogPluginManager: Mounting plugin GitSourceControl
LogPluginManager: Mounting plugin KDevelopSourceCodeAccess
LogPluginManager: Mounting plugin NullSourceCodeAccess
LogPluginManager: Mounting plugin PerforceSourceControl
LogPluginManager: Mounting plugin SubversionSourceControl
LogPluginManager: Mounting plugin UObjectPlugin
LogPluginManager: Mounting plugin VisualStudioCodeSourceCodeAccess
LogPluginManager: Mounting plugin VisualStudioSourceCodeAccess
LogPluginManager: Mounting plugin XCodeSourceCodeAccess
LogPluginManager: Mounting plugin AssetManagerEditor
LogPluginManager: Mounting plugin CryptoKeys
LogPluginManager: Mounting plugin DataValidation
LogPluginManager: Mounting plugin FacialAnimation
LogPluginManager: Mounting plugin GameplayTagsEditor
LogPluginManager: Mounting plugin MacGraphicsSwitching
LogPluginManager: Mounting plugin MeshEditor
LogPluginManager: Mounting plugin MobileLauncherProfileWizard
LogPluginManager: Mounting plugin PluginBrowser
LogPluginManager: Mounting plugin SpeedTreeImporter
LogPluginManager: Mounting plugin DatasmithContent
LogPluginManager: Mounting plugin AlembicImporter
LogPluginManager: Mounting plugin AppleImageUtils
LogPluginManager: Mounting plugin AppleVision
LogPluginManager: Mounting plugin BackChannel
LogPluginManager: Mounting plugin CharacterAI
LogPluginManager: Mounting plugin GeometryCache
LogPluginManager: Mounting plugin HTML5Networking
LogPluginManager: Mounting plugin ProxyLODPlugin
LogPluginManager: Mounting plugin MagicLeap
LogPluginManager: Mounting plugin MagicLeapEmulator
LogPluginManager: Mounting plugin MagicLeapMedia
LogPluginManager: Mounting plugin AndroidMedia
LogPluginManager: Mounting plugin AvfMedia
LogPluginManager: Mounting plugin ImgMedia
LogPluginManager: Mounting plugin LinearTimecode
LogPluginManager: Mounting plugin MediaCompositing
LogPluginManager: Mounting plugin MediaPlayerEditor
LogPluginManager: Mounting plugin WmfMedia
LogPluginManager: Mounting plugin TcpMessaging
LogPluginManager: Mounting plugin UdpMessaging
LogPluginManager: Mounting plugin ActorSequence
LogPluginManager: Mounting plugin LevelSequenceEditor
LogPluginManager: Mounting plugin MatineeToLevelSequence
LogPluginManager: Mounting plugin NetcodeUnitTest
LogPluginManager: Mounting plugin NUTUnrealEngine4
LogPluginManager: Mounting plugin OnlineSubsystemGooglePlay
LogPluginManager: Mounting plugin OnlineSubsystemIOS
LogPluginManager: Mounting plugin OnlineSubsystem
LogPluginManager: Mounting plugin OnlineSubsystemNull
LogPluginManager: Mounting plugin OnlineSubsystemUtils
LogPluginManager: Mounting plugin LauncherChunkInstaller
LogPluginManager: Mounting plugin AndroidDeviceProfileSelector
LogPluginManager: Mounting plugin AndroidMoviePlayer
LogPluginManager: Mounting plugin AndroidPermission
LogPluginManager: Mounting plugin ApexDestruction
LogPluginManager: Mounting plugin AppleMoviePlayer
LogPluginManager: Mounting plugin ArchVisCharacter
LogPluginManager: Mounting plugin AudioCapture
LogPluginManager: Mounting plugin CableComponent
LogPluginManager: Mounting plugin CustomMeshComponent
LogPluginManager: Mounting plugin EditableMesh
LogPluginManager: Mounting plugin ExampleDeviceProfileSelector
LogPluginManager: Mounting plugin GoogleCloudMessaging
LogPluginManager: Mounting plugin ImmediatePhysics
LogPluginManager: Mounting plugin IOSDeviceProfileSelector
LogPluginManager: Mounting plugin LinuxDeviceProfileSelector
LogPluginManager: Mounting plugin LocationServicesBPLibrary
LogPluginManager: Mounting plugin MobilePatchingUtils
LogPluginManager: Mounting plugin OculusVR
LogPluginManager: Plugin shader directory ../../../Engine/Plugins/Runtime/Oculus/OculusVR/Shaders found
LogPluginManager: Mapping shader source directory ../../../Engine/Plugins/Runtime/Oculus/OculusVR/Shaders to virtual directory /Plugin/OculusVR
LogPluginManager: Mounting plugin PhysXVehicles
LogPluginManager: Mounting plugin ProceduralMeshComponent
LogPluginManager: Mounting plugin RuntimePhysXCooking
LogPluginManager: Mounting plugin SteamVR
LogPluginManager: Mounting plugin WindowsMoviePlayer
LogStreaming: Display: Took  0.296s to configure plugins.
LogInit: Using libcurl 7.55.1-DEV
LogInit:  - built for x86_64-pc-win32
LogInit:  - supports SSL with OpenSSL/1.0.2h
LogInit:  - supports HTTP deflate (compression) using libz 1.2.8
LogInit:  - other features:
LogInit:      CURL_VERSION_SSL
LogInit:      CURL_VERSION_LIBZ
LogInit:      CURL_VERSION_IPV6
LogInit:      CURL_VERSION_ASYNCHDNS
LogInit:      CURL_VERSION_LARGEFILE
LogInit:      CURL_VERSION_IDN
LogInit:  CurlRequestOptions (configurable via config and command line):
LogInit:  - bVerifyPeer = false  - Libcurl will NOT verify peer certificate
LogInit:  - bUseHttpProxy = false  - Libcurl will NOT use HTTP proxy
LogInit:  - bDontReuseConnections = false  - Libcurl will reuse connections
LogInit:  - CertBundlePath = nullptr  - Libcurl will use whatever was configured at build time.
LogInit:  - MaxHostConnections = 16  - Libcurl will limit the number of connections to a host
LogInit:  - LocalHostAddr = Default
LogInit:  - BufferSize = 65536
LogInit: WinSock: version 1.1 (2.2), MaxSocks=32767, MaxUdp=65467
LogInit: Build: ++UE4+Release-4.20-CL-4369336
LogInit: Engine Version: 4.20.3-4369336+++UE4+Release-4.20
LogInit: Compatible Engine Version: 4.20.0-4212847+++UE4+Release-4.20
LogInit: Net CL: 4212847
LogInit: OS: Windows 10 (), CPU: Intel(R) Xeon(R) CPU E5-1607 v3 @ 3.10GHz, GPU: NVIDIA GeForce GTX 970
LogInit: Compiled (64-bit): Sep 17 2018 12:26:19
LogInit: Compiled with Visual C++: 19.13.26129.00
LogInit: Build Configuration: Development
LogInit: Branch Name: ++UE4+Release-4.20
LogInit: Command Line:  -skipcompile
LogInit: Base Directory: C:/Epic/UE4/UE_4.20/Engine/Binaries/Win64/
LogInit: Installed Engine Build: 1
LogDevObjectVersion: Number of dev versions registered: 20
LogDevObjectVersion:   Dev-Blueprints (B0D832E4-1F89-4F0D-ACCF-7EB736FD4AA2): 10
LogDevObjectVersion:   Dev-Build (E1C64328-A22C-4D53-A36C-8E866417BD8C): 0
LogDevObjectVersion:   Dev-Core (375EC13C-06E4-48FB-B500-84F0262A717E): 2
LogDevObjectVersion:   Dev-Editor (E4B068ED-F494-42E9-A231-DA0B2E46BB41): 24
LogDevObjectVersion:   Dev-Framework (CFFC743F-43B0-4480-9391-14DF171D2073): 34
LogDevObjectVersion:   Dev-Mobile (B02B49B5-BB20-44E9-A304-32B752E40360): 2
LogDevObjectVersion:   Dev-Networking (A4E4105C-59A1-49B5-A7C5-40C4547EDFEE): 0
LogDevObjectVersion:   Dev-Online (39C831C9-5AE6-47DC-9A44-9C173E1C8E7C): 0
LogDevObjectVersion:   Dev-Physics (78F01B33-EBEA-4F98-B9B4-84EACCB95AA2): 0
LogDevObjectVersion:   Dev-Platform (6631380F-2D4D-43E0-8009-CF276956A95A): 0
LogDevObjectVersion:   Dev-Rendering (12F88B9F-8875-4AFC-A67C-D90C383ABD29): 26
LogDevObjectVersion:   Dev-Sequencer (7B5AE74C-D270-4C10-A958-57980B212A5A): 9
LogDevObjectVersion:   Dev-VR (D7296918-1DD6-4BDD-9DE2-64A83CC13884): 2
LogDevObjectVersion:   Dev-LoadTimes (C2A15278-BFE7-4AFE-6C17-90FF531DF755): 1
LogDevObjectVersion:   Private-Geometry (6EACA3D4-40EC-4CC1-B786-8BED09428FC5): 3
LogDevObjectVersion:   Dev-AnimPhys (29E575DD-E0A3-4627-9D10-D276232CDCEA): 17
LogDevObjectVersion:   Dev-ReflectionCapture (6B266CEC-1EC7-4B8F-A30B-E4D90942FC07): 1
LogDevObjectVersion:   Dev-Automation (0DF73D61-A23F-47EA-B727-89E90C41499A): 1
LogDevObjectVersion:   FortniteMain (601D1886-AC64-4F84-AA16-D3DE0DEAC7D6): 12
LogDevObjectVersion:   Dev-Enterprise (9DFFBCD6-494F-0158-E221-12823C92A888): 1
LogStreaming: Display: Took  0.008s to delete old logs.
LogInit: Presizing for max 8388607 objects, including 0 objects not considered by GC, pre-allocating 0 bytes for permanent pool.
LogInit: Object subsystem initialized
[2019.01.06-18.39.30:037][  0]LogInit: Selected Device Profile: [Windows]
[2019.01.06-18.39.30:037][  0]LogInit: Applying CVar settings loaded from the selected device profile: [Windows]
[2019.01.06-18.39.30:061][  0]LogHAL: Display: Platform has ~ 16 GB [17092071424 / 17179869184 / 16], which maps to Larger [LargestMinGB=32, LargerMinGB=12, DefaultMinGB=8, SmallerMinGB=6, SmallestMinGB=0)
[2019.01.06-18.39.30:061][  0]LogInit: Setting Device Profile CVar: [[r.Vulkan.UseRealUBs:1]]
[2019.01.06-18.39.30:061][  0]LogInit: Going up to parent DeviceProfile []
[2019.01.06-18.39.30:062][  0]LogInit: Computer: S500-15
[2019.01.06-18.39.30:062][  0]LogInit: User: c013767h
[2019.01.06-18.39.30:062][  0]LogInit: CPU Page size=4096, Cores=4
[2019.01.06-18.39.30:062][  0]LogInit: High frequency timer resolution =3.020347 MHz
[2019.01.06-18.39.30:062][  0]LogMemory: Memory total: Physical=15.9GB (16GB approx)
[2019.01.06-18.39.30:062][  0]LogMemory: Platform Memory Stats for Windows
[2019.01.06-18.39.30:062][  0]LogMemory: Process Physical Memory: 101.07 MB used, 101.07 MB peak
[2019.01.06-18.39.30:063][  0]LogMemory: Process Virtual Memory: 98.85 MB used, 98.85 MB peak
[2019.01.06-18.39.30:063][  0]LogMemory: Physical Memory: 6925.65 MB used,  9374.62 MB free, 16300.27 MB total
[2019.01.06-18.39.30:063][  0]LogMemory: Virtual Memory: 4635.11 MB used,  9374.62 MB free, 134217728.00 MB total
[2019.01.06-18.39.30:203][  0]LogInit: Using OS detected language (en-US).
[2019.01.06-18.39.30:203][  0]LogInit: Using OS detected locale (en-GB).
[2019.01.06-18.39.30:205][  0]LogTextLocalizationManager: No specific localization for 'en-US' exists, so the 'en' localization will be used.
[2019.01.06-18.39.30:676][  0]LogStreaming: Display: Took  0.473s to InitEngineTextLocalization.
[2019.01.06-18.39.30:677][  0]LogInit: Setting process to per monitor DPI aware
[2019.01.06-18.39.30:783][  0]LogSlate: New Slate User Created.  User Index 0, Is Virtual User: 0
[2019.01.06-18.39.30:783][  0]LogSlate: Slate User Registered.  User Index 0, Is Virtual User: 0
[2019.01.06-18.39.33:593][  0]LogHMD: Failed to initialize OpenVR with code 126
[2019.01.06-18.39.33:593][  0]LogD3D11RHI: D3D11 adapters:
[2019.01.06-18.39.33:686][  0]LogD3D11RHI:    0. 'NVIDIA GeForce GTX 970' (Feature Level 11_0)
[2019.01.06-18.39.33:686][  0]LogD3D11RHI:       4043/0/8150 MB DedicatedVideo/DedicatedSystem/SharedSystem, Outputs:2, VendorId:0x10de
[2019.01.06-18.39.33:692][  0]LogD3D11RHI:    1. 'Microsoft Basic Render Driver' (Feature Level 11_0)
[2019.01.06-18.39.33:692][  0]LogD3D11RHI:       0/0/8150 MB DedicatedVideo/DedicatedSystem/SharedSystem, Outputs:0, VendorId:0x1414
[2019.01.06-18.39.33:692][  0]LogD3D11RHI: Chosen D3D11 Adapter: 0
[2019.01.06-18.39.33:704][  0]LogD3D11RHI: Creating new Direct3DDevice
[2019.01.06-18.39.33:704][  0]LogD3D11RHI:     GPU DeviceId: 0x13c2 (for the marketing name, search the web for "GPU Device Id")
[2019.01.06-18.39.33:704][  0]LogWindows: EnumDisplayDevices:
[2019.01.06-18.39.33:704][  0]LogWindows:    0. 'NVIDIA GeForce GTX 970' (P:1 D:1)
[2019.01.06-18.39.33:705][  0]LogWindows:    1. 'NVIDIA GeForce GTX 970' (P:0 D:1)
[2019.01.06-18.39.33:705][  0]LogWindows:    2. 'NVIDIA GeForce GTX 970' (P:0 D:0)
[2019.01.06-18.39.33:706][  0]LogWindows:    3. 'NVIDIA GeForce GTX 970' (P:0 D:0)
[2019.01.06-18.39.33:706][  0]LogWindows: DebugString: FoundDriverCount:4 
[2019.01.06-18.39.33:706][  0]LogD3D11RHI:     Adapter Name: NVIDIA GeForce GTX 970
[2019.01.06-18.39.33:706][  0]LogD3D11RHI:   Driver Version: 399.24 (internal:24.21.13.9924, unified:399.24)
[2019.01.06-18.39.33:706][  0]LogD3D11RHI:      Driver Date: 9-5-2018
[2019.01.06-18.39.33:706][  0]LogRHI: Texture pool is 2830 MB (70% of 4043 MB)
[2019.01.06-18.39.33:761][  0]LogD3D11RHI: Async texture creation enabled
[2019.01.06-18.39.33:780][  0]LogD3D11RHI: GPU Timing Frequency: 1000.000000 (Debug: 2 2)
[2019.01.06-18.39.33:866][  0]LogShaderCompilers: Guid format shader working directory is -24 characters bigger than the processId version (E:/Staffs Uni/Level 5/Technical Games Production/Pair/TGPPairProject/PairProject/Intermediate/Shaders/WorkingDirectory/10472/).
[2019.01.06-18.39.33:867][  0]LogShaderCompilers: Cleaned the shader compiler working directory 'C:/Users/c013767h.STUDENT/AppData/Local/Temp/UnrealShaderWorkingDir/2AB4A54442ECAB3B924942B61464675E/'.
[2019.01.06-18.39.34:240][  0]LogTemp: Display: Loaded TP AllDesktopTargetPlatform
[2019.01.06-18.39.34:261][  0]LogTemp: Display: Loaded TP MacClientTargetPlatform
[2019.01.06-18.39.34:283][  0]LogTemp: Display: Loaded TP MacNoEditorTargetPlatform
[2019.01.06-18.39.34:304][  0]LogTemp: Display: Loaded TP MacServerTargetPlatform
[2019.01.06-18.39.34:331][  0]LogTemp: Display: Loaded TP MacTargetPlatform
[2019.01.06-18.39.34:353][  0]LogTemp: Display: Loaded TP WindowsClientTargetPlatform
[2019.01.06-18.39.34:374][  0]LogTemp: Display: Loaded TP WindowsNoEditorTargetPlatform
[2019.01.06-18.39.34:395][  0]LogTemp: Display: Loaded TP WindowsServerTargetPlatform
[2019.01.06-18.39.34:407][  0]LogTemp: Display: Loaded TP WindowsTargetPlatform
[2019.01.06-18.39.34:516][  0]LogTemp: Display: Loaded TP AndroidTargetPlatform
[2019.01.06-18.39.34:516][  0]LogTemp: Display: Loaded TP AndroidTargetPlatform
[2019.01.06-18.39.34:516][  0]LogTemp: Display: Loaded TP AndroidTargetPlatform
[2019.01.06-18.39.34:516][  0]LogTemp: Display: Loaded TP AndroidTargetPlatform
[2019.01.06-18.39.34:516][  0]LogTemp: Display: Loaded TP AndroidTargetPlatform
[2019.01.06-18.39.34:516][  0]LogTemp: Display: Loaded TP AndroidTargetPlatform
[2019.01.06-18.39.34:516][  0]LogTemp: Display: Loaded TP AndroidTargetPlatform
[2019.01.06-18.39.34:517][  0]LogTemp: Display: Loaded TP AndroidTargetPlatform
[2019.01.06-18.39.34:517][  0]LogTemp: Display: Loaded TP AndroidTargetPlatform
[2019.01.06-18.39.34:517][  0]LogTemp: Display: Loaded TP AndroidTargetPlatform
[2019.01.06-18.39.34:517][  0]LogTemp: Display: Loaded TP AndroidTargetPlatform
[2019.01.06-18.39.34:517][  0]LogTemp: Display: Loaded TP AndroidTargetPlatform
[2019.01.06-18.39.34:517][  0]LogTemp: Display: Loaded TP AndroidTargetPlatform
[2019.01.06-18.39.34:517][  0]LogTemp: Display: Loaded TP AndroidTargetPlatform
[2019.01.06-18.39.34:517][  0]LogTemp: Display: Loaded TP AndroidTargetPlatform
[2019.01.06-18.39.34:517][  0]LogTemp: Display: Loaded TP AndroidTargetPlatform
[2019.01.06-18.39.34:517][  0]LogTemp: Display: Loaded TP AndroidTargetPlatform
[2019.01.06-18.39.34:517][  0]LogTemp: Display: Loaded TP AndroidTargetPlatform
[2019.01.06-18.39.34:522][  0]LogTemp: Display: Loaded TP HTML5TargetPlatform
[2019.01.06-18.39.34:607][  0]LogTemp: Display: Loaded TP IOSTargetPlatform
[2019.01.06-18.39.34:607][  0]LogTemp: Display: Loaded TP IOSTargetPlatform
[2019.01.06-18.39.34:638][  0]LogTemp: Display: Loaded TP TVOSTargetPlatform
[2019.01.06-18.39.34:638][  0]LogTemp: Display: Loaded TP TVOSTargetPlatform
[2019.01.06-18.39.34:656][  0]LogTemp: Display: Loaded TP LinuxClientTargetPlatform
[2019.01.06-18.39.34:674][  0]LogTemp: Display: Loaded TP LinuxNoEditorTargetPlatform
[2019.01.06-18.39.34:693][  0]LogTemp: Display: Loaded TP LinuxServerTargetPlatform
[2019.01.06-18.39.34:720][  0]LogTemp: Display: Loaded TP LinuxTargetPlatform
[2019.01.06-18.39.34:734][  0]LogTemp: Display: Loaded TP LuminTargetPlatform
[2019.01.06-18.39.34:734][  0]LogTargetPlatformManager: Display: Building Assets For Windows
[2019.01.06-18.39.34:919][  0]LogXGEController: Cleaning working directory: C:/Users/c013767h.STUDENT/AppData/Local/Temp/UnrealXGEWorkingDir/
[2019.01.06-18.39.34:920][  0]LogXGEController: Cannot use XGE Controller as Incredibuild is not installed on this machine.
[2019.01.06-18.39.34:920][  0]LogShaderCompilers: Cannot use XGE Shader Compiler as Incredibuild is not installed on this machine.
[2019.01.06-18.39.34:920][  0]LogShaderCompilers: Display: Using Local Shader Compiler.
[2019.01.06-18.39.37:089][  0]LogDerivedDataCache: Display: Max Cache Size: 512 MB
[2019.01.06-18.39.37:371][  0]LogDerivedDataCache: Loaded boot cache 0.28s 71MB C:/Users/c013767h.STUDENT/AppData/Local/UnrealEngine/4.20/DerivedDataCache/Boot.ddc.
[2019.01.06-18.39.37:373][  0]LogDerivedDataCache: Display: Loaded Boot cache: C:/Users/c013767h.STUDENT/AppData/Local/UnrealEngine/4.20/DerivedDataCache/Boot.ddc
[2019.01.06-18.39.37:373][  0]LogDerivedDataCache: FDerivedDataBackendGraph:  Pak pak cache file E:/Staffs Uni/Level 5/Technical Games Production/Pair/TGPPairProject/PairProject/DerivedDataCache/DDC.ddp not found, will not use a pak cache.
[2019.01.06-18.39.37:373][  0]LogDerivedDataCache: Unable to find inner node Pak for hierarchical cache Hierarchy.
[2019.01.06-18.39.37:373][  0]LogDerivedDataCache: FDerivedDataBackendGraph:  CompressedPak pak cache file E:/Staffs Uni/Level 5/Technical Games Production/Pair/TGPPairProject/PairProject/DerivedDataCache/Compressed.ddp not found, will not use a pak cache.
[2019.01.06-18.39.37:373][  0]LogDerivedDataCache: Unable to find inner node CompressedPak for hierarchical cache Hierarchy.
[2019.01.06-18.39.37:388][  0]LogDerivedDataCache: Display: Pak cache opened for reading ../../../Engine/DerivedDataCache/Compressed.ddp.
[2019.01.06-18.39.37:402][  0]LogDerivedDataCache: Using Local data cache path C:/Users/c013767h.STUDENT/AppData/Local/UnrealEngine/Common/DerivedDataCache: Writable
[2019.01.06-18.39.37:402][  0]LogDerivedDataCache: Shared data cache path not found in *engine.ini, will not use an Shared cache.
[2019.01.06-18.39.37:402][  0]LogDerivedDataCache: Unable to find inner node Shared for hierarchical cache Hierarchy.
[2019.01.06-18.39.37:427][  0]LogMaterial: Verifying Global Shaders for PCD3D_SM5
[2019.01.06-18.39.37:428][  0]LogSlate: Using FreeType 2.6.0
[2019.01.06-18.39.37:445][  0]LogSlate: SlateFontServices - WITH_FREETYPE: 1, WITH_HARFBUZZ: 1
[2019.01.06-18.39.37:771][  0]LogAssetRegistry: FAssetRegistry took 0.0297 seconds to start up
[2019.01.06-18.39.38:173][  0]LogInit: Selected Device Profile: [Windows]
[2019.01.06-18.39.38:378][  0]LogSimplygon: Simplygon DLL not present - disabling.
[2019.01.06-18.39.38:389][  0]LogMeshReduction: Using SimplygonSwarm for distributed automatic mesh merging
[2019.01.06-18.39.38:389][  0]LogMeshReduction: Using ProxyLODMeshReduction for automatic mesh merging
[2019.01.06-18.39.38:389][  0]LogMeshReduction: Using QuadricMeshReduction for automatic static mesh reduction
[2019.01.06-18.39.38:389][  0]LogMeshReduction: No automatic skeletal mesh reduction module available
[2019.01.06-18.39.38:411][  0]LogNetVersion: PairProject 1.0.0, NetCL: 4212847, EngineNetVer: 5, GameNetVer: 0 (Checksum: 2248716754)
[2019.01.06-18.39.39:604][  0]LogPackageLocalizationCache: Processed 11 localized package path(s) for 2 prioritized culture(s) in 0.662440 seconds
[2019.01.06-18.39.39:613][  0]LogUObjectArray: 38425 objects as part of root set at end of initial load.
[2019.01.06-18.39.39:613][  0]LogUObjectAllocator: 6690872 out of 0 bytes used by permanent object pool.
[2019.01.06-18.39.39:613][  0]LogUObjectArray: CloseDisregardForGC: 0/0 objects in disregard for GC pool
[2019.01.06-18.39.43:235][  0]LogTcpMessaging: Initializing TcpMessaging bridge
[2019.01.06-18.39.43:252][  0]LogUdpMessaging: Initializing bridge on interface 0.0.0.0:0 to multicast group 230.0.0.1:6666.
[2019.01.06-18.39.43:609][  0]SourceControl: Source control is disabled
[2019.01.06-18.39.43:609][  0]SourceControl: Source control is disabled
[2019.01.06-18.39.43:613][  0]SourceControl: Source control is disabled
[2019.01.06-18.39.43:617][  0]SourceControl: Source control is disabled
[2019.01.06-18.39.44:027][  0]LogAndroidPermission: UAndroidPermissionCallbackProxy::GetInstance
[2019.01.06-18.39.44:134][  0]LogOcInput: OculusInput pre-init called
[2019.01.06-18.39.44:226][  0]LogEngine: Initializing Engine...
[2019.01.06-18.39.44:267][  0]LogHMD: Failed to initialize OpenVR with code 126
[2019.01.06-18.39.44:269][  0]LogStats: UGameplayTagsManager::ConstructGameplayTagTree: ImportINI prefixes -  0.000 s
[2019.01.06-18.39.44:269][  0]LogStats: UGameplayTagsManager::ConstructGameplayTagTree: Construct from data asset -  0.000 s
[2019.01.06-18.39.44:269][  0]LogStats: UGameplayTagsManager::ConstructGameplayTagTree: ImportINI -  0.000 s
[2019.01.06-18.39.44:269][  0]LogStats: UGameplayTagsManager::ConstructGameplayTagTree: GameplayTagTreeChangedEvent.Broadcast -  0.000 s
[2019.01.06-18.39.44:520][  0]LogInit: Initializing FReadOnlyCVARCache
[2019.01.06-18.39.44:548][  0]LogAIModule: Creating AISystem for world Untitled
[2019.01.06-18.39.44:569][  0]LogInit: XAudio2 using 'Speakers (Realtek High Definition Audio)' : 2 channels at 48 kHz using 32 bits per sample (channel mask 0x3)
[2019.01.06-18.39.44:721][  0]LogInit: FAudioDevice initialized.
[2019.01.06-18.39.44:721][  0]LogNetVersion: Set ProjectVersion to 1.0.0.0. Version Checksum will be recalculated on next use.
[2019.01.06-18.39.44:865][  0]LogDerivedDataCache: Saved boot cache 0.14s 71MB C:/Users/c013767h.STUDENT/AppData/Local/UnrealEngine/4.20/DerivedDataCache/Boot.ddc.
[2019.01.06-18.39.44:870][  0]LogInit: Texture streaming: Enabled
[2019.01.06-18.39.44:913][  0]LogEngineSessionManager: EngineSessionManager initialized
[2019.01.06-18.39.44:935][  0]LogInit: Transaction tracking system initialized
[2019.01.06-18.39.45:006][  0]BlueprintLog: New page: Editor Load
[2019.01.06-18.39.45:286][  0]LocalizationService: Localization service is disabled
[2019.01.06-18.39.45:715][  0]LogCook: Display: Max memory allowance for cook 16384mb min free memory 0mb
[2019.01.06-18.39.45:715][  0]LogCook: Display: Mobile HDR setting 1
[2019.01.06-18.39.45:715][  0]LogGameplayTags: Display: UGameplayTagsManager::DoneAddingNativeTags. DelegateIsBound: 0
[2019.01.06-18.39.45:716][  0]LogStats: UGameplayTagsManager::ConstructGameplayTagTree: ImportINI prefixes -  0.000 s
[2019.01.06-18.39.45:716][  0]LogStats: UGameplayTagsManager::ConstructGameplayTagTree: Construct from data asset -  0.000 s
[2019.01.06-18.39.45:716][  0]LogStats: UGameplayTagsManager::ConstructGameplayTagTree: ImportINI -  0.000 s
[2019.01.06-18.39.45:716][  0]LogStats: UGameplayTagsManager::ConstructGameplayTagTree: GameplayTagTreeChangedEvent.Broadcast -  0.000 s
[2019.01.06-18.39.46:026][  0]LogFileCache: Scanning file cache for directory 'E:/Staffs Uni/Level 5/Technical Games Production/Pair/TGPPairProject/PairProject/Content/' took 0.04s
[2019.01.06-18.39.46:041][  0]SourceControl: Source control is disabled
[2019.01.06-18.39.46:041][  0]Cmd: MAP LOAD FILE="E:/Staffs Uni/Level 5/Technical Games Production/Pair/TGPPairProject/PairProject/Content/Scenes/StartScreen.umap" TEMPLATE=0 SHOWPROGRESS=1 FEATURELEVEL=3
[2019.01.06-18.39.46:042][  0]LightingResults: New page: Lighting Build
[2019.01.06-18.39.46:048][  0]MapCheck: New page: Map Check
[2019.01.06-18.39.46:048][  0]LightingResults: New page: Lighting Build
[2019.01.06-18.39.46:072][  0]LogLinker: Warning: Can't find file '/Game/Scenes/StartScreen_BuiltData'
[2019.01.06-18.39.46:073][  0]LogLinker: Warning: Can't find file for asset '/Game/Scenes/StartScreen_BuiltData' while loading E:/Staffs Uni/Level 5/Technical Games Production/Pair/TGPPairProject/PairProject/Content/Scenes/StartScreen.umap.
[2019.01.06-18.39.46:073][  0]LoadErrors: Error: /Game/Scenes/StartScreen : Can't find file for asset. /Game/Scenes/StartScreen_BuiltData
[2019.01.06-18.39.46:073][  0]LogLinker: Warning: Can't find file '/Game/Scenes/StartScreen_BuiltData'
[2019.01.06-18.39.46:073][  0]LogLinker: Warning: Can't find file for asset '/Game/Scenes/StartScreen_BuiltData' while loading E:/Staffs Uni/Level 5/Technical Games Production/Pair/TGPPairProject/PairProject/Content/Scenes/StartScreen.umap.
[2019.01.06-18.39.46:073][  0]LoadErrors: Error: /Game/Scenes/StartScreen : Can't find file for asset. /Game/Scenes/StartScreen_BuiltData
[2019.01.06-18.39.46:118][  0]LogLinker: Warning: Can't find file '/Game/Scenes/StartScreen_BuiltData'
[2019.01.06-18.39.46:118][  0]LogLinker: Warning: Can't find file for asset '/Game/Scenes/StartScreen_BuiltData' while loading NULL.
[2019.01.06-18.39.46:118][  0]LogLinker: Warning: Can't find file '/Game/Scenes/StartScreen_BuiltData'
[2019.01.06-18.39.46:119][  0]LogLinker: Warning: Can't find file for asset '/Game/Scenes/StartScreen_BuiltData' while loading NULL.
[2019.01.06-18.39.46:123][  0]LogLinker: Warning: Can't find file '/Game/Scenes/StartScreen_BuiltData'
[2019.01.06-18.39.46:123][  0]LoadErrors: Failed to load /Game/Scenes/StartScreen_BuiltData.StartScreen_BuiltData Referenced by PersistentLevel
[2019.01.06-18.39.46:123][  0]LogLinker: Warning: Can't find file for asset '/Game/Scenes/StartScreen_BuiltData' while loading NULL.
[2019.01.06-18.39.46:123][  0]LoadErrors: Failed to load /Game/Scenes/StartScreen_BuiltData.StartScreen_BuiltData Referenced by PersistentLevel
[2019.01.06-18.39.46:172][  0]LogAIModule: Creating AISystem for world StartScreen
[2019.01.06-18.39.46:174][  0]LogEditorServer: Finished looking for orphan Actors (0.000 secs)
[2019.01.06-18.39.46:199][  0]Cmd: MAP CHECKDEP NOCLEARLOG
[2019.01.06-18.39.46:415][  0]MapCheck: Map check complete: 0 Error(s), 0 Warning(s), took 215.073ms to complete.
[2019.01.06-18.39.46:416][  0]LogFileHelpers: Loading map 'StartScreen' took 0.374
[2019.01.06-18.39.46:581][  0]LogSlate: Updating window title bar state: overlay mode, drag disabled, window buttons hidden, title bar hidden
[2019.01.06-18.39.46:590][  0]LogSlate: Updating window title bar state: overlay mode, drag disabled, window buttons hidden, title bar hidden
[2019.01.06-18.39.46:599][  0]LogSlate: Updating window title bar state: overlay mode, drag disabled, window buttons hidden, title bar hidden
[2019.01.06-18.39.46:607][  0]LogSlate: Updating window title bar state: overlay mode, drag disabled, window buttons hidden, title bar hidden
[2019.01.06-18.39.46:627][  0]LogCollectionManager: Loaded 0 collections in 0.004186 seconds
[2019.01.06-18.39.46:683][  0]LogFileCache: Scanning file cache for directory 'E:/Staffs Uni/Level 5/Technical Games Production/Pair/TGPPairProject/PairProject/Saved/Collections/' took 0.01s
[2019.01.06-18.39.46:683][  0]LogFileCache: Scanning file cache for directory 'E:/Staffs Uni/Level 5/Technical Games Production/Pair/TGPPairProject/PairProject/Content/Developers/c013767h/Collections/' took 0.01s
[2019.01.06-18.39.46:683][  0]LogFileCache: Scanning file cache for directory 'E:/Staffs Uni/Level 5/Technical Games Production/Pair/TGPPairProject/PairProject/Content/Collections/' took 0.01s
[2019.01.06-18.39.46:683][  0]LogCollectionManager: Rebuilt the GUID cache for 0 collections in 0.000000 seconds
[2019.01.06-18.39.46:695][  0]LogContentBrowser: Native class hierarchy populated in 0.0109 seconds. Added 2596 classes and 611 folders.
[2019.01.06-18.39.46:707][  0]LogContentBrowser: Native class hierarchy updated for 'WidgetCarousel' in 0.0004 seconds. Added 0 classes and 0 folders.
[2019.01.06-18.39.46:941][  0]LogContentBrowser: Native class hierarchy updated for 'AddContentDialog' in 0.0004 seconds. Added 0 classes and 0 folders.
[2019.01.06-18.39.46:951][  0]LogContentBrowser: Native class hierarchy updated for 'SceneOutliner' in 0.0004 seconds. Added 1 classes and 2 folders.
[2019.01.06-18.39.47:027][  0]LogSlate: Took 0.000409 seconds to synchronously load lazily loaded font '../../../Engine/Content/Slate/Fonts/Roboto-Regular.ttf' (155K)
[2019.01.06-18.39.47:029][  0]LogSlate: Took 0.000248 seconds to synchronously load lazily loaded font '../../../Engine/Content/Slate/Fonts/Roboto-Bold.ttf' (160K)
[2019.01.06-18.39.47:044][  0]LogSlate: Took 0.008548 seconds to synchronously load lazily loaded font '../../../Engine/Content/Editor/Slate/Fonts/FontAwesome.ttf' (139K)
[2019.01.06-18.39.47:175][  0]LogRenderer: Reallocating scene render targets to support 1208x576 Format 10 NumSamples 1 (Frame:1).
[2019.01.06-18.39.47:325][  0]LogContentBrowser: Native class hierarchy updated for 'HierarchicalLODOutliner' in 0.0004 seconds. Added 0 classes and 0 folders.
[2019.01.06-18.39.47:325][  0]LogLoad: (Engine Initialization) Total time: 21.24 seconds
[2019.01.06-18.39.47:325][  0]LogLoad: (Engine Initialization) Total Blueprint compile time: 0.00 seconds
[2019.01.06-18.39.47:336][  0]LogWindowsTextInputMethodSystem: Display: IME system now deactivated.
[2019.01.06-18.39.47:356][  0]LogContentStreaming: Texture pool size now 1000 MB
[2019.01.06-18.39.47:365][  0]LogSlate: FSceneViewport::OnFocusLost() reason 2
[2019.01.06-18.39.47:412][  0]LogSlate: Took 0.000292 seconds to synchronously load lazily loaded font '../../../Engine/Content/Slate/Fonts/Roboto-Light.ttf' (167K)
[2019.01.06-18.39.47:511][  2]LogAssetRegistry: Asset discovery search completed in 9.7646 seconds
[2019.01.06-18.39.47:513][  2]LogCollectionManager: Rebuilt the object cache for 0 collections in 0.000000 seconds (found 0 objects)
[2019.01.06-18.39.47:513][  2]LogCollectionManager: Fixed up redirectors for 0 collections in 0.000130 seconds (updated 0 objects)
[2019.01.06-18.39.50:037][301]LogSlate: Window 'Message Log' being destroyed
[2019.01.06-18.39.50:040][301]LogSlate: Window 'Message Log' being destroyed
[2019.01.06-18.39.55:639][970]LogSlate: FSceneViewport::OnFocusLost() reason 0
[2019.01.06-18.40.05:973][207]LogSlate: Took 0.000285 seconds to synchronously load lazily loaded font '../../../Engine/Content/Slate/Fonts/Roboto-Light.ttf' (167K)
[2019.01.06-18.40.06:512][207]LogLinker: Warning: Can't find file '/Game/Scenes/CameraTestScene_BuiltData'
[2019.01.06-18.40.06:512][207]LogLinker: Warning: Can't find file for asset '/Game/Scenes/CameraTestScene_BuiltData' while loading E:/Staffs Uni/Level 5/Technical Games Production/Pair/TGPPairProject/PairProject/Content/Scenes/CameraTestScene.umap.
[2019.01.06-18.40.06:512][207]LoadErrors: Error: /Game/Scenes/CameraTestScene : Can't find file for asset. /Game/Scenes/CameraTestScene_BuiltData
[2019.01.06-18.40.06:532][207]LogLinker: Warning: Can't find file '/Game/Scenes/CameraTestScene_BuiltData'
[2019.01.06-18.40.06:532][207]LogLinker: Warning: Can't find file for asset '/Game/Scenes/CameraTestScene_BuiltData' while loading E:/Staffs Uni/Level 5/Technical Games Production/Pair/TGPPairProject/PairProject/Content/Scenes/CameraTestScene.umap.
[2019.01.06-18.40.06:573][207]LogLinker: Warning: Can't find file '/Game/Scenes/CameraTestScene_BuiltData'
[2019.01.06-18.40.06:574][207]LogLinker: Warning: Can't find file for asset '/Game/Scenes/CameraTestScene_BuiltData' while loading NULL.
[2019.01.06-18.40.06:574][207]LogLinker: Warning: Can't find file '/Game/Scenes/CameraTestScene_BuiltData'
[2019.01.06-18.40.06:574][207]LogLinker: Warning: Can't find file for asset '/Game/Scenes/CameraTestScene_BuiltData' while loading NULL.
[2019.01.06-18.40.06:709][207]LogLinker: Warning: Can't find file '/Game/Scenes/CameraTestScene_BuiltData'
[2019.01.06-18.40.06:711][207]LoadErrors: Failed to load /Game/Scenes/CameraTestScene_BuiltData.CameraTestScene_BuiltData Referenced by PersistentLevel
[2019.01.06-18.40.06:712][207]LogLinker: Warning: Can't find file for asset '/Game/Scenes/CameraTestScene_BuiltData' while loading NULL.
[2019.01.06-18.40.07:850][207]LogAIModule: Creating AISystem for world CameraTestScene
[2019.01.06-18.40.07:871][207]LogAssetEditorManager: Opening Asset editor for World /Game/Scenes/CameraTestScene.CameraTestScene
[2019.01.06-18.40.07:902][207]Cmd: MAP LOAD FILE="E:/Staffs Uni/Level 5/Technical Games Production/Pair/TGPPairProject/PairProject/Content/Scenes/CameraTestScene.umap" TEMPLATE=0 SHOWPROGRESS=1 FEATURELEVEL=3
[2019.01.06-18.40.07:903][207]LightingResults: New page: Lighting Build
[2019.01.06-18.40.07:903][207]LoadErrors: New page: Loading map: CameraTestScene.umap
[2019.01.06-18.40.07:904][207]MapCheck: New page: Map Check
[2019.01.06-18.40.07:904][207]LightingResults: New page: Lighting Build
[2019.01.06-18.40.08:055][207]LogEditorServer: Finished looking for orphan Actors (0.000 secs)
[2019.01.06-18.40.08:141][207]Cmd: MAP CHECKDEP NOCLEARLOG
[2019.01.06-18.40.08:394][207]MapCheck: Map check complete: 0 Error(s), 0 Warning(s), took 252.648ms to complete.
[2019.01.06-18.40.08:395][207]LogFileHelpers: Loading map 'CameraTestScene' took 0.493
[2019.01.06-18.40.40:887][ 69]LogSlate: FSceneViewport::OnFocusLost() reason 0
[2019.01.06-18.40.42:450][254]LogActor: Warning: MyBPBaseKeep_C /Engine/Transient.World_0:PersistentLevel.MyBPBaseKeep_C_0 has natively added scene component(s), but none of them were set as the actor's RootComponent - picking one arbitrarily
[2019.01.06-18.41.07:967][293]LogEditorViewport: Clicking on Actor (LMB): MyBaseEnemy_C (MyBaseEnemy)
[2019.01.06-18.41.10:904][623]LogSlate: FSceneViewport::OnFocusLost() reason 0
[2019.01.06-18.41.28:024][548]Cmd: EDIT COPY
[2019.01.06-18.41.28:298][557]Cmd: EDIT PASTE
[2019.01.06-18.41.30:838][840]Cmd: EDIT PASTE
[2019.01.06-18.41.37:326][506]Cmd: EDIT COPY
[2019.01.06-18.41.37:595][523]Cmd: EDIT PASTE
[2019.01.06-18.41.40:058][779]Cmd: EDIT COPY
[2019.01.06-18.41.40:247][801]Cmd: EDIT PASTE
[2019.01.06-18.41.41:889][981]Cmd: EDIT COPY
[2019.01.06-18.41.42:097][  4]Cmd: EDIT PASTE
[2019.01.06-18.41.47:119][537]LogSlate: FSceneViewport::OnFocusLost() reason 0
[2019.01.06-18.42.09:619][ 56]LogSlate: FSceneViewport::OnFocusLost() reason 2
[2019.01.06-18.42.12:187][359]LogSlate: FSceneViewport::OnFocusLost() reason 2
[2019.01.06-18.42.17:717][980]Cmd: EDIT COPY
[2019.01.06-18.42.17:928][993]Cmd: EDIT PASTE
[2019.01.06-18.42.19:247][108]Cmd: EDIT PASTE
[2019.01.06-18.42.23:626][570]LogEditorViewport: Clicking on Actor (LMB): MyBaseEnemy_C (MyBaseEnemy2)
[2019.01.06-18.42.32:075][575]LogSlate: FSceneViewport::OnFocusLost() reason 0
[2019.01.06-18.42.32:223][591]LogAssetEditorManager: Opening Asset editor for Blueprint /Game/Blueprints/Enemies/MyBaseEnemy.MyBaseEnemy
[2019.01.06-18.42.32:744][591]LogContentBrowser: Native class hierarchy updated for 'BlueprintGraph' in 0.0009 seconds. Added 116 classes and 0 folders.
[2019.01.06-18.42.33:822][591]LogSlate: Took 0.000307 seconds to synchronously load lazily loaded font '../../../Engine/Content/Slate/Fonts/Roboto-BoldCondensed.ttf' (158K)
[2019.01.06-18.42.38:442][ 15]LogSlate: FSceneViewport::OnFocusLost() reason 2
[2019.01.06-18.42.38:549][ 15]LogSavePackage: Moving 'E:/Staffs Uni/Level 5/Technical Games Production/Pair/TGPPairProject/PairProject/Saved/MyBaseEnemy9DD05E5B4ABEEE26F3E249A0F47079E8.tmp' to 'E:/Staffs Uni/Level 5/Technical Games Production/Pair/TGPPairProject/PairProject/Content/Blueprints/Enemies/MyBaseEnemy.uasset'
[2019.01.06-18.42.38:866][ 45]LogSlate: FSceneViewport::OnFocusLost() reason 0
[2019.01.06-18.42.38:926][ 52]BlueprintLog: New page: Compile MyBaseEnemy
[2019.01.06-18.42.40:070][148]LogSlate: Window 'MyBaseEnemy' being destroyed
[2019.01.06-18.42.40:073][148]LogSlate: Window 'MyBaseEnemy' being destroyed
[2019.01.06-18.42.41:094][257]LogEditorViewport: Clicking on Actor (LMB): MyFreezeEnemy_C (MyFreezeEnemy2)
[2019.01.06-18.42.42:114][369]LogSlate: FSceneViewport::OnFocusLost() reason 0
[2019.01.06-18.42.42:254][384]LogAssetEditorManager: Opening Asset editor for Blueprint /Game/Blueprints/Enemies/MyFreezeEnemy.MyFreezeEnemy
[2019.01.06-18.42.46:460][739]LogSlate: FSceneViewport::OnFocusLost() reason 2
[2019.01.06-18.42.46:608][739]LogSavePackage: Moving 'E:/Staffs Uni/Level 5/Technical Games Production/Pair/TGPPairProject/PairProject/Saved/MyFreezeEnemy4E557FD64DE61BDF33918AB0A39F3671.tmp' to 'E:/Staffs Uni/Level 5/Technical Games Production/Pair/TGPPairProject/PairProject/Content/Blueprints/Enemies/MyFreezeEnemy.uasset'
[2019.01.06-18.42.46:896][765]LogSlate: FSceneViewport::OnFocusLost() reason 0
[2019.01.06-18.42.46:961][772]BlueprintLog: New page: Compile MyFreezeEnemy
[2019.01.06-18.42.47:908][853]LogSlate: Window 'MyFreezeEnemy' being destroyed
[2019.01.06-18.42.47:911][853]LogSlate: Window 'MyFreezeEnemy' being destroyed
[2019.01.06-18.42.50:097][101]LogSlate: FSceneViewport::OnFocusLost() reason 0
[2019.01.06-18.42.50:234][116]LogAssetEditorManager: Opening Asset editor for Blueprint /Game/Blueprints/Enemies/MyBaseEnemy.MyBaseEnemy
[2019.01.06-18.42.58:012][817]LogSlate: FSceneViewport::OnFocusLost() reason 2
[2019.01.06-18.43.01:414][117]LogSlate: FSceneViewport::OnFocusLost() reason 2
[2019.01.06-18.43.01:502][117]LogSavePackage: Moving 'E:/Staffs Uni/Level 5/Technical Games Production/Pair/TGPPairProject/PairProject/Saved/MyBaseEnemy75F617304451B87F0F22AEAF12DAC1FE.tmp' to 'E:/Staffs Uni/Level 5/Technical Games Production/Pair/TGPPairProject/PairProject/Content/Blueprints/Enemies/MyBaseEnemy.uasset'
[2019.01.06-18.43.02:242][183]LogSlate: FSceneViewport::OnFocusLost() reason 0
[2019.01.06-18.43.02:273][186]BlueprintLog: New page: Compile MyBaseEnemy
[2019.01.06-18.43.03:623][284]LogSavePackage: Moving 'E:/Staffs Uni/Level 5/Technical Games Production/Pair/TGPPairProject/PairProject/Saved/MyBaseEnemy1F11B83C449DB5CC7FE9488BC3C862A5.tmp' to 'E:/Staffs Uni/Level 5/Technical Games Production/Pair/TGPPairProject/PairProject/Content/Blueprints/Enemies/MyBaseEnemy.uasset'
[2019.01.06-18.43.04:075][326]LogSlate: FSceneViewport::OnFocusLost() reason 0
[2019.01.06-18.43.04:145][333]LogSlate: Window 'MyBaseEnemy' being destroyed
[2019.01.06-18.43.04:149][333]LogSlate: Window 'MyBaseEnemy' being destroyed
[2019.01.06-18.43.07:370][655]Cmd: EDIT COPY
[2019.01.06-18.43.07:564][667]Cmd: EDIT PASTE
[2019.01.06-18.43.10:491][991]Cmd: EDIT COPY
[2019.01.06-18.43.10:858][ 33]Cmd: EDIT PASTE
[2019.01.06-18.43.12:106][170]Cmd: EDIT COPY
[2019.01.06-18.43.12:298][192]Cmd: EDIT PASTE
[2019.01.06-18.43.16:432][611]LogSlate: FSceneViewport::OnFocusLost() reason 0
[2019.01.06-18.43.24:130][424]LogSlate: FSceneViewport::OnFocusLost() reason 2
[2019.01.06-18.43.27:181][786]LogSlate: FSceneViewport::OnFocusLost() reason 2
[2019.01.06-18.43.31:349][282]LogSlate: FSceneViewport::OnFocusLost() reason 2
[2019.01.06-18.43.31:873][282]LogSavePackage: Moving 'E:/Staffs Uni/Level 5/Technical Games Production/Pair/TGPPairProject/PairProject/Saved/CameraTestSceneABE007024B6BEA51F54869BBF9CAF967.tmp' to 'E:/Staffs Uni/Level 5/Technical Games Production/Pair/TGPPairProject/PairProject/Content/Scenes/CameraTestScene.umap'
[2019.01.06-18.43.32:723][370]Cmd: EDIT COPY
[2019.01.06-18.43.32:902][390]Cmd: EDIT PASTE
[2019.01.06-18.43.40:951][164]Cmd: EDIT COPY
[2019.01.06-18.43.41:134][180]Cmd: EDIT PASTE
[2019.01.06-18.43.44:854][527]Cmd: EDIT COPY
[2019.01.06-18.43.45:034][538]Cmd: EDIT PASTE
[2019.01.06-18.43.58:527][ 55]Cmd: EDIT COPY
[2019.01.06-18.43.58:732][ 77]Cmd: EDIT PASTE
[2019.01.06-18.44.02:871][497]Cmd: EDIT COPY
[2019.01.06-18.44.03:043][515]Cmd: EDIT PASTE
[2019.01.06-18.44.30:735][ 73]Cmd: EDIT COPY
[2019.01.06-18.44.30:912][ 84]Cmd: EDIT PASTE
[2019.01.06-18.44.33:231][325]Cmd: EDIT COPY
[2019.01.06-18.44.33:405][336]Cmd: EDIT PASTE
[2019.01.06-18.44.50:172][134]LogEditorViewport: Clicking on Actor (LMB): StaticMeshActor (Floor)
[2019.01.06-18.44.50:717][188]LogEditorViewport: Clicking on Actor (LMB): StaticMeshActor (Floor)
[2019.01.06-18.44.51:187][242]LogEditorViewport: Clicking on Actor (LMB): MyBaseEnemy_C (MyBaseEnemy)
[2019.01.06-18.44.52:614][407]Cmd: EDIT COPY
[2019.01.06-18.44.58:669][131]Cmd: EDIT PASTE
[2019.01.06-18.45.13:639][707]Cmd: EDIT COPY
[2019.01.06-18.45.13:867][723]Cmd: EDIT PASTE
[2019.01.06-18.45.17:900][172]LogSlate: FSceneViewport::OnFocusLost() reason 2
[2019.01.06-18.45.22:171][674]LogSlate: Took 0.000357 seconds to synchronously load lazily loaded font '../../../Engine/Content/Slate/Fonts/Roboto-Italic.ttf' (157K)
[2019.01.06-18.45.22:733][739]LogSlate: FSceneViewport::OnFocusLost() reason 2
[2019.01.06-18.45.24:778][981]LogEditorViewport: Clicking on Actor (LMB): StaticMeshActor (Floor)
[2019.01.06-18.45.25:166][ 20]LogEditorViewport: Clicking on Actor (LMB): StaticMeshActor (Floor)
[2019.01.06-18.45.25:803][ 94]Cmd: EDIT PASTE
[2019.01.06-18.45.27:359][266]Cmd: EDIT PASTE
[2019.01.06-18.45.29:393][494]Cmd: EDIT PASTE
[2019.01.06-18.45.33:381][930]Cmd: EDIT PASTE
[2019.01.06-18.45.37:100][266]Cmd: EDIT PASTE
[2019.01.06-18.45.45:775][142]Cmd: EDIT COPY
[2019.01.06-18.45.45:970][164]Cmd: EDIT PASTE
[2019.01.06-18.45.51:408][800]LogEditorViewport: Clicking on Actor (LMB): StaticMeshActor (Floor)
[2019.01.06-18.45.51:924][854]LogEditorViewport: Clicking on Actor (LMB): MyBaseEnemy_C (MyBaseEnemy4)
[2019.01.06-18.45.58:621][555]LogEditorViewport: Clicking on Actor (LMB): StaticMeshActor (Floor)
[2019.01.06-18.45.59:641][669]LogEditorViewport: Clicking on Actor (LMB): StaticMeshActor (Floor)
[2019.01.06-18.46.00:167][729]LogEditorViewport: Clicking on Actor (LMB): MyFreezeEnemy_C (MyFreezeEnemy4)
[2019.01.06-18.46.01:303][857]Cmd: EDIT COPY
[2019.01.06-18.46.01:497][879]Cmd: EDIT PASTE
[2019.01.06-18.46.09:259][712]LogEditorViewport: Clicking on Actor (LMB): MyBomberEnemy_C (MyBomberEnemy7)
[2019.01.06-18.46.10:549][843]Cmd: EDIT COPY
[2019.01.06-18.46.10:734][864]Cmd: EDIT PASTE
[2019.01.06-18.46.13:258][136]LogSlate: FSceneViewport::OnFocusLost() reason 2
[2019.01.06-18.46.13:732][136]LogSavePackage: Moving 'E:/Staffs Uni/Level 5/Technical Games Production/Pair/TGPPairProject/PairProject/Saved/CameraTestScene7F06C22A46A3414AAB15A6A691F8C6A9.tmp' to 'E:/Staffs Uni/Level 5/Technical Games Production/Pair/TGPPairProject/PairProject/Content/Scenes/CameraTestScene.umap'
[2019.01.06-18.46.19:922][791]LogSlate: FSceneViewport::OnFocusLost() reason 2
[2019.01.06-18.46.21:493][975]LogSlate: FSceneViewport::OnFocusLost() reason 2
[2019.01.06-18.46.22:872][134]LogSlate: FSceneViewport::OnFocusLost() reason 2
[2019.01.06-18.46.23:333][134]LogSavePackage: Moving 'E:/Staffs Uni/Level 5/Technical Games Production/Pair/TGPPairProject/PairProject/Saved/CameraTestScene1CB4E7B34B58C9C70FF3C98FE82CB8F9.tmp' to 'E:/Staffs Uni/Level 5/Technical Games Production/Pair/TGPPairProject/PairProject/Content/Scenes/CameraTestScene.umap'
[2019.01.06-18.46.24:336][245]LogSlate: FSceneViewport::OnFocusLost() reason 0
[2019.01.06-18.46.24:594][253]LogSlate: Window 'PairProject - Unreal Editor' being destroyed
[2019.01.06-18.46.24:824][254]Cmd: QUIT_EDITOR
[2019.01.06-18.46.24:851][254]LogWindowsTextInputMethodSystem: Display: IME system now deactivated.
[2019.01.06-18.46.24:863][254]LogExit: Preparing to exit.
[2019.01.06-18.46.25:125][254]LogExit: Editor shut down
[2019.01.06-18.46.25:125][254]LogExit: Transaction tracking system shut down
[2019.01.06-18.46.25:717][254]LogExit: Object subsystem successfully closed.
[2019.01.06-18.46.25:739][254]LogShaderCompilers: Display: Shaders left to compile 0
[2019.01.06-18.46.25:743][254]LogD3D11RHI: Shutdown
[2019.01.06-18.46.25:743][254]LogD3D11RHI: CleanupD3DDevice
[2019.01.06-18.46.25:745][254]LogD3D11RHI: ~FD3D11DynamicRHI
[2019.01.06-18.46.25:796][254]LogModuleManager: Shutting down and abandoning module BlueprintGraph (618)
[2019.01.06-18.46.25:796][254]LogModuleManager: Shutting down and abandoning module HierarchicalLODOutliner (616)
[2019.01.06-18.46.25:796][254]LogModuleManager: Shutting down and abandoning module SceneOutliner (614)
[2019.01.06-18.46.25:796][254]LogModuleManager: Shutting down and abandoning module AddContentDialog (612)
[2019.01.06-18.46.25:797][254]LogModuleManager: Shutting down and abandoning module WidgetCarousel (611)
[2019.01.06-18.46.25:797][254]LogModuleManager: Shutting down and abandoning module EditorWidgets (608)
[2019.01.06-18.46.25:797][254]LogModuleManager: Shutting down and abandoning module CollectionManager (606)
[2019.01.06-18.46.25:797][254]LogModuleManager: Shutting down and abandoning module StatsViewer (604)
[2019.01.06-18.46.25:797][254]LogModuleManager: Shutting down and abandoning module FoliageEdit (602)
[2019.01.06-18.46.25:797][254]LogModuleManager: Shutting down and abandoning module LandscapeEditor (600)
[2019.01.06-18.46.25:798][254]LogModuleManager: Shutting down and abandoning module MeshPaintMode (598)
[2019.01.06-18.46.25:798][254]LogModuleManager: Shutting down and abandoning module SceneDepthPickerMode (596)
[2019.01.06-18.46.25:798][254]LogModuleManager: Shutting down and abandoning module ActorPickerMode (594)
[2019.01.06-18.46.25:798][254]LogModuleManager: Shutting down and abandoning module GeometryMode (592)
[2019.01.06-18.46.25:798][254]LogModuleManager: Shutting down and abandoning module TextureAlignMode (590)
[2019.01.06-18.46.25:798][254]LogModuleManager: Shutting down and abandoning module BspMode (588)
[2019.01.06-18.46.25:798][254]LogModuleManager: Shutting down and abandoning module PIEPreviewDeviceProfileSelector (586)
[2019.01.06-18.46.25:799][254]LogModuleManager: Shutting down and abandoning module SequenceRecorderSections (584)
[2019.01.06-18.46.25:799][254]LogModuleManager: Shutting down and abandoning module AutomationWorker (582)
[2019.01.06-18.46.25:799][254]LogModuleManager: Shutting down and abandoning module AudioCaptureEditor (580)
[2019.01.06-18.46.25:799][254]LogModuleManager: Shutting down and abandoning module SequenceRecorder (579)
[2019.01.06-18.46.25:799][254]LogModuleManager: Shutting down and abandoning module MatineeToLevelSequence (576)
[2019.01.06-18.46.25:799][254]LogModuleManager: Shutting down and abandoning module LevelSequenceEditor (574)
[2019.01.06-18.46.25:800][254]LogModuleManager: Shutting down and abandoning module PlacementMode (573)
[2019.01.06-18.46.25:800][254]LogModuleManager: Shutting down and abandoning module MaterialEditor (572)
[2019.01.06-18.46.25:800][254]LogModuleManager: Shutting down and abandoning module WmfMediaFactory (568)
[2019.01.06-18.46.25:800][254]LogModuleManager: Shutting down and abandoning module WmfMediaEditor (566)
[2019.01.06-18.46.25:800][254]LogModuleManager: Shutting down and abandoning module MediaPlayerEditor (564)
[2019.01.06-18.46.25:800][254]LogModuleManager: Shutting down and abandoning module OpenExrWrapper (562)
[2019.01.06-18.46.25:800][254]LogModuleManager: Shutting down and abandoning module ImgMediaFactory (560)
[2019.01.06-18.46.25:801][254]LogModuleManager: Shutting down and abandoning module ImgMediaEditor (558)
[2019.01.06-18.46.25:801][254]LogModuleManager: Shutting down and abandoning module AvfMediaFactory (556)
[2019.01.06-18.46.25:801][254]LogModuleManager: Shutting down and abandoning module AvfMediaEditor (554)
[2019.01.06-18.46.25:801][254]LogModuleManager: Shutting down and abandoning module AndroidMediaFactory (552)
[2019.01.06-18.46.25:802][254]LogModuleManager: Shutting down and abandoning module AndroidMediaEditor (550)
[2019.01.06-18.46.25:802][254]LogModuleManager: Shutting down and abandoning module MagicLeapCameraPreviewFactory (548)
[2019.01.06-18.46.25:802][254]LogModuleManager: Shutting down and abandoning module MagicLeapMediaFactory (546)
[2019.01.06-18.46.25:803][254]LogModuleManager: Shutting down and abandoning module MagicLeapMediaEditor (544)
[2019.01.06-18.46.25:803][254]LogModuleManager: Shutting down and abandoning module CharacterAI (542)
[2019.01.06-18.46.25:803][254]LogModuleManager: Shutting down and abandoning module SmartSnapping (540)
[2019.01.06-18.46.25:803][254]LogModuleManager: Shutting down and abandoning module SessionServices (538)
[2019.01.06-18.46.25:803][254]LogModuleManager: Shutting down and abandoning module ViewportSnapping (536)
[2019.01.06-18.46.25:803][254]LogModuleManager: Shutting down and abandoning module ViewportInteraction (534)
[2019.01.06-18.46.25:803][254]LogModuleManager: Shutting down and abandoning module ClothPainter (532)
[2019.01.06-18.46.25:803][254]LogModuleManager: Shutting down and abandoning module SkeletalMeshEditor (531)
[2019.01.06-18.46.25:803][254]LogModuleManager: Shutting down and abandoning module LogVisualizer (528)
[2019.01.06-18.46.25:804][254]LogModuleManager: Shutting down and abandoning module IntroTutorials (526)
[2019.01.06-18.46.25:804][254]LogModuleManager: Shutting down and abandoning module GameProjectGeneration (525)
[2019.01.06-18.46.25:804][254]LogModuleManager: Shutting down and abandoning module LuminPlatformEditor (522)
[2019.01.06-18.46.25:804][254]LogModuleManager: Shutting down and abandoning module IOSPlatformEditor (520)
[2019.01.06-18.46.25:804][254]LogModuleManager: Shutting down and abandoning module HTML5PlatformEditor (518)
[2019.01.06-18.46.25:804][254]LogModuleManager: Shutting down and abandoning module AndroidPlatformEditor (516)
[2019.01.06-18.46.25:804][254]LogModuleManager: Shutting down and abandoning module AndroidDeviceDetection (515)
[2019.01.06-18.46.25:833][254]LogModuleManager: Shutting down and abandoning module WindowsPlatformEditor (512)
[2019.01.06-18.46.25:833][254]LogModuleManager: Shutting down and abandoning module LuminRuntimeSettings (510)
[2019.01.06-18.46.25:833][254]LogModuleManager: Shutting down and abandoning module IOSRuntimeSettings (508)
[2019.01.06-18.46.25:833][254]LogModuleManager: Shutting down and abandoning module AndroidRuntimeSettings (506)
[2019.01.06-18.46.25:833][254]LogModuleManager: Shutting down and abandoning module InputBindingEditor (504)
[2019.01.06-18.46.25:834][254]LogModuleManager: Shutting down and abandoning module MergeActors (502)
[2019.01.06-18.46.25:834][254]LogModuleManager: Shutting down and abandoning module LocalizationDashboard (500)
[2019.01.06-18.46.25:834][254]LogModuleManager: Shutting down and abandoning module LocalizationService (499)
[2019.01.06-18.46.25:834][254]LogModuleManager: Shutting down and abandoning module HardwareTargeting (496)
[2019.01.06-18.46.25:835][254]LogModuleManager: Shutting down and abandoning module DeviceProfileEditor (494)
[2019.01.06-18.46.25:835][254]LogModuleManager: Shutting down and abandoning module UndoHistory (492)
[2019.01.06-18.46.25:835][254]LogModuleManager: Shutting down and abandoning module XmlParser (490)
[2019.01.06-18.46.25:835][254]LogModuleManager: Shutting down and abandoning module Blutility (488)
[2019.01.06-18.46.25:836][254]LogModuleManager: Shutting down and abandoning module ProjectSettingsViewer (486)
[2019.01.06-18.46.25:836][254]LogModuleManager: Shutting down and abandoning module ProjectTargetPlatformEditor (485)
[2019.01.06-18.46.25:836][254]LogModuleManager: Shutting down and abandoning module EditorSettingsViewer (482)
[2019.01.06-18.46.25:836][254]LogModuleManager: Shutting down and abandoning module SettingsEditor (480)
[2019.01.06-18.46.25:836][254]LogModuleManager: Shutting down and abandoning module ProjectLauncher (478)
[2019.01.06-18.46.25:836][254]LogModuleManager: Shutting down and abandoning module SessionFrontend (476)
[2019.01.06-18.46.25:836][254]LogModuleManager: Shutting down and abandoning module ProfilerClient (474)
[2019.01.06-18.46.25:836][254]LogModuleManager: Shutting down and abandoning module DeviceManager (472)
[2019.01.06-18.46.25:836][254]LogModuleManager: Shutting down and abandoning module TargetDeviceServices (471)
[2019.01.06-18.46.25:903][254]LogModuleManager: Shutting down and abandoning module AutomationController (468)
[2019.01.06-18.46.25:903][254]LogModuleManager: Shutting down and abandoning module AutomationWindow (466)
[2019.01.06-18.46.25:903][254]LogModuleManager: Shutting down and abandoning module Layers (464)
[2019.01.06-18.46.25:903][254]LogModuleManager: Shutting down and abandoning module ComponentVisualizers (462)
[2019.01.06-18.46.25:903][254]LogModuleManager: Shutting down and abandoning module DetailCustomizations (460)
[2019.01.06-18.46.25:903][254]LogModuleManager: Shutting down and abandoning module PackagesDialog (458)
[2019.01.06-18.46.25:903][254]LogModuleManager: Shutting down and abandoning module Persona (456)
[2019.01.06-18.46.25:904][254]LogModuleManager: Shutting down and abandoning module AdvancedPreviewScene (455)
[2019.01.06-18.46.25:904][254]LogModuleManager: Shutting down and abandoning module AnimGraph (453)
[2019.01.06-18.46.25:904][254]LogModuleManager: Shutting down and abandoning module Kismet (450)
[2019.01.06-18.46.25:909][254]LogModuleManager: Shutting down and abandoning module GraphEditor (448)
[2019.01.06-18.46.25:909][254]LogModuleManager: Shutting down and abandoning module ClassViewer (446)
[2019.01.06-18.46.25:909][254]LogModuleManager: Shutting down and abandoning module Toolbox (444)
[2019.01.06-18.46.25:910][254]LogModuleManager: Shutting down and abandoning module DesktopPlatform (443)
[2019.01.06-18.46.25:910][254]LogModuleManager: Shutting down and abandoning module ModuleUI (440)
[2019.01.06-18.46.25:910][254]LogModuleManager: Shutting down and abandoning module MovieSceneTools (438)
[2019.01.06-18.46.25:910][254]LogModuleManager: Shutting down and abandoning module OutputLog (436)
[2019.01.06-18.46.25:910][254]LogModuleManager: Shutting down and abandoning module GammaUI (434)
[2019.01.06-18.46.25:910][254]LogModuleManager: Shutting down and abandoning module Documentation (432)
[2019.01.06-18.46.25:910][254]LogModuleManager: Shutting down and abandoning module MovieSceneTracks (430)
[2019.01.06-18.46.25:910][254]LogModuleManager: Shutting down and abandoning module MovieScene (428)
[2019.01.06-18.46.25:910][254]LogModuleManager: Shutting down and abandoning module StreamingPauseRendering (426)
[2019.01.06-18.46.25:910][254]LogModuleManager: Shutting down and abandoning module LauncherPlatform (424)
[2019.01.06-18.46.25:910][254]LogModuleManager: Shutting down and abandoning module AnalyticsET (422)
[2019.01.06-18.46.25:911][254]LogModuleManager: Shutting down and abandoning module PortalServices (420)
[2019.01.06-18.46.25:911][254]LogModuleManager: Shutting down and abandoning module PortalRpc (418)
[2019.01.06-18.46.25:911][254]LogModuleManager: Shutting down and abandoning module MessagingRpc (416)
[2019.01.06-18.46.25:911][254]LogModuleManager: Shutting down and abandoning module AIModule (414)
[2019.01.06-18.46.25:911][254]LogModuleManager: Shutting down and abandoning module GameplayDebugger (413)
[2019.01.06-18.46.25:911][254]LogModuleManager: Shutting down and abandoning module AITestSuite (411)
[2019.01.06-18.46.25:911][254]LogModuleManager: Shutting down and abandoning module NavigationSystem (409)
[2019.01.06-18.46.25:911][254]LogModuleManager: Shutting down and abandoning module ProfilerService (406)
[2019.01.06-18.46.26:084][254]LogModuleManager: Shutting down and abandoning module TaskGraph (404)
[2019.01.06-18.46.26:084][254]LogModuleManager: Shutting down and abandoning module SteamVRController (402)
[2019.01.06-18.46.26:085][254]LogModuleManager: Shutting down and abandoning module ProceduralMeshComponentEditor (400)
[2019.01.06-18.46.26:085][254]LogModuleManager: Shutting down and abandoning module ProceduralMeshComponent (398)
[2019.01.06-18.46.26:085][254]LogModuleManager: Shutting down and abandoning module OculusInput (396)
[2019.01.06-18.46.26:085][254]LogModuleManager: Shutting down and abandoning module MobilePatchingUtils (394)
[2019.01.06-18.46.26:085][254]LogModuleManager: Shutting down and abandoning module EditableMesh (392)
[2019.01.06-18.46.26:085][254]LogModuleManager: Shutting down and abandoning module CustomMeshComponent (390)
[2019.01.06-18.46.26:085][254]LogModuleManager: Shutting down and abandoning module CableComponent (388)
[2019.01.06-18.46.26:085][254]LogModuleManager: Shutting down and abandoning module AudioCapture (386)
[2019.01.06-18.46.26:085][254]LogModuleManager: Shutting down and abandoning module ArchVisCharacter (384)
[2019.01.06-18.46.26:085][254]LogModuleManager: Shutting down and abandoning module AndroidPermission (382)
[2019.01.06-18.46.26:086][254]LogModuleManager: Shutting down and abandoning module NUTUnrealEngine4 (380)
[2019.01.06-18.46.26:086][254]LogModuleManager: Shutting down and abandoning module NetcodeUnitTest (378)
[2019.01.06-18.46.26:086][254]LogModuleManager: Shutting down and abandoning module MediaCompositingEditor (376)
[2019.01.06-18.46.26:086][254]LogModuleManager: Shutting down and abandoning module MediaCompositing (374)
[2019.01.06-18.46.26:086][254]LogModuleManager: Shutting down and abandoning module LinearTimecode (372)
[2019.01.06-18.46.26:086][254]LogModuleManager: Shutting down and abandoning module ImgMedia (370)
[2019.01.06-18.46.26:092][254]LogModuleManager: Shutting down and abandoning module HTML5Networking (368)
[2019.01.06-18.46.26:092][254]LogModuleManager: Shutting down and abandoning module GeometryCacheTracks (366)
[2019.01.06-18.46.26:092][254]LogModuleManager: Shutting down and abandoning module GeometryCacheSequencer (364)
[2019.01.06-18.46.26:092][254]LogModuleManager: Shutting down and abandoning module BackChannel (362)
[2019.01.06-18.46.26:092][254]LogModuleManager: Shutting down and abandoning module AppleVision (360)
[2019.01.06-18.46.26:092][254]LogModuleManager: Shutting down and abandoning module AppleImageUtils (358)
[2019.01.06-18.46.26:092][254]LogModuleManager: Shutting down and abandoning module AlembicImporter (356)
[2019.01.06-18.46.26:093][254]LogModuleManager: Shutting down and abandoning module AlembicLibrary (355)
[2019.01.06-18.46.26:093][254]LogModuleManager: Shutting down and abandoning module GeometryCache (354)
[2019.01.06-18.46.26:093][254]LogModuleManager: Shutting down and abandoning module GeometryCacheEd (353)
[2019.01.06-18.46.26:093][254]LogModuleManager: Shutting down and abandoning module DatasmithContentEditor (348)
[2019.01.06-18.46.26:093][254]LogModuleManager: Shutting down and abandoning module DatasmithContent (346)
[2019.01.06-18.46.26:094][254]LogModuleManager: Shutting down and abandoning module SpeedTreeImporter (344)
[2019.01.06-18.46.26:095][254]LogModuleManager: Shutting down and abandoning module PluginBrowser (342)
[2019.01.06-18.46.26:095][254]LogModuleManager: Shutting down and abandoning module MobileLauncherProfileWizard (340)
[2019.01.06-18.46.26:095][254]LogModuleManager: Shutting down and abandoning module PolygonModeling (338)
[2019.01.06-18.46.26:095][254]LogModuleManager: Shutting down and abandoning module MeshEditor (336)
[2019.01.06-18.46.26:095][254]LogModuleManager: Shutting down and abandoning module CryptoKeysOpenSSL (334)
[2019.01.06-18.46.26:096][254]LogModuleManager: Shutting down and abandoning module CryptoKeys (332)
[2019.01.06-18.46.26:096][254]LogModuleManager: Shutting down and abandoning module VisualStudioSourceCodeAccess (330)
[2019.01.06-18.46.26:096][254]LogModuleManager: Shutting down and abandoning module VisualStudioCodeSourceCodeAccess (328)
[2019.01.06-18.46.26:097][254]LogModuleManager: Shutting down and abandoning module UObjectPlugin (326)
[2019.01.06-18.46.26:097][254]LogModuleManager: Shutting down and abandoning module SubversionSourceControl (324)
[2019.01.06-18.46.26:097][254]LogModuleManager: Shutting down and abandoning module PerforceSourceControl (322)
[2019.01.06-18.46.26:097][254]LogModuleManager: Shutting down and abandoning module GitSourceControl (320)
[2019.01.06-18.46.26:097][254]LogModuleManager: Shutting down and abandoning module SourceControl (319)
[2019.01.06-18.46.26:097][254]LogModuleManager: Shutting down and abandoning module CLionSourceCodeAccess (316)
[2019.01.06-18.46.26:098][254]LogModuleManager: Shutting down and abandoning module LightPropagationVolumeEditor (314)
[2019.01.06-18.46.26:098][254]LogModuleManager: Shutting down and abandoning module PaperTiledImporter (312)
[2019.01.06-18.46.26:098][254]LogModuleManager: Shutting down and abandoning module PaperSpriteSheetImporter (310)
[2019.01.06-18.46.26:098][254]LogModuleManager: Shutting down and abandoning module Paper2DEditor (308)
[2019.01.06-18.46.26:098][254]LogModuleManager: Shutting down and abandoning module MeshPaint (307)
[2019.01.06-18.46.26:098][254]LogModuleManager: Shutting down and abandoning module PairProject (304)
[2019.01.06-18.46.26:098][254]LogModuleManager: Shutting down and abandoning module RuntimePhysXCooking (302)
[2019.01.06-18.46.26:098][254]LogModuleManager: Shutting down and abandoning module PhysXVehiclesEditor (300)
[2019.01.06-18.46.26:098][254]LogModuleManager: Shutting down and abandoning module PhysXVehicles (298)
[2019.01.06-18.46.26:098][254]LogModuleManager: Shutting down and abandoning module OculusEditor (296)
[2019.01.06-18.46.26:099][254]LogModuleManager: Shutting down and abandoning module LocationServicesBPLibrary (294)
[2019.01.06-18.46.26:099][254]LogModuleManager: Shutting down and abandoning module ImmediatePhysicsEditor (292)
[2019.01.06-18.46.26:099][254]LogModuleManager: Shutting down and abandoning module ImmediatePhysics (290)
[2019.01.06-18.46.26:099][254]LogModuleManager: Shutting down and abandoning module ApexDestructionEditor (288)
[2019.01.06-18.46.26:099][254]LogModuleManager: Shutting down and abandoning module ApexDestruction (286)
[2019.01.06-18.46.26:099][254]LogModuleManager: Shutting down and abandoning module ActorSequence (284)
[2019.01.06-18.46.26:099][254]LogModuleManager: Shutting down and abandoning module UdpMessaging (282)
[2019.01.06-18.46.26:200][254]LogModuleManager: Shutting down and abandoning module TcpMessaging (280)
[2019.01.06-18.46.26:301][254]LogModuleManager: Shutting down and abandoning module MagicLeapAudio (278)
[2019.01.06-18.46.26:301][254]LogModuleManager: Shutting down and abandoning module GameplayTagsEditor (276)
[2019.01.06-18.46.26:301][254]LogModuleManager: Shutting down and abandoning module FacialAnimationEditor (274)
[2019.01.06-18.46.26:301][254]LogModuleManager: Shutting down and abandoning module FacialAnimation (272)
[2019.01.06-18.46.26:301][254]LogModuleManager: Shutting down and abandoning module DataValidation (270)
[2019.01.06-18.46.26:301][254]LogModuleManager: Shutting down and abandoning module AssetManagerEditor (268)
[2019.01.06-18.46.26:302][254]LogModuleManager: Shutting down and abandoning module LevelEditor (267)
[2019.01.06-18.46.26:303][254]LogModuleManager: Shutting down and abandoning module PixelInspectorModule (266)
[2019.01.06-18.46.26:303][254]LogModuleManager: Shutting down and abandoning module CommonMenuExtensions (264)
[2019.01.06-18.46.26:303][254]LogModuleManager: Shutting down and abandoning module MainFrame (262)
[2019.01.06-18.46.26:303][254]LogModuleManager: Shutting down and abandoning module HotReload (261)
[2019.01.06-18.46.26:304][254]LogModuleManager: Shutting down and abandoning module ContentBrowser (257)
[2019.01.06-18.46.26:305][254]LogModuleManager: Shutting down and abandoning module TreeMap (255)
[2019.01.06-18.46.26:305][254]LogModuleManager: Shutting down and abandoning module LightPropagationVolumeRuntime (252)
[2019.01.06-18.46.26:305][254]LogModuleManager: Shutting down and abandoning module AISupportModule (250)
[2019.01.06-18.46.26:305][254]LogModuleManager: Shutting down and abandoning module Paper2D (248)
[2019.01.06-18.46.26:306][254]LogModuleManager: Shutting down and abandoning module WindowsMoviePlayer (246)
[2019.01.06-18.46.26:306][254]LogModuleManager: Shutting down and abandoning module WmfMedia (244)
[2019.01.06-18.46.26:309][254]LogModuleManager: Shutting down and abandoning module Media (243)
[2019.01.06-18.46.26:315][254]LogModuleManager: Shutting down and abandoning module PacketHandler (240)
[2019.01.06-18.46.26:315][254]LogModuleManager: Shutting down and abandoning module ClothingSystemEditor (238)
[2019.01.06-18.46.26:316][254]LogModuleManager: Shutting down and abandoning module ClothingSystemRuntime (236)
[2019.01.06-18.46.26:316][254]LogModuleManager: Shutting down and abandoning module MediaAssets (234)
[2019.01.06-18.46.26:316][254]LogModuleManager: Shutting down and abandoning module Overlay (232)
[2019.01.06-18.46.26:316][254]LogModuleManager: Shutting down and abandoning module OverlayEditor (231)
[2019.01.06-18.46.26:316][254]LogModuleManager: Shutting down and abandoning module VREditor (228)
[2019.01.06-18.46.26:316][254]LogModuleManager: Shutting down and abandoning module StringTableEditor (226)
[2019.01.06-18.46.26:316][254]LogModuleManager: Shutting down and abandoning module GameplayTasksEditor (224)
[2019.01.06-18.46.26:316][254]LogModuleManager: Shutting down and abandoning module BehaviorTreeEditor (222)
[2019.01.06-18.46.26:316][254]LogModuleManager: Shutting down and abandoning module FunctionalTesting (220)
[2019.01.06-18.46.26:316][254]LogModuleManager: Shutting down and abandoning module CollisionAnalyzer (218)
[2019.01.06-18.46.26:316][254]LogModuleManager: Shutting down and abandoning module WorkspaceMenuStructure (217)
[2019.01.06-18.46.26:316][254]LogModuleManager: Shutting down and abandoning module UMG (214)
[2019.01.06-18.46.26:317][254]LogModuleManager: Shutting down and abandoning module UMGEditor (213)
[2019.01.06-18.46.26:317][254]LogModuleManager: Shutting down and abandoning module Sequencer (212)
[2019.01.06-18.46.26:318][254]LogModuleManager: Shutting down and abandoning module MessageLog (209)
[2019.01.06-18.46.26:318][254]LogModuleManager: Shutting down and abandoning module SlateReflector (204)
[2019.01.06-18.46.26:318][254]LogModuleManager: Shutting down and abandoning module Slate (202)
[2019.01.06-18.46.26:319][254]LogModuleManager: Shutting down and abandoning module EditorStyle (200)
[2019.01.06-18.46.26:321][254]LogModuleManager: Shutting down and abandoning module MRMesh (198)
[2019.01.06-18.46.26:321][254]LogModuleManager: Shutting down and abandoning module SourceCodeAccess (196)
[2019.01.06-18.46.26:321][254]LogModuleManager: Shutting down and abandoning module HeadMountedDisplay (194)
[2019.01.06-18.46.26:321][254]LogModuleManager: Shutting down and abandoning module XAudio2 (192)
[2019.01.06-18.46.26:321][254]LogModuleManager: Shutting down and abandoning module Networking (190)
[2019.01.06-18.46.26:321][254]LogModuleManager: Shutting down and abandoning module Core (188)
[2019.01.06-18.46.26:321][254]LogModuleManager: Shutting down and abandoning module LevelSequence (186)
[2019.01.06-18.46.26:321][254]LogModuleManager: Shutting down and abandoning module KismetCompiler (184)
[2019.01.06-18.46.26:321][254]LogModuleManager: Shutting down and abandoning module MeshUtilities (182)
[2019.01.06-18.46.26:321][254]LogModuleManager: Shutting down and abandoning module MeshMergeUtilities (181)
[2019.01.06-18.46.26:321][254]LogModuleManager: Shutting down and abandoning module MeshReductionInterface (180)
[2019.01.06-18.46.26:321][254]LogModuleManager: Shutting down and abandoning module SimplygonSwarm (179)
[2019.01.06-18.46.26:322][254]LogModuleManager: Shutting down and abandoning module ProxyLODMeshReduction (177)
[2019.01.06-18.46.26:322][254]LogModuleManager: Shutting down and abandoning module SimplygonMeshReduction (175)
[2019.01.06-18.46.26:322][254]LogModuleManager: Shutting down and abandoning module QuadricMeshReduction (173)
[2019.01.06-18.46.26:322][254]LogModuleManager: Shutting down and abandoning module MaterialBaking (169)
[2019.01.06-18.46.26:322][254]LogModuleManager: Shutting down and abandoning module DirectoryWatcher (165)
[2019.01.06-18.46.26:322][254]LogModuleManager: Shutting down and abandoning module DerivedDataCache (162)
[2019.01.06-18.46.26:395][254]LogDerivedDataCache: Shutdown
[2019.01.06-18.46.26:396][254]LogModuleManager: Shutting down and abandoning module XGEController (160)
[2019.01.06-18.46.26:396][254]LogXGEController: Cleaning working directory: C:/Users/c013767h.STUDENT/AppData/Local/Temp/UnrealXGEWorkingDir/
[2019.01.06-18.46.26:397][254]LogModuleManager: Shutting down and abandoning module TargetPlatform (158)
[2019.01.06-18.46.26:397][254]LogModuleManager: Shutting down and abandoning module VulkanShaderFormat (157)
[2019.01.06-18.46.26:397][254]LogModuleManager: Shutting down and abandoning module ShaderFormatVectorVM (155)
[2019.01.06-18.46.26:398][254]LogModuleManager: Shutting down and abandoning module ShaderFormatOpenGL (153)
[2019.01.06-18.46.26:398][254]LogModuleManager: Shutting down and abandoning module ShaderFormatD3D (151)
[2019.01.06-18.46.26:398][254]LogModuleManager: Shutting down and abandoning module MetalShaderFormat (149)
[2019.01.06-18.46.26:399][254]LogModuleManager: Shutting down and abandoning module TextureFormatUncompressed (147)
[2019.01.06-18.46.26:399][254]LogModuleManager: Shutting down and abandoning module TextureFormatPVR (145)
[2019.01.06-18.46.26:399][254]LogModuleManager: Shutting down and abandoning module TextureFormatDXT (143)
[2019.01.06-18.46.26:399][254]LogModuleManager: Shutting down and abandoning module TextureFormatIntelISPCTexComp (141)
[2019.01.06-18.46.26:400][254]LogModuleManager: Shutting down and abandoning module TextureFormatASTC (139)
[2019.01.06-18.46.26:401][254]LogModuleManager: Shutting down and abandoning module ImageWrapper (138)
[2019.01.06-18.46.26:401][254]LogModuleManager: Shutting down and abandoning module TextureFormatAndroid (135)
[2019.01.06-18.46.26:402][254]LogModuleManager: Shutting down and abandoning module AudioFormatOpus (133)
[2019.01.06-18.46.26:402][254]LogModuleManager: Shutting down and abandoning module AudioFormatOgg (131)
[2019.01.06-18.46.26:402][254]LogModuleManager: Shutting down and abandoning module AudioFormatADPCM (129)
[2019.01.06-18.46.26:403][254]LogModuleManager: Shutting down and abandoning module LuminTargetPlatform (127)
[2019.01.06-18.46.26:403][254]LogModuleManager: Shutting down and abandoning module LinuxTargetPlatform (125)
[2019.01.06-18.46.26:403][254]LogModuleManager: Shutting down and abandoning module LinuxServerTargetPlatform (123)
[2019.01.06-18.46.26:403][254]LogModuleManager: Shutting down and abandoning module LinuxNoEditorTargetPlatform (121)
[2019.01.06-18.46.26:404][254]LogModuleManager: Shutting down and abandoning module LinuxClientTargetPlatform (119)
[2019.01.06-18.46.26:404][254]LogModuleManager: Shutting down and abandoning module TVOSTargetPlatform (117)
[2019.01.06-18.46.26:405][254]LogModuleManager: Shutting down and abandoning module Messaging (115)
[2019.01.06-18.46.26:405][254]LogModuleManager: Shutting down and abandoning module IOSTargetPlatform (113)
[2019.01.06-18.46.26:406][254]LogModuleManager: Shutting down and abandoning module HTML5TargetPlatform (111)
[2019.01.06-18.46.26:406][254]LogModuleManager: Shutting down and abandoning module AndroidTargetPlatform (109)
[2019.01.06-18.46.26:412][254]LogModuleManager: Shutting down and abandoning module WindowsTargetPlatform (107)
[2019.01.06-18.46.26:412][254]LogModuleManager: Shutting down and abandoning module WindowsServerTargetPlatform (105)
[2019.01.06-18.46.26:412][254]LogModuleManager: Shutting down and abandoning module WindowsNoEditorTargetPlatform (103)
[2019.01.06-18.46.26:412][254]LogModuleManager: Shutting down and abandoning module WindowsClientTargetPlatform (101)
[2019.01.06-18.46.26:412][254]LogModuleManager: Shutting down and abandoning module MacTargetPlatform (99)
[2019.01.06-18.46.26:412][254]LogModuleManager: Shutting down and abandoning module MacServerTargetPlatform (97)
[2019.01.06-18.46.26:413][254]LogModuleManager: Shutting down and abandoning module MacNoEditorTargetPlatform (95)
[2019.01.06-18.46.26:413][254]LogModuleManager: Shutting down and abandoning module MacClientTargetPlatform (93)
[2019.01.06-18.46.26:413][254]LogModuleManager: Shutting down and abandoning module AllDesktopTargetPlatform (91)
[2019.01.06-18.46.26:413][254]LogModuleManager: Shutting down and abandoning module InputCore (88)
[2019.01.06-18.46.26:413][254]LogModuleManager: Shutting down and abandoning module Settings (86)
[2019.01.06-18.46.26:413][254]LogModuleManager: Shutting down and abandoning module PhysXCooking (84)
[2019.01.06-18.46.26:413][254]LogModuleManager: Shutting down and abandoning module SteamVR (82)
[2019.01.06-18.46.26:413][254]LogModuleManager: Shutting down and abandoning module OculusHMD (80)
[2019.01.06-18.46.26:413][254]LogModuleManager: Shutting down and abandoning module ExampleDeviceProfileSelector (78)
[2019.01.06-18.46.26:413][254]LogModuleManager: Shutting down and abandoning module LauncherChunkInstaller (76)
[2019.01.06-18.46.26:413][254]LogModuleManager: Shutting down and abandoning module OnlineBlueprintSupport (74)
[2019.01.06-18.46.26:413][254]LogModuleManager: Shutting down and abandoning module OnlineSubsystem (70)
[2019.01.06-18.46.26:415][254]LogModuleManager: Shutting down and abandoning module XMPP (65)
[2019.01.06-18.46.26:415][254]LogModuleManager: Shutting down and abandoning module WebSockets (64)
[2019.01.06-18.46.26:432][254]LogModuleManager: Shutting down and abandoning module HTTP (61)
[2019.01.06-18.46.26:433][254]LogHttp: Display: Http module shutting down, but needs to wait on 1 outstanding Http requests:
[2019.01.06-18.46.26:433][254]LogHttp: Display: 	verb=[POST] url=[https://datarouter.ol.epicgames.com/datarouter/api/v1/public/data?SessionID=%7B245A77B8-4F88-C6E6-46FD-86A5ED5FCB81%7D&AppID=UEEditor.Rocket.Release&AppVersion=4.20.3-4369336%2B%2B%2BUE4%2BRelease-4.20&UserID=44c9e7594b135b8ff9f642ae472475c3%7C8ec15df8aecb4d8492a8af43ac10b70b%7C6859e6fe-a307-4c78-9b87-ec2884ab9362&AppEnvironment=datacollector-binary&UploadType=eteventstream] status=Processing
[2019.01.06-18.46.26:453][254]LogModuleManager: Shutting down and abandoning module SSL (60)
[2019.01.06-18.46.26:454][254]LogModuleManager: Shutting down and abandoning module MagicLeapEmulator (56)
[2019.01.06-18.46.26:455][254]LogModuleManager: Shutting down and abandoning module MagicLeapPrivileges (54)
[2019.01.06-18.46.26:455][254]LogModuleManager: Shutting down and abandoning module MagicLeapIdentity (52)
[2019.01.06-18.46.26:455][254]LogModuleManager: Shutting down and abandoning module MagicLeapHelperVulkan (50)
[2019.01.06-18.46.26:455][254]LogModuleManager: Shutting down and abandoning module MagicLeapHelperOpenGL (48)
[2019.01.06-18.46.26:455][254]LogModuleManager: Shutting down and abandoning module MagicLeapSecureStorage (46)
[2019.01.06-18.46.26:455][254]LogModuleManager: Shutting down and abandoning module MagicLeapGestures (44)
[2019.01.06-18.46.26:455][254]LogModuleManager: Shutting down and abandoning module MagicLeapEyeTracker (42)
[2019.01.06-18.46.26:455][254]LogModuleManager: Shutting down and abandoning module MagicLeapController (40)
[2019.01.06-18.46.26:455][254]LogSlate: Slate User Destroyed.  User Index 0, Is Virtual User: 0
[2019.01.06-18.46.26:456][254]LogModuleManager: Shutting down and abandoning module MagicLeap (38)
[2019.01.06-18.46.26:456][254]LogModuleManager: Shutting down and abandoning module AnimationModifiers (36)
[2019.01.06-18.46.26:456][254]LogModuleManager: Shutting down and abandoning module PropertyEditor (35)
[2019.01.06-18.46.26:456][254]LogModuleManager: Shutting down and abandoning module AudioEditor (32)
[2019.01.06-18.46.26:456][254]LogModuleManager: Shutting down and abandoning module TextureCompressor (30)
[2019.01.06-18.46.26:458][254]LogModuleManager: Shutting down and abandoning module ShaderCore (28)
[2019.01.06-18.46.26:458][254]LogModuleManager: Shutting down and abandoning module Landscape (26)
[2019.01.06-18.46.26:458][254]LogModuleManager: Shutting down and abandoning module SlateRHIRenderer (24)
[2019.01.06-18.46.26:458][254]LogModuleManager: Shutting down and abandoning module OpenGLDrv (22)
[2019.01.06-18.46.26:459][254]LogModuleManager: Shutting down and abandoning module D3D11RHI (20)
[2019.01.06-18.46.26:459][254]LogModuleManager: Shutting down and abandoning module AnimGraphRuntime (18)
[2019.01.06-18.46.26:459][254]LogModuleManager: Shutting down and abandoning module Renderer (16)
[2019.01.06-18.46.26:459][254]LogModuleManager: Shutting down and abandoning module Engine (14)
[2019.01.06-18.46.26:459][254]LogModuleManager: Shutting down and abandoning module CoreUObject (12)
[2019.01.06-18.46.26:459][254]LogModuleManager: Shutting down and abandoning module NetworkFile (10)
[2019.01.06-18.46.26:459][254]LogModuleManager: Shutting down and abandoning module CookedIterativeFile (8)
[2019.01.06-18.46.26:459][254]LogModuleManager: Shutting down and abandoning module StreamingFile (6)
[2019.01.06-18.46.26:459][254]LogModuleManager: Shutting down and abandoning module SandboxFile (4)
[2019.01.06-18.46.26:459][254]LogModuleManager: Shutting down and abandoning module PakFile (2)
[2019.01.06-18.46.26:467][254]LogExit: Exiting.
[2019.01.06-18.46.26:476][254]Log file closed, 01/06/19 18:46:26
