Log file open, 01/06/19 17:27:31
LogWindows: Failed to load 'aqProf.dll' (GetLastError=126)
LogWindows: File 'aqProf.dll' does not exist
LogWindows: Failed to load 'VSPerf140.dll' (GetLastError=126)
LogWindows: File 'VSPerf140.dll' does not exist
LogWindows: Failed to load 'VtuneApi.dll' (GetLastError=126)
LogWindows: File 'VtuneApi.dll' does not exist
LogWindows: Failed to load 'VtuneApi32e.dll' (GetLastError=126)
LogWindows: File 'VtuneApi32e.dll' does not exist
LogInit: Display: Running engine for game: PairProject
LogPlatformFile: Not using cached read wrapper
LogTaskGraph: Started task graph with 5 named threads and 14 total threads with 3 sets of task threads.
LogStats: Stats thread started at 0.572922
LogD3D11RHI: Loaded GFSDK_Aftermath_Lib.x64.dll
LogICUInternationalization: Display: ICU TimeZone Detection - Raw Offset: +0:00, Platform Override: ''
LogPluginManager: Mounting plugin Paper2D
LogPluginManager: Mounting plugin AISupport
LogPluginManager: Mounting plugin LightPropagationVolume
LogPluginManager: Mounting plugin CLionSourceCodeAccess
LogPluginManager: Mounting plugin CodeLiteSourceCodeAccess
LogPluginManager: Mounting plugin GitSourceControl
LogPluginManager: Mounting plugin KDevelopSourceCodeAccess
LogPluginManager: Mounting plugin NullSourceCodeAccess
LogPluginManager: Mounting plugin PerforceSourceControl
LogPluginManager: Mounting plugin SubversionSourceControl
LogPluginManager: Mounting plugin UObjectPlugin
LogPluginManager: Mounting plugin VisualStudioCodeSourceCodeAccess
LogPluginManager: Mounting plugin VisualStudioSourceCodeAccess
LogPluginManager: Mounting plugin XCodeSourceCodeAccess
LogPluginManager: Mounting plugin AssetManagerEditor
LogPluginManager: Mounting plugin CryptoKeys
LogPluginManager: Mounting plugin DataValidation
LogPluginManager: Mounting plugin FacialAnimation
LogPluginManager: Mounting plugin GameplayTagsEditor
LogPluginManager: Mounting plugin MacGraphicsSwitching
LogPluginManager: Mounting plugin MeshEditor
LogPluginManager: Mounting plugin MobileLauncherProfileWizard
LogPluginManager: Mounting plugin PluginBrowser
LogPluginManager: Mounting plugin SpeedTreeImporter
LogPluginManager: Mounting plugin DatasmithContent
LogPluginManager: Mounting plugin AlembicImporter
LogPluginManager: Mounting plugin AppleImageUtils
LogPluginManager: Mounting plugin AppleVision
LogPluginManager: Mounting plugin BackChannel
LogPluginManager: Mounting plugin CharacterAI
LogPluginManager: Mounting plugin GeometryCache
LogPluginManager: Mounting plugin HTML5Networking
LogPluginManager: Mounting plugin ProxyLODPlugin
LogPluginManager: Mounting plugin MagicLeap
LogPluginManager: Mounting plugin MagicLeapEmulator
LogPluginManager: Mounting plugin MagicLeapMedia
LogPluginManager: Mounting plugin AndroidMedia
LogPluginManager: Mounting plugin AvfMedia
LogPluginManager: Mounting plugin ImgMedia
LogPluginManager: Mounting plugin LinearTimecode
LogPluginManager: Mounting plugin MediaCompositing
LogPluginManager: Mounting plugin MediaPlayerEditor
LogPluginManager: Mounting plugin WmfMedia
LogPluginManager: Mounting plugin TcpMessaging
LogPluginManager: Mounting plugin UdpMessaging
LogPluginManager: Mounting plugin ActorSequence
LogPluginManager: Mounting plugin LevelSequenceEditor
LogPluginManager: Mounting plugin MatineeToLevelSequence
LogPluginManager: Mounting plugin NetcodeUnitTest
LogPluginManager: Mounting plugin NUTUnrealEngine4
LogPluginManager: Mounting plugin OnlineSubsystemGooglePlay
LogPluginManager: Mounting plugin OnlineSubsystemIOS
LogPluginManager: Mounting plugin OnlineSubsystem
LogPluginManager: Mounting plugin OnlineSubsystemNull
LogPluginManager: Mounting plugin OnlineSubsystemUtils
LogPluginManager: Mounting plugin LauncherChunkInstaller
LogPluginManager: Mounting plugin AndroidDeviceProfileSelector
LogPluginManager: Mounting plugin AndroidMoviePlayer
LogPluginManager: Mounting plugin AndroidPermission
LogPluginManager: Mounting plugin ApexDestruction
LogPluginManager: Mounting plugin AppleMoviePlayer
LogPluginManager: Mounting plugin ArchVisCharacter
LogPluginManager: Mounting plugin AudioCapture
LogPluginManager: Mounting plugin CableComponent
LogPluginManager: Mounting plugin CustomMeshComponent
LogPluginManager: Mounting plugin EditableMesh
LogPluginManager: Mounting plugin ExampleDeviceProfileSelector
LogPluginManager: Mounting plugin GoogleCloudMessaging
LogPluginManager: Mounting plugin ImmediatePhysics
LogPluginManager: Mounting plugin IOSDeviceProfileSelector
LogPluginManager: Mounting plugin LinuxDeviceProfileSelector
LogPluginManager: Mounting plugin LocationServicesBPLibrary
LogPluginManager: Mounting plugin MobilePatchingUtils
LogPluginManager: Mounting plugin OculusVR
LogPluginManager: Plugin shader directory ../../../Engine/Plugins/Runtime/Oculus/OculusVR/Shaders found
LogPluginManager: Mapping shader source directory ../../../Engine/Plugins/Runtime/Oculus/OculusVR/Shaders to virtual directory /Plugin/OculusVR
LogPluginManager: Mounting plugin PhysXVehicles
LogPluginManager: Mounting plugin ProceduralMeshComponent
LogPluginManager: Mounting plugin RuntimePhysXCooking
LogPluginManager: Mounting plugin SteamVR
LogPluginManager: Mounting plugin WindowsMoviePlayer
LogStreaming: Display: Took  0.282s to configure plugins.
LogInit: Using libcurl 7.55.1-DEV
LogInit:  - built for x86_64-pc-win32
LogInit:  - supports SSL with OpenSSL/1.0.2h
LogInit:  - supports HTTP deflate (compression) using libz 1.2.8
LogInit:  - other features:
LogInit:      CURL_VERSION_SSL
LogInit:      CURL_VERSION_LIBZ
LogInit:      CURL_VERSION_IPV6
LogInit:      CURL_VERSION_ASYNCHDNS
LogInit:      CURL_VERSION_LARGEFILE
LogInit:      CURL_VERSION_IDN
LogInit:  CurlRequestOptions (configurable via config and command line):
LogInit:  - bVerifyPeer = false  - Libcurl will NOT verify peer certificate
LogInit:  - bUseHttpProxy = false  - Libcurl will NOT use HTTP proxy
LogInit:  - bDontReuseConnections = false  - Libcurl will reuse connections
LogInit:  - CertBundlePath = nullptr  - Libcurl will use whatever was configured at build time.
LogInit:  - MaxHostConnections = 16  - Libcurl will limit the number of connections to a host
LogInit:  - LocalHostAddr = Default
LogInit:  - BufferSize = 65536
LogInit: WinSock: version 1.1 (2.2), MaxSocks=32767, MaxUdp=65467
LogInit: Build: ++UE4+Release-4.20-CL-4369336
LogInit: Engine Version: 4.20.3-4369336+++UE4+Release-4.20
LogInit: Compatible Engine Version: 4.20.0-4212847+++UE4+Release-4.20
LogInit: Net CL: 4212847
LogInit: OS: Windows 10 (), CPU: Intel(R) Xeon(R) CPU E5-1607 v3 @ 3.10GHz, GPU: NVIDIA GeForce GTX 970
LogInit: Compiled (64-bit): Sep 17 2018 12:26:19
LogInit: Compiled with Visual C++: 19.13.26129.00
LogInit: Build Configuration: Development
LogInit: Branch Name: ++UE4+Release-4.20
LogInit: Command Line:  -skipcompile
LogInit: Base Directory: C:/Epic/UE4/UE_4.20/Engine/Binaries/Win64/
LogInit: Installed Engine Build: 1
LogDevObjectVersion: Number of dev versions registered: 20
LogDevObjectVersion:   Dev-Blueprints (B0D832E4-1F89-4F0D-ACCF-7EB736FD4AA2): 10
LogDevObjectVersion:   Dev-Build (E1C64328-A22C-4D53-A36C-8E866417BD8C): 0
LogDevObjectVersion:   Dev-Core (375EC13C-06E4-48FB-B500-84F0262A717E): 2
LogDevObjectVersion:   Dev-Editor (E4B068ED-F494-42E9-A231-DA0B2E46BB41): 24
LogDevObjectVersion:   Dev-Framework (CFFC743F-43B0-4480-9391-14DF171D2073): 34
LogDevObjectVersion:   Dev-Mobile (B02B49B5-BB20-44E9-A304-32B752E40360): 2
LogDevObjectVersion:   Dev-Networking (A4E4105C-59A1-49B5-A7C5-40C4547EDFEE): 0
LogDevObjectVersion:   Dev-Online (39C831C9-5AE6-47DC-9A44-9C173E1C8E7C): 0
LogDevObjectVersion:   Dev-Physics (78F01B33-EBEA-4F98-B9B4-84EACCB95AA2): 0
LogDevObjectVersion:   Dev-Platform (6631380F-2D4D-43E0-8009-CF276956A95A): 0
LogDevObjectVersion:   Dev-Rendering (12F88B9F-8875-4AFC-A67C-D90C383ABD29): 26
LogDevObjectVersion:   Dev-Sequencer (7B5AE74C-D270-4C10-A958-57980B212A5A): 9
LogDevObjectVersion:   Dev-VR (D7296918-1DD6-4BDD-9DE2-64A83CC13884): 2
LogDevObjectVersion:   Dev-LoadTimes (C2A15278-BFE7-4AFE-6C17-90FF531DF755): 1
LogDevObjectVersion:   Private-Geometry (6EACA3D4-40EC-4CC1-B786-8BED09428FC5): 3
LogDevObjectVersion:   Dev-AnimPhys (29E575DD-E0A3-4627-9D10-D276232CDCEA): 17
LogDevObjectVersion:   Dev-ReflectionCapture (6B266CEC-1EC7-4B8F-A30B-E4D90942FC07): 1
LogDevObjectVersion:   Dev-Automation (0DF73D61-A23F-47EA-B727-89E90C41499A): 1
LogDevObjectVersion:   FortniteMain (601D1886-AC64-4F84-AA16-D3DE0DEAC7D6): 12
LogDevObjectVersion:   Dev-Enterprise (9DFFBCD6-494F-0158-E221-12823C92A888): 1
LogStreaming: Display: Took  0.007s to delete old logs.
LogInit: Presizing for max 8388607 objects, including 0 objects not considered by GC, pre-allocating 0 bytes for permanent pool.
LogInit: Object subsystem initialized
[2019.01.06-17.27.32:562][  0]LogInit: Selected Device Profile: [Windows]
[2019.01.06-17.27.32:562][  0]LogInit: Applying CVar settings loaded from the selected device profile: [Windows]
[2019.01.06-17.27.32:580][  0]LogHAL: Display: Platform has ~ 16 GB [17092071424 / 17179869184 / 16], which maps to Larger [LargestMinGB=32, LargerMinGB=12, DefaultMinGB=8, SmallerMinGB=6, SmallestMinGB=0)
[2019.01.06-17.27.32:580][  0]LogInit: Setting Device Profile CVar: [[r.Vulkan.UseRealUBs:1]]
[2019.01.06-17.27.32:580][  0]LogInit: Going up to parent DeviceProfile []
[2019.01.06-17.27.32:581][  0]LogInit: Computer: S500-15
[2019.01.06-17.27.32:581][  0]LogInit: User: c013767h
[2019.01.06-17.27.32:581][  0]LogInit: CPU Page size=4096, Cores=4
[2019.01.06-17.27.32:581][  0]LogInit: High frequency timer resolution =3.020347 MHz
[2019.01.06-17.27.32:581][  0]LogMemory: Memory total: Physical=15.9GB (16GB approx)
[2019.01.06-17.27.32:581][  0]LogMemory: Platform Memory Stats for Windows
[2019.01.06-17.27.32:581][  0]LogMemory: Process Physical Memory: 102.80 MB used, 102.80 MB peak
[2019.01.06-17.27.32:581][  0]LogMemory: Process Virtual Memory: 98.68 MB used, 98.68 MB peak
[2019.01.06-17.27.32:581][  0]LogMemory: Physical Memory: 6040.72 MB used,  10259.55 MB free, 16300.27 MB total
[2019.01.06-17.27.32:582][  0]LogMemory: Virtual Memory: 4635.11 MB used,  10259.55 MB free, 134217728.00 MB total
[2019.01.06-17.27.32:729][  0]LogInit: Using OS detected language (en-US).
[2019.01.06-17.27.32:729][  0]LogInit: Using OS detected locale (en-GB).
[2019.01.06-17.27.32:731][  0]LogTextLocalizationManager: No specific localization for 'en-US' exists, so the 'en' localization will be used.
[2019.01.06-17.27.33:213][  0]LogStreaming: Display: Took  0.485s to InitEngineTextLocalization.
[2019.01.06-17.27.33:214][  0]LogInit: Setting process to per monitor DPI aware
[2019.01.06-17.27.33:333][  0]LogSlate: New Slate User Created.  User Index 0, Is Virtual User: 0
[2019.01.06-17.27.33:333][  0]LogSlate: Slate User Registered.  User Index 0, Is Virtual User: 0
[2019.01.06-17.27.33:751][  0]LogHMD: Failed to initialize OpenVR with code 126
[2019.01.06-17.27.33:751][  0]LogD3D11RHI: D3D11 adapters:
[2019.01.06-17.27.33:872][  0]LogD3D11RHI:    0. 'NVIDIA GeForce GTX 970' (Feature Level 11_0)
[2019.01.06-17.27.33:872][  0]LogD3D11RHI:       4043/0/8150 MB DedicatedVideo/DedicatedSystem/SharedSystem, Outputs:2, VendorId:0x10de
[2019.01.06-17.27.33:880][  0]LogD3D11RHI:    1. 'Microsoft Basic Render Driver' (Feature Level 11_0)
[2019.01.06-17.27.33:880][  0]LogD3D11RHI:       0/0/8150 MB DedicatedVideo/DedicatedSystem/SharedSystem, Outputs:0, VendorId:0x1414
[2019.01.06-17.27.33:880][  0]LogD3D11RHI: Chosen D3D11 Adapter: 0
[2019.01.06-17.27.33:894][  0]LogD3D11RHI: Creating new Direct3DDevice
[2019.01.06-17.27.33:894][  0]LogD3D11RHI:     GPU DeviceId: 0x13c2 (for the marketing name, search the web for "GPU Device Id")
[2019.01.06-17.27.33:894][  0]LogWindows: EnumDisplayDevices:
[2019.01.06-17.27.33:894][  0]LogWindows:    0. 'NVIDIA GeForce GTX 970' (P:1 D:1)
[2019.01.06-17.27.33:895][  0]LogWindows:    1. 'NVIDIA GeForce GTX 970' (P:0 D:1)
[2019.01.06-17.27.33:895][  0]LogWindows:    2. 'NVIDIA GeForce GTX 970' (P:0 D:0)
[2019.01.06-17.27.33:895][  0]LogWindows:    3. 'NVIDIA GeForce GTX 970' (P:0 D:0)
[2019.01.06-17.27.33:896][  0]LogWindows: DebugString: FoundDriverCount:4 
[2019.01.06-17.27.33:896][  0]LogD3D11RHI:     Adapter Name: NVIDIA GeForce GTX 970
[2019.01.06-17.27.33:896][  0]LogD3D11RHI:   Driver Version: 399.24 (internal:24.21.13.9924, unified:399.24)
[2019.01.06-17.27.33:896][  0]LogD3D11RHI:      Driver Date: 9-5-2018
[2019.01.06-17.27.33:896][  0]LogRHI: Texture pool is 2830 MB (70% of 4043 MB)
[2019.01.06-17.27.33:972][  0]LogD3D11RHI: Async texture creation enabled
[2019.01.06-17.27.33:992][  0]LogD3D11RHI: GPU Timing Frequency: 1000.000000 (Debug: 2 2)
[2019.01.06-17.27.34:079][  0]LogShaderCompilers: Guid format shader working directory is -30 characters bigger than the processId version (E:/Staffs Uni/Level 5/Technical Games Production/Pair/TGPPairProject-master/PairProject/Intermediate/Shaders/WorkingDirectory/8196/).
[2019.01.06-17.27.34:080][  0]LogShaderCompilers: Cleaned the shader compiler working directory 'C:/Users/c013767h.STUDENT/AppData/Local/Temp/UnrealShaderWorkingDir/4C938ED849AED3D240F54F980157197D/'.
[2019.01.06-17.27.34:464][  0]LogTemp: Display: Loaded TP AllDesktopTargetPlatform
[2019.01.06-17.27.34:486][  0]LogTemp: Display: Loaded TP MacClientTargetPlatform
[2019.01.06-17.27.34:509][  0]LogTemp: Display: Loaded TP MacNoEditorTargetPlatform
[2019.01.06-17.27.34:532][  0]LogTemp: Display: Loaded TP MacServerTargetPlatform
[2019.01.06-17.27.34:554][  0]LogTemp: Display: Loaded TP MacTargetPlatform
[2019.01.06-17.27.34:576][  0]LogTemp: Display: Loaded TP WindowsClientTargetPlatform
[2019.01.06-17.27.34:599][  0]LogTemp: Display: Loaded TP WindowsNoEditorTargetPlatform
[2019.01.06-17.27.34:623][  0]LogTemp: Display: Loaded TP WindowsServerTargetPlatform
[2019.01.06-17.27.34:637][  0]LogTemp: Display: Loaded TP WindowsTargetPlatform
[2019.01.06-17.27.34:739][  0]LogTemp: Display: Loaded TP AndroidTargetPlatform
[2019.01.06-17.27.34:741][  0]LogTemp: Display: Loaded TP AndroidTargetPlatform
[2019.01.06-17.27.34:741][  0]LogTemp: Display: Loaded TP AndroidTargetPlatform
[2019.01.06-17.27.34:741][  0]LogTemp: Display: Loaded TP AndroidTargetPlatform
[2019.01.06-17.27.34:742][  0]LogTemp: Display: Loaded TP AndroidTargetPlatform
[2019.01.06-17.27.34:743][  0]LogTemp: Display: Loaded TP AndroidTargetPlatform
[2019.01.06-17.27.34:743][  0]LogTemp: Display: Loaded TP AndroidTargetPlatform
[2019.01.06-17.27.34:743][  0]LogTemp: Display: Loaded TP AndroidTargetPlatform
[2019.01.06-17.27.34:743][  0]LogTemp: Display: Loaded TP AndroidTargetPlatform
[2019.01.06-17.27.34:743][  0]LogTemp: Display: Loaded TP AndroidTargetPlatform
[2019.01.06-17.27.34:743][  0]LogTemp: Display: Loaded TP AndroidTargetPlatform
[2019.01.06-17.27.34:743][  0]LogTemp: Display: Loaded TP AndroidTargetPlatform
[2019.01.06-17.27.34:743][  0]LogTemp: Display: Loaded TP AndroidTargetPlatform
[2019.01.06-17.27.34:743][  0]LogTemp: Display: Loaded TP AndroidTargetPlatform
[2019.01.06-17.27.34:743][  0]LogTemp: Display: Loaded TP AndroidTargetPlatform
[2019.01.06-17.27.34:744][  0]LogTemp: Display: Loaded TP AndroidTargetPlatform
[2019.01.06-17.27.34:744][  0]LogTemp: Display: Loaded TP AndroidTargetPlatform
[2019.01.06-17.27.34:744][  0]LogTemp: Display: Loaded TP AndroidTargetPlatform
[2019.01.06-17.27.34:750][  0]LogTemp: Display: Loaded TP HTML5TargetPlatform
[2019.01.06-17.27.34:836][  0]LogTemp: Display: Loaded TP IOSTargetPlatform
[2019.01.06-17.27.34:836][  0]LogTemp: Display: Loaded TP IOSTargetPlatform
[2019.01.06-17.27.34:870][  0]LogTemp: Display: Loaded TP TVOSTargetPlatform
[2019.01.06-17.27.34:870][  0]LogTemp: Display: Loaded TP TVOSTargetPlatform
[2019.01.06-17.27.34:888][  0]LogTemp: Display: Loaded TP LinuxClientTargetPlatform
[2019.01.06-17.27.34:912][  0]LogTemp: Display: Loaded TP LinuxNoEditorTargetPlatform
[2019.01.06-17.27.34:931][  0]LogTemp: Display: Loaded TP LinuxServerTargetPlatform
[2019.01.06-17.27.34:950][  0]LogTemp: Display: Loaded TP LinuxTargetPlatform
[2019.01.06-17.27.34:966][  0]LogTemp: Display: Loaded TP LuminTargetPlatform
[2019.01.06-17.27.34:967][  0]LogTargetPlatformManager: Display: Building Assets For Windows
[2019.01.06-17.27.35:203][  0]LogXGEController: Cleaning working directory: C:/Users/c013767h.STUDENT/AppData/Local/Temp/UnrealXGEWorkingDir/
[2019.01.06-17.27.35:204][  0]LogXGEController: Cannot use XGE Controller as Incredibuild is not installed on this machine.
[2019.01.06-17.27.35:205][  0]LogShaderCompilers: Cannot use XGE Shader Compiler as Incredibuild is not installed on this machine.
[2019.01.06-17.27.35:205][  0]LogShaderCompilers: Display: Using Local Shader Compiler.
[2019.01.06-17.27.36:376][  0]LogDerivedDataCache: Display: Max Cache Size: 512 MB
[2019.01.06-17.27.36:505][  0]LogDerivedDataCache: Loaded boot cache 0.13s 71MB C:/Users/c013767h.STUDENT/AppData/Local/UnrealEngine/4.20/DerivedDataCache/Boot.ddc.
[2019.01.06-17.27.36:514][  0]LogDerivedDataCache: Display: Loaded Boot cache: C:/Users/c013767h.STUDENT/AppData/Local/UnrealEngine/4.20/DerivedDataCache/Boot.ddc
[2019.01.06-17.27.36:514][  0]LogDerivedDataCache: FDerivedDataBackendGraph:  Pak pak cache file E:/Staffs Uni/Level 5/Technical Games Production/Pair/TGPPairProject-master/PairProject/DerivedDataCache/DDC.ddp not found, will not use a pak cache.
[2019.01.06-17.27.36:514][  0]LogDerivedDataCache: Unable to find inner node Pak for hierarchical cache Hierarchy.
[2019.01.06-17.27.36:514][  0]LogDerivedDataCache: FDerivedDataBackendGraph:  CompressedPak pak cache file E:/Staffs Uni/Level 5/Technical Games Production/Pair/TGPPairProject-master/PairProject/DerivedDataCache/Compressed.ddp not found, will not use a pak cache.
[2019.01.06-17.27.36:514][  0]LogDerivedDataCache: Unable to find inner node CompressedPak for hierarchical cache Hierarchy.
[2019.01.06-17.27.36:529][  0]LogDerivedDataCache: Display: Pak cache opened for reading ../../../Engine/DerivedDataCache/Compressed.ddp.
[2019.01.06-17.27.36:543][  0]LogDerivedDataCache: Using Local data cache path C:/Users/c013767h.STUDENT/AppData/Local/UnrealEngine/Common/DerivedDataCache: Writable
[2019.01.06-17.27.36:543][  0]LogDerivedDataCache: Shared data cache path not found in *engine.ini, will not use an Shared cache.
[2019.01.06-17.27.36:543][  0]LogDerivedDataCache: Unable to find inner node Shared for hierarchical cache Hierarchy.
[2019.01.06-17.27.36:568][  0]LogMaterial: Verifying Global Shaders for PCD3D_SM5
[2019.01.06-17.27.36:570][  0]LogSlate: Using FreeType 2.6.0
[2019.01.06-17.27.36:571][  0]LogSlate: SlateFontServices - WITH_FREETYPE: 1, WITH_HARFBUZZ: 1
[2019.01.06-17.27.36:671][  0]LogAssetRegistry: FAssetRegistry took 0.0307 seconds to start up
[2019.01.06-17.27.37:079][  0]LogInit: Selected Device Profile: [Windows]
[2019.01.06-17.27.37:200][  0]LogSimplygon: Simplygon DLL not present - disabling.
[2019.01.06-17.27.37:222][  0]LogMeshReduction: Using SimplygonSwarm for distributed automatic mesh merging
[2019.01.06-17.27.37:222][  0]LogMeshReduction: Using ProxyLODMeshReduction for automatic mesh merging
[2019.01.06-17.27.37:222][  0]LogMeshReduction: Using QuadricMeshReduction for automatic static mesh reduction
[2019.01.06-17.27.37:222][  0]LogMeshReduction: No automatic skeletal mesh reduction module available
[2019.01.06-17.27.37:341][  0]LogNetVersion: PairProject 1.0.0, NetCL: 4212847, EngineNetVer: 5, GameNetVer: 0 (Checksum: 2248716754)
[2019.01.06-17.27.38:057][  0]LogPackageLocalizationCache: Processed 11 localized package path(s) for 2 prioritized culture(s) in 0.152598 seconds
[2019.01.06-17.27.38:065][  0]LogUObjectArray: 38425 objects as part of root set at end of initial load.
[2019.01.06-17.27.38:065][  0]LogUObjectAllocator: 6690872 out of 0 bytes used by permanent object pool.
[2019.01.06-17.27.38:065][  0]LogUObjectArray: CloseDisregardForGC: 0/0 objects in disregard for GC pool
[2019.01.06-17.27.39:421][  0]LogTcpMessaging: Initializing TcpMessaging bridge
[2019.01.06-17.27.39:440][  0]LogUdpMessaging: Initializing bridge on interface 0.0.0.0:0 to multicast group 230.0.0.1:6666.
[2019.01.06-17.27.39:771][  0]SourceControl: Source control is disabled
[2019.01.06-17.27.39:771][  0]SourceControl: Source control is disabled
[2019.01.06-17.27.39:776][  0]SourceControl: Source control is disabled
[2019.01.06-17.27.39:780][  0]SourceControl: Source control is disabled
[2019.01.06-17.27.40:158][  0]LogAndroidPermission: UAndroidPermissionCallbackProxy::GetInstance
[2019.01.06-17.27.40:317][  0]LogOcInput: OculusInput pre-init called
[2019.01.06-17.27.40:411][  0]LogEngine: Initializing Engine...
[2019.01.06-17.27.40:453][  0]LogHMD: Failed to initialize OpenVR with code 126
[2019.01.06-17.27.40:455][  0]LogStats: UGameplayTagsManager::ConstructGameplayTagTree: ImportINI prefixes -  0.000 s
[2019.01.06-17.27.40:455][  0]LogStats: UGameplayTagsManager::ConstructGameplayTagTree: Construct from data asset -  0.000 s
[2019.01.06-17.27.40:455][  0]LogStats: UGameplayTagsManager::ConstructGameplayTagTree: ImportINI -  0.000 s
[2019.01.06-17.27.40:455][  0]LogStats: UGameplayTagsManager::ConstructGameplayTagTree: GameplayTagTreeChangedEvent.Broadcast -  0.000 s
[2019.01.06-17.27.40:731][  0]LogInit: Initializing FReadOnlyCVARCache
[2019.01.06-17.27.40:763][  0]LogAIModule: Creating AISystem for world Untitled
[2019.01.06-17.27.40:787][  0]LogInit: XAudio2 using 'Speakers (Realtek High Definition Audio)' : 2 channels at 48 kHz using 32 bits per sample (channel mask 0x3)
[2019.01.06-17.27.40:816][  0]LogInit: FAudioDevice initialized.
[2019.01.06-17.27.40:816][  0]LogNetVersion: Set ProjectVersion to 1.0.0.0. Version Checksum will be recalculated on next use.
[2019.01.06-17.27.40:975][  0]LogDerivedDataCache: Saved boot cache 0.16s 71MB C:/Users/c013767h.STUDENT/AppData/Local/UnrealEngine/4.20/DerivedDataCache/Boot.ddc.
[2019.01.06-17.27.40:979][  0]LogInit: Texture streaming: Enabled
[2019.01.06-17.27.41:021][  0]LogEngineSessionManager: EngineSessionManager initialized
[2019.01.06-17.27.41:043][  0]LogInit: Transaction tracking system initialized
[2019.01.06-17.27.41:114][  0]BlueprintLog: New page: Editor Load
[2019.01.06-17.27.41:384][  0]LocalizationService: Localization service is disabled
[2019.01.06-17.27.41:861][  0]LogCook: Display: Max memory allowance for cook 16384mb min free memory 0mb
[2019.01.06-17.27.41:861][  0]LogCook: Display: Mobile HDR setting 1
[2019.01.06-17.27.41:862][  0]LogGameplayTags: Display: UGameplayTagsManager::DoneAddingNativeTags. DelegateIsBound: 0
[2019.01.06-17.27.41:862][  0]LogStats: UGameplayTagsManager::ConstructGameplayTagTree: ImportINI prefixes -  0.000 s
[2019.01.06-17.27.41:862][  0]LogStats: UGameplayTagsManager::ConstructGameplayTagTree: Construct from data asset -  0.000 s
[2019.01.06-17.27.41:862][  0]LogStats: UGameplayTagsManager::ConstructGameplayTagTree: ImportINI -  0.000 s
[2019.01.06-17.27.41:862][  0]LogStats: UGameplayTagsManager::ConstructGameplayTagTree: GameplayTagTreeChangedEvent.Broadcast -  0.000 s
[2019.01.06-17.27.42:123][  0]LogFileCache: Scanning file cache for directory 'E:/Staffs Uni/Level 5/Technical Games Production/Pair/TGPPairProject-master/PairProject/Content/' took 0.04s
[2019.01.06-17.27.42:238][  0]SourceControl: Source control is disabled
[2019.01.06-17.27.42:241][  0]Cmd: MAP LOAD FILE="E:/Staffs Uni/Level 5/Technical Games Production/Pair/TGPPairProject-master/PairProject/Content/Scenes/StartScreen.umap" TEMPLATE=0 SHOWPROGRESS=1 FEATURELEVEL=3
[2019.01.06-17.27.42:242][  0]LightingResults: New page: Lighting Build
[2019.01.06-17.27.42:249][  0]MapCheck: New page: Map Check
[2019.01.06-17.27.42:250][  0]LightingResults: New page: Lighting Build
[2019.01.06-17.27.42:318][  0]LogLinker: Warning: Can't find file '/Game/Scenes/StartScreen_BuiltData'
[2019.01.06-17.27.42:318][  0]LogLinker: Warning: Can't find file for asset '/Game/Scenes/StartScreen_BuiltData' while loading E:/Staffs Uni/Level 5/Technical Games Production/Pair/TGPPairProject-master/PairProject/Content/Scenes/StartScreen.umap.
[2019.01.06-17.27.42:319][  0]LoadErrors: Error: /Game/Scenes/StartScreen : Can't find file for asset. /Game/Scenes/StartScreen_BuiltData
[2019.01.06-17.27.42:319][  0]LogLinker: Warning: Can't find file '/Game/Scenes/StartScreen_BuiltData'
[2019.01.06-17.27.42:320][  0]LogLinker: Warning: Can't find file for asset '/Game/Scenes/StartScreen_BuiltData' while loading E:/Staffs Uni/Level 5/Technical Games Production/Pair/TGPPairProject-master/PairProject/Content/Scenes/StartScreen.umap.
[2019.01.06-17.27.42:320][  0]LoadErrors: Error: /Game/Scenes/StartScreen : Can't find file for asset. /Game/Scenes/StartScreen_BuiltData
[2019.01.06-17.27.42:371][  0]LogLinker: Warning: Can't find file '/Game/Scenes/StartScreen_BuiltData'
[2019.01.06-17.27.42:372][  0]LogLinker: Warning: Can't find file for asset '/Game/Scenes/StartScreen_BuiltData' while loading NULL.
[2019.01.06-17.27.42:372][  0]LogLinker: Warning: Can't find file '/Game/Scenes/StartScreen_BuiltData'
[2019.01.06-17.27.42:373][  0]LogLinker: Warning: Can't find file for asset '/Game/Scenes/StartScreen_BuiltData' while loading NULL.
[2019.01.06-17.27.42:378][  0]LogLinker: Warning: Can't find file '/Game/Scenes/StartScreen_BuiltData'
[2019.01.06-17.27.42:378][  0]LoadErrors: Failed to load /Game/Scenes/StartScreen_BuiltData.StartScreen_BuiltData Referenced by PersistentLevel
[2019.01.06-17.27.42:378][  0]LogLinker: Warning: Can't find file for asset '/Game/Scenes/StartScreen_BuiltData' while loading NULL.
[2019.01.06-17.27.42:379][  0]LoadErrors: Failed to load /Game/Scenes/StartScreen_BuiltData.StartScreen_BuiltData Referenced by PersistentLevel
[2019.01.06-17.27.42:425][  0]LogAIModule: Creating AISystem for world StartScreen
[2019.01.06-17.27.42:427][  0]LogEditorServer: Finished looking for orphan Actors (0.000 secs)
[2019.01.06-17.27.42:451][  0]Cmd: MAP CHECKDEP NOCLEARLOG
[2019.01.06-17.27.42:656][  0]MapCheck: Map check complete: 0 Error(s), 0 Warning(s), took 204.808ms to complete.
[2019.01.06-17.27.42:657][  0]LogFileHelpers: Loading map 'StartScreen' took 0.416
[2019.01.06-17.27.42:873][  0]LogSlate: Updating window title bar state: overlay mode, drag disabled, window buttons hidden, title bar hidden
[2019.01.06-17.27.42:883][  0]LogSlate: Updating window title bar state: overlay mode, drag disabled, window buttons hidden, title bar hidden
[2019.01.06-17.27.42:893][  0]LogSlate: Updating window title bar state: overlay mode, drag disabled, window buttons hidden, title bar hidden
[2019.01.06-17.27.42:902][  0]LogSlate: Updating window title bar state: overlay mode, drag disabled, window buttons hidden, title bar hidden
[2019.01.06-17.27.42:922][  0]LogCollectionManager: Loaded 0 collections in 0.004808 seconds
[2019.01.06-17.27.42:977][  0]LogFileCache: Scanning file cache for directory 'E:/Staffs Uni/Level 5/Technical Games Production/Pair/TGPPairProject-master/PairProject/Saved/Collections/' took 0.01s
[2019.01.06-17.27.42:977][  0]LogFileCache: Scanning file cache for directory 'E:/Staffs Uni/Level 5/Technical Games Production/Pair/TGPPairProject-master/PairProject/Content/Developers/c013767h/Collections/' took 0.01s
[2019.01.06-17.27.42:977][  0]LogFileCache: Scanning file cache for directory 'E:/Staffs Uni/Level 5/Technical Games Production/Pair/TGPPairProject-master/PairProject/Content/Collections/' took 0.01s
[2019.01.06-17.27.42:977][  0]LogCollectionManager: Rebuilt the GUID cache for 0 collections in 0.000000 seconds
[2019.01.06-17.27.42:988][  0]LogContentBrowser: Native class hierarchy populated in 0.0112 seconds. Added 2594 classes and 611 folders.
[2019.01.06-17.27.43:002][  0]LogContentBrowser: Native class hierarchy updated for 'WidgetCarousel' in 0.0004 seconds. Added 0 classes and 0 folders.
[2019.01.06-17.27.43:116][  0]LogContentBrowser: Native class hierarchy updated for 'AddContentDialog' in 0.0004 seconds. Added 0 classes and 0 folders.
[2019.01.06-17.27.43:129][  0]LogContentBrowser: Native class hierarchy updated for 'SceneOutliner' in 0.0005 seconds. Added 1 classes and 2 folders.
[2019.01.06-17.27.43:229][  0]LogSlate: Took 0.000250 seconds to synchronously load lazily loaded font '../../../Engine/Content/Slate/Fonts/Roboto-Regular.ttf' (155K)
[2019.01.06-17.27.43:239][  0]LogSlate: Took 0.000253 seconds to synchronously load lazily loaded font '../../../Engine/Content/Slate/Fonts/Roboto-Bold.ttf' (160K)
[2019.01.06-17.27.43:245][  0]LogSlate: Took 0.000321 seconds to synchronously load lazily loaded font '../../../Engine/Content/Editor/Slate/Fonts/FontAwesome.ttf' (139K)
[2019.01.06-17.27.43:343][  0]LogRenderer: Reallocating scene render targets to support 1208x576 Format 10 NumSamples 1 (Frame:1).
[2019.01.06-17.27.43:554][  0]LogContentBrowser: Native class hierarchy updated for 'HierarchicalLODOutliner' in 0.0004 seconds. Added 0 classes and 0 folders.
[2019.01.06-17.27.43:554][  0]LogLoad: (Engine Initialization) Total time: 15.13 seconds
[2019.01.06-17.27.43:554][  0]LogLoad: (Engine Initialization) Total Blueprint compile time: 0.00 seconds
[2019.01.06-17.27.43:564][  0]LogWindowsTextInputMethodSystem: Display: IME system now deactivated.
[2019.01.06-17.27.43:585][  0]LogContentStreaming: Texture pool size now 1000 MB
[2019.01.06-17.27.43:586][  0]LogSlate: FSceneViewport::OnFocusLost() reason 2
[2019.01.06-17.27.43:618][  0]LogSlate: Took 0.000258 seconds to synchronously load lazily loaded font '../../../Engine/Content/Slate/Fonts/Roboto-Light.ttf' (167K)
[2019.01.06-17.27.43:686][  2]LogAssetRegistry: Asset discovery search completed in 7.0405 seconds
[2019.01.06-17.27.43:689][  2]LogCollectionManager: Rebuilt the object cache for 0 collections in 0.000000 seconds (found 0 objects)
[2019.01.06-17.27.43:689][  2]LogCollectionManager: Fixed up redirectors for 0 collections in 0.000146 seconds (updated 0 objects)
[2019.01.06-17.27.45:486][208]LogSlate: Window 'Message Log' being destroyed
[2019.01.06-17.27.45:489][208]LogSlate: Window 'Message Log' being destroyed
[2019.01.06-17.27.49:620][701]LogSlate: FSceneViewport::OnFocusLost() reason 0
[2019.01.06-17.27.49:762][717]LogSlate: Took 0.000251 seconds to synchronously load lazily loaded font '../../../Engine/Content/Slate/Fonts/Roboto-Light.ttf' (167K)
[2019.01.06-17.27.50:358][717]LogLinker: Warning: Can't find file '/Game/Scenes/CameraTestScene_BuiltData'
[2019.01.06-17.27.50:359][717]LogLinker: Warning: Can't find file for asset '/Game/Scenes/CameraTestScene_BuiltData' while loading E:/Staffs Uni/Level 5/Technical Games Production/Pair/TGPPairProject-master/PairProject/Content/Scenes/CameraTestScene.umap.
[2019.01.06-17.27.50:359][717]LoadErrors: Error: /Game/Scenes/CameraTestScene : Can't find file for asset. /Game/Scenes/CameraTestScene_BuiltData
[2019.01.06-17.27.50:381][717]LogLinker: Warning: Can't find file '/Game/Scenes/CameraTestScene_BuiltData'
[2019.01.06-17.27.50:382][717]LogLinker: Warning: Can't find file for asset '/Game/Scenes/CameraTestScene_BuiltData' while loading E:/Staffs Uni/Level 5/Technical Games Production/Pair/TGPPairProject-master/PairProject/Content/Scenes/CameraTestScene.umap.
[2019.01.06-17.27.50:429][717]LogLinker: Warning: Can't find file '/Game/Scenes/CameraTestScene_BuiltData'
[2019.01.06-17.27.50:430][717]LogLinker: Warning: Can't find file for asset '/Game/Scenes/CameraTestScene_BuiltData' while loading NULL.
[2019.01.06-17.27.50:430][717]LogLinker: Warning: Can't find file '/Game/Scenes/CameraTestScene_BuiltData'
[2019.01.06-17.27.50:430][717]LogLinker: Warning: Can't find file for asset '/Game/Scenes/CameraTestScene_BuiltData' while loading NULL.
[2019.01.06-17.27.50:670][717]LogTexture: Display: Building textures: model0 (AutoDXT, 512X1024)
[2019.01.06-17.27.50:678][717]LogLinker: Warning: Can't find file '/Game/Scenes/CameraTestScene_BuiltData'
[2019.01.06-17.27.50:678][717]LoadErrors: Failed to load /Game/Scenes/CameraTestScene_BuiltData.CameraTestScene_BuiltData Referenced by PersistentLevel
[2019.01.06-17.27.50:679][717]LogLinker: Warning: Can't find file for asset '/Game/Scenes/CameraTestScene_BuiltData' while loading NULL.
[2019.01.06-17.27.50:884][717]LogTexture: Display: Building textures: __Light_Sprite2 (AutoDXT, 32X32)
[2019.01.06-17.27.50:893][717]LogTexture: Display: Building textures: __Light_Sprite1 (AutoDXT, 32X32)
[2019.01.06-17.27.50:893][717]LogTexture: Display: Building textures: 1 (BC5, 256X256)
[2019.01.06-17.27.50:894][717]LogTexture: Display: Building textures: 0 (AutoDXT, 256X256)
[2019.01.06-17.27.50:894][717]LogTexture: Display: Building textures: 0 (AutoDXT, 256X256)
[2019.01.06-17.27.50:929][717]LogStaticMesh: Building static mesh love_heart...
[2019.01.06-17.27.51:031][717]LogStaticMesh: Built static mesh [0.10s] /Game/Assets/Models/Item_Models/Heart/love_heart.love_heart
[2019.01.06-17.27.51:094][717]LogMaterial: Display: Missing cached shader map for material 0_2, compiling. 
[2019.01.06-17.27.51:165][717]LogShaderCompilers: Display: Shaders left to compile 22
[2019.01.06-17.27.51:166][717]LogShaderCompilers: Display: Shaders left to compile 12
[2019.01.06-17.27.51:166][717]LogShaderCompilers: Display: Shaders left to compile 2
[2019.01.06-17.27.51:166][717]LogStaticMesh: Building static mesh HeartCountainerFBX...
[2019.01.06-17.27.51:292][717]LogStaticMesh: Built static mesh [0.13s] /Game/Assets/Models/Item_Models/Heart_Countainer/HeartCountainerFBX.HeartCountainerFBX
[2019.01.06-17.27.51:303][717]LogMaterial: Display: Missing cached shader map for material ImpaMiniMap_Texture2D, compiling. 
[2019.01.06-17.27.51:580][717]LogMaterial: Display: Missing cached shader map for material MA_OpenWorldGround, compiling. 
[2019.01.06-17.27.51:634][717]LogMaterial: Display: Missing cached shader map for material Stamina_pot, compiling. 
[2019.01.06-17.27.52:704][717]LogMaterial: Display: Missing cached shader map for material MiniMapTexture2D_Mat, compiling. 
[2019.01.06-17.27.52:715][717]LogMaterial: Display: Missing cached shader map for material __Light_Sprite, compiling. 
[2019.01.06-17.27.52:886][717]LogSkeletalMesh: Building Skeletal Mesh PotFBX_SketchUp_DM...
[2019.01.06-17.27.52:946][717]LogSkeletalMesh: Built Skeletal Mesh [0.06s] /Game/Assets/Models/Pot/PotFBX_SketchUp_DM.PotFBX_SketchUp_DM
[2019.01.06-17.27.52:950][717]LogMaterial: Display: Missing cached shader map for material Material_003, compiling. 
[2019.01.06-17.27.52:968][717]LogMaterial: Display: Missing cached shader map for material Heart_pot, compiling. 
[2019.01.06-17.27.53:042][717]LogStaticMesh: Building static mesh PotFBX_SketchUp...
[2019.01.06-17.27.53:513][717]LogStaticMesh: Built static mesh [0.47s] /Game/Assets/Models/Pot/PotFBX_SketchUp.PotFBX_SketchUp
[2019.01.06-17.27.53:536][717]LogMaterial: Display: Missing cached shader map for material Color_C07, compiling. 
[2019.01.06-17.27.53:574][717]LogMaterial: Display: Missing cached shader map for material material_0, compiling. 
[2019.01.06-17.27.53:590][717]LogStaticMesh: Building static mesh LargeMagicJarFBX...
[2019.01.06-17.27.53:603][717]LogStaticMesh: Built static mesh [0.01s] /Game/Assets/Models/Item_Models/Magic_jar/Large/LargeMagicJarFBX.LargeMagicJarFBX
[2019.01.06-17.27.53:616][717]LogMaterial: Display: Missing cached shader map for material material_0, compiling. 
[2019.01.06-17.27.53:638][717]LogStaticMesh: Building static mesh magicJarSmall...
[2019.01.06-17.27.53:662][717]LogStaticMesh: Built static mesh [0.02s] /Game/Assets/Models/Item_Models/Magic_jar/Small/magicJarSmall.magicJarSmall
[2019.01.06-17.27.54:087][717]LogAIModule: Creating AISystem for world CameraTestScene
[2019.01.06-17.27.54:111][717]LogAssetEditorManager: Opening Asset editor for World /Game/Scenes/CameraTestScene.CameraTestScene
[2019.01.06-17.27.54:151][717]Cmd: MAP LOAD FILE="E:/Staffs Uni/Level 5/Technical Games Production/Pair/TGPPairProject-master/PairProject/Content/Scenes/CameraTestScene.umap" TEMPLATE=0 SHOWPROGRESS=1 FEATURELEVEL=3
[2019.01.06-17.27.54:152][717]LightingResults: New page: Lighting Build
[2019.01.06-17.27.54:152][717]LoadErrors: New page: Loading map: CameraTestScene.umap
[2019.01.06-17.27.54:154][717]MapCheck: New page: Map Check
[2019.01.06-17.27.54:154][717]LightingResults: New page: Lighting Build
[2019.01.06-17.27.54:314][717]LogEditorServer: Finished looking for orphan Actors (0.000 secs)
[2019.01.06-17.27.54:389][717]Cmd: MAP CHECKDEP NOCLEARLOG
[2019.01.06-17.27.54:648][717]MapCheck: Map check complete: 0 Error(s), 0 Warning(s), took 254.783ms to complete.
[2019.01.06-17.27.54:650][717]LogFileHelpers: Loading map 'CameraTestScene' took 0.500
[2019.01.06-17.27.57:771][ 54]LogActor: Warning: MyBPBaseKeep_C /Engine/Transient.World_0:PersistentLevel.MyBPBaseKeep_C_0 has natively added scene component(s), but none of them were set as the actor's RootComponent - picking one arbitrarily
[2019.01.06-17.28.05:178][909]LogAssetEditorManager: Opening Asset editor for Blueprint /Game/Blueprints/Components/MyBaseAttack_TEST.MyBaseAttack_TEST
[2019.01.06-17.28.05:727][909]LogContentBrowser: Native class hierarchy updated for 'BlueprintGraph' in 0.0008 seconds. Added 116 classes and 0 folders.
[2019.01.06-17.28.06:777][909]LogSlate: Took 0.023003 seconds to synchronously load lazily loaded font '../../../Engine/Content/Slate/Fonts/Roboto-BoldCondensed.ttf' (158K)
[2019.01.06-17.28.49:624][519]BlueprintLog: New page: Compile MyBaseAttack_TEST
[2019.01.06-17.28.51:307][690]LogSavePackage: Moving 'E:/Staffs Uni/Level 5/Technical Games Production/Pair/TGPPairProject-master/PairProject/Saved/MyBaseAttack_TESTB982A9CB437555BFBABC63A12BA3518A.tmp' to 'E:/Staffs Uni/Level 5/Technical Games Production/Pair/TGPPairProject-master/PairProject/Content/Blueprints/Components/MyBaseAttack_TEST.uasset'
[2019.01.06-17.28.52:523][821]LogSlate: Window 'MyBaseAttack_TEST' being destroyed
[2019.01.06-17.28.52:529][821]LogSlate: Window 'MyBaseAttack_TEST' being destroyed
[2019.01.06-17.29.03:558][969]LogShaderCompilers: Display: Shaders left to compile 392
[2019.01.06-17.29.14:880][645]LogShaderCompilers: Display: Shaders left to compile 382
[2019.01.06-17.29.20:422][282]LogShaderCompilers: Display: Shaders left to compile 372
[2019.01.06-17.29.37:627][255]LogShaderCompilers: Display: Shaders left to compile 362
[2019.01.06-17.29.49:343][599]LogShaderCompilers: Display: Shaders left to compile 352
[2019.01.06-17.30.20:779][242]LogShaderCompilers: Display: Shaders left to compile 342
[2019.01.06-17.30.23:889][605]LogShaderCompilers: Display: Shaders left to compile 332
[2019.01.06-17.30.26:459][903]LogShaderCompilers: Display: Shaders left to compile 322
[2019.01.06-17.30.31:845][532]LogShaderCompilers: Display: Shaders left to compile 312
[2019.01.06-17.30.36:790][108]LogShaderCompilers: Display: Shaders left to compile 302
[2019.01.06-17.30.39:055][372]LogShaderCompilers: Display: Shaders left to compile 292
[2019.01.06-17.30.43:438][884]LogShaderCompilers: Display: Shaders left to compile 282
[2019.01.06-17.30.49:665][604]LogShaderCompilers: Display: Shaders left to compile 272
[2019.01.06-17.30.50:187][664]LogShaderCompilers: Display: Shaders left to compile 262
[2019.01.06-17.30.52:254][895]LogShaderCompilers: Display: Shaders left to compile 252
[2019.01.06-17.30.55:865][897]LogShaderCompilers: Display: Shaders left to compile 242
[2019.01.06-17.31.00:550][945]LogShaderCompilers: Display: Shaders left to compile 232
[2019.01.06-17.31.01:254][952]LogShaderCompilers: Display: Shaders left to compile 222
[2019.01.06-17.31.20:524][ 86]LogShaderCompilers: Display: Shaders left to compile 212
[2019.01.06-17.31.45:613][181]LogShaderCompilers: Display: Shaders left to compile 202
[2019.01.06-17.31.50:581][182]LogShaderCompilers: Display: Shaders left to compile 192
[2019.01.06-17.31.56:386][230]LogShaderCompilers: Display: Shaders left to compile 182
[2019.01.06-17.31.58:494][266]LogShaderCompilers: Display: Shaders left to compile 172
[2019.01.06-17.32.01:962][303]LogShaderCompilers: Display: Shaders left to compile 162
[2019.01.06-17.32.02:632][305]LogShaderCompilers: Display: Shaders left to compile 152
[2019.01.06-17.32.09:049][315]LogShaderCompilers: Display: Shaders left to compile 142
[2019.01.06-17.32.11:111][331]LogShaderCompilers: Display: Shaders left to compile 132
[2019.01.06-17.32.17:572][373]LogShaderCompilers: Display: Shaders left to compile 122
[2019.01.06-17.32.20:829][415]LogShaderCompilers: Display: Shaders left to compile 112
[2019.01.06-17.32.22:589][454]LogShaderCompilers: Display: Shaders left to compile 102
[2019.01.06-17.32.24:448][492]LogShaderCompilers: Display: Shaders left to compile 92
[2019.01.06-17.32.27:677][529]LogShaderCompilers: Display: Shaders left to compile 82
[2019.01.06-17.32.28:093][531]LogShaderCompilers: Display: Shaders left to compile 72
[2019.01.06-17.32.33:631][597]LogShaderCompilers: Display: Shaders left to compile 62
[2019.01.06-17.32.34:475][609]LogShaderCompilers: Display: Shaders left to compile 52
[2019.01.06-17.32.36:135][625]LogShaderCompilers: Display: Shaders left to compile 42
[2019.01.06-17.32.42:826][642]LogShaderCompilers: Display: Shaders left to compile 32
[2019.01.06-17.32.43:431][657]LogShaderCompilers: Display: Shaders left to compile 22
[2019.01.06-17.32.43:545][658]LogShaderCompilers: Display: Shaders left to compile 12
[2019.01.06-17.32.47:492][726]LogShaderCompilers: Display: Shaders left to compile 2
[2019.01.06-17.32.50:576][933]LogSlate: FSceneViewport::OnFocusLost() reason 2
[2019.01.06-17.32.52:338][106]LogSlate: FSceneViewport::OnFocusLost() reason 0
[2019.01.06-17.33.08:979][397]Running C:/Epic/UE4/UE_4.20/Engine/Binaries/DotNET/UnrealBuildTool.exe Win64 Development -TargetType=Editor -Project="E:/Staffs Uni/Level 5/Technical Games Production/Pair/TGPPairProject-master/PairProject/PairProject.uproject" -invalidatemakefilesonly
[2019.01.06-17.33.10:403][397]Invalidating makefiles only in this run.
[2019.01.06-17.33.10:814][397]Candidate modules for hot reload:
[2019.01.06-17.33.10:815][397]  PairProject
[2019.01.06-17.33.10:815][397]Launching UnrealBuildTool... [C:/Epic/UE4/UE_4.20/Engine/Binaries/DotNET/UnrealBuildTool.exe  -ModuleWithSuffix=PairProject,5156 Win64 Development -TargetType=Editor -Project="E:/Staffs Uni/Level 5/Technical Games Production/Pair/TGPPairProject-master/PairProject/PairProject.uproject" -canskiplink "E:/Staffs Uni/Level 5/Technical Games Production/Pair/TGPPairProject-master/PairProject/PairProject.uproject" ]
[2019.01.06-17.33.37:422][397]CompilerResultsLog: New page: Compilation - 6 Jan 2019 17:33:37
[2019.01.06-17.33.37:423][397]CompilerResultsLog: Creating makefile for hot reloading PairProjectEditor (no existing makefile)
[2019.01.06-17.33.37:423][397]CompilerResultsLog: Compiling game modules for hot reload
[2019.01.06-17.33.37:423][397]CompilerResultsLog: Using Visual Studio 2017 14.14.26428 toolchain (C:\Program Files (x86)\Microsoft Visual Studio\2017\Professional\VC\Tools\MSVC\14.14.26428) and Windows 10.0.17134.0 SDK (C:\Program Files (x86)\Windows Kits\10).
[2019.01.06-17.33.37:423][397]CompilerResultsLog: Parsing headers for PairProjectEditor
[2019.01.06-17.33.37:423][397]CompilerResultsLog:   Running UnrealHeaderTool "E:\Staffs Uni\Level 5\Technical Games Production\Pair\TGPPairProject-master\PairProject\PairProject.uproject" "E:\Staffs Uni\Level 5\Technical Games Production\Pair\TGPPairProject-master\PairProject\Intermediate\Build\Win64\PairProjectEditor\Development\PairProjectEditor.uhtmanifest" -LogCmds="loginit warning, logexit warning, logdatabase error" -Unattended -WarningsAsErrors -installed
[2019.01.06-17.33.37:424][397]CompilerResultsLog: Reflection code generated for PairProjectEditor in 12.5805935 seconds
[2019.01.06-17.33.37:424][397]CompilerResultsLog: Building 5 actions with 4 processes...
[2019.01.06-17.33.37:424][397]CompilerResultsLog:   [1/5] PairProject.init.gen.cpp
[2019.01.06-17.33.37:424][397]CompilerResultsLog:   [2/5] BomberEnemy.cpp
[2019.01.06-17.33.37:424][397]CompilerResultsLog:   [3/5] BomberEnemy.gen.cpp
[2019.01.06-17.33.37:424][397]CompilerResultsLog:   [4/5] UE4Editor-PairProject-5156.lib
[2019.01.06-17.33.37:424][397]CompilerResultsLog:      Creating library E:\Staffs Uni\Level 5\Technical Games Production\Pair\TGPPairProject-master\PairProject\Intermediate\Build\Win64\UE4Editor\Development\PairProject\UE4Editor-PairProject-5156.lib and object E:\Staffs Uni\Level 5\Technical Games Production\Pair\TGPPairProject-master\PairProject\Intermediate\Build\Win64\UE4Editor\Development\PairProject\UE4Editor-PairProject-5156.exp
[2019.01.06-17.33.37:424][397]CompilerResultsLog:   [5/5] UE4Editor-PairProject-5156.dll
[2019.01.06-17.33.37:425][397]CompilerResultsLog:      Creating library E:\Staffs Uni\Level 5\Technical Games Production\Pair\TGPPairProject-master\PairProject\Intermediate\Build\Win64\UE4Editor\Development\PairProject\UE4Editor-PairProject-5156.suppressed.lib and object E:\Staffs Uni\Level 5\Technical Games Production\Pair\TGPPairProject-master\PairProject\Intermediate\Build\Win64\UE4Editor\Development\PairProject\UE4Editor-PairProject-5156.suppressed.exp
[2019.01.06-17.33.37:425][397]CompilerResultsLog: Total build time: 26.25 seconds (Parallel executor: 3.65 seconds)
[2019.01.06-17.33.37:425][397]LogMainFrame: MainFrame: Module compiling took 26.668 seconds
[2019.01.06-17.33.37:529][397]LogClass: Could not find existing class BomberEnemy in package /Script/PairProject for HotReload, assuming new class
[2019.01.06-17.33.37:541][397]LogClass: AttackType HotReload.
[2019.01.06-17.33.37:541][397]LogClass: Team HotReload.
[2019.01.06-17.33.37:553][397]LogContentBrowser: Native class hierarchy updated for 'PairProject' in 0.0005 seconds. Added 14 classes and 3 folders.
[2019.01.06-17.33.37:557][397]Display: HotReload successful (19 functions remapped  0 scriptstructs remapped)
[2019.01.06-17.33.38:016][397]LogContentBrowser: Native class hierarchy populated in 0.0104 seconds. Added 2596 classes and 613 folders.
[2019.01.06-17.33.38:040][397]Display: HotReload took 27.5s.
[2019.01.06-17.33.38:042][397]Warning: HotReload operation took 27.5s.
[2019.01.06-17.33.38:315][397]LogSlate: Window 'Add C++ Class' being destroyed
[2019.01.06-17.33.38:451][398]LogHotReload: New module detected: UE4Editor-PairProject-5156.dll
[2019.01.06-17.33.38:476][399]LogHotReload: Starting Hot-Reload from IDE
[2019.01.06-17.33.38:577][399]LogContentBrowser: Native class hierarchy updated for 'PairProject' in 0.0005 seconds. Added 14 classes and 3 folders.
[2019.01.06-17.33.38:581][399]Display: HotReload successful (0 functions remapped  0 scriptstructs remapped)
[2019.01.06-17.33.39:052][399]LogContentBrowser: Native class hierarchy populated in 0.0179 seconds. Added 2596 classes and 613 folders.
[2019.01.06-17.33.39:062][399]Display: HotReload took  0.6s.
[2019.01.06-17.35.36:947][233]LogSlate: Window 'PairProject - Unreal Editor' being destroyed
[2019.01.06-17.35.36:948][233]LogWindowsTextInputMethodSystem: Display: IME system now deactivated.
[2019.01.06-17.35.37:164][234]Cmd: QUIT_EDITOR
[2019.01.06-17.35.37:197][234]LogExit: Preparing to exit.
[2019.01.06-17.35.38:233][234]LogExit: Editor shut down
[2019.01.06-17.35.38:235][234]LogExit: Transaction tracking system shut down
[2019.01.06-17.35.39:008][234]LogExit: Object subsystem successfully closed.
[2019.01.06-17.35.39:034][234]LogShaderCompilers: Display: Shaders left to compile 0
[2019.01.06-17.35.39:038][234]LogD3D11RHI: Shutdown
[2019.01.06-17.35.39:038][234]LogD3D11RHI: CleanupD3DDevice
[2019.01.06-17.35.39:041][234]LogD3D11RHI: ~FD3D11DynamicRHI
[2019.01.06-17.35.39:086][234]LogModuleManager: Shutting down and abandoning module PairProject (622)
[2019.01.06-17.35.39:086][234]LogModuleManager: Shutting down and abandoning module BlueprintGraph (620)
[2019.01.06-17.35.39:087][234]LogModuleManager: Shutting down and abandoning module MeshBuilder (618)
[2019.01.06-17.35.39:087][234]LogModuleManager: Shutting down and abandoning module HierarchicalLODOutliner (616)
[2019.01.06-17.35.39:087][234]LogModuleManager: Shutting down and abandoning module SceneOutliner (614)
[2019.01.06-17.35.39:087][234]LogModuleManager: Shutting down and abandoning module AddContentDialog (612)
[2019.01.06-17.35.39:087][234]LogModuleManager: Shutting down and abandoning module WidgetCarousel (611)
[2019.01.06-17.35.39:087][234]LogModuleManager: Shutting down and abandoning module EditorWidgets (608)
[2019.01.06-17.35.39:087][234]LogModuleManager: Shutting down and abandoning module CollectionManager (606)
[2019.01.06-17.35.39:088][234]LogModuleManager: Shutting down and abandoning module StatsViewer (604)
[2019.01.06-17.35.39:088][234]LogModuleManager: Shutting down and abandoning module FoliageEdit (602)
[2019.01.06-17.35.39:088][234]LogModuleManager: Shutting down and abandoning module LandscapeEditor (600)
[2019.01.06-17.35.39:088][234]LogModuleManager: Shutting down and abandoning module MeshPaintMode (598)
[2019.01.06-17.35.39:088][234]LogModuleManager: Shutting down and abandoning module SceneDepthPickerMode (596)
[2019.01.06-17.35.39:088][234]LogModuleManager: Shutting down and abandoning module ActorPickerMode (594)
[2019.01.06-17.35.39:088][234]LogModuleManager: Shutting down and abandoning module GeometryMode (592)
[2019.01.06-17.35.39:088][234]LogModuleManager: Shutting down and abandoning module TextureAlignMode (590)
[2019.01.06-17.35.39:089][234]LogModuleManager: Shutting down and abandoning module BspMode (588)
[2019.01.06-17.35.39:089][234]LogModuleManager: Shutting down and abandoning module PIEPreviewDeviceProfileSelector (586)
[2019.01.06-17.35.39:089][234]LogModuleManager: Shutting down and abandoning module SequenceRecorderSections (584)
[2019.01.06-17.35.39:089][234]LogModuleManager: Shutting down and abandoning module AutomationWorker (582)
[2019.01.06-17.35.39:089][234]LogModuleManager: Shutting down and abandoning module AudioCaptureEditor (580)
[2019.01.06-17.35.39:089][234]LogModuleManager: Shutting down and abandoning module SequenceRecorder (579)
[2019.01.06-17.35.39:089][234]LogModuleManager: Shutting down and abandoning module MatineeToLevelSequence (576)
[2019.01.06-17.35.39:089][234]LogModuleManager: Shutting down and abandoning module LevelSequenceEditor (574)
[2019.01.06-17.35.39:089][234]LogModuleManager: Shutting down and abandoning module PlacementMode (573)
[2019.01.06-17.35.39:089][234]LogModuleManager: Shutting down and abandoning module MaterialEditor (572)
[2019.01.06-17.35.39:090][234]LogModuleManager: Shutting down and abandoning module WmfMediaFactory (568)
[2019.01.06-17.35.39:090][234]LogModuleManager: Shutting down and abandoning module WmfMediaEditor (566)
[2019.01.06-17.35.39:090][234]LogModuleManager: Shutting down and abandoning module MediaPlayerEditor (564)
[2019.01.06-17.35.39:090][234]LogModuleManager: Shutting down and abandoning module OpenExrWrapper (562)
[2019.01.06-17.35.39:090][234]LogModuleManager: Shutting down and abandoning module ImgMediaFactory (560)
[2019.01.06-17.35.39:090][234]LogModuleManager: Shutting down and abandoning module ImgMediaEditor (558)
[2019.01.06-17.35.39:090][234]LogModuleManager: Shutting down and abandoning module AvfMediaFactory (556)
[2019.01.06-17.35.39:090][234]LogModuleManager: Shutting down and abandoning module AvfMediaEditor (554)
[2019.01.06-17.35.39:090][234]LogModuleManager: Shutting down and abandoning module AndroidMediaFactory (552)
[2019.01.06-17.35.39:090][234]LogModuleManager: Shutting down and abandoning module AndroidMediaEditor (550)
[2019.01.06-17.35.39:091][234]LogModuleManager: Shutting down and abandoning module MagicLeapCameraPreviewFactory (548)
[2019.01.06-17.35.39:091][234]LogModuleManager: Shutting down and abandoning module MagicLeapMediaFactory (546)
[2019.01.06-17.35.39:091][234]LogModuleManager: Shutting down and abandoning module MagicLeapMediaEditor (544)
[2019.01.06-17.35.39:091][234]LogModuleManager: Shutting down and abandoning module CharacterAI (542)
[2019.01.06-17.35.39:091][234]LogModuleManager: Shutting down and abandoning module SmartSnapping (540)
[2019.01.06-17.35.39:091][234]LogModuleManager: Shutting down and abandoning module SessionServices (538)
[2019.01.06-17.35.39:091][234]LogModuleManager: Shutting down and abandoning module ViewportSnapping (536)
[2019.01.06-17.35.39:091][234]LogModuleManager: Shutting down and abandoning module ViewportInteraction (534)
[2019.01.06-17.35.39:091][234]LogModuleManager: Shutting down and abandoning module ClothPainter (532)
[2019.01.06-17.35.39:091][234]LogModuleManager: Shutting down and abandoning module SkeletalMeshEditor (531)
[2019.01.06-17.35.39:092][234]LogModuleManager: Shutting down and abandoning module LogVisualizer (528)
[2019.01.06-17.35.39:092][234]LogModuleManager: Shutting down and abandoning module IntroTutorials (526)
[2019.01.06-17.35.39:092][234]LogModuleManager: Shutting down and abandoning module GameProjectGeneration (525)
[2019.01.06-17.35.39:092][234]LogModuleManager: Shutting down and abandoning module LuminPlatformEditor (522)
[2019.01.06-17.35.39:092][234]LogModuleManager: Shutting down and abandoning module IOSPlatformEditor (520)
[2019.01.06-17.35.39:092][234]LogModuleManager: Shutting down and abandoning module HTML5PlatformEditor (518)
[2019.01.06-17.35.39:092][234]LogModuleManager: Shutting down and abandoning module AndroidPlatformEditor (516)
[2019.01.06-17.35.39:092][234]LogModuleManager: Shutting down and abandoning module AndroidDeviceDetection (515)
[2019.01.06-17.35.39:686][234]LogModuleManager: Shutting down and abandoning module WindowsPlatformEditor (512)
[2019.01.06-17.35.39:686][234]LogModuleManager: Shutting down and abandoning module LuminRuntimeSettings (510)
[2019.01.06-17.35.39:686][234]LogModuleManager: Shutting down and abandoning module IOSRuntimeSettings (508)
[2019.01.06-17.35.39:686][234]LogModuleManager: Shutting down and abandoning module AndroidRuntimeSettings (506)
[2019.01.06-17.35.39:686][234]LogModuleManager: Shutting down and abandoning module InputBindingEditor (504)
[2019.01.06-17.35.39:686][234]LogModuleManager: Shutting down and abandoning module MergeActors (502)
[2019.01.06-17.35.39:686][234]LogModuleManager: Shutting down and abandoning module LocalizationDashboard (500)
[2019.01.06-17.35.39:686][234]LogModuleManager: Shutting down and abandoning module LocalizationService (499)
[2019.01.06-17.35.39:687][234]LogModuleManager: Shutting down and abandoning module HardwareTargeting (496)
[2019.01.06-17.35.39:687][234]LogModuleManager: Shutting down and abandoning module DeviceProfileEditor (494)
[2019.01.06-17.35.39:687][234]LogModuleManager: Shutting down and abandoning module UndoHistory (492)
[2019.01.06-17.35.39:687][234]LogModuleManager: Shutting down and abandoning module XmlParser (490)
[2019.01.06-17.35.39:687][234]LogModuleManager: Shutting down and abandoning module Blutility (488)
[2019.01.06-17.35.39:687][234]LogModuleManager: Shutting down and abandoning module ProjectSettingsViewer (486)
[2019.01.06-17.35.39:687][234]LogModuleManager: Shutting down and abandoning module ProjectTargetPlatformEditor (485)
[2019.01.06-17.35.39:687][234]LogModuleManager: Shutting down and abandoning module EditorSettingsViewer (482)
[2019.01.06-17.35.39:687][234]LogModuleManager: Shutting down and abandoning module SettingsEditor (480)
[2019.01.06-17.35.39:687][234]LogModuleManager: Shutting down and abandoning module ProjectLauncher (478)
[2019.01.06-17.35.39:688][234]LogModuleManager: Shutting down and abandoning module SessionFrontend (476)
[2019.01.06-17.35.39:688][234]LogModuleManager: Shutting down and abandoning module ProfilerClient (474)
[2019.01.06-17.35.39:688][234]LogModuleManager: Shutting down and abandoning module DeviceManager (472)
[2019.01.06-17.35.39:688][234]LogModuleManager: Shutting down and abandoning module TargetDeviceServices (471)
[2019.01.06-17.35.39:755][234]LogModuleManager: Shutting down and abandoning module AutomationController (468)
[2019.01.06-17.35.39:756][234]LogModuleManager: Shutting down and abandoning module AutomationWindow (466)
[2019.01.06-17.35.39:756][234]LogModuleManager: Shutting down and abandoning module Layers (464)
[2019.01.06-17.35.39:756][234]LogModuleManager: Shutting down and abandoning module ComponentVisualizers (462)
[2019.01.06-17.35.39:757][234]LogModuleManager: Shutting down and abandoning module DetailCustomizations (460)
[2019.01.06-17.35.39:757][234]LogModuleManager: Shutting down and abandoning module PackagesDialog (458)
[2019.01.06-17.35.39:758][234]LogModuleManager: Shutting down and abandoning module Persona (456)
[2019.01.06-17.35.39:758][234]LogModuleManager: Shutting down and abandoning module AdvancedPreviewScene (455)
[2019.01.06-17.35.39:758][234]LogModuleManager: Shutting down and abandoning module AnimGraph (453)
[2019.01.06-17.35.39:758][234]LogModuleManager: Shutting down and abandoning module Kismet (450)
[2019.01.06-17.35.39:768][234]LogModuleManager: Shutting down and abandoning module GraphEditor (448)
[2019.01.06-17.35.39:768][234]LogModuleManager: Shutting down and abandoning module ClassViewer (446)
[2019.01.06-17.35.39:770][234]LogModuleManager: Shutting down and abandoning module Toolbox (444)
[2019.01.06-17.35.39:770][234]LogModuleManager: Shutting down and abandoning module DesktopPlatform (443)
[2019.01.06-17.35.39:770][234]LogModuleManager: Shutting down and abandoning module ModuleUI (440)
[2019.01.06-17.35.39:770][234]LogModuleManager: Shutting down and abandoning module MovieSceneTools (438)
[2019.01.06-17.35.39:771][234]LogModuleManager: Shutting down and abandoning module OutputLog (436)
[2019.01.06-17.35.39:771][234]LogModuleManager: Shutting down and abandoning module GammaUI (434)
[2019.01.06-17.35.39:771][234]LogModuleManager: Shutting down and abandoning module Documentation (432)
[2019.01.06-17.35.39:771][234]LogModuleManager: Shutting down and abandoning module MovieSceneTracks (430)
[2019.01.06-17.35.39:771][234]LogModuleManager: Shutting down and abandoning module MovieScene (428)
[2019.01.06-17.35.39:771][234]LogModuleManager: Shutting down and abandoning module StreamingPauseRendering (426)
[2019.01.06-17.35.39:772][234]LogModuleManager: Shutting down and abandoning module LauncherPlatform (424)
[2019.01.06-17.35.39:772][234]LogModuleManager: Shutting down and abandoning module AnalyticsET (422)
[2019.01.06-17.35.39:772][234]LogModuleManager: Shutting down and abandoning module PortalServices (420)
[2019.01.06-17.35.39:772][234]LogModuleManager: Shutting down and abandoning module PortalRpc (418)
[2019.01.06-17.35.39:772][234]LogModuleManager: Shutting down and abandoning module MessagingRpc (416)
[2019.01.06-17.35.39:772][234]LogModuleManager: Shutting down and abandoning module AIModule (414)
[2019.01.06-17.35.39:773][234]LogModuleManager: Shutting down and abandoning module GameplayDebugger (413)
[2019.01.06-17.35.39:773][234]LogModuleManager: Shutting down and abandoning module AITestSuite (411)
[2019.01.06-17.35.39:773][234]LogModuleManager: Shutting down and abandoning module NavigationSystem (409)
[2019.01.06-17.35.39:773][234]LogModuleManager: Shutting down and abandoning module ProfilerService (406)
[2019.01.06-17.35.40:005][234]LogModuleManager: Shutting down and abandoning module TaskGraph (404)
[2019.01.06-17.35.40:005][234]LogModuleManager: Shutting down and abandoning module SteamVRController (402)
[2019.01.06-17.35.40:005][234]LogModuleManager: Shutting down and abandoning module ProceduralMeshComponentEditor (400)
[2019.01.06-17.35.40:005][234]LogModuleManager: Shutting down and abandoning module ProceduralMeshComponent (398)
[2019.01.06-17.35.40:005][234]LogModuleManager: Shutting down and abandoning module OculusInput (396)
[2019.01.06-17.35.40:005][234]LogModuleManager: Shutting down and abandoning module MobilePatchingUtils (394)
[2019.01.06-17.35.40:005][234]LogModuleManager: Shutting down and abandoning module EditableMesh (392)
[2019.01.06-17.35.40:005][234]LogModuleManager: Shutting down and abandoning module CustomMeshComponent (390)
[2019.01.06-17.35.40:005][234]LogModuleManager: Shutting down and abandoning module CableComponent (388)
[2019.01.06-17.35.40:005][234]LogModuleManager: Shutting down and abandoning module AudioCapture (386)
[2019.01.06-17.35.40:006][234]LogModuleManager: Shutting down and abandoning module ArchVisCharacter (384)
[2019.01.06-17.35.40:006][234]LogModuleManager: Shutting down and abandoning module AndroidPermission (382)
[2019.01.06-17.35.40:006][234]LogModuleManager: Shutting down and abandoning module NUTUnrealEngine4 (380)
[2019.01.06-17.35.40:006][234]LogModuleManager: Shutting down and abandoning module NetcodeUnitTest (378)
[2019.01.06-17.35.40:006][234]LogModuleManager: Shutting down and abandoning module MediaCompositingEditor (376)
[2019.01.06-17.35.40:006][234]LogModuleManager: Shutting down and abandoning module MediaCompositing (374)
[2019.01.06-17.35.40:006][234]LogModuleManager: Shutting down and abandoning module LinearTimecode (372)
[2019.01.06-17.35.40:006][234]LogModuleManager: Shutting down and abandoning module ImgMedia (370)
[2019.01.06-17.35.40:024][234]LogModuleManager: Shutting down and abandoning module HTML5Networking (368)
[2019.01.06-17.35.40:024][234]LogModuleManager: Shutting down and abandoning module GeometryCacheTracks (366)
[2019.01.06-17.35.40:024][234]LogModuleManager: Shutting down and abandoning module GeometryCacheSequencer (364)
[2019.01.06-17.35.40:024][234]LogModuleManager: Shutting down and abandoning module BackChannel (362)
[2019.01.06-17.35.40:024][234]LogModuleManager: Shutting down and abandoning module AppleVision (360)
[2019.01.06-17.35.40:024][234]LogModuleManager: Shutting down and abandoning module AppleImageUtils (358)
[2019.01.06-17.35.40:024][234]LogModuleManager: Shutting down and abandoning module AlembicImporter (356)
[2019.01.06-17.35.40:025][234]LogModuleManager: Shutting down and abandoning module AlembicLibrary (355)
[2019.01.06-17.35.40:025][234]LogModuleManager: Shutting down and abandoning module GeometryCache (354)
[2019.01.06-17.35.40:025][234]LogModuleManager: Shutting down and abandoning module GeometryCacheEd (353)
[2019.01.06-17.35.40:025][234]LogModuleManager: Shutting down and abandoning module DatasmithContentEditor (348)
[2019.01.06-17.35.40:025][234]LogModuleManager: Shutting down and abandoning module DatasmithContent (346)
[2019.01.06-17.35.40:027][234]LogModuleManager: Shutting down and abandoning module SpeedTreeImporter (344)
[2019.01.06-17.35.40:027][234]LogModuleManager: Shutting down and abandoning module PluginBrowser (342)
[2019.01.06-17.35.40:027][234]LogModuleManager: Shutting down and abandoning module MobileLauncherProfileWizard (340)
[2019.01.06-17.35.40:028][234]LogModuleManager: Shutting down and abandoning module PolygonModeling (338)
[2019.01.06-17.35.40:028][234]LogModuleManager: Shutting down and abandoning module MeshEditor (336)
[2019.01.06-17.35.40:028][234]LogModuleManager: Shutting down and abandoning module CryptoKeysOpenSSL (334)
[2019.01.06-17.35.40:028][234]LogModuleManager: Shutting down and abandoning module CryptoKeys (332)
[2019.01.06-17.35.40:028][234]LogModuleManager: Shutting down and abandoning module VisualStudioSourceCodeAccess (330)
[2019.01.06-17.35.40:028][234]LogModuleManager: Shutting down and abandoning module VisualStudioCodeSourceCodeAccess (328)
[2019.01.06-17.35.40:028][234]LogModuleManager: Shutting down and abandoning module UObjectPlugin (326)
[2019.01.06-17.35.40:028][234]LogModuleManager: Shutting down and abandoning module SubversionSourceControl (324)
[2019.01.06-17.35.40:028][234]LogModuleManager: Shutting down and abandoning module PerforceSourceControl (322)
[2019.01.06-17.35.40:028][234]LogModuleManager: Shutting down and abandoning module GitSourceControl (320)
[2019.01.06-17.35.40:029][234]LogModuleManager: Shutting down and abandoning module SourceControl (319)
[2019.01.06-17.35.40:029][234]LogModuleManager: Shutting down and abandoning module CLionSourceCodeAccess (316)
[2019.01.06-17.35.40:029][234]LogModuleManager: Shutting down and abandoning module LightPropagationVolumeEditor (314)
[2019.01.06-17.35.40:029][234]LogModuleManager: Shutting down and abandoning module PaperTiledImporter (312)
[2019.01.06-17.35.40:029][234]LogModuleManager: Shutting down and abandoning module PaperSpriteSheetImporter (310)
[2019.01.06-17.35.40:029][234]LogModuleManager: Shutting down and abandoning module Paper2DEditor (308)
[2019.01.06-17.35.40:030][234]LogModuleManager: Shutting down and abandoning module MeshPaint (307)
[2019.01.06-17.35.40:030][234]LogModuleManager: Shutting down and abandoning module RuntimePhysXCooking (302)
[2019.01.06-17.35.40:030][234]LogModuleManager: Shutting down and abandoning module PhysXVehiclesEditor (300)
[2019.01.06-17.35.40:030][234]LogModuleManager: Shutting down and abandoning module PhysXVehicles (298)
[2019.01.06-17.35.40:030][234]LogModuleManager: Shutting down and abandoning module OculusEditor (296)
[2019.01.06-17.35.40:030][234]LogModuleManager: Shutting down and abandoning module LocationServicesBPLibrary (294)
[2019.01.06-17.35.40:030][234]LogModuleManager: Shutting down and abandoning module ImmediatePhysicsEditor (292)
[2019.01.06-17.35.40:030][234]LogModuleManager: Shutting down and abandoning module ImmediatePhysics (290)
[2019.01.06-17.35.40:030][234]LogModuleManager: Shutting down and abandoning module ApexDestructionEditor (288)
[2019.01.06-17.35.40:030][234]LogModuleManager: Shutting down and abandoning module ApexDestruction (286)
[2019.01.06-17.35.40:030][234]LogModuleManager: Shutting down and abandoning module ActorSequence (284)
[2019.01.06-17.35.40:031][234]LogModuleManager: Shutting down and abandoning module UdpMessaging (282)
[2019.01.06-17.35.40:132][234]LogModuleManager: Shutting down and abandoning module TcpMessaging (280)
[2019.01.06-17.35.40:233][234]LogModuleManager: Shutting down and abandoning module MagicLeapAudio (278)
[2019.01.06-17.35.40:233][234]LogModuleManager: Shutting down and abandoning module GameplayTagsEditor (276)
[2019.01.06-17.35.40:233][234]LogModuleManager: Shutting down and abandoning module FacialAnimationEditor (274)
[2019.01.06-17.35.40:233][234]LogModuleManager: Shutting down and abandoning module FacialAnimation (272)
[2019.01.06-17.35.40:233][234]LogModuleManager: Shutting down and abandoning module DataValidation (270)
[2019.01.06-17.35.40:233][234]LogModuleManager: Shutting down and abandoning module AssetManagerEditor (268)
[2019.01.06-17.35.40:233][234]LogModuleManager: Shutting down and abandoning module LevelEditor (267)
[2019.01.06-17.35.40:234][234]LogModuleManager: Shutting down and abandoning module PixelInspectorModule (266)
[2019.01.06-17.35.40:235][234]LogModuleManager: Shutting down and abandoning module CommonMenuExtensions (264)
[2019.01.06-17.35.40:235][234]LogModuleManager: Shutting down and abandoning module MainFrame (262)
[2019.01.06-17.35.40:235][234]LogModuleManager: Shutting down and abandoning module HotReload (261)
[2019.01.06-17.35.40:236][234]LogModuleManager: Shutting down and abandoning module ContentBrowser (257)
[2019.01.06-17.35.40:237][234]LogModuleManager: Shutting down and abandoning module TreeMap (255)
[2019.01.06-17.35.40:237][234]LogModuleManager: Shutting down and abandoning module LightPropagationVolumeRuntime (252)
[2019.01.06-17.35.40:237][234]LogModuleManager: Shutting down and abandoning module AISupportModule (250)
[2019.01.06-17.35.40:237][234]LogModuleManager: Shutting down and abandoning module Paper2D (248)
[2019.01.06-17.35.40:238][234]LogModuleManager: Shutting down and abandoning module WindowsMoviePlayer (246)
[2019.01.06-17.35.40:238][234]LogModuleManager: Shutting down and abandoning module WmfMedia (244)
[2019.01.06-17.35.40:240][234]LogModuleManager: Shutting down and abandoning module Media (243)
[2019.01.06-17.35.40:247][234]LogModuleManager: Shutting down and abandoning module PacketHandler (240)
[2019.01.06-17.35.40:247][234]LogModuleManager: Shutting down and abandoning module ClothingSystemEditor (238)
[2019.01.06-17.35.40:247][234]LogModuleManager: Shutting down and abandoning module ClothingSystemRuntime (236)
[2019.01.06-17.35.40:247][234]LogModuleManager: Shutting down and abandoning module MediaAssets (234)
[2019.01.06-17.35.40:247][234]LogModuleManager: Shutting down and abandoning module Overlay (232)
[2019.01.06-17.35.40:247][234]LogModuleManager: Shutting down and abandoning module OverlayEditor (231)
[2019.01.06-17.35.40:248][234]LogModuleManager: Shutting down and abandoning module VREditor (228)
[2019.01.06-17.35.40:248][234]LogModuleManager: Shutting down and abandoning module StringTableEditor (226)
[2019.01.06-17.35.40:248][234]LogModuleManager: Shutting down and abandoning module GameplayTasksEditor (224)
[2019.01.06-17.35.40:248][234]LogModuleManager: Shutting down and abandoning module BehaviorTreeEditor (222)
[2019.01.06-17.35.40:248][234]LogModuleManager: Shutting down and abandoning module FunctionalTesting (220)
[2019.01.06-17.35.40:248][234]LogModuleManager: Shutting down and abandoning module CollisionAnalyzer (218)
[2019.01.06-17.35.40:249][234]LogModuleManager: Shutting down and abandoning module WorkspaceMenuStructure (217)
[2019.01.06-17.35.40:249][234]LogModuleManager: Shutting down and abandoning module UMG (214)
[2019.01.06-17.35.40:249][234]LogModuleManager: Shutting down and abandoning module UMGEditor (213)
[2019.01.06-17.35.40:249][234]LogModuleManager: Shutting down and abandoning module Sequencer (212)
[2019.01.06-17.35.40:249][234]LogModuleManager: Shutting down and abandoning module MessageLog (209)
[2019.01.06-17.35.40:250][234]LogModuleManager: Shutting down and abandoning module SlateReflector (204)
[2019.01.06-17.35.40:250][234]LogModuleManager: Shutting down and abandoning module Slate (202)
[2019.01.06-17.35.40:250][234]LogModuleManager: Shutting down and abandoning module EditorStyle (200)
[2019.01.06-17.35.40:252][234]LogModuleManager: Shutting down and abandoning module MRMesh (198)
[2019.01.06-17.35.40:252][234]LogModuleManager: Shutting down and abandoning module SourceCodeAccess (196)
[2019.01.06-17.35.40:252][234]LogModuleManager: Shutting down and abandoning module HeadMountedDisplay (194)
[2019.01.06-17.35.40:252][234]LogModuleManager: Shutting down and abandoning module XAudio2 (192)
[2019.01.06-17.35.40:253][234]LogModuleManager: Shutting down and abandoning module Networking (190)
[2019.01.06-17.35.40:253][234]LogModuleManager: Shutting down and abandoning module Core (188)
[2019.01.06-17.35.40:253][234]LogModuleManager: Shutting down and abandoning module LevelSequence (186)
[2019.01.06-17.35.40:253][234]LogModuleManager: Shutting down and abandoning module KismetCompiler (184)
[2019.01.06-17.35.40:253][234]LogModuleManager: Shutting down and abandoning module MeshUtilities (182)
[2019.01.06-17.35.40:253][234]LogModuleManager: Shutting down and abandoning module MeshMergeUtilities (181)
[2019.01.06-17.35.40:253][234]LogModuleManager: Shutting down and abandoning module MeshReductionInterface (180)
[2019.01.06-17.35.40:253][234]LogModuleManager: Shutting down and abandoning module SimplygonSwarm (179)
[2019.01.06-17.35.40:254][234]LogModuleManager: Shutting down and abandoning module ProxyLODMeshReduction (177)
[2019.01.06-17.35.40:254][234]LogModuleManager: Shutting down and abandoning module SimplygonMeshReduction (175)
[2019.01.06-17.35.40:254][234]LogModuleManager: Shutting down and abandoning module QuadricMeshReduction (173)
[2019.01.06-17.35.40:254][234]LogModuleManager: Shutting down and abandoning module MaterialBaking (169)
[2019.01.06-17.35.40:254][234]LogModuleManager: Shutting down and abandoning module DirectoryWatcher (165)
[2019.01.06-17.35.40:254][234]LogModuleManager: Shutting down and abandoning module DerivedDataCache (162)
[2019.01.06-17.35.40:336][234]LogDerivedDataCache: Shutdown
[2019.01.06-17.35.40:336][234]LogModuleManager: Shutting down and abandoning module XGEController (160)
[2019.01.06-17.35.40:336][234]LogXGEController: Cleaning working directory: C:/Users/c013767h.STUDENT/AppData/Local/Temp/UnrealXGEWorkingDir/
[2019.01.06-17.35.40:337][234]LogModuleManager: Shutting down and abandoning module TargetPlatform (158)
[2019.01.06-17.35.40:337][234]LogModuleManager: Shutting down and abandoning module VulkanShaderFormat (157)
[2019.01.06-17.35.40:337][234]LogModuleManager: Shutting down and abandoning module ShaderFormatVectorVM (155)
[2019.01.06-17.35.40:337][234]LogModuleManager: Shutting down and abandoning module ShaderFormatOpenGL (153)
[2019.01.06-17.35.40:337][234]LogModuleManager: Shutting down and abandoning module ShaderFormatD3D (151)
[2019.01.06-17.35.40:337][234]LogModuleManager: Shutting down and abandoning module MetalShaderFormat (149)
[2019.01.06-17.35.40:337][234]LogModuleManager: Shutting down and abandoning module TextureFormatUncompressed (147)
[2019.01.06-17.35.40:338][234]LogModuleManager: Shutting down and abandoning module TextureFormatPVR (145)
[2019.01.06-17.35.40:339][234]LogModuleManager: Shutting down and abandoning module TextureFormatDXT (143)
[2019.01.06-17.35.40:339][234]LogModuleManager: Shutting down and abandoning module TextureFormatIntelISPCTexComp (141)
[2019.01.06-17.35.40:340][234]LogModuleManager: Shutting down and abandoning module TextureFormatASTC (139)
[2019.01.06-17.35.40:340][234]LogModuleManager: Shutting down and abandoning module ImageWrapper (138)
[2019.01.06-17.35.40:340][234]LogModuleManager: Shutting down and abandoning module TextureFormatAndroid (135)
[2019.01.06-17.35.40:340][234]LogModuleManager: Shutting down and abandoning module AudioFormatOpus (133)
[2019.01.06-17.35.40:341][234]LogModuleManager: Shutting down and abandoning module AudioFormatOgg (131)
[2019.01.06-17.35.40:341][234]LogModuleManager: Shutting down and abandoning module AudioFormatADPCM (129)
[2019.01.06-17.35.40:341][234]LogModuleManager: Shutting down and abandoning module LuminTargetPlatform (127)
[2019.01.06-17.35.40:341][234]LogModuleManager: Shutting down and abandoning module LinuxTargetPlatform (125)
[2019.01.06-17.35.40:341][234]LogModuleManager: Shutting down and abandoning module LinuxServerTargetPlatform (123)
[2019.01.06-17.35.40:341][234]LogModuleManager: Shutting down and abandoning module LinuxNoEditorTargetPlatform (121)
[2019.01.06-17.35.40:341][234]LogModuleManager: Shutting down and abandoning module LinuxClientTargetPlatform (119)
[2019.01.06-17.35.40:341][234]LogModuleManager: Shutting down and abandoning module TVOSTargetPlatform (117)
[2019.01.06-17.35.40:343][234]LogModuleManager: Shutting down and abandoning module Messaging (115)
[2019.01.06-17.35.40:343][234]LogModuleManager: Shutting down and abandoning module IOSTargetPlatform (113)
[2019.01.06-17.35.40:344][234]LogModuleManager: Shutting down and abandoning module HTML5TargetPlatform (111)
[2019.01.06-17.35.40:344][234]LogModuleManager: Shutting down and abandoning module AndroidTargetPlatform (109)
[2019.01.06-17.35.40:351][234]LogModuleManager: Shutting down and abandoning module WindowsTargetPlatform (107)
[2019.01.06-17.35.40:351][234]LogModuleManager: Shutting down and abandoning module WindowsServerTargetPlatform (105)
[2019.01.06-17.35.40:351][234]LogModuleManager: Shutting down and abandoning module WindowsNoEditorTargetPlatform (103)
[2019.01.06-17.35.40:351][234]LogModuleManager: Shutting down and abandoning module WindowsClientTargetPlatform (101)
[2019.01.06-17.35.40:351][234]LogModuleManager: Shutting down and abandoning module MacTargetPlatform (99)
[2019.01.06-17.35.40:351][234]LogModuleManager: Shutting down and abandoning module MacServerTargetPlatform (97)
[2019.01.06-17.35.40:351][234]LogModuleManager: Shutting down and abandoning module MacNoEditorTargetPlatform (95)
[2019.01.06-17.35.40:352][234]LogModuleManager: Shutting down and abandoning module MacClientTargetPlatform (93)
[2019.01.06-17.35.40:352][234]LogModuleManager: Shutting down and abandoning module AllDesktopTargetPlatform (91)
[2019.01.06-17.35.40:352][234]LogModuleManager: Shutting down and abandoning module InputCore (88)
[2019.01.06-17.35.40:352][234]LogModuleManager: Shutting down and abandoning module Settings (86)
[2019.01.06-17.35.40:352][234]LogModuleManager: Shutting down and abandoning module PhysXCooking (84)
[2019.01.06-17.35.40:352][234]LogModuleManager: Shutting down and abandoning module SteamVR (82)
[2019.01.06-17.35.40:353][234]LogModuleManager: Shutting down and abandoning module OculusHMD (80)
[2019.01.06-17.35.40:353][234]LogModuleManager: Shutting down and abandoning module ExampleDeviceProfileSelector (78)
[2019.01.06-17.35.40:353][234]LogModuleManager: Shutting down and abandoning module LauncherChunkInstaller (76)
[2019.01.06-17.35.40:353][234]LogModuleManager: Shutting down and abandoning module OnlineBlueprintSupport (74)
[2019.01.06-17.35.40:353][234]LogModuleManager: Shutting down and abandoning module OnlineSubsystem (70)
[2019.01.06-17.35.40:354][234]LogModuleManager: Shutting down and abandoning module XMPP (65)
[2019.01.06-17.35.40:355][234]LogModuleManager: Shutting down and abandoning module WebSockets (64)
[2019.01.06-17.35.40:360][234]LogModuleManager: Shutting down and abandoning module HTTP (61)
[2019.01.06-17.35.40:360][234]LogHttp: Display: Http module shutting down, but needs to wait on 1 outstanding Http requests:
[2019.01.06-17.35.40:360][234]LogHttp: Display: 	verb=[POST] url=[https://datarouter.ol.epicgames.com/datarouter/api/v1/public/data?SessionID=%7BC9CC9417-4766-3D79-8960-94B3BC3D59E7%7D&AppID=UEEditor.Rocket.Release&AppVersion=4.20.3-4369336%2B%2B%2BUE4%2BRelease-4.20&UserID=44c9e7594b135b8ff9f642ae472475c3%7C8ec15df8aecb4d8492a8af43ac10b70b%7C6859e6fe-a307-4c78-9b87-ec2884ab9362&AppEnvironment=datacollector-binary&UploadType=eteventstream] status=Processing
[2019.01.06-17.35.40:391][234]LogModuleManager: Shutting down and abandoning module SSL (60)
[2019.01.06-17.35.40:393][234]LogModuleManager: Shutting down and abandoning module MagicLeapEmulator (56)
[2019.01.06-17.35.40:393][234]LogModuleManager: Shutting down and abandoning module MagicLeapPrivileges (54)
[2019.01.06-17.35.40:393][234]LogModuleManager: Shutting down and abandoning module MagicLeapIdentity (52)
[2019.01.06-17.35.40:393][234]LogModuleManager: Shutting down and abandoning module MagicLeapHelperVulkan (50)
[2019.01.06-17.35.40:393][234]LogModuleManager: Shutting down and abandoning module MagicLeapHelperOpenGL (48)
[2019.01.06-17.35.40:393][234]LogModuleManager: Shutting down and abandoning module MagicLeapSecureStorage (46)
[2019.01.06-17.35.40:393][234]LogModuleManager: Shutting down and abandoning module MagicLeapGestures (44)
[2019.01.06-17.35.40:394][234]LogModuleManager: Shutting down and abandoning module MagicLeapEyeTracker (42)
[2019.01.06-17.35.40:394][234]LogModuleManager: Shutting down and abandoning module MagicLeapController (40)
[2019.01.06-17.35.40:394][234]LogSlate: Slate User Destroyed.  User Index 0, Is Virtual User: 0
[2019.01.06-17.35.40:394][234]LogModuleManager: Shutting down and abandoning module MagicLeap (38)
[2019.01.06-17.35.40:394][234]LogModuleManager: Shutting down and abandoning module AnimationModifiers (36)
[2019.01.06-17.35.40:395][234]LogModuleManager: Shutting down and abandoning module PropertyEditor (35)
[2019.01.06-17.35.40:395][234]LogModuleManager: Shutting down and abandoning module AudioEditor (32)
[2019.01.06-17.35.40:395][234]LogModuleManager: Shutting down and abandoning module TextureCompressor (30)
[2019.01.06-17.35.40:395][234]LogModuleManager: Shutting down and abandoning module ShaderCore (28)
[2019.01.06-17.35.40:395][234]LogModuleManager: Shutting down and abandoning module Landscape (26)
[2019.01.06-17.35.40:395][234]LogModuleManager: Shutting down and abandoning module SlateRHIRenderer (24)
[2019.01.06-17.35.40:396][234]LogModuleManager: Shutting down and abandoning module OpenGLDrv (22)
[2019.01.06-17.35.40:396][234]LogModuleManager: Shutting down and abandoning module D3D11RHI (20)
[2019.01.06-17.35.40:396][234]LogModuleManager: Shutting down and abandoning module AnimGraphRuntime (18)
[2019.01.06-17.35.40:396][234]LogModuleManager: Shutting down and abandoning module Renderer (16)
[2019.01.06-17.35.40:396][234]LogModuleManager: Shutting down and abandoning module Engine (14)
[2019.01.06-17.35.40:397][234]LogModuleManager: Shutting down and abandoning module CoreUObject (12)
[2019.01.06-17.35.40:397][234]LogModuleManager: Shutting down and abandoning module NetworkFile (10)
[2019.01.06-17.35.40:397][234]LogModuleManager: Shutting down and abandoning module CookedIterativeFile (8)
[2019.01.06-17.35.40:397][234]LogModuleManager: Shutting down and abandoning module StreamingFile (6)
[2019.01.06-17.35.40:397][234]LogModuleManager: Shutting down and abandoning module SandboxFile (4)
[2019.01.06-17.35.40:397][234]LogModuleManager: Shutting down and abandoning module PakFile (2)
[2019.01.06-17.35.40:407][234]LogExit: Exiting.
[2019.01.06-17.35.40:447][234]Log file closed, 01/06/19 17:35:40
