Log file open, 01/06/19 15:24:22
LogWindows: Failed to load 'aqProf.dll' (GetLastError=126)
LogWindows: File 'aqProf.dll' does not exist
LogWindows: Failed to load 'VSPerf140.dll' (GetLastError=126)
LogWindows: File 'VSPerf140.dll' does not exist
LogWindows: Failed to load 'VtuneApi.dll' (GetLastError=126)
LogWindows: File 'VtuneApi.dll' does not exist
LogWindows: Failed to load 'VtuneApi32e.dll' (GetLastError=126)
LogWindows: File 'VtuneApi32e.dll' does not exist
LogInit: Display: Running engine for game: PairProject
LogPlatformFile: Not using cached read wrapper
LogTaskGraph: Started task graph with 5 named threads and 35 total threads with 3 sets of task threads.
LogStats: Stats thread started at 0.546999
LogD3D11RHI: Loaded GFSDK_Aftermath_Lib.x64.dll
LogICUInternationalization: Display: ICU TimeZone Detection - Raw Offset: +0:00, Platform Override: ''
LogPluginManager: Mounting plugin Paper2D
LogPluginManager: Mounting plugin AISupport
LogPluginManager: Mounting plugin LightPropagationVolume
LogPluginManager: Mounting plugin CLionSourceCodeAccess
LogPluginManager: Mounting plugin CodeLiteSourceCodeAccess
LogPluginManager: Mounting plugin GitSourceControl
LogPluginManager: Mounting plugin KDevelopSourceCodeAccess
LogPluginManager: Mounting plugin NullSourceCodeAccess
LogPluginManager: Mounting plugin PerforceSourceControl
LogPluginManager: Mounting plugin SubversionSourceControl
LogPluginManager: Mounting plugin UObjectPlugin
LogPluginManager: Mounting plugin VisualStudioCodeSourceCodeAccess
LogPluginManager: Mounting plugin VisualStudioSourceCodeAccess
LogPluginManager: Mounting plugin XCodeSourceCodeAccess
LogPluginManager: Mounting plugin AssetManagerEditor
LogPluginManager: Mounting plugin CryptoKeys
LogPluginManager: Mounting plugin DataValidation
LogPluginManager: Mounting plugin FacialAnimation
LogPluginManager: Mounting plugin GameplayTagsEditor
LogPluginManager: Mounting plugin MacGraphicsSwitching
LogPluginManager: Mounting plugin MeshEditor
LogPluginManager: Mounting plugin MobileLauncherProfileWizard
LogPluginManager: Mounting plugin PluginBrowser
LogPluginManager: Mounting plugin SpeedTreeImporter
LogPluginManager: Mounting plugin DatasmithContent
LogPluginManager: Mounting plugin AlembicImporter
LogPluginManager: Mounting plugin AppleImageUtils
LogPluginManager: Mounting plugin AppleVision
LogPluginManager: Mounting plugin BackChannel
LogPluginManager: Mounting plugin CharacterAI
LogPluginManager: Mounting plugin GeometryCache
LogPluginManager: Mounting plugin HTML5Networking
LogPluginManager: Mounting plugin ProxyLODPlugin
LogPluginManager: Mounting plugin MagicLeap
LogPluginManager: Mounting plugin MagicLeapEmulator
LogPluginManager: Mounting plugin MagicLeapMedia
LogPluginManager: Mounting plugin AndroidMedia
LogPluginManager: Mounting plugin AvfMedia
LogPluginManager: Mounting plugin ImgMedia
LogPluginManager: Mounting plugin LinearTimecode
LogPluginManager: Mounting plugin MediaCompositing
LogPluginManager: Mounting plugin MediaPlayerEditor
LogPluginManager: Mounting plugin WmfMedia
LogPluginManager: Mounting plugin TcpMessaging
LogPluginManager: Mounting plugin UdpMessaging
LogPluginManager: Mounting plugin ActorSequence
LogPluginManager: Mounting plugin LevelSequenceEditor
LogPluginManager: Mounting plugin MatineeToLevelSequence
LogPluginManager: Mounting plugin NetcodeUnitTest
LogPluginManager: Mounting plugin NUTUnrealEngine4
LogPluginManager: Mounting plugin OnlineSubsystemGooglePlay
LogPluginManager: Mounting plugin OnlineSubsystemIOS
LogPluginManager: Mounting plugin OnlineSubsystem
LogPluginManager: Mounting plugin OnlineSubsystemNull
LogPluginManager: Mounting plugin OnlineSubsystemUtils
LogPluginManager: Mounting plugin LauncherChunkInstaller
LogPluginManager: Mounting plugin AndroidDeviceProfileSelector
LogPluginManager: Mounting plugin AndroidMoviePlayer
LogPluginManager: Mounting plugin AndroidPermission
LogPluginManager: Mounting plugin ApexDestruction
LogPluginManager: Mounting plugin AppleMoviePlayer
LogPluginManager: Mounting plugin ArchVisCharacter
LogPluginManager: Mounting plugin AudioCapture
LogPluginManager: Mounting plugin CableComponent
LogPluginManager: Mounting plugin CustomMeshComponent
LogPluginManager: Mounting plugin EditableMesh
LogPluginManager: Mounting plugin ExampleDeviceProfileSelector
LogPluginManager: Mounting plugin GoogleCloudMessaging
LogPluginManager: Mounting plugin ImmediatePhysics
LogPluginManager: Mounting plugin IOSDeviceProfileSelector
LogPluginManager: Mounting plugin LinuxDeviceProfileSelector
LogPluginManager: Mounting plugin LocationServicesBPLibrary
LogPluginManager: Mounting plugin MobilePatchingUtils
LogPluginManager: Mounting plugin OculusVR
LogPluginManager: Plugin shader directory ../../../Engine/Plugins/Runtime/Oculus/OculusVR/Shaders found
LogPluginManager: Mapping shader source directory ../../../Engine/Plugins/Runtime/Oculus/OculusVR/Shaders to virtual directory /Plugin/OculusVR
LogPluginManager: Mounting plugin PhysXVehicles
LogPluginManager: Mounting plugin ProceduralMeshComponent
LogPluginManager: Mounting plugin RuntimePhysXCooking
LogPluginManager: Mounting plugin SteamVR
LogPluginManager: Mounting plugin WindowsMoviePlayer
LogStreaming: Display: Took  0.186s to configure plugins.
LogInit: Using libcurl 7.55.1-DEV
LogInit:  - built for x86_64-pc-win32
LogInit:  - supports SSL with OpenSSL/1.0.2h
LogInit:  - supports HTTP deflate (compression) using libz 1.2.8
LogInit:  - other features:
LogInit:      CURL_VERSION_SSL
LogInit:      CURL_VERSION_LIBZ
LogInit:      CURL_VERSION_IPV6
LogInit:      CURL_VERSION_ASYNCHDNS
LogInit:      CURL_VERSION_LARGEFILE
LogInit:      CURL_VERSION_IDN
LogInit:  CurlRequestOptions (configurable via config and command line):
LogInit:  - bVerifyPeer = false  - Libcurl will NOT verify peer certificate
LogInit:  - bUseHttpProxy = false  - Libcurl will NOT use HTTP proxy
LogInit:  - bDontReuseConnections = false  - Libcurl will reuse connections
LogInit:  - CertBundlePath = nullptr  - Libcurl will use whatever was configured at build time.
LogInit:  - MaxHostConnections = 16  - Libcurl will limit the number of connections to a host
LogInit:  - LocalHostAddr = Default
LogInit:  - BufferSize = 65536
LogInit: WinSock: version 1.1 (2.2), MaxSocks=32767, MaxUdp=65467
LogInit: Build: ++UE4+Release-4.20-CL-4369336
LogInit: Engine Version: 4.20.3-4369336+++UE4+Release-4.20
LogInit: Compatible Engine Version: 4.20.0-4212847+++UE4+Release-4.20
LogInit: Net CL: 4212847
LogInit: OS: Windows 10 (), CPU: Intel(R) Core(TM) i7-8700K CPU @ 3.70GHz, GPU: NVIDIA GeForce GTX 950
LogInit: Compiled (64-bit): Sep 17 2018 12:26:19
LogInit: Compiled with Visual C++: 19.13.26129.00
LogInit: Build Configuration: Development
LogInit: Branch Name: ++UE4+Release-4.20
LogInit: Command Line:  -skipcompile
LogInit: Base Directory: D:/Program Files (x86)/UE_4.20/Engine/Binaries/Win64/
LogInit: Installed Engine Build: 1
LogDevObjectVersion: Number of dev versions registered: 20
LogDevObjectVersion:   Dev-Blueprints (B0D832E4-1F89-4F0D-ACCF-7EB736FD4AA2): 10
LogDevObjectVersion:   Dev-Build (E1C64328-A22C-4D53-A36C-8E866417BD8C): 0
LogDevObjectVersion:   Dev-Core (375EC13C-06E4-48FB-B500-84F0262A717E): 2
LogDevObjectVersion:   Dev-Editor (E4B068ED-F494-42E9-A231-DA0B2E46BB41): 24
LogDevObjectVersion:   Dev-Framework (CFFC743F-43B0-4480-9391-14DF171D2073): 34
LogDevObjectVersion:   Dev-Mobile (B02B49B5-BB20-44E9-A304-32B752E40360): 2
LogDevObjectVersion:   Dev-Networking (A4E4105C-59A1-49B5-A7C5-40C4547EDFEE): 0
LogDevObjectVersion:   Dev-Online (39C831C9-5AE6-47DC-9A44-9C173E1C8E7C): 0
LogDevObjectVersion:   Dev-Physics (78F01B33-EBEA-4F98-B9B4-84EACCB95AA2): 0
LogDevObjectVersion:   Dev-Platform (6631380F-2D4D-43E0-8009-CF276956A95A): 0
LogDevObjectVersion:   Dev-Rendering (12F88B9F-8875-4AFC-A67C-D90C383ABD29): 26
LogDevObjectVersion:   Dev-Sequencer (7B5AE74C-D270-4C10-A958-57980B212A5A): 9
LogDevObjectVersion:   Dev-VR (D7296918-1DD6-4BDD-9DE2-64A83CC13884): 2
LogDevObjectVersion:   Dev-LoadTimes (C2A15278-BFE7-4AFE-6C17-90FF531DF755): 1
LogDevObjectVersion:   Private-Geometry (6EACA3D4-40EC-4CC1-B786-8BED09428FC5): 3
LogDevObjectVersion:   Dev-AnimPhys (29E575DD-E0A3-4627-9D10-D276232CDCEA): 17
LogDevObjectVersion:   Dev-ReflectionCapture (6B266CEC-1EC7-4B8F-A30B-E4D90942FC07): 1
LogDevObjectVersion:   Dev-Automation (0DF73D61-A23F-47EA-B727-89E90C41499A): 1
LogDevObjectVersion:   FortniteMain (601D1886-AC64-4F84-AA16-D3DE0DEAC7D6): 12
LogDevObjectVersion:   Dev-Enterprise (9DFFBCD6-494F-0158-E221-12823C92A888): 1
LogStreaming: Display: Took  0.004s to delete old logs.
LogInit: Presizing for max 8388607 objects, including 0 objects not considered by GC, pre-allocating 0 bytes for permanent pool.
LogInit: Object subsystem initialized
[2019.01.06-15.24.23:439][  0]LogInit: Selected Device Profile: [Windows]
[2019.01.06-15.24.23:439][  0]LogInit: Applying CVar settings loaded from the selected device profile: [Windows]
[2019.01.06-15.24.23:454][  0]LogHAL: Display: Platform has ~ 16 GB [17132584960 / 17179869184 / 16], which maps to Larger [LargestMinGB=32, LargerMinGB=12, DefaultMinGB=8, SmallerMinGB=6, SmallestMinGB=0)
[2019.01.06-15.24.23:454][  0]LogInit: Setting Device Profile CVar: [[r.Vulkan.UseRealUBs:1]]
[2019.01.06-15.24.23:454][  0]LogInit: Going up to parent DeviceProfile []
[2019.01.06-15.24.23:455][  0]LogInit: Computer: DESKTOP-D8L6EI8
[2019.01.06-15.24.23:455][  0]LogInit: User: h017026h
[2019.01.06-15.24.23:455][  0]LogInit: CPU Page size=4096, Cores=6
[2019.01.06-15.24.23:455][  0]LogInit: High frequency timer resolution =3.609373 MHz
[2019.01.06-15.24.23:455][  0]LogMemory: Memory total: Physical=16.0GB (16GB approx)
[2019.01.06-15.24.23:455][  0]LogMemory: Platform Memory Stats for Windows
[2019.01.06-15.24.23:455][  0]LogMemory: Process Physical Memory: 104.53 MB used, 104.53 MB peak
[2019.01.06-15.24.23:455][  0]LogMemory: Process Virtual Memory: 88.21 MB used, 88.21 MB peak
[2019.01.06-15.24.23:455][  0]LogMemory: Physical Memory: 6996.78 MB used,  9342.13 MB free, 16338.91 MB total
[2019.01.06-15.24.23:455][  0]LogMemory: Virtual Memory: 4655.16 MB used,  9342.13 MB free, 134217728.00 MB total
[2019.01.06-15.24.23:550][  0]LogInit: Using OS detected language (en-GB).
[2019.01.06-15.24.23:550][  0]LogInit: Using OS detected locale (en-GB).
[2019.01.06-15.24.23:551][  0]LogTextLocalizationManager: No specific localization for 'en-GB' exists, so the 'en' localization will be used.
[2019.01.06-15.24.23:842][  0]LogStreaming: Display: Took  0.292s to InitEngineTextLocalization.
[2019.01.06-15.24.23:842][  0]LogInit: Setting process to per monitor DPI aware
[2019.01.06-15.24.23:889][  0]LogSlate: New Slate User Created.  User Index 0, Is Virtual User: 0
[2019.01.06-15.24.23:889][  0]LogSlate: Slate User Registered.  User Index 0, Is Virtual User: 0
[2019.01.06-15.24.24:153][  0]LogHMD: Failed to initialize OpenVR with code 110
[2019.01.06-15.24.24:154][  0]LogD3D11RHI: D3D11 adapters:
[2019.01.06-15.24.24:226][  0]LogD3D11RHI:    0. 'NVIDIA GeForce GTX 950' (Feature Level 11_0)
[2019.01.06-15.24.24:226][  0]LogD3D11RHI:       2007/0/8169 MB DedicatedVideo/DedicatedSystem/SharedSystem, Outputs:1, VendorId:0x10de
[2019.01.06-15.24.24:230][  0]LogD3D11RHI:    1. 'Microsoft Basic Render Driver' (Feature Level 11_0)
[2019.01.06-15.24.24:230][  0]LogD3D11RHI:       0/0/8169 MB DedicatedVideo/DedicatedSystem/SharedSystem, Outputs:0, VendorId:0x1414
[2019.01.06-15.24.24:230][  0]LogD3D11RHI: Chosen D3D11 Adapter: 0
[2019.01.06-15.24.24:238][  0]LogD3D11RHI: Creating new Direct3DDevice
[2019.01.06-15.24.24:238][  0]LogD3D11RHI:     GPU DeviceId: 0x1402 (for the marketing name, search the web for "GPU Device Id")
[2019.01.06-15.24.24:238][  0]LogWindows: EnumDisplayDevices:
[2019.01.06-15.24.24:238][  0]LogWindows:    0. 'NVIDIA GeForce GTX 950' (P:1 D:1)
[2019.01.06-15.24.24:238][  0]LogWindows:    1. 'NVIDIA GeForce GTX 950' (P:0 D:0)
[2019.01.06-15.24.24:238][  0]LogWindows:    2. 'NVIDIA GeForce GTX 950' (P:0 D:0)
[2019.01.06-15.24.24:239][  0]LogWindows:    3. 'NVIDIA GeForce GTX 950' (P:0 D:0)
[2019.01.06-15.24.24:239][  0]LogWindows: DebugString: FoundDriverCount:4 
[2019.01.06-15.24.24:239][  0]LogD3D11RHI:     Adapter Name: NVIDIA GeForce GTX 950
[2019.01.06-15.24.24:239][  0]LogD3D11RHI:   Driver Version: 399.07 (internal:24.21.13.9907, unified:399.07)
[2019.01.06-15.24.24:239][  0]LogD3D11RHI:      Driver Date: 8-21-2018
[2019.01.06-15.24.24:239][  0]LogRHI: Texture pool is 1405 MB (70% of 2007 MB)
[2019.01.06-15.24.24:272][  0]LogD3D11RHI: Async texture creation enabled
[2019.01.06-15.24.24:302][  0]LogD3D11RHI: GPU Timing Frequency: 1000.000000 (Debug: 2 2)
[2019.01.06-15.24.24:350][  0]LogShaderCompilers: Guid format shader working directory is -28 characters bigger than the processId version (../../../../../Users/h017026h/Documents/GitKraken/TGPPairProject/PairProject/Intermediate/Shaders/WorkingDirectory/19824/).
[2019.01.06-15.24.24:351][  0]LogShaderCompilers: Cleaned the shader compiler working directory 'C:/Users/h017026h/AppData/Local/Temp/UnrealShaderWorkingDir/ACD9C2D24B6FC55FDF58DCA39561F200/'.
[2019.01.06-15.24.24:578][  0]LogTemp: Display: Loaded TP AllDesktopTargetPlatform
[2019.01.06-15.24.24:590][  0]LogTemp: Display: Loaded TP MacClientTargetPlatform
[2019.01.06-15.24.24:604][  0]LogTemp: Display: Loaded TP MacNoEditorTargetPlatform
[2019.01.06-15.24.24:616][  0]LogTemp: Display: Loaded TP MacServerTargetPlatform
[2019.01.06-15.24.24:630][  0]LogTemp: Display: Loaded TP MacTargetPlatform
[2019.01.06-15.24.24:642][  0]LogTemp: Display: Loaded TP WindowsClientTargetPlatform
[2019.01.06-15.24.24:654][  0]LogTemp: Display: Loaded TP WindowsNoEditorTargetPlatform
[2019.01.06-15.24.24:666][  0]LogTemp: Display: Loaded TP WindowsServerTargetPlatform
[2019.01.06-15.24.24:673][  0]LogTemp: Display: Loaded TP WindowsTargetPlatform
[2019.01.06-15.24.24:736][  0]LogTemp: Display: Loaded TP AndroidTargetPlatform
[2019.01.06-15.24.24:736][  0]LogTemp: Display: Loaded TP AndroidTargetPlatform
[2019.01.06-15.24.24:736][  0]LogTemp: Display: Loaded TP AndroidTargetPlatform
[2019.01.06-15.24.24:736][  0]LogTemp: Display: Loaded TP AndroidTargetPlatform
[2019.01.06-15.24.24:736][  0]LogTemp: Display: Loaded TP AndroidTargetPlatform
[2019.01.06-15.24.24:737][  0]LogTemp: Display: Loaded TP AndroidTargetPlatform
[2019.01.06-15.24.24:737][  0]LogTemp: Display: Loaded TP AndroidTargetPlatform
[2019.01.06-15.24.24:737][  0]LogTemp: Display: Loaded TP AndroidTargetPlatform
[2019.01.06-15.24.24:737][  0]LogTemp: Display: Loaded TP AndroidTargetPlatform
[2019.01.06-15.24.24:737][  0]LogTemp: Display: Loaded TP AndroidTargetPlatform
[2019.01.06-15.24.24:737][  0]LogTemp: Display: Loaded TP AndroidTargetPlatform
[2019.01.06-15.24.24:737][  0]LogTemp: Display: Loaded TP AndroidTargetPlatform
[2019.01.06-15.24.24:737][  0]LogTemp: Display: Loaded TP AndroidTargetPlatform
[2019.01.06-15.24.24:737][  0]LogTemp: Display: Loaded TP AndroidTargetPlatform
[2019.01.06-15.24.24:737][  0]LogTemp: Display: Loaded TP AndroidTargetPlatform
[2019.01.06-15.24.24:738][  0]LogTemp: Display: Loaded TP AndroidTargetPlatform
[2019.01.06-15.24.24:738][  0]LogTemp: Display: Loaded TP AndroidTargetPlatform
[2019.01.06-15.24.24:738][  0]LogTemp: Display: Loaded TP AndroidTargetPlatform
[2019.01.06-15.24.24:740][  0]LogTemp: Display: Loaded TP HTML5TargetPlatform
[2019.01.06-15.24.24:805][  0]LogTemp: Display: Loaded TP IOSTargetPlatform
[2019.01.06-15.24.24:805][  0]LogTemp: Display: Loaded TP IOSTargetPlatform
[2019.01.06-15.24.24:825][  0]LogTemp: Display: Loaded TP TVOSTargetPlatform
[2019.01.06-15.24.24:826][  0]LogTemp: Display: Loaded TP TVOSTargetPlatform
[2019.01.06-15.24.24:838][  0]LogTemp: Display: Loaded TP LinuxClientTargetPlatform
[2019.01.06-15.24.24:852][  0]LogTemp: Display: Loaded TP LinuxNoEditorTargetPlatform
[2019.01.06-15.24.24:863][  0]LogTemp: Display: Loaded TP LinuxServerTargetPlatform
[2019.01.06-15.24.24:876][  0]LogTemp: Display: Loaded TP LinuxTargetPlatform
[2019.01.06-15.24.24:886][  0]LogTemp: Display: Loaded TP LuminTargetPlatform
[2019.01.06-15.24.24:886][  0]LogTargetPlatformManager: Display: Building Assets For Windows
[2019.01.06-15.24.24:969][  0]LogXGEController: Cleaning working directory: C:/Users/h017026h/AppData/Local/Temp/UnrealXGEWorkingDir/
[2019.01.06-15.24.24:969][  0]LogXGEController: Cannot use XGE Controller as Incredibuild is not installed on this machine.
[2019.01.06-15.24.24:969][  0]LogShaderCompilers: Cannot use XGE Shader Compiler as Incredibuild is not installed on this machine.
[2019.01.06-15.24.24:969][  0]LogShaderCompilers: Display: Using Local Shader Compiler.
[2019.01.06-15.24.25:526][  0]LogDerivedDataCache: Display: Max Cache Size: 512 MB
[2019.01.06-15.24.25:573][  0]LogDerivedDataCache: Loaded boot cache 0.05s 71MB C:/Users/h017026h/AppData/Local/UnrealEngine/4.20/DerivedDataCache/Boot.ddc.
[2019.01.06-15.24.25:573][  0]LogDerivedDataCache: Display: Loaded Boot cache: C:/Users/h017026h/AppData/Local/UnrealEngine/4.20/DerivedDataCache/Boot.ddc
[2019.01.06-15.24.25:574][  0]LogDerivedDataCache: FDerivedDataBackendGraph:  Pak pak cache file ../../../../../Users/h017026h/Documents/GitKraken/TGPPairProject/PairProject/DerivedDataCache/DDC.ddp not found, will not use a pak cache.
[2019.01.06-15.24.25:574][  0]LogDerivedDataCache: Unable to find inner node Pak for hierarchical cache Hierarchy.
[2019.01.06-15.24.25:574][  0]LogDerivedDataCache: FDerivedDataBackendGraph:  CompressedPak pak cache file ../../../../../Users/h017026h/Documents/GitKraken/TGPPairProject/PairProject/DerivedDataCache/Compressed.ddp not found, will not use a pak cache.
[2019.01.06-15.24.25:574][  0]LogDerivedDataCache: Unable to find inner node CompressedPak for hierarchical cache Hierarchy.
[2019.01.06-15.24.25:584][  0]LogDerivedDataCache: Display: Pak cache opened for reading ../../../Engine/DerivedDataCache/Compressed.ddp.
[2019.01.06-15.24.25:597][  0]LogDerivedDataCache: Using Local data cache path C:/Users/h017026h/AppData/Local/UnrealEngine/Common/DerivedDataCache: Writable
[2019.01.06-15.24.25:597][  0]LogDerivedDataCache: Shared data cache path not found in *engine.ini, will not use an Shared cache.
[2019.01.06-15.24.25:597][  0]LogDerivedDataCache: Unable to find inner node Shared for hierarchical cache Hierarchy.
[2019.01.06-15.24.25:613][  0]LogMaterial: Verifying Global Shaders for PCD3D_SM5
[2019.01.06-15.24.25:615][  0]LogSlate: Using FreeType 2.6.0
[2019.01.06-15.24.25:616][  0]LogSlate: SlateFontServices - WITH_FREETYPE: 1, WITH_HARFBUZZ: 1
[2019.01.06-15.24.25:694][  0]LogAssetRegistry: FAssetRegistry took 0.0279 seconds to start up
[2019.01.06-15.24.25:951][  0]LogInit: Selected Device Profile: [Windows]
[2019.01.06-15.24.26:078][  0]LogSimplygon: Simplygon DLL not present - disabling.
[2019.01.06-15.24.26:085][  0]LogMeshReduction: Using SimplygonSwarm for distributed automatic mesh merging
[2019.01.06-15.24.26:085][  0]LogMeshReduction: Using ProxyLODMeshReduction for automatic mesh merging
[2019.01.06-15.24.26:085][  0]LogMeshReduction: Using QuadricMeshReduction for automatic static mesh reduction
[2019.01.06-15.24.26:085][  0]LogMeshReduction: No automatic skeletal mesh reduction module available
[2019.01.06-15.24.26:097][  0]LogNetVersion: PairProject 1.0.0, NetCL: 4212847, EngineNetVer: 5, GameNetVer: 0 (Checksum: 2248716754)
[2019.01.06-15.24.26:595][  0]LogPackageLocalizationCache: Processed 11 localized package path(s) for 2 prioritized culture(s) in 0.166788 seconds
[2019.01.06-15.24.26:601][  0]LogUObjectArray: 38425 objects as part of root set at end of initial load.
[2019.01.06-15.24.26:601][  0]LogUObjectAllocator: 6690872 out of 0 bytes used by permanent object pool.
[2019.01.06-15.24.26:601][  0]LogUObjectArray: CloseDisregardForGC: 0/0 objects in disregard for GC pool
[2019.01.06-15.24.27:488][  0]LogTcpMessaging: Initializing TcpMessaging bridge
[2019.01.06-15.24.27:503][  0]LogUdpMessaging: Initializing bridge on interface 0.0.0.0:0 to multicast group 230.0.0.1:6666.
[2019.01.06-15.24.27:707][  0]SourceControl: Source control is disabled
[2019.01.06-15.24.27:708][  0]SourceControl: Source control is disabled
[2019.01.06-15.24.27:710][  0]SourceControl: Source control is disabled
[2019.01.06-15.24.27:713][  0]SourceControl: Source control is disabled
[2019.01.06-15.24.27:947][  0]LogAndroidPermission: UAndroidPermissionCallbackProxy::GetInstance
[2019.01.06-15.24.28:066][  0]LogOcInput: OculusInput pre-init called
[2019.01.06-15.24.28:133][  0]LogEngine: Initializing Engine...
[2019.01.06-15.24.28:134][  0]LogHMD: Failed to initialize OpenVR with code 110
[2019.01.06-15.24.28:135][  0]LogStats: UGameplayTagsManager::ConstructGameplayTagTree: ImportINI prefixes -  0.000 s
[2019.01.06-15.24.28:135][  0]LogStats: UGameplayTagsManager::ConstructGameplayTagTree: Construct from data asset -  0.000 s
[2019.01.06-15.24.28:136][  0]LogStats: UGameplayTagsManager::ConstructGameplayTagTree: ImportINI -  0.000 s
[2019.01.06-15.24.28:136][  0]LogStats: UGameplayTagsManager::ConstructGameplayTagTree: GameplayTagTreeChangedEvent.Broadcast -  0.000 s
[2019.01.06-15.24.28:299][  0]LogInit: Initializing FReadOnlyCVARCache
[2019.01.06-15.24.28:310][  0]LogAIModule: Creating AISystem for world Untitled
[2019.01.06-15.24.28:335][  0]LogInit: XAudio2 using 'Headset Earphone (Corsair VOID PRO USB Gaming Headset)' : 6 channels at 48 kHz using 16 bits per sample (channel mask 0x3f)
[2019.01.06-15.24.28:443][  0]LogInit: FAudioDevice initialized.
[2019.01.06-15.24.28:443][  0]LogNetVersion: Set ProjectVersion to 1.0.0.0. Version Checksum will be recalculated on next use.
[2019.01.06-15.24.28:547][  0]LogDerivedDataCache: Saved boot cache 0.10s 71MB C:/Users/h017026h/AppData/Local/UnrealEngine/4.20/DerivedDataCache/Boot.ddc.
[2019.01.06-15.24.28:550][  0]LogInit: Texture streaming: Enabled
[2019.01.06-15.24.28:570][  0]LogEngineSessionManager: EngineSessionManager initialized
[2019.01.06-15.24.28:578][  0]LogInit: Transaction tracking system initialized
[2019.01.06-15.24.28:603][  0]BlueprintLog: New page: Editor Load
[2019.01.06-15.24.28:701][  0]LocalizationService: Localization service is disabled
[2019.01.06-15.24.28:993][  0]LogCook: Display: Max memory allowance for cook 16384mb min free memory 0mb
[2019.01.06-15.24.28:994][  0]LogCook: Display: Mobile HDR setting 1
[2019.01.06-15.24.28:994][  0]LogGameplayTags: Display: UGameplayTagsManager::DoneAddingNativeTags. DelegateIsBound: 0
[2019.01.06-15.24.28:994][  0]LogStats: UGameplayTagsManager::ConstructGameplayTagTree: ImportINI prefixes -  0.000 s
[2019.01.06-15.24.28:994][  0]LogStats: UGameplayTagsManager::ConstructGameplayTagTree: Construct from data asset -  0.000 s
[2019.01.06-15.24.28:994][  0]LogStats: UGameplayTagsManager::ConstructGameplayTagTree: ImportINI -  0.000 s
[2019.01.06-15.24.28:994][  0]LogStats: UGameplayTagsManager::ConstructGameplayTagTree: GameplayTagTreeChangedEvent.Broadcast -  0.000 s
[2019.01.06-15.24.29:150][  0]LogFileCache: Scanning file cache for directory 'D:/Users/h017026h/Documents/GitKraken/TGPPairProject/PairProject/Content/' took 0.02s
[2019.01.06-15.24.29:151][  0]SourceControl: Source control is disabled
[2019.01.06-15.24.29:151][  0]Cmd: MAP LOAD FILE="../../../../../Users/h017026h/Documents/GitKraken/TGPPairProject/PairProject/Content/Scenes/StartScreen.umap" TEMPLATE=0 SHOWPROGRESS=1 FEATURELEVEL=3
[2019.01.06-15.24.29:151][  0]LightingResults: New page: Lighting Build
[2019.01.06-15.24.29:153][  0]MapCheck: New page: Map Check
[2019.01.06-15.24.29:153][  0]LightingResults: New page: Lighting Build
[2019.01.06-15.24.29:254][  0]LogAIModule: Creating AISystem for world StartScreen
[2019.01.06-15.24.29:255][  0]LogEditorServer: Finished looking for orphan Actors (0.000 secs)
[2019.01.06-15.24.29:276][  0]Cmd: MAP CHECKDEP NOCLEARLOG
[2019.01.06-15.24.29:331][  0]MapCheck: Map check complete: 0 Error(s), 0 Warning(s), took 54.394ms to complete.
[2019.01.06-15.24.29:331][  0]LogFileHelpers: Loading map 'StartScreen' took 0.181
[2019.01.06-15.24.29:426][  0]LogSlate: Updating window title bar state: overlay mode, drag disabled, window buttons hidden, title bar hidden
[2019.01.06-15.24.29:432][  0]LogSlate: Updating window title bar state: overlay mode, drag disabled, window buttons hidden, title bar hidden
[2019.01.06-15.24.29:438][  0]LogSlate: Updating window title bar state: overlay mode, drag disabled, window buttons hidden, title bar hidden
[2019.01.06-15.24.29:444][  0]LogSlate: Updating window title bar state: overlay mode, drag disabled, window buttons hidden, title bar hidden
[2019.01.06-15.24.29:450][  0]LogCollectionManager: Loaded 0 collections in 0.000998 seconds
[2019.01.06-15.24.29:496][  0]LogFileCache: Scanning file cache for directory 'D:/Users/h017026h/Documents/GitKraken/TGPPairProject/PairProject/Saved/Collections/' took 0.01s
[2019.01.06-15.24.29:496][  0]LogFileCache: Scanning file cache for directory 'D:/Users/h017026h/Documents/GitKraken/TGPPairProject/PairProject/Content/Developers/h017026h/Collections/' took 0.01s
[2019.01.06-15.24.29:496][  0]LogFileCache: Scanning file cache for directory 'D:/Users/h017026h/Documents/GitKraken/TGPPairProject/PairProject/Content/Collections/' took 0.01s
[2019.01.06-15.24.29:496][  0]LogCollectionManager: Rebuilt the GUID cache for 0 collections in 0.000000 seconds
[2019.01.06-15.24.29:504][  0]LogContentBrowser: Native class hierarchy populated in 0.0078 seconds. Added 2594 classes and 611 folders.
[2019.01.06-15.24.29:508][  0]LogContentBrowser: Native class hierarchy updated for 'WidgetCarousel' in 0.0003 seconds. Added 0 classes and 0 folders.
[2019.01.06-15.24.29:561][  0]LogContentBrowser: Native class hierarchy updated for 'AddContentDialog' in 0.0004 seconds. Added 0 classes and 0 folders.
[2019.01.06-15.24.29:567][  0]LogContentBrowser: Native class hierarchy updated for 'SceneOutliner' in 0.0005 seconds. Added 1 classes and 2 folders.
[2019.01.06-15.24.29:580][  0]LogSlate: Took 0.000202 seconds to synchronously load lazily loaded font '../../../Engine/Content/Slate/Fonts/Roboto-Regular.ttf' (155K)
[2019.01.06-15.24.29:582][  0]LogSlate: Took 0.000277 seconds to synchronously load lazily loaded font '../../../Engine/Content/Slate/Fonts/Roboto-Bold.ttf' (160K)
[2019.01.06-15.24.29:588][  0]LogSlate: Took 0.000263 seconds to synchronously load lazily loaded font '../../../Engine/Content/Editor/Slate/Fonts/FontAwesome.ttf' (139K)
[2019.01.06-15.24.29:654][  0]LogRenderer: Reallocating scene render targets to support 1232x556 Format 10 NumSamples 1 (Frame:1).
[2019.01.06-15.24.29:818][  0]LogContentBrowser: Native class hierarchy updated for 'HierarchicalLODOutliner' in 0.0004 seconds. Added 0 classes and 0 folders.
[2019.01.06-15.24.29:818][  0]LogLoad: (Engine Initialization) Total time: 8.73 seconds
[2019.01.06-15.24.29:818][  0]LogLoad: (Engine Initialization) Total Blueprint compile time: 0.00 seconds
[2019.01.06-15.24.29:828][  0]LogWindowsTextInputMethodSystem: Display: IME system now deactivated.
[2019.01.06-15.24.29:850][  0]LogContentStreaming: Texture pool size now 1000 MB
[2019.01.06-15.24.29:967][  0]LogSlate: Took 0.000375 seconds to synchronously load lazily loaded font '../../../Engine/Content/Slate/Fonts/Roboto-Light.ttf' (167K)
[2019.01.06-15.24.29:984][  1]LogAssetRegistry: Asset discovery search completed in 4.3156 seconds
[2019.01.06-15.24.29:986][  1]LogCollectionManager: Rebuilt the object cache for 0 collections in 0.000000 seconds (found 0 objects)
[2019.01.06-15.24.29:986][  1]LogCollectionManager: Fixed up redirectors for 0 collections in 0.000169 seconds (updated 0 objects)
[2019.01.06-15.24.32:893][347]LogSlate: FSceneViewport::OnFocusLost() reason 0
[2019.01.06-15.24.32:976][357]LogTemp: Repeating last play command: Selected Viewport
[2019.01.06-15.24.32:998][357]LogBlueprintUserMessages: Early PlayInEditor Detection: Level '/Game/Scenes/StartScreen.StartScreen:PersistentLevel' has LevelScriptBlueprint '/Game/Scenes/StartScreen.StartScreen:PersistentLevel.StartScreen' with GeneratedClass '/Game/Scenes/StartScreen.StartScreen_C' with ClassGeneratedBy '/Game/Scenes/StartScreen.StartScreen:PersistentLevel.StartScreen'
[2019.01.06-15.24.32:998][357]LogPlayLevel: PlayLevel: No blueprints needed recompiling
[2019.01.06-15.24.33:013][357]PIE: New page: PIE session: StartScreen (6 Jan 2019 15:24:33)
[2019.01.06-15.24.33:014][357]LogPlayLevel: Creating play world package: /Game/Scenes/UEDPIE_0_StartScreen
[2019.01.06-15.24.33:015][357]LogPlayLevel: PIE: StaticDuplicateObject took: (0.000924s)
[2019.01.06-15.24.33:015][357]LogAIModule: Creating AISystem for world StartScreen
[2019.01.06-15.24.33:015][357]LogPlayLevel: PIE: World Init took: (0.000652s)
[2019.01.06-15.24.33:016][357]LogPlayLevel: PIE: Created PIE world by copying editor world from /Game/Scenes/StartScreen.StartScreen to /Game/Scenes/UEDPIE_0_StartScreen.StartScreen (0.001989s)
[2019.01.06-15.24.33:048][357]LogInit: XAudio2 using 'Headset Earphone (Corsair VOID PRO USB Gaming Headset)' : 6 channels at 48 kHz using 16 bits per sample (channel mask 0x3f)
[2019.01.06-15.24.33:140][357]LogInit: FAudioDevice initialized.
[2019.01.06-15.24.33:189][357]LogLoad: Game class is 'TestGameMode_C'
[2019.01.06-15.24.33:191][357]LogWorld: Bringing World /Game/Scenes/UEDPIE_0_StartScreen.StartScreen up for play (max tick rate 0) at 2019.01.06-15.24.33
[2019.01.06-15.24.33:191][357]LogWorld: Bringing up level for play took: 0.000608
[2019.01.06-15.24.33:208][357]LogContentBrowser: Native class hierarchy updated for 'MovieSceneCapture' in 0.0004 seconds. Added 10 classes and 0 folders.
[2019.01.06-15.24.33:208][357]LogGameMode: Display: Match State Changed from EnteringMap to WaitingToStart
[2019.01.06-15.24.33:208][357]LogGameState: Match State Changed from EnteringMap to WaitingToStart
[2019.01.06-15.24.33:208][357]LogGameMode: Display: Match State Changed from WaitingToStart to InProgress
[2019.01.06-15.24.33:210][357]LogGameState: Match State Changed from WaitingToStart to InProgress
[2019.01.06-15.24.33:210][357]PIE: Play in editor start time for /Game/Scenes/UEDPIE_0_StartScreen 1.163
[2019.01.06-15.24.33:210][357]LogBlueprintUserMessages: Late PlayInEditor Detection: Level '/Game/Scenes/StartScreen.StartScreen:PersistentLevel' has LevelScriptBlueprint '/Game/Scenes/StartScreen.StartScreen:PersistentLevel.StartScreen' with GeneratedClass '/Game/Scenes/StartScreen.StartScreen_C' with ClassGeneratedBy '/Game/Scenes/StartScreen.StartScreen:PersistentLevel.StartScreen'
[2019.01.06-15.24.36:568][758]LogGameMode: Display: Match State Changed from InProgress to LeavingMap
[2019.01.06-15.24.36:568][758]LogGameState: Match State Changed from InProgress to LeavingMap
[2019.01.06-15.24.36:569][758]LogNet: Browse: /Game/Scenes/CameraTestScene
[2019.01.06-15.24.36:569][758]LogLoad: LoadMap: /Game/Scenes/CameraTestScene
[2019.01.06-15.24.37:837][758]LogAIModule: Creating AISystem for world CameraTestScene
[2019.01.06-15.24.37:838][758]LogLoad: Game class is 'TestGameMode_C'
[2019.01.06-15.24.37:851][758]LogWorld: Bringing World /Game/Scenes/UEDPIE_0_CameraTestScene.CameraTestScene up for play (max tick rate 0) at 2019.01.06-15.24.37
[2019.01.06-15.24.37:852][758]LogWorld: Bringing up level for play took: 0.012986
[2019.01.06-15.24.37:852][758]LogGameMode: FindPlayerStart: PATHS NOT DEFINED or NO PLAYERSTART with positive rating
[2019.01.06-15.24.37:853][758]LogGameMode: Display: Match State Changed from EnteringMap to WaitingToStart
[2019.01.06-15.24.37:853][758]LogGameState: Match State Changed from EnteringMap to WaitingToStart
[2019.01.06-15.24.37:853][758]LogGameMode: Display: Match State Changed from WaitingToStart to InProgress
[2019.01.06-15.24.37:854][758]LogActor: Warning: MyBPBasePlayerWeapon_C /Game/Scenes/UEDPIE_0_CameraTestScene.CameraTestScene:PersistentLevel.MyBPBasePlayerWeapon_C_0 has natively added scene component(s), but none of them were set as the actor's RootComponent - picking one arbitrarily
[2019.01.06-15.24.37:855][758]LogActor: Warning: MyBiggoronKnifeWeapon_C /Game/Scenes/UEDPIE_0_CameraTestScene.CameraTestScene:PersistentLevel.MyBiggoronKnifeWeapon_C_0 has natively added scene component(s), but none of them were set as the actor's RootComponent - picking one arbitrarily
[2019.01.06-15.24.37:856][758]LogGameState: Match State Changed from WaitingToStart to InProgress
[2019.01.06-15.24.37:856][758]LogLoad: Took 1.286682 seconds to LoadMap(/Game/Scenes/CameraTestScene)
[2019.01.06-15.24.37:863][758]LogSlate: Took 0.002931 seconds to synchronously load lazily loaded font '../../../Engine/Content/SlateDebug/Fonts/LastResort.ttf' (5269K)
[2019.01.06-15.24.37:930][759]LogActor: Warning: MyBPBaseKeep_C /Engine/Transient.World_0:PersistentLevel.MyBPBaseKeep_C_0 has natively added scene component(s), but none of them were set as the actor's RootComponent - picking one arbitrarily
[2019.01.06-15.24.37:938][759]LogCharacterMovement: Warning: GetSimulationTimeStep() - Max iterations 8 hit while remaining time 0.062042 > MaxSimulationTimeStep (0.050) for 'MyImpaCharacter_17', movement 'Walking'
[2019.01.06-15.24.41:844][221]LogBlueprintUserMessages: Early EndPlayMap Detection: Level '/Game/Scenes/StartScreen.StartScreen:PersistentLevel' has LevelScriptBlueprint '/Game/Scenes/StartScreen.StartScreen:PersistentLevel.StartScreen' with GeneratedClass '/Game/Scenes/StartScreen.StartScreen_C' with ClassGeneratedBy '/Game/Scenes/StartScreen.StartScreen:PersistentLevel.StartScreen'
[2019.01.06-15.24.41:844][221]LogSlate: Updating window title bar state: overlay mode, drag disabled, window buttons hidden, title bar hidden
[2019.01.06-15.24.41:884][221]LogPlayLevel: Display: Shutting down PIE online subsystems
[2019.01.06-15.24.41:885][221]LogBlueprintUserMessages: Late EndPlayMap Detection: Level '/Game/Scenes/StartScreen.StartScreen:PersistentLevel' has LevelScriptBlueprint '/Game/Scenes/StartScreen.StartScreen:PersistentLevel.StartScreen' with GeneratedClass '/Game/Scenes/StartScreen.StartScreen_C' with ClassGeneratedBy '/Game/Scenes/StartScreen.StartScreen:PersistentLevel.StartScreen'
[2019.01.06-15.24.41:906][221]LogSlate: Updating window title bar state: overlay mode, drag disabled, window buttons hidden, title bar hidden
[2019.01.06-15.24.41:950][225]LogPlayLevel: Display: Destroying online subsystem :Context_1
[2019.01.06-15.24.43:671][431]LogSlate: FSceneViewport::OnFocusLost() reason 0
[2019.01.06-15.24.44:664][545]LogSlate: Took 0.000289 seconds to synchronously load lazily loaded font '../../../Engine/Content/Slate/Fonts/Roboto-Light.ttf' (167K)
[2019.01.06-15.24.44:671][545]LogAssetEditorManager: Opening Asset editor for Blueprint /Game/Blueprints/Character_BPs/MyImpaCharacter.MyImpaCharacter
[2019.01.06-15.24.45:019][545]LogContentBrowser: Native class hierarchy updated for 'BlueprintGraph' in 0.0009 seconds. Added 116 classes and 0 folders.
[2019.01.06-15.24.45:695][545]LogSlate: Took 0.000187 seconds to synchronously load lazily loaded font '../../../Engine/Content/Slate/Fonts/Roboto-BoldCondensed.ttf' (158K)
[2019.01.06-15.24.45:784][546]LogSlate: Took 0.000285 seconds to synchronously load lazily loaded font '../../../Engine/Content/Slate/Fonts/Roboto-Italic.ttf' (157K)
[2019.01.06-15.25.08:674][222]BlueprintLog: New page: Compile MyImpaCharacter
[2019.01.06-15.25.09:535][300]LogTemp: Repeating last play command: Selected Viewport
[2019.01.06-15.25.09:559][300]LogBlueprintUserMessages: Early PlayInEditor Detection: Level '/Game/Scenes/StartScreen.StartScreen:PersistentLevel' has LevelScriptBlueprint '/Game/Scenes/StartScreen.StartScreen:PersistentLevel.StartScreen' with GeneratedClass '/Game/Scenes/StartScreen.StartScreen_C' with ClassGeneratedBy '/Game/Scenes/StartScreen.StartScreen:PersistentLevel.StartScreen'
[2019.01.06-15.25.09:559][300]LogPlayLevel: PlayLevel: No blueprints needed recompiling
[2019.01.06-15.25.09:559][300]PIE: New page: PIE session: StartScreen (6 Jan 2019 15:25:09)
[2019.01.06-15.25.09:559][300]LogPlayLevel: Creating play world package: /Game/Scenes/UEDPIE_0_StartScreen
[2019.01.06-15.25.09:561][300]LogPlayLevel: PIE: StaticDuplicateObject took: (0.001314s)
[2019.01.06-15.25.09:561][300]LogAIModule: Creating AISystem for world StartScreen
[2019.01.06-15.25.09:562][300]LogPlayLevel: PIE: World Init took: (0.000825s)
[2019.01.06-15.25.09:562][300]LogPlayLevel: PIE: Created PIE world by copying editor world from /Game/Scenes/StartScreen.StartScreen to /Game/Scenes/UEDPIE_0_StartScreen.StartScreen (0.002472s)
[2019.01.06-15.25.09:600][300]LogInit: XAudio2 using 'Headset Earphone (Corsair VOID PRO USB Gaming Headset)' : 6 channels at 48 kHz using 16 bits per sample (channel mask 0x3f)
[2019.01.06-15.25.09:704][300]LogInit: FAudioDevice initialized.
[2019.01.06-15.25.09:710][300]LogSlate: Updating window title bar state: overlay mode, drag disabled, window buttons hidden, title bar hidden
[2019.01.06-15.25.09:747][300]LogLoad: Game class is 'TestGameMode_C'
[2019.01.06-15.25.09:748][300]LogWorld: Bringing World /Game/Scenes/UEDPIE_0_StartScreen.StartScreen up for play (max tick rate 0) at 2019.01.06-15.25.09
[2019.01.06-15.25.09:749][300]LogWorld: Bringing up level for play took: 0.000437
[2019.01.06-15.25.09:761][300]LogGameMode: FindPlayerStart: PATHS NOT DEFINED or NO PLAYERSTART with positive rating
[2019.01.06-15.25.09:762][300]LogGameMode: Display: Match State Changed from EnteringMap to WaitingToStart
[2019.01.06-15.25.09:762][300]LogGameState: Match State Changed from EnteringMap to WaitingToStart
[2019.01.06-15.25.09:762][300]LogGameMode: Display: Match State Changed from WaitingToStart to InProgress
[2019.01.06-15.25.09:763][300]LogGameState: Match State Changed from WaitingToStart to InProgress
[2019.01.06-15.25.09:766][300]PIE: Play in editor start time for /Game/Scenes/UEDPIE_0_StartScreen -0.282
[2019.01.06-15.25.09:766][300]LogBlueprintUserMessages: Late PlayInEditor Detection: Level '/Game/Scenes/StartScreen.StartScreen:PersistentLevel' has LevelScriptBlueprint '/Game/Scenes/StartScreen.StartScreen:PersistentLevel.StartScreen' with GeneratedClass '/Game/Scenes/StartScreen.StartScreen_C' with ClassGeneratedBy '/Game/Scenes/StartScreen.StartScreen:PersistentLevel.StartScreen'
[2019.01.06-15.25.09:779][300]LogRenderer: Reallocating scene render targets to support 1292x756 Format 10 NumSamples 1 (Frame:1).
[2019.01.06-15.25.11:917][553]LogGameMode: Display: Match State Changed from InProgress to LeavingMap
[2019.01.06-15.25.11:917][553]LogGameState: Match State Changed from InProgress to LeavingMap
[2019.01.06-15.25.11:917][553]LogNet: Browse: /Game/Scenes/CameraTestScene
[2019.01.06-15.25.11:918][553]LogLoad: LoadMap: /Game/Scenes/CameraTestScene
[2019.01.06-15.25.12:191][553]LogAIModule: Creating AISystem for world CameraTestScene
[2019.01.06-15.25.12:192][553]LogLoad: Game class is 'TestGameMode_C'
[2019.01.06-15.25.12:204][553]LogWorld: Bringing World /Game/Scenes/UEDPIE_0_CameraTestScene.CameraTestScene up for play (max tick rate 0) at 2019.01.06-15.25.12
[2019.01.06-15.25.12:205][553]LogWorld: Bringing up level for play took: 0.011898
[2019.01.06-15.25.12:205][553]LogGameMode: FindPlayerStart: PATHS NOT DEFINED or NO PLAYERSTART with positive rating
[2019.01.06-15.25.12:205][553]LogGameMode: Display: Match State Changed from EnteringMap to WaitingToStart
[2019.01.06-15.25.12:205][553]LogGameState: Match State Changed from EnteringMap to WaitingToStart
[2019.01.06-15.25.12:205][553]LogGameMode: Display: Match State Changed from WaitingToStart to InProgress
[2019.01.06-15.25.12:206][553]LogActor: Warning: MyBPBasePlayerWeapon_C /Game/Scenes/UEDPIE_0_CameraTestScene.CameraTestScene:PersistentLevel.MyBPBasePlayerWeapon_C_0 has natively added scene component(s), but none of them were set as the actor's RootComponent - picking one arbitrarily
[2019.01.06-15.25.12:207][553]LogActor: Warning: MyBiggoronKnifeWeapon_C /Game/Scenes/UEDPIE_0_CameraTestScene.CameraTestScene:PersistentLevel.MyBiggoronKnifeWeapon_C_0 has natively added scene component(s), but none of them were set as the actor's RootComponent - picking one arbitrarily
[2019.01.06-15.25.12:208][553]LogGameState: Match State Changed from WaitingToStart to InProgress
[2019.01.06-15.25.12:208][553]LogLoad: Took 0.290576 seconds to LoadMap(/Game/Scenes/CameraTestScene)
[2019.01.06-15.25.16:563][ 64]LogBlueprintUserMessages: [Send_Player_C_0] 2
[2019.01.06-15.25.29:419][565]LogBlueprintUserMessages: [Send_Player_C_1] 0
[2019.01.06-15.25.45:551][429]LogBlueprintUserMessages: [Send_Player_C_2] 2
[2019.01.06-15.25.48:706][804]LogBlueprintUserMessages: [Send_Player_C_3] 1
[2019.01.06-15.26.02:290][399]LogBlueprintUserMessages: [Send_Player_C_4] 1
[2019.01.06-15.26.04:940][717]LogBlueprintUserMessages: [Send_Player_C_5] 2
[2019.01.06-15.26.14:676][870]LogBlueprintUserMessages: Early EndPlayMap Detection: Level '/Game/Scenes/StartScreen.StartScreen:PersistentLevel' has LevelScriptBlueprint '/Game/Scenes/StartScreen.StartScreen:PersistentLevel.StartScreen' with GeneratedClass '/Game/Scenes/StartScreen.StartScreen_C' with ClassGeneratedBy '/Game/Scenes/StartScreen.StartScreen:PersistentLevel.StartScreen'
[2019.01.06-15.26.14:677][870]LogSlate: Updating window title bar state: overlay mode, drag disabled, window buttons hidden, title bar hidden
[2019.01.06-15.26.14:699][870]LogSlate: Window 'PairProject Game Preview Standalone (64-bit/PCD3D_SM5)' being destroyed
[2019.01.06-15.26.14:736][870]LogPlayLevel: Display: Shutting down PIE online subsystems
[2019.01.06-15.26.14:737][870]LogBlueprintUserMessages: Late EndPlayMap Detection: Level '/Game/Scenes/StartScreen.StartScreen:PersistentLevel' has LevelScriptBlueprint '/Game/Scenes/StartScreen.StartScreen:PersistentLevel.StartScreen' with GeneratedClass '/Game/Scenes/StartScreen.StartScreen_C' with ClassGeneratedBy '/Game/Scenes/StartScreen.StartScreen:PersistentLevel.StartScreen'
[2019.01.06-15.26.14:778][871]LogPlayLevel: Display: Destroying online subsystem :Context_6
[2019.01.06-15.26.27:960][408]BlueprintLog: New page: Compile MyImpaCharacter
[2019.01.06-15.26.28:669][470]LogTemp: Repeating last play command: Selected Viewport
[2019.01.06-15.26.28:694][470]LogBlueprintUserMessages: Early PlayInEditor Detection: Level '/Game/Scenes/StartScreen.StartScreen:PersistentLevel' has LevelScriptBlueprint '/Game/Scenes/StartScreen.StartScreen:PersistentLevel.StartScreen' with GeneratedClass '/Game/Scenes/StartScreen.StartScreen_C' with ClassGeneratedBy '/Game/Scenes/StartScreen.StartScreen:PersistentLevel.StartScreen'
[2019.01.06-15.26.28:694][470]LogPlayLevel: PlayLevel: No blueprints needed recompiling
[2019.01.06-15.26.28:695][470]PIE: New page: PIE session: StartScreen (6 Jan 2019 15:26:28)
[2019.01.06-15.26.28:695][470]LogPlayLevel: Creating play world package: /Game/Scenes/UEDPIE_0_StartScreen
[2019.01.06-15.26.28:696][470]LogPlayLevel: PIE: StaticDuplicateObject took: (0.001029s)
[2019.01.06-15.26.28:697][470]LogAIModule: Creating AISystem for world StartScreen
[2019.01.06-15.26.28:697][470]LogPlayLevel: PIE: World Init took: (0.000797s)
[2019.01.06-15.26.28:697][470]LogPlayLevel: PIE: Created PIE world by copying editor world from /Game/Scenes/StartScreen.StartScreen to /Game/Scenes/UEDPIE_0_StartScreen.StartScreen (0.002210s)
[2019.01.06-15.26.28:733][470]LogInit: XAudio2 using 'Headset Earphone (Corsair VOID PRO USB Gaming Headset)' : 6 channels at 48 kHz using 16 bits per sample (channel mask 0x3f)
[2019.01.06-15.26.28:851][470]LogInit: FAudioDevice initialized.
[2019.01.06-15.26.28:857][470]LogSlate: Updating window title bar state: overlay mode, drag disabled, window buttons hidden, title bar hidden
[2019.01.06-15.26.28:891][470]LogLoad: Game class is 'TestGameMode_C'
[2019.01.06-15.26.28:892][470]LogWorld: Bringing World /Game/Scenes/UEDPIE_0_StartScreen.StartScreen up for play (max tick rate 0) at 2019.01.06-15.26.28
[2019.01.06-15.26.28:893][470]LogWorld: Bringing up level for play took: 0.000457
[2019.01.06-15.26.28:906][470]LogGameMode: FindPlayerStart: PATHS NOT DEFINED or NO PLAYERSTART with positive rating
[2019.01.06-15.26.28:907][470]LogGameMode: Display: Match State Changed from EnteringMap to WaitingToStart
[2019.01.06-15.26.28:907][470]LogGameState: Match State Changed from EnteringMap to WaitingToStart
[2019.01.06-15.26.28:907][470]LogGameMode: Display: Match State Changed from WaitingToStart to InProgress
[2019.01.06-15.26.28:908][470]LogGameState: Match State Changed from WaitingToStart to InProgress
[2019.01.06-15.26.28:911][470]PIE: Play in editor start time for /Game/Scenes/UEDPIE_0_StartScreen 0.863
[2019.01.06-15.26.28:911][470]LogBlueprintUserMessages: Late PlayInEditor Detection: Level '/Game/Scenes/StartScreen.StartScreen:PersistentLevel' has LevelScriptBlueprint '/Game/Scenes/StartScreen.StartScreen:PersistentLevel.StartScreen' with GeneratedClass '/Game/Scenes/StartScreen.StartScreen_C' with ClassGeneratedBy '/Game/Scenes/StartScreen.StartScreen:PersistentLevel.StartScreen'
[2019.01.06-15.26.30:818][687]LogGameMode: Display: Match State Changed from InProgress to LeavingMap
[2019.01.06-15.26.30:819][687]LogGameState: Match State Changed from InProgress to LeavingMap
[2019.01.06-15.26.30:819][687]LogNet: Browse: /Game/Scenes/CameraTestScene
[2019.01.06-15.26.30:819][687]LogLoad: LoadMap: /Game/Scenes/CameraTestScene
[2019.01.06-15.26.31:086][687]LogAIModule: Creating AISystem for world CameraTestScene
[2019.01.06-15.26.31:086][687]LogLoad: Game class is 'TestGameMode_C'
[2019.01.06-15.26.31:098][687]LogWorld: Bringing World /Game/Scenes/UEDPIE_0_CameraTestScene.CameraTestScene up for play (max tick rate 0) at 2019.01.06-15.26.31
[2019.01.06-15.26.31:099][687]LogWorld: Bringing up level for play took: 0.012020
[2019.01.06-15.26.31:099][687]LogGameMode: FindPlayerStart: PATHS NOT DEFINED or NO PLAYERSTART with positive rating
[2019.01.06-15.26.31:100][687]LogGameMode: Display: Match State Changed from EnteringMap to WaitingToStart
[2019.01.06-15.26.31:100][687]LogGameState: Match State Changed from EnteringMap to WaitingToStart
[2019.01.06-15.26.31:100][687]LogGameMode: Display: Match State Changed from WaitingToStart to InProgress
[2019.01.06-15.26.31:101][687]LogActor: Warning: MyBPBasePlayerWeapon_C /Game/Scenes/UEDPIE_0_CameraTestScene.CameraTestScene:PersistentLevel.MyBPBasePlayerWeapon_C_0 has natively added scene component(s), but none of them were set as the actor's RootComponent - picking one arbitrarily
[2019.01.06-15.26.31:101][687]LogActor: Warning: MyBiggoronKnifeWeapon_C /Game/Scenes/UEDPIE_0_CameraTestScene.CameraTestScene:PersistentLevel.MyBiggoronKnifeWeapon_C_0 has natively added scene component(s), but none of them were set as the actor's RootComponent - picking one arbitrarily
[2019.01.06-15.26.31:102][687]LogGameState: Match State Changed from WaitingToStart to InProgress
[2019.01.06-15.26.31:102][687]LogLoad: Took 0.283420 seconds to LoadMap(/Game/Scenes/CameraTestScene)
[2019.01.06-15.26.34:536][ 91]LogBlueprintUserMessages: [Send_Player_C_0] 0
[2019.01.06-15.26.38:719][580]LogBlueprintUserMessages: [Send_Player_C_1] 1
[2019.01.06-15.26.42:120][978]LogBlueprintUserMessages: [Send_Player_C_2] 2
[2019.01.06-15.26.43:432][129]LogBlueprintUserMessages: Early EndPlayMap Detection: Level '/Game/Scenes/StartScreen.StartScreen:PersistentLevel' has LevelScriptBlueprint '/Game/Scenes/StartScreen.StartScreen:PersistentLevel.StartScreen' with GeneratedClass '/Game/Scenes/StartScreen.StartScreen_C' with ClassGeneratedBy '/Game/Scenes/StartScreen.StartScreen:PersistentLevel.StartScreen'
[2019.01.06-15.26.43:433][129]LogSlate: Updating window title bar state: overlay mode, drag disabled, window buttons hidden, title bar hidden
[2019.01.06-15.26.43:456][129]LogSlate: Window 'PairProject Game Preview Standalone (64-bit/PCD3D_SM5)' being destroyed
[2019.01.06-15.26.43:492][129]LogPlayLevel: Display: Shutting down PIE online subsystems
[2019.01.06-15.26.43:492][129]LogBlueprintUserMessages: Late EndPlayMap Detection: Level '/Game/Scenes/StartScreen.StartScreen:PersistentLevel' has LevelScriptBlueprint '/Game/Scenes/StartScreen.StartScreen:PersistentLevel.StartScreen' with GeneratedClass '/Game/Scenes/StartScreen.StartScreen_C' with ClassGeneratedBy '/Game/Scenes/StartScreen.StartScreen:PersistentLevel.StartScreen'
[2019.01.06-15.26.43:535][130]LogPlayLevel: Display: Destroying online subsystem :Context_7
[2019.01.06-15.27.05:091][708]BlueprintLog: New page: Compile MyImpaCharacter
[2019.01.06-15.27.06:034][797]LogTemp: Repeating last play command: Selected Viewport
[2019.01.06-15.27.06:058][797]LogBlueprintUserMessages: Early PlayInEditor Detection: Level '/Game/Scenes/StartScreen.StartScreen:PersistentLevel' has LevelScriptBlueprint '/Game/Scenes/StartScreen.StartScreen:PersistentLevel.StartScreen' with GeneratedClass '/Game/Scenes/StartScreen.StartScreen_C' with ClassGeneratedBy '/Game/Scenes/StartScreen.StartScreen:PersistentLevel.StartScreen'
[2019.01.06-15.27.06:058][797]LogPlayLevel: PlayLevel: No blueprints needed recompiling
[2019.01.06-15.27.06:058][797]PIE: New page: PIE session: StartScreen (6 Jan 2019 15:27:06)
[2019.01.06-15.27.06:059][797]LogPlayLevel: Creating play world package: /Game/Scenes/UEDPIE_0_StartScreen
[2019.01.06-15.27.06:060][797]LogPlayLevel: PIE: StaticDuplicateObject took: (0.000967s)
[2019.01.06-15.27.06:060][797]LogAIModule: Creating AISystem for world StartScreen
[2019.01.06-15.27.06:061][797]LogPlayLevel: PIE: World Init took: (0.000865s)
[2019.01.06-15.27.06:061][797]LogPlayLevel: PIE: Created PIE world by copying editor world from /Game/Scenes/StartScreen.StartScreen to /Game/Scenes/UEDPIE_0_StartScreen.StartScreen (0.002291s)
[2019.01.06-15.27.06:096][797]LogInit: XAudio2 using 'Headset Earphone (Corsair VOID PRO USB Gaming Headset)' : 6 channels at 48 kHz using 16 bits per sample (channel mask 0x3f)
[2019.01.06-15.27.06:199][797]LogInit: FAudioDevice initialized.
[2019.01.06-15.27.06:207][797]LogSlate: Updating window title bar state: overlay mode, drag disabled, window buttons hidden, title bar hidden
[2019.01.06-15.27.06:243][797]LogLoad: Game class is 'TestGameMode_C'
[2019.01.06-15.27.06:244][797]LogWorld: Bringing World /Game/Scenes/UEDPIE_0_StartScreen.StartScreen up for play (max tick rate 0) at 2019.01.06-15.27.06
[2019.01.06-15.27.06:245][797]LogWorld: Bringing up level for play took: 0.000351
[2019.01.06-15.27.06:257][797]LogGameMode: FindPlayerStart: PATHS NOT DEFINED or NO PLAYERSTART with positive rating
[2019.01.06-15.27.06:258][797]LogGameMode: Display: Match State Changed from EnteringMap to WaitingToStart
[2019.01.06-15.27.06:258][797]LogGameState: Match State Changed from EnteringMap to WaitingToStart
[2019.01.06-15.27.06:258][797]LogGameMode: Display: Match State Changed from WaitingToStart to InProgress
[2019.01.06-15.27.06:260][797]LogGameState: Match State Changed from WaitingToStart to InProgress
[2019.01.06-15.27.06:262][797]PIE: Play in editor start time for /Game/Scenes/UEDPIE_0_StartScreen 0.214
[2019.01.06-15.27.06:263][797]LogBlueprintUserMessages: Late PlayInEditor Detection: Level '/Game/Scenes/StartScreen.StartScreen:PersistentLevel' has LevelScriptBlueprint '/Game/Scenes/StartScreen.StartScreen:PersistentLevel.StartScreen' with GeneratedClass '/Game/Scenes/StartScreen.StartScreen_C' with ClassGeneratedBy '/Game/Scenes/StartScreen.StartScreen:PersistentLevel.StartScreen'
[2019.01.06-15.27.08:056][  8]LogGameMode: Display: Match State Changed from InProgress to LeavingMap
[2019.01.06-15.27.08:056][  8]LogGameState: Match State Changed from InProgress to LeavingMap
[2019.01.06-15.27.08:056][  8]LogNet: Browse: /Game/Scenes/CameraTestScene
[2019.01.06-15.27.08:056][  8]LogLoad: LoadMap: /Game/Scenes/CameraTestScene
[2019.01.06-15.27.08:329][  8]LogAIModule: Creating AISystem for world CameraTestScene
[2019.01.06-15.27.08:329][  8]LogLoad: Game class is 'TestGameMode_C'
[2019.01.06-15.27.08:339][  8]LogWorld: Bringing World /Game/Scenes/UEDPIE_0_CameraTestScene.CameraTestScene up for play (max tick rate 0) at 2019.01.06-15.27.08
[2019.01.06-15.27.08:340][  8]LogWorld: Bringing up level for play took: 0.010470
[2019.01.06-15.27.08:341][  8]LogGameMode: FindPlayerStart: PATHS NOT DEFINED or NO PLAYERSTART with positive rating
[2019.01.06-15.27.08:341][  8]LogGameMode: Display: Match State Changed from EnteringMap to WaitingToStart
[2019.01.06-15.27.08:341][  8]LogGameState: Match State Changed from EnteringMap to WaitingToStart
[2019.01.06-15.27.08:341][  8]LogGameMode: Display: Match State Changed from WaitingToStart to InProgress
[2019.01.06-15.27.08:343][  8]LogActor: Warning: MyBPBasePlayerWeapon_C /Game/Scenes/UEDPIE_0_CameraTestScene.CameraTestScene:PersistentLevel.MyBPBasePlayerWeapon_C_0 has natively added scene component(s), but none of them were set as the actor's RootComponent - picking one arbitrarily
[2019.01.06-15.27.08:343][  8]LogActor: Warning: MyBiggoronKnifeWeapon_C /Game/Scenes/UEDPIE_0_CameraTestScene.CameraTestScene:PersistentLevel.MyBiggoronKnifeWeapon_C_0 has natively added scene component(s), but none of them were set as the actor's RootComponent - picking one arbitrarily
[2019.01.06-15.27.08:344][  8]LogGameState: Match State Changed from WaitingToStart to InProgress
[2019.01.06-15.27.08:344][  8]LogLoad: Took 0.288111 seconds to LoadMap(/Game/Scenes/CameraTestScene)
[2019.01.06-15.27.11:740][404]LogBlueprintUserMessages: [Send_Player_C_0] 0
[2019.01.06-15.27.19:071][253]LogBlueprintUserMessages: [Send_Player_C_1] 1
[2019.01.06-15.27.26:627][143]LogBlueprintUserMessages: [Send_Player_C_2] 2
[2019.01.06-15.27.37:292][388]LogBlueprintUserMessages: [Send_Player_C_3] 0
[2019.01.06-15.27.49:848][818]LogBlueprintUserMessages: Early EndPlayMap Detection: Level '/Game/Scenes/StartScreen.StartScreen:PersistentLevel' has LevelScriptBlueprint '/Game/Scenes/StartScreen.StartScreen:PersistentLevel.StartScreen' with GeneratedClass '/Game/Scenes/StartScreen.StartScreen_C' with ClassGeneratedBy '/Game/Scenes/StartScreen.StartScreen:PersistentLevel.StartScreen'
[2019.01.06-15.27.49:849][818]LogSlate: Updating window title bar state: overlay mode, drag disabled, window buttons hidden, title bar hidden
[2019.01.06-15.27.49:872][818]LogSlate: Window 'PairProject Game Preview Standalone (64-bit/PCD3D_SM5)' being destroyed
[2019.01.06-15.27.49:914][818]LogPlayLevel: Display: Shutting down PIE online subsystems
[2019.01.06-15.27.49:915][818]LogBlueprintUserMessages: Late EndPlayMap Detection: Level '/Game/Scenes/StartScreen.StartScreen:PersistentLevel' has LevelScriptBlueprint '/Game/Scenes/StartScreen.StartScreen:PersistentLevel.StartScreen' with GeneratedClass '/Game/Scenes/StartScreen.StartScreen_C' with ClassGeneratedBy '/Game/Scenes/StartScreen.StartScreen:PersistentLevel.StartScreen'
[2019.01.06-15.27.49:956][819]LogPlayLevel: Display: Destroying online subsystem :Context_8
[2019.01.06-15.27.53:923][279]LogSavePackage: Moving '../../../../../Users/h017026h/Documents/GitKraken/TGPPairProject/PairProject/Saved/MyImpaCharacterC38F2CCC4B6F5F7DA88AC8942EACBF46.tmp' to '../../../../../Users/h017026h/Documents/GitKraken/TGPPairProject/PairProject/Content/Blueprints/Character_BPs/MyImpaCharacter.uasset'
[2019.01.06-15.27.55:178][406]LogSlate: Window 'PairProject - Unreal Editor' being destroyed
[2019.01.06-15.27.55:179][406]LogWindowsTextInputMethodSystem: Display: IME system now deactivated.
[2019.01.06-15.27.55:365][407]Cmd: QUIT_EDITOR
[2019.01.06-15.27.55:744][407]LogExit: Preparing to exit.
[2019.01.06-15.27.56:079][407]LogExit: Editor shut down
[2019.01.06-15.27.56:079][407]LogExit: Transaction tracking system shut down
[2019.01.06-15.27.56:748][407]LogExit: Object subsystem successfully closed.
[2019.01.06-15.27.56:778][407]LogShaderCompilers: Display: Shaders left to compile 0
[2019.01.06-15.27.56:781][407]LogD3D11RHI: Shutdown
[2019.01.06-15.27.56:781][407]LogD3D11RHI: CleanupD3DDevice
[2019.01.06-15.27.56:782][407]LogD3D11RHI: ~FD3D11DynamicRHI
[2019.01.06-15.27.56:791][407]LogModuleManager: Shutting down and abandoning module BlueprintGraph (622)
[2019.01.06-15.27.56:791][407]LogModuleManager: Shutting down and abandoning module MovieSceneCapture (620)
[2019.01.06-15.27.56:791][407]LogModuleManager: Shutting down and abandoning module Voice (618)
[2019.01.06-15.27.56:791][407]LogModuleManager: Shutting down and abandoning module HierarchicalLODOutliner (616)
[2019.01.06-15.27.56:791][407]LogModuleManager: Shutting down and abandoning module SceneOutliner (614)
[2019.01.06-15.27.56:791][407]LogModuleManager: Shutting down and abandoning module AddContentDialog (612)
[2019.01.06-15.27.56:792][407]LogModuleManager: Shutting down and abandoning module WidgetCarousel (611)
[2019.01.06-15.27.56:792][407]LogModuleManager: Shutting down and abandoning module EditorWidgets (608)
[2019.01.06-15.27.56:792][407]LogModuleManager: Shutting down and abandoning module CollectionManager (606)
[2019.01.06-15.27.56:792][407]LogModuleManager: Shutting down and abandoning module StatsViewer (604)
[2019.01.06-15.27.56:792][407]LogModuleManager: Shutting down and abandoning module FoliageEdit (602)
[2019.01.06-15.27.56:792][407]LogModuleManager: Shutting down and abandoning module LandscapeEditor (600)
[2019.01.06-15.27.56:792][407]LogModuleManager: Shutting down and abandoning module MeshPaintMode (598)
[2019.01.06-15.27.56:793][407]LogModuleManager: Shutting down and abandoning module SceneDepthPickerMode (596)
[2019.01.06-15.27.56:793][407]LogModuleManager: Shutting down and abandoning module ActorPickerMode (594)
[2019.01.06-15.27.56:793][407]LogModuleManager: Shutting down and abandoning module GeometryMode (592)
[2019.01.06-15.27.56:793][407]LogModuleManager: Shutting down and abandoning module TextureAlignMode (590)
[2019.01.06-15.27.56:793][407]LogModuleManager: Shutting down and abandoning module BspMode (588)
[2019.01.06-15.27.56:793][407]LogModuleManager: Shutting down and abandoning module PIEPreviewDeviceProfileSelector (586)
[2019.01.06-15.27.56:793][407]LogModuleManager: Shutting down and abandoning module SequenceRecorderSections (584)
[2019.01.06-15.27.56:793][407]LogModuleManager: Shutting down and abandoning module AutomationWorker (582)
[2019.01.06-15.27.56:793][407]LogModuleManager: Shutting down and abandoning module AudioCaptureEditor (580)
[2019.01.06-15.27.56:794][407]LogModuleManager: Shutting down and abandoning module SequenceRecorder (579)
[2019.01.06-15.27.56:794][407]LogModuleManager: Shutting down and abandoning module MatineeToLevelSequence (576)
[2019.01.06-15.27.56:794][407]LogModuleManager: Shutting down and abandoning module LevelSequenceEditor (574)
[2019.01.06-15.27.56:794][407]LogModuleManager: Shutting down and abandoning module PlacementMode (573)
[2019.01.06-15.27.56:794][407]LogModuleManager: Shutting down and abandoning module MaterialEditor (572)
[2019.01.06-15.27.56:794][407]LogModuleManager: Shutting down and abandoning module WmfMediaFactory (568)
[2019.01.06-15.27.56:794][407]LogModuleManager: Shutting down and abandoning module WmfMediaEditor (566)
[2019.01.06-15.27.56:794][407]LogModuleManager: Shutting down and abandoning module MediaPlayerEditor (564)
[2019.01.06-15.27.56:795][407]LogModuleManager: Shutting down and abandoning module OpenExrWrapper (562)
[2019.01.06-15.27.56:795][407]LogModuleManager: Shutting down and abandoning module ImgMediaFactory (560)
[2019.01.06-15.27.56:795][407]LogModuleManager: Shutting down and abandoning module ImgMediaEditor (558)
[2019.01.06-15.27.56:795][407]LogModuleManager: Shutting down and abandoning module AvfMediaFactory (556)
[2019.01.06-15.27.56:795][407]LogModuleManager: Shutting down and abandoning module AvfMediaEditor (554)
[2019.01.06-15.27.56:795][407]LogModuleManager: Shutting down and abandoning module AndroidMediaFactory (552)
[2019.01.06-15.27.56:795][407]LogModuleManager: Shutting down and abandoning module AndroidMediaEditor (550)
[2019.01.06-15.27.56:795][407]LogModuleManager: Shutting down and abandoning module MagicLeapCameraPreviewFactory (548)
[2019.01.06-15.27.56:795][407]LogModuleManager: Shutting down and abandoning module MagicLeapMediaFactory (546)
[2019.01.06-15.27.56:795][407]LogModuleManager: Shutting down and abandoning module MagicLeapMediaEditor (544)
[2019.01.06-15.27.56:795][407]LogModuleManager: Shutting down and abandoning module CharacterAI (542)
[2019.01.06-15.27.56:795][407]LogModuleManager: Shutting down and abandoning module SmartSnapping (540)
[2019.01.06-15.27.56:795][407]LogModuleManager: Shutting down and abandoning module SessionServices (538)
[2019.01.06-15.27.56:795][407]LogModuleManager: Shutting down and abandoning module ViewportSnapping (536)
[2019.01.06-15.27.56:795][407]LogModuleManager: Shutting down and abandoning module ViewportInteraction (534)
[2019.01.06-15.27.56:796][407]LogModuleManager: Shutting down and abandoning module ClothPainter (532)
[2019.01.06-15.27.56:796][407]LogModuleManager: Shutting down and abandoning module SkeletalMeshEditor (531)
[2019.01.06-15.27.56:796][407]LogModuleManager: Shutting down and abandoning module LogVisualizer (528)
[2019.01.06-15.27.56:796][407]LogModuleManager: Shutting down and abandoning module IntroTutorials (526)
[2019.01.06-15.27.56:796][407]LogModuleManager: Shutting down and abandoning module GameProjectGeneration (525)
[2019.01.06-15.27.56:796][407]LogModuleManager: Shutting down and abandoning module LuminPlatformEditor (522)
[2019.01.06-15.27.56:796][407]LogModuleManager: Shutting down and abandoning module IOSPlatformEditor (520)
[2019.01.06-15.27.56:796][407]LogModuleManager: Shutting down and abandoning module HTML5PlatformEditor (518)
[2019.01.06-15.27.56:796][407]LogModuleManager: Shutting down and abandoning module AndroidPlatformEditor (516)
[2019.01.06-15.27.56:796][407]LogModuleManager: Shutting down and abandoning module AndroidDeviceDetection (515)
[2019.01.06-15.27.57:066][407]LogModuleManager: Shutting down and abandoning module WindowsPlatformEditor (512)
[2019.01.06-15.27.57:067][407]LogModuleManager: Shutting down and abandoning module LuminRuntimeSettings (510)
[2019.01.06-15.27.57:067][407]LogModuleManager: Shutting down and abandoning module IOSRuntimeSettings (508)
[2019.01.06-15.27.57:067][407]LogModuleManager: Shutting down and abandoning module AndroidRuntimeSettings (506)
[2019.01.06-15.27.57:067][407]LogModuleManager: Shutting down and abandoning module InputBindingEditor (504)
[2019.01.06-15.27.57:067][407]LogModuleManager: Shutting down and abandoning module MergeActors (502)
[2019.01.06-15.27.57:067][407]LogModuleManager: Shutting down and abandoning module LocalizationDashboard (500)
[2019.01.06-15.27.57:067][407]LogModuleManager: Shutting down and abandoning module LocalizationService (499)
[2019.01.06-15.27.57:067][407]LogModuleManager: Shutting down and abandoning module HardwareTargeting (496)
[2019.01.06-15.27.57:067][407]LogModuleManager: Shutting down and abandoning module DeviceProfileEditor (494)
[2019.01.06-15.27.57:067][407]LogModuleManager: Shutting down and abandoning module UndoHistory (492)
[2019.01.06-15.27.57:067][407]LogModuleManager: Shutting down and abandoning module XmlParser (490)
[2019.01.06-15.27.57:068][407]LogModuleManager: Shutting down and abandoning module Blutility (488)
[2019.01.06-15.27.57:068][407]LogModuleManager: Shutting down and abandoning module ProjectSettingsViewer (486)
[2019.01.06-15.27.57:068][407]LogModuleManager: Shutting down and abandoning module ProjectTargetPlatformEditor (485)
[2019.01.06-15.27.57:068][407]LogModuleManager: Shutting down and abandoning module EditorSettingsViewer (482)
[2019.01.06-15.27.57:068][407]LogModuleManager: Shutting down and abandoning module SettingsEditor (480)
[2019.01.06-15.27.57:068][407]LogModuleManager: Shutting down and abandoning module ProjectLauncher (478)
[2019.01.06-15.27.57:068][407]LogModuleManager: Shutting down and abandoning module SessionFrontend (476)
[2019.01.06-15.27.57:068][407]LogModuleManager: Shutting down and abandoning module ProfilerClient (474)
[2019.01.06-15.27.57:068][407]LogModuleManager: Shutting down and abandoning module DeviceManager (472)
[2019.01.06-15.27.57:068][407]LogModuleManager: Shutting down and abandoning module TargetDeviceServices (471)
[2019.01.06-15.27.57:123][407]LogModuleManager: Shutting down and abandoning module AutomationController (468)
[2019.01.06-15.27.57:123][407]LogModuleManager: Shutting down and abandoning module AutomationWindow (466)
[2019.01.06-15.27.57:123][407]LogModuleManager: Shutting down and abandoning module Layers (464)
[2019.01.06-15.27.57:123][407]LogModuleManager: Shutting down and abandoning module ComponentVisualizers (462)
[2019.01.06-15.27.57:123][407]LogModuleManager: Shutting down and abandoning module DetailCustomizations (460)
[2019.01.06-15.27.57:123][407]LogModuleManager: Shutting down and abandoning module PackagesDialog (458)
[2019.01.06-15.27.57:124][407]LogModuleManager: Shutting down and abandoning module Persona (456)
[2019.01.06-15.27.57:124][407]LogModuleManager: Shutting down and abandoning module AdvancedPreviewScene (455)
[2019.01.06-15.27.57:124][407]LogModuleManager: Shutting down and abandoning module AnimGraph (453)
[2019.01.06-15.27.57:124][407]LogModuleManager: Shutting down and abandoning module Kismet (450)
[2019.01.06-15.27.57:128][407]LogModuleManager: Shutting down and abandoning module GraphEditor (448)
[2019.01.06-15.27.57:129][407]LogModuleManager: Shutting down and abandoning module ClassViewer (446)
[2019.01.06-15.27.57:129][407]LogModuleManager: Shutting down and abandoning module Toolbox (444)
[2019.01.06-15.27.57:129][407]LogModuleManager: Shutting down and abandoning module DesktopPlatform (443)
[2019.01.06-15.27.57:129][407]LogModuleManager: Shutting down and abandoning module ModuleUI (440)
[2019.01.06-15.27.57:129][407]LogModuleManager: Shutting down and abandoning module MovieSceneTools (438)
[2019.01.06-15.27.57:129][407]LogModuleManager: Shutting down and abandoning module OutputLog (436)
[2019.01.06-15.27.57:129][407]LogModuleManager: Shutting down and abandoning module GammaUI (434)
[2019.01.06-15.27.57:129][407]LogModuleManager: Shutting down and abandoning module Documentation (432)
[2019.01.06-15.27.57:129][407]LogModuleManager: Shutting down and abandoning module MovieSceneTracks (430)
[2019.01.06-15.27.57:129][407]LogModuleManager: Shutting down and abandoning module MovieScene (428)
[2019.01.06-15.27.57:129][407]LogModuleManager: Shutting down and abandoning module StreamingPauseRendering (426)
[2019.01.06-15.27.57:129][407]LogModuleManager: Shutting down and abandoning module LauncherPlatform (424)
[2019.01.06-15.27.57:129][407]LogModuleManager: Shutting down and abandoning module AnalyticsET (422)
[2019.01.06-15.27.57:130][407]LogModuleManager: Shutting down and abandoning module PortalServices (420)
[2019.01.06-15.27.57:130][407]LogModuleManager: Shutting down and abandoning module PortalRpc (418)
[2019.01.06-15.27.57:130][407]LogModuleManager: Shutting down and abandoning module MessagingRpc (416)
[2019.01.06-15.27.57:130][407]LogModuleManager: Shutting down and abandoning module AIModule (414)
[2019.01.06-15.27.57:130][407]LogModuleManager: Shutting down and abandoning module GameplayDebugger (413)
[2019.01.06-15.27.57:130][407]LogModuleManager: Shutting down and abandoning module AITestSuite (411)
[2019.01.06-15.27.57:130][407]LogModuleManager: Shutting down and abandoning module NavigationSystem (409)
[2019.01.06-15.27.57:130][407]LogModuleManager: Shutting down and abandoning module ProfilerService (406)
[2019.01.06-15.27.57:276][407]LogModuleManager: Shutting down and abandoning module TaskGraph (404)
[2019.01.06-15.27.57:276][407]LogModuleManager: Shutting down and abandoning module SteamVRController (402)
[2019.01.06-15.27.57:276][407]LogModuleManager: Shutting down and abandoning module ProceduralMeshComponentEditor (400)
[2019.01.06-15.27.57:276][407]LogModuleManager: Shutting down and abandoning module ProceduralMeshComponent (398)
[2019.01.06-15.27.57:276][407]LogModuleManager: Shutting down and abandoning module OculusInput (396)
[2019.01.06-15.27.57:276][407]LogModuleManager: Shutting down and abandoning module MobilePatchingUtils (394)
[2019.01.06-15.27.57:276][407]LogModuleManager: Shutting down and abandoning module EditableMesh (392)
[2019.01.06-15.27.57:276][407]LogModuleManager: Shutting down and abandoning module CustomMeshComponent (390)
[2019.01.06-15.27.57:276][407]LogModuleManager: Shutting down and abandoning module CableComponent (388)
[2019.01.06-15.27.57:276][407]LogModuleManager: Shutting down and abandoning module AudioCapture (386)
[2019.01.06-15.27.57:276][407]LogModuleManager: Shutting down and abandoning module ArchVisCharacter (384)
[2019.01.06-15.27.57:276][407]LogModuleManager: Shutting down and abandoning module AndroidPermission (382)
[2019.01.06-15.27.57:276][407]LogModuleManager: Shutting down and abandoning module NUTUnrealEngine4 (380)
[2019.01.06-15.27.57:276][407]LogModuleManager: Shutting down and abandoning module NetcodeUnitTest (378)
[2019.01.06-15.27.57:277][407]LogModuleManager: Shutting down and abandoning module MediaCompositingEditor (376)
[2019.01.06-15.27.57:277][407]LogModuleManager: Shutting down and abandoning module MediaCompositing (374)
[2019.01.06-15.27.57:277][407]LogModuleManager: Shutting down and abandoning module LinearTimecode (372)
[2019.01.06-15.27.57:277][407]LogModuleManager: Shutting down and abandoning module ImgMedia (370)
[2019.01.06-15.27.57:282][407]LogModuleManager: Shutting down and abandoning module HTML5Networking (368)
[2019.01.06-15.27.57:282][407]LogModuleManager: Shutting down and abandoning module GeometryCacheTracks (366)
[2019.01.06-15.27.57:282][407]LogModuleManager: Shutting down and abandoning module GeometryCacheSequencer (364)
[2019.01.06-15.27.57:282][407]LogModuleManager: Shutting down and abandoning module BackChannel (362)
[2019.01.06-15.27.57:282][407]LogModuleManager: Shutting down and abandoning module AppleVision (360)
[2019.01.06-15.27.57:282][407]LogModuleManager: Shutting down and abandoning module AppleImageUtils (358)
[2019.01.06-15.27.57:282][407]LogModuleManager: Shutting down and abandoning module AlembicImporter (356)
[2019.01.06-15.27.57:282][407]LogModuleManager: Shutting down and abandoning module AlembicLibrary (355)
[2019.01.06-15.27.57:282][407]LogModuleManager: Shutting down and abandoning module GeometryCache (354)
[2019.01.06-15.27.57:282][407]LogModuleManager: Shutting down and abandoning module GeometryCacheEd (353)
[2019.01.06-15.27.57:283][407]LogModuleManager: Shutting down and abandoning module DatasmithContentEditor (348)
[2019.01.06-15.27.57:283][407]LogModuleManager: Shutting down and abandoning module DatasmithContent (346)
[2019.01.06-15.27.57:283][407]LogModuleManager: Shutting down and abandoning module SpeedTreeImporter (344)
[2019.01.06-15.27.57:283][407]LogModuleManager: Shutting down and abandoning module PluginBrowser (342)
[2019.01.06-15.27.57:283][407]LogModuleManager: Shutting down and abandoning module MobileLauncherProfileWizard (340)
[2019.01.06-15.27.57:283][407]LogModuleManager: Shutting down and abandoning module PolygonModeling (338)
[2019.01.06-15.27.57:284][407]LogModuleManager: Shutting down and abandoning module MeshEditor (336)
[2019.01.06-15.27.57:284][407]LogModuleManager: Shutting down and abandoning module CryptoKeysOpenSSL (334)
[2019.01.06-15.27.57:284][407]LogModuleManager: Shutting down and abandoning module CryptoKeys (332)
[2019.01.06-15.27.57:284][407]LogModuleManager: Shutting down and abandoning module VisualStudioSourceCodeAccess (330)
[2019.01.06-15.27.57:284][407]LogModuleManager: Shutting down and abandoning module VisualStudioCodeSourceCodeAccess (328)
[2019.01.06-15.27.57:284][407]LogModuleManager: Shutting down and abandoning module UObjectPlugin (326)
[2019.01.06-15.27.57:284][407]LogModuleManager: Shutting down and abandoning module SubversionSourceControl (324)
[2019.01.06-15.27.57:284][407]LogModuleManager: Shutting down and abandoning module PerforceSourceControl (322)
[2019.01.06-15.27.57:284][407]LogModuleManager: Shutting down and abandoning module GitSourceControl (320)
[2019.01.06-15.27.57:284][407]LogModuleManager: Shutting down and abandoning module SourceControl (319)
[2019.01.06-15.27.57:284][407]LogModuleManager: Shutting down and abandoning module CLionSourceCodeAccess (316)
[2019.01.06-15.27.57:284][407]LogModuleManager: Shutting down and abandoning module LightPropagationVolumeEditor (314)
[2019.01.06-15.27.57:284][407]LogModuleManager: Shutting down and abandoning module PaperTiledImporter (312)
[2019.01.06-15.27.57:284][407]LogModuleManager: Shutting down and abandoning module PaperSpriteSheetImporter (310)
[2019.01.06-15.27.57:284][407]LogModuleManager: Shutting down and abandoning module Paper2DEditor (308)
[2019.01.06-15.27.57:284][407]LogModuleManager: Shutting down and abandoning module MeshPaint (307)
[2019.01.06-15.27.57:285][407]LogModuleManager: Shutting down and abandoning module PairProject (304)
[2019.01.06-15.27.57:285][407]LogModuleManager: Shutting down and abandoning module RuntimePhysXCooking (302)
[2019.01.06-15.27.57:285][407]LogModuleManager: Shutting down and abandoning module PhysXVehiclesEditor (300)
[2019.01.06-15.27.57:285][407]LogModuleManager: Shutting down and abandoning module PhysXVehicles (298)
[2019.01.06-15.27.57:285][407]LogModuleManager: Shutting down and abandoning module OculusEditor (296)
[2019.01.06-15.27.57:285][407]LogModuleManager: Shutting down and abandoning module LocationServicesBPLibrary (294)
[2019.01.06-15.27.57:285][407]LogModuleManager: Shutting down and abandoning module ImmediatePhysicsEditor (292)
[2019.01.06-15.27.57:285][407]LogModuleManager: Shutting down and abandoning module ImmediatePhysics (290)
[2019.01.06-15.27.57:285][407]LogModuleManager: Shutting down and abandoning module ApexDestructionEditor (288)
[2019.01.06-15.27.57:285][407]LogModuleManager: Shutting down and abandoning module ApexDestruction (286)
[2019.01.06-15.27.57:285][407]LogModuleManager: Shutting down and abandoning module ActorSequence (284)
[2019.01.06-15.27.57:285][407]LogModuleManager: Shutting down and abandoning module UdpMessaging (282)
[2019.01.06-15.27.57:386][407]LogModuleManager: Shutting down and abandoning module TcpMessaging (280)
[2019.01.06-15.27.57:487][407]LogModuleManager: Shutting down and abandoning module MagicLeapAudio (278)
[2019.01.06-15.27.57:487][407]LogModuleManager: Shutting down and abandoning module GameplayTagsEditor (276)
[2019.01.06-15.27.57:487][407]LogModuleManager: Shutting down and abandoning module FacialAnimationEditor (274)
[2019.01.06-15.27.57:487][407]LogModuleManager: Shutting down and abandoning module FacialAnimation (272)
[2019.01.06-15.27.57:487][407]LogModuleManager: Shutting down and abandoning module DataValidation (270)
[2019.01.06-15.27.57:487][407]LogModuleManager: Shutting down and abandoning module AssetManagerEditor (268)
[2019.01.06-15.27.57:487][407]LogModuleManager: Shutting down and abandoning module LevelEditor (267)
[2019.01.06-15.27.57:488][407]LogModuleManager: Shutting down and abandoning module PixelInspectorModule (266)
[2019.01.06-15.27.57:488][407]LogModuleManager: Shutting down and abandoning module CommonMenuExtensions (264)
[2019.01.06-15.27.57:489][407]LogModuleManager: Shutting down and abandoning module MainFrame (262)
[2019.01.06-15.27.57:489][407]LogModuleManager: Shutting down and abandoning module HotReload (261)
[2019.01.06-15.27.57:489][407]LogModuleManager: Shutting down and abandoning module ContentBrowser (257)
[2019.01.06-15.27.57:490][407]LogModuleManager: Shutting down and abandoning module TreeMap (255)
[2019.01.06-15.27.57:490][407]LogModuleManager: Shutting down and abandoning module LightPropagationVolumeRuntime (252)
[2019.01.06-15.27.57:490][407]LogModuleManager: Shutting down and abandoning module AISupportModule (250)
[2019.01.06-15.27.57:490][407]LogModuleManager: Shutting down and abandoning module Paper2D (248)
[2019.01.06-15.27.57:490][407]LogModuleManager: Shutting down and abandoning module WindowsMoviePlayer (246)
[2019.01.06-15.27.57:490][407]LogModuleManager: Shutting down and abandoning module WmfMedia (244)
[2019.01.06-15.27.57:492][407]LogModuleManager: Shutting down and abandoning module Media (243)
[2019.01.06-15.27.57:498][407]LogModuleManager: Shutting down and abandoning module PacketHandler (240)
[2019.01.06-15.27.57:498][407]LogModuleManager: Shutting down and abandoning module ClothingSystemEditor (238)
[2019.01.06-15.27.57:498][407]LogModuleManager: Shutting down and abandoning module ClothingSystemRuntime (236)
[2019.01.06-15.27.57:498][407]LogModuleManager: Shutting down and abandoning module MediaAssets (234)
[2019.01.06-15.27.57:499][407]LogModuleManager: Shutting down and abandoning module Overlay (232)
[2019.01.06-15.27.57:499][407]LogModuleManager: Shutting down and abandoning module OverlayEditor (231)
[2019.01.06-15.27.57:499][407]LogModuleManager: Shutting down and abandoning module VREditor (228)
[2019.01.06-15.27.57:499][407]LogModuleManager: Shutting down and abandoning module StringTableEditor (226)
[2019.01.06-15.27.57:499][407]LogModuleManager: Shutting down and abandoning module GameplayTasksEditor (224)
[2019.01.06-15.27.57:499][407]LogModuleManager: Shutting down and abandoning module BehaviorTreeEditor (222)
[2019.01.06-15.27.57:499][407]LogModuleManager: Shutting down and abandoning module FunctionalTesting (220)
[2019.01.06-15.27.57:499][407]LogModuleManager: Shutting down and abandoning module CollisionAnalyzer (218)
[2019.01.06-15.27.57:499][407]LogModuleManager: Shutting down and abandoning module WorkspaceMenuStructure (217)
[2019.01.06-15.27.57:499][407]LogModuleManager: Shutting down and abandoning module UMG (214)
[2019.01.06-15.27.57:499][407]LogModuleManager: Shutting down and abandoning module UMGEditor (213)
[2019.01.06-15.27.57:499][407]LogModuleManager: Shutting down and abandoning module Sequencer (212)
[2019.01.06-15.27.57:500][407]LogModuleManager: Shutting down and abandoning module MessageLog (209)
[2019.01.06-15.27.57:500][407]LogModuleManager: Shutting down and abandoning module SlateReflector (204)
[2019.01.06-15.27.57:500][407]LogModuleManager: Shutting down and abandoning module Slate (202)
[2019.01.06-15.27.57:500][407]LogModuleManager: Shutting down and abandoning module EditorStyle (200)
[2019.01.06-15.27.57:501][407]LogModuleManager: Shutting down and abandoning module MRMesh (198)
[2019.01.06-15.27.57:501][407]LogModuleManager: Shutting down and abandoning module SourceCodeAccess (196)
[2019.01.06-15.27.57:501][407]LogModuleManager: Shutting down and abandoning module HeadMountedDisplay (194)
[2019.01.06-15.27.57:501][407]LogModuleManager: Shutting down and abandoning module XAudio2 (192)
[2019.01.06-15.27.57:501][407]LogModuleManager: Shutting down and abandoning module Networking (190)
[2019.01.06-15.27.57:501][407]LogModuleManager: Shutting down and abandoning module Core (188)
[2019.01.06-15.27.57:501][407]LogModuleManager: Shutting down and abandoning module LevelSequence (186)
[2019.01.06-15.27.57:501][407]LogModuleManager: Shutting down and abandoning module KismetCompiler (184)
[2019.01.06-15.27.57:501][407]LogModuleManager: Shutting down and abandoning module MeshUtilities (182)
[2019.01.06-15.27.57:501][407]LogModuleManager: Shutting down and abandoning module MeshMergeUtilities (181)
[2019.01.06-15.27.57:502][407]LogModuleManager: Shutting down and abandoning module MeshReductionInterface (180)
[2019.01.06-15.27.57:502][407]LogModuleManager: Shutting down and abandoning module SimplygonSwarm (179)
[2019.01.06-15.27.57:502][407]LogModuleManager: Shutting down and abandoning module ProxyLODMeshReduction (177)
[2019.01.06-15.27.57:502][407]LogModuleManager: Shutting down and abandoning module SimplygonMeshReduction (175)
[2019.01.06-15.27.57:502][407]LogModuleManager: Shutting down and abandoning module QuadricMeshReduction (173)
[2019.01.06-15.27.57:502][407]LogModuleManager: Shutting down and abandoning module MaterialBaking (169)
[2019.01.06-15.27.57:502][407]LogModuleManager: Shutting down and abandoning module DirectoryWatcher (165)
[2019.01.06-15.27.57:502][407]LogModuleManager: Shutting down and abandoning module DerivedDataCache (162)
[2019.01.06-15.27.57:604][407]LogDerivedDataCache: Shutdown
[2019.01.06-15.27.57:604][407]LogModuleManager: Shutting down and abandoning module XGEController (160)
[2019.01.06-15.27.57:604][407]LogXGEController: Cleaning working directory: C:/Users/h017026h/AppData/Local/Temp/UnrealXGEWorkingDir/
[2019.01.06-15.27.57:604][407]LogModuleManager: Shutting down and abandoning module TargetPlatform (158)
[2019.01.06-15.27.57:605][407]LogModuleManager: Shutting down and abandoning module VulkanShaderFormat (157)
[2019.01.06-15.27.57:605][407]LogModuleManager: Shutting down and abandoning module ShaderFormatVectorVM (155)
[2019.01.06-15.27.57:605][407]LogModuleManager: Shutting down and abandoning module ShaderFormatOpenGL (153)
[2019.01.06-15.27.57:605][407]LogModuleManager: Shutting down and abandoning module ShaderFormatD3D (151)
[2019.01.06-15.27.57:605][407]LogModuleManager: Shutting down and abandoning module MetalShaderFormat (149)
[2019.01.06-15.27.57:605][407]LogModuleManager: Shutting down and abandoning module TextureFormatUncompressed (147)
[2019.01.06-15.27.57:605][407]LogModuleManager: Shutting down and abandoning module TextureFormatPVR (145)
[2019.01.06-15.27.57:605][407]LogModuleManager: Shutting down and abandoning module TextureFormatDXT (143)
[2019.01.06-15.27.57:605][407]LogModuleManager: Shutting down and abandoning module TextureFormatIntelISPCTexComp (141)
[2019.01.06-15.27.57:606][407]LogModuleManager: Shutting down and abandoning module TextureFormatASTC (139)
[2019.01.06-15.27.57:606][407]LogModuleManager: Shutting down and abandoning module ImageWrapper (138)
[2019.01.06-15.27.57:606][407]LogModuleManager: Shutting down and abandoning module TextureFormatAndroid (135)
[2019.01.06-15.27.57:606][407]LogModuleManager: Shutting down and abandoning module AudioFormatOpus (133)
[2019.01.06-15.27.57:606][407]LogModuleManager: Shutting down and abandoning module AudioFormatOgg (131)
[2019.01.06-15.27.57:606][407]LogModuleManager: Shutting down and abandoning module AudioFormatADPCM (129)
[2019.01.06-15.27.57:606][407]LogModuleManager: Shutting down and abandoning module LuminTargetPlatform (127)
[2019.01.06-15.27.57:606][407]LogModuleManager: Shutting down and abandoning module LinuxTargetPlatform (125)
[2019.01.06-15.27.57:607][407]LogModuleManager: Shutting down and abandoning module LinuxServerTargetPlatform (123)
[2019.01.06-15.27.57:607][407]LogModuleManager: Shutting down and abandoning module LinuxNoEditorTargetPlatform (121)
[2019.01.06-15.27.57:607][407]LogModuleManager: Shutting down and abandoning module LinuxClientTargetPlatform (119)
[2019.01.06-15.27.57:607][407]LogModuleManager: Shutting down and abandoning module TVOSTargetPlatform (117)
[2019.01.06-15.27.57:607][407]LogModuleManager: Shutting down and abandoning module Messaging (115)
[2019.01.06-15.27.57:607][407]LogModuleManager: Shutting down and abandoning module IOSTargetPlatform (113)
[2019.01.06-15.27.57:608][407]LogModuleManager: Shutting down and abandoning module HTML5TargetPlatform (111)
[2019.01.06-15.27.57:608][407]LogModuleManager: Shutting down and abandoning module AndroidTargetPlatform (109)
[2019.01.06-15.27.57:611][407]LogModuleManager: Shutting down and abandoning module WindowsTargetPlatform (107)
[2019.01.06-15.27.57:611][407]LogModuleManager: Shutting down and abandoning module WindowsServerTargetPlatform (105)
[2019.01.06-15.27.57:611][407]LogModuleManager: Shutting down and abandoning module WindowsNoEditorTargetPlatform (103)
[2019.01.06-15.27.57:611][407]LogModuleManager: Shutting down and abandoning module WindowsClientTargetPlatform (101)
[2019.01.06-15.27.57:611][407]LogModuleManager: Shutting down and abandoning module MacTargetPlatform (99)
[2019.01.06-15.27.57:611][407]LogModuleManager: Shutting down and abandoning module MacServerTargetPlatform (97)
[2019.01.06-15.27.57:611][407]LogModuleManager: Shutting down and abandoning module MacNoEditorTargetPlatform (95)
[2019.01.06-15.27.57:611][407]LogModuleManager: Shutting down and abandoning module MacClientTargetPlatform (93)
[2019.01.06-15.27.57:612][407]LogModuleManager: Shutting down and abandoning module AllDesktopTargetPlatform (91)
[2019.01.06-15.27.57:612][407]LogModuleManager: Shutting down and abandoning module InputCore (88)
[2019.01.06-15.27.57:612][407]LogModuleManager: Shutting down and abandoning module Settings (86)
[2019.01.06-15.27.57:612][407]LogModuleManager: Shutting down and abandoning module PhysXCooking (84)
[2019.01.06-15.27.57:612][407]LogModuleManager: Shutting down and abandoning module SteamVR (82)
[2019.01.06-15.27.57:612][407]LogModuleManager: Shutting down and abandoning module OculusHMD (80)
[2019.01.06-15.27.57:612][407]LogModuleManager: Shutting down and abandoning module ExampleDeviceProfileSelector (78)
[2019.01.06-15.27.57:612][407]LogModuleManager: Shutting down and abandoning module LauncherChunkInstaller (76)
[2019.01.06-15.27.57:612][407]LogModuleManager: Shutting down and abandoning module OnlineBlueprintSupport (74)
[2019.01.06-15.27.57:612][407]LogModuleManager: Shutting down and abandoning module OnlineSubsystem (70)
[2019.01.06-15.27.57:613][407]LogModuleManager: Shutting down and abandoning module XMPP (65)
[2019.01.06-15.27.57:613][407]LogModuleManager: Shutting down and abandoning module WebSockets (64)
[2019.01.06-15.27.57:622][407]LogModuleManager: Shutting down and abandoning module HTTP (61)
[2019.01.06-15.27.57:622][407]LogHttp: Display: Http module shutting down, but needs to wait on 1 outstanding Http requests:
[2019.01.06-15.27.57:622][407]LogHttp: Display: 	verb=[POST] url=[https://datarouter.ol.epicgames.com/datarouter/api/v1/public/data?SessionID=%7B1D8A00CF-44B3-AF59-9CD5-A9A383406795%7D&AppID=UEEditor.Rocket.Release&AppVersion=4.20.3-4369336%2B%2B%2BUE4%2BRelease-4.20&UserID=81238f3745259e4ccbe49699fefb750c%7C57acdad4fb0c413ba5aebbf147efe532%7C4262c4f5-6bc8-4dde-bd6b-1806285362b0&AppEnvironment=datacollector-binary&UploadType=eteventstream] status=Processing
[2019.01.06-15.27.57:656][407]LogModuleManager: Shutting down and abandoning module SSL (60)
[2019.01.06-15.27.57:657][407]LogModuleManager: Shutting down and abandoning module MagicLeapEmulator (56)
[2019.01.06-15.27.57:657][407]LogModuleManager: Shutting down and abandoning module MagicLeapPrivileges (54)
[2019.01.06-15.27.57:657][407]LogModuleManager: Shutting down and abandoning module MagicLeapIdentity (52)
[2019.01.06-15.27.57:657][407]LogModuleManager: Shutting down and abandoning module MagicLeapHelperVulkan (50)
[2019.01.06-15.27.57:657][407]LogModuleManager: Shutting down and abandoning module MagicLeapHelperOpenGL (48)
[2019.01.06-15.27.57:657][407]LogModuleManager: Shutting down and abandoning module MagicLeapSecureStorage (46)
[2019.01.06-15.27.57:657][407]LogModuleManager: Shutting down and abandoning module MagicLeapGestures (44)
[2019.01.06-15.27.57:657][407]LogModuleManager: Shutting down and abandoning module MagicLeapEyeTracker (42)
[2019.01.06-15.27.57:657][407]LogModuleManager: Shutting down and abandoning module MagicLeapController (40)
[2019.01.06-15.27.57:657][407]LogSlate: Slate User Destroyed.  User Index 0, Is Virtual User: 0
[2019.01.06-15.27.57:657][407]LogModuleManager: Shutting down and abandoning module MagicLeap (38)
[2019.01.06-15.27.57:657][407]LogModuleManager: Shutting down and abandoning module AnimationModifiers (36)
[2019.01.06-15.27.57:657][407]LogModuleManager: Shutting down and abandoning module PropertyEditor (35)
[2019.01.06-15.27.57:658][407]LogModuleManager: Shutting down and abandoning module AudioEditor (32)
[2019.01.06-15.27.57:658][407]LogModuleManager: Shutting down and abandoning module TextureCompressor (30)
[2019.01.06-15.27.57:659][407]LogModuleManager: Shutting down and abandoning module ShaderCore (28)
[2019.01.06-15.27.57:659][407]LogModuleManager: Shutting down and abandoning module Landscape (26)
[2019.01.06-15.27.57:659][407]LogModuleManager: Shutting down and abandoning module SlateRHIRenderer (24)
[2019.01.06-15.27.57:660][407]LogModuleManager: Shutting down and abandoning module OpenGLDrv (22)
[2019.01.06-15.27.57:660][407]LogModuleManager: Shutting down and abandoning module D3D11RHI (20)
[2019.01.06-15.27.57:660][407]LogModuleManager: Shutting down and abandoning module AnimGraphRuntime (18)
[2019.01.06-15.27.57:660][407]LogModuleManager: Shutting down and abandoning module Renderer (16)
[2019.01.06-15.27.57:660][407]LogModuleManager: Shutting down and abandoning module Engine (14)
[2019.01.06-15.27.57:660][407]LogModuleManager: Shutting down and abandoning module CoreUObject (12)
[2019.01.06-15.27.57:661][407]LogModuleManager: Shutting down and abandoning module NetworkFile (10)
[2019.01.06-15.27.57:661][407]LogModuleManager: Shutting down and abandoning module CookedIterativeFile (8)
[2019.01.06-15.27.57:661][407]LogModuleManager: Shutting down and abandoning module StreamingFile (6)
[2019.01.06-15.27.57:661][407]LogModuleManager: Shutting down and abandoning module SandboxFile (4)
[2019.01.06-15.27.57:661][407]LogModuleManager: Shutting down and abandoning module PakFile (2)
[2019.01.06-15.27.57:675][407]LogExit: Exiting.
[2019.01.06-15.27.57:687][407]Log file closed, 01/06/19 15:27:57
