Log file open, 12/29/18 15:22:40
LogWindows: Failed to load 'aqProf.dll' (GetLastError=126)
LogWindows: File 'aqProf.dll' does not exist
LogWindows: Failed to load 'VSPerf140.dll' (GetLastError=126)
LogWindows: File 'VSPerf140.dll' does not exist
LogWindows: Failed to load 'VtuneApi.dll' (GetLastError=126)
LogWindows: File 'VtuneApi.dll' does not exist
LogWindows: Failed to load 'VtuneApi32e.dll' (GetLastError=126)
LogWindows: File 'VtuneApi32e.dll' does not exist
LogInit: Display: Running engine for game: PairProject
LogPlatformFile: Not using cached read wrapper
LogTaskGraph: Started task graph with 5 named threads and 35 total threads with 3 sets of task threads.
LogStats: Stats thread started at 0.503951
LogD3D11RHI: Loaded GFSDK_Aftermath_Lib.x64.dll
LogICUInternationalization: Display: ICU TimeZone Detection - Raw Offset: +0:00, Platform Override: ''
LogPluginManager: Mounting plugin Paper2D
LogPluginManager: Mounting plugin AISupport
LogPluginManager: Mounting plugin LightPropagationVolume
LogPluginManager: Mounting plugin CLionSourceCodeAccess
LogPluginManager: Mounting plugin CodeLiteSourceCodeAccess
LogPluginManager: Mounting plugin GitSourceControl
LogPluginManager: Mounting plugin KDevelopSourceCodeAccess
LogPluginManager: Mounting plugin NullSourceCodeAccess
LogPluginManager: Mounting plugin PerforceSourceControl
LogPluginManager: Mounting plugin SubversionSourceControl
LogPluginManager: Mounting plugin UObjectPlugin
LogPluginManager: Mounting plugin VisualStudioCodeSourceCodeAccess
LogPluginManager: Mounting plugin VisualStudioSourceCodeAccess
LogPluginManager: Mounting plugin XCodeSourceCodeAccess
LogPluginManager: Mounting plugin AssetManagerEditor
LogPluginManager: Mounting plugin CryptoKeys
LogPluginManager: Mounting plugin DataValidation
LogPluginManager: Mounting plugin FacialAnimation
LogPluginManager: Mounting plugin GameplayTagsEditor
LogPluginManager: Mounting plugin MacGraphicsSwitching
LogPluginManager: Mounting plugin MeshEditor
LogPluginManager: Mounting plugin MobileLauncherProfileWizard
LogPluginManager: Mounting plugin PluginBrowser
LogPluginManager: Mounting plugin SpeedTreeImporter
LogPluginManager: Mounting plugin DatasmithContent
LogPluginManager: Mounting plugin AlembicImporter
LogPluginManager: Mounting plugin AppleImageUtils
LogPluginManager: Mounting plugin AppleVision
LogPluginManager: Mounting plugin BackChannel
LogPluginManager: Mounting plugin CharacterAI
LogPluginManager: Mounting plugin GeometryCache
LogPluginManager: Mounting plugin HTML5Networking
LogPluginManager: Mounting plugin ProxyLODPlugin
LogPluginManager: Mounting plugin MagicLeap
LogPluginManager: Mounting plugin MagicLeapEmulator
LogPluginManager: Mounting plugin MagicLeapMedia
LogPluginManager: Mounting plugin AndroidMedia
LogPluginManager: Mounting plugin AvfMedia
LogPluginManager: Mounting plugin ImgMedia
LogPluginManager: Mounting plugin LinearTimecode
LogPluginManager: Mounting plugin MediaCompositing
LogPluginManager: Mounting plugin MediaPlayerEditor
LogPluginManager: Mounting plugin WmfMedia
LogPluginManager: Mounting plugin TcpMessaging
LogPluginManager: Mounting plugin UdpMessaging
LogPluginManager: Mounting plugin ActorSequence
LogPluginManager: Mounting plugin LevelSequenceEditor
LogPluginManager: Mounting plugin MatineeToLevelSequence
LogPluginManager: Mounting plugin NetcodeUnitTest
LogPluginManager: Mounting plugin NUTUnrealEngine4
LogPluginManager: Mounting plugin OnlineSubsystemGooglePlay
LogPluginManager: Mounting plugin OnlineSubsystemIOS
LogPluginManager: Mounting plugin OnlineSubsystem
LogPluginManager: Mounting plugin OnlineSubsystemNull
LogPluginManager: Mounting plugin OnlineSubsystemUtils
LogPluginManager: Mounting plugin LauncherChunkInstaller
LogPluginManager: Mounting plugin AndroidDeviceProfileSelector
LogPluginManager: Mounting plugin AndroidMoviePlayer
LogPluginManager: Mounting plugin AndroidPermission
LogPluginManager: Mounting plugin AppleMoviePlayer
LogPluginManager: Mounting plugin ArchVisCharacter
LogPluginManager: Mounting plugin AudioCapture
LogPluginManager: Mounting plugin CableComponent
LogPluginManager: Mounting plugin CustomMeshComponent
LogPluginManager: Mounting plugin EditableMesh
LogPluginManager: Mounting plugin ExampleDeviceProfileSelector
LogPluginManager: Mounting plugin GoogleCloudMessaging
LogPluginManager: Mounting plugin ImmediatePhysics
LogPluginManager: Mounting plugin IOSDeviceProfileSelector
LogPluginManager: Mounting plugin LinuxDeviceProfileSelector
LogPluginManager: Mounting plugin LocationServicesBPLibrary
LogPluginManager: Mounting plugin MobilePatchingUtils
LogPluginManager: Mounting plugin OculusVR
LogPluginManager: Plugin shader directory ../../../Engine/Plugins/Runtime/Oculus/OculusVR/Shaders found
LogPluginManager: Mapping shader source directory ../../../Engine/Plugins/Runtime/Oculus/OculusVR/Shaders to virtual directory /Plugin/OculusVR
LogPluginManager: Mounting plugin PhysXVehicles
LogPluginManager: Mounting plugin ProceduralMeshComponent
LogPluginManager: Mounting plugin RuntimePhysXCooking
LogPluginManager: Mounting plugin SteamVR
LogPluginManager: Mounting plugin WindowsMoviePlayer
LogStreaming: Display: Took  0.108s to configure plugins.
LogInit: Using libcurl 7.55.1-DEV
LogInit:  - built for x86_64-pc-win32
LogInit:  - supports SSL with OpenSSL/1.0.2h
LogInit:  - supports HTTP deflate (compression) using libz 1.2.8
LogInit:  - other features:
LogInit:      CURL_VERSION_SSL
LogInit:      CURL_VERSION_LIBZ
LogInit:      CURL_VERSION_IPV6
LogInit:      CURL_VERSION_ASYNCHDNS
LogInit:      CURL_VERSION_LARGEFILE
LogInit:      CURL_VERSION_IDN
LogInit:  CurlRequestOptions (configurable via config and command line):
LogInit:  - bVerifyPeer = false  - Libcurl will NOT verify peer certificate
LogInit:  - bUseHttpProxy = false  - Libcurl will NOT use HTTP proxy
LogInit:  - bDontReuseConnections = false  - Libcurl will reuse connections
LogInit:  - CertBundlePath = nullptr  - Libcurl will use whatever was configured at build time.
LogInit:  - MaxHostConnections = 16  - Libcurl will limit the number of connections to a host
LogInit:  - LocalHostAddr = Default
LogInit:  - BufferSize = 65536
LogInit: WinSock: version 1.1 (2.2), MaxSocks=32767, MaxUdp=65467
LogInit: Build: ++UE4+Release-4.20-CL-4369336
LogInit: Engine Version: 4.20.3-4369336+++UE4+Release-4.20
LogInit: Compatible Engine Version: 4.20.0-4212847+++UE4+Release-4.20
LogInit: Net CL: 4212847
LogInit: OS: Windows 10 (), CPU: Intel(R) Core(TM) i7-8700K CPU @ 3.70GHz, GPU: NVIDIA GeForce GTX 950
LogInit: Compiled (64-bit): Sep 17 2018 12:26:19
LogInit: Compiled with Visual C++: 19.13.26129.00
LogInit: Build Configuration: Development
LogInit: Branch Name: ++UE4+Release-4.20
LogInit: Command Line:  -skipcompile
LogInit: Base Directory: D:/Program Files (x86)/UE_4.20/Engine/Binaries/Win64/
LogInit: Installed Engine Build: 1
LogDevObjectVersion: Number of dev versions registered: 20
LogDevObjectVersion:   Dev-Blueprints (B0D832E4-1F89-4F0D-ACCF-7EB736FD4AA2): 10
LogDevObjectVersion:   Dev-Build (E1C64328-A22C-4D53-A36C-8E866417BD8C): 0
LogDevObjectVersion:   Dev-Core (375EC13C-06E4-48FB-B500-84F0262A717E): 2
LogDevObjectVersion:   Dev-Editor (E4B068ED-F494-42E9-A231-DA0B2E46BB41): 24
LogDevObjectVersion:   Dev-Framework (CFFC743F-43B0-4480-9391-14DF171D2073): 34
LogDevObjectVersion:   Dev-Mobile (B02B49B5-BB20-44E9-A304-32B752E40360): 2
LogDevObjectVersion:   Dev-Networking (A4E4105C-59A1-49B5-A7C5-40C4547EDFEE): 0
LogDevObjectVersion:   Dev-Online (39C831C9-5AE6-47DC-9A44-9C173E1C8E7C): 0
LogDevObjectVersion:   Dev-Physics (78F01B33-EBEA-4F98-B9B4-84EACCB95AA2): 0
LogDevObjectVersion:   Dev-Platform (6631380F-2D4D-43E0-8009-CF276956A95A): 0
LogDevObjectVersion:   Dev-Rendering (12F88B9F-8875-4AFC-A67C-D90C383ABD29): 26
LogDevObjectVersion:   Dev-Sequencer (7B5AE74C-D270-4C10-A958-57980B212A5A): 9
LogDevObjectVersion:   Dev-VR (D7296918-1DD6-4BDD-9DE2-64A83CC13884): 2
LogDevObjectVersion:   Dev-LoadTimes (C2A15278-BFE7-4AFE-6C17-90FF531DF755): 1
LogDevObjectVersion:   Private-Geometry (6EACA3D4-40EC-4CC1-B786-8BED09428FC5): 3
LogDevObjectVersion:   Dev-AnimPhys (29E575DD-E0A3-4627-9D10-D276232CDCEA): 17
LogDevObjectVersion:   Dev-ReflectionCapture (6B266CEC-1EC7-4B8F-A30B-E4D90942FC07): 1
LogDevObjectVersion:   Dev-Automation (0DF73D61-A23F-47EA-B727-89E90C41499A): 1
LogDevObjectVersion:   FortniteMain (601D1886-AC64-4F84-AA16-D3DE0DEAC7D6): 12
LogDevObjectVersion:   Dev-Enterprise (9DFFBCD6-494F-0158-E221-12823C92A888): 1
LogStreaming: Display: Took  0.001s to delete old logs.
LogInit: Presizing for max 8388607 objects, including 0 objects not considered by GC, pre-allocating 0 bytes for permanent pool.
LogInit: Object subsystem initialized
[2018.12.29-15.22.40:837][  0]LogInit: Selected Device Profile: [Windows]
[2018.12.29-15.22.40:838][  0]LogInit: Applying CVar settings loaded from the selected device profile: [Windows]
[2018.12.29-15.22.40:852][  0]LogHAL: Display: Platform has ~ 16 GB [17132584960 / 17179869184 / 16], which maps to Larger [LargestMinGB=32, LargerMinGB=12, DefaultMinGB=8, SmallerMinGB=6, SmallestMinGB=0)
[2018.12.29-15.22.40:852][  0]LogInit: Setting Device Profile CVar: [[r.Vulkan.UseRealUBs:1]]
[2018.12.29-15.22.40:852][  0]LogInit: Going up to parent DeviceProfile []
[2018.12.29-15.22.40:853][  0]LogInit: Computer: DESKTOP-D8L6EI8
[2018.12.29-15.22.40:853][  0]LogInit: User: h017026h
[2018.12.29-15.22.40:853][  0]LogInit: CPU Page size=4096, Cores=6
[2018.12.29-15.22.40:853][  0]LogInit: High frequency timer resolution =3.609372 MHz
[2018.12.29-15.22.40:854][  0]LogMemory: Memory total: Physical=16.0GB (16GB approx)
[2018.12.29-15.22.40:854][  0]LogMemory: Platform Memory Stats for Windows
[2018.12.29-15.22.40:854][  0]LogMemory: Process Physical Memory: 103.51 MB used, 103.51 MB peak
[2018.12.29-15.22.40:854][  0]LogMemory: Process Virtual Memory: 97.93 MB used, 97.93 MB peak
[2018.12.29-15.22.40:854][  0]LogMemory: Physical Memory: 5677.40 MB used,  10661.51 MB free, 16338.91 MB total
[2018.12.29-15.22.40:854][  0]LogMemory: Virtual Memory: 4664.66 MB used,  10661.51 MB free, 134217728.00 MB total
[2018.12.29-15.22.40:949][  0]LogInit: Using OS detected language (en-GB).
[2018.12.29-15.22.40:949][  0]LogInit: Using OS detected locale (en-GB).
[2018.12.29-15.22.40:950][  0]LogTextLocalizationManager: No specific localization for 'en-GB' exists, so the 'en' localization will be used.
[2018.12.29-15.22.41:271][  0]LogStreaming: Display: Took  0.322s to InitEngineTextLocalization.
[2018.12.29-15.22.41:271][  0]LogInit: Setting process to per monitor DPI aware
[2018.12.29-15.22.41:323][  0]LogSlate: New Slate User Created.  User Index 0, Is Virtual User: 0
[2018.12.29-15.22.41:323][  0]LogSlate: Slate User Registered.  User Index 0, Is Virtual User: 0
[2018.12.29-15.22.41:573][  0]LogHMD: Failed to initialize OpenVR with code 110
[2018.12.29-15.22.41:573][  0]LogD3D11RHI: D3D11 adapters:
[2018.12.29-15.22.41:631][  0]LogD3D11RHI:    0. 'NVIDIA GeForce GTX 950' (Feature Level 11_0)
[2018.12.29-15.22.41:631][  0]LogD3D11RHI:       2007/0/8169 MB DedicatedVideo/DedicatedSystem/SharedSystem, Outputs:1, VendorId:0x10de
[2018.12.29-15.22.41:635][  0]LogD3D11RHI:    1. 'Microsoft Basic Render Driver' (Feature Level 11_0)
[2018.12.29-15.22.41:636][  0]LogD3D11RHI:       0/0/8169 MB DedicatedVideo/DedicatedSystem/SharedSystem, Outputs:0, VendorId:0x1414
[2018.12.29-15.22.41:636][  0]LogD3D11RHI: Chosen D3D11 Adapter: 0
[2018.12.29-15.22.41:641][  0]LogD3D11RHI: Creating new Direct3DDevice
[2018.12.29-15.22.41:641][  0]LogD3D11RHI:     GPU DeviceId: 0x1402 (for the marketing name, search the web for "GPU Device Id")
[2018.12.29-15.22.41:641][  0]LogWindows: EnumDisplayDevices:
[2018.12.29-15.22.41:641][  0]LogWindows:    0. 'NVIDIA GeForce GTX 950' (P:1 D:1)
[2018.12.29-15.22.41:641][  0]LogWindows:    1. 'NVIDIA GeForce GTX 950' (P:0 D:0)
[2018.12.29-15.22.41:641][  0]LogWindows:    2. 'NVIDIA GeForce GTX 950' (P:0 D:0)
[2018.12.29-15.22.41:641][  0]LogWindows:    3. 'NVIDIA GeForce GTX 950' (P:0 D:0)
[2018.12.29-15.22.41:642][  0]LogWindows: DebugString: FoundDriverCount:4 
[2018.12.29-15.22.41:642][  0]LogD3D11RHI:     Adapter Name: NVIDIA GeForce GTX 950
[2018.12.29-15.22.41:642][  0]LogD3D11RHI:   Driver Version: 399.07 (internal:24.21.13.9907, unified:399.07)
[2018.12.29-15.22.41:642][  0]LogD3D11RHI:      Driver Date: 8-21-2018
[2018.12.29-15.22.41:642][  0]LogRHI: Texture pool is 1405 MB (70% of 2007 MB)
[2018.12.29-15.22.41:675][  0]LogD3D11RHI: Async texture creation enabled
[2018.12.29-15.22.41:709][  0]LogD3D11RHI: GPU Timing Frequency: 1000.000000 (Debug: 2 2)
[2018.12.29-15.22.41:757][  0]LogShaderCompilers: Guid format shader working directory is -27 characters bigger than the processId version (../../../../../Users/h017026h/Documents/GitKraken/TGPPairProject/PairProject/Intermediate/Shaders/WorkingDirectory/3888/).
[2018.12.29-15.22.41:758][  0]LogShaderCompilers: Cleaned the shader compiler working directory 'C:/Users/h017026h/AppData/Local/Temp/UnrealShaderWorkingDir/37C6EE7A44BC753AD8B3C7BF7F8CCB1A/'.
[2018.12.29-15.22.41:987][  0]LogTemp: Display: Loaded TP AllDesktopTargetPlatform
[2018.12.29-15.22.42:000][  0]LogTemp: Display: Loaded TP MacClientTargetPlatform
[2018.12.29-15.22.42:013][  0]LogTemp: Display: Loaded TP MacNoEditorTargetPlatform
[2018.12.29-15.22.42:025][  0]LogTemp: Display: Loaded TP MacServerTargetPlatform
[2018.12.29-15.22.42:039][  0]LogTemp: Display: Loaded TP MacTargetPlatform
[2018.12.29-15.22.42:054][  0]LogTemp: Display: Loaded TP WindowsClientTargetPlatform
[2018.12.29-15.22.42:067][  0]LogTemp: Display: Loaded TP WindowsNoEditorTargetPlatform
[2018.12.29-15.22.42:079][  0]LogTemp: Display: Loaded TP WindowsServerTargetPlatform
[2018.12.29-15.22.42:087][  0]LogTemp: Display: Loaded TP WindowsTargetPlatform
[2018.12.29-15.22.42:158][  0]LogTemp: Display: Loaded TP AndroidTargetPlatform
[2018.12.29-15.22.42:158][  0]LogTemp: Display: Loaded TP AndroidTargetPlatform
[2018.12.29-15.22.42:158][  0]LogTemp: Display: Loaded TP AndroidTargetPlatform
[2018.12.29-15.22.42:158][  0]LogTemp: Display: Loaded TP AndroidTargetPlatform
[2018.12.29-15.22.42:158][  0]LogTemp: Display: Loaded TP AndroidTargetPlatform
[2018.12.29-15.22.42:158][  0]LogTemp: Display: Loaded TP AndroidTargetPlatform
[2018.12.29-15.22.42:158][  0]LogTemp: Display: Loaded TP AndroidTargetPlatform
[2018.12.29-15.22.42:158][  0]LogTemp: Display: Loaded TP AndroidTargetPlatform
[2018.12.29-15.22.42:158][  0]LogTemp: Display: Loaded TP AndroidTargetPlatform
[2018.12.29-15.22.42:158][  0]LogTemp: Display: Loaded TP AndroidTargetPlatform
[2018.12.29-15.22.42:158][  0]LogTemp: Display: Loaded TP AndroidTargetPlatform
[2018.12.29-15.22.42:158][  0]LogTemp: Display: Loaded TP AndroidTargetPlatform
[2018.12.29-15.22.42:158][  0]LogTemp: Display: Loaded TP AndroidTargetPlatform
[2018.12.29-15.22.42:158][  0]LogTemp: Display: Loaded TP AndroidTargetPlatform
[2018.12.29-15.22.42:158][  0]LogTemp: Display: Loaded TP AndroidTargetPlatform
[2018.12.29-15.22.42:158][  0]LogTemp: Display: Loaded TP AndroidTargetPlatform
[2018.12.29-15.22.42:158][  0]LogTemp: Display: Loaded TP AndroidTargetPlatform
[2018.12.29-15.22.42:159][  0]LogTemp: Display: Loaded TP AndroidTargetPlatform
[2018.12.29-15.22.42:161][  0]LogTemp: Display: Loaded TP HTML5TargetPlatform
[2018.12.29-15.22.42:231][  0]LogTemp: Display: Loaded TP IOSTargetPlatform
[2018.12.29-15.22.42:231][  0]LogTemp: Display: Loaded TP IOSTargetPlatform
[2018.12.29-15.22.42:255][  0]LogTemp: Display: Loaded TP TVOSTargetPlatform
[2018.12.29-15.22.42:255][  0]LogTemp: Display: Loaded TP TVOSTargetPlatform
[2018.12.29-15.22.42:267][  0]LogTemp: Display: Loaded TP LinuxClientTargetPlatform
[2018.12.29-15.22.42:279][  0]LogTemp: Display: Loaded TP LinuxNoEditorTargetPlatform
[2018.12.29-15.22.42:293][  0]LogTemp: Display: Loaded TP LinuxServerTargetPlatform
[2018.12.29-15.22.42:306][  0]LogTemp: Display: Loaded TP LinuxTargetPlatform
[2018.12.29-15.22.42:318][  0]LogTemp: Display: Loaded TP LuminTargetPlatform
[2018.12.29-15.22.42:318][  0]LogTargetPlatformManager: Display: Building Assets For Windows
[2018.12.29-15.22.42:407][  0]LogXGEController: Cleaning working directory: C:/Users/h017026h/AppData/Local/Temp/UnrealXGEWorkingDir/
[2018.12.29-15.22.42:407][  0]LogXGEController: Cannot use XGE Controller as Incredibuild is not installed on this machine.
[2018.12.29-15.22.42:407][  0]LogShaderCompilers: Cannot use XGE Shader Compiler as Incredibuild is not installed on this machine.
[2018.12.29-15.22.42:407][  0]LogShaderCompilers: Display: Using Local Shader Compiler.
[2018.12.29-15.22.42:992][  0]LogDerivedDataCache: Display: Max Cache Size: 512 MB
[2018.12.29-15.22.43:042][  0]LogDerivedDataCache: Loaded boot cache 0.05s 71MB C:/Users/h017026h/AppData/Local/UnrealEngine/4.20/DerivedDataCache/Boot.ddc.
[2018.12.29-15.22.43:042][  0]LogDerivedDataCache: Display: Loaded Boot cache: C:/Users/h017026h/AppData/Local/UnrealEngine/4.20/DerivedDataCache/Boot.ddc
[2018.12.29-15.22.43:043][  0]LogDerivedDataCache: FDerivedDataBackendGraph:  Pak pak cache file ../../../../../Users/h017026h/Documents/GitKraken/TGPPairProject/PairProject/DerivedDataCache/DDC.ddp not found, will not use a pak cache.
[2018.12.29-15.22.43:043][  0]LogDerivedDataCache: Unable to find inner node Pak for hierarchical cache Hierarchy.
[2018.12.29-15.22.43:043][  0]LogDerivedDataCache: FDerivedDataBackendGraph:  CompressedPak pak cache file ../../../../../Users/h017026h/Documents/GitKraken/TGPPairProject/PairProject/DerivedDataCache/Compressed.ddp not found, will not use a pak cache.
[2018.12.29-15.22.43:043][  0]LogDerivedDataCache: Unable to find inner node CompressedPak for hierarchical cache Hierarchy.
[2018.12.29-15.22.43:055][  0]LogDerivedDataCache: Display: Pak cache opened for reading ../../../Engine/DerivedDataCache/Compressed.ddp.
[2018.12.29-15.22.43:067][  0]LogDerivedDataCache: Using Local data cache path C:/Users/h017026h/AppData/Local/UnrealEngine/Common/DerivedDataCache: Writable
[2018.12.29-15.22.43:067][  0]LogDerivedDataCache: Shared data cache path not found in *engine.ini, will not use an Shared cache.
[2018.12.29-15.22.43:067][  0]LogDerivedDataCache: Unable to find inner node Shared for hierarchical cache Hierarchy.
[2018.12.29-15.22.43:084][  0]LogMaterial: Verifying Global Shaders for PCD3D_SM5
[2018.12.29-15.22.43:085][  0]LogSlate: Using FreeType 2.6.0
[2018.12.29-15.22.43:086][  0]LogSlate: SlateFontServices - WITH_FREETYPE: 1, WITH_HARFBUZZ: 1
[2018.12.29-15.22.43:158][  0]LogAssetRegistry: FAssetRegistry took 0.0285 seconds to start up
[2018.12.29-15.22.43:416][  0]LogInit: Selected Device Profile: [Windows]
[2018.12.29-15.22.43:532][  0]LogSimplygon: Simplygon DLL not present - disabling.
[2018.12.29-15.22.43:539][  0]LogMeshReduction: Using SimplygonSwarm for distributed automatic mesh merging
[2018.12.29-15.22.43:539][  0]LogMeshReduction: Using ProxyLODMeshReduction for automatic mesh merging
[2018.12.29-15.22.43:539][  0]LogMeshReduction: Using QuadricMeshReduction for automatic static mesh reduction
[2018.12.29-15.22.43:539][  0]LogMeshReduction: No automatic skeletal mesh reduction module available
[2018.12.29-15.22.43:552][  0]LogNetVersion: PairProject 1.0.0, NetCL: 4212847, EngineNetVer: 5, GameNetVer: 0 (Checksum: 2248716754)
[2018.12.29-15.22.43:985][  0]LogPackageLocalizationCache: Processed 11 localized package path(s) for 2 prioritized culture(s) in 0.103520 seconds
[2018.12.29-15.22.43:991][  0]LogUObjectArray: 38425 objects as part of root set at end of initial load.
[2018.12.29-15.22.43:991][  0]LogUObjectAllocator: 6690872 out of 0 bytes used by permanent object pool.
[2018.12.29-15.22.43:991][  0]LogUObjectArray: CloseDisregardForGC: 0/0 objects in disregard for GC pool
[2018.12.29-15.22.44:829][  0]LogTcpMessaging: Initializing TcpMessaging bridge
[2018.12.29-15.22.44:846][  0]LogUdpMessaging: Initializing bridge on interface 0.0.0.0:0 to multicast group 230.0.0.1:6666.
[2018.12.29-15.22.45:022][  0]SourceControl: Source control is disabled
[2018.12.29-15.22.45:023][  0]SourceControl: Source control is disabled
[2018.12.29-15.22.45:025][  0]SourceControl: Source control is disabled
[2018.12.29-15.22.45:028][  0]SourceControl: Source control is disabled
[2018.12.29-15.22.45:265][  0]LogAndroidPermission: UAndroidPermissionCallbackProxy::GetInstance
[2018.12.29-15.22.45:357][  0]LogOcInput: OculusInput pre-init called
[2018.12.29-15.22.45:415][  0]LogEngine: Initializing Engine...
[2018.12.29-15.22.45:416][  0]LogHMD: Failed to initialize OpenVR with code 110
[2018.12.29-15.22.45:417][  0]LogStats: UGameplayTagsManager::ConstructGameplayTagTree: ImportINI prefixes -  0.000 s
[2018.12.29-15.22.45:417][  0]LogStats: UGameplayTagsManager::ConstructGameplayTagTree: Construct from data asset -  0.000 s
[2018.12.29-15.22.45:418][  0]LogStats: UGameplayTagsManager::ConstructGameplayTagTree: ImportINI -  0.000 s
[2018.12.29-15.22.45:418][  0]LogStats: UGameplayTagsManager::ConstructGameplayTagTree: GameplayTagTreeChangedEvent.Broadcast -  0.000 s
[2018.12.29-15.22.45:597][  0]LogInit: Initializing FReadOnlyCVARCache
[2018.12.29-15.22.45:606][  0]LogAIModule: Creating AISystem for world Untitled
[2018.12.29-15.22.45:626][  0]LogInit: XAudio2 using 'Headset Earphone (Corsair VOID PRO USB Gaming Headset)' : 6 channels at 48 kHz using 16 bits per sample (channel mask 0x3f)
[2018.12.29-15.22.45:725][  0]LogInit: FAudioDevice initialized.
[2018.12.29-15.22.45:725][  0]LogNetVersion: Set ProjectVersion to 1.0.0.0. Version Checksum will be recalculated on next use.
[2018.12.29-15.22.45:792][  0]LogDerivedDataCache: Saved boot cache 0.07s 71MB C:/Users/h017026h/AppData/Local/UnrealEngine/4.20/DerivedDataCache/Boot.ddc.
[2018.12.29-15.22.45:803][  0]LogInit: Texture streaming: Enabled
[2018.12.29-15.22.45:822][  0]LogEngineSessionManager: EngineSessionManager initialized
[2018.12.29-15.22.45:829][  0]LogInit: Transaction tracking system initialized
[2018.12.29-15.22.45:854][  0]BlueprintLog: New page: Editor Load
[2018.12.29-15.22.45:947][  0]LocalizationService: Localization service is disabled
[2018.12.29-15.22.46:203][  0]LogCook: Display: Max memory allowance for cook 16384mb min free memory 0mb
[2018.12.29-15.22.46:203][  0]LogCook: Display: Mobile HDR setting 1
[2018.12.29-15.22.46:204][  0]LogGameplayTags: Display: UGameplayTagsManager::DoneAddingNativeTags. DelegateIsBound: 0
[2018.12.29-15.22.46:204][  0]LogStats: UGameplayTagsManager::ConstructGameplayTagTree: ImportINI prefixes -  0.000 s
[2018.12.29-15.22.46:204][  0]LogStats: UGameplayTagsManager::ConstructGameplayTagTree: Construct from data asset -  0.000 s
[2018.12.29-15.22.46:204][  0]LogStats: UGameplayTagsManager::ConstructGameplayTagTree: ImportINI -  0.000 s
[2018.12.29-15.22.46:204][  0]LogStats: UGameplayTagsManager::ConstructGameplayTagTree: GameplayTagTreeChangedEvent.Broadcast -  0.000 s
[2018.12.29-15.22.46:355][  0]LogFileCache: Scanning file cache for directory 'D:/Users/h017026h/Documents/GitKraken/TGPPairProject/PairProject/Content/' took 0.02s
[2018.12.29-15.22.46:355][  0]SourceControl: Source control is disabled
[2018.12.29-15.22.46:355][  0]Cmd: MAP LOAD FILE="../../../../../Users/h017026h/Documents/GitKraken/TGPPairProject/PairProject/Content/Scenes/StartScreen.umap" TEMPLATE=0 SHOWPROGRESS=1 FEATURELEVEL=3
[2018.12.29-15.22.46:356][  0]LightingResults: New page: Lighting Build
[2018.12.29-15.22.46:358][  0]MapCheck: New page: Map Check
[2018.12.29-15.22.46:358][  0]LightingResults: New page: Lighting Build
[2018.12.29-15.22.46:449][  0]LogAIModule: Creating AISystem for world StartScreen
[2018.12.29-15.22.46:450][  0]LogEditorServer: Finished looking for orphan Actors (0.000 secs)
[2018.12.29-15.22.46:471][  0]Cmd: MAP CHECKDEP NOCLEARLOG
[2018.12.29-15.22.46:515][  0]MapCheck: Map check complete: 0 Error(s), 0 Warning(s), took 43.618ms to complete.
[2018.12.29-15.22.46:515][  0]LogFileHelpers: Loading map 'StartScreen' took 0.160
[2018.12.29-15.22.46:610][  0]LogSlate: Updating window title bar state: overlay mode, drag disabled, window buttons hidden, title bar hidden
[2018.12.29-15.22.46:616][  0]LogSlate: Updating window title bar state: overlay mode, drag disabled, window buttons hidden, title bar hidden
[2018.12.29-15.22.46:623][  0]LogSlate: Updating window title bar state: overlay mode, drag disabled, window buttons hidden, title bar hidden
[2018.12.29-15.22.46:629][  0]LogSlate: Updating window title bar state: overlay mode, drag disabled, window buttons hidden, title bar hidden
[2018.12.29-15.22.46:636][  0]LogCollectionManager: Loaded 0 collections in 0.001131 seconds
[2018.12.29-15.22.46:686][  0]LogFileCache: Scanning file cache for directory 'D:/Users/h017026h/Documents/GitKraken/TGPPairProject/PairProject/Saved/Collections/' took 0.01s
[2018.12.29-15.22.46:686][  0]LogFileCache: Scanning file cache for directory 'D:/Users/h017026h/Documents/GitKraken/TGPPairProject/PairProject/Content/Developers/h017026h/Collections/' took 0.01s
[2018.12.29-15.22.46:686][  0]LogFileCache: Scanning file cache for directory 'D:/Users/h017026h/Documents/GitKraken/TGPPairProject/PairProject/Content/Collections/' took 0.01s
[2018.12.29-15.22.46:686][  0]LogCollectionManager: Rebuilt the GUID cache for 0 collections in 0.000001 seconds
[2018.12.29-15.22.46:694][  0]LogContentBrowser: Native class hierarchy populated in 0.0082 seconds. Added 2580 classes and 606 folders.
[2018.12.29-15.22.46:698][  0]LogContentBrowser: Native class hierarchy updated for 'WidgetCarousel' in 0.0003 seconds. Added 0 classes and 0 folders.
[2018.12.29-15.22.46:746][  0]LogContentBrowser: Native class hierarchy updated for 'AddContentDialog' in 0.0005 seconds. Added 0 classes and 0 folders.
[2018.12.29-15.22.46:753][  0]LogContentBrowser: Native class hierarchy updated for 'SceneOutliner' in 0.0005 seconds. Added 1 classes and 2 folders.
[2018.12.29-15.22.46:795][  0]LogContentBrowser: Native class hierarchy updated for 'HierarchicalLODOutliner' in 0.0004 seconds. Added 0 classes and 0 folders.
[2018.12.29-15.22.46:795][  0]LogLoad: (Engine Initialization) Total time: 8.01 seconds
[2018.12.29-15.22.46:795][  0]LogLoad: (Engine Initialization) Total Blueprint compile time: 0.00 seconds
[2018.12.29-15.22.46:805][  0]LogWindowsTextInputMethodSystem: Display: IME system now deactivated.
[2018.12.29-15.22.46:824][  0]LogContentStreaming: Texture pool size now 1000 MB
[2018.12.29-15.22.46:826][  0]LogSlate: Took 0.000248 seconds to synchronously load lazily loaded font '../../../Engine/Content/Slate/Fonts/Roboto-Regular.ttf' (155K)
[2018.12.29-15.22.46:827][  0]LogSlate: Took 0.000185 seconds to synchronously load lazily loaded font '../../../Engine/Content/Slate/Fonts/Roboto-Bold.ttf' (160K)
[2018.12.29-15.22.46:831][  0]LogSlate: Took 0.000213 seconds to synchronously load lazily loaded font '../../../Engine/Content/Editor/Slate/Fonts/FontAwesome.ttf' (139K)
[2018.12.29-15.22.46:924][  0]LogRenderer: Reallocating scene render targets to support 780x484 Format 10 NumSamples 1 (Frame:1).
[2018.12.29-15.22.46:954][  0]LogSlate: Took 0.000197 seconds to synchronously load lazily loaded font '../../../Engine/Content/Slate/Fonts/Roboto-Light.ttf' (167K)
[2018.12.29-15.22.46:977][  1]LogAssetRegistry: Asset discovery search completed in 3.8435 seconds
[2018.12.29-15.22.46:981][  1]LogCollectionManager: Rebuilt the object cache for 0 collections in 0.000000 seconds (found 0 objects)
[2018.12.29-15.22.46:981][  1]LogCollectionManager: Fixed up redirectors for 0 collections in 0.000164 seconds (updated 0 objects)
[2018.12.29-15.22.50:195][379]LogRenderer: Reallocating scene render targets to support 780x564 Format 10 NumSamples 1 (Frame:4).
[2018.12.29-15.22.51:792][569]LogSlate: FSceneViewport::OnFocusLost() reason 2
[2018.12.29-15.22.52:555][660]LogTemp: Repeating last play command: Selected Viewport
[2018.12.29-15.22.52:572][660]LogBlueprintUserMessages: Early PlayInEditor Detection: Level '/Game/Scenes/StartScreen.StartScreen:PersistentLevel' has LevelScriptBlueprint '/Game/Scenes/StartScreen.StartScreen:PersistentLevel.StartScreen' with GeneratedClass '/Game/Scenes/StartScreen.StartScreen_C' with ClassGeneratedBy '/Game/Scenes/StartScreen.StartScreen:PersistentLevel.StartScreen'
[2018.12.29-15.22.52:573][660]LogPlayLevel: PlayLevel: No blueprints needed recompiling
[2018.12.29-15.22.52:587][660]PIE: New page: PIE session: StartScreen (29 Dec 2018 15:22:52)
[2018.12.29-15.22.52:588][660]LogPlayLevel: Creating play world package: /Game/Scenes/UEDPIE_0_StartScreen
[2018.12.29-15.22.52:589][660]LogPlayLevel: PIE: StaticDuplicateObject took: (0.001507s)
[2018.12.29-15.22.52:590][660]LogAIModule: Creating AISystem for world StartScreen
[2018.12.29-15.22.52:590][660]LogPlayLevel: PIE: World Init took: (0.000672s)
[2018.12.29-15.22.52:590][660]LogPlayLevel: PIE: Created PIE world by copying editor world from /Game/Scenes/StartScreen.StartScreen to /Game/Scenes/UEDPIE_0_StartScreen.StartScreen (0.002553s)
[2018.12.29-15.22.52:621][660]LogInit: XAudio2 using 'Headset Earphone (Corsair VOID PRO USB Gaming Headset)' : 6 channels at 48 kHz using 16 bits per sample (channel mask 0x3f)
[2018.12.29-15.22.52:713][660]LogInit: FAudioDevice initialized.
[2018.12.29-15.22.52:713][660]LogSlate: FSceneViewport::OnFocusLost() reason 2
[2018.12.29-15.22.52:767][660]LogLoad: Game class is 'TestGameMode_C'
[2018.12.29-15.22.52:769][660]LogWorld: Bringing World /Game/Scenes/UEDPIE_0_StartScreen.StartScreen up for play (max tick rate 0) at 2018.12.29-15.22.52
[2018.12.29-15.22.52:769][660]LogWorld: Bringing up level for play took: 0.000547
[2018.12.29-15.22.52:786][660]LogContentBrowser: Native class hierarchy updated for 'MovieSceneCapture' in 0.0004 seconds. Added 10 classes and 0 folders.
[2018.12.29-15.22.52:786][660]LogGameMode: Display: Match State Changed from EnteringMap to WaitingToStart
[2018.12.29-15.22.52:786][660]LogGameState: Match State Changed from EnteringMap to WaitingToStart
[2018.12.29-15.22.52:786][660]LogGameMode: Display: Match State Changed from WaitingToStart to InProgress
[2018.12.29-15.22.52:788][660]LogGameState: Match State Changed from WaitingToStart to InProgress
[2018.12.29-15.22.52:788][660]PIE: Play in editor start time for /Game/Scenes/UEDPIE_0_StartScreen -0.384
[2018.12.29-15.22.52:789][660]LogBlueprintUserMessages: Late PlayInEditor Detection: Level '/Game/Scenes/StartScreen.StartScreen:PersistentLevel' has LevelScriptBlueprint '/Game/Scenes/StartScreen.StartScreen:PersistentLevel.StartScreen' with GeneratedClass '/Game/Scenes/StartScreen.StartScreen_C' with ClassGeneratedBy '/Game/Scenes/StartScreen.StartScreen:PersistentLevel.StartScreen'
[2018.12.29-15.22.56:286][ 78]LogBlueprintUserMessages: Early EndPlayMap Detection: Level '/Game/Scenes/StartScreen.StartScreen:PersistentLevel' has LevelScriptBlueprint '/Game/Scenes/StartScreen.StartScreen:PersistentLevel.StartScreen' with GeneratedClass '/Game/Scenes/StartScreen.StartScreen_C' with ClassGeneratedBy '/Game/Scenes/StartScreen.StartScreen:PersistentLevel.StartScreen'
[2018.12.29-15.22.56:287][ 78]LogSlate: Updating window title bar state: overlay mode, drag disabled, window buttons hidden, title bar hidden
[2018.12.29-15.22.56:326][ 78]LogPlayLevel: Display: Shutting down PIE online subsystems
[2018.12.29-15.22.56:326][ 78]LogBlueprintUserMessages: Late EndPlayMap Detection: Level '/Game/Scenes/StartScreen.StartScreen:PersistentLevel' has LevelScriptBlueprint '/Game/Scenes/StartScreen.StartScreen:PersistentLevel.StartScreen' with GeneratedClass '/Game/Scenes/StartScreen.StartScreen_C' with ClassGeneratedBy '/Game/Scenes/StartScreen.StartScreen:PersistentLevel.StartScreen'
[2018.12.29-15.22.56:347][ 78]LogSlate: Updating window title bar state: overlay mode, drag disabled, window buttons hidden, title bar hidden
[2018.12.29-15.22.56:392][ 83]LogPlayLevel: Display: Destroying online subsystem :Context_1
[2018.12.29-15.23.00:003][516]LogSlate: FSceneViewport::OnFocusLost() reason 0
[2018.12.29-15.23.01:449][673]LogSlate: Took 0.000213 seconds to synchronously load lazily loaded font '../../../Engine/Content/Slate/Fonts/Roboto-Light.ttf' (167K)
[2018.12.29-15.23.01:454][673]LogAssetEditorManager: Opening Asset editor for Blueprint /Game/Blueprints/MyLinkCharacter.MyLinkCharacter
[2018.12.29-15.23.01:794][673]LogContentBrowser: Native class hierarchy updated for 'BlueprintGraph' in 0.0006 seconds. Added 116 classes and 0 folders.
[2018.12.29-15.23.02:436][673]LogSlate: Took 0.000384 seconds to synchronously load lazily loaded font '../../../Engine/Content/Slate/Fonts/Roboto-BoldCondensed.ttf' (158K)
[2018.12.29-15.23.02:503][674]LogSlate: Took 0.000228 seconds to synchronously load lazily loaded font '../../../Engine/Content/Slate/Fonts/Roboto-Italic.ttf' (157K)
[2018.12.29-15.23.05:683][ 50]LogTemp: Repeating last play command: Selected Viewport
[2018.12.29-15.23.05:704][ 50]LogBlueprintUserMessages: Early PlayInEditor Detection: Level '/Game/Scenes/StartScreen.StartScreen:PersistentLevel' has LevelScriptBlueprint '/Game/Scenes/StartScreen.StartScreen:PersistentLevel.StartScreen' with GeneratedClass '/Game/Scenes/StartScreen.StartScreen_C' with ClassGeneratedBy '/Game/Scenes/StartScreen.StartScreen:PersistentLevel.StartScreen'
[2018.12.29-15.23.05:705][ 50]LogPlayLevel: PlayLevel: No blueprints needed recompiling
[2018.12.29-15.23.05:705][ 50]PIE: New page: PIE session: StartScreen (29 Dec 2018 15:23:05)
[2018.12.29-15.23.05:705][ 50]LogPlayLevel: Creating play world package: /Game/Scenes/UEDPIE_0_StartScreen
[2018.12.29-15.23.05:706][ 50]LogPlayLevel: PIE: StaticDuplicateObject took: (0.001030s)
[2018.12.29-15.23.05:707][ 50]LogAIModule: Creating AISystem for world StartScreen
[2018.12.29-15.23.05:707][ 50]LogPlayLevel: PIE: World Init took: (0.001048s)
[2018.12.29-15.23.05:707][ 50]LogPlayLevel: PIE: Created PIE world by copying editor world from /Game/Scenes/StartScreen.StartScreen to /Game/Scenes/UEDPIE_0_StartScreen.StartScreen (0.002509s)
[2018.12.29-15.23.05:746][ 50]LogInit: XAudio2 using 'Headset Earphone (Corsair VOID PRO USB Gaming Headset)' : 6 channels at 48 kHz using 16 bits per sample (channel mask 0x3f)
[2018.12.29-15.23.05:831][ 50]LogInit: FAudioDevice initialized.
[2018.12.29-15.23.05:837][ 50]LogSlate: Updating window title bar state: overlay mode, drag disabled, window buttons hidden, title bar hidden
[2018.12.29-15.23.05:877][ 50]LogLoad: Game class is 'TestGameMode_C'
[2018.12.29-15.23.05:879][ 50]LogWorld: Bringing World /Game/Scenes/UEDPIE_0_StartScreen.StartScreen up for play (max tick rate 0) at 2018.12.29-15.23.05
[2018.12.29-15.23.05:879][ 50]LogWorld: Bringing up level for play took: 0.000490
[2018.12.29-15.23.05:892][ 50]LogGameMode: FindPlayerStart: PATHS NOT DEFINED or NO PLAYERSTART with positive rating
[2018.12.29-15.23.05:893][ 50]LogGameMode: Display: Match State Changed from EnteringMap to WaitingToStart
[2018.12.29-15.23.05:893][ 50]LogGameState: Match State Changed from EnteringMap to WaitingToStart
[2018.12.29-15.23.05:893][ 50]LogGameMode: Display: Match State Changed from WaitingToStart to InProgress
[2018.12.29-15.23.05:894][ 50]LogGameState: Match State Changed from WaitingToStart to InProgress
[2018.12.29-15.23.05:896][ 50]PIE: Play in editor start time for /Game/Scenes/UEDPIE_0_StartScreen 0.724
[2018.12.29-15.23.05:896][ 50]LogBlueprintUserMessages: Late PlayInEditor Detection: Level '/Game/Scenes/StartScreen.StartScreen:PersistentLevel' has LevelScriptBlueprint '/Game/Scenes/StartScreen.StartScreen:PersistentLevel.StartScreen' with GeneratedClass '/Game/Scenes/StartScreen.StartScreen_C' with ClassGeneratedBy '/Game/Scenes/StartScreen.StartScreen:PersistentLevel.StartScreen'
[2018.12.29-15.23.05:910][ 50]LogRenderer: Reallocating scene render targets to support 1292x756 Format 10 NumSamples 1 (Frame:1).
[2018.12.29-15.23.07:306][193]LogRenderer: Reallocating scene render targets to support 1920x1016 Format 10 NumSamples 1 (Frame:145).
[2018.12.29-15.23.21:419][885]LogGameMode: Display: Match State Changed from InProgress to LeavingMap
[2018.12.29-15.23.21:419][885]LogGameState: Match State Changed from InProgress to LeavingMap
[2018.12.29-15.23.21:419][885]LogNet: Browse: /Game/Scenes/CameraTestScene
[2018.12.29-15.23.21:420][885]LogLoad: LoadMap: /Game/Scenes/CameraTestScene
[2018.12.29-15.23.21:842][885]LogAIModule: Creating AISystem for world CameraTestScene
[2018.12.29-15.23.21:842][885]LogLoad: Game class is 'TestGameMode_C'
[2018.12.29-15.23.21:847][885]LogWorld: Bringing World /Game/Scenes/UEDPIE_0_CameraTestScene.CameraTestScene up for play (max tick rate 0) at 2018.12.29-15.23.21
[2018.12.29-15.23.21:848][885]LogWorld: Bringing up level for play took: 0.005238
[2018.12.29-15.23.21:848][885]LogGameMode: FindPlayerStart: PATHS NOT DEFINED or NO PLAYERSTART with positive rating
[2018.12.29-15.23.21:849][885]LogGameMode: Display: Match State Changed from EnteringMap to WaitingToStart
[2018.12.29-15.23.21:849][885]LogGameState: Match State Changed from EnteringMap to WaitingToStart
[2018.12.29-15.23.21:849][885]LogGameMode: Display: Match State Changed from WaitingToStart to InProgress
[2018.12.29-15.23.21:850][885]LogGameState: Match State Changed from WaitingToStart to InProgress
[2018.12.29-15.23.21:850][885]LogLoad: Took 0.430564 seconds to LoadMap(/Game/Scenes/CameraTestScene)
[2018.12.29-15.23.21:851][885]LogTemp: Warning: Angle: -2.378152
[2018.12.29-15.23.21:862][885]LogSlate: Took 0.002823 seconds to synchronously load lazily loaded font '../../../Engine/Content/SlateDebug/Fonts/LastResort.ttf' (5269K)
[2018.12.29-15.23.21:895][886]LogTemp: Warning: Angle: -2.377113
[2018.12.29-15.23.21:906][887]LogActor: Warning: MyBPBaseKeep_C /Engine/Transient.World_3:PersistentLevel.MyBPBaseKeep_C_0 has natively added scene component(s), but none of them were set as the actor's RootComponent - picking one arbitrarily
[2018.12.29-15.23.21:908][887]LogTemp: Warning: Angle: -2.327449
[2018.12.29-15.23.21:918][888]LogTemp: Warning: Angle: -2.322973
[2018.12.29-15.23.21:931][889]LogTemp: Warning: Angle: -2.321386
[2018.12.29-15.23.21:948][890]LogTemp: Warning: Angle: -2.319745
[2018.12.29-15.23.21:960][891]LogTemp: Warning: Angle: -2.317626
[2018.12.29-15.23.21:974][892]LogTemp: Warning: Angle: -2.316173
[2018.12.29-15.23.21:986][893]LogTemp: Warning: Angle: -2.314503
[2018.12.29-15.23.21:999][894]LogTemp: Warning: Angle: -2.313010
[2018.12.29-15.23.22:012][895]LogTemp: Warning: Angle: -2.311419
[2018.12.29-15.23.22:024][896]LogTemp: Warning: Angle: -2.309898
[2018.12.29-15.23.22:038][897]LogTemp: Warning: Angle: -2.308387
[2018.12.29-15.23.22:049][898]LogTemp: Warning: Angle: -2.306791
[2018.12.29-15.23.22:062][899]LogTemp: Warning: Angle: -2.305373
[2018.12.29-15.23.22:075][900]LogTemp: Warning: Angle: -2.303882
[2018.12.29-15.23.22:089][901]LogTemp: Warning: Angle: -2.302419
[2018.12.29-15.23.22:102][902]LogTemp: Warning: Angle: -2.300642
[2018.12.29-15.23.22:113][903]LogTemp: Warning: Angle: -2.299076
[2018.12.29-15.23.22:127][904]LogTemp: Warning: Angle: -2.297675
[2018.12.29-15.23.22:139][905]LogTemp: Warning: Angle: -2.296094
[2018.12.29-15.23.22:152][906]LogTemp: Warning: Angle: -2.294596
[2018.12.29-15.23.22:164][907]LogTemp: Warning: Angle: -2.293121
[2018.12.29-15.23.22:177][908]LogTemp: Warning: Angle: -2.291588
[2018.12.29-15.23.22:189][909]LogTemp: Warning: Angle: -2.290126
[2018.12.29-15.23.22:201][910]LogTemp: Warning: Angle: -2.288712
[2018.12.29-15.23.22:213][911]LogTemp: Warning: Angle: -2.287267
[2018.12.29-15.23.22:225][912]LogTemp: Warning: Angle: -2.285788
[2018.12.29-15.23.22:236][913]LogTemp: Warning: Angle: -2.284358
[2018.12.29-15.23.22:249][914]LogTemp: Warning: Angle: -2.282988
[2018.12.29-15.23.22:261][915]LogTemp: Warning: Angle: -2.281544
[2018.12.29-15.23.22:275][916]LogTemp: Warning: Angle: -2.280030
[2018.12.29-15.23.22:288][917]LogTemp: Warning: Angle: -2.278357
[2018.12.29-15.23.22:299][918]LogTemp: Warning: Angle: -2.276841
[2018.12.29-15.23.22:311][919]LogTemp: Warning: Angle: -2.275540
[2018.12.29-15.23.22:322][920]LogTemp: Warning: Angle: -2.274134
[2018.12.29-15.23.22:334][921]LogTemp: Warning: Angle: -2.272700
[2018.12.29-15.23.22:346][922]LogTemp: Warning: Angle: -2.271322
[2018.12.29-15.23.22:358][923]LogTemp: Warning: Angle: -2.269892
[2018.12.29-15.23.22:370][924]LogTemp: Warning: Angle: -2.268453
[2018.12.29-15.23.22:382][925]LogTemp: Warning: Angle: -2.267042
[2018.12.29-15.23.22:394][926]LogTemp: Warning: Angle: -2.265672
[2018.12.29-15.23.22:406][927]LogTemp: Warning: Angle: -2.264261
[2018.12.29-15.23.22:418][928]LogTemp: Warning: Angle: -2.262789
[2018.12.29-15.23.22:430][929]LogTemp: Warning: Angle: -2.261491
[2018.12.29-15.23.22:442][930]LogTemp: Warning: Angle: -2.260075
[2018.12.29-15.23.22:454][931]LogTemp: Warning: Angle: -2.258631
[2018.12.29-15.23.22:466][932]LogTemp: Warning: Angle: -2.257172
[2018.12.29-15.23.22:477][933]LogTemp: Warning: Angle: -2.255807
[2018.12.29-15.23.22:489][934]LogTemp: Warning: Angle: -2.254421
[2018.12.29-15.23.22:501][935]LogTemp: Warning: Angle: -2.253046
[2018.12.29-15.23.22:513][936]LogTemp: Warning: Angle: -2.251635
[2018.12.29-15.23.22:525][937]LogTemp: Warning: Angle: -2.250243
[2018.12.29-15.23.22:537][938]LogTemp: Warning: Angle: -2.248814
[2018.12.29-15.23.22:549][939]LogTemp: Warning: Angle: -2.247450
[2018.12.29-15.23.22:561][940]LogTemp: Warning: Angle: -2.246041
[2018.12.29-15.23.22:573][941]LogTemp: Warning: Angle: -2.244618
[2018.12.29-15.23.22:584][942]LogTemp: Warning: Angle: -2.243229
[2018.12.29-15.23.22:596][943]LogTemp: Warning: Angle: -2.241885
[2018.12.29-15.23.22:608][944]LogTemp: Warning: Angle: -2.240484
[2018.12.29-15.23.22:619][945]LogTemp: Warning: Angle: -2.238990
[2018.12.29-15.23.22:631][946]LogTemp: Warning: Angle: -2.237719
[2018.12.29-15.23.22:644][947]LogTemp: Warning: Angle: -2.236315
[2018.12.29-15.23.22:656][948]LogTemp: Warning: Angle: -2.234906
[2018.12.29-15.23.22:667][949]LogTemp: Warning: Angle: -2.233421
[2018.12.29-15.23.22:679][950]LogTemp: Warning: Angle: -2.232183
[2018.12.29-15.23.22:691][951]LogTemp: Warning: Angle: -2.230800
[2018.12.29-15.23.22:703][952]LogTemp: Warning: Angle: -2.229344
[2018.12.29-15.23.22:715][953]LogTemp: Warning: Angle: -2.227996
[2018.12.29-15.23.22:727][954]LogTemp: Warning: Angle: -2.226608
[2018.12.29-15.23.22:739][955]LogTemp: Warning: Angle: -2.225194
[2018.12.29-15.23.22:750][956]LogTemp: Warning: Angle: -2.223815
[2018.12.29-15.23.22:762][957]LogTemp: Warning: Angle: -2.222461
[2018.12.29-15.23.22:774][958]LogTemp: Warning: Angle: -2.221041
[2018.12.29-15.23.22:786][959]LogTemp: Warning: Angle: -2.219656
[2018.12.29-15.23.22:798][960]LogTemp: Warning: Angle: -2.218310
[2018.12.29-15.23.22:810][961]LogTemp: Warning: Angle: -2.216938
[2018.12.29-15.23.22:822][962]LogTemp: Warning: Angle: -2.215544
[2018.12.29-15.23.22:833][963]LogTemp: Warning: Angle: -2.214181
[2018.12.29-15.23.22:845][964]LogTemp: Warning: Angle: -2.212837
[2018.12.29-15.23.22:857][965]LogTemp: Warning: Angle: -2.211442
[2018.12.29-15.23.22:869][966]LogTemp: Warning: Angle: -2.210073
[2018.12.29-15.23.22:881][967]LogTemp: Warning: Angle: -2.208737
[2018.12.29-15.23.22:893][968]LogTemp: Warning: Angle: -2.207366
[2018.12.29-15.23.22:904][969]LogTemp: Warning: Angle: -2.205972
[2018.12.29-15.23.22:916][970]LogTemp: Warning: Angle: -2.204608
[2018.12.29-15.23.22:928][971]LogTemp: Warning: Angle: -2.203269
[2018.12.29-15.23.22:940][972]LogTemp: Warning: Angle: -2.201877
[2018.12.29-15.23.22:953][973]LogTemp: Warning: Angle: -2.200467
[2018.12.29-15.23.22:964][974]LogTemp: Warning: Angle: -2.199108
[2018.12.29-15.23.22:976][975]LogTemp: Warning: Angle: -2.197730
[2018.12.29-15.23.22:988][976]LogTemp: Warning: Angle: -2.196348
[2018.12.29-15.23.23:000][977]LogTemp: Warning: Angle: -2.195004
[2018.12.29-15.23.23:013][978]LogTemp: Warning: Angle: -2.193609
[2018.12.29-15.23.23:024][979]LogTemp: Warning: Angle: -2.192260
[2018.12.29-15.23.23:036][980]LogTemp: Warning: Angle: -2.190886
[2018.12.29-15.23.23:047][981]LogTemp: Warning: Angle: -2.189532
[2018.12.29-15.23.23:060][982]LogTemp: Warning: Angle: -2.188143
[2018.12.29-15.23.23:072][983]LogTemp: Warning: Angle: -2.186772
[2018.12.29-15.23.23:083][984]LogTemp: Warning: Angle: -2.185414
[2018.12.29-15.23.23:096][985]LogTemp: Warning: Angle: -2.184070
[2018.12.29-15.23.23:108][986]LogTemp: Warning: Angle: -2.182683
[2018.12.29-15.23.23:119][987]LogTemp: Warning: Angle: -2.181321
[2018.12.29-15.23.23:131][988]LogTemp: Warning: Angle: -2.179992
[2018.12.29-15.23.23:144][989]LogTemp: Warning: Angle: -2.178599
[2018.12.29-15.23.23:156][990]LogTemp: Warning: Angle: -2.177238
[2018.12.29-15.23.23:167][991]LogTemp: Warning: Angle: -2.175862
[2018.12.29-15.23.23:179][992]LogTemp: Warning: Angle: -2.174545
[2018.12.29-15.23.23:191][993]LogTemp: Warning: Angle: -2.173206
[2018.12.29-15.23.23:203][994]LogTemp: Warning: Angle: -2.171809
[2018.12.29-15.23.23:215][995]LogTemp: Warning: Angle: -2.170494
[2018.12.29-15.23.23:227][996]LogTemp: Warning: Angle: -2.169108
[2018.12.29-15.23.23:238][997]LogTemp: Warning: Angle: -2.167738
[2018.12.29-15.23.23:250][998]LogTemp: Warning: Angle: -2.166413
[2018.12.29-15.23.23:262][999]LogTemp: Warning: Angle: -2.165090
[2018.12.29-15.23.23:274][  0]LogTemp: Warning: Angle: -2.163757
[2018.12.29-15.23.23:285][  1]LogTemp: Warning: Angle: -2.162438
[2018.12.29-15.23.23:298][  2]LogTemp: Warning: Angle: -2.161054
[2018.12.29-15.23.23:311][  3]LogTemp: Warning: Angle: -2.159299
[2018.12.29-15.23.23:321][  4]LogTemp: Warning: Angle: -2.157158
[2018.12.29-15.23.23:333][  5]LogTemp: Warning: Angle: -2.154549
[2018.12.29-15.23.23:345][  6]LogTemp: Warning: Angle: -2.151469
[2018.12.29-15.23.23:357][  7]LogTemp: Warning: Angle: -2.147831
[2018.12.29-15.23.23:371][  8]LogTemp: Warning: Angle: -2.143639
[2018.12.29-15.23.23:382][  9]LogTemp: Warning: Angle: -2.139193
[2018.12.29-15.23.23:394][ 10]LogTemp: Warning: Angle: -2.134305
[2018.12.29-15.23.23:406][ 11]LogTemp: Warning: Angle: -2.128823
[2018.12.29-15.23.23:418][ 12]LogTemp: Warning: Angle: -2.122980
[2018.12.29-15.23.23:430][ 13]LogTemp: Warning: Angle: -2.116594
[2018.12.29-15.23.23:442][ 14]LogTemp: Warning: Angle: -2.109297
[2018.12.29-15.23.23:454][ 15]LogTemp: Warning: Angle: -2.101632
[2018.12.29-15.23.23:466][ 16]LogTemp: Warning: Angle: -2.093418
[2018.12.29-15.23.23:478][ 17]LogTemp: Warning: Angle: -2.084811
[2018.12.29-15.23.23:490][ 18]LogTemp: Warning: Angle: -2.075356
[2018.12.29-15.23.23:501][ 19]LogTemp: Warning: Angle: -2.065585
[2018.12.29-15.23.23:513][ 20]LogTemp: Warning: Angle: -2.054858
[2018.12.29-15.23.23:526][ 21]LogTemp: Warning: Angle: -2.043552
[2018.12.29-15.23.23:538][ 22]LogTemp: Warning: Angle: -2.031785
[2018.12.29-15.23.23:550][ 23]LogTemp: Warning: Angle: -2.019849
[2018.12.29-15.23.23:563][ 24]LogTemp: Warning: Angle: -2.006671
[2018.12.29-15.23.23:575][ 25]LogTemp: Warning: Angle: -1.993210
[2018.12.29-15.23.23:586][ 26]LogTemp: Warning: Angle: -1.980401
[2018.12.29-15.23.23:597][ 27]LogTemp: Warning: Angle: -1.966665
[2018.12.29-15.23.23:610][ 28]LogTemp: Warning: Angle: -1.952530
[2018.12.29-15.23.23:623][ 29]LogTemp: Warning: Angle: -1.938943
[2018.12.29-15.23.23:634][ 30]LogTemp: Warning: Angle: -1.925888
[2018.12.29-15.23.23:646][ 31]LogTemp: Warning: Angle: -1.912977
[2018.12.29-15.23.23:658][ 32]LogTemp: Warning: Angle: -1.900678
[2018.12.29-15.23.23:671][ 33]LogTemp: Warning: Angle: -1.889005
[2018.12.29-15.23.23:683][ 34]LogTemp: Warning: Angle: -1.877997
[2018.12.29-15.23.23:694][ 35]LogTemp: Warning: Angle: -1.866804
[2018.12.29-15.23.23:707][ 36]LogTemp: Warning: Angle: -1.856604
[2018.12.29-15.23.23:718][ 37]LogTemp: Warning: Angle: -1.847126
[2018.12.29-15.23.23:731][ 38]LogTemp: Warning: Angle: -1.837647
[2018.12.29-15.23.23:743][ 39]LogTemp: Warning: Angle: -1.828617
[2018.12.29-15.23.23:755][ 40]LogTemp: Warning: Angle: -1.820862
[2018.12.29-15.23.23:768][ 41]LogTemp: Warning: Angle: -1.813399
[2018.12.29-15.23.23:780][ 42]LogTemp: Warning: Angle: -1.806596
[2018.12.29-15.23.23:793][ 43]LogTemp: Warning: Angle: -1.800574
[2018.12.29-15.23.23:805][ 44]LogTemp: Warning: Angle: -1.795065
[2018.12.29-15.23.23:816][ 45]LogTemp: Warning: Angle: -1.790596
[2018.12.29-15.23.23:829][ 46]LogTemp: Warning: Angle: -1.786516
[2018.12.29-15.23.23:842][ 47]LogTemp: Warning: Angle: -1.782630
[2018.12.29-15.23.23:855][ 48]LogTemp: Warning: Angle: -1.779205
[2018.12.29-15.23.23:867][ 49]LogTemp: Warning: Angle: -1.776591
[2018.12.29-15.23.23:880][ 50]LogTemp: Warning: Angle: -1.774714
[2018.12.29-15.23.23:892][ 51]LogTemp: Warning: Angle: -1.773437
[2018.12.29-15.23.23:904][ 52]LogTemp: Warning: Angle: -1.772696
[2018.12.29-15.23.23:917][ 53]LogTemp: Warning: Angle: -1.772363
[2018.12.29-15.23.23:929][ 54]LogTemp: Warning: Angle: -1.772585
[2018.12.29-15.23.23:941][ 55]LogTemp: Warning: Angle: -1.773157
[2018.12.29-15.23.23:954][ 56]LogTemp: Warning: Angle: -1.773982
[2018.12.29-15.23.23:966][ 57]LogTemp: Warning: Angle: -1.775363
[2018.12.29-15.23.23:978][ 58]LogTemp: Warning: Angle: -1.776972
[2018.12.29-15.23.23:990][ 59]LogTemp: Warning: Angle: -1.779131
[2018.12.29-15.23.24:004][ 60]LogTemp: Warning: Angle: -1.782056
[2018.12.29-15.23.24:016][ 61]LogTemp: Warning: Angle: -1.784516
[2018.12.29-15.23.24:028][ 62]LogTemp: Warning: Angle: -1.787562
[2018.12.29-15.23.24:040][ 63]LogTemp: Warning: Angle: -1.791093
[2018.12.29-15.23.24:051][ 64]LogTemp: Warning: Angle: -1.794777
[2018.12.29-15.23.24:063][ 65]LogTemp: Warning: Angle: -1.799035
[2018.12.29-15.23.24:075][ 66]LogTemp: Warning: Angle: -1.803717
[2018.12.29-15.23.24:087][ 67]LogTemp: Warning: Angle: -1.808772
[2018.12.29-15.23.24:099][ 68]LogTemp: Warning: Angle: -1.814222
[2018.12.29-15.23.24:111][ 69]LogTemp: Warning: Angle: -1.820136
[2018.12.29-15.23.24:123][ 70]LogTemp: Warning: Angle: -1.826538
[2018.12.29-15.23.24:136][ 71]LogTemp: Warning: Angle: -1.833103
[2018.12.29-15.23.24:148][ 72]LogTemp: Warning: Angle: -1.840246
[2018.12.29-15.23.24:159][ 73]LogTemp: Warning: Angle: -1.848004
[2018.12.29-15.23.24:172][ 74]LogTemp: Warning: Angle: -1.855895
[2018.12.29-15.23.24:184][ 75]LogTemp: Warning: Angle: -1.863826
[2018.12.29-15.23.24:196][ 76]LogTemp: Warning: Angle: -1.872634
[2018.12.29-15.23.24:208][ 77]LogTemp: Warning: Angle: -1.881460
[2018.12.29-15.23.24:219][ 78]LogTemp: Warning: Angle: -1.890215
[2018.12.29-15.23.24:232][ 79]LogTemp: Warning: Angle: -1.899375
[2018.12.29-15.23.24:244][ 80]LogTemp: Warning: Angle: -1.908656
[2018.12.29-15.23.24:256][ 81]LogTemp: Warning: Angle: -1.917483
[2018.12.29-15.23.24:267][ 82]LogTemp: Warning: Angle: -1.925844
[2018.12.29-15.23.24:279][ 83]LogTemp: Warning: Angle: -1.934496
[2018.12.29-15.23.24:291][ 84]LogTemp: Warning: Angle: -1.943119
[2018.12.29-15.23.24:304][ 85]LogTemp: Warning: Angle: -1.951159
[2018.12.29-15.23.24:316][ 86]LogTemp: Warning: Angle: -1.959042
[2018.12.29-15.23.24:328][ 87]LogTemp: Warning: Angle: -1.967264
[2018.12.29-15.23.24:340][ 88]LogTemp: Warning: Angle: -1.975111
[2018.12.29-15.23.24:352][ 89]LogTemp: Warning: Angle: -1.982528
[2018.12.29-15.23.24:364][ 90]LogTemp: Warning: Angle: -1.990301
[2018.12.29-15.23.24:376][ 91]LogTemp: Warning: Angle: -1.997601
[2018.12.29-15.23.24:388][ 92]LogTemp: Warning: Angle: -2.004786
[2018.12.29-15.23.24:399][ 93]LogTemp: Warning: Angle: -2.011499
[2018.12.29-15.23.24:411][ 94]LogTemp: Warning: Angle: -2.018583
[2018.12.29-15.23.24:424][ 95]LogTemp: Warning: Angle: -2.025144
[2018.12.29-15.23.24:436][ 96]LogTemp: Warning: Angle: -2.031308
[2018.12.29-15.23.24:448][ 97]LogTemp: Warning: Angle: -2.037853
[2018.12.29-15.23.24:460][ 98]LogTemp: Warning: Angle: -2.043842
[2018.12.29-15.23.24:472][ 99]LogTemp: Warning: Angle: -2.049585
[2018.12.29-15.23.24:483][100]LogTemp: Warning: Angle: -2.054981
[2018.12.29-15.23.24:496][101]LogTemp: Warning: Angle: -2.060587
[2018.12.29-15.23.24:508][102]LogTemp: Warning: Angle: -2.065670
[2018.12.29-15.23.24:520][103]LogTemp: Warning: Angle: -2.070482
[2018.12.29-15.23.24:532][104]LogTemp: Warning: Angle: -2.075350
[2018.12.29-15.23.24:544][105]LogTemp: Warning: Angle: -2.079790
[2018.12.29-15.23.24:556][106]LogTemp: Warning: Angle: -2.084133
[2018.12.29-15.23.24:568][107]LogTemp: Warning: Angle: -2.088057
[2018.12.29-15.23.24:580][108]LogTemp: Warning: Angle: -2.091851
[2018.12.29-15.23.24:592][109]LogTemp: Warning: Angle: -2.095339
[2018.12.29-15.23.24:604][110]LogTemp: Warning: Angle: -2.098456
[2018.12.29-15.23.24:616][111]LogTemp: Warning: Angle: -2.101188
[2018.12.29-15.23.24:628][112]LogTemp: Warning: Angle: -2.103647
[2018.12.29-15.23.24:640][113]LogTemp: Warning: Angle: -2.105781
[2018.12.29-15.23.24:653][114]LogTemp: Warning: Angle: -2.107462
[2018.12.29-15.23.24:664][115]LogTemp: Warning: Angle: -2.108591
[2018.12.29-15.23.24:677][116]LogTemp: Warning: Angle: -2.109166
[2018.12.29-15.23.24:690][117]LogTemp: Warning: Angle: -2.109242
[2018.12.29-15.23.24:702][118]LogTemp: Warning: Angle: -2.108785
[2018.12.29-15.23.24:714][119]LogTemp: Warning: Angle: -2.108130
[2018.12.29-15.23.24:726][120]LogTemp: Warning: Angle: -2.107175
[2018.12.29-15.23.24:737][121]LogTemp: Warning: Angle: -2.105970
[2018.12.29-15.23.24:749][122]LogTemp: Warning: Angle: -2.104672
[2018.12.29-15.23.24:762][123]LogTemp: Warning: Angle: -2.103371
[2018.12.29-15.23.24:773][124]LogTemp: Warning: Angle: -2.102061
[2018.12.29-15.23.24:784][125]LogTemp: Warning: Angle: -2.100777
[2018.12.29-15.23.24:796][126]LogTemp: Warning: Angle: -2.099551
[2018.12.29-15.23.24:808][127]LogTemp: Warning: Angle: -2.098267
[2018.12.29-15.23.24:819][128]LogTemp: Warning: Angle: -2.096951
[2018.12.29-15.23.24:830][129]LogTemp: Warning: Angle: -2.095726
[2018.12.29-15.23.24:842][130]LogTemp: Warning: Angle: -2.094459
[2018.12.29-15.23.24:854][131]LogTemp: Warning: Angle: -2.093171
[2018.12.29-15.23.24:865][132]LogTemp: Warning: Angle: -2.091903
[2018.12.29-15.23.24:877][133]LogTemp: Warning: Angle: -2.090660
[2018.12.29-15.23.24:889][134]LogTemp: Warning: Angle: -2.089387
[2018.12.29-15.23.24:900][135]LogTemp: Warning: Angle: -2.088085
[2018.12.29-15.23.24:912][136]LogTemp: Warning: Angle: -2.086819
[2018.12.29-15.23.24:924][137]LogTemp: Warning: Angle: -2.085536
[2018.12.29-15.23.24:935][138]LogTemp: Warning: Angle: -2.084230
[2018.12.29-15.23.24:948][139]LogTemp: Warning: Angle: -2.082979
[2018.12.29-15.23.24:960][140]LogTemp: Warning: Angle: -2.081658
[2018.12.29-15.23.24:972][141]LogTemp: Warning: Angle: -2.080332
[2018.12.29-15.23.24:985][142]LogTemp: Warning: Angle: -2.079047
[2018.12.29-15.23.24:995][143]LogTemp: Warning: Angle: -2.077815
[2018.12.29-15.23.25:007][144]LogTemp: Warning: Angle: -2.076546
[2018.12.29-15.23.25:018][145]LogTemp: Warning: Angle: -2.075233
[2018.12.29-15.23.25:030][146]LogTemp: Warning: Angle: -2.074002
[2018.12.29-15.23.25:043][147]LogTemp: Warning: Angle: -2.072727
[2018.12.29-15.23.25:054][148]LogTemp: Warning: Angle: -2.071420
[2018.12.29-15.23.25:065][149]LogTemp: Warning: Angle: -2.070165
[2018.12.29-15.23.25:078][150]LogTemp: Warning: Angle: -2.068954
[2018.12.29-15.23.25:089][151]LogTemp: Warning: Angle: -2.067671
[2018.12.29-15.23.25:100][152]LogTemp: Warning: Angle: -2.066458
[2018.12.29-15.23.25:112][153]LogTemp: Warning: Angle: -2.065228
[2018.12.29-15.23.25:123][154]LogTemp: Warning: Angle: -2.063979
[2018.12.29-15.23.25:135][155]LogTemp: Warning: Angle: -2.062713
[2018.12.29-15.23.25:146][156]LogTemp: Warning: Angle: -2.061484
[2018.12.29-15.23.25:158][157]LogTemp: Warning: Angle: -2.060231
[2018.12.29-15.23.25:169][158]LogTemp: Warning: Angle: -2.058973
[2018.12.29-15.23.25:180][159]LogTemp: Warning: Angle: -2.057763
[2018.12.29-15.23.25:193][160]LogTemp: Warning: Angle: -2.056505
[2018.12.29-15.23.25:204][161]LogTemp: Warning: Angle: -2.055212
[2018.12.29-15.23.25:216][162]LogTemp: Warning: Angle: -2.053949
[2018.12.29-15.23.25:228][163]LogTemp: Warning: Angle: -2.052727
[2018.12.29-15.23.25:240][164]LogTemp: Warning: Angle: -2.051460
[2018.12.29-15.23.25:251][165]LogTemp: Warning: Angle: -2.050200
[2018.12.29-15.23.25:263][166]LogTemp: Warning: Angle: -2.048997
[2018.12.29-15.23.25:275][167]LogTemp: Warning: Angle: -2.047748
[2018.12.29-15.23.27:651][371]LogSlate: Updating window title bar state: overlay mode, drag disabled, window buttons hidden, title bar hidden
[2018.12.29-15.23.27:651][371]LogBlueprintUserMessages: Early EndPlayMap Detection: Level '/Game/Scenes/StartScreen.StartScreen:PersistentLevel' has LevelScriptBlueprint '/Game/Scenes/StartScreen.StartScreen:PersistentLevel.StartScreen' with GeneratedClass '/Game/Scenes/StartScreen.StartScreen_C' with ClassGeneratedBy '/Game/Scenes/StartScreen.StartScreen:PersistentLevel.StartScreen'
[2018.12.29-15.23.27:671][371]LogSlate: Window 'PairProject Game Preview Standalone (64-bit/PCD3D_SM5)' being destroyed
[2018.12.29-15.23.27:707][371]LogPlayLevel: Display: Shutting down PIE online subsystems
[2018.12.29-15.23.27:708][371]LogBlueprintUserMessages: Late EndPlayMap Detection: Level '/Game/Scenes/StartScreen.StartScreen:PersistentLevel' has LevelScriptBlueprint '/Game/Scenes/StartScreen.StartScreen:PersistentLevel.StartScreen' with GeneratedClass '/Game/Scenes/StartScreen.StartScreen_C' with ClassGeneratedBy '/Game/Scenes/StartScreen.StartScreen:PersistentLevel.StartScreen'
[2018.12.29-15.23.27:758][373]LogPlayLevel: Display: Destroying online subsystem :Context_4
[2018.12.29-15.25.07:487][370]LogAssetEditorManager: Opening Asset editor for Blueprint /Game/Blueprints/MyLinkCharacter.MyLinkCharacter
[2018.12.29-15.25.27:691][576]LogSlate: Window 'PairProject - Unreal Editor' being destroyed
[2018.12.29-15.25.27:692][576]LogWindowsTextInputMethodSystem: Display: IME system now deactivated.
[2018.12.29-15.25.27:864][577]Cmd: QUIT_EDITOR
[2018.12.29-15.25.28:629][577]LogExit: Preparing to exit.
[2018.12.29-15.25.29:356][577]LogExit: Editor shut down
[2018.12.29-15.25.29:357][577]LogExit: Transaction tracking system shut down
[2018.12.29-15.25.29:566][577]LogExit: Object subsystem successfully closed.
[2018.12.29-15.25.29:597][577]LogShaderCompilers: Display: Shaders left to compile 0
[2018.12.29-15.25.29:600][577]LogD3D11RHI: Shutdown
[2018.12.29-15.25.29:600][577]LogD3D11RHI: CleanupD3DDevice
[2018.12.29-15.25.29:602][577]LogD3D11RHI: ~FD3D11DynamicRHI
[2018.12.29-15.25.29:609][577]LogModuleManager: Shutting down and abandoning module BlueprintGraph (618)
[2018.12.29-15.25.29:609][577]LogModuleManager: Shutting down and abandoning module MovieSceneCapture (616)
[2018.12.29-15.25.29:609][577]LogModuleManager: Shutting down and abandoning module Voice (614)
[2018.12.29-15.25.29:609][577]LogModuleManager: Shutting down and abandoning module HierarchicalLODOutliner (612)
[2018.12.29-15.25.29:609][577]LogModuleManager: Shutting down and abandoning module SceneOutliner (610)
[2018.12.29-15.25.29:609][577]LogModuleManager: Shutting down and abandoning module AddContentDialog (608)
[2018.12.29-15.25.29:610][577]LogModuleManager: Shutting down and abandoning module WidgetCarousel (607)
[2018.12.29-15.25.29:610][577]LogModuleManager: Shutting down and abandoning module EditorWidgets (604)
[2018.12.29-15.25.29:610][577]LogModuleManager: Shutting down and abandoning module CollectionManager (602)
[2018.12.29-15.25.29:610][577]LogModuleManager: Shutting down and abandoning module StatsViewer (600)
[2018.12.29-15.25.29:610][577]LogModuleManager: Shutting down and abandoning module FoliageEdit (598)
[2018.12.29-15.25.29:610][577]LogModuleManager: Shutting down and abandoning module LandscapeEditor (596)
[2018.12.29-15.25.29:610][577]LogModuleManager: Shutting down and abandoning module MeshPaintMode (594)
[2018.12.29-15.25.29:610][577]LogModuleManager: Shutting down and abandoning module SceneDepthPickerMode (592)
[2018.12.29-15.25.29:610][577]LogModuleManager: Shutting down and abandoning module ActorPickerMode (590)
[2018.12.29-15.25.29:610][577]LogModuleManager: Shutting down and abandoning module GeometryMode (588)
[2018.12.29-15.25.29:611][577]LogModuleManager: Shutting down and abandoning module TextureAlignMode (586)
[2018.12.29-15.25.29:611][577]LogModuleManager: Shutting down and abandoning module BspMode (584)
[2018.12.29-15.25.29:611][577]LogModuleManager: Shutting down and abandoning module PIEPreviewDeviceProfileSelector (582)
[2018.12.29-15.25.29:611][577]LogModuleManager: Shutting down and abandoning module SequenceRecorderSections (580)
[2018.12.29-15.25.29:611][577]LogModuleManager: Shutting down and abandoning module AutomationWorker (578)
[2018.12.29-15.25.29:611][577]LogModuleManager: Shutting down and abandoning module AudioCaptureEditor (576)
[2018.12.29-15.25.29:611][577]LogModuleManager: Shutting down and abandoning module SequenceRecorder (575)
[2018.12.29-15.25.29:611][577]LogModuleManager: Shutting down and abandoning module MatineeToLevelSequence (572)
[2018.12.29-15.25.29:611][577]LogModuleManager: Shutting down and abandoning module LevelSequenceEditor (570)
[2018.12.29-15.25.29:611][577]LogModuleManager: Shutting down and abandoning module PlacementMode (569)
[2018.12.29-15.25.29:611][577]LogModuleManager: Shutting down and abandoning module MaterialEditor (568)
[2018.12.29-15.25.29:611][577]LogModuleManager: Shutting down and abandoning module WmfMediaFactory (564)
[2018.12.29-15.25.29:611][577]LogModuleManager: Shutting down and abandoning module WmfMediaEditor (562)
[2018.12.29-15.25.29:611][577]LogModuleManager: Shutting down and abandoning module MediaPlayerEditor (560)
[2018.12.29-15.25.29:611][577]LogModuleManager: Shutting down and abandoning module OpenExrWrapper (558)
[2018.12.29-15.25.29:611][577]LogModuleManager: Shutting down and abandoning module ImgMediaFactory (556)
[2018.12.29-15.25.29:611][577]LogModuleManager: Shutting down and abandoning module ImgMediaEditor (554)
[2018.12.29-15.25.29:611][577]LogModuleManager: Shutting down and abandoning module AvfMediaFactory (552)
[2018.12.29-15.25.29:611][577]LogModuleManager: Shutting down and abandoning module AvfMediaEditor (550)
[2018.12.29-15.25.29:611][577]LogModuleManager: Shutting down and abandoning module AndroidMediaFactory (548)
[2018.12.29-15.25.29:611][577]LogModuleManager: Shutting down and abandoning module AndroidMediaEditor (546)
[2018.12.29-15.25.29:612][577]LogModuleManager: Shutting down and abandoning module MagicLeapCameraPreviewFactory (544)
[2018.12.29-15.25.29:612][577]LogModuleManager: Shutting down and abandoning module MagicLeapMediaFactory (542)
[2018.12.29-15.25.29:612][577]LogModuleManager: Shutting down and abandoning module MagicLeapMediaEditor (540)
[2018.12.29-15.25.29:612][577]LogModuleManager: Shutting down and abandoning module CharacterAI (538)
[2018.12.29-15.25.29:612][577]LogModuleManager: Shutting down and abandoning module SmartSnapping (536)
[2018.12.29-15.25.29:612][577]LogModuleManager: Shutting down and abandoning module SessionServices (534)
[2018.12.29-15.25.29:612][577]LogModuleManager: Shutting down and abandoning module ViewportSnapping (532)
[2018.12.29-15.25.29:612][577]LogModuleManager: Shutting down and abandoning module ViewportInteraction (530)
[2018.12.29-15.25.29:612][577]LogModuleManager: Shutting down and abandoning module ClothPainter (528)
[2018.12.29-15.25.29:612][577]LogModuleManager: Shutting down and abandoning module SkeletalMeshEditor (527)
[2018.12.29-15.25.29:612][577]LogModuleManager: Shutting down and abandoning module LogVisualizer (524)
[2018.12.29-15.25.29:612][577]LogModuleManager: Shutting down and abandoning module IntroTutorials (522)
[2018.12.29-15.25.29:612][577]LogModuleManager: Shutting down and abandoning module GameProjectGeneration (521)
[2018.12.29-15.25.29:612][577]LogModuleManager: Shutting down and abandoning module LuminPlatformEditor (518)
[2018.12.29-15.25.29:612][577]LogModuleManager: Shutting down and abandoning module IOSPlatformEditor (516)
[2018.12.29-15.25.29:612][577]LogModuleManager: Shutting down and abandoning module HTML5PlatformEditor (514)
[2018.12.29-15.25.29:612][577]LogModuleManager: Shutting down and abandoning module AndroidPlatformEditor (512)
[2018.12.29-15.25.29:612][577]LogModuleManager: Shutting down and abandoning module AndroidDeviceDetection (511)
[2018.12.29-15.25.30:284][577]LogModuleManager: Shutting down and abandoning module WindowsPlatformEditor (508)
[2018.12.29-15.25.30:284][577]LogModuleManager: Shutting down and abandoning module LuminRuntimeSettings (506)
[2018.12.29-15.25.30:284][577]LogModuleManager: Shutting down and abandoning module IOSRuntimeSettings (504)
[2018.12.29-15.25.30:284][577]LogModuleManager: Shutting down and abandoning module AndroidRuntimeSettings (502)
[2018.12.29-15.25.30:284][577]LogModuleManager: Shutting down and abandoning module InputBindingEditor (500)
[2018.12.29-15.25.30:284][577]LogModuleManager: Shutting down and abandoning module MergeActors (498)
[2018.12.29-15.25.30:284][577]LogModuleManager: Shutting down and abandoning module LocalizationDashboard (496)
[2018.12.29-15.25.30:284][577]LogModuleManager: Shutting down and abandoning module LocalizationService (495)
[2018.12.29-15.25.30:284][577]LogModuleManager: Shutting down and abandoning module HardwareTargeting (492)
[2018.12.29-15.25.30:284][577]LogModuleManager: Shutting down and abandoning module DeviceProfileEditor (490)
[2018.12.29-15.25.30:285][577]LogModuleManager: Shutting down and abandoning module UndoHistory (488)
[2018.12.29-15.25.30:285][577]LogModuleManager: Shutting down and abandoning module XmlParser (486)
[2018.12.29-15.25.30:285][577]LogModuleManager: Shutting down and abandoning module Blutility (484)
[2018.12.29-15.25.30:285][577]LogModuleManager: Shutting down and abandoning module ProjectSettingsViewer (482)
[2018.12.29-15.25.30:285][577]LogModuleManager: Shutting down and abandoning module ProjectTargetPlatformEditor (481)
[2018.12.29-15.25.30:285][577]LogModuleManager: Shutting down and abandoning module EditorSettingsViewer (478)
[2018.12.29-15.25.30:285][577]LogModuleManager: Shutting down and abandoning module SettingsEditor (476)
[2018.12.29-15.25.30:285][577]LogModuleManager: Shutting down and abandoning module ProjectLauncher (474)
[2018.12.29-15.25.30:285][577]LogModuleManager: Shutting down and abandoning module SessionFrontend (472)
[2018.12.29-15.25.30:285][577]LogModuleManager: Shutting down and abandoning module ProfilerClient (470)
[2018.12.29-15.25.30:285][577]LogModuleManager: Shutting down and abandoning module DeviceManager (468)
[2018.12.29-15.25.30:285][577]LogModuleManager: Shutting down and abandoning module TargetDeviceServices (467)
[2018.12.29-15.25.30:341][577]LogModuleManager: Shutting down and abandoning module AutomationController (464)
[2018.12.29-15.25.30:341][577]LogModuleManager: Shutting down and abandoning module AutomationWindow (462)
[2018.12.29-15.25.30:341][577]LogModuleManager: Shutting down and abandoning module Layers (460)
[2018.12.29-15.25.30:341][577]LogModuleManager: Shutting down and abandoning module ComponentVisualizers (458)
[2018.12.29-15.25.30:341][577]LogModuleManager: Shutting down and abandoning module DetailCustomizations (456)
[2018.12.29-15.25.30:341][577]LogModuleManager: Shutting down and abandoning module PackagesDialog (454)
[2018.12.29-15.25.30:341][577]LogModuleManager: Shutting down and abandoning module Persona (452)
[2018.12.29-15.25.30:341][577]LogModuleManager: Shutting down and abandoning module AdvancedPreviewScene (451)
[2018.12.29-15.25.30:341][577]LogModuleManager: Shutting down and abandoning module AnimGraph (449)
[2018.12.29-15.25.30:341][577]LogModuleManager: Shutting down and abandoning module Kismet (446)
[2018.12.29-15.25.30:345][577]LogModuleManager: Shutting down and abandoning module GraphEditor (444)
[2018.12.29-15.25.30:345][577]LogModuleManager: Shutting down and abandoning module ClassViewer (442)
[2018.12.29-15.25.30:345][577]LogModuleManager: Shutting down and abandoning module Toolbox (440)
[2018.12.29-15.25.30:345][577]LogModuleManager: Shutting down and abandoning module DesktopPlatform (439)
[2018.12.29-15.25.30:345][577]LogModuleManager: Shutting down and abandoning module ModuleUI (436)
[2018.12.29-15.25.30:345][577]LogModuleManager: Shutting down and abandoning module MovieSceneTools (434)
[2018.12.29-15.25.30:345][577]LogModuleManager: Shutting down and abandoning module OutputLog (432)
[2018.12.29-15.25.30:346][577]LogModuleManager: Shutting down and abandoning module GammaUI (430)
[2018.12.29-15.25.30:346][577]LogModuleManager: Shutting down and abandoning module Documentation (428)
[2018.12.29-15.25.30:346][577]LogModuleManager: Shutting down and abandoning module MovieSceneTracks (426)
[2018.12.29-15.25.30:346][577]LogModuleManager: Shutting down and abandoning module MovieScene (424)
[2018.12.29-15.25.30:346][577]LogModuleManager: Shutting down and abandoning module StreamingPauseRendering (422)
[2018.12.29-15.25.30:346][577]LogModuleManager: Shutting down and abandoning module LauncherPlatform (420)
[2018.12.29-15.25.30:346][577]LogModuleManager: Shutting down and abandoning module AnalyticsET (418)
[2018.12.29-15.25.30:346][577]LogModuleManager: Shutting down and abandoning module PortalServices (416)
[2018.12.29-15.25.30:346][577]LogModuleManager: Shutting down and abandoning module PortalRpc (414)
[2018.12.29-15.25.30:346][577]LogModuleManager: Shutting down and abandoning module MessagingRpc (412)
[2018.12.29-15.25.30:346][577]LogModuleManager: Shutting down and abandoning module AIModule (410)
[2018.12.29-15.25.30:346][577]LogModuleManager: Shutting down and abandoning module GameplayDebugger (409)
[2018.12.29-15.25.30:346][577]LogModuleManager: Shutting down and abandoning module AITestSuite (407)
[2018.12.29-15.25.30:346][577]LogModuleManager: Shutting down and abandoning module NavigationSystem (405)
[2018.12.29-15.25.30:347][577]LogModuleManager: Shutting down and abandoning module ProfilerService (402)
[2018.12.29-15.25.30:474][577]LogModuleManager: Shutting down and abandoning module TaskGraph (400)
[2018.12.29-15.25.30:474][577]LogModuleManager: Shutting down and abandoning module SteamVRController (398)
[2018.12.29-15.25.30:474][577]LogModuleManager: Shutting down and abandoning module ProceduralMeshComponentEditor (396)
[2018.12.29-15.25.30:474][577]LogModuleManager: Shutting down and abandoning module ProceduralMeshComponent (394)
[2018.12.29-15.25.30:474][577]LogModuleManager: Shutting down and abandoning module OculusInput (392)
[2018.12.29-15.25.30:475][577]LogModuleManager: Shutting down and abandoning module MobilePatchingUtils (390)
[2018.12.29-15.25.30:475][577]LogModuleManager: Shutting down and abandoning module EditableMesh (388)
[2018.12.29-15.25.30:475][577]LogModuleManager: Shutting down and abandoning module CustomMeshComponent (386)
[2018.12.29-15.25.30:475][577]LogModuleManager: Shutting down and abandoning module CableComponent (384)
[2018.12.29-15.25.30:475][577]LogModuleManager: Shutting down and abandoning module AudioCapture (382)
[2018.12.29-15.25.30:475][577]LogModuleManager: Shutting down and abandoning module ArchVisCharacter (380)
[2018.12.29-15.25.30:475][577]LogModuleManager: Shutting down and abandoning module AndroidPermission (378)
[2018.12.29-15.25.30:475][577]LogModuleManager: Shutting down and abandoning module NUTUnrealEngine4 (376)
[2018.12.29-15.25.30:475][577]LogModuleManager: Shutting down and abandoning module NetcodeUnitTest (374)
[2018.12.29-15.25.30:475][577]LogModuleManager: Shutting down and abandoning module MediaCompositingEditor (372)
[2018.12.29-15.25.30:476][577]LogModuleManager: Shutting down and abandoning module MediaCompositing (370)
[2018.12.29-15.25.30:476][577]LogModuleManager: Shutting down and abandoning module LinearTimecode (368)
[2018.12.29-15.25.30:476][577]LogModuleManager: Shutting down and abandoning module ImgMedia (366)
[2018.12.29-15.25.30:479][577]LogModuleManager: Shutting down and abandoning module HTML5Networking (364)
[2018.12.29-15.25.30:479][577]LogModuleManager: Shutting down and abandoning module GeometryCacheTracks (362)
[2018.12.29-15.25.30:480][577]LogModuleManager: Shutting down and abandoning module GeometryCacheSequencer (360)
[2018.12.29-15.25.30:480][577]LogModuleManager: Shutting down and abandoning module BackChannel (358)
[2018.12.29-15.25.30:480][577]LogModuleManager: Shutting down and abandoning module AppleVision (356)
[2018.12.29-15.25.30:480][577]LogModuleManager: Shutting down and abandoning module AppleImageUtils (354)
[2018.12.29-15.25.30:480][577]LogModuleManager: Shutting down and abandoning module AlembicImporter (352)
[2018.12.29-15.25.30:480][577]LogModuleManager: Shutting down and abandoning module AlembicLibrary (351)
[2018.12.29-15.25.30:480][577]LogModuleManager: Shutting down and abandoning module GeometryCache (350)
[2018.12.29-15.25.30:480][577]LogModuleManager: Shutting down and abandoning module GeometryCacheEd (349)
[2018.12.29-15.25.30:480][577]LogModuleManager: Shutting down and abandoning module DatasmithContentEditor (344)
[2018.12.29-15.25.30:480][577]LogModuleManager: Shutting down and abandoning module DatasmithContent (342)
[2018.12.29-15.25.30:480][577]LogModuleManager: Shutting down and abandoning module SpeedTreeImporter (340)
[2018.12.29-15.25.30:480][577]LogModuleManager: Shutting down and abandoning module PluginBrowser (338)
[2018.12.29-15.25.30:480][577]LogModuleManager: Shutting down and abandoning module MobileLauncherProfileWizard (336)
[2018.12.29-15.25.30:480][577]LogModuleManager: Shutting down and abandoning module PolygonModeling (334)
[2018.12.29-15.25.30:480][577]LogModuleManager: Shutting down and abandoning module MeshEditor (332)
[2018.12.29-15.25.30:481][577]LogModuleManager: Shutting down and abandoning module CryptoKeysOpenSSL (330)
[2018.12.29-15.25.30:481][577]LogModuleManager: Shutting down and abandoning module CryptoKeys (328)
[2018.12.29-15.25.30:481][577]LogModuleManager: Shutting down and abandoning module VisualStudioSourceCodeAccess (326)
[2018.12.29-15.25.30:481][577]LogModuleManager: Shutting down and abandoning module VisualStudioCodeSourceCodeAccess (324)
[2018.12.29-15.25.30:481][577]LogModuleManager: Shutting down and abandoning module UObjectPlugin (322)
[2018.12.29-15.25.30:481][577]LogModuleManager: Shutting down and abandoning module SubversionSourceControl (320)
[2018.12.29-15.25.30:481][577]LogModuleManager: Shutting down and abandoning module PerforceSourceControl (318)
[2018.12.29-15.25.30:481][577]LogModuleManager: Shutting down and abandoning module GitSourceControl (316)
[2018.12.29-15.25.30:481][577]LogModuleManager: Shutting down and abandoning module SourceControl (315)
[2018.12.29-15.25.30:481][577]LogModuleManager: Shutting down and abandoning module CLionSourceCodeAccess (312)
[2018.12.29-15.25.30:481][577]LogModuleManager: Shutting down and abandoning module LightPropagationVolumeEditor (310)
[2018.12.29-15.25.30:481][577]LogModuleManager: Shutting down and abandoning module PaperTiledImporter (308)
[2018.12.29-15.25.30:481][577]LogModuleManager: Shutting down and abandoning module PaperSpriteSheetImporter (306)
[2018.12.29-15.25.30:481][577]LogModuleManager: Shutting down and abandoning module Paper2DEditor (304)
[2018.12.29-15.25.30:481][577]LogModuleManager: Shutting down and abandoning module MeshPaint (303)
[2018.12.29-15.25.30:481][577]LogModuleManager: Shutting down and abandoning module PairProject (300)
[2018.12.29-15.25.30:481][577]LogModuleManager: Shutting down and abandoning module RuntimePhysXCooking (298)
[2018.12.29-15.25.30:481][577]LogModuleManager: Shutting down and abandoning module PhysXVehiclesEditor (296)
[2018.12.29-15.25.30:481][577]LogModuleManager: Shutting down and abandoning module PhysXVehicles (294)
[2018.12.29-15.25.30:481][577]LogModuleManager: Shutting down and abandoning module OculusEditor (292)
[2018.12.29-15.25.30:481][577]LogModuleManager: Shutting down and abandoning module LocationServicesBPLibrary (290)
[2018.12.29-15.25.30:481][577]LogModuleManager: Shutting down and abandoning module ImmediatePhysicsEditor (288)
[2018.12.29-15.25.30:481][577]LogModuleManager: Shutting down and abandoning module ImmediatePhysics (286)
[2018.12.29-15.25.30:481][577]LogModuleManager: Shutting down and abandoning module ActorSequence (284)
[2018.12.29-15.25.30:482][577]LogModuleManager: Shutting down and abandoning module UdpMessaging (282)
[2018.12.29-15.25.30:582][577]LogModuleManager: Shutting down and abandoning module TcpMessaging (280)
[2018.12.29-15.25.30:683][577]LogModuleManager: Shutting down and abandoning module MagicLeapAudio (278)
[2018.12.29-15.25.30:683][577]LogModuleManager: Shutting down and abandoning module GameplayTagsEditor (276)
[2018.12.29-15.25.30:683][577]LogModuleManager: Shutting down and abandoning module FacialAnimationEditor (274)
[2018.12.29-15.25.30:683][577]LogModuleManager: Shutting down and abandoning module FacialAnimation (272)
[2018.12.29-15.25.30:683][577]LogModuleManager: Shutting down and abandoning module DataValidation (270)
[2018.12.29-15.25.30:683][577]LogModuleManager: Shutting down and abandoning module AssetManagerEditor (268)
[2018.12.29-15.25.30:683][577]LogModuleManager: Shutting down and abandoning module LevelEditor (267)
[2018.12.29-15.25.30:684][577]LogModuleManager: Shutting down and abandoning module PixelInspectorModule (266)
[2018.12.29-15.25.30:684][577]LogModuleManager: Shutting down and abandoning module CommonMenuExtensions (264)
[2018.12.29-15.25.30:684][577]LogModuleManager: Shutting down and abandoning module MainFrame (262)
[2018.12.29-15.25.30:684][577]LogModuleManager: Shutting down and abandoning module HotReload (261)
[2018.12.29-15.25.30:685][577]LogModuleManager: Shutting down and abandoning module ContentBrowser (257)
[2018.12.29-15.25.30:685][577]LogModuleManager: Shutting down and abandoning module TreeMap (255)
[2018.12.29-15.25.30:685][577]LogModuleManager: Shutting down and abandoning module LightPropagationVolumeRuntime (252)
[2018.12.29-15.25.30:685][577]LogModuleManager: Shutting down and abandoning module AISupportModule (250)
[2018.12.29-15.25.30:686][577]LogModuleManager: Shutting down and abandoning module Paper2D (248)
[2018.12.29-15.25.30:686][577]LogModuleManager: Shutting down and abandoning module WindowsMoviePlayer (246)
[2018.12.29-15.25.30:686][577]LogModuleManager: Shutting down and abandoning module WmfMedia (244)
[2018.12.29-15.25.30:687][577]LogModuleManager: Shutting down and abandoning module Media (243)
[2018.12.29-15.25.30:694][577]LogModuleManager: Shutting down and abandoning module PacketHandler (240)
[2018.12.29-15.25.30:694][577]LogModuleManager: Shutting down and abandoning module ClothingSystemEditor (238)
[2018.12.29-15.25.30:694][577]LogModuleManager: Shutting down and abandoning module ClothingSystemRuntime (236)
[2018.12.29-15.25.30:694][577]LogModuleManager: Shutting down and abandoning module MediaAssets (234)
[2018.12.29-15.25.30:694][577]LogModuleManager: Shutting down and abandoning module Overlay (232)
[2018.12.29-15.25.30:694][577]LogModuleManager: Shutting down and abandoning module OverlayEditor (231)
[2018.12.29-15.25.30:694][577]LogModuleManager: Shutting down and abandoning module VREditor (228)
[2018.12.29-15.25.30:694][577]LogModuleManager: Shutting down and abandoning module StringTableEditor (226)
[2018.12.29-15.25.30:695][577]LogModuleManager: Shutting down and abandoning module GameplayTasksEditor (224)
[2018.12.29-15.25.30:695][577]LogModuleManager: Shutting down and abandoning module BehaviorTreeEditor (222)
[2018.12.29-15.25.30:695][577]LogModuleManager: Shutting down and abandoning module FunctionalTesting (220)
[2018.12.29-15.25.30:695][577]LogModuleManager: Shutting down and abandoning module CollisionAnalyzer (218)
[2018.12.29-15.25.30:695][577]LogModuleManager: Shutting down and abandoning module WorkspaceMenuStructure (217)
[2018.12.29-15.25.30:695][577]LogModuleManager: Shutting down and abandoning module UMG (214)
[2018.12.29-15.25.30:695][577]LogModuleManager: Shutting down and abandoning module UMGEditor (213)
[2018.12.29-15.25.30:695][577]LogModuleManager: Shutting down and abandoning module Sequencer (212)
[2018.12.29-15.25.30:695][577]LogModuleManager: Shutting down and abandoning module MessageLog (209)
[2018.12.29-15.25.30:695][577]LogModuleManager: Shutting down and abandoning module SlateReflector (204)
[2018.12.29-15.25.30:695][577]LogModuleManager: Shutting down and abandoning module Slate (202)
[2018.12.29-15.25.30:695][577]LogModuleManager: Shutting down and abandoning module EditorStyle (200)
[2018.12.29-15.25.30:697][577]LogModuleManager: Shutting down and abandoning module MRMesh (198)
[2018.12.29-15.25.30:697][577]LogModuleManager: Shutting down and abandoning module SourceCodeAccess (196)
[2018.12.29-15.25.30:697][577]LogModuleManager: Shutting down and abandoning module HeadMountedDisplay (194)
[2018.12.29-15.25.30:697][577]LogModuleManager: Shutting down and abandoning module XAudio2 (192)
[2018.12.29-15.25.30:697][577]LogModuleManager: Shutting down and abandoning module Networking (190)
[2018.12.29-15.25.30:697][577]LogModuleManager: Shutting down and abandoning module Core (188)
[2018.12.29-15.25.30:697][577]LogModuleManager: Shutting down and abandoning module LevelSequence (186)
[2018.12.29-15.25.30:697][577]LogModuleManager: Shutting down and abandoning module KismetCompiler (184)
[2018.12.29-15.25.30:697][577]LogModuleManager: Shutting down and abandoning module MeshUtilities (182)
[2018.12.29-15.25.30:697][577]LogModuleManager: Shutting down and abandoning module MeshMergeUtilities (181)
[2018.12.29-15.25.30:697][577]LogModuleManager: Shutting down and abandoning module MeshReductionInterface (180)
[2018.12.29-15.25.30:697][577]LogModuleManager: Shutting down and abandoning module SimplygonSwarm (179)
[2018.12.29-15.25.30:697][577]LogModuleManager: Shutting down and abandoning module ProxyLODMeshReduction (177)
[2018.12.29-15.25.30:697][577]LogModuleManager: Shutting down and abandoning module SimplygonMeshReduction (175)
[2018.12.29-15.25.30:697][577]LogModuleManager: Shutting down and abandoning module QuadricMeshReduction (173)
[2018.12.29-15.25.30:697][577]LogModuleManager: Shutting down and abandoning module MaterialBaking (169)
[2018.12.29-15.25.30:698][577]LogModuleManager: Shutting down and abandoning module DirectoryWatcher (165)
[2018.12.29-15.25.30:698][577]LogModuleManager: Shutting down and abandoning module DerivedDataCache (162)
[2018.12.29-15.25.30:718][577]LogDerivedDataCache: Shutdown
[2018.12.29-15.25.30:718][577]LogModuleManager: Shutting down and abandoning module XGEController (160)
[2018.12.29-15.25.30:718][577]LogXGEController: Cleaning working directory: C:/Users/h017026h/AppData/Local/Temp/UnrealXGEWorkingDir/
[2018.12.29-15.25.30:718][577]LogModuleManager: Shutting down and abandoning module TargetPlatform (158)
[2018.12.29-15.25.30:718][577]LogModuleManager: Shutting down and abandoning module VulkanShaderFormat (157)
[2018.12.29-15.25.30:718][577]LogModuleManager: Shutting down and abandoning module ShaderFormatVectorVM (155)
[2018.12.29-15.25.30:718][577]LogModuleManager: Shutting down and abandoning module ShaderFormatOpenGL (153)
[2018.12.29-15.25.30:718][577]LogModuleManager: Shutting down and abandoning module ShaderFormatD3D (151)
[2018.12.29-15.25.30:718][577]LogModuleManager: Shutting down and abandoning module MetalShaderFormat (149)
[2018.12.29-15.25.30:719][577]LogModuleManager: Shutting down and abandoning module TextureFormatUncompressed (147)
[2018.12.29-15.25.30:719][577]LogModuleManager: Shutting down and abandoning module TextureFormatPVR (145)
[2018.12.29-15.25.30:719][577]LogModuleManager: Shutting down and abandoning module TextureFormatDXT (143)
[2018.12.29-15.25.30:719][577]LogModuleManager: Shutting down and abandoning module TextureFormatIntelISPCTexComp (141)
[2018.12.29-15.25.30:720][577]LogModuleManager: Shutting down and abandoning module TextureFormatASTC (139)
[2018.12.29-15.25.30:720][577]LogModuleManager: Shutting down and abandoning module ImageWrapper (138)
[2018.12.29-15.25.30:720][577]LogModuleManager: Shutting down and abandoning module TextureFormatAndroid (135)
[2018.12.29-15.25.30:720][577]LogModuleManager: Shutting down and abandoning module AudioFormatOpus (133)
[2018.12.29-15.25.30:720][577]LogModuleManager: Shutting down and abandoning module AudioFormatOgg (131)
[2018.12.29-15.25.30:720][577]LogModuleManager: Shutting down and abandoning module AudioFormatADPCM (129)
[2018.12.29-15.25.30:720][577]LogModuleManager: Shutting down and abandoning module LuminTargetPlatform (127)
[2018.12.29-15.25.30:720][577]LogModuleManager: Shutting down and abandoning module LinuxTargetPlatform (125)
[2018.12.29-15.25.30:720][577]LogModuleManager: Shutting down and abandoning module LinuxServerTargetPlatform (123)
[2018.12.29-15.25.30:720][577]LogModuleManager: Shutting down and abandoning module LinuxNoEditorTargetPlatform (121)
[2018.12.29-15.25.30:720][577]LogModuleManager: Shutting down and abandoning module LinuxClientTargetPlatform (119)
[2018.12.29-15.25.30:720][577]LogModuleManager: Shutting down and abandoning module TVOSTargetPlatform (117)
[2018.12.29-15.25.30:721][577]LogModuleManager: Shutting down and abandoning module Messaging (115)
[2018.12.29-15.25.30:721][577]LogModuleManager: Shutting down and abandoning module IOSTargetPlatform (113)
[2018.12.29-15.25.30:722][577]LogModuleManager: Shutting down and abandoning module HTML5TargetPlatform (111)
[2018.12.29-15.25.30:722][577]LogModuleManager: Shutting down and abandoning module AndroidTargetPlatform (109)
[2018.12.29-15.25.30:727][577]LogModuleManager: Shutting down and abandoning module WindowsTargetPlatform (107)
[2018.12.29-15.25.30:727][577]LogModuleManager: Shutting down and abandoning module WindowsServerTargetPlatform (105)
[2018.12.29-15.25.30:727][577]LogModuleManager: Shutting down and abandoning module WindowsNoEditorTargetPlatform (103)
[2018.12.29-15.25.30:727][577]LogModuleManager: Shutting down and abandoning module WindowsClientTargetPlatform (101)
[2018.12.29-15.25.30:728][577]LogModuleManager: Shutting down and abandoning module MacTargetPlatform (99)
[2018.12.29-15.25.30:728][577]LogModuleManager: Shutting down and abandoning module MacServerTargetPlatform (97)
[2018.12.29-15.25.30:728][577]LogModuleManager: Shutting down and abandoning module MacNoEditorTargetPlatform (95)
[2018.12.29-15.25.30:728][577]LogModuleManager: Shutting down and abandoning module MacClientTargetPlatform (93)
[2018.12.29-15.25.30:728][577]LogModuleManager: Shutting down and abandoning module AllDesktopTargetPlatform (91)
[2018.12.29-15.25.30:728][577]LogModuleManager: Shutting down and abandoning module InputCore (88)
[2018.12.29-15.25.30:728][577]LogModuleManager: Shutting down and abandoning module Settings (86)
[2018.12.29-15.25.30:728][577]LogModuleManager: Shutting down and abandoning module PhysXCooking (84)
[2018.12.29-15.25.30:728][577]LogModuleManager: Shutting down and abandoning module SteamVR (82)
[2018.12.29-15.25.30:728][577]LogModuleManager: Shutting down and abandoning module OculusHMD (80)
[2018.12.29-15.25.30:728][577]LogModuleManager: Shutting down and abandoning module ExampleDeviceProfileSelector (78)
[2018.12.29-15.25.30:728][577]LogModuleManager: Shutting down and abandoning module LauncherChunkInstaller (76)
[2018.12.29-15.25.30:729][577]LogModuleManager: Shutting down and abandoning module OnlineBlueprintSupport (74)
[2018.12.29-15.25.30:729][577]LogModuleManager: Shutting down and abandoning module OnlineSubsystem (70)
[2018.12.29-15.25.30:730][577]LogModuleManager: Shutting down and abandoning module XMPP (65)
[2018.12.29-15.25.30:730][577]LogModuleManager: Shutting down and abandoning module WebSockets (64)
[2018.12.29-15.25.30:758][577]LogModuleManager: Shutting down and abandoning module HTTP (61)
[2018.12.29-15.25.30:758][577]LogHttp: Display: Http module shutting down, but needs to wait on 1 outstanding Http requests:
[2018.12.29-15.25.30:758][577]LogHttp: Display: 	verb=[POST] url=[https://datarouter.ol.epicgames.com/datarouter/api/v1/public/data?SessionID=%7BD9DCEAE5-4E1F-E4F3-1D11-6F9FA62EA64D%7D&AppID=UEEditor.Rocket.Release&AppVersion=4.20.3-4369336%2B%2B%2BUE4%2BRelease-4.20&UserID=81238f3745259e4ccbe49699fefb750c%7C57acdad4fb0c413ba5aebbf147efe532%7C4262c4f5-6bc8-4dde-bd6b-1806285362b0&AppEnvironment=datacollector-binary&UploadType=eteventstream] status=Processing
[2018.12.29-15.25.30:784][577]LogModuleManager: Shutting down and abandoning module SSL (60)
[2018.12.29-15.25.30:785][577]LogModuleManager: Shutting down and abandoning module MagicLeapEmulator (56)
[2018.12.29-15.25.30:785][577]LogModuleManager: Shutting down and abandoning module MagicLeapPrivileges (54)
[2018.12.29-15.25.30:785][577]LogModuleManager: Shutting down and abandoning module MagicLeapIdentity (52)
[2018.12.29-15.25.30:785][577]LogModuleManager: Shutting down and abandoning module MagicLeapHelperVulkan (50)
[2018.12.29-15.25.30:785][577]LogModuleManager: Shutting down and abandoning module MagicLeapHelperOpenGL (48)
[2018.12.29-15.25.30:785][577]LogModuleManager: Shutting down and abandoning module MagicLeapSecureStorage (46)
[2018.12.29-15.25.30:785][577]LogModuleManager: Shutting down and abandoning module MagicLeapGestures (44)
[2018.12.29-15.25.30:785][577]LogModuleManager: Shutting down and abandoning module MagicLeapEyeTracker (42)
[2018.12.29-15.25.30:786][577]LogModuleManager: Shutting down and abandoning module MagicLeapController (40)
[2018.12.29-15.25.30:786][577]LogSlate: Slate User Destroyed.  User Index 0, Is Virtual User: 0
[2018.12.29-15.25.30:786][577]LogModuleManager: Shutting down and abandoning module MagicLeap (38)
[2018.12.29-15.25.30:786][577]LogModuleManager: Shutting down and abandoning module AnimationModifiers (36)
[2018.12.29-15.25.30:786][577]LogModuleManager: Shutting down and abandoning module PropertyEditor (35)
[2018.12.29-15.25.30:786][577]LogModuleManager: Shutting down and abandoning module AudioEditor (32)
[2018.12.29-15.25.30:786][577]LogModuleManager: Shutting down and abandoning module TextureCompressor (30)
[2018.12.29-15.25.30:787][577]LogModuleManager: Shutting down and abandoning module ShaderCore (28)
[2018.12.29-15.25.30:787][577]LogModuleManager: Shutting down and abandoning module Landscape (26)
[2018.12.29-15.25.30:787][577]LogModuleManager: Shutting down and abandoning module SlateRHIRenderer (24)
[2018.12.29-15.25.30:788][577]LogModuleManager: Shutting down and abandoning module OpenGLDrv (22)
[2018.12.29-15.25.30:788][577]LogModuleManager: Shutting down and abandoning module D3D11RHI (20)
[2018.12.29-15.25.30:788][577]LogModuleManager: Shutting down and abandoning module AnimGraphRuntime (18)
[2018.12.29-15.25.30:788][577]LogModuleManager: Shutting down and abandoning module Renderer (16)
[2018.12.29-15.25.30:788][577]LogModuleManager: Shutting down and abandoning module Engine (14)
[2018.12.29-15.25.30:788][577]LogModuleManager: Shutting down and abandoning module CoreUObject (12)
[2018.12.29-15.25.30:788][577]LogModuleManager: Shutting down and abandoning module NetworkFile (10)
[2018.12.29-15.25.30:788][577]LogModuleManager: Shutting down and abandoning module CookedIterativeFile (8)
[2018.12.29-15.25.30:788][577]LogModuleManager: Shutting down and abandoning module StreamingFile (6)
[2018.12.29-15.25.30:788][577]LogModuleManager: Shutting down and abandoning module SandboxFile (4)
[2018.12.29-15.25.30:788][577]LogModuleManager: Shutting down and abandoning module PakFile (2)
[2018.12.29-15.25.30:801][577]LogExit: Exiting.
[2018.12.29-15.25.30:806][577]Log file closed, 12/29/18 15:25:30
