Log file open, 01/04/19 21:28:52
LogWindows: Failed to load 'aqProf.dll' (GetLastError=126)
LogWindows: File 'aqProf.dll' does not exist
LogWindows: Failed to load 'VSPerf140.dll' (GetLastError=126)
LogWindows: File 'VSPerf140.dll' does not exist
LogWindows: Failed to load 'VtuneApi.dll' (GetLastError=126)
LogWindows: File 'VtuneApi.dll' does not exist
LogWindows: Failed to load 'VtuneApi32e.dll' (GetLastError=126)
LogWindows: File 'VtuneApi32e.dll' does not exist
LogInit: Display: Running engine for game: PairProject
LogPlatformFile: Not using cached read wrapper
LogTaskGraph: Started task graph with 5 named threads and 35 total threads with 3 sets of task threads.
LogStats: Stats thread started at 3.993967
LogD3D11RHI: Loaded GFSDK_Aftermath_Lib.x64.dll
LogICUInternationalization: Display: ICU TimeZone Detection - Raw Offset: +0:00, Platform Override: ''
LogPluginManager: Mounting plugin Paper2D
LogPluginManager: Mounting plugin AISupport
LogPluginManager: Mounting plugin LightPropagationVolume
LogPluginManager: Mounting plugin CLionSourceCodeAccess
LogPluginManager: Mounting plugin CodeLiteSourceCodeAccess
LogPluginManager: Mounting plugin GitSourceControl
LogPluginManager: Mounting plugin KDevelopSourceCodeAccess
LogPluginManager: Mounting plugin NullSourceCodeAccess
LogPluginManager: Mounting plugin PerforceSourceControl
LogPluginManager: Mounting plugin SubversionSourceControl
LogPluginManager: Mounting plugin UObjectPlugin
LogPluginManager: Mounting plugin VisualStudioCodeSourceCodeAccess
LogPluginManager: Mounting plugin VisualStudioSourceCodeAccess
LogPluginManager: Mounting plugin XCodeSourceCodeAccess
LogPluginManager: Mounting plugin AssetManagerEditor
LogPluginManager: Mounting plugin CryptoKeys
LogPluginManager: Mounting plugin DataValidation
LogPluginManager: Mounting plugin FacialAnimation
LogPluginManager: Mounting plugin GameplayTagsEditor
LogPluginManager: Mounting plugin MacGraphicsSwitching
LogPluginManager: Mounting plugin MeshEditor
LogPluginManager: Mounting plugin MobileLauncherProfileWizard
LogPluginManager: Mounting plugin PluginBrowser
LogPluginManager: Mounting plugin SpeedTreeImporter
LogPluginManager: Mounting plugin DatasmithContent
LogPluginManager: Mounting plugin AlembicImporter
LogPluginManager: Mounting plugin AppleImageUtils
LogPluginManager: Mounting plugin AppleVision
LogPluginManager: Mounting plugin BackChannel
LogPluginManager: Mounting plugin CharacterAI
LogPluginManager: Mounting plugin GeometryCache
LogPluginManager: Mounting plugin HTML5Networking
LogPluginManager: Mounting plugin ProxyLODPlugin
LogPluginManager: Mounting plugin MagicLeap
LogPluginManager: Mounting plugin MagicLeapEmulator
LogPluginManager: Mounting plugin MagicLeapMedia
LogPluginManager: Mounting plugin AndroidMedia
LogPluginManager: Mounting plugin AvfMedia
LogPluginManager: Mounting plugin ImgMedia
LogPluginManager: Mounting plugin LinearTimecode
LogPluginManager: Mounting plugin MediaCompositing
LogPluginManager: Mounting plugin MediaPlayerEditor
LogPluginManager: Mounting plugin WmfMedia
LogPluginManager: Mounting plugin TcpMessaging
LogPluginManager: Mounting plugin UdpMessaging
LogPluginManager: Mounting plugin ActorSequence
LogPluginManager: Mounting plugin LevelSequenceEditor
LogPluginManager: Mounting plugin MatineeToLevelSequence
LogPluginManager: Mounting plugin NetcodeUnitTest
LogPluginManager: Mounting plugin NUTUnrealEngine4
LogPluginManager: Mounting plugin OnlineSubsystemGooglePlay
LogPluginManager: Mounting plugin OnlineSubsystemIOS
LogPluginManager: Mounting plugin OnlineSubsystem
LogPluginManager: Mounting plugin OnlineSubsystemNull
LogPluginManager: Mounting plugin OnlineSubsystemUtils
LogPluginManager: Mounting plugin LauncherChunkInstaller
LogPluginManager: Mounting plugin AndroidDeviceProfileSelector
LogPluginManager: Mounting plugin AndroidMoviePlayer
LogPluginManager: Mounting plugin AndroidPermission
LogPluginManager: Mounting plugin ApexDestruction
LogPluginManager: Mounting plugin AppleMoviePlayer
LogPluginManager: Mounting plugin ArchVisCharacter
LogPluginManager: Mounting plugin AudioCapture
LogPluginManager: Mounting plugin CableComponent
LogPluginManager: Mounting plugin CustomMeshComponent
LogPluginManager: Mounting plugin EditableMesh
LogPluginManager: Mounting plugin ExampleDeviceProfileSelector
LogPluginManager: Mounting plugin GoogleCloudMessaging
LogPluginManager: Mounting plugin ImmediatePhysics
LogPluginManager: Mounting plugin IOSDeviceProfileSelector
LogPluginManager: Mounting plugin LinuxDeviceProfileSelector
LogPluginManager: Mounting plugin LocationServicesBPLibrary
LogPluginManager: Mounting plugin MobilePatchingUtils
LogPluginManager: Mounting plugin OculusVR
LogPluginManager: Plugin shader directory ../../../Engine/Plugins/Runtime/Oculus/OculusVR/Shaders found
LogPluginManager: Mapping shader source directory ../../../Engine/Plugins/Runtime/Oculus/OculusVR/Shaders to virtual directory /Plugin/OculusVR
LogPluginManager: Mounting plugin PhysXVehicles
LogPluginManager: Mounting plugin ProceduralMeshComponent
LogPluginManager: Mounting plugin RuntimePhysXCooking
LogPluginManager: Mounting plugin SteamVR
LogPluginManager: Mounting plugin WindowsMoviePlayer
LogStreaming: Display: Took  0.249s to configure plugins.
LogInit: Using libcurl 7.55.1-DEV
LogInit:  - built for x86_64-pc-win32
LogInit:  - supports SSL with OpenSSL/1.0.2h
LogInit:  - supports HTTP deflate (compression) using libz 1.2.8
LogInit:  - other features:
LogInit:      CURL_VERSION_SSL
LogInit:      CURL_VERSION_LIBZ
LogInit:      CURL_VERSION_IPV6
LogInit:      CURL_VERSION_ASYNCHDNS
LogInit:      CURL_VERSION_LARGEFILE
LogInit:      CURL_VERSION_IDN
LogInit:  CurlRequestOptions (configurable via config and command line):
LogInit:  - bVerifyPeer = false  - Libcurl will NOT verify peer certificate
LogInit:  - bUseHttpProxy = false  - Libcurl will NOT use HTTP proxy
LogInit:  - bDontReuseConnections = false  - Libcurl will reuse connections
LogInit:  - CertBundlePath = nullptr  - Libcurl will use whatever was configured at build time.
LogInit:  - MaxHostConnections = 16  - Libcurl will limit the number of connections to a host
LogInit:  - LocalHostAddr = Default
LogInit:  - BufferSize = 65536
LogInit: WinSock: version 1.1 (2.2), MaxSocks=32767, MaxUdp=65467
LogInit: Build: ++UE4+Release-4.20-CL-4369336
LogInit: Engine Version: 4.20.3-4369336+++UE4+Release-4.20
LogInit: Compatible Engine Version: 4.20.0-4212847+++UE4+Release-4.20
LogInit: Net CL: 4212847
LogInit: OS: Windows 10 (), CPU: Intel(R) Core(TM) i7-8700K CPU @ 3.70GHz, GPU: NVIDIA GeForce GTX 950
LogInit: Compiled (64-bit): Sep 17 2018 12:26:19
LogInit: Compiled with Visual C++: 19.13.26129.00
LogInit: Build Configuration: Development
LogInit: Branch Name: ++UE4+Release-4.20
LogInit: Command Line:  -skipcompile
LogInit: Base Directory: D:/Program Files (x86)/UE_4.20/Engine/Binaries/Win64/
LogInit: Installed Engine Build: 1
LogDevObjectVersion: Number of dev versions registered: 20
LogDevObjectVersion:   Dev-Blueprints (B0D832E4-1F89-4F0D-ACCF-7EB736FD4AA2): 10
LogDevObjectVersion:   Dev-Build (E1C64328-A22C-4D53-A36C-8E866417BD8C): 0
LogDevObjectVersion:   Dev-Core (375EC13C-06E4-48FB-B500-84F0262A717E): 2
LogDevObjectVersion:   Dev-Editor (E4B068ED-F494-42E9-A231-DA0B2E46BB41): 24
LogDevObjectVersion:   Dev-Framework (CFFC743F-43B0-4480-9391-14DF171D2073): 34
LogDevObjectVersion:   Dev-Mobile (B02B49B5-BB20-44E9-A304-32B752E40360): 2
LogDevObjectVersion:   Dev-Networking (A4E4105C-59A1-49B5-A7C5-40C4547EDFEE): 0
LogDevObjectVersion:   Dev-Online (39C831C9-5AE6-47DC-9A44-9C173E1C8E7C): 0
LogDevObjectVersion:   Dev-Physics (78F01B33-EBEA-4F98-B9B4-84EACCB95AA2): 0
LogDevObjectVersion:   Dev-Platform (6631380F-2D4D-43E0-8009-CF276956A95A): 0
LogDevObjectVersion:   Dev-Rendering (12F88B9F-8875-4AFC-A67C-D90C383ABD29): 26
LogDevObjectVersion:   Dev-Sequencer (7B5AE74C-D270-4C10-A958-57980B212A5A): 9
LogDevObjectVersion:   Dev-VR (D7296918-1DD6-4BDD-9DE2-64A83CC13884): 2
LogDevObjectVersion:   Dev-LoadTimes (C2A15278-BFE7-4AFE-6C17-90FF531DF755): 1
LogDevObjectVersion:   Private-Geometry (6EACA3D4-40EC-4CC1-B786-8BED09428FC5): 3
LogDevObjectVersion:   Dev-AnimPhys (29E575DD-E0A3-4627-9D10-D276232CDCEA): 17
LogDevObjectVersion:   Dev-ReflectionCapture (6B266CEC-1EC7-4B8F-A30B-E4D90942FC07): 1
LogDevObjectVersion:   Dev-Automation (0DF73D61-A23F-47EA-B727-89E90C41499A): 1
LogDevObjectVersion:   FortniteMain (601D1886-AC64-4F84-AA16-D3DE0DEAC7D6): 12
LogDevObjectVersion:   Dev-Enterprise (9DFFBCD6-494F-0158-E221-12823C92A888): 1
LogStreaming: Display: Took  0.002s to delete old logs.
LogInit: Presizing for max 8388607 objects, including 0 objects not considered by GC, pre-allocating 0 bytes for permanent pool.
LogInit: Object subsystem initialized
[2019.01.04-21.28.56:236][  0]LogInit: Selected Device Profile: [Windows]
[2019.01.04-21.28.56:236][  0]LogInit: Applying CVar settings loaded from the selected device profile: [Windows]
[2019.01.04-21.28.56:277][  0]LogHAL: Display: Platform has ~ 16 GB [17132584960 / 17179869184 / 16], which maps to Larger [LargestMinGB=32, LargerMinGB=12, DefaultMinGB=8, SmallerMinGB=6, SmallestMinGB=0)
[2019.01.04-21.28.56:285][  0]LogInit: Setting Device Profile CVar: [[r.Vulkan.UseRealUBs:1]]
[2019.01.04-21.28.56:295][  0]LogInit: Going up to parent DeviceProfile []
[2019.01.04-21.28.56:327][  0]LogInit: Computer: DESKTOP-D8L6EI8
[2019.01.04-21.28.56:327][  0]LogInit: User: h017026h
[2019.01.04-21.28.56:327][  0]LogInit: CPU Page size=4096, Cores=6
[2019.01.04-21.28.56:328][  0]LogInit: High frequency timer resolution =3.609376 MHz
[2019.01.04-21.28.56:328][  0]LogMemory: Memory total: Physical=16.0GB (16GB approx)
[2019.01.04-21.28.56:328][  0]LogMemory: Platform Memory Stats for Windows
[2019.01.04-21.28.56:328][  0]LogMemory: Process Physical Memory: 104.82 MB used, 104.82 MB peak
[2019.01.04-21.28.56:328][  0]LogMemory: Process Virtual Memory: 88.40 MB used, 88.40 MB peak
[2019.01.04-21.28.56:328][  0]LogMemory: Physical Memory: 8039.59 MB used,  8299.31 MB free, 16338.91 MB total
[2019.01.04-21.28.56:328][  0]LogMemory: Virtual Memory: 4655.16 MB used,  8299.31 MB free, 134217728.00 MB total
[2019.01.04-21.28.57:851][  0]LogInit: Using OS detected language (en-GB).
[2019.01.04-21.28.57:851][  0]LogInit: Using OS detected locale (en-GB).
[2019.01.04-21.28.57:863][  0]LogTextLocalizationManager: No specific localization for 'en-GB' exists, so the 'en' localization will be used.
[2019.01.04-21.28.58:716][  0]LogStreaming: Display: Took  0.854s to InitEngineTextLocalization.
[2019.01.04-21.28.58:718][  0]LogInit: Setting process to per monitor DPI aware
[2019.01.04-21.28.59:208][  0]LogSlate: New Slate User Created.  User Index 0, Is Virtual User: 0
[2019.01.04-21.28.59:208][  0]LogSlate: Slate User Registered.  User Index 0, Is Virtual User: 0
[2019.01.04-21.29.01:580][  0]LogHMD: Failed to initialize OpenVR with code 110
[2019.01.04-21.29.01:580][  0]LogD3D11RHI: D3D11 adapters:
[2019.01.04-21.29.01:639][  0]LogD3D11RHI:    0. 'NVIDIA GeForce GTX 950' (Feature Level 11_0)
[2019.01.04-21.29.01:639][  0]LogD3D11RHI:       2007/0/8169 MB DedicatedVideo/DedicatedSystem/SharedSystem, Outputs:1, VendorId:0x10de
[2019.01.04-21.29.01:644][  0]LogD3D11RHI:    1. 'Microsoft Basic Render Driver' (Feature Level 11_0)
[2019.01.04-21.29.01:645][  0]LogD3D11RHI:       0/0/8169 MB DedicatedVideo/DedicatedSystem/SharedSystem, Outputs:0, VendorId:0x1414
[2019.01.04-21.29.01:645][  0]LogD3D11RHI: Chosen D3D11 Adapter: 0
[2019.01.04-21.29.01:663][  0]LogD3D11RHI: Creating new Direct3DDevice
[2019.01.04-21.29.01:663][  0]LogD3D11RHI:     GPU DeviceId: 0x1402 (for the marketing name, search the web for "GPU Device Id")
[2019.01.04-21.29.01:673][  0]LogWindows: EnumDisplayDevices:
[2019.01.04-21.29.01:673][  0]LogWindows:    0. 'NVIDIA GeForce GTX 950' (P:1 D:1)
[2019.01.04-21.29.01:674][  0]LogWindows:    1. 'NVIDIA GeForce GTX 950' (P:0 D:0)
[2019.01.04-21.29.01:674][  0]LogWindows:    2. 'NVIDIA GeForce GTX 950' (P:0 D:0)
[2019.01.04-21.29.01:674][  0]LogWindows:    3. 'NVIDIA GeForce GTX 950' (P:0 D:0)
[2019.01.04-21.29.01:674][  0]LogWindows: DebugString: FoundDriverCount:4 
[2019.01.04-21.29.01:674][  0]LogD3D11RHI:     Adapter Name: NVIDIA GeForce GTX 950
[2019.01.04-21.29.01:675][  0]LogD3D11RHI:   Driver Version: 399.07 (internal:24.21.13.9907, unified:399.07)
[2019.01.04-21.29.01:675][  0]LogD3D11RHI:      Driver Date: 8-21-2018
[2019.01.04-21.29.01:675][  0]LogRHI: Texture pool is 1405 MB (70% of 2007 MB)
[2019.01.04-21.29.01:730][  0]LogD3D11RHI: Async texture creation enabled
[2019.01.04-21.29.02:030][  0]LogD3D11RHI: GPU Timing Frequency: 1000.000000 (Debug: 2 2)
[2019.01.04-21.29.02:109][  0]LogShaderCompilers: Guid format shader working directory is -28 characters bigger than the processId version (../../../../../Users/h017026h/Documents/GitKraken/TGPPairProject/PairProject/Intermediate/Shaders/WorkingDirectory/17488/).
[2019.01.04-21.29.02:109][  0]LogShaderCompilers: Cleaned the shader compiler working directory 'C:/Users/h017026h/AppData/Local/Temp/UnrealShaderWorkingDir/EFB35CB24B3EFEFE95A263B7DD99FDD3/'.
[2019.01.04-21.29.02:404][  0]LogTemp: Display: Loaded TP AllDesktopTargetPlatform
[2019.01.04-21.29.02:447][  0]LogTemp: Display: Loaded TP MacClientTargetPlatform
[2019.01.04-21.29.02:477][  0]LogTemp: Display: Loaded TP MacNoEditorTargetPlatform
[2019.01.04-21.29.02:497][  0]LogTemp: Display: Loaded TP MacServerTargetPlatform
[2019.01.04-21.29.02:536][  0]LogTemp: Display: Loaded TP MacTargetPlatform
[2019.01.04-21.29.02:585][  0]LogTemp: Display: Loaded TP WindowsClientTargetPlatform
[2019.01.04-21.29.02:613][  0]LogTemp: Display: Loaded TP WindowsNoEditorTargetPlatform
[2019.01.04-21.29.02:636][  0]LogTemp: Display: Loaded TP WindowsServerTargetPlatform
[2019.01.04-21.29.02:657][  0]LogTemp: Display: Loaded TP WindowsTargetPlatform
[2019.01.04-21.29.02:763][  0]LogTemp: Display: Loaded TP AndroidTargetPlatform
[2019.01.04-21.29.02:763][  0]LogTemp: Display: Loaded TP AndroidTargetPlatform
[2019.01.04-21.29.02:763][  0]LogTemp: Display: Loaded TP AndroidTargetPlatform
[2019.01.04-21.29.02:764][  0]LogTemp: Display: Loaded TP AndroidTargetPlatform
[2019.01.04-21.29.02:764][  0]LogTemp: Display: Loaded TP AndroidTargetPlatform
[2019.01.04-21.29.02:764][  0]LogTemp: Display: Loaded TP AndroidTargetPlatform
[2019.01.04-21.29.02:764][  0]LogTemp: Display: Loaded TP AndroidTargetPlatform
[2019.01.04-21.29.02:764][  0]LogTemp: Display: Loaded TP AndroidTargetPlatform
[2019.01.04-21.29.02:764][  0]LogTemp: Display: Loaded TP AndroidTargetPlatform
[2019.01.04-21.29.02:764][  0]LogTemp: Display: Loaded TP AndroidTargetPlatform
[2019.01.04-21.29.02:764][  0]LogTemp: Display: Loaded TP AndroidTargetPlatform
[2019.01.04-21.29.02:764][  0]LogTemp: Display: Loaded TP AndroidTargetPlatform
[2019.01.04-21.29.02:764][  0]LogTemp: Display: Loaded TP AndroidTargetPlatform
[2019.01.04-21.29.02:764][  0]LogTemp: Display: Loaded TP AndroidTargetPlatform
[2019.01.04-21.29.02:765][  0]LogTemp: Display: Loaded TP AndroidTargetPlatform
[2019.01.04-21.29.02:765][  0]LogTemp: Display: Loaded TP AndroidTargetPlatform
[2019.01.04-21.29.02:765][  0]LogTemp: Display: Loaded TP AndroidTargetPlatform
[2019.01.04-21.29.02:765][  0]LogTemp: Display: Loaded TP AndroidTargetPlatform
[2019.01.04-21.29.02:789][  0]LogTemp: Display: Loaded TP HTML5TargetPlatform
[2019.01.04-21.29.02:903][  0]LogTemp: Display: Loaded TP IOSTargetPlatform
[2019.01.04-21.29.02:903][  0]LogTemp: Display: Loaded TP IOSTargetPlatform
[2019.01.04-21.29.02:936][  0]LogTemp: Display: Loaded TP TVOSTargetPlatform
[2019.01.04-21.29.02:936][  0]LogTemp: Display: Loaded TP TVOSTargetPlatform
[2019.01.04-21.29.02:965][  0]LogTemp: Display: Loaded TP LinuxClientTargetPlatform
[2019.01.04-21.29.02:987][  0]LogTemp: Display: Loaded TP LinuxNoEditorTargetPlatform
[2019.01.04-21.29.03:007][  0]LogTemp: Display: Loaded TP LinuxServerTargetPlatform
[2019.01.04-21.29.03:033][  0]LogTemp: Display: Loaded TP LinuxTargetPlatform
[2019.01.04-21.29.03:055][  0]LogTemp: Display: Loaded TP LuminTargetPlatform
[2019.01.04-21.29.03:055][  0]LogTargetPlatformManager: Display: Building Assets For Windows
[2019.01.04-21.29.04:260][  0]LogXGEController: Cleaning working directory: C:/Users/h017026h/AppData/Local/Temp/UnrealXGEWorkingDir/
[2019.01.04-21.29.04:260][  0]LogXGEController: Cannot use XGE Controller as Incredibuild is not installed on this machine.
[2019.01.04-21.29.04:260][  0]LogShaderCompilers: Cannot use XGE Shader Compiler as Incredibuild is not installed on this machine.
[2019.01.04-21.29.04:260][  0]LogShaderCompilers: Display: Using Local Shader Compiler.
[2019.01.04-21.29.07:542][  0]LogDerivedDataCache: Display: Max Cache Size: 512 MB
[2019.01.04-21.29.07:789][  0]LogDerivedDataCache: Loaded boot cache 0.25s 71MB C:/Users/h017026h/AppData/Local/UnrealEngine/4.20/DerivedDataCache/Boot.ddc.
[2019.01.04-21.29.07:789][  0]LogDerivedDataCache: Display: Loaded Boot cache: C:/Users/h017026h/AppData/Local/UnrealEngine/4.20/DerivedDataCache/Boot.ddc
[2019.01.04-21.29.07:790][  0]LogDerivedDataCache: FDerivedDataBackendGraph:  Pak pak cache file ../../../../../Users/h017026h/Documents/GitKraken/TGPPairProject/PairProject/DerivedDataCache/DDC.ddp not found, will not use a pak cache.
[2019.01.04-21.29.07:790][  0]LogDerivedDataCache: Unable to find inner node Pak for hierarchical cache Hierarchy.
[2019.01.04-21.29.07:790][  0]LogDerivedDataCache: FDerivedDataBackendGraph:  CompressedPak pak cache file ../../../../../Users/h017026h/Documents/GitKraken/TGPPairProject/PairProject/DerivedDataCache/Compressed.ddp not found, will not use a pak cache.
[2019.01.04-21.29.07:790][  0]LogDerivedDataCache: Unable to find inner node CompressedPak for hierarchical cache Hierarchy.
[2019.01.04-21.29.07:867][  0]LogDerivedDataCache: Display: Pak cache opened for reading ../../../Engine/DerivedDataCache/Compressed.ddp.
[2019.01.04-21.29.07:880][  0]LogDerivedDataCache: Using Local data cache path C:/Users/h017026h/AppData/Local/UnrealEngine/Common/DerivedDataCache: Writable
[2019.01.04-21.29.07:880][  0]LogDerivedDataCache: Shared data cache path not found in *engine.ini, will not use an Shared cache.
[2019.01.04-21.29.07:880][  0]LogDerivedDataCache: Unable to find inner node Shared for hierarchical cache Hierarchy.
[2019.01.04-21.29.07:936][  0]LogMaterial: Verifying Global Shaders for PCD3D_SM5
[2019.01.04-21.29.08:012][  0]LogSlate: Using FreeType 2.6.0
[2019.01.04-21.29.08:103][  0]LogSlate: SlateFontServices - WITH_FREETYPE: 1, WITH_HARFBUZZ: 1
[2019.01.04-21.29.08:796][  0]LogAssetRegistry: FAssetRegistry took 0.0304 seconds to start up
[2019.01.04-21.29.11:137][  0]LogInit: Selected Device Profile: [Windows]
[2019.01.04-21.29.12:985][  0]LogSimplygon: Simplygon DLL not present - disabling.
[2019.01.04-21.29.13:190][  0]LogMeshReduction: Using SimplygonSwarm for distributed automatic mesh merging
[2019.01.04-21.29.13:190][  0]LogMeshReduction: Using ProxyLODMeshReduction for automatic mesh merging
[2019.01.04-21.29.13:191][  0]LogMeshReduction: Using QuadricMeshReduction for automatic static mesh reduction
[2019.01.04-21.29.13:191][  0]LogMeshReduction: No automatic skeletal mesh reduction module available
[2019.01.04-21.29.13:823][  0]LogNetVersion: PairProject 1.0.0, NetCL: 4212847, EngineNetVer: 5, GameNetVer: 0 (Checksum: 2248716754)
[2019.01.04-21.29.20:430][  0]LogPackageLocalizationCache: Processed 11 localized package path(s) for 2 prioritized culture(s) in 0.228683 seconds
[2019.01.04-21.29.20:521][  0]LogUObjectArray: 38425 objects as part of root set at end of initial load.
[2019.01.04-21.29.20:521][  0]LogUObjectAllocator: 6690864 out of 0 bytes used by permanent object pool.
[2019.01.04-21.29.20:521][  0]LogUObjectArray: CloseDisregardForGC: 0/0 objects in disregard for GC pool
[2019.01.04-21.29.42:983][  0]LogTcpMessaging: Initializing TcpMessaging bridge
[2019.01.04-21.29.43:016][  0]LogUdpMessaging: Initializing bridge on interface 0.0.0.0:0 to multicast group 230.0.0.1:6666.
[2019.01.04-21.29.45:212][  0]SourceControl: Source control is disabled
[2019.01.04-21.29.45:216][  0]SourceControl: Source control is disabled
[2019.01.04-21.29.45:397][  0]SourceControl: Source control is disabled
[2019.01.04-21.29.45:499][  0]SourceControl: Source control is disabled
[2019.01.04-21.29.47:921][  0]LogAndroidPermission: UAndroidPermissionCallbackProxy::GetInstance
[2019.01.04-21.29.48:123][  0]LogOcInput: OculusInput pre-init called
[2019.01.04-21.29.49:072][  0]LogEngine: Initializing Engine...
[2019.01.04-21.29.49:261][  0]LogHMD: Failed to initialize OpenVR with code 110
[2019.01.04-21.29.49:299][  0]LogStats: UGameplayTagsManager::ConstructGameplayTagTree: ImportINI prefixes -  0.001 s
[2019.01.04-21.29.49:299][  0]LogStats: UGameplayTagsManager::ConstructGameplayTagTree: Construct from data asset -  0.000 s
[2019.01.04-21.29.49:300][  0]LogStats: UGameplayTagsManager::ConstructGameplayTagTree: ImportINI -  0.001 s
[2019.01.04-21.29.49:301][  0]LogStats: UGameplayTagsManager::ConstructGameplayTagTree: GameplayTagTreeChangedEvent.Broadcast -  0.000 s
[2019.01.04-21.29.49:695][  0]LogInit: Initializing FReadOnlyCVARCache
[2019.01.04-21.29.50:631][  0]LogAIModule: Creating AISystem for world Untitled
[2019.01.04-21.29.50:966][  0]LogInit: XAudio2 using 'BenQ GW2760HS (NVIDIA High Definition Audio)' : 2 channels at 48 kHz using 16 bits per sample (channel mask 0x3)
[2019.01.04-21.29.51:051][  0]LogInit: FAudioDevice initialized.
[2019.01.04-21.29.51:061][  0]LogNetVersion: Set ProjectVersion to 1.0.0.0. Version Checksum will be recalculated on next use.
[2019.01.04-21.29.51:130][  0]LogDerivedDataCache: Saved boot cache 0.07s 71MB C:/Users/h017026h/AppData/Local/UnrealEngine/4.20/DerivedDataCache/Boot.ddc.
[2019.01.04-21.29.51:140][  0]LogInit: Texture streaming: Enabled
[2019.01.04-21.29.51:342][  0]LogEngineSessionManager: EngineSessionManager initialized
[2019.01.04-21.29.51:728][  0]LogInit: Transaction tracking system initialized
[2019.01.04-21.29.52:417][  0]BlueprintLog: New page: Editor Load
[2019.01.04-21.29.55:922][  0]LocalizationService: Localization service is disabled
[2019.01.04-21.29.58:732][  0]LogFileCache: Scanning file cache for directory 'D:/Users/h017026h/Documents/GitKraken/TGPPairProject/PairProject/Content/' took 0.03s
[2019.01.04-21.29.58:732][  0]LogCook: Display: Max memory allowance for cook 16384mb min free memory 0mb
[2019.01.04-21.29.58:733][  0]LogCook: Display: Mobile HDR setting 1
[2019.01.04-21.29.58:747][  0]LogGameplayTags: Display: UGameplayTagsManager::DoneAddingNativeTags. DelegateIsBound: 0
[2019.01.04-21.29.58:747][  0]LogStats: UGameplayTagsManager::ConstructGameplayTagTree: ImportINI prefixes -  0.000 s
[2019.01.04-21.29.58:747][  0]LogStats: UGameplayTagsManager::ConstructGameplayTagTree: Construct from data asset -  0.000 s
[2019.01.04-21.29.58:748][  0]LogStats: UGameplayTagsManager::ConstructGameplayTagTree: ImportINI -  0.000 s
[2019.01.04-21.29.58:748][  0]LogStats: UGameplayTagsManager::ConstructGameplayTagTree: GameplayTagTreeChangedEvent.Broadcast -  0.000 s
[2019.01.04-21.30.01:744][  0]SourceControl: Source control is disabled
[2019.01.04-21.30.01:777][  0]Cmd: MAP LOAD FILE="../../../../../Users/h017026h/Documents/GitKraken/TGPPairProject/PairProject/Content/Scenes/StartScreen.umap" TEMPLATE=0 SHOWPROGRESS=1 FEATURELEVEL=3
[2019.01.04-21.30.01:827][  0]LightingResults: New page: Lighting Build
[2019.01.04-21.30.02:092][  0]MapCheck: New page: Map Check
[2019.01.04-21.30.02:093][  0]LightingResults: New page: Lighting Build
[2019.01.04-21.30.02:661][  0]LogLinker: Warning: Can't find file '/Game/Scenes/StartScreen_BuiltData'
[2019.01.04-21.30.02:661][  0]LogLinker: Warning: Can't find file for asset '/Game/Scenes/StartScreen_BuiltData' while loading ../../../../../Users/h017026h/Documents/GitKraken/TGPPairProject/PairProject/Content/Scenes/StartScreen.umap.
[2019.01.04-21.30.02:661][  0]LoadErrors: Error: /Game/Scenes/StartScreen : Can't find file for asset. /Game/Scenes/StartScreen_BuiltData
[2019.01.04-21.30.02:662][  0]LogLinker: Warning: Can't find file '/Game/Scenes/StartScreen_BuiltData'
[2019.01.04-21.30.02:662][  0]LogLinker: Warning: Can't find file for asset '/Game/Scenes/StartScreen_BuiltData' while loading ../../../../../Users/h017026h/Documents/GitKraken/TGPPairProject/PairProject/Content/Scenes/StartScreen.umap.
[2019.01.04-21.30.02:662][  0]LoadErrors: Error: /Game/Scenes/StartScreen : Can't find file for asset. /Game/Scenes/StartScreen_BuiltData
[2019.01.04-21.30.03:819][  0]LogLinker: Warning: Can't find file '/Game/Scenes/StartScreen_BuiltData'
[2019.01.04-21.30.03:819][  0]LogLinker: Warning: Can't find file for asset '/Game/Scenes/StartScreen_BuiltData' while loading NULL.
[2019.01.04-21.30.03:821][  0]LogLinker: Warning: Can't find file '/Game/Scenes/StartScreen_BuiltData'
[2019.01.04-21.30.03:821][  0]LogLinker: Warning: Can't find file for asset '/Game/Scenes/StartScreen_BuiltData' while loading NULL.
[2019.01.04-21.30.03:875][  0]LogLinker: Warning: Can't find file '/Game/Scenes/StartScreen_BuiltData'
[2019.01.04-21.30.03:875][  0]LoadErrors: Failed to load /Game/Scenes/StartScreen_BuiltData.StartScreen_BuiltData Referenced by PersistentLevel
[2019.01.04-21.30.03:875][  0]LogLinker: Warning: Can't find file for asset '/Game/Scenes/StartScreen_BuiltData' while loading NULL.
[2019.01.04-21.30.03:875][  0]LoadErrors: Failed to load /Game/Scenes/StartScreen_BuiltData.StartScreen_BuiltData Referenced by PersistentLevel
[2019.01.04-21.30.04:039][  0]LogAIModule: Creating AISystem for world StartScreen
[2019.01.04-21.30.04:189][  0]LogEditorServer: Finished looking for orphan Actors (0.000 secs)
[2019.01.04-21.30.04:426][  0]Cmd: MAP CHECKDEP NOCLEARLOG
[2019.01.04-21.30.04:495][  0]MapCheck: Map check complete: 0 Error(s), 0 Warning(s), took 68.652ms to complete.
[2019.01.04-21.30.04:496][  0]LogFileHelpers: Loading map 'StartScreen' took 2.742
[2019.01.04-21.30.06:258][  0]LogSlate: Updating window title bar state: overlay mode, drag disabled, window buttons hidden, title bar hidden
[2019.01.04-21.30.06:312][  0]LogSlate: Updating window title bar state: overlay mode, drag disabled, window buttons hidden, title bar hidden
[2019.01.04-21.30.06:318][  0]LogSlate: Updating window title bar state: overlay mode, drag disabled, window buttons hidden, title bar hidden
[2019.01.04-21.30.06:325][  0]LogSlate: Updating window title bar state: overlay mode, drag disabled, window buttons hidden, title bar hidden
[2019.01.04-21.30.06:604][  0]LogCollectionManager: Loaded 0 collections in 0.000673 seconds
[2019.01.04-21.30.06:951][  0]LogFileCache: Scanning file cache for directory 'D:/Users/h017026h/Documents/GitKraken/TGPPairProject/PairProject/Saved/Collections/' took 0.01s
[2019.01.04-21.30.06:951][  0]LogFileCache: Scanning file cache for directory 'D:/Users/h017026h/Documents/GitKraken/TGPPairProject/PairProject/Content/Developers/h017026h/Collections/' took 0.01s
[2019.01.04-21.30.06:951][  0]LogFileCache: Scanning file cache for directory 'D:/Users/h017026h/Documents/GitKraken/TGPPairProject/PairProject/Content/Collections/' took 0.01s
[2019.01.04-21.30.06:951][  0]LogCollectionManager: Rebuilt the GUID cache for 0 collections in 0.000000 seconds
[2019.01.04-21.30.06:984][  0]LogContentBrowser: Native class hierarchy populated in 0.0317 seconds. Added 2594 classes and 611 folders.
[2019.01.04-21.30.07:101][  0]LogContentBrowser: Native class hierarchy updated for 'WidgetCarousel' in 0.0005 seconds. Added 0 classes and 0 folders.
[2019.01.04-21.30.09:322][  0]LogContentBrowser: Native class hierarchy updated for 'AddContentDialog' in 0.0004 seconds. Added 0 classes and 0 folders.
[2019.01.04-21.30.09:354][  0]LogContentBrowser: Native class hierarchy updated for 'SceneOutliner' in 0.0005 seconds. Added 1 classes and 2 folders.
[2019.01.04-21.30.10:352][  0]LogContentBrowser: Native class hierarchy updated for 'HierarchicalLODOutliner' in 0.0004 seconds. Added 0 classes and 0 folders.
[2019.01.04-21.30.10:352][  0]LogLoad: (Engine Initialization) Total time: 86.00 seconds
[2019.01.04-21.30.10:352][  0]LogLoad: (Engine Initialization) Total Blueprint compile time: 0.00 seconds
[2019.01.04-21.30.11:218][  0]LogContentStreaming: Texture pool size now 1000 MB
[2019.01.04-21.30.11:469][  0]LogSlate: Took 0.047314 seconds to synchronously load lazily loaded font '../../../Engine/Content/Slate/Fonts/Roboto-Regular.ttf' (155K)
[2019.01.04-21.30.12:011][  3]LogAssetRegistry: Asset discovery search completed in 63.2389 seconds
[2019.01.04-21.30.12:012][  3]LogCollectionManager: Rebuilt the object cache for 0 collections in 0.000000 seconds (found 0 objects)
[2019.01.04-21.30.12:012][  3]LogCollectionManager: Fixed up redirectors for 0 collections in 0.000204 seconds (updated 0 objects)
[2019.01.04-21.32.28:711][796]LogSlate: FSceneViewport::OnFocusLost() reason 0
[2019.01.04-21.32.28:812][796]LogSlate: Took 0.093683 seconds to synchronously load lazily loaded font '../../../Engine/Content/Slate/Fonts/Roboto-Bold.ttf' (160K)
[2019.01.04-21.32.29:134][796]LogSlate: Took 0.075025 seconds to synchronously load lazily loaded font '../../../Engine/Content/Editor/Slate/Fonts/FontAwesome.ttf' (139K)
[2019.01.04-21.32.31:286][796]LogRenderer: Reallocating scene render targets to support 788x408 Format 10 NumSamples 1 (Frame:1).
[2019.01.04-21.32.34:046][796]LogSlate: Took 0.016545 seconds to synchronously load lazily loaded font '../../../Engine/Content/Slate/Fonts/Roboto-Light.ttf' (167K)
[2019.01.04-21.32.48:681][ 46]MapCheck: New page: Map Check
[2019.01.04-21.32.48:955][ 46]Cmd: MAP REBUILD ALLVISIBLE
[2019.01.04-21.32.49:009][ 46]LogEditorServer: Rebuildmap Clear paths rebuilt
[2019.01.04-21.32.49:388][ 46]TextureStreamingBuild: Display: Build Texture Streaming took 0.019 seconds.
[2019.01.04-21.32.49:614][ 46]LightingResults: New page: Lighting Build - 4 Jan 2019 21:32:49
[2019.01.04-21.32.49:931][ 46]LogSwarmInterface: [OpenConnection] Registering TCP channel ...
[2019.01.04-21.32.50:081][ 46]LogSwarmInterface: [OpenConnection] Connecting to agent ...
[2019.01.04-21.32.50:098][ 46]LogSwarmInterface: [TryOpenConnection] Testing the Agent
[2019.01.04-21.32.50:614][ 46]LogSwarmInterface: [TryOpenConnection] Opening Connection to Agent
[2019.01.04-21.32.50:614][ 46]LogSwarmInterface: [TryOpenConnection] Local Process ID is 17488
[2019.01.04-21.32.55:257][ 46]LogStaticLightingSystem: Warning: No importance volume found, so the scene bounding box was used.  You can optimize your scene's quality and lighting build times by adding importance volumes.
[2019.01.04-21.32.55:257][ 46]LogStaticLightingSystem: Running Lightmass w/ ImmediateImport mode ENABLED
[2019.01.04-21.32.55:257][ 46]LogStaticLightingSystem: Running Lightmass w/ ImmediateProcess mode ENABLED
[2019.01.04-21.32.55:258][ 46]LogStaticLightingSystem: Running Lightmass w/ Sorting mode ENABLED
[2019.01.04-21.32.55:258][ 46]LogStaticLightingSystem: Running Lightmass w/ Mapping paddings ENABLED
[2019.01.04-21.32.55:258][ 46]LogStaticLightingSystem: Running Lightmass w/ Mapping debug paddings DISABLED
[2019.01.04-21.32.55:384][ 46]Cmd: MAP CHECK DONTDISPLAYDIALOG
[2019.01.04-21.32.55:384][ 46]MapCheck: New page: StartScreen - 4 Jan 2019 21:32:55
[2019.01.04-21.32.55:480][ 46]MapCheck: Map check complete: 0 Error(s), 0 Warning(s), took 96.547ms to complete.
[2019.01.04-21.32.55:510][ 46]LogEditorBuildUtils: Build time 0:06
[2019.01.04-21.32.57:744][ 53]Job is a success!
[2019.01.04-21.32.58:141][ 54]LogSlate: Took 0.000176 seconds to synchronously load lazily loaded font '../../../Engine/Content/Slate/Fonts/Roboto-Light.ttf' (167K)
[2019.01.04-21.32.58:202][ 54]LogVolumetricLightmapImport: Imported Volumetric Lightmap in 0.046s
[2019.01.04-21.32.58:202][ 54]LogVolumetricLightmapImport:      Indirection Texture 16x16x16 = 0.0Mb
[2019.01.04-21.32.58:202][ 54]LogVolumetricLightmapImport:      BrickData 5x5x5 = 0.0Mb
[2019.01.04-21.32.58:202][ 54]LogVolumetricLightmapImport:      Bricks at Level
[2019.01.04-21.32.58:202][ 54]LogVolumetricLightmapImport:          0: 100.0% covering 100.0% of volume
[2019.01.04-21.32.58:202][ 54]LogVolumetricLightmapImport:          1: 0.0% covering 0.0% of volume
[2019.01.04-21.32.58:202][ 54]LogVolumetricLightmapImport:          2: 0.0% covering 0.0% of volume
[2019.01.04-21.32.58:270][ 54]Lightmass on DESKTOP-D8L6EI8: 1.69 sec total, 101 ms importing, 21 ms setup, 698 ms photons, 845 ms processing, 0 ms extra exporting [0/0 mappings]. Threads: 8.81 sec total, 0 ms processing.
[2019.01.04-21.32.58:331][ 54]LogStaticLightingSystem: Illumination: 8.51 sec (9 ms encoding lightmaps, 16 ms encoding shadowmaps)
[2019.01.04-21.32.58:331][ 54]LogStaticLightingSystem: Lightmap texture memory:  0.0 MB (0.0 MB streaming, 0.0 MB non-streaming), 0 textures
[2019.01.04-21.32.58:331][ 54]LogStaticLightingSystem: Shadowmap texture memory: 0.0 MB (0.0 MB streaming, 0.0 MB non-streaming), 0 textures
[2019.01.04-21.32.59:311][ 54]DumpUnbuiltLightIteractions
[2019.01.04-21.32.59:311][ 54]Lights with unbuilt interactions: 0
[2019.01.04-21.32.59:311][ 54]
[2019.01.04-21.32.59:311][ 54]Primitives with unbuilt interactions: 0
[2019.01.04-21.32.59:346][ 55]Cmd: MAP CHECK NOTIFYRESULTS
[2019.01.04-21.32.59:346][ 55]MapCheck: New page: StartScreen - 4 Jan 2019 21:32:59
[2019.01.04-21.32.59:398][ 55]MapCheck: Map check complete: 0 Error(s), 0 Warning(s), took 51.725ms to complete.
[2019.01.04-21.33.14:150][552]MapCheck: New page: Map Check
[2019.01.04-21.33.14:158][552]Cmd: MAP REBUILD ALLVISIBLE
[2019.01.04-21.33.14:159][552]LogEditorServer: Rebuildmap Clear paths rebuilt
[2019.01.04-21.33.14:188][552]TextureStreamingBuild: Display: Build Texture Streaming took 0.003 seconds.
[2019.01.04-21.33.14:209][552]LightingResults: New page: Lighting Build - 4 Jan 2019 21:33:14
[2019.01.04-21.33.14:218][552]LogSwarmInterface: [OpenConnection] Registering TCP channel ...
[2019.01.04-21.33.14:221][552]LogSwarmInterface: [OpenConnection] Connecting to agent ...
[2019.01.04-21.33.14:221][552]LogSwarmInterface: [TryOpenConnection] Testing the Agent
[2019.01.04-21.33.14:222][552]LogSwarmInterface: [TryOpenConnection] Opening Connection to Agent
[2019.01.04-21.33.14:222][552]LogSwarmInterface: [TryOpenConnection] Local Process ID is 17488
[2019.01.04-21.33.19:040][552]LogStaticLightingSystem: Warning: No importance volume found, so the scene bounding box was used.  You can optimize your scene's quality and lighting build times by adding importance volumes.
[2019.01.04-21.33.19:040][552]LogStaticLightingSystem: Running Lightmass w/ ImmediateImport mode ENABLED
[2019.01.04-21.33.19:040][552]LogStaticLightingSystem: Running Lightmass w/ ImmediateProcess mode ENABLED
[2019.01.04-21.33.19:041][552]LogStaticLightingSystem: Running Lightmass w/ Sorting mode ENABLED
[2019.01.04-21.33.19:041][552]LogStaticLightingSystem: Running Lightmass w/ Mapping paddings ENABLED
[2019.01.04-21.33.19:041][552]LogStaticLightingSystem: Running Lightmass w/ Mapping debug paddings DISABLED
[2019.01.04-21.33.19:077][552]Cmd: MAP CHECK DONTDISPLAYDIALOG
[2019.01.04-21.33.19:078][552]MapCheck: New page: StartScreen - 4 Jan 2019 21:33:19
[2019.01.04-21.33.19:128][552]MapCheck: Map check complete: 0 Error(s), 0 Warning(s), took 50.742ms to complete.
[2019.01.04-21.33.19:153][552]LogEditorBuildUtils: Build time 0:04
[2019.01.04-21.33.20:854][558]Job is a success!
[2019.01.04-21.33.21:245][559]LogVolumetricLightmapImport: Imported Volumetric Lightmap in 0.006s
[2019.01.04-21.33.21:245][559]LogVolumetricLightmapImport:      Indirection Texture 16x16x16 = 0.0Mb
[2019.01.04-21.33.21:245][559]LogVolumetricLightmapImport:      BrickData 5x5x5 = 0.0Mb
[2019.01.04-21.33.21:245][559]LogVolumetricLightmapImport:      Bricks at Level
[2019.01.04-21.33.21:245][559]LogVolumetricLightmapImport:          0: 100.0% covering 100.0% of volume
[2019.01.04-21.33.21:245][559]LogVolumetricLightmapImport:          1: 0.0% covering 0.0% of volume
[2019.01.04-21.33.21:245][559]LogVolumetricLightmapImport:          2: 0.0% covering 0.0% of volume
[2019.01.04-21.33.21:287][559]Lightmass on DESKTOP-D8L6EI8: 1.67 sec total, 79 ms importing, 15 ms setup, 698 ms photons, 842 ms processing, 0 ms extra exporting [0/0 mappings]. Threads: 8.77 sec total, 0 ms processing.
[2019.01.04-21.33.21:291][559]LogStaticLightingSystem: Illumination: 6.75 sec (0 ms encoding lightmaps, 0 ms encoding shadowmaps)
[2019.01.04-21.33.21:291][559]LogStaticLightingSystem: Lightmap texture memory:  0.0 MB (0.0 MB streaming, 0.0 MB non-streaming), 0 textures
[2019.01.04-21.33.21:291][559]LogStaticLightingSystem: Shadowmap texture memory: 0.0 MB (0.0 MB streaming, 0.0 MB non-streaming), 0 textures
[2019.01.04-21.33.22:052][559]DumpUnbuiltLightIteractions
[2019.01.04-21.33.22:052][559]Lights with unbuilt interactions: 0
[2019.01.04-21.33.22:052][559]
[2019.01.04-21.33.22:052][559]Primitives with unbuilt interactions: 0
[2019.01.04-21.33.22:062][560]Cmd: MAP CHECK NOTIFYRESULTS
[2019.01.04-21.33.22:062][560]MapCheck: New page: StartScreen - 4 Jan 2019 21:33:22
[2019.01.04-21.33.22:110][560]MapCheck: Map check complete: 0 Error(s), 0 Warning(s), took 47.904ms to complete.
[2019.01.04-21.34.30:062][196]LogSlate: New Slate User Created.  User Index 1, Is Virtual User: 0
[2019.01.04-21.34.30:062][196]LogSlate: Slate User Registered.  User Index 1, Is Virtual User: 0
[2019.01.04-21.34.34:613][312]LogTemp: Repeating last play command: Selected Viewport
[2019.01.04-21.34.34:692][312]LogBlueprintUserMessages: Early PlayInEditor Detection: Level '/Game/Scenes/StartScreen.StartScreen:PersistentLevel' has LevelScriptBlueprint '/Game/Scenes/StartScreen.StartScreen:PersistentLevel.StartScreen' with GeneratedClass '/Game/Scenes/StartScreen.StartScreen_C' with ClassGeneratedBy '/Game/Scenes/StartScreen.StartScreen:PersistentLevel.StartScreen'
[2019.01.04-21.34.34:717][312]LogPlayLevel: PlayLevel: No blueprints needed recompiling
[2019.01.04-21.34.34:842][312]PIE: New page: PIE session: StartScreen (4 Jan 2019 21:34:34)
[2019.01.04-21.34.34:842][312]LogPlayLevel: Creating play world package: /Game/Scenes/UEDPIE_0_StartScreen
[2019.01.04-21.34.34:902][312]LogPlayLevel: PIE: StaticDuplicateObject took: (0.059987s)
[2019.01.04-21.34.34:903][312]LogAIModule: Creating AISystem for world StartScreen
[2019.01.04-21.34.34:931][312]LogPlayLevel: PIE: World Init took: (0.028497s)
[2019.01.04-21.34.34:942][312]LogPlayLevel: PIE: Created PIE world by copying editor world from /Game/Scenes/StartScreen.StartScreen to /Game/Scenes/UEDPIE_0_StartScreen.StartScreen (0.099915s)
[2019.01.04-21.34.35:002][312]LogInit: XAudio2 using 'BenQ GW2760HS (NVIDIA High Definition Audio)' : 2 channels at 48 kHz using 16 bits per sample (channel mask 0x3)
[2019.01.04-21.34.35:010][312]LogInit: FAudioDevice initialized.
[2019.01.04-21.34.35:319][312]LogLoad: Game class is 'TestGameMode_C'
[2019.01.04-21.34.35:572][312]LogWorld: Bringing World /Game/Scenes/UEDPIE_0_StartScreen.StartScreen up for play (max tick rate 0) at 2019.01.04-21.34.35
[2019.01.04-21.34.35:610][312]LogWorld: Bringing up level for play took: 0.038674
[2019.01.04-21.34.36:015][312]LogContentBrowser: Native class hierarchy updated for 'MovieSceneCapture' in 0.0063 seconds. Added 10 classes and 0 folders.
[2019.01.04-21.34.36:020][312]LogGameMode: Display: Match State Changed from EnteringMap to WaitingToStart
[2019.01.04-21.34.36:021][312]LogGameState: Match State Changed from EnteringMap to WaitingToStart
[2019.01.04-21.34.36:021][312]LogGameMode: Display: Match State Changed from WaitingToStart to InProgress
[2019.01.04-21.34.36:297][312]LogGameState: Match State Changed from WaitingToStart to InProgress
[2019.01.04-21.34.36:316][312]PIE: Play in editor start time for /Game/Scenes/UEDPIE_0_StartScreen 0.805
[2019.01.04-21.34.36:316][312]LogBlueprintUserMessages: Late PlayInEditor Detection: Level '/Game/Scenes/StartScreen.StartScreen:PersistentLevel' has LevelScriptBlueprint '/Game/Scenes/StartScreen.StartScreen:PersistentLevel.StartScreen' with GeneratedClass '/Game/Scenes/StartScreen.StartScreen_C' with ClassGeneratedBy '/Game/Scenes/StartScreen.StartScreen:PersistentLevel.StartScreen'
[2019.01.04-21.34.44:584][218]LogBlueprintUserMessages: Early EndPlayMap Detection: Level '/Game/Scenes/StartScreen.StartScreen:PersistentLevel' has LevelScriptBlueprint '/Game/Scenes/StartScreen.StartScreen:PersistentLevel.StartScreen' with GeneratedClass '/Game/Scenes/StartScreen.StartScreen_C' with ClassGeneratedBy '/Game/Scenes/StartScreen.StartScreen:PersistentLevel.StartScreen'
[2019.01.04-21.34.44:594][218]LogSlate: Updating window title bar state: overlay mode, drag disabled, window buttons hidden, title bar hidden
[2019.01.04-21.34.44:711][218]LogPlayLevel: Display: Shutting down PIE online subsystems
[2019.01.04-21.34.44:711][218]LogBlueprintUserMessages: Late EndPlayMap Detection: Level '/Game/Scenes/StartScreen.StartScreen:PersistentLevel' has LevelScriptBlueprint '/Game/Scenes/StartScreen.StartScreen:PersistentLevel.StartScreen' with GeneratedClass '/Game/Scenes/StartScreen.StartScreen_C' with ClassGeneratedBy '/Game/Scenes/StartScreen.StartScreen:PersistentLevel.StartScreen'
[2019.01.04-21.34.44:771][218]LogSlate: Updating window title bar state: overlay mode, drag disabled, window buttons hidden, title bar hidden
[2019.01.04-21.34.44:873][219]LogPlayLevel: Display: Destroying online subsystem :Context_1
[2019.01.04-21.34.46:014][356]LogSlate: FSceneViewport::OnFocusLost() reason 0
[2019.01.04-21.34.46:177][370]LogRenderer: Reallocating scene render targets to support 944x480 Format 10 NumSamples 1 (Frame:11).
[2019.01.04-21.34.47:290][496]LogTemp: Repeating last play command: Selected Viewport
[2019.01.04-21.34.47:312][496]LogBlueprintUserMessages: Early PlayInEditor Detection: Level '/Game/Scenes/StartScreen.StartScreen:PersistentLevel' has LevelScriptBlueprint '/Game/Scenes/StartScreen.StartScreen:PersistentLevel.StartScreen' with GeneratedClass '/Game/Scenes/StartScreen.StartScreen_C' with ClassGeneratedBy '/Game/Scenes/StartScreen.StartScreen:PersistentLevel.StartScreen'
[2019.01.04-21.34.47:312][496]LogPlayLevel: PlayLevel: No blueprints needed recompiling
[2019.01.04-21.34.47:312][496]PIE: New page: PIE session: StartScreen (4 Jan 2019 21:34:47)
[2019.01.04-21.34.47:313][496]LogPlayLevel: Creating play world package: /Game/Scenes/UEDPIE_0_StartScreen
[2019.01.04-21.34.47:314][496]LogPlayLevel: PIE: StaticDuplicateObject took: (0.000946s)
[2019.01.04-21.34.47:314][496]LogAIModule: Creating AISystem for world StartScreen
[2019.01.04-21.34.47:315][496]LogPlayLevel: PIE: World Init took: (0.000747s)
[2019.01.04-21.34.47:315][496]LogPlayLevel: PIE: Created PIE world by copying editor world from /Game/Scenes/StartScreen.StartScreen to /Game/Scenes/UEDPIE_0_StartScreen.StartScreen (0.002210s)
[2019.01.04-21.34.47:347][496]LogInit: XAudio2 using 'BenQ GW2760HS (NVIDIA High Definition Audio)' : 2 channels at 48 kHz using 16 bits per sample (channel mask 0x3)
[2019.01.04-21.34.47:354][496]LogInit: FAudioDevice initialized.
[2019.01.04-21.34.47:400][496]LogLoad: Game class is 'TestGameMode_C'
[2019.01.04-21.34.47:401][496]LogWorld: Bringing World /Game/Scenes/UEDPIE_0_StartScreen.StartScreen up for play (max tick rate 0) at 2019.01.04-21.34.47
[2019.01.04-21.34.47:401][496]LogWorld: Bringing up level for play took: 0.000377
[2019.01.04-21.34.47:414][496]LogGameMode: Display: Match State Changed from EnteringMap to WaitingToStart
[2019.01.04-21.34.47:415][496]LogGameState: Match State Changed from EnteringMap to WaitingToStart
[2019.01.04-21.34.47:415][496]LogGameMode: Display: Match State Changed from WaitingToStart to InProgress
[2019.01.04-21.34.47:416][496]LogGameState: Match State Changed from WaitingToStart to InProgress
[2019.01.04-21.34.47:416][496]PIE: Play in editor start time for /Game/Scenes/UEDPIE_0_StartScreen -0.094
[2019.01.04-21.34.47:417][496]LogBlueprintUserMessages: Late PlayInEditor Detection: Level '/Game/Scenes/StartScreen.StartScreen:PersistentLevel' has LevelScriptBlueprint '/Game/Scenes/StartScreen.StartScreen:PersistentLevel.StartScreen' with GeneratedClass '/Game/Scenes/StartScreen.StartScreen_C' with ClassGeneratedBy '/Game/Scenes/StartScreen.StartScreen:PersistentLevel.StartScreen'
[2019.01.04-21.34.53:544][231]LogBlueprintUserMessages: Early EndPlayMap Detection: Level '/Game/Scenes/StartScreen.StartScreen:PersistentLevel' has LevelScriptBlueprint '/Game/Scenes/StartScreen.StartScreen:PersistentLevel.StartScreen' with GeneratedClass '/Game/Scenes/StartScreen.StartScreen_C' with ClassGeneratedBy '/Game/Scenes/StartScreen.StartScreen:PersistentLevel.StartScreen'
[2019.01.04-21.34.53:545][231]LogSlate: Updating window title bar state: overlay mode, drag disabled, window buttons hidden, title bar hidden
[2019.01.04-21.34.53:585][231]LogPlayLevel: Display: Shutting down PIE online subsystems
[2019.01.04-21.34.53:586][231]LogBlueprintUserMessages: Late EndPlayMap Detection: Level '/Game/Scenes/StartScreen.StartScreen:PersistentLevel' has LevelScriptBlueprint '/Game/Scenes/StartScreen.StartScreen:PersistentLevel.StartScreen' with GeneratedClass '/Game/Scenes/StartScreen.StartScreen_C' with ClassGeneratedBy '/Game/Scenes/StartScreen.StartScreen:PersistentLevel.StartScreen'
[2019.01.04-21.34.53:606][231]LogSlate: Updating window title bar state: overlay mode, drag disabled, window buttons hidden, title bar hidden
[2019.01.04-21.34.53:645][234]LogPlayLevel: Display: Destroying online subsystem :Context_2
[2019.01.04-21.34.55:997][516]LogSlate: FSceneViewport::OnFocusLost() reason 0
[2019.01.04-21.34.56:215][532]LogAssetEditorManager: Opening Asset editor for World /Game/Scenes/StartScreen.StartScreen
[2019.01.04-21.35.00:484][532]LogSlate: Window 'Save Content' being destroyed
[2019.01.04-21.35.02:839][797]LogAssetEditorManager: Opening Asset editor for WidgetBlueprint /Game/UIs/Start_Screen.Start_Screen
[2019.01.04-21.35.03:986][797]LogContentBrowser: Native class hierarchy updated for 'BlueprintGraph' in 0.0007 seconds. Added 116 classes and 0 folders.
[2019.01.04-21.35.06:467][797]LogSlate: Took 0.012420 seconds to synchronously load lazily loaded font '../../../Engine/Content/Slate/Fonts/Roboto-BoldCondensed.ttf' (158K)
[2019.01.04-21.35.09:233][  6]LogSlate: Took 0.013620 seconds to synchronously load lazily loaded font '../../../Engine/Content/Slate/Fonts/Roboto-Italic.ttf' (157K)
[2019.01.04-21.35.24:682][797]LogAssetEditorManager: Opening Asset editor for LevelScriptBlueprint /Game/Scenes/StartScreen.StartScreen:PersistentLevel.StartScreen
[2019.01.04-21.35.35:237][ 10]LogTemp: Repeating last play command: Selected Viewport
[2019.01.04-21.35.35:262][ 10]LogBlueprintUserMessages: Early PlayInEditor Detection: Level '/Game/Scenes/StartScreen.StartScreen:PersistentLevel' has LevelScriptBlueprint '/Game/Scenes/StartScreen.StartScreen:PersistentLevel.StartScreen' with GeneratedClass '/Game/Scenes/StartScreen.StartScreen_C' with ClassGeneratedBy '/Game/Scenes/StartScreen.StartScreen:PersistentLevel.StartScreen'
[2019.01.04-21.35.35:262][ 10]LogPlayLevel: PlayLevel: No blueprints needed recompiling
[2019.01.04-21.35.35:262][ 10]PIE: New page: PIE session: StartScreen (4 Jan 2019 21:35:35)
[2019.01.04-21.35.35:263][ 10]LogPlayLevel: Creating play world package: /Game/Scenes/UEDPIE_0_StartScreen
[2019.01.04-21.35.35:264][ 10]LogPlayLevel: PIE: StaticDuplicateObject took: (0.001099s)
[2019.01.04-21.35.35:265][ 10]LogAIModule: Creating AISystem for world StartScreen
[2019.01.04-21.35.35:265][ 10]LogPlayLevel: PIE: World Init took: (0.000732s)
[2019.01.04-21.35.35:265][ 10]LogPlayLevel: PIE: Created PIE world by copying editor world from /Game/Scenes/StartScreen.StartScreen to /Game/Scenes/UEDPIE_0_StartScreen.StartScreen (0.002195s)
[2019.01.04-21.35.35:330][ 10]LogInit: XAudio2 using 'BenQ GW2760HS (NVIDIA High Definition Audio)' : 2 channels at 48 kHz using 16 bits per sample (channel mask 0x3)
[2019.01.04-21.35.35:337][ 10]LogInit: FAudioDevice initialized.
[2019.01.04-21.35.35:343][ 10]LogSlate: Updating window title bar state: overlay mode, drag disabled, window buttons hidden, title bar hidden
[2019.01.04-21.35.35:384][ 10]LogLoad: Game class is 'TestGameMode_C'
[2019.01.04-21.35.35:385][ 10]LogWorld: Bringing World /Game/Scenes/UEDPIE_0_StartScreen.StartScreen up for play (max tick rate 0) at 2019.01.04-21.35.35
[2019.01.04-21.35.35:385][ 10]LogWorld: Bringing up level for play took: 0.000453
[2019.01.04-21.35.35:397][ 10]LogGameMode: FindPlayerStart: PATHS NOT DEFINED or NO PLAYERSTART with positive rating
[2019.01.04-21.35.35:404][ 10]LogGameMode: Display: Match State Changed from EnteringMap to WaitingToStart
[2019.01.04-21.35.35:404][ 10]LogGameState: Match State Changed from EnteringMap to WaitingToStart
[2019.01.04-21.35.35:405][ 10]LogGameMode: Display: Match State Changed from WaitingToStart to InProgress
[2019.01.04-21.35.35:406][ 10]LogGameState: Match State Changed from WaitingToStart to InProgress
[2019.01.04-21.35.35:409][ 10]PIE: Play in editor start time for /Game/Scenes/UEDPIE_0_StartScreen -0.102
[2019.01.04-21.35.35:409][ 10]LogBlueprintUserMessages: Late PlayInEditor Detection: Level '/Game/Scenes/StartScreen.StartScreen:PersistentLevel' has LevelScriptBlueprint '/Game/Scenes/StartScreen.StartScreen:PersistentLevel.StartScreen' with GeneratedClass '/Game/Scenes/StartScreen.StartScreen_C' with ClassGeneratedBy '/Game/Scenes/StartScreen.StartScreen:PersistentLevel.StartScreen'
[2019.01.04-21.35.35:423][ 10]LogRenderer: Reallocating scene render targets to support 1292x756 Format 10 NumSamples 1 (Frame:1).
[2019.01.04-21.35.41:006][670]LogBlueprintUserMessages: Early EndPlayMap Detection: Level '/Game/Scenes/StartScreen.StartScreen:PersistentLevel' has LevelScriptBlueprint '/Game/Scenes/StartScreen.StartScreen:PersistentLevel.StartScreen' with GeneratedClass '/Game/Scenes/StartScreen.StartScreen_C' with ClassGeneratedBy '/Game/Scenes/StartScreen.StartScreen:PersistentLevel.StartScreen'
[2019.01.04-21.35.41:007][670]LogSlate: Updating window title bar state: overlay mode, drag disabled, window buttons hidden, title bar hidden
[2019.01.04-21.35.41:030][670]LogSlate: Window 'PairProject Game Preview Standalone (64-bit/PCD3D_SM5)' being destroyed
[2019.01.04-21.35.41:069][670]LogPlayLevel: Display: Shutting down PIE online subsystems
[2019.01.04-21.35.41:070][670]LogBlueprintUserMessages: Late EndPlayMap Detection: Level '/Game/Scenes/StartScreen.StartScreen:PersistentLevel' has LevelScriptBlueprint '/Game/Scenes/StartScreen.StartScreen:PersistentLevel.StartScreen' with GeneratedClass '/Game/Scenes/StartScreen.StartScreen_C' with ClassGeneratedBy '/Game/Scenes/StartScreen.StartScreen:PersistentLevel.StartScreen'
[2019.01.04-21.35.41:113][671]LogPlayLevel: Display: Destroying online subsystem :Context_6
[2019.01.04-21.35.42:697][861]LogTemp: Repeating last play command: Selected Viewport
[2019.01.04-21.35.42:719][861]LogBlueprintUserMessages: Early PlayInEditor Detection: Level '/Game/Scenes/StartScreen.StartScreen:PersistentLevel' has LevelScriptBlueprint '/Game/Scenes/StartScreen.StartScreen:PersistentLevel.StartScreen' with GeneratedClass '/Game/Scenes/StartScreen.StartScreen_C' with ClassGeneratedBy '/Game/Scenes/StartScreen.StartScreen:PersistentLevel.StartScreen'
[2019.01.04-21.35.42:720][861]LogPlayLevel: PlayLevel: No blueprints needed recompiling
[2019.01.04-21.35.42:720][861]PIE: New page: PIE session: StartScreen (4 Jan 2019 21:35:42)
[2019.01.04-21.35.42:720][861]LogPlayLevel: Creating play world package: /Game/Scenes/UEDPIE_0_StartScreen
[2019.01.04-21.35.42:721][861]LogPlayLevel: PIE: StaticDuplicateObject took: (0.001046s)
[2019.01.04-21.35.42:722][861]LogAIModule: Creating AISystem for world StartScreen
[2019.01.04-21.35.42:722][861]LogPlayLevel: PIE: World Init took: (0.000634s)
[2019.01.04-21.35.42:722][861]LogPlayLevel: PIE: Created PIE world by copying editor world from /Game/Scenes/StartScreen.StartScreen to /Game/Scenes/UEDPIE_0_StartScreen.StartScreen (0.001988s)
[2019.01.04-21.35.42:752][861]LogInit: XAudio2 using 'BenQ GW2760HS (NVIDIA High Definition Audio)' : 2 channels at 48 kHz using 16 bits per sample (channel mask 0x3)
[2019.01.04-21.35.42:758][861]LogInit: FAudioDevice initialized.
[2019.01.04-21.35.42:764][861]LogSlate: Updating window title bar state: overlay mode, drag disabled, window buttons hidden, title bar hidden
[2019.01.04-21.35.42:798][861]LogLoad: Game class is 'TestGameMode_C'
[2019.01.04-21.35.42:799][861]LogWorld: Bringing World /Game/Scenes/UEDPIE_0_StartScreen.StartScreen up for play (max tick rate 0) at 2019.01.04-21.35.42
[2019.01.04-21.35.42:799][861]LogWorld: Bringing up level for play took: 0.000373
[2019.01.04-21.35.42:811][861]LogGameMode: FindPlayerStart: PATHS NOT DEFINED or NO PLAYERSTART with positive rating
[2019.01.04-21.35.42:812][861]LogGameMode: Display: Match State Changed from EnteringMap to WaitingToStart
[2019.01.04-21.35.42:812][861]LogGameState: Match State Changed from EnteringMap to WaitingToStart
[2019.01.04-21.35.42:812][861]LogGameMode: Display: Match State Changed from WaitingToStart to InProgress
[2019.01.04-21.35.42:813][861]LogGameState: Match State Changed from WaitingToStart to InProgress
[2019.01.04-21.35.42:815][861]PIE: Play in editor start time for /Game/Scenes/UEDPIE_0_StartScreen -0.694
[2019.01.04-21.35.42:816][861]LogBlueprintUserMessages: Late PlayInEditor Detection: Level '/Game/Scenes/StartScreen.StartScreen:PersistentLevel' has LevelScriptBlueprint '/Game/Scenes/StartScreen.StartScreen:PersistentLevel.StartScreen' with GeneratedClass '/Game/Scenes/StartScreen.StartScreen_C' with ClassGeneratedBy '/Game/Scenes/StartScreen.StartScreen:PersistentLevel.StartScreen'
[2019.01.04-21.35.43:809][971]LogGameMode: Display: Match State Changed from InProgress to LeavingMap
[2019.01.04-21.35.43:809][971]LogGameState: Match State Changed from InProgress to LeavingMap
[2019.01.04-21.35.43:810][971]LogNet: Browse: /Game/Scenes/CameraTestScene
[2019.01.04-21.35.43:810][971]LogLoad: LoadMap: /Game/Scenes/CameraTestScene
[2019.01.04-21.35.44:285][971]LogLinker: Warning: Can't find file '/Game/Scenes/CameraTestScene_BuiltData'
[2019.01.04-21.35.44:285][971]LogLinker: Warning: Can't find file for asset '/Game/Scenes/CameraTestScene_BuiltData' while loading ../../../../../Users/h017026h/Documents/GitKraken/TGPPairProject/PairProject/Content/Scenes/CameraTestScene.umap.
[2019.01.04-21.35.44:286][971]LoadErrors: Error: /Game/Scenes/CameraTestScene : Can't find file for asset. /Game/Scenes/CameraTestScene_BuiltData
[2019.01.04-21.35.44:296][971]LogLinker: Warning: Can't find file '/Game/Scenes/CameraTestScene_BuiltData'
[2019.01.04-21.35.44:296][971]LogLinker: Warning: Can't find file for asset '/Game/Scenes/CameraTestScene_BuiltData' while loading ../../../../../Users/h017026h/Documents/GitKraken/TGPPairProject/PairProject/Content/Scenes/CameraTestScene.umap.
[2019.01.04-21.35.44:318][971]LogLinker: Warning: Can't find file '/Game/Scenes/CameraTestScene_BuiltData'
[2019.01.04-21.35.44:318][971]LogLinker: Warning: Can't find file for asset '/Game/Scenes/CameraTestScene_BuiltData' while loading NULL.
[2019.01.04-21.35.44:318][971]LogLinker: Warning: Can't find file '/Game/Scenes/CameraTestScene_BuiltData'
[2019.01.04-21.35.44:319][971]LogLinker: Warning: Can't find file for asset '/Game/Scenes/CameraTestScene_BuiltData' while loading NULL.
[2019.01.04-21.35.44:420][971]LogLinker: Warning: Can't find file '/Game/Scenes/CameraTestScene_BuiltData'
[2019.01.04-21.35.44:420][971]LoadErrors: Failed to load /Game/Scenes/CameraTestScene_BuiltData.CameraTestScene_BuiltData Referenced by PersistentLevel
[2019.01.04-21.35.44:420][971]LogLinker: Warning: Can't find file for asset '/Game/Scenes/CameraTestScene_BuiltData' while loading NULL.
[2019.01.04-21.35.45:644][971]LogAIModule: Creating AISystem for world CameraTestScene
[2019.01.04-21.35.45:645][971]LogLoad: Game class is 'TestGameMode_C'
[2019.01.04-21.35.45:890][971]LogWorld: Bringing World /Game/Scenes/UEDPIE_0_CameraTestScene.CameraTestScene up for play (max tick rate 0) at 2019.01.04-21.35.45
[2019.01.04-21.35.46:008][971]LogWorld: Bringing up level for play took: 0.362098
[2019.01.04-21.35.46:010][971]LogGameMode: FindPlayerStart: PATHS NOT DEFINED or NO PLAYERSTART with positive rating
[2019.01.04-21.35.46:012][971]LogGameMode: Display: Match State Changed from EnteringMap to WaitingToStart
[2019.01.04-21.35.46:012][971]LogGameState: Match State Changed from EnteringMap to WaitingToStart
[2019.01.04-21.35.46:012][971]LogGameMode: Display: Match State Changed from WaitingToStart to InProgress
[2019.01.04-21.35.46:026][971]LogActor: Warning: MyBiggoronKnifeWeapon_C /Game/Scenes/UEDPIE_0_CameraTestScene.CameraTestScene:PersistentLevel.MyBiggoronKnifeWeapon_C_0 has natively added scene component(s), but none of them were set as the actor's RootComponent - picking one arbitrarily
[2019.01.04-21.35.46:046][971]LogActor: Warning: MyBPBasePlayerWeapon_C /Game/Scenes/UEDPIE_0_CameraTestScene.CameraTestScene:PersistentLevel.MyBPBasePlayerWeapon_C_0 has natively added scene component(s), but none of them were set as the actor's RootComponent - picking one arbitrarily
[2019.01.04-21.35.46:052][971]LogGameState: Match State Changed from WaitingToStart to InProgress
[2019.01.04-21.35.46:062][971]LogLoad: Took 2.251185 seconds to LoadMap(/Game/Scenes/CameraTestScene)
[2019.01.04-21.35.46:269][971]LogSlate: Took 0.086786 seconds to synchronously load lazily loaded font '../../../Engine/Content/SlateDebug/Fonts/LastResort.ttf' (5269K)
[2019.01.04-21.35.46:334][972]LogActor: Warning: MyBiggoronKnifeWeapon_C /Engine/Transient.World_3:PersistentLevel.MyBiggoronKnifeWeapon_C_0 has natively added scene component(s), but none of them were set as the actor's RootComponent - picking one arbitrarily
[2019.01.04-21.35.46:338][972]LogCharacterMovement: Warning: GetSimulationTimeStep() - Max iterations 8 hit while remaining time 0.062042 > MaxSimulationTimeStep (0.050) for 'MyImpaCharacter_17', movement 'Walking'
[2019.01.04-21.35.46:448][974]LogActor: Warning: MyBPBaseKeep_C /Engine/Transient.World_5:PersistentLevel.MyBPBaseKeep_C_0 has natively added scene component(s), but none of them were set as the actor's RootComponent - picking one arbitrarily
[2019.01.04-21.35.46:491][976]LogActor: Warning: MyBPBasePlayerWeapon_C /Engine/Transient.World_7:PersistentLevel.MyBPBasePlayerWeapon_C_0 has natively added scene component(s), but none of them were set as the actor's RootComponent - picking one arbitrarily
[2019.01.04-21.35.55:199][ 10]LogBlueprintUserMessages: Early EndPlayMap Detection: Level '/Game/Scenes/StartScreen.StartScreen:PersistentLevel' has LevelScriptBlueprint '/Game/Scenes/StartScreen.StartScreen:PersistentLevel.StartScreen' with GeneratedClass '/Game/Scenes/StartScreen.StartScreen_C' with ClassGeneratedBy '/Game/Scenes/StartScreen.StartScreen:PersistentLevel.StartScreen'
[2019.01.04-21.35.55:206][ 10]LogSlate: Updating window title bar state: overlay mode, drag disabled, window buttons hidden, title bar hidden
[2019.01.04-21.35.55:228][ 10]LogSlate: Window 'PairProject Game Preview Standalone (64-bit/PCD3D_SM5)' being destroyed
[2019.01.04-21.35.55:271][ 10]LogPlayLevel: Display: Shutting down PIE online subsystems
[2019.01.04-21.35.55:271][ 10]LogBlueprintUserMessages: Late EndPlayMap Detection: Level '/Game/Scenes/StartScreen.StartScreen:PersistentLevel' has LevelScriptBlueprint '/Game/Scenes/StartScreen.StartScreen:PersistentLevel.StartScreen' with GeneratedClass '/Game/Scenes/StartScreen.StartScreen_C' with ClassGeneratedBy '/Game/Scenes/StartScreen.StartScreen:PersistentLevel.StartScreen'
[2019.01.04-21.35.55:323][ 11]LogPlayLevel: Display: Destroying online subsystem :Context_7
[2019.01.04-21.36.03:620][516]LogSlate: Window 'Save Content' being destroyed
[2019.01.04-21.36.04:214][516]LogSavePackage: Moving '../../../../../Users/h017026h/Documents/GitKraken/TGPPairProject/PairProject/Saved/StartScreen75412BB4476F883E86F5EF89715A17D3.tmp' to '../../../../../Users/h017026h/Documents/GitKraken/TGPPairProject/PairProject/Content/Scenes/StartScreen.umap'
[2019.01.04-21.36.04:301][516]LogFileHelpers: Saving map 'StartScreen' took 0.646
[2019.01.04-21.36.04:320][516]LogSavePackage: Moving '../../../../../Users/h017026h/Documents/GitKraken/TGPPairProject/PairProject/Saved/StartScreen_BuiltData7A4826FD42B01B5B868DCFA3BA4BE315.tmp' to '../../../../../Users/h017026h/Documents/GitKraken/TGPPairProject/PairProject/Content/Scenes/StartScreen_BuiltData.uasset'
[2019.01.04-21.36.04:706][516]LogSlate: Window 'PairProject - Unreal Editor' being destroyed
[2019.01.04-21.36.04:707][516]LogWindowsTextInputMethodSystem: Display: IME system now deactivated.
[2019.01.04-21.36.05:040][517]Cmd: QUIT_EDITOR
[2019.01.04-21.36.05:672][517]LogExit: Preparing to exit.
[2019.01.04-21.36.06:123][517]LogExit: Editor shut down
[2019.01.04-21.36.06:123][517]LogExit: Transaction tracking system shut down
[2019.01.04-21.36.07:593][517]LogExit: Object subsystem successfully closed.
[2019.01.04-21.36.07:720][517]LogShaderCompilers: Display: Shaders left to compile 0
[2019.01.04-21.36.07:734][517]LogD3D11RHI: Shutdown
[2019.01.04-21.36.07:734][517]LogD3D11RHI: CleanupD3DDevice
[2019.01.04-21.36.07:757][517]LogD3D11RHI: ~FD3D11DynamicRHI
[2019.01.04-21.36.08:297][517]LogModuleManager: Shutting down and abandoning module SequencerWidgets (626)
[2019.01.04-21.36.08:297][517]LogModuleManager: Shutting down and abandoning module BlueprintGraph (624)
[2019.01.04-21.36.08:297][517]LogModuleManager: Shutting down and abandoning module MovieSceneCapture (622)
[2019.01.04-21.36.08:297][517]LogModuleManager: Shutting down and abandoning module Voice (620)
[2019.01.04-21.36.08:306][517]LogModuleManager: Shutting down and abandoning module HierarchicalLODUtilities (618)
[2019.01.04-21.36.08:315][517]LogModuleManager: Shutting down and abandoning module HierarchicalLODOutliner (616)
[2019.01.04-21.36.08:315][517]LogModuleManager: Shutting down and abandoning module SceneOutliner (614)
[2019.01.04-21.36.08:316][517]LogModuleManager: Shutting down and abandoning module AddContentDialog (612)
[2019.01.04-21.36.08:317][517]LogModuleManager: Shutting down and abandoning module WidgetCarousel (611)
[2019.01.04-21.36.08:317][517]LogModuleManager: Shutting down and abandoning module EditorWidgets (608)
[2019.01.04-21.36.08:317][517]LogModuleManager: Shutting down and abandoning module CollectionManager (606)
[2019.01.04-21.36.08:328][517]LogModuleManager: Shutting down and abandoning module StatsViewer (604)
[2019.01.04-21.36.08:332][517]LogModuleManager: Shutting down and abandoning module FoliageEdit (602)
[2019.01.04-21.36.08:332][517]LogModuleManager: Shutting down and abandoning module LandscapeEditor (600)
[2019.01.04-21.36.08:333][517]LogModuleManager: Shutting down and abandoning module MeshPaintMode (598)
[2019.01.04-21.36.08:333][517]LogModuleManager: Shutting down and abandoning module SceneDepthPickerMode (596)
[2019.01.04-21.36.08:333][517]LogModuleManager: Shutting down and abandoning module ActorPickerMode (594)
[2019.01.04-21.36.08:334][517]LogModuleManager: Shutting down and abandoning module GeometryMode (592)
[2019.01.04-21.36.08:334][517]LogModuleManager: Shutting down and abandoning module TextureAlignMode (590)
[2019.01.04-21.36.08:334][517]LogModuleManager: Shutting down and abandoning module BspMode (588)
[2019.01.04-21.36.08:334][517]LogModuleManager: Shutting down and abandoning module PIEPreviewDeviceProfileSelector (586)
[2019.01.04-21.36.08:341][517]LogModuleManager: Shutting down and abandoning module SequenceRecorderSections (584)
[2019.01.04-21.36.08:351][517]LogModuleManager: Shutting down and abandoning module AutomationWorker (582)
[2019.01.04-21.36.08:351][517]LogModuleManager: Shutting down and abandoning module AudioCaptureEditor (580)
[2019.01.04-21.36.08:352][517]LogModuleManager: Shutting down and abandoning module SequenceRecorder (579)
[2019.01.04-21.36.08:352][517]LogModuleManager: Shutting down and abandoning module MatineeToLevelSequence (576)
[2019.01.04-21.36.08:365][517]LogModuleManager: Shutting down and abandoning module LevelSequenceEditor (574)
[2019.01.04-21.36.08:371][517]LogModuleManager: Shutting down and abandoning module PlacementMode (573)
[2019.01.04-21.36.08:371][517]LogModuleManager: Shutting down and abandoning module MaterialEditor (572)
[2019.01.04-21.36.08:409][517]LogModuleManager: Shutting down and abandoning module WmfMediaFactory (568)
[2019.01.04-21.36.08:410][517]LogModuleManager: Shutting down and abandoning module WmfMediaEditor (566)
[2019.01.04-21.36.08:410][517]LogModuleManager: Shutting down and abandoning module MediaPlayerEditor (564)
[2019.01.04-21.36.08:428][517]LogModuleManager: Shutting down and abandoning module OpenExrWrapper (562)
[2019.01.04-21.36.08:428][517]LogModuleManager: Shutting down and abandoning module ImgMediaFactory (560)
[2019.01.04-21.36.08:428][517]LogModuleManager: Shutting down and abandoning module ImgMediaEditor (558)
[2019.01.04-21.36.08:428][517]LogModuleManager: Shutting down and abandoning module AvfMediaFactory (556)
[2019.01.04-21.36.08:428][517]LogModuleManager: Shutting down and abandoning module AvfMediaEditor (554)
[2019.01.04-21.36.08:428][517]LogModuleManager: Shutting down and abandoning module AndroidMediaFactory (552)
[2019.01.04-21.36.08:429][517]LogModuleManager: Shutting down and abandoning module AndroidMediaEditor (550)
[2019.01.04-21.36.08:429][517]LogModuleManager: Shutting down and abandoning module MagicLeapCameraPreviewFactory (548)
[2019.01.04-21.36.08:429][517]LogModuleManager: Shutting down and abandoning module MagicLeapMediaFactory (546)
[2019.01.04-21.36.08:429][517]LogModuleManager: Shutting down and abandoning module MagicLeapMediaEditor (544)
[2019.01.04-21.36.08:429][517]LogModuleManager: Shutting down and abandoning module CharacterAI (542)
[2019.01.04-21.36.08:429][517]LogModuleManager: Shutting down and abandoning module SmartSnapping (540)
[2019.01.04-21.36.08:429][517]LogModuleManager: Shutting down and abandoning module SessionServices (538)
[2019.01.04-21.36.08:429][517]LogModuleManager: Shutting down and abandoning module ViewportSnapping (536)
[2019.01.04-21.36.08:430][517]LogModuleManager: Shutting down and abandoning module ViewportInteraction (534)
[2019.01.04-21.36.08:430][517]LogModuleManager: Shutting down and abandoning module ClothPainter (532)
[2019.01.04-21.36.08:455][517]LogModuleManager: Shutting down and abandoning module SkeletalMeshEditor (531)
[2019.01.04-21.36.08:479][517]LogModuleManager: Shutting down and abandoning module LogVisualizer (528)
[2019.01.04-21.36.08:480][517]LogModuleManager: Shutting down and abandoning module IntroTutorials (526)
[2019.01.04-21.36.08:508][517]LogModuleManager: Shutting down and abandoning module GameProjectGeneration (525)
[2019.01.04-21.36.08:512][517]LogModuleManager: Shutting down and abandoning module LuminPlatformEditor (522)
[2019.01.04-21.36.08:512][517]LogModuleManager: Shutting down and abandoning module IOSPlatformEditor (520)
[2019.01.04-21.36.08:520][517]LogModuleManager: Shutting down and abandoning module HTML5PlatformEditor (518)
[2019.01.04-21.36.08:521][517]LogModuleManager: Shutting down and abandoning module AndroidPlatformEditor (516)
[2019.01.04-21.36.08:521][517]LogModuleManager: Shutting down and abandoning module AndroidDeviceDetection (515)
[2019.01.04-21.36.09:182][517]LogModuleManager: Shutting down and abandoning module WindowsPlatformEditor (512)
[2019.01.04-21.36.09:182][517]LogModuleManager: Shutting down and abandoning module LuminRuntimeSettings (510)
[2019.01.04-21.36.09:182][517]LogModuleManager: Shutting down and abandoning module IOSRuntimeSettings (508)
[2019.01.04-21.36.09:182][517]LogModuleManager: Shutting down and abandoning module AndroidRuntimeSettings (506)
[2019.01.04-21.36.09:182][517]LogModuleManager: Shutting down and abandoning module InputBindingEditor (504)
[2019.01.04-21.36.09:202][517]LogModuleManager: Shutting down and abandoning module MergeActors (502)
[2019.01.04-21.36.09:215][517]LogModuleManager: Shutting down and abandoning module LocalizationDashboard (500)
[2019.01.04-21.36.09:231][517]LogModuleManager: Shutting down and abandoning module LocalizationService (499)
[2019.01.04-21.36.09:235][517]LogModuleManager: Shutting down and abandoning module HardwareTargeting (496)
[2019.01.04-21.36.09:235][517]LogModuleManager: Shutting down and abandoning module DeviceProfileEditor (494)
[2019.01.04-21.36.09:236][517]LogModuleManager: Shutting down and abandoning module UndoHistory (492)
[2019.01.04-21.36.09:244][517]LogModuleManager: Shutting down and abandoning module XmlParser (490)
[2019.01.04-21.36.09:244][517]LogModuleManager: Shutting down and abandoning module Blutility (488)
[2019.01.04-21.36.09:244][517]LogModuleManager: Shutting down and abandoning module ProjectSettingsViewer (486)
[2019.01.04-21.36.09:244][517]LogModuleManager: Shutting down and abandoning module ProjectTargetPlatformEditor (485)
[2019.01.04-21.36.09:244][517]LogModuleManager: Shutting down and abandoning module EditorSettingsViewer (482)
[2019.01.04-21.36.09:245][517]LogModuleManager: Shutting down and abandoning module SettingsEditor (480)
[2019.01.04-21.36.09:252][517]LogModuleManager: Shutting down and abandoning module ProjectLauncher (478)
[2019.01.04-21.36.09:261][517]LogModuleManager: Shutting down and abandoning module SessionFrontend (476)
[2019.01.04-21.36.09:272][517]LogModuleManager: Shutting down and abandoning module ProfilerClient (474)
[2019.01.04-21.36.09:278][517]LogModuleManager: Shutting down and abandoning module DeviceManager (472)
[2019.01.04-21.36.09:288][517]LogModuleManager: Shutting down and abandoning module TargetDeviceServices (471)
[2019.01.04-21.36.09:363][517]LogModuleManager: Shutting down and abandoning module AutomationController (468)
[2019.01.04-21.36.09:383][517]LogModuleManager: Shutting down and abandoning module AutomationWindow (466)
[2019.01.04-21.36.09:396][517]LogModuleManager: Shutting down and abandoning module Layers (464)
[2019.01.04-21.36.09:432][517]LogModuleManager: Shutting down and abandoning module ComponentVisualizers (462)
[2019.01.04-21.36.09:433][517]LogModuleManager: Shutting down and abandoning module DetailCustomizations (460)
[2019.01.04-21.36.09:448][517]LogModuleManager: Shutting down and abandoning module PackagesDialog (458)
[2019.01.04-21.36.09:448][517]LogModuleManager: Shutting down and abandoning module Persona (456)
[2019.01.04-21.36.09:459][517]LogModuleManager: Shutting down and abandoning module AdvancedPreviewScene (455)
[2019.01.04-21.36.09:459][517]LogModuleManager: Shutting down and abandoning module AnimGraph (453)
[2019.01.04-21.36.09:464][517]LogModuleManager: Shutting down and abandoning module Kismet (450)
[2019.01.04-21.36.09:484][517]LogModuleManager: Shutting down and abandoning module GraphEditor (448)
[2019.01.04-21.36.09:484][517]LogModuleManager: Shutting down and abandoning module ClassViewer (446)
[2019.01.04-21.36.09:484][517]LogModuleManager: Shutting down and abandoning module Toolbox (444)
[2019.01.04-21.36.09:484][517]LogModuleManager: Shutting down and abandoning module DesktopPlatform (443)
[2019.01.04-21.36.09:501][517]LogModuleManager: Shutting down and abandoning module ModuleUI (440)
[2019.01.04-21.36.09:507][517]LogModuleManager: Shutting down and abandoning module MovieSceneTools (438)
[2019.01.04-21.36.09:515][517]LogModuleManager: Shutting down and abandoning module OutputLog (436)
[2019.01.04-21.36.09:515][517]LogModuleManager: Shutting down and abandoning module GammaUI (434)
[2019.01.04-21.36.09:522][517]LogModuleManager: Shutting down and abandoning module Documentation (432)
[2019.01.04-21.36.09:522][517]LogModuleManager: Shutting down and abandoning module MovieSceneTracks (430)
[2019.01.04-21.36.09:523][517]LogModuleManager: Shutting down and abandoning module MovieScene (428)
[2019.01.04-21.36.09:523][517]LogModuleManager: Shutting down and abandoning module StreamingPauseRendering (426)
[2019.01.04-21.36.09:530][517]LogModuleManager: Shutting down and abandoning module LauncherPlatform (424)
[2019.01.04-21.36.09:530][517]LogModuleManager: Shutting down and abandoning module AnalyticsET (422)
[2019.01.04-21.36.09:530][517]LogModuleManager: Shutting down and abandoning module PortalServices (420)
[2019.01.04-21.36.09:530][517]LogModuleManager: Shutting down and abandoning module PortalRpc (418)
[2019.01.04-21.36.09:530][517]LogModuleManager: Shutting down and abandoning module MessagingRpc (416)
[2019.01.04-21.36.09:530][517]LogModuleManager: Shutting down and abandoning module AIModule (414)
[2019.01.04-21.36.09:539][517]LogModuleManager: Shutting down and abandoning module GameplayDebugger (413)
[2019.01.04-21.36.09:543][517]LogModuleManager: Shutting down and abandoning module AITestSuite (411)
[2019.01.04-21.36.09:543][517]LogModuleManager: Shutting down and abandoning module NavigationSystem (409)
[2019.01.04-21.36.09:543][517]LogModuleManager: Shutting down and abandoning module ProfilerService (406)
[2019.01.04-21.36.09:697][517]LogModuleManager: Shutting down and abandoning module TaskGraph (404)
[2019.01.04-21.36.09:717][517]LogModuleManager: Shutting down and abandoning module SteamVRController (402)
[2019.01.04-21.36.09:718][517]LogModuleManager: Shutting down and abandoning module ProceduralMeshComponentEditor (400)
[2019.01.04-21.36.09:718][517]LogModuleManager: Shutting down and abandoning module ProceduralMeshComponent (398)
[2019.01.04-21.36.09:724][517]LogModuleManager: Shutting down and abandoning module OculusInput (396)
[2019.01.04-21.36.09:724][517]LogModuleManager: Shutting down and abandoning module MobilePatchingUtils (394)
[2019.01.04-21.36.09:724][517]LogModuleManager: Shutting down and abandoning module EditableMesh (392)
[2019.01.04-21.36.09:725][517]LogModuleManager: Shutting down and abandoning module CustomMeshComponent (390)
[2019.01.04-21.36.09:725][517]LogModuleManager: Shutting down and abandoning module CableComponent (388)
[2019.01.04-21.36.09:725][517]LogModuleManager: Shutting down and abandoning module AudioCapture (386)
[2019.01.04-21.36.09:725][517]LogModuleManager: Shutting down and abandoning module ArchVisCharacter (384)
[2019.01.04-21.36.09:725][517]LogModuleManager: Shutting down and abandoning module AndroidPermission (382)
[2019.01.04-21.36.09:725][517]LogModuleManager: Shutting down and abandoning module NUTUnrealEngine4 (380)
[2019.01.04-21.36.09:725][517]LogModuleManager: Shutting down and abandoning module NetcodeUnitTest (378)
[2019.01.04-21.36.09:732][517]LogModuleManager: Shutting down and abandoning module MediaCompositingEditor (376)
[2019.01.04-21.36.09:733][517]LogModuleManager: Shutting down and abandoning module MediaCompositing (374)
[2019.01.04-21.36.09:733][517]LogModuleManager: Shutting down and abandoning module LinearTimecode (372)
[2019.01.04-21.36.09:733][517]LogModuleManager: Shutting down and abandoning module ImgMedia (370)
[2019.01.04-21.36.09:748][517]LogModuleManager: Shutting down and abandoning module HTML5Networking (368)
[2019.01.04-21.36.09:748][517]LogModuleManager: Shutting down and abandoning module GeometryCacheTracks (366)
[2019.01.04-21.36.09:749][517]LogModuleManager: Shutting down and abandoning module GeometryCacheSequencer (364)
[2019.01.04-21.36.09:749][517]LogModuleManager: Shutting down and abandoning module BackChannel (362)
[2019.01.04-21.36.09:764][517]LogModuleManager: Shutting down and abandoning module AppleVision (360)
[2019.01.04-21.36.09:764][517]LogModuleManager: Shutting down and abandoning module AppleImageUtils (358)
[2019.01.04-21.36.09:764][517]LogModuleManager: Shutting down and abandoning module AlembicImporter (356)
[2019.01.04-21.36.09:764][517]LogModuleManager: Shutting down and abandoning module AlembicLibrary (355)
[2019.01.04-21.36.09:764][517]LogModuleManager: Shutting down and abandoning module GeometryCache (354)
[2019.01.04-21.36.09:764][517]LogModuleManager: Shutting down and abandoning module GeometryCacheEd (353)
[2019.01.04-21.36.09:764][517]LogModuleManager: Shutting down and abandoning module DatasmithContentEditor (348)
[2019.01.04-21.36.09:768][517]LogModuleManager: Shutting down and abandoning module DatasmithContent (346)
[2019.01.04-21.36.09:769][517]LogModuleManager: Shutting down and abandoning module SpeedTreeImporter (344)
[2019.01.04-21.36.09:769][517]LogModuleManager: Shutting down and abandoning module PluginBrowser (342)
[2019.01.04-21.36.09:816][517]LogModuleManager: Shutting down and abandoning module MobileLauncherProfileWizard (340)
[2019.01.04-21.36.09:821][517]LogModuleManager: Shutting down and abandoning module PolygonModeling (338)
[2019.01.04-21.36.09:822][517]LogModuleManager: Shutting down and abandoning module MeshEditor (336)
[2019.01.04-21.36.09:822][517]LogModuleManager: Shutting down and abandoning module CryptoKeysOpenSSL (334)
[2019.01.04-21.36.09:829][517]LogModuleManager: Shutting down and abandoning module CryptoKeys (332)
[2019.01.04-21.36.09:830][517]LogModuleManager: Shutting down and abandoning module VisualStudioSourceCodeAccess (330)
[2019.01.04-21.36.09:830][517]LogModuleManager: Shutting down and abandoning module VisualStudioCodeSourceCodeAccess (328)
[2019.01.04-21.36.09:830][517]LogModuleManager: Shutting down and abandoning module UObjectPlugin (326)
[2019.01.04-21.36.09:830][517]LogModuleManager: Shutting down and abandoning module SubversionSourceControl (324)
[2019.01.04-21.36.09:846][517]LogModuleManager: Shutting down and abandoning module PerforceSourceControl (322)
[2019.01.04-21.36.09:873][517]LogModuleManager: Shutting down and abandoning module GitSourceControl (320)
[2019.01.04-21.36.09:897][517]LogModuleManager: Shutting down and abandoning module SourceControl (319)
[2019.01.04-21.36.09:899][517]LogModuleManager: Shutting down and abandoning module CLionSourceCodeAccess (316)
[2019.01.04-21.36.09:899][517]LogModuleManager: Shutting down and abandoning module LightPropagationVolumeEditor (314)
[2019.01.04-21.36.09:899][517]LogModuleManager: Shutting down and abandoning module PaperTiledImporter (312)
[2019.01.04-21.36.09:899][517]LogModuleManager: Shutting down and abandoning module PaperSpriteSheetImporter (310)
[2019.01.04-21.36.09:899][517]LogModuleManager: Shutting down and abandoning module Paper2DEditor (308)
[2019.01.04-21.36.09:916][517]LogModuleManager: Shutting down and abandoning module MeshPaint (307)
[2019.01.04-21.36.09:926][517]LogModuleManager: Shutting down and abandoning module PairProject (304)
[2019.01.04-21.36.09:927][517]LogModuleManager: Shutting down and abandoning module RuntimePhysXCooking (302)
[2019.01.04-21.36.09:927][517]LogModuleManager: Shutting down and abandoning module PhysXVehiclesEditor (300)
[2019.01.04-21.36.09:927][517]LogModuleManager: Shutting down and abandoning module PhysXVehicles (298)
[2019.01.04-21.36.09:927][517]LogModuleManager: Shutting down and abandoning module OculusEditor (296)
[2019.01.04-21.36.09:931][517]LogModuleManager: Shutting down and abandoning module LocationServicesBPLibrary (294)
[2019.01.04-21.36.09:931][517]LogModuleManager: Shutting down and abandoning module ImmediatePhysicsEditor (292)
[2019.01.04-21.36.09:931][517]LogModuleManager: Shutting down and abandoning module ImmediatePhysics (290)
[2019.01.04-21.36.09:947][517]LogModuleManager: Shutting down and abandoning module ApexDestructionEditor (288)
[2019.01.04-21.36.09:975][517]LogModuleManager: Shutting down and abandoning module ApexDestruction (286)
[2019.01.04-21.36.09:975][517]LogModuleManager: Shutting down and abandoning module ActorSequence (284)
[2019.01.04-21.36.09:975][517]LogModuleManager: Shutting down and abandoning module UdpMessaging (282)
[2019.01.04-21.36.10:077][517]LogModuleManager: Shutting down and abandoning module TcpMessaging (280)
[2019.01.04-21.36.10:185][517]LogModuleManager: Shutting down and abandoning module MagicLeapAudio (278)
[2019.01.04-21.36.10:185][517]LogModuleManager: Shutting down and abandoning module GameplayTagsEditor (276)
[2019.01.04-21.36.10:193][517]LogModuleManager: Shutting down and abandoning module FacialAnimationEditor (274)
[2019.01.04-21.36.10:194][517]LogModuleManager: Shutting down and abandoning module FacialAnimation (272)
[2019.01.04-21.36.10:194][517]LogModuleManager: Shutting down and abandoning module DataValidation (270)
[2019.01.04-21.36.10:194][517]LogModuleManager: Shutting down and abandoning module AssetManagerEditor (268)
[2019.01.04-21.36.10:207][517]LogModuleManager: Shutting down and abandoning module LevelEditor (267)
[2019.01.04-21.36.10:235][517]LogModuleManager: Shutting down and abandoning module PixelInspectorModule (266)
[2019.01.04-21.36.10:239][517]LogModuleManager: Shutting down and abandoning module CommonMenuExtensions (264)
[2019.01.04-21.36.10:240][517]LogModuleManager: Shutting down and abandoning module MainFrame (262)
[2019.01.04-21.36.10:248][517]LogModuleManager: Shutting down and abandoning module HotReload (261)
[2019.01.04-21.36.10:273][517]LogModuleManager: Shutting down and abandoning module ContentBrowser (257)
[2019.01.04-21.36.10:274][517]LogModuleManager: Shutting down and abandoning module TreeMap (255)
[2019.01.04-21.36.10:274][517]LogModuleManager: Shutting down and abandoning module LightPropagationVolumeRuntime (252)
[2019.01.04-21.36.10:274][517]LogModuleManager: Shutting down and abandoning module AISupportModule (250)
[2019.01.04-21.36.10:274][517]LogModuleManager: Shutting down and abandoning module Paper2D (248)
[2019.01.04-21.36.10:274][517]LogModuleManager: Shutting down and abandoning module WindowsMoviePlayer (246)
[2019.01.04-21.36.10:283][517]LogModuleManager: Shutting down and abandoning module WmfMedia (244)
[2019.01.04-21.36.10:289][517]LogModuleManager: Shutting down and abandoning module Media (243)
[2019.01.04-21.36.10:296][517]LogModuleManager: Shutting down and abandoning module PacketHandler (240)
[2019.01.04-21.36.10:296][517]LogModuleManager: Shutting down and abandoning module ClothingSystemEditor (238)
[2019.01.04-21.36.10:296][517]LogModuleManager: Shutting down and abandoning module ClothingSystemRuntime (236)
[2019.01.04-21.36.10:313][517]LogModuleManager: Shutting down and abandoning module MediaAssets (234)
[2019.01.04-21.36.10:313][517]LogModuleManager: Shutting down and abandoning module Overlay (232)
[2019.01.04-21.36.10:313][517]LogModuleManager: Shutting down and abandoning module OverlayEditor (231)
[2019.01.04-21.36.10:313][517]LogModuleManager: Shutting down and abandoning module VREditor (228)
[2019.01.04-21.36.10:318][517]LogModuleManager: Shutting down and abandoning module StringTableEditor (226)
[2019.01.04-21.36.10:322][517]LogModuleManager: Shutting down and abandoning module GameplayTasksEditor (224)
[2019.01.04-21.36.10:322][517]LogModuleManager: Shutting down and abandoning module BehaviorTreeEditor (222)
[2019.01.04-21.36.10:333][517]LogModuleManager: Shutting down and abandoning module FunctionalTesting (220)
[2019.01.04-21.36.10:333][517]LogModuleManager: Shutting down and abandoning module CollisionAnalyzer (218)
[2019.01.04-21.36.10:360][517]LogModuleManager: Shutting down and abandoning module WorkspaceMenuStructure (217)
[2019.01.04-21.36.10:360][517]LogModuleManager: Shutting down and abandoning module UMG (214)
[2019.01.04-21.36.10:360][517]LogModuleManager: Shutting down and abandoning module UMGEditor (213)
[2019.01.04-21.36.10:360][517]LogModuleManager: Shutting down and abandoning module Sequencer (212)
[2019.01.04-21.36.10:378][517]LogModuleManager: Shutting down and abandoning module MessageLog (209)
[2019.01.04-21.36.10:379][517]LogModuleManager: Shutting down and abandoning module SlateReflector (204)
[2019.01.04-21.36.10:414][517]LogModuleManager: Shutting down and abandoning module Slate (202)
[2019.01.04-21.36.10:414][517]LogModuleManager: Shutting down and abandoning module EditorStyle (200)
[2019.01.04-21.36.10:415][517]LogModuleManager: Shutting down and abandoning module MRMesh (198)
[2019.01.04-21.36.10:416][517]LogModuleManager: Shutting down and abandoning module SourceCodeAccess (196)
[2019.01.04-21.36.10:416][517]LogModuleManager: Shutting down and abandoning module HeadMountedDisplay (194)
[2019.01.04-21.36.10:416][517]LogModuleManager: Shutting down and abandoning module XAudio2 (192)
[2019.01.04-21.36.10:416][517]LogModuleManager: Shutting down and abandoning module Networking (190)
[2019.01.04-21.36.10:416][517]LogModuleManager: Shutting down and abandoning module Core (188)
[2019.01.04-21.36.10:416][517]LogModuleManager: Shutting down and abandoning module LevelSequence (186)
[2019.01.04-21.36.10:416][517]LogModuleManager: Shutting down and abandoning module KismetCompiler (184)
[2019.01.04-21.36.10:416][517]LogModuleManager: Shutting down and abandoning module MeshUtilities (182)
[2019.01.04-21.36.10:417][517]LogModuleManager: Shutting down and abandoning module MeshMergeUtilities (181)
[2019.01.04-21.36.10:426][517]LogModuleManager: Shutting down and abandoning module MeshReductionInterface (180)
[2019.01.04-21.36.10:426][517]LogModuleManager: Shutting down and abandoning module SimplygonSwarm (179)
[2019.01.04-21.36.10:435][517]LogModuleManager: Shutting down and abandoning module ProxyLODMeshReduction (177)
[2019.01.04-21.36.10:445][517]LogModuleManager: Shutting down and abandoning module SimplygonMeshReduction (175)
[2019.01.04-21.36.10:446][517]LogModuleManager: Shutting down and abandoning module QuadricMeshReduction (173)
[2019.01.04-21.36.10:452][517]LogModuleManager: Shutting down and abandoning module MaterialBaking (169)
[2019.01.04-21.36.10:454][517]LogModuleManager: Shutting down and abandoning module DirectoryWatcher (165)
[2019.01.04-21.36.10:455][517]LogModuleManager: Shutting down and abandoning module DerivedDataCache (162)
[2019.01.04-21.36.10:550][517]LogDerivedDataCache: Shutdown
[2019.01.04-21.36.10:550][517]LogModuleManager: Shutting down and abandoning module XGEController (160)
[2019.01.04-21.36.10:550][517]LogXGEController: Cleaning working directory: C:/Users/h017026h/AppData/Local/Temp/UnrealXGEWorkingDir/
[2019.01.04-21.36.10:559][517]LogModuleManager: Shutting down and abandoning module TargetPlatform (158)
[2019.01.04-21.36.10:559][517]LogModuleManager: Shutting down and abandoning module VulkanShaderFormat (157)
[2019.01.04-21.36.10:569][517]LogModuleManager: Shutting down and abandoning module ShaderFormatVectorVM (155)
[2019.01.04-21.36.10:576][517]LogModuleManager: Shutting down and abandoning module ShaderFormatOpenGL (153)
[2019.01.04-21.36.10:584][517]LogModuleManager: Shutting down and abandoning module ShaderFormatD3D (151)
[2019.01.04-21.36.10:584][517]LogModuleManager: Shutting down and abandoning module MetalShaderFormat (149)
[2019.01.04-21.36.10:601][517]LogModuleManager: Shutting down and abandoning module TextureFormatUncompressed (147)
[2019.01.04-21.36.10:601][517]LogModuleManager: Shutting down and abandoning module TextureFormatPVR (145)
[2019.01.04-21.36.10:602][517]LogModuleManager: Shutting down and abandoning module TextureFormatDXT (143)
[2019.01.04-21.36.10:609][517]LogModuleManager: Shutting down and abandoning module TextureFormatIntelISPCTexComp (141)
[2019.01.04-21.36.10:616][517]LogModuleManager: Shutting down and abandoning module TextureFormatASTC (139)
[2019.01.04-21.36.10:616][517]LogModuleManager: Shutting down and abandoning module ImageWrapper (138)
[2019.01.04-21.36.10:616][517]LogModuleManager: Shutting down and abandoning module TextureFormatAndroid (135)
[2019.01.04-21.36.10:616][517]LogModuleManager: Shutting down and abandoning module AudioFormatOpus (133)
[2019.01.04-21.36.10:616][517]LogModuleManager: Shutting down and abandoning module AudioFormatOgg (131)
[2019.01.04-21.36.10:616][517]LogModuleManager: Shutting down and abandoning module AudioFormatADPCM (129)
[2019.01.04-21.36.10:616][517]LogModuleManager: Shutting down and abandoning module LuminTargetPlatform (127)
[2019.01.04-21.36.10:616][517]LogModuleManager: Shutting down and abandoning module LinuxTargetPlatform (125)
[2019.01.04-21.36.10:616][517]LogModuleManager: Shutting down and abandoning module LinuxServerTargetPlatform (123)
[2019.01.04-21.36.10:617][517]LogModuleManager: Shutting down and abandoning module LinuxNoEditorTargetPlatform (121)
[2019.01.04-21.36.10:620][517]LogModuleManager: Shutting down and abandoning module LinuxClientTargetPlatform (119)
[2019.01.04-21.36.10:628][517]LogModuleManager: Shutting down and abandoning module TVOSTargetPlatform (117)
[2019.01.04-21.36.10:629][517]LogModuleManager: Shutting down and abandoning module Messaging (115)
[2019.01.04-21.36.10:629][517]LogModuleManager: Shutting down and abandoning module IOSTargetPlatform (113)
[2019.01.04-21.36.10:630][517]LogModuleManager: Shutting down and abandoning module HTML5TargetPlatform (111)
[2019.01.04-21.36.10:630][517]LogModuleManager: Shutting down and abandoning module AndroidTargetPlatform (109)
[2019.01.04-21.36.10:638][517]LogModuleManager: Shutting down and abandoning module WindowsTargetPlatform (107)
[2019.01.04-21.36.10:638][517]LogModuleManager: Shutting down and abandoning module WindowsServerTargetPlatform (105)
[2019.01.04-21.36.10:638][517]LogModuleManager: Shutting down and abandoning module WindowsNoEditorTargetPlatform (103)
[2019.01.04-21.36.10:638][517]LogModuleManager: Shutting down and abandoning module WindowsClientTargetPlatform (101)
[2019.01.04-21.36.10:639][517]LogModuleManager: Shutting down and abandoning module MacTargetPlatform (99)
[2019.01.04-21.36.10:639][517]LogModuleManager: Shutting down and abandoning module MacServerTargetPlatform (97)
[2019.01.04-21.36.10:639][517]LogModuleManager: Shutting down and abandoning module MacNoEditorTargetPlatform (95)
[2019.01.04-21.36.10:639][517]LogModuleManager: Shutting down and abandoning module MacClientTargetPlatform (93)
[2019.01.04-21.36.10:639][517]LogModuleManager: Shutting down and abandoning module AllDesktopTargetPlatform (91)
[2019.01.04-21.36.10:639][517]LogModuleManager: Shutting down and abandoning module InputCore (88)
[2019.01.04-21.36.10:639][517]LogModuleManager: Shutting down and abandoning module Settings (86)
[2019.01.04-21.36.10:639][517]LogModuleManager: Shutting down and abandoning module PhysXCooking (84)
[2019.01.04-21.36.10:639][517]LogModuleManager: Shutting down and abandoning module SteamVR (82)
[2019.01.04-21.36.10:639][517]LogModuleManager: Shutting down and abandoning module OculusHMD (80)
[2019.01.04-21.36.10:648][517]LogModuleManager: Shutting down and abandoning module ExampleDeviceProfileSelector (78)
[2019.01.04-21.36.10:648][517]LogModuleManager: Shutting down and abandoning module LauncherChunkInstaller (76)
[2019.01.04-21.36.10:648][517]LogModuleManager: Shutting down and abandoning module OnlineBlueprintSupport (74)
[2019.01.04-21.36.10:648][517]LogModuleManager: Shutting down and abandoning module OnlineSubsystem (70)
[2019.01.04-21.36.10:656][517]LogModuleManager: Shutting down and abandoning module XMPP (65)
[2019.01.04-21.36.10:696][517]LogModuleManager: Shutting down and abandoning module WebSockets (64)
[2019.01.04-21.36.10:772][517]LogModuleManager: Shutting down and abandoning module HTTP (61)
[2019.01.04-21.36.10:776][517]LogHttp: Display: Http module shutting down, but needs to wait on 1 outstanding Http requests:
[2019.01.04-21.36.10:776][517]LogHttp: Display: 	verb=[POST] url=[https://datarouter.ol.epicgames.com/datarouter/api/v1/public/data?SessionID=%7B67A6675C-4566-274F-186B-93BB8358F80C%7D&AppID=UEEditor.Rocket.Release&AppVersion=4.20.3-4369336%2B%2B%2BUE4%2BRelease-4.20&UserID=81238f3745259e4ccbe49699fefb750c%7C57acdad4fb0c413ba5aebbf147efe532%7C4262c4f5-6bc8-4dde-bd6b-1806285362b0&AppEnvironment=datacollector-binary&UploadType=eteventstream] status=Processing
[2019.01.04-21.36.10:802][517]LogModuleManager: Shutting down and abandoning module SSL (60)
[2019.01.04-21.36.10:820][517]LogModuleManager: Shutting down and abandoning module MagicLeapEmulator (56)
[2019.01.04-21.36.10:820][517]LogModuleManager: Shutting down and abandoning module MagicLeapPrivileges (54)
[2019.01.04-21.36.10:820][517]LogModuleManager: Shutting down and abandoning module MagicLeapIdentity (52)
[2019.01.04-21.36.10:821][517]LogModuleManager: Shutting down and abandoning module MagicLeapHelperVulkan (50)
[2019.01.04-21.36.10:821][517]LogModuleManager: Shutting down and abandoning module MagicLeapHelperOpenGL (48)
[2019.01.04-21.36.10:821][517]LogModuleManager: Shutting down and abandoning module MagicLeapSecureStorage (46)
[2019.01.04-21.36.10:821][517]LogModuleManager: Shutting down and abandoning module MagicLeapGestures (44)
[2019.01.04-21.36.10:821][517]LogModuleManager: Shutting down and abandoning module MagicLeapEyeTracker (42)
[2019.01.04-21.36.10:821][517]LogModuleManager: Shutting down and abandoning module MagicLeapController (40)
[2019.01.04-21.36.10:821][517]LogSlate: Slate User Destroyed.  User Index 0, Is Virtual User: 0
[2019.01.04-21.36.10:821][517]LogSlate: Slate User Destroyed.  User Index 1, Is Virtual User: 0
[2019.01.04-21.36.10:821][517]LogModuleManager: Shutting down and abandoning module MagicLeap (38)
[2019.01.04-21.36.10:821][517]LogModuleManager: Shutting down and abandoning module AnimationModifiers (36)
[2019.01.04-21.36.10:852][517]LogModuleManager: Shutting down and abandoning module PropertyEditor (35)
[2019.01.04-21.36.10:852][517]LogModuleManager: Shutting down and abandoning module AudioEditor (32)
[2019.01.04-21.36.10:868][517]LogModuleManager: Shutting down and abandoning module TextureCompressor (30)
[2019.01.04-21.36.10:873][517]LogModuleManager: Shutting down and abandoning module ShaderCore (28)
[2019.01.04-21.36.10:873][517]LogModuleManager: Shutting down and abandoning module Landscape (26)
[2019.01.04-21.36.10:873][517]LogModuleManager: Shutting down and abandoning module SlateRHIRenderer (24)
[2019.01.04-21.36.10:890][517]LogModuleManager: Shutting down and abandoning module OpenGLDrv (22)
[2019.01.04-21.36.10:897][517]LogModuleManager: Shutting down and abandoning module D3D11RHI (20)
[2019.01.04-21.36.10:897][517]LogModuleManager: Shutting down and abandoning module AnimGraphRuntime (18)
[2019.01.04-21.36.10:897][517]LogModuleManager: Shutting down and abandoning module Renderer (16)
[2019.01.04-21.36.10:897][517]LogModuleManager: Shutting down and abandoning module Engine (14)
[2019.01.04-21.36.10:897][517]LogModuleManager: Shutting down and abandoning module CoreUObject (12)
[2019.01.04-21.36.10:897][517]LogModuleManager: Shutting down and abandoning module NetworkFile (10)
[2019.01.04-21.36.10:898][517]LogModuleManager: Shutting down and abandoning module CookedIterativeFile (8)
[2019.01.04-21.36.10:898][517]LogModuleManager: Shutting down and abandoning module StreamingFile (6)
[2019.01.04-21.36.10:900][517]LogModuleManager: Shutting down and abandoning module SandboxFile (4)
[2019.01.04-21.36.10:900][517]LogModuleManager: Shutting down and abandoning module PakFile (2)
[2019.01.04-21.36.10:936][517]LogExit: Exiting.
[2019.01.04-21.36.10:968][517]Log file closed, 01/04/19 21:36:10
