Log file open, 01/05/19 17:50:38
LogWindows: Failed to load 'aqProf.dll' (GetLastError=126)
LogWindows: File 'aqProf.dll' does not exist
LogWindows: Failed to load 'VSPerf140.dll' (GetLastError=126)
LogWindows: File 'VSPerf140.dll' does not exist
LogWindows: Failed to load 'VtuneApi.dll' (GetLastError=126)
LogWindows: File 'VtuneApi.dll' does not exist
LogWindows: Failed to load 'VtuneApi32e.dll' (GetLastError=126)
LogWindows: File 'VtuneApi32e.dll' does not exist
LogInit: Display: Running engine for game: PairProject
LogPlatformFile: Not using cached read wrapper
LogTaskGraph: Started task graph with 5 named threads and 35 total threads with 3 sets of task threads.
LogStats: Stats thread started at 0.579311
LogD3D11RHI: Loaded GFSDK_Aftermath_Lib.x64.dll
LogICUInternationalization: Display: ICU TimeZone Detection - Raw Offset: +0:00, Platform Override: ''
LogPluginManager: Mounting plugin Paper2D
LogPluginManager: Mounting plugin AISupport
LogPluginManager: Mounting plugin LightPropagationVolume
LogPluginManager: Mounting plugin CLionSourceCodeAccess
LogPluginManager: Mounting plugin CodeLiteSourceCodeAccess
LogPluginManager: Mounting plugin GitSourceControl
LogPluginManager: Mounting plugin KDevelopSourceCodeAccess
LogPluginManager: Mounting plugin NullSourceCodeAccess
LogPluginManager: Mounting plugin PerforceSourceControl
LogPluginManager: Mounting plugin SubversionSourceControl
LogPluginManager: Mounting plugin UObjectPlugin
LogPluginManager: Mounting plugin VisualStudioCodeSourceCodeAccess
LogPluginManager: Mounting plugin VisualStudioSourceCodeAccess
LogPluginManager: Mounting plugin XCodeSourceCodeAccess
LogPluginManager: Mounting plugin AssetManagerEditor
LogPluginManager: Mounting plugin CryptoKeys
LogPluginManager: Mounting plugin DataValidation
LogPluginManager: Mounting plugin FacialAnimation
LogPluginManager: Mounting plugin GameplayTagsEditor
LogPluginManager: Mounting plugin MacGraphicsSwitching
LogPluginManager: Mounting plugin MeshEditor
LogPluginManager: Mounting plugin MobileLauncherProfileWizard
LogPluginManager: Mounting plugin PluginBrowser
LogPluginManager: Mounting plugin SpeedTreeImporter
LogPluginManager: Mounting plugin DatasmithContent
LogPluginManager: Mounting plugin AlembicImporter
LogPluginManager: Mounting plugin AppleImageUtils
LogPluginManager: Mounting plugin AppleVision
LogPluginManager: Mounting plugin BackChannel
LogPluginManager: Mounting plugin CharacterAI
LogPluginManager: Mounting plugin GeometryCache
LogPluginManager: Mounting plugin HTML5Networking
LogPluginManager: Mounting plugin ProxyLODPlugin
LogPluginManager: Mounting plugin MagicLeap
LogPluginManager: Mounting plugin MagicLeapEmulator
LogPluginManager: Mounting plugin MagicLeapMedia
LogPluginManager: Mounting plugin AndroidMedia
LogPluginManager: Mounting plugin AvfMedia
LogPluginManager: Mounting plugin ImgMedia
LogPluginManager: Mounting plugin LinearTimecode
LogPluginManager: Mounting plugin MediaCompositing
LogPluginManager: Mounting plugin MediaPlayerEditor
LogPluginManager: Mounting plugin WmfMedia
LogPluginManager: Mounting plugin TcpMessaging
LogPluginManager: Mounting plugin UdpMessaging
LogPluginManager: Mounting plugin ActorSequence
LogPluginManager: Mounting plugin LevelSequenceEditor
LogPluginManager: Mounting plugin MatineeToLevelSequence
LogPluginManager: Mounting plugin NetcodeUnitTest
LogPluginManager: Mounting plugin NUTUnrealEngine4
LogPluginManager: Mounting plugin OnlineSubsystemGooglePlay
LogPluginManager: Mounting plugin OnlineSubsystemIOS
LogPluginManager: Mounting plugin OnlineSubsystem
LogPluginManager: Mounting plugin OnlineSubsystemNull
LogPluginManager: Mounting plugin OnlineSubsystemUtils
LogPluginManager: Mounting plugin LauncherChunkInstaller
LogPluginManager: Mounting plugin AndroidDeviceProfileSelector
LogPluginManager: Mounting plugin AndroidMoviePlayer
LogPluginManager: Mounting plugin AndroidPermission
LogPluginManager: Mounting plugin ApexDestruction
LogPluginManager: Mounting plugin AppleMoviePlayer
LogPluginManager: Mounting plugin ArchVisCharacter
LogPluginManager: Mounting plugin AudioCapture
LogPluginManager: Mounting plugin CableComponent
LogPluginManager: Mounting plugin CustomMeshComponent
LogPluginManager: Mounting plugin EditableMesh
LogPluginManager: Mounting plugin ExampleDeviceProfileSelector
LogPluginManager: Mounting plugin GoogleCloudMessaging
LogPluginManager: Mounting plugin ImmediatePhysics
LogPluginManager: Mounting plugin IOSDeviceProfileSelector
LogPluginManager: Mounting plugin LinuxDeviceProfileSelector
LogPluginManager: Mounting plugin LocationServicesBPLibrary
LogPluginManager: Mounting plugin MobilePatchingUtils
LogPluginManager: Mounting plugin OculusVR
LogPluginManager: Plugin shader directory ../../../Engine/Plugins/Runtime/Oculus/OculusVR/Shaders found
LogPluginManager: Mapping shader source directory ../../../Engine/Plugins/Runtime/Oculus/OculusVR/Shaders to virtual directory /Plugin/OculusVR
LogPluginManager: Mounting plugin PhysXVehicles
LogPluginManager: Mounting plugin ProceduralMeshComponent
LogPluginManager: Mounting plugin RuntimePhysXCooking
LogPluginManager: Mounting plugin SteamVR
LogPluginManager: Mounting plugin WindowsMoviePlayer
LogStreaming: Display: Took  0.184s to configure plugins.
LogInit: Using libcurl 7.55.1-DEV
LogInit:  - built for x86_64-pc-win32
LogInit:  - supports SSL with OpenSSL/1.0.2h
LogInit:  - supports HTTP deflate (compression) using libz 1.2.8
LogInit:  - other features:
LogInit:      CURL_VERSION_SSL
LogInit:      CURL_VERSION_LIBZ
LogInit:      CURL_VERSION_IPV6
LogInit:      CURL_VERSION_ASYNCHDNS
LogInit:      CURL_VERSION_LARGEFILE
LogInit:      CURL_VERSION_IDN
LogInit:  CurlRequestOptions (configurable via config and command line):
LogInit:  - bVerifyPeer = false  - Libcurl will NOT verify peer certificate
LogInit:  - bUseHttpProxy = false  - Libcurl will NOT use HTTP proxy
LogInit:  - bDontReuseConnections = false  - Libcurl will reuse connections
LogInit:  - CertBundlePath = nullptr  - Libcurl will use whatever was configured at build time.
LogInit:  - MaxHostConnections = 16  - Libcurl will limit the number of connections to a host
LogInit:  - LocalHostAddr = Default
LogInit:  - BufferSize = 65536
LogInit: WinSock: version 1.1 (2.2), MaxSocks=32767, MaxUdp=65467
LogInit: Build: ++UE4+Release-4.20-CL-4369336
LogInit: Engine Version: 4.20.3-4369336+++UE4+Release-4.20
LogInit: Compatible Engine Version: 4.20.0-4212847+++UE4+Release-4.20
LogInit: Net CL: 4212847
LogInit: OS: Windows 10 (), CPU: Intel(R) Core(TM) i7-8700K CPU @ 3.70GHz, GPU: NVIDIA GeForce GTX 950
LogInit: Compiled (64-bit): Sep 17 2018 12:26:19
LogInit: Compiled with Visual C++: 19.13.26129.00
LogInit: Build Configuration: Development
LogInit: Branch Name: ++UE4+Release-4.20
LogInit: Command Line:  -skipcompile
LogInit: Base Directory: D:/Program Files (x86)/UE_4.20/Engine/Binaries/Win64/
LogInit: Installed Engine Build: 1
LogDevObjectVersion: Number of dev versions registered: 20
LogDevObjectVersion:   Dev-Blueprints (B0D832E4-1F89-4F0D-ACCF-7EB736FD4AA2): 10
LogDevObjectVersion:   Dev-Build (E1C64328-A22C-4D53-A36C-8E866417BD8C): 0
LogDevObjectVersion:   Dev-Core (375EC13C-06E4-48FB-B500-84F0262A717E): 2
LogDevObjectVersion:   Dev-Editor (E4B068ED-F494-42E9-A231-DA0B2E46BB41): 24
LogDevObjectVersion:   Dev-Framework (CFFC743F-43B0-4480-9391-14DF171D2073): 34
LogDevObjectVersion:   Dev-Mobile (B02B49B5-BB20-44E9-A304-32B752E40360): 2
LogDevObjectVersion:   Dev-Networking (A4E4105C-59A1-49B5-A7C5-40C4547EDFEE): 0
LogDevObjectVersion:   Dev-Online (39C831C9-5AE6-47DC-9A44-9C173E1C8E7C): 0
LogDevObjectVersion:   Dev-Physics (78F01B33-EBEA-4F98-B9B4-84EACCB95AA2): 0
LogDevObjectVersion:   Dev-Platform (6631380F-2D4D-43E0-8009-CF276956A95A): 0
LogDevObjectVersion:   Dev-Rendering (12F88B9F-8875-4AFC-A67C-D90C383ABD29): 26
LogDevObjectVersion:   Dev-Sequencer (7B5AE74C-D270-4C10-A958-57980B212A5A): 9
LogDevObjectVersion:   Dev-VR (D7296918-1DD6-4BDD-9DE2-64A83CC13884): 2
LogDevObjectVersion:   Dev-LoadTimes (C2A15278-BFE7-4AFE-6C17-90FF531DF755): 1
LogDevObjectVersion:   Private-Geometry (6EACA3D4-40EC-4CC1-B786-8BED09428FC5): 3
LogDevObjectVersion:   Dev-AnimPhys (29E575DD-E0A3-4627-9D10-D276232CDCEA): 17
LogDevObjectVersion:   Dev-ReflectionCapture (6B266CEC-1EC7-4B8F-A30B-E4D90942FC07): 1
LogDevObjectVersion:   Dev-Automation (0DF73D61-A23F-47EA-B727-89E90C41499A): 1
LogDevObjectVersion:   FortniteMain (601D1886-AC64-4F84-AA16-D3DE0DEAC7D6): 12
LogDevObjectVersion:   Dev-Enterprise (9DFFBCD6-494F-0158-E221-12823C92A888): 1
LogStreaming: Display: Took  0.003s to delete old logs.
LogInit: Presizing for max 8388607 objects, including 0 objects not considered by GC, pre-allocating 0 bytes for permanent pool.
LogInit: Object subsystem initialized
[2019.01.05-17.50.38:500][  0]LogInit: Selected Device Profile: [Windows]
[2019.01.05-17.50.38:500][  0]LogInit: Applying CVar settings loaded from the selected device profile: [Windows]
[2019.01.05-17.50.38:514][  0]LogHAL: Display: Platform has ~ 16 GB [17132584960 / 17179869184 / 16], which maps to Larger [LargestMinGB=32, LargerMinGB=12, DefaultMinGB=8, SmallerMinGB=6, SmallestMinGB=0)
[2019.01.05-17.50.38:514][  0]LogInit: Setting Device Profile CVar: [[r.Vulkan.UseRealUBs:1]]
[2019.01.05-17.50.38:514][  0]LogInit: Going up to parent DeviceProfile []
[2019.01.05-17.50.38:515][  0]LogInit: Computer: DESKTOP-D8L6EI8
[2019.01.05-17.50.38:515][  0]LogInit: User: h017026h
[2019.01.05-17.50.38:515][  0]LogInit: CPU Page size=4096, Cores=6
[2019.01.05-17.50.38:515][  0]LogInit: High frequency timer resolution =3.609380 MHz
[2019.01.05-17.50.38:515][  0]LogMemory: Memory total: Physical=16.0GB (16GB approx)
[2019.01.05-17.50.38:516][  0]LogMemory: Platform Memory Stats for Windows
[2019.01.05-17.50.38:516][  0]LogMemory: Process Physical Memory: 103.71 MB used, 103.71 MB peak
[2019.01.05-17.50.38:516][  0]LogMemory: Process Virtual Memory: 88.39 MB used, 88.39 MB peak
[2019.01.05-17.50.38:516][  0]LogMemory: Physical Memory: 7816.09 MB used,  8522.82 MB free, 16338.91 MB total
[2019.01.05-17.50.38:516][  0]LogMemory: Virtual Memory: 4655.16 MB used,  8522.82 MB free, 134217728.00 MB total
[2019.01.05-17.50.38:608][  0]LogInit: Using OS detected language (en-GB).
[2019.01.05-17.50.38:608][  0]LogInit: Using OS detected locale (en-GB).
[2019.01.05-17.50.38:609][  0]LogTextLocalizationManager: No specific localization for 'en-GB' exists, so the 'en' localization will be used.
[2019.01.05-17.50.38:924][  0]LogStreaming: Display: Took  0.316s to InitEngineTextLocalization.
[2019.01.05-17.50.38:924][  0]LogInit: Setting process to per monitor DPI aware
[2019.01.05-17.50.38:953][  0]LogSlate: New Slate User Created.  User Index 0, Is Virtual User: 0
[2019.01.05-17.50.38:953][  0]LogSlate: Slate User Registered.  User Index 0, Is Virtual User: 0
[2019.01.05-17.50.39:231][  0]LogHMD: Failed to initialize OpenVR with code 110
[2019.01.05-17.50.39:231][  0]LogD3D11RHI: D3D11 adapters:
[2019.01.05-17.50.39:299][  0]LogD3D11RHI:    0. 'NVIDIA GeForce GTX 950' (Feature Level 11_0)
[2019.01.05-17.50.39:300][  0]LogD3D11RHI:       2007/0/8169 MB DedicatedVideo/DedicatedSystem/SharedSystem, Outputs:1, VendorId:0x10de
[2019.01.05-17.50.39:303][  0]LogD3D11RHI:    1. 'Microsoft Basic Render Driver' (Feature Level 11_0)
[2019.01.05-17.50.39:303][  0]LogD3D11RHI:       0/0/8169 MB DedicatedVideo/DedicatedSystem/SharedSystem, Outputs:0, VendorId:0x1414
[2019.01.05-17.50.39:303][  0]LogD3D11RHI: Chosen D3D11 Adapter: 0
[2019.01.05-17.50.39:310][  0]LogD3D11RHI: Creating new Direct3DDevice
[2019.01.05-17.50.39:310][  0]LogD3D11RHI:     GPU DeviceId: 0x1402 (for the marketing name, search the web for "GPU Device Id")
[2019.01.05-17.50.39:310][  0]LogWindows: EnumDisplayDevices:
[2019.01.05-17.50.39:311][  0]LogWindows:    0. 'NVIDIA GeForce GTX 950' (P:1 D:1)
[2019.01.05-17.50.39:311][  0]LogWindows:    1. 'NVIDIA GeForce GTX 950' (P:0 D:0)
[2019.01.05-17.50.39:311][  0]LogWindows:    2. 'NVIDIA GeForce GTX 950' (P:0 D:0)
[2019.01.05-17.50.39:311][  0]LogWindows:    3. 'NVIDIA GeForce GTX 950' (P:0 D:0)
[2019.01.05-17.50.39:312][  0]LogWindows: DebugString: FoundDriverCount:4 
[2019.01.05-17.50.39:312][  0]LogD3D11RHI:     Adapter Name: NVIDIA GeForce GTX 950
[2019.01.05-17.50.39:312][  0]LogD3D11RHI:   Driver Version: 399.07 (internal:24.21.13.9907, unified:399.07)
[2019.01.05-17.50.39:312][  0]LogD3D11RHI:      Driver Date: 8-21-2018
[2019.01.05-17.50.39:312][  0]LogRHI: Texture pool is 1405 MB (70% of 2007 MB)
[2019.01.05-17.50.39:351][  0]LogD3D11RHI: Async texture creation enabled
[2019.01.05-17.50.39:383][  0]LogD3D11RHI: GPU Timing Frequency: 1000.000000 (Debug: 2 2)
[2019.01.05-17.50.39:432][  0]LogShaderCompilers: Guid format shader working directory is -27 characters bigger than the processId version (../../../../../Users/h017026h/Documents/GitKraken/TGPPairProject/PairProject/Intermediate/Shaders/WorkingDirectory/5520/).
[2019.01.05-17.50.39:433][  0]LogShaderCompilers: Cleaned the shader compiler working directory 'C:/Users/h017026h/AppData/Local/Temp/UnrealShaderWorkingDir/059DF7A64C78A7875A01C7898BC68913/'.
[2019.01.05-17.50.39:648][  0]LogTemp: Display: Loaded TP AllDesktopTargetPlatform
[2019.01.05-17.50.39:661][  0]LogTemp: Display: Loaded TP MacClientTargetPlatform
[2019.01.05-17.50.39:675][  0]LogTemp: Display: Loaded TP MacNoEditorTargetPlatform
[2019.01.05-17.50.39:687][  0]LogTemp: Display: Loaded TP MacServerTargetPlatform
[2019.01.05-17.50.39:700][  0]LogTemp: Display: Loaded TP MacTargetPlatform
[2019.01.05-17.50.39:713][  0]LogTemp: Display: Loaded TP WindowsClientTargetPlatform
[2019.01.05-17.50.39:725][  0]LogTemp: Display: Loaded TP WindowsNoEditorTargetPlatform
[2019.01.05-17.50.39:738][  0]LogTemp: Display: Loaded TP WindowsServerTargetPlatform
[2019.01.05-17.50.39:744][  0]LogTemp: Display: Loaded TP WindowsTargetPlatform
[2019.01.05-17.50.39:811][  0]LogTemp: Display: Loaded TP AndroidTargetPlatform
[2019.01.05-17.50.39:811][  0]LogTemp: Display: Loaded TP AndroidTargetPlatform
[2019.01.05-17.50.39:811][  0]LogTemp: Display: Loaded TP AndroidTargetPlatform
[2019.01.05-17.50.39:811][  0]LogTemp: Display: Loaded TP AndroidTargetPlatform
[2019.01.05-17.50.39:811][  0]LogTemp: Display: Loaded TP AndroidTargetPlatform
[2019.01.05-17.50.39:811][  0]LogTemp: Display: Loaded TP AndroidTargetPlatform
[2019.01.05-17.50.39:811][  0]LogTemp: Display: Loaded TP AndroidTargetPlatform
[2019.01.05-17.50.39:811][  0]LogTemp: Display: Loaded TP AndroidTargetPlatform
[2019.01.05-17.50.39:811][  0]LogTemp: Display: Loaded TP AndroidTargetPlatform
[2019.01.05-17.50.39:811][  0]LogTemp: Display: Loaded TP AndroidTargetPlatform
[2019.01.05-17.50.39:812][  0]LogTemp: Display: Loaded TP AndroidTargetPlatform
[2019.01.05-17.50.39:812][  0]LogTemp: Display: Loaded TP AndroidTargetPlatform
[2019.01.05-17.50.39:812][  0]LogTemp: Display: Loaded TP AndroidTargetPlatform
[2019.01.05-17.50.39:812][  0]LogTemp: Display: Loaded TP AndroidTargetPlatform
[2019.01.05-17.50.39:812][  0]LogTemp: Display: Loaded TP AndroidTargetPlatform
[2019.01.05-17.50.39:812][  0]LogTemp: Display: Loaded TP AndroidTargetPlatform
[2019.01.05-17.50.39:812][  0]LogTemp: Display: Loaded TP AndroidTargetPlatform
[2019.01.05-17.50.39:812][  0]LogTemp: Display: Loaded TP AndroidTargetPlatform
[2019.01.05-17.50.39:813][  0]LogTemp: Display: Loaded TP HTML5TargetPlatform
[2019.01.05-17.50.39:875][  0]LogTemp: Display: Loaded TP IOSTargetPlatform
[2019.01.05-17.50.39:875][  0]LogTemp: Display: Loaded TP IOSTargetPlatform
[2019.01.05-17.50.39:896][  0]LogTemp: Display: Loaded TP TVOSTargetPlatform
[2019.01.05-17.50.39:896][  0]LogTemp: Display: Loaded TP TVOSTargetPlatform
[2019.01.05-17.50.39:909][  0]LogTemp: Display: Loaded TP LinuxClientTargetPlatform
[2019.01.05-17.50.39:922][  0]LogTemp: Display: Loaded TP LinuxNoEditorTargetPlatform
[2019.01.05-17.50.39:940][  0]LogTemp: Display: Loaded TP LinuxServerTargetPlatform
[2019.01.05-17.50.39:958][  0]LogTemp: Display: Loaded TP LinuxTargetPlatform
[2019.01.05-17.50.39:967][  0]LogTemp: Display: Loaded TP LuminTargetPlatform
[2019.01.05-17.50.39:967][  0]LogTargetPlatformManager: Display: Building Assets For Windows
[2019.01.05-17.50.40:057][  0]LogXGEController: Cleaning working directory: C:/Users/h017026h/AppData/Local/Temp/UnrealXGEWorkingDir/
[2019.01.05-17.50.40:057][  0]LogXGEController: Cannot use XGE Controller as Incredibuild is not installed on this machine.
[2019.01.05-17.50.40:057][  0]LogShaderCompilers: Cannot use XGE Shader Compiler as Incredibuild is not installed on this machine.
[2019.01.05-17.50.40:057][  0]LogShaderCompilers: Display: Using Local Shader Compiler.
[2019.01.05-17.50.40:669][  0]LogDerivedDataCache: Display: Max Cache Size: 512 MB
[2019.01.05-17.50.40:718][  0]LogDerivedDataCache: Loaded boot cache 0.05s 71MB C:/Users/h017026h/AppData/Local/UnrealEngine/4.20/DerivedDataCache/Boot.ddc.
[2019.01.05-17.50.40:719][  0]LogDerivedDataCache: Display: Loaded Boot cache: C:/Users/h017026h/AppData/Local/UnrealEngine/4.20/DerivedDataCache/Boot.ddc
[2019.01.05-17.50.40:719][  0]LogDerivedDataCache: FDerivedDataBackendGraph:  Pak pak cache file ../../../../../Users/h017026h/Documents/GitKraken/TGPPairProject/PairProject/DerivedDataCache/DDC.ddp not found, will not use a pak cache.
[2019.01.05-17.50.40:719][  0]LogDerivedDataCache: Unable to find inner node Pak for hierarchical cache Hierarchy.
[2019.01.05-17.50.40:720][  0]LogDerivedDataCache: FDerivedDataBackendGraph:  CompressedPak pak cache file ../../../../../Users/h017026h/Documents/GitKraken/TGPPairProject/PairProject/DerivedDataCache/Compressed.ddp not found, will not use a pak cache.
[2019.01.05-17.50.40:720][  0]LogDerivedDataCache: Unable to find inner node CompressedPak for hierarchical cache Hierarchy.
[2019.01.05-17.50.40:732][  0]LogDerivedDataCache: Display: Pak cache opened for reading ../../../Engine/DerivedDataCache/Compressed.ddp.
[2019.01.05-17.50.40:745][  0]LogDerivedDataCache: Using Local data cache path C:/Users/h017026h/AppData/Local/UnrealEngine/Common/DerivedDataCache: Writable
[2019.01.05-17.50.40:745][  0]LogDerivedDataCache: Shared data cache path not found in *engine.ini, will not use an Shared cache.
[2019.01.05-17.50.40:745][  0]LogDerivedDataCache: Unable to find inner node Shared for hierarchical cache Hierarchy.
[2019.01.05-17.50.40:761][  0]LogMaterial: Verifying Global Shaders for PCD3D_SM5
[2019.01.05-17.50.40:762][  0]LogSlate: Using FreeType 2.6.0
[2019.01.05-17.50.40:763][  0]LogSlate: SlateFontServices - WITH_FREETYPE: 1, WITH_HARFBUZZ: 1
[2019.01.05-17.50.40:842][  0]LogAssetRegistry: FAssetRegistry took 0.0273 seconds to start up
[2019.01.05-17.50.41:115][  0]LogInit: Selected Device Profile: [Windows]
[2019.01.05-17.50.41:238][  0]LogSimplygon: Simplygon DLL not present - disabling.
[2019.01.05-17.50.41:246][  0]LogMeshReduction: Using SimplygonSwarm for distributed automatic mesh merging
[2019.01.05-17.50.41:246][  0]LogMeshReduction: Using ProxyLODMeshReduction for automatic mesh merging
[2019.01.05-17.50.41:246][  0]LogMeshReduction: Using QuadricMeshReduction for automatic static mesh reduction
[2019.01.05-17.50.41:246][  0]LogMeshReduction: No automatic skeletal mesh reduction module available
[2019.01.05-17.50.41:258][  0]LogNetVersion: PairProject 1.0.0, NetCL: 4212847, EngineNetVer: 5, GameNetVer: 0 (Checksum: 2248716754)
[2019.01.05-17.50.41:750][  0]LogPackageLocalizationCache: Processed 11 localized package path(s) for 2 prioritized culture(s) in 0.151537 seconds
[2019.01.05-17.50.41:755][  0]LogUObjectArray: 38425 objects as part of root set at end of initial load.
[2019.01.05-17.50.41:755][  0]LogUObjectAllocator: 6690872 out of 0 bytes used by permanent object pool.
[2019.01.05-17.50.41:755][  0]LogUObjectArray: CloseDisregardForGC: 0/0 objects in disregard for GC pool
[2019.01.05-17.50.42:627][  0]LogTcpMessaging: Initializing TcpMessaging bridge
[2019.01.05-17.50.42:642][  0]LogUdpMessaging: Initializing bridge on interface 0.0.0.0:0 to multicast group 230.0.0.1:6666.
[2019.01.05-17.50.42:846][  0]SourceControl: Source control is disabled
[2019.01.05-17.50.42:846][  0]SourceControl: Source control is disabled
[2019.01.05-17.50.42:849][  0]SourceControl: Source control is disabled
[2019.01.05-17.50.42:852][  0]SourceControl: Source control is disabled
[2019.01.05-17.50.43:072][  0]LogAndroidPermission: UAndroidPermissionCallbackProxy::GetInstance
[2019.01.05-17.50.43:165][  0]LogOcInput: OculusInput pre-init called
[2019.01.05-17.50.43:224][  0]LogEngine: Initializing Engine...
[2019.01.05-17.50.43:225][  0]LogHMD: Failed to initialize OpenVR with code 110
[2019.01.05-17.50.43:226][  0]LogStats: UGameplayTagsManager::ConstructGameplayTagTree: ImportINI prefixes -  0.000 s
[2019.01.05-17.50.43:226][  0]LogStats: UGameplayTagsManager::ConstructGameplayTagTree: Construct from data asset -  0.000 s
[2019.01.05-17.50.43:227][  0]LogStats: UGameplayTagsManager::ConstructGameplayTagTree: ImportINI -  0.000 s
[2019.01.05-17.50.43:227][  0]LogStats: UGameplayTagsManager::ConstructGameplayTagTree: GameplayTagTreeChangedEvent.Broadcast -  0.000 s
[2019.01.05-17.50.43:390][  0]LogInit: Initializing FReadOnlyCVARCache
[2019.01.05-17.50.43:401][  0]LogAIModule: Creating AISystem for world Untitled
[2019.01.05-17.50.43:426][  0]LogInit: XAudio2 using 'Headset Earphone (Corsair VOID PRO USB Gaming Headset)' : 6 channels at 48 kHz using 16 bits per sample (channel mask 0x3f)
[2019.01.05-17.50.43:534][  0]LogInit: FAudioDevice initialized.
[2019.01.05-17.50.43:534][  0]LogNetVersion: Set ProjectVersion to 1.0.0.0. Version Checksum will be recalculated on next use.
[2019.01.05-17.50.43:606][  0]LogDerivedDataCache: Saved boot cache 0.07s 71MB C:/Users/h017026h/AppData/Local/UnrealEngine/4.20/DerivedDataCache/Boot.ddc.
[2019.01.05-17.50.43:610][  0]LogInit: Texture streaming: Enabled
[2019.01.05-17.50.43:630][  0]LogEngineSessionManager: EngineSessionManager initialized
[2019.01.05-17.50.43:630][  0]LogEngineSessionManager: EngineSessionManager sent abnormal shutdown report. Type=Debugger, SessionId={C7A4F43F-4DE5-F854-06B6-E9847465143E}
[2019.01.05-17.50.43:638][  0]LogInit: Transaction tracking system initialized
[2019.01.05-17.50.43:661][  0]BlueprintLog: New page: Editor Load
[2019.01.05-17.50.43:754][  0]LocalizationService: Localization service is disabled
[2019.01.05-17.50.44:011][  0]LogCook: Display: Max memory allowance for cook 16384mb min free memory 0mb
[2019.01.05-17.50.44:011][  0]LogCook: Display: Mobile HDR setting 1
[2019.01.05-17.50.44:011][  0]LogGameplayTags: Display: UGameplayTagsManager::DoneAddingNativeTags. DelegateIsBound: 0
[2019.01.05-17.50.44:011][  0]LogStats: UGameplayTagsManager::ConstructGameplayTagTree: ImportINI prefixes -  0.000 s
[2019.01.05-17.50.44:011][  0]LogStats: UGameplayTagsManager::ConstructGameplayTagTree: Construct from data asset -  0.000 s
[2019.01.05-17.50.44:012][  0]LogStats: UGameplayTagsManager::ConstructGameplayTagTree: ImportINI -  0.000 s
[2019.01.05-17.50.44:012][  0]LogStats: UGameplayTagsManager::ConstructGameplayTagTree: GameplayTagTreeChangedEvent.Broadcast -  0.000 s
[2019.01.05-17.50.44:150][  0]LogFileCache: Scanning file cache for directory 'D:/Users/h017026h/Documents/GitKraken/TGPPairProject/PairProject/Content/' took 0.02s
[2019.01.05-17.50.44:151][  0]SourceControl: Source control is disabled
[2019.01.05-17.50.44:151][  0]Cmd: MAP LOAD FILE="../../../../../Users/h017026h/Documents/GitKraken/TGPPairProject/PairProject/Content/Scenes/StartScreen.umap" TEMPLATE=0 SHOWPROGRESS=1 FEATURELEVEL=3
[2019.01.05-17.50.44:152][  0]LightingResults: New page: Lighting Build
[2019.01.05-17.50.44:153][  0]MapCheck: New page: Map Check
[2019.01.05-17.50.44:153][  0]LightingResults: New page: Lighting Build
[2019.01.05-17.50.44:177][  0]LogLinker: Warning: Can't find file '/Game/Scenes/StartScreen_BuiltData'
[2019.01.05-17.50.44:178][  0]LogLinker: Warning: Can't find file for asset '/Game/Scenes/StartScreen_BuiltData' while loading ../../../../../Users/h017026h/Documents/GitKraken/TGPPairProject/PairProject/Content/Scenes/StartScreen.umap.
[2019.01.05-17.50.44:178][  0]LoadErrors: Error: /Game/Scenes/StartScreen : Can't find file for asset. /Game/Scenes/StartScreen_BuiltData
[2019.01.05-17.50.44:178][  0]LogLinker: Warning: Can't find file '/Game/Scenes/StartScreen_BuiltData'
[2019.01.05-17.50.44:178][  0]LogLinker: Warning: Can't find file for asset '/Game/Scenes/StartScreen_BuiltData' while loading ../../../../../Users/h017026h/Documents/GitKraken/TGPPairProject/PairProject/Content/Scenes/StartScreen.umap.
[2019.01.05-17.50.44:179][  0]LoadErrors: Error: /Game/Scenes/StartScreen : Can't find file for asset. /Game/Scenes/StartScreen_BuiltData
[2019.01.05-17.50.44:238][  0]LogLinker: Warning: Can't find file '/Game/Scenes/StartScreen_BuiltData'
[2019.01.05-17.50.44:238][  0]LogLinker: Warning: Can't find file for asset '/Game/Scenes/StartScreen_BuiltData' while loading NULL.
[2019.01.05-17.50.44:239][  0]LogLinker: Warning: Can't find file '/Game/Scenes/StartScreen_BuiltData'
[2019.01.05-17.50.44:239][  0]LogLinker: Warning: Can't find file for asset '/Game/Scenes/StartScreen_BuiltData' while loading NULL.
[2019.01.05-17.50.44:242][  0]LogLinker: Warning: Can't find file '/Game/Scenes/StartScreen_BuiltData'
[2019.01.05-17.50.44:242][  0]LoadErrors: Failed to load /Game/Scenes/StartScreen_BuiltData.StartScreen_BuiltData Referenced by PersistentLevel
[2019.01.05-17.50.44:242][  0]LogLinker: Warning: Can't find file for asset '/Game/Scenes/StartScreen_BuiltData' while loading NULL.
[2019.01.05-17.50.44:242][  0]LoadErrors: Failed to load /Game/Scenes/StartScreen_BuiltData.StartScreen_BuiltData Referenced by PersistentLevel
[2019.01.05-17.50.44:276][  0]LogAIModule: Creating AISystem for world StartScreen
[2019.01.05-17.50.44:277][  0]LogEditorServer: Finished looking for orphan Actors (0.000 secs)
[2019.01.05-17.50.44:298][  0]Cmd: MAP CHECKDEP NOCLEARLOG
[2019.01.05-17.50.44:350][  0]MapCheck: Map check complete: 0 Error(s), 0 Warning(s), took 51.904ms to complete.
[2019.01.05-17.50.44:351][  0]LogFileHelpers: Loading map 'StartScreen' took 0.200
[2019.01.05-17.50.44:448][  0]LogSlate: Updating window title bar state: overlay mode, drag disabled, window buttons hidden, title bar hidden
[2019.01.05-17.50.44:454][  0]LogSlate: Updating window title bar state: overlay mode, drag disabled, window buttons hidden, title bar hidden
[2019.01.05-17.50.44:460][  0]LogSlate: Updating window title bar state: overlay mode, drag disabled, window buttons hidden, title bar hidden
[2019.01.05-17.50.44:466][  0]LogSlate: Updating window title bar state: overlay mode, drag disabled, window buttons hidden, title bar hidden
[2019.01.05-17.50.44:471][  0]LogCollectionManager: Loaded 0 collections in 0.000889 seconds
[2019.01.05-17.50.44:518][  0]LogFileCache: Scanning file cache for directory 'D:/Users/h017026h/Documents/GitKraken/TGPPairProject/PairProject/Saved/Collections/' took 0.01s
[2019.01.05-17.50.44:519][  0]LogFileCache: Scanning file cache for directory 'D:/Users/h017026h/Documents/GitKraken/TGPPairProject/PairProject/Content/Developers/h017026h/Collections/' took 0.01s
[2019.01.05-17.50.44:519][  0]LogFileCache: Scanning file cache for directory 'D:/Users/h017026h/Documents/GitKraken/TGPPairProject/PairProject/Content/Collections/' took 0.01s
[2019.01.05-17.50.44:519][  0]LogCollectionManager: Rebuilt the GUID cache for 0 collections in 0.000000 seconds
[2019.01.05-17.50.44:527][  0]LogContentBrowser: Native class hierarchy populated in 0.0076 seconds. Added 2594 classes and 611 folders.
[2019.01.05-17.50.44:531][  0]LogContentBrowser: Native class hierarchy updated for 'WidgetCarousel' in 0.0003 seconds. Added 0 classes and 0 folders.
[2019.01.05-17.50.44:586][  0]LogContentBrowser: Native class hierarchy updated for 'AddContentDialog' in 0.0003 seconds. Added 0 classes and 0 folders.
[2019.01.05-17.50.44:591][  0]LogContentBrowser: Native class hierarchy updated for 'SceneOutliner' in 0.0004 seconds. Added 1 classes and 2 folders.
[2019.01.05-17.50.44:603][  0]LogSlate: Took 0.000236 seconds to synchronously load lazily loaded font '../../../Engine/Content/Slate/Fonts/Roboto-Regular.ttf' (155K)
[2019.01.05-17.50.44:605][  0]LogSlate: Took 0.000213 seconds to synchronously load lazily loaded font '../../../Engine/Content/Slate/Fonts/Roboto-Bold.ttf' (160K)
[2019.01.05-17.50.44:611][  0]LogSlate: Took 0.000344 seconds to synchronously load lazily loaded font '../../../Engine/Content/Editor/Slate/Fonts/FontAwesome.ttf' (139K)
[2019.01.05-17.50.44:676][  0]LogRenderer: Reallocating scene render targets to support 1168x480 Format 10 NumSamples 1 (Frame:1).
[2019.01.05-17.50.44:777][  0]LogContentBrowser: Native class hierarchy updated for 'HierarchicalLODOutliner' in 0.0004 seconds. Added 0 classes and 0 folders.
[2019.01.05-17.50.44:777][  0]LogLoad: (Engine Initialization) Total time: 8.74 seconds
[2019.01.05-17.50.44:777][  0]LogLoad: (Engine Initialization) Total Blueprint compile time: 0.00 seconds
[2019.01.05-17.50.44:814][  0]LogContentStreaming: Texture pool size now 1000 MB
[2019.01.05-17.50.44:837][  1]LogAssetRegistry: Asset discovery search completed in 4.0193 seconds
[2019.01.05-17.50.44:839][  1]LogCollectionManager: Rebuilt the object cache for 0 collections in 0.000000 seconds (found 0 objects)
[2019.01.05-17.50.44:839][  1]LogCollectionManager: Fixed up redirectors for 0 collections in 0.000206 seconds (updated 0 objects)
[2019.01.05-17.50.53:524][ 27]LogSlate: FSceneViewport::OnFocusLost() reason 0
[2019.01.05-17.50.59:510][381]LogSlate: Took 0.000200 seconds to synchronously load lazily loaded font '../../../Engine/Content/Slate/Fonts/Roboto-Light.ttf' (167K)
[2019.01.05-17.51.09:309][555]MapCheck: New page: Map Check
[2019.01.05-17.51.09:326][555]Cmd: MAP REBUILD ALLVISIBLE
[2019.01.05-17.51.09:326][555]LogEditorServer: Rebuildmap Clear paths rebuilt
[2019.01.05-17.51.09:370][555]TextureStreamingBuild: Display: Build Texture Streaming took 0.005 seconds.
[2019.01.05-17.51.09:392][555]LightingResults: New page: Lighting Build - 5 Jan 2019 17:51:09
[2019.01.05-17.51.09:442][555]LogSwarmInterface: [OpenConnection] Registering TCP channel ...
[2019.01.05-17.51.09:506][555]LogSwarmInterface: [OpenConnection] Connecting to agent ...
[2019.01.05-17.51.09:519][555]LogSwarmInterface: [TryOpenConnection] Testing the Agent
[2019.01.05-17.51.10:026][555]LogSwarmInterface: [TryOpenConnection] Opening Connection to Agent
[2019.01.05-17.51.10:026][555]LogSwarmInterface: [TryOpenConnection] Local Process ID is 5520
[2019.01.05-17.51.14:334][555]LogStaticLightingSystem: Warning: No importance volume found, so the scene bounding box was used.  You can optimize your scene's quality and lighting build times by adding importance volumes.
[2019.01.05-17.51.14:335][555]LogStaticLightingSystem: Running Lightmass w/ ImmediateImport mode ENABLED
[2019.01.05-17.51.14:335][555]LogStaticLightingSystem: Running Lightmass w/ ImmediateProcess mode ENABLED
[2019.01.05-17.51.14:335][555]LogStaticLightingSystem: Running Lightmass w/ Sorting mode ENABLED
[2019.01.05-17.51.14:335][555]LogStaticLightingSystem: Running Lightmass w/ Mapping paddings ENABLED
[2019.01.05-17.51.14:335][555]LogStaticLightingSystem: Running Lightmass w/ Mapping debug paddings DISABLED
[2019.01.05-17.51.14:409][555]Cmd: MAP CHECK DONTDISPLAYDIALOG
[2019.01.05-17.51.14:409][555]MapCheck: New page: StartScreen - 5 Jan 2019 17:51:14
[2019.01.05-17.51.14:462][555]MapCheck: Map check complete: 0 Error(s), 0 Warning(s), took 52.251ms to complete.
[2019.01.05-17.51.14:487][555]LogEditorBuildUtils: Build time 0:05
[2019.01.05-17.51.16:028][667]Job is a success!
[2019.01.05-17.51.16:045][668]LogSlate: Took 0.000214 seconds to synchronously load lazily loaded font '../../../Engine/Content/Slate/Fonts/Roboto-Light.ttf' (167K)
[2019.01.05-17.51.16:066][668]LogVolumetricLightmapImport: Imported Volumetric Lightmap in 0.010s
[2019.01.05-17.51.16:066][668]LogVolumetricLightmapImport:      Indirection Texture 16x16x16 = 0.0Mb
[2019.01.05-17.51.16:066][668]LogVolumetricLightmapImport:      BrickData 5x5x5 = 0.0Mb
[2019.01.05-17.51.16:066][668]LogVolumetricLightmapImport:      Bricks at Level
[2019.01.05-17.51.16:067][668]LogVolumetricLightmapImport:          0: 100.0% covering 100.0% of volume
[2019.01.05-17.51.16:067][668]LogVolumetricLightmapImport:          1: 0.0% covering 0.0% of volume
[2019.01.05-17.51.16:067][668]LogVolumetricLightmapImport:          2: 0.0% covering 0.0% of volume
[2019.01.05-17.51.16:099][668]Lightmass on DESKTOP-D8L6EI8: 1.18 sec total, 95 ms importing, 11 ms setup, 695 ms photons, 360 ms processing, 0 ms extra exporting [0/0 mappings]. Threads: 3.47 sec total, 0 ms processing.
[2019.01.05-17.51.16:133][668]LogStaticLightingSystem: Illumination: 6.72 sec (0 ms encoding lightmaps, 0 ms encoding shadowmaps)
[2019.01.05-17.51.16:133][668]LogStaticLightingSystem: Lightmap texture memory:  0.0 MB (0.0 MB streaming, 0.0 MB non-streaming), 0 textures
[2019.01.05-17.51.16:133][668]LogStaticLightingSystem: Shadowmap texture memory: 0.0 MB (0.0 MB streaming, 0.0 MB non-streaming), 0 textures
[2019.01.05-17.51.16:345][668]DumpUnbuiltLightIteractions
[2019.01.05-17.51.16:345][668]Lights with unbuilt interactions: 0
[2019.01.05-17.51.16:345][668]
[2019.01.05-17.51.16:345][668]Primitives with unbuilt interactions: 0
[2019.01.05-17.51.16:364][669]Cmd: MAP CHECK NOTIFYRESULTS
[2019.01.05-17.51.16:364][669]MapCheck: New page: StartScreen - 5 Jan 2019 17:51:16
[2019.01.05-17.51.16:421][669]MapCheck: Map check complete: 0 Error(s), 0 Warning(s), took 56.81ms to complete.
[2019.01.05-17.51.36:918][127]MapCheck: New page: Map Check
[2019.01.05-17.51.36:932][127]Cmd: MAP REBUILD ALLVISIBLE
[2019.01.05-17.51.36:932][127]LogEditorServer: Rebuildmap Clear paths rebuilt
[2019.01.05-17.51.36:962][127]TextureStreamingBuild: Display: Build Texture Streaming took 0.003 seconds.
[2019.01.05-17.51.36:983][127]LightingResults: New page: Lighting Build - 5 Jan 2019 17:51:36
[2019.01.05-17.51.36:991][127]LogSwarmInterface: [OpenConnection] Registering TCP channel ...
[2019.01.05-17.51.36:994][127]LogSwarmInterface: [OpenConnection] Connecting to agent ...
[2019.01.05-17.51.36:994][127]LogSwarmInterface: [TryOpenConnection] Testing the Agent
[2019.01.05-17.51.36:996][127]LogSwarmInterface: [TryOpenConnection] Opening Connection to Agent
[2019.01.05-17.51.36:996][127]LogSwarmInterface: [TryOpenConnection] Local Process ID is 5520
[2019.01.05-17.51.41:517][127]LogStaticLightingSystem: Warning: No importance volume found, so the scene bounding box was used.  You can optimize your scene's quality and lighting build times by adding importance volumes.
[2019.01.05-17.51.41:517][127]LogStaticLightingSystem: Running Lightmass w/ ImmediateImport mode ENABLED
[2019.01.05-17.51.41:517][127]LogStaticLightingSystem: Running Lightmass w/ ImmediateProcess mode ENABLED
[2019.01.05-17.51.41:518][127]LogStaticLightingSystem: Running Lightmass w/ Sorting mode ENABLED
[2019.01.05-17.51.41:518][127]LogStaticLightingSystem: Running Lightmass w/ Mapping paddings ENABLED
[2019.01.05-17.51.41:518][127]LogStaticLightingSystem: Running Lightmass w/ Mapping debug paddings DISABLED
[2019.01.05-17.51.41:553][127]Cmd: MAP CHECK DONTDISPLAYDIALOG
[2019.01.05-17.51.41:553][127]MapCheck: New page: StartScreen - 5 Jan 2019 17:51:41
[2019.01.05-17.51.41:605][127]MapCheck: Map check complete: 0 Error(s), 0 Warning(s), took 51.46ms to complete.
[2019.01.05-17.51.41:630][127]LogEditorBuildUtils: Build time 0:04
[2019.01.05-17.51.43:166][239]Job is a success!
[2019.01.05-17.51.43:194][241]LogVolumetricLightmapImport: Imported Volumetric Lightmap in 0.005s
[2019.01.05-17.51.43:194][241]LogVolumetricLightmapImport:      Indirection Texture 16x16x16 = 0.0Mb
[2019.01.05-17.51.43:194][241]LogVolumetricLightmapImport:      BrickData 5x5x5 = 0.0Mb
[2019.01.05-17.51.43:195][241]LogVolumetricLightmapImport:      Bricks at Level
[2019.01.05-17.51.43:195][241]LogVolumetricLightmapImport:          0: 100.0% covering 100.0% of volume
[2019.01.05-17.51.43:195][241]LogVolumetricLightmapImport:          1: 0.0% covering 0.0% of volume
[2019.01.05-17.51.43:195][241]LogVolumetricLightmapImport:          2: 0.0% covering 0.0% of volume
[2019.01.05-17.51.43:224][241]Lightmass on DESKTOP-D8L6EI8: 1.15 sec total, 81 ms importing, 11 ms setup, 696 ms photons, 341 ms processing, 0 ms extra exporting [0/0 mappings]. Threads: 3.26 sec total, 0 ms processing.
[2019.01.05-17.51.43:229][241]LogStaticLightingSystem: Illumination: 6.23 sec (0 ms encoding lightmaps, 0 ms encoding shadowmaps)
[2019.01.05-17.51.43:230][241]LogStaticLightingSystem: Lightmap texture memory:  0.0 MB (0.0 MB streaming, 0.0 MB non-streaming), 0 textures
[2019.01.05-17.51.43:230][241]LogStaticLightingSystem: Shadowmap texture memory: 0.0 MB (0.0 MB streaming, 0.0 MB non-streaming), 0 textures
[2019.01.05-17.51.43:525][241]DumpUnbuiltLightIteractions
[2019.01.05-17.51.43:525][241]Lights with unbuilt interactions: 0
[2019.01.05-17.51.43:525][241]
[2019.01.05-17.51.43:525][241]Primitives with unbuilt interactions: 0
[2019.01.05-17.51.43:542][242]Cmd: MAP CHECK NOTIFYRESULTS
[2019.01.05-17.51.43:542][242]MapCheck: New page: StartScreen - 5 Jan 2019 17:51:43
[2019.01.05-17.51.43:597][242]MapCheck: Map check complete: 0 Error(s), 0 Warning(s), took 54.301ms to complete.
[2019.01.05-17.51.54:873][441]LogAIModule: Creating AISystem for world CameraTestScene
[2019.01.05-17.51.54:890][441]LogAssetEditorManager: Opening Asset editor for World /Game/Scenes/CameraTestScene.CameraTestScene
[2019.01.05-17.51.56:797][441]LogSlate: Window 'Save Content' being destroyed
[2019.01.05-17.51.57:013][441]LogSavePackage: Moving '../../../../../Users/h017026h/Documents/GitKraken/TGPPairProject/PairProject/Saved/StartScreenF298C3D248FA97DAD1B1A6BA491C7884.tmp' to '../../../../../Users/h017026h/Documents/GitKraken/TGPPairProject/PairProject/Content/Scenes/StartScreen.umap'
[2019.01.05-17.51.57:063][441]LogFileHelpers: Saving map 'StartScreen' took 0.261
[2019.01.05-17.51.57:074][441]LogSavePackage: Moving '../../../../../Users/h017026h/Documents/GitKraken/TGPPairProject/PairProject/Saved/StartScreen_BuiltData09D3C056421903918DF4049AE685A4B7.tmp' to '../../../../../Users/h017026h/Documents/GitKraken/TGPPairProject/PairProject/Content/Scenes/StartScreen_BuiltData.uasset'
[2019.01.05-17.51.57:082][441]Cmd: MAP LOAD FILE="../../../../../Users/h017026h/Documents/GitKraken/TGPPairProject/PairProject/Content/Scenes/CameraTestScene.umap" TEMPLATE=0 SHOWPROGRESS=1 FEATURELEVEL=3
[2019.01.05-17.51.57:082][441]LightingResults: New page: Lighting Build
[2019.01.05-17.51.57:083][441]LoadErrors: New page: Loading map: CameraTestScene.umap
[2019.01.05-17.51.57:084][441]MapCheck: New page: Map Check
[2019.01.05-17.51.57:084][441]LightingResults: New page: Lighting Build
[2019.01.05-17.51.57:125][441]LogEditorServer: Finished looking for orphan Actors (0.000 secs)
[2019.01.05-17.51.57:201][441]Cmd: MAP CHECKDEP NOCLEARLOG
[2019.01.05-17.51.57:282][441]MapCheck: Map check complete: 0 Error(s), 0 Warning(s), took 80.843ms to complete.
[2019.01.05-17.51.57:285][441]LogFileHelpers: Loading map 'CameraTestScene' took 0.204
[2019.01.05-17.52.03:585][168]LogSlate: FSceneViewport::OnFocusLost() reason 0
[2019.01.05-17.52.55:382][314]LogTemp: Repeating last play command: Selected Viewport
[2019.01.05-17.52.55:423][314]LogBlueprintUserMessages: Early PlayInEditor Detection: Level '/Game/Scenes/CameraTestScene.CameraTestScene:PersistentLevel' has LevelScriptBlueprint '/Game/Scenes/CameraTestScene.CameraTestScene:PersistentLevel.CameraTestScene' with GeneratedClass '/Game/Scenes/CameraTestScene.CameraTestScene_C' with ClassGeneratedBy '/Game/Scenes/CameraTestScene.CameraTestScene:PersistentLevel.CameraTestScene'
[2019.01.05-17.52.55:424][314]LogPlayLevel: PlayLevel: No blueprints needed recompiling
[2019.01.05-17.52.55:438][314]PIE: New page: PIE session: CameraTestScene (5 Jan 2019 17:52:55)
[2019.01.05-17.52.55:439][314]LogPlayLevel: Creating play world package: /Game/Scenes/UEDPIE_0_CameraTestScene
[2019.01.05-17.52.55:446][314]LogPlayLevel: PIE: StaticDuplicateObject took: (0.007132s)
[2019.01.05-17.52.55:447][314]LogAIModule: Creating AISystem for world CameraTestScene
[2019.01.05-17.52.55:447][314]LogPlayLevel: PIE: World Init took: (0.001293s)
[2019.01.05-17.52.55:448][314]LogPlayLevel: PIE: Created PIE world by copying editor world from /Game/Scenes/CameraTestScene.CameraTestScene to /Game/Scenes/UEDPIE_0_CameraTestScene.CameraTestScene (0.008921s)
[2019.01.05-17.52.55:478][314]LogInit: XAudio2 using 'Headset Earphone (Corsair VOID PRO USB Gaming Headset)' : 6 channels at 48 kHz using 16 bits per sample (channel mask 0x3f)
[2019.01.05-17.52.55:578][314]LogInit: FAudioDevice initialized.
[2019.01.05-17.52.55:636][314]LogLoad: Game class is 'TestGameMode_C'
[2019.01.05-17.52.55:643][314]LogWorld: Bringing World /Game/Scenes/UEDPIE_0_CameraTestScene.CameraTestScene up for play (max tick rate 0) at 2019.01.05-17.52.55
[2019.01.05-17.52.55:645][314]LogWorld: Bringing up level for play took: 0.006417
[2019.01.05-17.52.55:660][314]LogContentBrowser: Native class hierarchy updated for 'MovieSceneCapture' in 0.0004 seconds. Added 10 classes and 0 folders.
[2019.01.05-17.52.55:660][314]LogGameMode: Display: Match State Changed from EnteringMap to WaitingToStart
[2019.01.05-17.52.55:660][314]LogGameState: Match State Changed from EnteringMap to WaitingToStart
[2019.01.05-17.52.55:661][314]LogGameMode: Display: Match State Changed from WaitingToStart to InProgress
[2019.01.05-17.52.55:662][314]LogActor: Warning: MyBiggoronKnifeWeapon_C /Game/Scenes/UEDPIE_0_CameraTestScene.CameraTestScene:PersistentLevel.MyBiggoronKnifeWeapon_C_0 has natively added scene component(s), but none of them were set as the actor's RootComponent - picking one arbitrarily
[2019.01.05-17.52.55:663][314]LogActor: Warning: MyBPBasePlayerWeapon_C /Game/Scenes/UEDPIE_0_CameraTestScene.CameraTestScene:PersistentLevel.MyBPBasePlayerWeapon_C_0 has natively added scene component(s), but none of them were set as the actor's RootComponent - picking one arbitrarily
[2019.01.05-17.52.55:664][314]LogGameState: Match State Changed from WaitingToStart to InProgress
[2019.01.05-17.52.55:665][314]PIE: Play in editor start time for /Game/Scenes/UEDPIE_0_CameraTestScene 0.493
[2019.01.05-17.52.55:665][314]LogBlueprintUserMessages: Late PlayInEditor Detection: Level '/Game/Scenes/CameraTestScene.CameraTestScene:PersistentLevel' has LevelScriptBlueprint '/Game/Scenes/CameraTestScene.CameraTestScene:PersistentLevel.CameraTestScene' with GeneratedClass '/Game/Scenes/CameraTestScene.CameraTestScene_C' with ClassGeneratedBy '/Game/Scenes/CameraTestScene.CameraTestScene:PersistentLevel.CameraTestScene'
[2019.01.05-17.52.55:675][314]LogSlate: Took 0.002285 seconds to synchronously load lazily loaded font '../../../Engine/Content/SlateDebug/Fonts/LastResort.ttf' (5269K)
[2019.01.05-17.53.08:019][777]LogSlate: Updating window title bar state: overlay mode, drag disabled, window buttons hidden, title bar hidden
[2019.01.05-17.53.08:020][777]LogBlueprintUserMessages: Early EndPlayMap Detection: Level '/Game/Scenes/CameraTestScene.CameraTestScene:PersistentLevel' has LevelScriptBlueprint '/Game/Scenes/CameraTestScene.CameraTestScene:PersistentLevel.CameraTestScene' with GeneratedClass '/Game/Scenes/CameraTestScene.CameraTestScene_C' with ClassGeneratedBy '/Game/Scenes/CameraTestScene.CameraTestScene:PersistentLevel.CameraTestScene'
[2019.01.05-17.53.08:053][777]LogPlayLevel: Display: Shutting down PIE online subsystems
[2019.01.05-17.53.08:054][777]LogBlueprintUserMessages: Late EndPlayMap Detection: Level '/Game/Scenes/CameraTestScene.CameraTestScene:PersistentLevel' has LevelScriptBlueprint '/Game/Scenes/CameraTestScene.CameraTestScene:PersistentLevel.CameraTestScene' with GeneratedClass '/Game/Scenes/CameraTestScene.CameraTestScene_C' with ClassGeneratedBy '/Game/Scenes/CameraTestScene.CameraTestScene:PersistentLevel.CameraTestScene'
[2019.01.05-17.53.08:074][777]LogSlate: Updating window title bar state: overlay mode, drag disabled, window buttons hidden, title bar hidden
[2019.01.05-17.53.08:126][781]LogPlayLevel: Display: Destroying online subsystem :Context_1
[2019.01.05-17.53.12:078][254]LogSlate: FSceneViewport::OnFocusLost() reason 0
[2019.01.05-17.53.12:262][275]LogAssetEditorManager: Opening Asset editor for WidgetBlueprint /Game/UIs/Pause_Menu.Pause_Menu
[2019.01.05-17.53.12:587][275]LogContentBrowser: Native class hierarchy updated for 'BlueprintGraph' in 0.0010 seconds. Added 116 classes and 0 folders.
[2019.01.05-17.53.13:234][275]LogSlate: Took 0.000193 seconds to synchronously load lazily loaded font '../../../Engine/Content/Slate/Fonts/Roboto-BoldCondensed.ttf' (158K)
[2019.01.05-17.53.16:395][651]LogAssetEditorManager: Opening Asset editor for WidgetBlueprint /Game/UIs/Map_Overlay.Map_Overlay
[2019.01.05-17.53.18:739][887]LogSlate: Window 'Map_Overlay*' being destroyed
[2019.01.05-17.53.21:584][216]LogSlate: Took 0.000213 seconds to synchronously load lazily loaded font '../../../Engine/Content/Slate/Fonts/Roboto-Italic.ttf' (157K)
[2019.01.05-17.57.04:089][817]LogActor: Warning: MyBPHeartPickup_C /Engine/Transient.World_4:PersistentLevel.MyBPHeartPickup_C_0 has natively added scene component(s), but none of them were set as the actor's RootComponent - picking one arbitrarily
[2019.01.05-17.57.04:097][817]LogActor: Warning: MyBPFullHeartPickup_C /Engine/Transient.World_5:PersistentLevel.MyBPFullHeartPickup_C_0 has natively added scene component(s), but none of them were set as the actor's RootComponent - picking one arbitrarily
[2019.01.05-17.57.04:122][818]LogActor: Warning: MyBiggoronKnifeWeapon_C /Engine/Transient.World_7:PersistentLevel.MyBiggoronKnifeWeapon_C_0 has natively added scene component(s), but none of them were set as the actor's RootComponent - picking one arbitrarily
[2019.01.05-17.57.04:257][819]LogActor: Warning: MyBPBaseKeep_C /Engine/Transient.World_8:PersistentLevel.MyBPBaseKeep_C_0 has natively added scene component(s), but none of them were set as the actor's RootComponent - picking one arbitrarily
[2019.01.05-17.57.04:288][820]LogActor: Warning: MyBPBasePlayerWeapon_C /Engine/Transient.World_9:PersistentLevel.MyBPBasePlayerWeapon_C_0 has natively added scene component(s), but none of them were set as the actor's RootComponent - picking one arbitrarily
[2019.01.05-17.57.04:309][821]LogActor: Warning: MyBPStaminaBIgPickup_C /Engine/Transient.World_10:PersistentLevel.MyBPStaminaBIgPickup_C_0 has natively added scene component(s), but none of them were set as the actor's RootComponent - picking one arbitrarily
[2019.01.05-17.57.04:330][822]LogActor: Warning: MyBPStaminSmallPickup_C /Engine/Transient.World_11:PersistentLevel.MyBPStaminSmallPickup_C_0 has natively added scene component(s), but none of them were set as the actor's RootComponent - picking one arbitrarily
[2019.01.05-17.57.04:769][870]LogAssetEditorManager: Opening Asset editor for LevelScriptBlueprint /Game/Scenes/CameraTestScene.CameraTestScene:PersistentLevel.CameraTestScene
[2019.01.05-18.01.50:835][765]BlueprintLog: New page: Compile Map_Overlay
[2019.01.05-18.01.50:856][765]LogBlueprint: Error: [Compiler Map_Overlay] This blueprint (self) is not a Pause_Menu_C, therefore ' Target ' must have a connection.
[2019.01.05-18.01.50:857][765]LogBlueprint: Error: [Compiler Map_Overlay] This blueprint (self) is not a PlayerController, therefore ' Target ' must have a connection.
[2019.01.05-18.01.50:890][765]LogBlueprint: Warning: [Compiler Map_Overlay] [0674.85] Compile of Map_Overlay failed. 2 Fatal Issue(s) 0 Warning(s) [in 55 ms] (/Game/UIs/Map_Overlay.Map_Overlay)
[2019.01.05-18.02.20:660][283]BlueprintLog: New page: Compile Map_Overlay
[2019.01.05-18.02.20:666][283]LogBlueprint: Error: [Compiler Map_Overlay] This blueprint (self) is not a Pause_Menu_C, therefore ' Target ' must have a connection.
[2019.01.05-18.02.20:699][283]LogBlueprint: Warning: [Compiler Map_Overlay] [0704.66] Compile of Map_Overlay failed. 1 Fatal Issue(s) 0 Warning(s) [in 37 ms] (/Game/UIs/Map_Overlay.Map_Overlay)
[2019.01.05-18.02.36:064][ 85]BlueprintLog: New page: Compile Map_Overlay
[2019.01.05-18.02.45:012][148]LogTemp: Repeating last play command: Selected Viewport
[2019.01.05-18.02.45:041][148]LogBlueprintUserMessages: Early PlayInEditor Detection: Level '/Game/Scenes/CameraTestScene.CameraTestScene:PersistentLevel' has LevelScriptBlueprint '/Game/Scenes/CameraTestScene.CameraTestScene:PersistentLevel.CameraTestScene' with GeneratedClass '/Game/Scenes/CameraTestScene.CameraTestScene_C' with ClassGeneratedBy '/Game/Scenes/CameraTestScene.CameraTestScene:PersistentLevel.CameraTestScene'
[2019.01.05-18.02.45:041][148]LogPlayLevel: PlayLevel: No blueprints needed recompiling
[2019.01.05-18.02.45:042][148]PIE: New page: PIE session: CameraTestScene (5 Jan 2019 18:02:45)
[2019.01.05-18.02.45:042][148]LogPlayLevel: Creating play world package: /Game/Scenes/UEDPIE_0_CameraTestScene
[2019.01.05-18.02.45:047][148]LogPlayLevel: PIE: StaticDuplicateObject took: (0.005538s)
[2019.01.05-18.02.45:048][148]LogAIModule: Creating AISystem for world CameraTestScene
[2019.01.05-18.02.45:048][148]LogPlayLevel: PIE: World Init took: (0.000887s)
[2019.01.05-18.02.45:049][148]LogPlayLevel: PIE: Created PIE world by copying editor world from /Game/Scenes/CameraTestScene.CameraTestScene to /Game/Scenes/UEDPIE_0_CameraTestScene.CameraTestScene (0.006845s)
[2019.01.05-18.02.45:088][148]LogInit: XAudio2 using 'Headset Earphone (Corsair VOID PRO USB Gaming Headset)' : 6 channels at 48 kHz using 16 bits per sample (channel mask 0x3f)
[2019.01.05-18.02.45:200][148]LogInit: FAudioDevice initialized.
[2019.01.05-18.02.45:235][148]LogLoad: Game class is 'TestGameMode_C'
[2019.01.05-18.02.45:241][148]LogWorld: Bringing World /Game/Scenes/UEDPIE_0_CameraTestScene.CameraTestScene up for play (max tick rate 0) at 2019.01.05-18.02.45
[2019.01.05-18.02.45:242][148]LogWorld: Bringing up level for play took: 0.005548
[2019.01.05-18.02.45:256][148]LogGameMode: Display: Match State Changed from EnteringMap to WaitingToStart
[2019.01.05-18.02.45:256][148]LogGameState: Match State Changed from EnteringMap to WaitingToStart
[2019.01.05-18.02.45:256][148]LogGameMode: Display: Match State Changed from WaitingToStart to InProgress
[2019.01.05-18.02.45:258][148]LogActor: Warning: MyBiggoronKnifeWeapon_C /Game/Scenes/UEDPIE_0_CameraTestScene.CameraTestScene:PersistentLevel.MyBiggoronKnifeWeapon_C_0 has natively added scene component(s), but none of them were set as the actor's RootComponent - picking one arbitrarily
[2019.01.05-18.02.45:258][148]LogActor: Warning: MyBPBasePlayerWeapon_C /Game/Scenes/UEDPIE_0_CameraTestScene.CameraTestScene:PersistentLevel.MyBPBasePlayerWeapon_C_0 has natively added scene component(s), but none of them were set as the actor's RootComponent - picking one arbitrarily
[2019.01.05-18.02.45:259][148]LogGameState: Match State Changed from WaitingToStart to InProgress
[2019.01.05-18.02.45:260][148]PIE: Play in editor start time for /Game/Scenes/UEDPIE_0_CameraTestScene 0.088
[2019.01.05-18.02.45:260][148]LogBlueprintUserMessages: Late PlayInEditor Detection: Level '/Game/Scenes/CameraTestScene.CameraTestScene:PersistentLevel' has LevelScriptBlueprint '/Game/Scenes/CameraTestScene.CameraTestScene:PersistentLevel.CameraTestScene' with GeneratedClass '/Game/Scenes/CameraTestScene.CameraTestScene_C' with ClassGeneratedBy '/Game/Scenes/CameraTestScene.CameraTestScene:PersistentLevel.CameraTestScene'
[2019.01.05-18.02.55:675][390]LogBlueprintUserMessages: Early EndPlayMap Detection: Level '/Game/Scenes/CameraTestScene.CameraTestScene:PersistentLevel' has LevelScriptBlueprint '/Game/Scenes/CameraTestScene.CameraTestScene:PersistentLevel.CameraTestScene' with GeneratedClass '/Game/Scenes/CameraTestScene.CameraTestScene_C' with ClassGeneratedBy '/Game/Scenes/CameraTestScene.CameraTestScene:PersistentLevel.CameraTestScene'
[2019.01.05-18.02.55:676][390]LogSlate: Updating window title bar state: overlay mode, drag disabled, window buttons hidden, title bar hidden
[2019.01.05-18.02.55:719][390]LogPlayLevel: Display: Shutting down PIE online subsystems
[2019.01.05-18.02.55:719][390]LogBlueprintUserMessages: Late EndPlayMap Detection: Level '/Game/Scenes/CameraTestScene.CameraTestScene:PersistentLevel' has LevelScriptBlueprint '/Game/Scenes/CameraTestScene.CameraTestScene:PersistentLevel.CameraTestScene' with GeneratedClass '/Game/Scenes/CameraTestScene.CameraTestScene_C' with ClassGeneratedBy '/Game/Scenes/CameraTestScene.CameraTestScene:PersistentLevel.CameraTestScene'
[2019.01.05-18.02.55:745][390]LogSlate: Updating window title bar state: overlay mode, drag disabled, window buttons hidden, title bar hidden
[2019.01.05-18.02.55:783][392]LogPlayLevel: Display: Destroying online subsystem :Context_17
[2019.01.05-18.02.57:268][570]LogSlate: FSceneViewport::OnFocusLost() reason 0
[2019.01.05-18.02.58:438][706]LogAssetEditorManager: Opening Asset editor for Blueprint /Game/Blueprints/Character_BPs/MyLinkCharacter.MyLinkCharacter
[2019.01.05-18.03.48:717][953]BlueprintLog: New page: Compile MyLinkCharacter
[2019.01.05-18.03.49:473][ 11]LogSavePackage: Moving '../../../../../Users/h017026h/Documents/GitKraken/TGPPairProject/PairProject/Saved/MyLinkCharacterA2FA1622403DF12D3416E4A32B2A8D66.tmp' to '../../../../../Users/h017026h/Documents/GitKraken/TGPPairProject/PairProject/Content/Blueprints/Character_BPs/MyLinkCharacter.uasset'
[2019.01.05-18.03.52:281][345]Cmd: OBJ SAVEPACKAGE PACKAGE="/Game/UIs/Map_Overlay" FILE="../../../../../Users/h017026h/Documents/GitKraken/TGPPairProject/PairProject/Content/UIs/Map_Overlay.uasset" SILENT=true
[2019.01.05-18.03.52:300][345]LogSavePackage: Moving '../../../../../Users/h017026h/Documents/GitKraken/TGPPairProject/PairProject/Saved/Map_Overlay272BA0934251D7FBD71969A49431312D.tmp' to '../../../../../Users/h017026h/Documents/GitKraken/TGPPairProject/PairProject/Content/UIs/Map_Overlay.uasset'
[2019.01.05-18.04.40:509][ 78]BlueprintLog: New page: Compile Map_Overlay
[2019.01.05-18.04.41:286][166]Cmd: OBJ SAVEPACKAGE PACKAGE="/Game/UIs/Map_Overlay" FILE="../../../../../Users/h017026h/Documents/GitKraken/TGPPairProject/PairProject/Content/UIs/Map_Overlay.uasset" SILENT=true
[2019.01.05-18.04.41:320][166]LogSavePackage: Moving '../../../../../Users/h017026h/Documents/GitKraken/TGPPairProject/PairProject/Saved/Map_Overlay41E6D178490FA8F0EB41EDB4F685EA94.tmp' to '../../../../../Users/h017026h/Documents/GitKraken/TGPPairProject/PairProject/Content/UIs/Map_Overlay.uasset'
[2019.01.05-18.05.08:208][836]LogSavePackage: Moving '../../../../../Users/h017026h/Documents/GitKraken/TGPPairProject/PairProject/Saved/CameraTestScene_Auto13C6977B04FA81D062FABD2A043E459C9.tmp' to '../../../../../Users/h017026h/Documents/GitKraken/TGPPairProject/PairProject/Saved/Autosaves/Game/Scenes/CameraTestScene_Auto1.umap'
[2019.01.05-18.05.08:216][836]LogFileHelpers: Editor autosave (incl. sublevels) for '/Game/Scenes/CameraTestScene' took 0.308
[2019.01.05-18.05.08:216][836]LogFileHelpers: Editor autosave (incl. sublevels) for all levels took 0.308
[2019.01.05-18.05.19:356][118]LogSavePackage: Moving '../../../../../Users/h017026h/Documents/GitKraken/TGPPairProject/PairProject/Saved/CameraTestSceneF43807354CF881601D2170B53A9B5461.tmp' to '../../../../../Users/h017026h/Documents/GitKraken/TGPPairProject/PairProject/Content/Scenes/CameraTestScene.umap'
[2019.01.05-18.05.19:402][118]LogFileHelpers: Saving map 'CameraTestScene' took 0.410
[2019.01.05-18.06.45:976][356]LogSavePackage: Moving '../../../../../Users/h017026h/Documents/GitKraken/TGPPairProject/PairProject/Saved/MyLinkCharacterBB64FD7F4167D97D2F1CFEBC38417749.tmp' to '../../../../../Users/h017026h/Documents/GitKraken/TGPPairProject/PairProject/Content/Blueprints/Character_BPs/MyLinkCharacter.uasset'
[2019.01.05-18.06.47:894][585]BlueprintLog: New page: Compile MyLinkCharacter
[2019.01.05-18.06.48:873][666]LogSavePackage: Moving '../../../../../Users/h017026h/Documents/GitKraken/TGPPairProject/PairProject/Saved/MyLinkCharacter6AB0193A46A39184F17D8CB0E550F3CF.tmp' to '../../../../../Users/h017026h/Documents/GitKraken/TGPPairProject/PairProject/Content/Blueprints/Character_BPs/MyLinkCharacter.uasset'
[2019.01.05-18.06.51:365][919]LogSavePackage: Moving '../../../../../Users/h017026h/Documents/GitKraken/TGPPairProject/PairProject/Saved/CameraTestScene39B639934DFA01287A7CD7935D31E1D6.tmp' to '../../../../../Users/h017026h/Documents/GitKraken/TGPPairProject/PairProject/Content/Scenes/CameraTestScene.umap'
[2019.01.05-18.06.51:415][919]LogFileHelpers: Saving map 'CameraTestScene' took 0.380
[2019.01.05-18.06.53:968][195]LogSlate: Window 'PairProject - Unreal Editor' being destroyed
[2019.01.05-18.06.54:184][196]Cmd: QUIT_EDITOR
[2019.01.05-18.06.54:385][196]LogWindowsTextInputMethodSystem: Display: IME system now deactivated.
[2019.01.05-18.06.54:394][196]LogExit: Preparing to exit.
[2019.01.05-18.06.54:785][196]LogExit: Editor shut down
[2019.01.05-18.06.54:786][196]LogExit: Transaction tracking system shut down
[2019.01.05-18.06.55:416][196]LogExit: Object subsystem successfully closed.
[2019.01.05-18.06.55:441][196]LogShaderCompilers: Display: Shaders left to compile 0
[2019.01.05-18.06.55:444][196]LogD3D11RHI: Shutdown
[2019.01.05-18.06.55:444][196]LogD3D11RHI: CleanupD3DDevice
[2019.01.05-18.06.55:446][196]LogD3D11RHI: ~FD3D11DynamicRHI
[2019.01.05-18.06.55:457][196]LogModuleManager: Shutting down and abandoning module SequencerWidgets (626)
[2019.01.05-18.06.55:457][196]LogModuleManager: Shutting down and abandoning module BlueprintGraph (624)
[2019.01.05-18.06.55:458][196]LogModuleManager: Shutting down and abandoning module MovieSceneCapture (622)
[2019.01.05-18.06.55:458][196]LogModuleManager: Shutting down and abandoning module Voice (620)
[2019.01.05-18.06.55:458][196]LogModuleManager: Shutting down and abandoning module HierarchicalLODUtilities (618)
[2019.01.05-18.06.55:458][196]LogModuleManager: Shutting down and abandoning module HierarchicalLODOutliner (616)
[2019.01.05-18.06.55:458][196]LogModuleManager: Shutting down and abandoning module SceneOutliner (614)
[2019.01.05-18.06.55:458][196]LogModuleManager: Shutting down and abandoning module AddContentDialog (612)
[2019.01.05-18.06.55:459][196]LogModuleManager: Shutting down and abandoning module WidgetCarousel (611)
[2019.01.05-18.06.55:459][196]LogModuleManager: Shutting down and abandoning module EditorWidgets (608)
[2019.01.05-18.06.55:459][196]LogModuleManager: Shutting down and abandoning module CollectionManager (606)
[2019.01.05-18.06.55:459][196]LogModuleManager: Shutting down and abandoning module StatsViewer (604)
[2019.01.05-18.06.55:460][196]LogModuleManager: Shutting down and abandoning module FoliageEdit (602)
[2019.01.05-18.06.55:460][196]LogModuleManager: Shutting down and abandoning module LandscapeEditor (600)
[2019.01.05-18.06.55:460][196]LogModuleManager: Shutting down and abandoning module MeshPaintMode (598)
[2019.01.05-18.06.55:460][196]LogModuleManager: Shutting down and abandoning module SceneDepthPickerMode (596)
[2019.01.05-18.06.55:460][196]LogModuleManager: Shutting down and abandoning module ActorPickerMode (594)
[2019.01.05-18.06.55:460][196]LogModuleManager: Shutting down and abandoning module GeometryMode (592)
[2019.01.05-18.06.55:460][196]LogModuleManager: Shutting down and abandoning module TextureAlignMode (590)
[2019.01.05-18.06.55:460][196]LogModuleManager: Shutting down and abandoning module BspMode (588)
[2019.01.05-18.06.55:460][196]LogModuleManager: Shutting down and abandoning module PIEPreviewDeviceProfileSelector (586)
[2019.01.05-18.06.55:460][196]LogModuleManager: Shutting down and abandoning module SequenceRecorderSections (584)
[2019.01.05-18.06.55:460][196]LogModuleManager: Shutting down and abandoning module AutomationWorker (582)
[2019.01.05-18.06.55:461][196]LogModuleManager: Shutting down and abandoning module AudioCaptureEditor (580)
[2019.01.05-18.06.55:461][196]LogModuleManager: Shutting down and abandoning module SequenceRecorder (579)
[2019.01.05-18.06.55:461][196]LogModuleManager: Shutting down and abandoning module MatineeToLevelSequence (576)
[2019.01.05-18.06.55:461][196]LogModuleManager: Shutting down and abandoning module LevelSequenceEditor (574)
[2019.01.05-18.06.55:461][196]LogModuleManager: Shutting down and abandoning module PlacementMode (573)
[2019.01.05-18.06.55:461][196]LogModuleManager: Shutting down and abandoning module MaterialEditor (572)
[2019.01.05-18.06.55:461][196]LogModuleManager: Shutting down and abandoning module WmfMediaFactory (568)
[2019.01.05-18.06.55:461][196]LogModuleManager: Shutting down and abandoning module WmfMediaEditor (566)
[2019.01.05-18.06.55:461][196]LogModuleManager: Shutting down and abandoning module MediaPlayerEditor (564)
[2019.01.05-18.06.55:461][196]LogModuleManager: Shutting down and abandoning module OpenExrWrapper (562)
[2019.01.05-18.06.55:461][196]LogModuleManager: Shutting down and abandoning module ImgMediaFactory (560)
[2019.01.05-18.06.55:461][196]LogModuleManager: Shutting down and abandoning module ImgMediaEditor (558)
[2019.01.05-18.06.55:462][196]LogModuleManager: Shutting down and abandoning module AvfMediaFactory (556)
[2019.01.05-18.06.55:462][196]LogModuleManager: Shutting down and abandoning module AvfMediaEditor (554)
[2019.01.05-18.06.55:462][196]LogModuleManager: Shutting down and abandoning module AndroidMediaFactory (552)
[2019.01.05-18.06.55:462][196]LogModuleManager: Shutting down and abandoning module AndroidMediaEditor (550)
[2019.01.05-18.06.55:462][196]LogModuleManager: Shutting down and abandoning module MagicLeapCameraPreviewFactory (548)
[2019.01.05-18.06.55:462][196]LogModuleManager: Shutting down and abandoning module MagicLeapMediaFactory (546)
[2019.01.05-18.06.55:462][196]LogModuleManager: Shutting down and abandoning module MagicLeapMediaEditor (544)
[2019.01.05-18.06.55:462][196]LogModuleManager: Shutting down and abandoning module CharacterAI (542)
[2019.01.05-18.06.55:462][196]LogModuleManager: Shutting down and abandoning module SmartSnapping (540)
[2019.01.05-18.06.55:462][196]LogModuleManager: Shutting down and abandoning module SessionServices (538)
[2019.01.05-18.06.55:462][196]LogModuleManager: Shutting down and abandoning module ViewportSnapping (536)
[2019.01.05-18.06.55:462][196]LogModuleManager: Shutting down and abandoning module ViewportInteraction (534)
[2019.01.05-18.06.55:462][196]LogModuleManager: Shutting down and abandoning module ClothPainter (532)
[2019.01.05-18.06.55:462][196]LogModuleManager: Shutting down and abandoning module SkeletalMeshEditor (531)
[2019.01.05-18.06.55:462][196]LogModuleManager: Shutting down and abandoning module LogVisualizer (528)
[2019.01.05-18.06.55:462][196]LogModuleManager: Shutting down and abandoning module IntroTutorials (526)
[2019.01.05-18.06.55:462][196]LogModuleManager: Shutting down and abandoning module GameProjectGeneration (525)
[2019.01.05-18.06.55:463][196]LogModuleManager: Shutting down and abandoning module LuminPlatformEditor (522)
[2019.01.05-18.06.55:463][196]LogModuleManager: Shutting down and abandoning module IOSPlatformEditor (520)
[2019.01.05-18.06.55:463][196]LogModuleManager: Shutting down and abandoning module HTML5PlatformEditor (518)
[2019.01.05-18.06.55:463][196]LogModuleManager: Shutting down and abandoning module AndroidPlatformEditor (516)
[2019.01.05-18.06.55:463][196]LogModuleManager: Shutting down and abandoning module AndroidDeviceDetection (515)
[2019.01.05-18.06.55:705][196]LogModuleManager: Shutting down and abandoning module WindowsPlatformEditor (512)
[2019.01.05-18.06.55:706][196]LogModuleManager: Shutting down and abandoning module LuminRuntimeSettings (510)
[2019.01.05-18.06.55:706][196]LogModuleManager: Shutting down and abandoning module IOSRuntimeSettings (508)
[2019.01.05-18.06.55:706][196]LogModuleManager: Shutting down and abandoning module AndroidRuntimeSettings (506)
[2019.01.05-18.06.55:706][196]LogModuleManager: Shutting down and abandoning module InputBindingEditor (504)
[2019.01.05-18.06.55:706][196]LogModuleManager: Shutting down and abandoning module MergeActors (502)
[2019.01.05-18.06.55:706][196]LogModuleManager: Shutting down and abandoning module LocalizationDashboard (500)
[2019.01.05-18.06.55:706][196]LogModuleManager: Shutting down and abandoning module LocalizationService (499)
[2019.01.05-18.06.55:706][196]LogModuleManager: Shutting down and abandoning module HardwareTargeting (496)
[2019.01.05-18.06.55:706][196]LogModuleManager: Shutting down and abandoning module DeviceProfileEditor (494)
[2019.01.05-18.06.55:706][196]LogModuleManager: Shutting down and abandoning module UndoHistory (492)
[2019.01.05-18.06.55:706][196]LogModuleManager: Shutting down and abandoning module XmlParser (490)
[2019.01.05-18.06.55:707][196]LogModuleManager: Shutting down and abandoning module Blutility (488)
[2019.01.05-18.06.55:707][196]LogModuleManager: Shutting down and abandoning module ProjectSettingsViewer (486)
[2019.01.05-18.06.55:707][196]LogModuleManager: Shutting down and abandoning module ProjectTargetPlatformEditor (485)
[2019.01.05-18.06.55:707][196]LogModuleManager: Shutting down and abandoning module EditorSettingsViewer (482)
[2019.01.05-18.06.55:707][196]LogModuleManager: Shutting down and abandoning module SettingsEditor (480)
[2019.01.05-18.06.55:707][196]LogModuleManager: Shutting down and abandoning module ProjectLauncher (478)
[2019.01.05-18.06.55:707][196]LogModuleManager: Shutting down and abandoning module SessionFrontend (476)
[2019.01.05-18.06.55:707][196]LogModuleManager: Shutting down and abandoning module ProfilerClient (474)
[2019.01.05-18.06.55:708][196]LogModuleManager: Shutting down and abandoning module DeviceManager (472)
[2019.01.05-18.06.55:708][196]LogModuleManager: Shutting down and abandoning module TargetDeviceServices (471)
[2019.01.05-18.06.55:763][196]LogModuleManager: Shutting down and abandoning module AutomationController (468)
[2019.01.05-18.06.55:763][196]LogModuleManager: Shutting down and abandoning module AutomationWindow (466)
[2019.01.05-18.06.55:763][196]LogModuleManager: Shutting down and abandoning module Layers (464)
[2019.01.05-18.06.55:763][196]LogModuleManager: Shutting down and abandoning module ComponentVisualizers (462)
[2019.01.05-18.06.55:763][196]LogModuleManager: Shutting down and abandoning module DetailCustomizations (460)
[2019.01.05-18.06.55:763][196]LogModuleManager: Shutting down and abandoning module PackagesDialog (458)
[2019.01.05-18.06.55:763][196]LogModuleManager: Shutting down and abandoning module Persona (456)
[2019.01.05-18.06.55:763][196]LogModuleManager: Shutting down and abandoning module AdvancedPreviewScene (455)
[2019.01.05-18.06.55:763][196]LogModuleManager: Shutting down and abandoning module AnimGraph (453)
[2019.01.05-18.06.55:763][196]LogModuleManager: Shutting down and abandoning module Kismet (450)
[2019.01.05-18.06.55:767][196]LogModuleManager: Shutting down and abandoning module GraphEditor (448)
[2019.01.05-18.06.55:767][196]LogModuleManager: Shutting down and abandoning module ClassViewer (446)
[2019.01.05-18.06.55:769][196]LogModuleManager: Shutting down and abandoning module Toolbox (444)
[2019.01.05-18.06.55:769][196]LogModuleManager: Shutting down and abandoning module DesktopPlatform (443)
[2019.01.05-18.06.55:769][196]LogModuleManager: Shutting down and abandoning module ModuleUI (440)
[2019.01.05-18.06.55:769][196]LogModuleManager: Shutting down and abandoning module MovieSceneTools (438)
[2019.01.05-18.06.55:769][196]LogModuleManager: Shutting down and abandoning module OutputLog (436)
[2019.01.05-18.06.55:769][196]LogModuleManager: Shutting down and abandoning module GammaUI (434)
[2019.01.05-18.06.55:769][196]LogModuleManager: Shutting down and abandoning module Documentation (432)
[2019.01.05-18.06.55:769][196]LogModuleManager: Shutting down and abandoning module MovieSceneTracks (430)
[2019.01.05-18.06.55:769][196]LogModuleManager: Shutting down and abandoning module MovieScene (428)
[2019.01.05-18.06.55:769][196]LogModuleManager: Shutting down and abandoning module StreamingPauseRendering (426)
[2019.01.05-18.06.55:769][196]LogModuleManager: Shutting down and abandoning module LauncherPlatform (424)
[2019.01.05-18.06.55:770][196]LogModuleManager: Shutting down and abandoning module AnalyticsET (422)
[2019.01.05-18.06.55:770][196]LogModuleManager: Shutting down and abandoning module PortalServices (420)
[2019.01.05-18.06.55:770][196]LogModuleManager: Shutting down and abandoning module PortalRpc (418)
[2019.01.05-18.06.55:770][196]LogModuleManager: Shutting down and abandoning module MessagingRpc (416)
[2019.01.05-18.06.55:770][196]LogModuleManager: Shutting down and abandoning module AIModule (414)
[2019.01.05-18.06.55:770][196]LogModuleManager: Shutting down and abandoning module GameplayDebugger (413)
[2019.01.05-18.06.55:770][196]LogModuleManager: Shutting down and abandoning module AITestSuite (411)
[2019.01.05-18.06.55:770][196]LogModuleManager: Shutting down and abandoning module NavigationSystem (409)
[2019.01.05-18.06.55:770][196]LogModuleManager: Shutting down and abandoning module ProfilerService (406)
[2019.01.05-18.06.55:902][196]LogModuleManager: Shutting down and abandoning module TaskGraph (404)
[2019.01.05-18.06.55:902][196]LogModuleManager: Shutting down and abandoning module SteamVRController (402)
[2019.01.05-18.06.55:902][196]LogModuleManager: Shutting down and abandoning module ProceduralMeshComponentEditor (400)
[2019.01.05-18.06.55:902][196]LogModuleManager: Shutting down and abandoning module ProceduralMeshComponent (398)
[2019.01.05-18.06.55:902][196]LogModuleManager: Shutting down and abandoning module OculusInput (396)
[2019.01.05-18.06.55:902][196]LogModuleManager: Shutting down and abandoning module MobilePatchingUtils (394)
[2019.01.05-18.06.55:902][196]LogModuleManager: Shutting down and abandoning module EditableMesh (392)
[2019.01.05-18.06.55:903][196]LogModuleManager: Shutting down and abandoning module CustomMeshComponent (390)
[2019.01.05-18.06.55:903][196]LogModuleManager: Shutting down and abandoning module CableComponent (388)
[2019.01.05-18.06.55:903][196]LogModuleManager: Shutting down and abandoning module AudioCapture (386)
[2019.01.05-18.06.55:903][196]LogModuleManager: Shutting down and abandoning module ArchVisCharacter (384)
[2019.01.05-18.06.55:903][196]LogModuleManager: Shutting down and abandoning module AndroidPermission (382)
[2019.01.05-18.06.55:903][196]LogModuleManager: Shutting down and abandoning module NUTUnrealEngine4 (380)
[2019.01.05-18.06.55:903][196]LogModuleManager: Shutting down and abandoning module NetcodeUnitTest (378)
[2019.01.05-18.06.55:903][196]LogModuleManager: Shutting down and abandoning module MediaCompositingEditor (376)
[2019.01.05-18.06.55:903][196]LogModuleManager: Shutting down and abandoning module MediaCompositing (374)
[2019.01.05-18.06.55:903][196]LogModuleManager: Shutting down and abandoning module LinearTimecode (372)
[2019.01.05-18.06.55:903][196]LogModuleManager: Shutting down and abandoning module ImgMedia (370)
[2019.01.05-18.06.55:909][196]LogModuleManager: Shutting down and abandoning module HTML5Networking (368)
[2019.01.05-18.06.55:909][196]LogModuleManager: Shutting down and abandoning module GeometryCacheTracks (366)
[2019.01.05-18.06.55:909][196]LogModuleManager: Shutting down and abandoning module GeometryCacheSequencer (364)
[2019.01.05-18.06.55:909][196]LogModuleManager: Shutting down and abandoning module BackChannel (362)
[2019.01.05-18.06.55:909][196]LogModuleManager: Shutting down and abandoning module AppleVision (360)
[2019.01.05-18.06.55:909][196]LogModuleManager: Shutting down and abandoning module AppleImageUtils (358)
[2019.01.05-18.06.55:909][196]LogModuleManager: Shutting down and abandoning module AlembicImporter (356)
[2019.01.05-18.06.55:909][196]LogModuleManager: Shutting down and abandoning module AlembicLibrary (355)
[2019.01.05-18.06.55:909][196]LogModuleManager: Shutting down and abandoning module GeometryCache (354)
[2019.01.05-18.06.55:909][196]LogModuleManager: Shutting down and abandoning module GeometryCacheEd (353)
[2019.01.05-18.06.55:910][196]LogModuleManager: Shutting down and abandoning module DatasmithContentEditor (348)
[2019.01.05-18.06.55:910][196]LogModuleManager: Shutting down and abandoning module DatasmithContent (346)
[2019.01.05-18.06.55:910][196]LogModuleManager: Shutting down and abandoning module SpeedTreeImporter (344)
[2019.01.05-18.06.55:910][196]LogModuleManager: Shutting down and abandoning module PluginBrowser (342)
[2019.01.05-18.06.55:910][196]LogModuleManager: Shutting down and abandoning module MobileLauncherProfileWizard (340)
[2019.01.05-18.06.55:910][196]LogModuleManager: Shutting down and abandoning module PolygonModeling (338)
[2019.01.05-18.06.55:910][196]LogModuleManager: Shutting down and abandoning module MeshEditor (336)
[2019.01.05-18.06.55:911][196]LogModuleManager: Shutting down and abandoning module CryptoKeysOpenSSL (334)
[2019.01.05-18.06.55:911][196]LogModuleManager: Shutting down and abandoning module CryptoKeys (332)
[2019.01.05-18.06.55:911][196]LogModuleManager: Shutting down and abandoning module VisualStudioSourceCodeAccess (330)
[2019.01.05-18.06.55:911][196]LogModuleManager: Shutting down and abandoning module VisualStudioCodeSourceCodeAccess (328)
[2019.01.05-18.06.55:911][196]LogModuleManager: Shutting down and abandoning module UObjectPlugin (326)
[2019.01.05-18.06.55:911][196]LogModuleManager: Shutting down and abandoning module SubversionSourceControl (324)
[2019.01.05-18.06.55:911][196]LogModuleManager: Shutting down and abandoning module PerforceSourceControl (322)
[2019.01.05-18.06.55:911][196]LogModuleManager: Shutting down and abandoning module GitSourceControl (320)
[2019.01.05-18.06.55:911][196]LogModuleManager: Shutting down and abandoning module SourceControl (319)
[2019.01.05-18.06.55:911][196]LogModuleManager: Shutting down and abandoning module CLionSourceCodeAccess (316)
[2019.01.05-18.06.55:911][196]LogModuleManager: Shutting down and abandoning module LightPropagationVolumeEditor (314)
[2019.01.05-18.06.55:911][196]LogModuleManager: Shutting down and abandoning module PaperTiledImporter (312)
[2019.01.05-18.06.55:911][196]LogModuleManager: Shutting down and abandoning module PaperSpriteSheetImporter (310)
[2019.01.05-18.06.55:911][196]LogModuleManager: Shutting down and abandoning module Paper2DEditor (308)
[2019.01.05-18.06.55:911][196]LogModuleManager: Shutting down and abandoning module MeshPaint (307)
[2019.01.05-18.06.55:911][196]LogModuleManager: Shutting down and abandoning module PairProject (304)
[2019.01.05-18.06.55:911][196]LogModuleManager: Shutting down and abandoning module RuntimePhysXCooking (302)
[2019.01.05-18.06.55:911][196]LogModuleManager: Shutting down and abandoning module PhysXVehiclesEditor (300)
[2019.01.05-18.06.55:912][196]LogModuleManager: Shutting down and abandoning module PhysXVehicles (298)
[2019.01.05-18.06.55:912][196]LogModuleManager: Shutting down and abandoning module OculusEditor (296)
[2019.01.05-18.06.55:912][196]LogModuleManager: Shutting down and abandoning module LocationServicesBPLibrary (294)
[2019.01.05-18.06.55:912][196]LogModuleManager: Shutting down and abandoning module ImmediatePhysicsEditor (292)
[2019.01.05-18.06.55:912][196]LogModuleManager: Shutting down and abandoning module ImmediatePhysics (290)
[2019.01.05-18.06.55:912][196]LogModuleManager: Shutting down and abandoning module ApexDestructionEditor (288)
[2019.01.05-18.06.55:912][196]LogModuleManager: Shutting down and abandoning module ApexDestruction (286)
[2019.01.05-18.06.55:912][196]LogModuleManager: Shutting down and abandoning module ActorSequence (284)
[2019.01.05-18.06.55:912][196]LogModuleManager: Shutting down and abandoning module UdpMessaging (282)
[2019.01.05-18.06.56:013][196]LogModuleManager: Shutting down and abandoning module TcpMessaging (280)
[2019.01.05-18.06.56:113][196]LogModuleManager: Shutting down and abandoning module MagicLeapAudio (278)
[2019.01.05-18.06.56:113][196]LogModuleManager: Shutting down and abandoning module GameplayTagsEditor (276)
[2019.01.05-18.06.56:113][196]LogModuleManager: Shutting down and abandoning module FacialAnimationEditor (274)
[2019.01.05-18.06.56:113][196]LogModuleManager: Shutting down and abandoning module FacialAnimation (272)
[2019.01.05-18.06.56:113][196]LogModuleManager: Shutting down and abandoning module DataValidation (270)
[2019.01.05-18.06.56:113][196]LogModuleManager: Shutting down and abandoning module AssetManagerEditor (268)
[2019.01.05-18.06.56:113][196]LogModuleManager: Shutting down and abandoning module LevelEditor (267)
[2019.01.05-18.06.56:114][196]LogModuleManager: Shutting down and abandoning module PixelInspectorModule (266)
[2019.01.05-18.06.56:114][196]LogModuleManager: Shutting down and abandoning module CommonMenuExtensions (264)
[2019.01.05-18.06.56:114][196]LogModuleManager: Shutting down and abandoning module MainFrame (262)
[2019.01.05-18.06.56:114][196]LogModuleManager: Shutting down and abandoning module HotReload (261)
[2019.01.05-18.06.56:114][196]LogModuleManager: Shutting down and abandoning module ContentBrowser (257)
[2019.01.05-18.06.56:115][196]LogModuleManager: Shutting down and abandoning module TreeMap (255)
[2019.01.05-18.06.56:115][196]LogModuleManager: Shutting down and abandoning module LightPropagationVolumeRuntime (252)
[2019.01.05-18.06.56:115][196]LogModuleManager: Shutting down and abandoning module AISupportModule (250)
[2019.01.05-18.06.56:115][196]LogModuleManager: Shutting down and abandoning module Paper2D (248)
[2019.01.05-18.06.56:115][196]LogModuleManager: Shutting down and abandoning module WindowsMoviePlayer (246)
[2019.01.05-18.06.56:115][196]LogModuleManager: Shutting down and abandoning module WmfMedia (244)
[2019.01.05-18.06.56:118][196]LogModuleManager: Shutting down and abandoning module Media (243)
[2019.01.05-18.06.56:125][196]LogModuleManager: Shutting down and abandoning module PacketHandler (240)
[2019.01.05-18.06.56:125][196]LogModuleManager: Shutting down and abandoning module ClothingSystemEditor (238)
[2019.01.05-18.06.56:125][196]LogModuleManager: Shutting down and abandoning module ClothingSystemRuntime (236)
[2019.01.05-18.06.56:125][196]LogModuleManager: Shutting down and abandoning module MediaAssets (234)
[2019.01.05-18.06.56:125][196]LogModuleManager: Shutting down and abandoning module Overlay (232)
[2019.01.05-18.06.56:125][196]LogModuleManager: Shutting down and abandoning module OverlayEditor (231)
[2019.01.05-18.06.56:125][196]LogModuleManager: Shutting down and abandoning module VREditor (228)
[2019.01.05-18.06.56:125][196]LogModuleManager: Shutting down and abandoning module StringTableEditor (226)
[2019.01.05-18.06.56:126][196]LogModuleManager: Shutting down and abandoning module GameplayTasksEditor (224)
[2019.01.05-18.06.56:126][196]LogModuleManager: Shutting down and abandoning module BehaviorTreeEditor (222)
[2019.01.05-18.06.56:126][196]LogModuleManager: Shutting down and abandoning module FunctionalTesting (220)
[2019.01.05-18.06.56:126][196]LogModuleManager: Shutting down and abandoning module CollisionAnalyzer (218)
[2019.01.05-18.06.56:126][196]LogModuleManager: Shutting down and abandoning module WorkspaceMenuStructure (217)
[2019.01.05-18.06.56:126][196]LogModuleManager: Shutting down and abandoning module UMG (214)
[2019.01.05-18.06.56:126][196]LogModuleManager: Shutting down and abandoning module UMGEditor (213)
[2019.01.05-18.06.56:126][196]LogModuleManager: Shutting down and abandoning module Sequencer (212)
[2019.01.05-18.06.56:126][196]LogModuleManager: Shutting down and abandoning module MessageLog (209)
[2019.01.05-18.06.56:126][196]LogModuleManager: Shutting down and abandoning module SlateReflector (204)
[2019.01.05-18.06.56:126][196]LogModuleManager: Shutting down and abandoning module Slate (202)
[2019.01.05-18.06.56:126][196]LogModuleManager: Shutting down and abandoning module EditorStyle (200)
[2019.01.05-18.06.56:128][196]LogModuleManager: Shutting down and abandoning module MRMesh (198)
[2019.01.05-18.06.56:128][196]LogModuleManager: Shutting down and abandoning module SourceCodeAccess (196)
[2019.01.05-18.06.56:128][196]LogModuleManager: Shutting down and abandoning module HeadMountedDisplay (194)
[2019.01.05-18.06.56:128][196]LogModuleManager: Shutting down and abandoning module XAudio2 (192)
[2019.01.05-18.06.56:128][196]LogModuleManager: Shutting down and abandoning module Networking (190)
[2019.01.05-18.06.56:128][196]LogModuleManager: Shutting down and abandoning module Core (188)
[2019.01.05-18.06.56:128][196]LogModuleManager: Shutting down and abandoning module LevelSequence (186)
[2019.01.05-18.06.56:128][196]LogModuleManager: Shutting down and abandoning module KismetCompiler (184)
[2019.01.05-18.06.56:128][196]LogModuleManager: Shutting down and abandoning module MeshUtilities (182)
[2019.01.05-18.06.56:128][196]LogModuleManager: Shutting down and abandoning module MeshMergeUtilities (181)
[2019.01.05-18.06.56:128][196]LogModuleManager: Shutting down and abandoning module MeshReductionInterface (180)
[2019.01.05-18.06.56:128][196]LogModuleManager: Shutting down and abandoning module SimplygonSwarm (179)
[2019.01.05-18.06.56:128][196]LogModuleManager: Shutting down and abandoning module ProxyLODMeshReduction (177)
[2019.01.05-18.06.56:128][196]LogModuleManager: Shutting down and abandoning module SimplygonMeshReduction (175)
[2019.01.05-18.06.56:128][196]LogModuleManager: Shutting down and abandoning module QuadricMeshReduction (173)
[2019.01.05-18.06.56:128][196]LogModuleManager: Shutting down and abandoning module MaterialBaking (169)
[2019.01.05-18.06.56:128][196]LogModuleManager: Shutting down and abandoning module DirectoryWatcher (165)
[2019.01.05-18.06.56:128][196]LogModuleManager: Shutting down and abandoning module DerivedDataCache (162)
[2019.01.05-18.06.56:173][196]LogDerivedDataCache: Shutdown
[2019.01.05-18.06.56:174][196]LogModuleManager: Shutting down and abandoning module XGEController (160)
[2019.01.05-18.06.56:174][196]LogXGEController: Cleaning working directory: C:/Users/h017026h/AppData/Local/Temp/UnrealXGEWorkingDir/
[2019.01.05-18.06.56:174][196]LogModuleManager: Shutting down and abandoning module TargetPlatform (158)
[2019.01.05-18.06.56:174][196]LogModuleManager: Shutting down and abandoning module VulkanShaderFormat (157)
[2019.01.05-18.06.56:174][196]LogModuleManager: Shutting down and abandoning module ShaderFormatVectorVM (155)
[2019.01.05-18.06.56:174][196]LogModuleManager: Shutting down and abandoning module ShaderFormatOpenGL (153)
[2019.01.05-18.06.56:174][196]LogModuleManager: Shutting down and abandoning module ShaderFormatD3D (151)
[2019.01.05-18.06.56:174][196]LogModuleManager: Shutting down and abandoning module MetalShaderFormat (149)
[2019.01.05-18.06.56:174][196]LogModuleManager: Shutting down and abandoning module TextureFormatUncompressed (147)
[2019.01.05-18.06.56:174][196]LogModuleManager: Shutting down and abandoning module TextureFormatPVR (145)
[2019.01.05-18.06.56:175][196]LogModuleManager: Shutting down and abandoning module TextureFormatDXT (143)
[2019.01.05-18.06.56:175][196]LogModuleManager: Shutting down and abandoning module TextureFormatIntelISPCTexComp (141)
[2019.01.05-18.06.56:177][196]LogModuleManager: Shutting down and abandoning module TextureFormatASTC (139)
[2019.01.05-18.06.56:177][196]LogModuleManager: Shutting down and abandoning module ImageWrapper (138)
[2019.01.05-18.06.56:177][196]LogModuleManager: Shutting down and abandoning module TextureFormatAndroid (135)
[2019.01.05-18.06.56:177][196]LogModuleManager: Shutting down and abandoning module AudioFormatOpus (133)
[2019.01.05-18.06.56:177][196]LogModuleManager: Shutting down and abandoning module AudioFormatOgg (131)
[2019.01.05-18.06.56:177][196]LogModuleManager: Shutting down and abandoning module AudioFormatADPCM (129)
[2019.01.05-18.06.56:177][196]LogModuleManager: Shutting down and abandoning module LuminTargetPlatform (127)
[2019.01.05-18.06.56:177][196]LogModuleManager: Shutting down and abandoning module LinuxTargetPlatform (125)
[2019.01.05-18.06.56:177][196]LogModuleManager: Shutting down and abandoning module LinuxServerTargetPlatform (123)
[2019.01.05-18.06.56:177][196]LogModuleManager: Shutting down and abandoning module LinuxNoEditorTargetPlatform (121)
[2019.01.05-18.06.56:177][196]LogModuleManager: Shutting down and abandoning module LinuxClientTargetPlatform (119)
[2019.01.05-18.06.56:177][196]LogModuleManager: Shutting down and abandoning module TVOSTargetPlatform (117)
[2019.01.05-18.06.56:178][196]LogModuleManager: Shutting down and abandoning module Messaging (115)
[2019.01.05-18.06.56:178][196]LogModuleManager: Shutting down and abandoning module IOSTargetPlatform (113)
[2019.01.05-18.06.56:179][196]LogModuleManager: Shutting down and abandoning module HTML5TargetPlatform (111)
[2019.01.05-18.06.56:179][196]LogModuleManager: Shutting down and abandoning module AndroidTargetPlatform (109)
[2019.01.05-18.06.56:183][196]LogModuleManager: Shutting down and abandoning module WindowsTargetPlatform (107)
[2019.01.05-18.06.56:183][196]LogModuleManager: Shutting down and abandoning module WindowsServerTargetPlatform (105)
[2019.01.05-18.06.56:183][196]LogModuleManager: Shutting down and abandoning module WindowsNoEditorTargetPlatform (103)
[2019.01.05-18.06.56:183][196]LogModuleManager: Shutting down and abandoning module WindowsClientTargetPlatform (101)
[2019.01.05-18.06.56:183][196]LogModuleManager: Shutting down and abandoning module MacTargetPlatform (99)
[2019.01.05-18.06.56:183][196]LogModuleManager: Shutting down and abandoning module MacServerTargetPlatform (97)
[2019.01.05-18.06.56:184][196]LogModuleManager: Shutting down and abandoning module MacNoEditorTargetPlatform (95)
[2019.01.05-18.06.56:184][196]LogModuleManager: Shutting down and abandoning module MacClientTargetPlatform (93)
[2019.01.05-18.06.56:184][196]LogModuleManager: Shutting down and abandoning module AllDesktopTargetPlatform (91)
[2019.01.05-18.06.56:184][196]LogModuleManager: Shutting down and abandoning module InputCore (88)
[2019.01.05-18.06.56:184][196]LogModuleManager: Shutting down and abandoning module Settings (86)
[2019.01.05-18.06.56:184][196]LogModuleManager: Shutting down and abandoning module PhysXCooking (84)
[2019.01.05-18.06.56:184][196]LogModuleManager: Shutting down and abandoning module SteamVR (82)
[2019.01.05-18.06.56:184][196]LogModuleManager: Shutting down and abandoning module OculusHMD (80)
[2019.01.05-18.06.56:184][196]LogModuleManager: Shutting down and abandoning module ExampleDeviceProfileSelector (78)
[2019.01.05-18.06.56:184][196]LogModuleManager: Shutting down and abandoning module LauncherChunkInstaller (76)
[2019.01.05-18.06.56:184][196]LogModuleManager: Shutting down and abandoning module OnlineBlueprintSupport (74)
[2019.01.05-18.06.56:184][196]LogModuleManager: Shutting down and abandoning module OnlineSubsystem (70)
[2019.01.05-18.06.56:186][196]LogModuleManager: Shutting down and abandoning module XMPP (65)
[2019.01.05-18.06.56:186][196]LogModuleManager: Shutting down and abandoning module WebSockets (64)
[2019.01.05-18.06.56:193][196]LogModuleManager: Shutting down and abandoning module HTTP (61)
[2019.01.05-18.06.56:193][196]LogHttp: Display: Http module shutting down, but needs to wait on 1 outstanding Http requests:
[2019.01.05-18.06.56:193][196]LogHttp: Display: 	verb=[POST] url=[https://datarouter.ol.epicgames.com/datarouter/api/v1/public/data?SessionID=%7B99830D19-48C9-CF22-55AE-A988162DAA8C%7D&AppID=UEEditor.Rocket.Release&AppVersion=4.20.3-4369336%2B%2B%2BUE4%2BRelease-4.20&UserID=81238f3745259e4ccbe49699fefb750c%7C57acdad4fb0c413ba5aebbf147efe532%7C4262c4f5-6bc8-4dde-bd6b-1806285362b0&AppEnvironment=datacollector-binary&UploadType=eteventstream] status=Processing
[2019.01.05-18.06.56:199][196]LogModuleManager: Shutting down and abandoning module SSL (60)
[2019.01.05-18.06.56:200][196]LogModuleManager: Shutting down and abandoning module MagicLeapEmulator (56)
[2019.01.05-18.06.56:200][196]LogModuleManager: Shutting down and abandoning module MagicLeapPrivileges (54)
[2019.01.05-18.06.56:200][196]LogModuleManager: Shutting down and abandoning module MagicLeapIdentity (52)
[2019.01.05-18.06.56:200][196]LogModuleManager: Shutting down and abandoning module MagicLeapHelperVulkan (50)
[2019.01.05-18.06.56:201][196]LogModuleManager: Shutting down and abandoning module MagicLeapHelperOpenGL (48)
[2019.01.05-18.06.56:201][196]LogModuleManager: Shutting down and abandoning module MagicLeapSecureStorage (46)
[2019.01.05-18.06.56:201][196]LogModuleManager: Shutting down and abandoning module MagicLeapGestures (44)
[2019.01.05-18.06.56:201][196]LogModuleManager: Shutting down and abandoning module MagicLeapEyeTracker (42)
[2019.01.05-18.06.56:201][196]LogModuleManager: Shutting down and abandoning module MagicLeapController (40)
[2019.01.05-18.06.56:212][196]LogSlate: Slate User Destroyed.  User Index 0, Is Virtual User: 0
[2019.01.05-18.06.56:212][196]LogModuleManager: Shutting down and abandoning module MagicLeap (38)
[2019.01.05-18.06.56:212][196]LogModuleManager: Shutting down and abandoning module AnimationModifiers (36)
[2019.01.05-18.06.56:212][196]LogModuleManager: Shutting down and abandoning module PropertyEditor (35)
[2019.01.05-18.06.56:213][196]LogModuleManager: Shutting down and abandoning module AudioEditor (32)
[2019.01.05-18.06.56:213][196]LogModuleManager: Shutting down and abandoning module TextureCompressor (30)
[2019.01.05-18.06.56:214][196]LogModuleManager: Shutting down and abandoning module ShaderCore (28)
[2019.01.05-18.06.56:214][196]LogModuleManager: Shutting down and abandoning module Landscape (26)
[2019.01.05-18.06.56:214][196]LogModuleManager: Shutting down and abandoning module SlateRHIRenderer (24)
[2019.01.05-18.06.56:216][196]LogModuleManager: Shutting down and abandoning module OpenGLDrv (22)
[2019.01.05-18.06.56:216][196]LogModuleManager: Shutting down and abandoning module D3D11RHI (20)
[2019.01.05-18.06.56:216][196]LogModuleManager: Shutting down and abandoning module AnimGraphRuntime (18)
[2019.01.05-18.06.56:216][196]LogModuleManager: Shutting down and abandoning module Renderer (16)
[2019.01.05-18.06.56:216][196]LogModuleManager: Shutting down and abandoning module Engine (14)
[2019.01.05-18.06.56:216][196]LogModuleManager: Shutting down and abandoning module CoreUObject (12)
[2019.01.05-18.06.56:216][196]LogModuleManager: Shutting down and abandoning module NetworkFile (10)
[2019.01.05-18.06.56:216][196]LogModuleManager: Shutting down and abandoning module CookedIterativeFile (8)
[2019.01.05-18.06.56:216][196]LogModuleManager: Shutting down and abandoning module StreamingFile (6)
[2019.01.05-18.06.56:216][196]LogModuleManager: Shutting down and abandoning module SandboxFile (4)
[2019.01.05-18.06.56:216][196]LogModuleManager: Shutting down and abandoning module PakFile (2)
[2019.01.05-18.06.56:235][196]LogExit: Exiting.
[2019.01.05-18.06.56:240][196]Log file closed, 01/05/19 18:06:56
