Log file open, 12/23/18 18:47:17
LogWindows: Failed to load 'aqProf.dll' (GetLastError=126)
LogWindows: File 'aqProf.dll' does not exist
LogWindows: Failed to load 'VSPerf140.dll' (GetLastError=126)
LogWindows: File 'VSPerf140.dll' does not exist
LogWindows: Failed to load 'VtuneApi.dll' (GetLastError=126)
LogWindows: File 'VtuneApi.dll' does not exist
LogWindows: Failed to load 'VtuneApi32e.dll' (GetLastError=126)
LogWindows: File 'VtuneApi32e.dll' does not exist
LogInit: Display: Running engine for game: PairProject
LogPlatformFile: Not using cached read wrapper
LogTaskGraph: Started task graph with 5 named threads and 35 total threads with 3 sets of task threads.
LogStats: Stats thread started at 0.553070
LogD3D11RHI: Loaded GFSDK_Aftermath_Lib.x64.dll
LogICUInternationalization: Display: ICU TimeZone Detection - Raw Offset: +0:00, Platform Override: ''
LogPluginManager: Mounting plugin Paper2D
LogPluginManager: Mounting plugin AISupport
LogPluginManager: Mounting plugin LightPropagationVolume
LogPluginManager: Mounting plugin CLionSourceCodeAccess
LogPluginManager: Mounting plugin CodeLiteSourceCodeAccess
LogPluginManager: Mounting plugin GitSourceControl
LogPluginManager: Mounting plugin KDevelopSourceCodeAccess
LogPluginManager: Mounting plugin NullSourceCodeAccess
LogPluginManager: Mounting plugin PerforceSourceControl
LogPluginManager: Mounting plugin SubversionSourceControl
LogPluginManager: Mounting plugin UObjectPlugin
LogPluginManager: Mounting plugin VisualStudioCodeSourceCodeAccess
LogPluginManager: Mounting plugin VisualStudioSourceCodeAccess
LogPluginManager: Mounting plugin XCodeSourceCodeAccess
LogPluginManager: Mounting plugin AssetManagerEditor
LogPluginManager: Mounting plugin CryptoKeys
LogPluginManager: Mounting plugin DataValidation
LogPluginManager: Mounting plugin FacialAnimation
LogPluginManager: Mounting plugin GameplayTagsEditor
LogPluginManager: Mounting plugin MacGraphicsSwitching
LogPluginManager: Mounting plugin MeshEditor
LogPluginManager: Mounting plugin MobileLauncherProfileWizard
LogPluginManager: Mounting plugin PluginBrowser
LogPluginManager: Mounting plugin SpeedTreeImporter
LogPluginManager: Mounting plugin DatasmithContent
LogPluginManager: Mounting plugin AlembicImporter
LogPluginManager: Mounting plugin AppleImageUtils
LogPluginManager: Mounting plugin AppleVision
LogPluginManager: Mounting plugin BackChannel
LogPluginManager: Mounting plugin CharacterAI
LogPluginManager: Mounting plugin GeometryCache
LogPluginManager: Mounting plugin HTML5Networking
LogPluginManager: Mounting plugin ProxyLODPlugin
LogPluginManager: Mounting plugin MagicLeap
LogPluginManager: Mounting plugin MagicLeapEmulator
LogPluginManager: Mounting plugin MagicLeapMedia
LogPluginManager: Mounting plugin AndroidMedia
LogPluginManager: Mounting plugin AvfMedia
LogPluginManager: Mounting plugin ImgMedia
LogPluginManager: Mounting plugin LinearTimecode
LogPluginManager: Mounting plugin MediaCompositing
LogPluginManager: Mounting plugin MediaPlayerEditor
LogPluginManager: Mounting plugin WmfMedia
LogPluginManager: Mounting plugin TcpMessaging
LogPluginManager: Mounting plugin UdpMessaging
LogPluginManager: Mounting plugin ActorSequence
LogPluginManager: Mounting plugin LevelSequenceEditor
LogPluginManager: Mounting plugin MatineeToLevelSequence
LogPluginManager: Mounting plugin NetcodeUnitTest
LogPluginManager: Mounting plugin NUTUnrealEngine4
LogPluginManager: Mounting plugin OnlineSubsystemGooglePlay
LogPluginManager: Mounting plugin OnlineSubsystemIOS
LogPluginManager: Mounting plugin OnlineSubsystem
LogPluginManager: Mounting plugin OnlineSubsystemNull
LogPluginManager: Mounting plugin OnlineSubsystemUtils
LogPluginManager: Mounting plugin LauncherChunkInstaller
LogPluginManager: Mounting plugin AndroidDeviceProfileSelector
LogPluginManager: Mounting plugin AndroidMoviePlayer
LogPluginManager: Mounting plugin AndroidPermission
LogPluginManager: Mounting plugin AppleMoviePlayer
LogPluginManager: Mounting plugin ArchVisCharacter
LogPluginManager: Mounting plugin AudioCapture
LogPluginManager: Mounting plugin CableComponent
LogPluginManager: Mounting plugin CustomMeshComponent
LogPluginManager: Mounting plugin EditableMesh
LogPluginManager: Mounting plugin ExampleDeviceProfileSelector
LogPluginManager: Mounting plugin GoogleCloudMessaging
LogPluginManager: Mounting plugin ImmediatePhysics
LogPluginManager: Mounting plugin IOSDeviceProfileSelector
LogPluginManager: Mounting plugin LinuxDeviceProfileSelector
LogPluginManager: Mounting plugin LocationServicesBPLibrary
LogPluginManager: Mounting plugin MobilePatchingUtils
LogPluginManager: Mounting plugin OculusVR
LogPluginManager: Plugin shader directory ../../../Engine/Plugins/Runtime/Oculus/OculusVR/Shaders found
LogPluginManager: Mapping shader source directory ../../../Engine/Plugins/Runtime/Oculus/OculusVR/Shaders to virtual directory /Plugin/OculusVR
LogPluginManager: Mounting plugin PhysXVehicles
LogPluginManager: Mounting plugin ProceduralMeshComponent
LogPluginManager: Mounting plugin RuntimePhysXCooking
LogPluginManager: Mounting plugin SteamVR
LogPluginManager: Mounting plugin WindowsMoviePlayer
LogStreaming: Display: Took  0.150s to configure plugins.
LogInit: Using libcurl 7.55.1-DEV
LogInit:  - built for x86_64-pc-win32
LogInit:  - supports SSL with OpenSSL/1.0.2h
LogInit:  - supports HTTP deflate (compression) using libz 1.2.8
LogInit:  - other features:
LogInit:      CURL_VERSION_SSL
LogInit:      CURL_VERSION_LIBZ
LogInit:      CURL_VERSION_IPV6
LogInit:      CURL_VERSION_ASYNCHDNS
LogInit:      CURL_VERSION_LARGEFILE
LogInit:      CURL_VERSION_IDN
LogInit:  CurlRequestOptions (configurable via config and command line):
LogInit:  - bVerifyPeer = false  - Libcurl will NOT verify peer certificate
LogInit:  - bUseHttpProxy = false  - Libcurl will NOT use HTTP proxy
LogInit:  - bDontReuseConnections = false  - Libcurl will reuse connections
LogInit:  - CertBundlePath = nullptr  - Libcurl will use whatever was configured at build time.
LogInit:  - MaxHostConnections = 16  - Libcurl will limit the number of connections to a host
LogInit:  - LocalHostAddr = Default
LogInit:  - BufferSize = 65536
LogInit: WinSock: version 1.1 (2.2), MaxSocks=32767, MaxUdp=65467
LogInit: Build: ++UE4+Release-4.20-CL-4369336
LogInit: Engine Version: 4.20.3-4369336+++UE4+Release-4.20
LogInit: Compatible Engine Version: 4.20.0-4212847+++UE4+Release-4.20
LogInit: Net CL: 4212847
LogInit: OS: Windows 10 (), CPU: Intel(R) Core(TM) i7-8700K CPU @ 3.70GHz, GPU: NVIDIA GeForce GTX 950
LogInit: Compiled (64-bit): Sep 17 2018 12:26:19
LogInit: Compiled with Visual C++: 19.13.26129.00
LogInit: Build Configuration: Development
LogInit: Branch Name: ++UE4+Release-4.20
LogInit: Command Line:  -skipcompile
LogInit: Base Directory: D:/Program Files (x86)/UE_4.20/Engine/Binaries/Win64/
LogInit: Installed Engine Build: 1
LogDevObjectVersion: Number of dev versions registered: 20
LogDevObjectVersion:   Dev-Blueprints (B0D832E4-1F89-4F0D-ACCF-7EB736FD4AA2): 10
LogDevObjectVersion:   Dev-Build (E1C64328-A22C-4D53-A36C-8E866417BD8C): 0
LogDevObjectVersion:   Dev-Core (375EC13C-06E4-48FB-B500-84F0262A717E): 2
LogDevObjectVersion:   Dev-Editor (E4B068ED-F494-42E9-A231-DA0B2E46BB41): 24
LogDevObjectVersion:   Dev-Framework (CFFC743F-43B0-4480-9391-14DF171D2073): 34
LogDevObjectVersion:   Dev-Mobile (B02B49B5-BB20-44E9-A304-32B752E40360): 2
LogDevObjectVersion:   Dev-Networking (A4E4105C-59A1-49B5-A7C5-40C4547EDFEE): 0
LogDevObjectVersion:   Dev-Online (39C831C9-5AE6-47DC-9A44-9C173E1C8E7C): 0
LogDevObjectVersion:   Dev-Physics (78F01B33-EBEA-4F98-B9B4-84EACCB95AA2): 0
LogDevObjectVersion:   Dev-Platform (6631380F-2D4D-43E0-8009-CF276956A95A): 0
LogDevObjectVersion:   Dev-Rendering (12F88B9F-8875-4AFC-A67C-D90C383ABD29): 26
LogDevObjectVersion:   Dev-Sequencer (7B5AE74C-D270-4C10-A958-57980B212A5A): 9
LogDevObjectVersion:   Dev-VR (D7296918-1DD6-4BDD-9DE2-64A83CC13884): 2
LogDevObjectVersion:   Dev-LoadTimes (C2A15278-BFE7-4AFE-6C17-90FF531DF755): 1
LogDevObjectVersion:   Private-Geometry (6EACA3D4-40EC-4CC1-B786-8BED09428FC5): 3
LogDevObjectVersion:   Dev-AnimPhys (29E575DD-E0A3-4627-9D10-D276232CDCEA): 17
LogDevObjectVersion:   Dev-ReflectionCapture (6B266CEC-1EC7-4B8F-A30B-E4D90942FC07): 1
LogDevObjectVersion:   Dev-Automation (0DF73D61-A23F-47EA-B727-89E90C41499A): 1
LogDevObjectVersion:   FortniteMain (601D1886-AC64-4F84-AA16-D3DE0DEAC7D6): 12
LogDevObjectVersion:   Dev-Enterprise (9DFFBCD6-494F-0158-E221-12823C92A888): 1
LogStreaming: Display: Took  0.006s to delete old logs.
LogInit: Presizing for max 8388607 objects, including 0 objects not considered by GC, pre-allocating 0 bytes for permanent pool.
LogInit: Object subsystem initialized
[2018.12.23-18.47.17:699][  0]LogInit: Selected Device Profile: [Windows]
[2018.12.23-18.47.17:699][  0]LogInit: Applying CVar settings loaded from the selected device profile: [Windows]
[2018.12.23-18.47.17:714][  0]LogHAL: Display: Platform has ~ 16 GB [17132584960 / 17179869184 / 16], which maps to Larger [LargestMinGB=32, LargerMinGB=12, DefaultMinGB=8, SmallerMinGB=6, SmallestMinGB=0)
[2018.12.23-18.47.17:714][  0]LogInit: Setting Device Profile CVar: [[r.Vulkan.UseRealUBs:1]]
[2018.12.23-18.47.17:714][  0]LogInit: Going up to parent DeviceProfile []
[2018.12.23-18.47.17:715][  0]LogInit: Computer: DESKTOP-D8L6EI8
[2018.12.23-18.47.17:715][  0]LogInit: User: h017026h
[2018.12.23-18.47.17:715][  0]LogInit: CPU Page size=4096, Cores=6
[2018.12.23-18.47.17:715][  0]LogInit: High frequency timer resolution =3.609369 MHz
[2018.12.23-18.47.17:715][  0]LogMemory: Memory total: Physical=16.0GB (16GB approx)
[2018.12.23-18.47.17:715][  0]LogMemory: Platform Memory Stats for Windows
[2018.12.23-18.47.17:715][  0]LogMemory: Process Physical Memory: 103.53 MB used, 103.53 MB peak
[2018.12.23-18.47.17:715][  0]LogMemory: Process Virtual Memory: 93.91 MB used, 93.91 MB peak
[2018.12.23-18.47.17:715][  0]LogMemory: Physical Memory: 8271.27 MB used,  8067.63 MB free, 16338.91 MB total
[2018.12.23-18.47.17:715][  0]LogMemory: Virtual Memory: 4660.66 MB used,  8067.63 MB free, 134217728.00 MB total
[2018.12.23-18.47.17:805][  0]LogInit: Using OS detected language (en-GB).
[2018.12.23-18.47.17:805][  0]LogInit: Using OS detected locale (en-GB).
[2018.12.23-18.47.17:806][  0]LogTextLocalizationManager: No specific localization for 'en-GB' exists, so the 'en' localization will be used.
[2018.12.23-18.47.18:135][  0]LogStreaming: Display: Took  0.330s to InitEngineTextLocalization.
[2018.12.23-18.47.18:135][  0]LogInit: Setting process to per monitor DPI aware
[2018.12.23-18.47.18:178][  0]LogSlate: New Slate User Created.  User Index 0, Is Virtual User: 0
[2018.12.23-18.47.18:178][  0]LogSlate: Slate User Registered.  User Index 0, Is Virtual User: 0
[2018.12.23-18.47.18:416][  0]LogHMD: Failed to initialize OpenVR with code 110
[2018.12.23-18.47.18:416][  0]LogD3D11RHI: D3D11 adapters:
[2018.12.23-18.47.18:475][  0]LogD3D11RHI:    0. 'NVIDIA GeForce GTX 950' (Feature Level 11_0)
[2018.12.23-18.47.18:475][  0]LogD3D11RHI:       2007/0/8169 MB DedicatedVideo/DedicatedSystem/SharedSystem, Outputs:1, VendorId:0x10de
[2018.12.23-18.47.18:478][  0]LogD3D11RHI:    1. 'Microsoft Basic Render Driver' (Feature Level 11_0)
[2018.12.23-18.47.18:478][  0]LogD3D11RHI:       0/0/8169 MB DedicatedVideo/DedicatedSystem/SharedSystem, Outputs:0, VendorId:0x1414
[2018.12.23-18.47.18:478][  0]LogD3D11RHI: Chosen D3D11 Adapter: 0
[2018.12.23-18.47.18:487][  0]LogD3D11RHI: Creating new Direct3DDevice
[2018.12.23-18.47.18:487][  0]LogD3D11RHI:     GPU DeviceId: 0x1402 (for the marketing name, search the web for "GPU Device Id")
[2018.12.23-18.47.18:487][  0]LogWindows: EnumDisplayDevices:
[2018.12.23-18.47.18:488][  0]LogWindows:    0. 'NVIDIA GeForce GTX 950' (P:1 D:1)
[2018.12.23-18.47.18:488][  0]LogWindows:    1. 'NVIDIA GeForce GTX 950' (P:0 D:0)
[2018.12.23-18.47.18:488][  0]LogWindows:    2. 'NVIDIA GeForce GTX 950' (P:0 D:0)
[2018.12.23-18.47.18:489][  0]LogWindows:    3. 'NVIDIA GeForce GTX 950' (P:0 D:0)
[2018.12.23-18.47.18:489][  0]LogWindows: DebugString: FoundDriverCount:4 
[2018.12.23-18.47.18:489][  0]LogD3D11RHI:     Adapter Name: NVIDIA GeForce GTX 950
[2018.12.23-18.47.18:489][  0]LogD3D11RHI:   Driver Version: 399.07 (internal:24.21.13.9907, unified:399.07)
[2018.12.23-18.47.18:489][  0]LogD3D11RHI:      Driver Date: 8-21-2018
[2018.12.23-18.47.18:489][  0]LogRHI: Texture pool is 1405 MB (70% of 2007 MB)
[2018.12.23-18.47.18:524][  0]LogD3D11RHI: Async texture creation enabled
[2018.12.23-18.47.18:553][  0]LogD3D11RHI: GPU Timing Frequency: 1000.000000 (Debug: 2 2)
[2018.12.23-18.47.18:601][  0]LogShaderCompilers: Guid format shader working directory is -28 characters bigger than the processId version (../../../../../Users/h017026h/Documents/GitKraken/TGPPairProject/PairProject/Intermediate/Shaders/WorkingDirectory/21760/).
[2018.12.23-18.47.18:601][  0]LogShaderCompilers: Cleaned the shader compiler working directory 'C:/Users/h017026h/AppData/Local/Temp/UnrealShaderWorkingDir/4C17D85D497BC032A70A929D417286E7/'.
[2018.12.23-18.47.18:891][  0]LogTemp: Display: Loaded TP AllDesktopTargetPlatform
[2018.12.23-18.47.18:904][  0]LogTemp: Display: Loaded TP MacClientTargetPlatform
[2018.12.23-18.47.18:917][  0]LogTemp: Display: Loaded TP MacNoEditorTargetPlatform
[2018.12.23-18.47.18:928][  0]LogTemp: Display: Loaded TP MacServerTargetPlatform
[2018.12.23-18.47.18:941][  0]LogTemp: Display: Loaded TP MacTargetPlatform
[2018.12.23-18.47.18:953][  0]LogTemp: Display: Loaded TP WindowsClientTargetPlatform
[2018.12.23-18.47.18:973][  0]LogTemp: Display: Loaded TP WindowsNoEditorTargetPlatform
[2018.12.23-18.47.18:987][  0]LogTemp: Display: Loaded TP WindowsServerTargetPlatform
[2018.12.23-18.47.18:994][  0]LogTemp: Display: Loaded TP WindowsTargetPlatform
[2018.12.23-18.47.19:069][  0]LogTemp: Display: Loaded TP AndroidTargetPlatform
[2018.12.23-18.47.19:069][  0]LogTemp: Display: Loaded TP AndroidTargetPlatform
[2018.12.23-18.47.19:069][  0]LogTemp: Display: Loaded TP AndroidTargetPlatform
[2018.12.23-18.47.19:069][  0]LogTemp: Display: Loaded TP AndroidTargetPlatform
[2018.12.23-18.47.19:069][  0]LogTemp: Display: Loaded TP AndroidTargetPlatform
[2018.12.23-18.47.19:069][  0]LogTemp: Display: Loaded TP AndroidTargetPlatform
[2018.12.23-18.47.19:069][  0]LogTemp: Display: Loaded TP AndroidTargetPlatform
[2018.12.23-18.47.19:069][  0]LogTemp: Display: Loaded TP AndroidTargetPlatform
[2018.12.23-18.47.19:069][  0]LogTemp: Display: Loaded TP AndroidTargetPlatform
[2018.12.23-18.47.19:069][  0]LogTemp: Display: Loaded TP AndroidTargetPlatform
[2018.12.23-18.47.19:069][  0]LogTemp: Display: Loaded TP AndroidTargetPlatform
[2018.12.23-18.47.19:069][  0]LogTemp: Display: Loaded TP AndroidTargetPlatform
[2018.12.23-18.47.19:069][  0]LogTemp: Display: Loaded TP AndroidTargetPlatform
[2018.12.23-18.47.19:069][  0]LogTemp: Display: Loaded TP AndroidTargetPlatform
[2018.12.23-18.47.19:069][  0]LogTemp: Display: Loaded TP AndroidTargetPlatform
[2018.12.23-18.47.19:069][  0]LogTemp: Display: Loaded TP AndroidTargetPlatform
[2018.12.23-18.47.19:069][  0]LogTemp: Display: Loaded TP AndroidTargetPlatform
[2018.12.23-18.47.19:069][  0]LogTemp: Display: Loaded TP AndroidTargetPlatform
[2018.12.23-18.47.19:072][  0]LogTemp: Display: Loaded TP HTML5TargetPlatform
[2018.12.23-18.47.19:138][  0]LogTemp: Display: Loaded TP IOSTargetPlatform
[2018.12.23-18.47.19:138][  0]LogTemp: Display: Loaded TP IOSTargetPlatform
[2018.12.23-18.47.19:163][  0]LogTemp: Display: Loaded TP TVOSTargetPlatform
[2018.12.23-18.47.19:163][  0]LogTemp: Display: Loaded TP TVOSTargetPlatform
[2018.12.23-18.47.19:174][  0]LogTemp: Display: Loaded TP LinuxClientTargetPlatform
[2018.12.23-18.47.19:188][  0]LogTemp: Display: Loaded TP LinuxNoEditorTargetPlatform
[2018.12.23-18.47.19:202][  0]LogTemp: Display: Loaded TP LinuxServerTargetPlatform
[2018.12.23-18.47.19:216][  0]LogTemp: Display: Loaded TP LinuxTargetPlatform
[2018.12.23-18.47.19:226][  0]LogTemp: Display: Loaded TP LuminTargetPlatform
[2018.12.23-18.47.19:226][  0]LogTargetPlatformManager: Display: Building Assets For Windows
[2018.12.23-18.47.19:306][  0]LogXGEController: Cleaning working directory: C:/Users/h017026h/AppData/Local/Temp/UnrealXGEWorkingDir/
[2018.12.23-18.47.19:306][  0]LogXGEController: Cannot use XGE Controller as Incredibuild is not installed on this machine.
[2018.12.23-18.47.19:306][  0]LogShaderCompilers: Cannot use XGE Shader Compiler as Incredibuild is not installed on this machine.
[2018.12.23-18.47.19:307][  0]LogShaderCompilers: Display: Using Local Shader Compiler.
[2018.12.23-18.47.19:933][  0]LogDerivedDataCache: Display: Max Cache Size: 512 MB
[2018.12.23-18.47.19:984][  0]LogDerivedDataCache: Loaded boot cache 0.05s 71MB C:/Users/h017026h/AppData/Local/UnrealEngine/4.20/DerivedDataCache/Boot.ddc.
[2018.12.23-18.47.19:985][  0]LogDerivedDataCache: Display: Loaded Boot cache: C:/Users/h017026h/AppData/Local/UnrealEngine/4.20/DerivedDataCache/Boot.ddc
[2018.12.23-18.47.19:985][  0]LogDerivedDataCache: FDerivedDataBackendGraph:  Pak pak cache file ../../../../../Users/h017026h/Documents/GitKraken/TGPPairProject/PairProject/DerivedDataCache/DDC.ddp not found, will not use a pak cache.
[2018.12.23-18.47.19:985][  0]LogDerivedDataCache: Unable to find inner node Pak for hierarchical cache Hierarchy.
[2018.12.23-18.47.19:985][  0]LogDerivedDataCache: FDerivedDataBackendGraph:  CompressedPak pak cache file ../../../../../Users/h017026h/Documents/GitKraken/TGPPairProject/PairProject/DerivedDataCache/Compressed.ddp not found, will not use a pak cache.
[2018.12.23-18.47.19:985][  0]LogDerivedDataCache: Unable to find inner node CompressedPak for hierarchical cache Hierarchy.
[2018.12.23-18.47.19:995][  0]LogDerivedDataCache: Display: Pak cache opened for reading ../../../Engine/DerivedDataCache/Compressed.ddp.
[2018.12.23-18.47.20:008][  0]LogDerivedDataCache: Using Local data cache path C:/Users/h017026h/AppData/Local/UnrealEngine/Common/DerivedDataCache: Writable
[2018.12.23-18.47.20:008][  0]LogDerivedDataCache: Shared data cache path not found in *engine.ini, will not use an Shared cache.
[2018.12.23-18.47.20:008][  0]LogDerivedDataCache: Unable to find inner node Shared for hierarchical cache Hierarchy.
[2018.12.23-18.47.20:023][  0]LogMaterial: Verifying Global Shaders for PCD3D_SM5
[2018.12.23-18.47.20:024][  0]LogSlate: Using FreeType 2.6.0
[2018.12.23-18.47.20:025][  0]LogSlate: SlateFontServices - WITH_FREETYPE: 1, WITH_HARFBUZZ: 1
[2018.12.23-18.47.20:094][  0]LogAssetRegistry: FAssetRegistry took 0.0266 seconds to start up
[2018.12.23-18.47.20:365][  0]LogInit: Selected Device Profile: [Windows]
[2018.12.23-18.47.20:493][  0]LogSimplygon: Simplygon DLL not present - disabling.
[2018.12.23-18.47.20:499][  0]LogMeshReduction: Using SimplygonSwarm for distributed automatic mesh merging
[2018.12.23-18.47.20:499][  0]LogMeshReduction: Using ProxyLODMeshReduction for automatic mesh merging
[2018.12.23-18.47.20:500][  0]LogMeshReduction: Using QuadricMeshReduction for automatic static mesh reduction
[2018.12.23-18.47.20:500][  0]LogMeshReduction: No automatic skeletal mesh reduction module available
[2018.12.23-18.47.20:510][  0]LogNetVersion: PairProject 1.0.0, NetCL: 4212847, EngineNetVer: 5, GameNetVer: 0 (Checksum: 2248716754)
[2018.12.23-18.47.21:008][  0]LogPackageLocalizationCache: Processed 11 localized package path(s) for 2 prioritized culture(s) in 0.158636 seconds
[2018.12.23-18.47.21:016][  0]LogUObjectArray: 38425 objects as part of root set at end of initial load.
[2018.12.23-18.47.21:016][  0]LogUObjectAllocator: 6690864 out of 0 bytes used by permanent object pool.
[2018.12.23-18.47.21:016][  0]LogUObjectArray: CloseDisregardForGC: 0/0 objects in disregard for GC pool
[2018.12.23-18.47.21:899][  0]LogTcpMessaging: Initializing TcpMessaging bridge
[2018.12.23-18.47.21:915][  0]LogUdpMessaging: Initializing bridge on interface 0.0.0.0:0 to multicast group 230.0.0.1:6666.
[2018.12.23-18.47.22:083][  0]SourceControl: Source control is disabled
[2018.12.23-18.47.22:083][  0]SourceControl: Source control is disabled
[2018.12.23-18.47.22:086][  0]SourceControl: Source control is disabled
[2018.12.23-18.47.22:089][  0]SourceControl: Source control is disabled
[2018.12.23-18.47.22:316][  0]LogAndroidPermission: UAndroidPermissionCallbackProxy::GetInstance
[2018.12.23-18.47.22:411][  0]LogOcInput: OculusInput pre-init called
[2018.12.23-18.47.22:468][  0]LogEngine: Initializing Engine...
[2018.12.23-18.47.22:469][  0]LogHMD: Failed to initialize OpenVR with code 110
[2018.12.23-18.47.22:470][  0]LogStats: UGameplayTagsManager::ConstructGameplayTagTree: ImportINI prefixes -  0.000 s
[2018.12.23-18.47.22:470][  0]LogStats: UGameplayTagsManager::ConstructGameplayTagTree: Construct from data asset -  0.000 s
[2018.12.23-18.47.22:470][  0]LogStats: UGameplayTagsManager::ConstructGameplayTagTree: ImportINI -  0.000 s
[2018.12.23-18.47.22:470][  0]LogStats: UGameplayTagsManager::ConstructGameplayTagTree: GameplayTagTreeChangedEvent.Broadcast -  0.000 s
[2018.12.23-18.47.22:651][  0]LogInit: Initializing FReadOnlyCVARCache
[2018.12.23-18.47.22:662][  0]LogAIModule: Creating AISystem for world Untitled
[2018.12.23-18.47.22:682][  0]LogInit: XAudio2 using 'Headset Earphone (Corsair VOID PRO USB Gaming Headset)' : 6 channels at 48 kHz using 16 bits per sample (channel mask 0x3f)
[2018.12.23-18.47.22:785][  0]LogInit: FAudioDevice initialized.
[2018.12.23-18.47.22:785][  0]LogNetVersion: Set ProjectVersion to 1.0.0.0. Version Checksum will be recalculated on next use.
[2018.12.23-18.47.22:851][  0]LogDerivedDataCache: Saved boot cache 0.07s 71MB C:/Users/h017026h/AppData/Local/UnrealEngine/4.20/DerivedDataCache/Boot.ddc.
[2018.12.23-18.47.22:861][  0]LogInit: Texture streaming: Enabled
[2018.12.23-18.47.22:883][  0]LogEngineSessionManager: EngineSessionManager initialized
[2018.12.23-18.47.22:892][  0]LogInit: Transaction tracking system initialized
[2018.12.23-18.47.22:914][  0]BlueprintLog: New page: Editor Load
[2018.12.23-18.47.23:000][  0]LocalizationService: Localization service is disabled
[2018.12.23-18.47.23:233][  0]LogCook: Display: Max memory allowance for cook 16384mb min free memory 0mb
[2018.12.23-18.47.23:233][  0]LogCook: Display: Mobile HDR setting 1
[2018.12.23-18.47.23:233][  0]LogGameplayTags: Display: UGameplayTagsManager::DoneAddingNativeTags. DelegateIsBound: 0
[2018.12.23-18.47.23:233][  0]LogStats: UGameplayTagsManager::ConstructGameplayTagTree: ImportINI prefixes -  0.000 s
[2018.12.23-18.47.23:233][  0]LogStats: UGameplayTagsManager::ConstructGameplayTagTree: Construct from data asset -  0.000 s
[2018.12.23-18.47.23:234][  0]LogStats: UGameplayTagsManager::ConstructGameplayTagTree: ImportINI -  0.000 s
[2018.12.23-18.47.23:234][  0]LogStats: UGameplayTagsManager::ConstructGameplayTagTree: GameplayTagTreeChangedEvent.Broadcast -  0.000 s
[2018.12.23-18.47.23:377][  0]LogFileCache: Scanning file cache for directory 'D:/Users/h017026h/Documents/GitKraken/TGPPairProject/PairProject/Content/' took 0.01s
[2018.12.23-18.47.23:378][  0]SourceControl: Source control is disabled
[2018.12.23-18.47.23:378][  0]Cmd: MAP LOAD FILE="../../../Engine/Content/Maps/Templates/Template_Default.umap" TEMPLATE=1 SHOWPROGRESS=1 FEATURELEVEL=3
[2018.12.23-18.47.23:378][  0]LightingResults: New page: Lighting Build
[2018.12.23-18.47.23:380][  0]MapCheck: New page: Map Check
[2018.12.23-18.47.23:381][  0]LightingResults: New page: Lighting Build
[2018.12.23-18.47.23:556][  0]LogAIModule: Creating AISystem for world Untitled_1
[2018.12.23-18.47.23:564][  0]LogEditorServer: Finished looking for orphan Actors (0.000 secs)
[2018.12.23-18.47.23:586][  0]Cmd: MAP CHECKDEP NOCLEARLOG
[2018.12.23-18.47.23:634][  0]MapCheck: Map check complete: 0 Error(s), 0 Warning(s), took 47.872ms to complete.
[2018.12.23-18.47.23:634][  0]LogFileHelpers: Loading map 'Template_Default' took 0.257
[2018.12.23-18.47.23:724][  0]LogSlate: Updating window title bar state: overlay mode, drag disabled, window buttons hidden, title bar hidden
[2018.12.23-18.47.23:732][  0]LogSlate: Updating window title bar state: overlay mode, drag disabled, window buttons hidden, title bar hidden
[2018.12.23-18.47.23:739][  0]LogSlate: Updating window title bar state: overlay mode, drag disabled, window buttons hidden, title bar hidden
[2018.12.23-18.47.23:746][  0]LogSlate: Updating window title bar state: overlay mode, drag disabled, window buttons hidden, title bar hidden
[2018.12.23-18.47.23:752][  0]LogCollectionManager: Loaded 0 collections in 0.000904 seconds
[2018.12.23-18.47.23:800][  0]LogFileCache: Scanning file cache for directory 'D:/Users/h017026h/Documents/GitKraken/TGPPairProject/PairProject/Saved/Collections/' took 0.01s
[2018.12.23-18.47.23:800][  0]LogFileCache: Scanning file cache for directory 'D:/Users/h017026h/Documents/GitKraken/TGPPairProject/PairProject/Content/Developers/h017026h/Collections/' took 0.01s
[2018.12.23-18.47.23:800][  0]LogFileCache: Scanning file cache for directory 'D:/Users/h017026h/Documents/GitKraken/TGPPairProject/PairProject/Content/Collections/' took 0.01s
[2018.12.23-18.47.23:800][  0]LogCollectionManager: Rebuilt the GUID cache for 0 collections in 0.000001 seconds
[2018.12.23-18.47.23:810][  0]LogContentBrowser: Native class hierarchy populated in 0.0091 seconds. Added 2578 classes and 606 folders.
[2018.12.23-18.47.23:814][  0]LogContentBrowser: Native class hierarchy updated for 'WidgetCarousel' in 0.0004 seconds. Added 0 classes and 0 folders.
[2018.12.23-18.47.23:861][  0]LogContentBrowser: Native class hierarchy updated for 'AddContentDialog' in 0.0003 seconds. Added 0 classes and 0 folders.
[2018.12.23-18.47.23:867][  0]LogContentBrowser: Native class hierarchy updated for 'SceneOutliner' in 0.0004 seconds. Added 1 classes and 2 folders.
[2018.12.23-18.47.23:911][  0]LogContentBrowser: Native class hierarchy updated for 'HierarchicalLODOutliner' in 0.0005 seconds. Added 0 classes and 0 folders.
[2018.12.23-18.47.23:911][  0]LogLoad: (Engine Initialization) Total time: 8.38 seconds
[2018.12.23-18.47.23:911][  0]LogLoad: (Engine Initialization) Total Blueprint compile time: 0.00 seconds
[2018.12.23-18.47.23:922][  0]LogWindowsTextInputMethodSystem: Display: IME system now deactivated.
[2018.12.23-18.47.23:941][  0]LogContentStreaming: Texture pool size now 1000 MB
[2018.12.23-18.47.23:942][  0]LogSlate: Took 0.000172 seconds to synchronously load lazily loaded font '../../../Engine/Content/Slate/Fonts/Roboto-Regular.ttf' (155K)
[2018.12.23-18.47.23:943][  0]LogSlate: Took 0.000160 seconds to synchronously load lazily loaded font '../../../Engine/Content/Slate/Fonts/Roboto-Bold.ttf' (160K)
[2018.12.23-18.47.23:948][  0]LogSlate: Took 0.000215 seconds to synchronously load lazily loaded font '../../../Engine/Content/Editor/Slate/Fonts/FontAwesome.ttf' (139K)
[2018.12.23-18.47.24:036][  0]LogRenderer: Reallocating scene render targets to support 1064x452 Format 10 NumSamples 1 (Frame:1).
[2018.12.23-18.47.24:065][  0]LogSlate: Took 0.000278 seconds to synchronously load lazily loaded font '../../../Engine/Content/Slate/Fonts/Roboto-Light.ttf' (167K)
[2018.12.23-18.47.24:086][  1]LogAssetRegistry: Asset discovery search completed in 4.0153 seconds
[2018.12.23-18.47.24:088][  1]LogCollectionManager: Rebuilt the object cache for 0 collections in 0.000001 seconds (found 0 objects)
[2018.12.23-18.47.24:088][  1]LogCollectionManager: Fixed up redirectors for 0 collections in 0.000156 seconds (updated 0 objects)
[2018.12.23-18.47.32:261][954]LogSlate: FSceneViewport::OnFocusLost() reason 0
[2018.12.23-18.47.35:512][340]LogSlate: Took 0.000228 seconds to synchronously load lazily loaded font '../../../Engine/Content/Slate/Fonts/Roboto-Light.ttf' (167K)
[2018.12.23-18.47.35:521][340]LogAssetEditorManager: Opening Asset editor for Blueprint /Game/Blueprints/MyBaseEnemy.MyBaseEnemy
[2018.12.23-18.47.35:900][340]LogContentBrowser: Native class hierarchy updated for 'BlueprintGraph' in 0.0007 seconds. Added 116 classes and 0 folders.
[2018.12.23-18.47.36:616][340]LogSlate: Took 0.000216 seconds to synchronously load lazily loaded font '../../../Engine/Content/Slate/Fonts/Roboto-BoldCondensed.ttf' (158K)
[2018.12.23-18.47.38:291][527]LogRenderer: Reallocating scene render targets to support 1064x456 Format 10 NumSamples 1 (Frame:1).
[2018.12.23-18.47.38:787][583]LogSlate: Took 0.000219 seconds to synchronously load lazily loaded font '../../../Engine/Content/Slate/Fonts/Roboto-Italic.ttf' (157K)
[2018.12.23-18.48.02:796][287]LogSlate: Window 'MyBaseEnemy' being destroyed
[2018.12.23-18.48.02:799][287]LogSlate: Window 'MyBaseEnemy' being destroyed
[2018.12.23-18.48.17:081][985]LogAssetEditorManager: Opening Asset editor for AnimBlueprint /Game/Assets/Models/Character_Models/Stalchild/Stalchild_Animations/Stalchild_Animation_Controller.Stalchild_Animation_Controller
[2018.12.23-18.48.17:113][985]LogContentBrowser: Native class hierarchy updated for 'SkeletonEditor' in 0.0004 seconds. Added 1 classes and 2 folders.
[2018.12.23-18.48.17:302][985]LogActorComponent: RegisterComponentWithWorld: (/Engine/Transient.World_5:PersistentLevel.AnimationEditorPreviewActor_0.DebugSkelMeshComponent_0) Already registered. Aborting.
[2018.12.23-18.48.17:304][985]LogContentBrowser: Native class hierarchy updated for 'PinnedCommandList' in 0.0003 seconds. Added 1 classes and 0 folders.
[2018.12.23-18.48.17:577][985]LogSkeletalMesh: USkeletalMeshComponent::InitArticulated : Bodies already created (/Engine/Transient.World_5:PersistentLevel.AnimationEditorPreviewActor_0.DebugSkelMeshComponent_0) - call TermArticulated first.
[2018.12.23-18.48.17:929][985]LogContentBrowser: Native class hierarchy updated for 'ClothingSystemEditorInterface' in 0.0003 seconds. Added 1 classes and 0 folders.
[2018.12.23-18.48.21:190][325]LogSlate: Window 'Stalchild_Animation_Controller' being destroyed
[2018.12.23-18.48.50:471][677]LogAssetEditorManager: Opening Asset editor for AnimBlueprint /Game/Assets/Models/Character_Models/Link/Link_Animations/Movement_Animations/Link_Animation_Controller.Link_Animation_Controller
[2018.12.23-18.48.50:510][677]LogActorComponent: RegisterComponentWithWorld: (/Engine/Transient.World_13:PersistentLevel.AnimationEditorPreviewActor_0.DebugSkelMeshComponent_0) Already registered. Aborting.
[2018.12.23-18.48.50:733][677]LogSkeletalMesh: USkeletalMeshComponent::InitArticulated : Bodies already created (/Engine/Transient.World_13:PersistentLevel.AnimationEditorPreviewActor_0.DebugSkelMeshComponent_0) - call TermArticulated first.
[2018.12.23-18.48.59:113][643]BlueprintLog: New page: Compile Stalchild_Animation_Controller
[2018.12.23-18.48.59:136][643]LogBlueprint: Error: [Compiler Stalchild_Animation_Controller] The type of  Object  is undetermined.  Connect something to  Cast To BaseEnemy  to imply a specific type.
[2018.12.23-18.48.59:136][643]LogBlueprint: Error: [Compiler Stalchild_Animation_Controller] The current value of the ' Object ' pin is invalid: Unsupported type Object Wildcard on pin Object
[2018.12.23-18.48.59:266][643]LogBlueprint: Warning: [Compiler Stalchild_Animation_Controller] [0103.73] Compile of Stalchild_Animation_Controller failed. 2 Fatal Issue(s) 0 Warning(s) [in 152 ms] (/Game/Assets/Models/Character_Models/Stalchild/Stalchild_Animations/Stalchild_Animation_Controller.Stalchild_Animation_Controller)
[2018.12.23-18.49.03:609][160]BlueprintLog: New page: Compile Stalchild_Animation_Controller
[2018.12.23-18.49.03:617][160]LogBlueprint: Warning: [Compiler Stalchild_Animation_Controller] 'Base Enemy' does not inherit from 'Pawn' ( Cast To BaseEnemy  would always fail).
[2018.12.23-18.49.03:620][160]LogBlueprint: Warning: [Compiler Stalchild_Animation_Controller] 'Base Enemy' does not inherit from 'Pawn' ( Cast To BaseEnemy  would always fail).
[2018.12.23-18.49.03:741][160]LogBlueprint: Warning: [Compiler Stalchild_Animation_Controller] [0108.21] Compile of Stalchild_Animation_Controller successful, but with 2 Warning(s) [in 131 ms] (/Game/Assets/Models/Character_Models/Stalchild/Stalchild_Animations/Stalchild_Animation_Controller.Stalchild_Animation_Controller)
[2018.12.23-18.50.48:697][999]BlueprintLog: New page: Compile Stalchild_Animation_Controller
[2018.12.23-18.50.49:326][ 51]LogSavePackage: Moving '../../../../../Users/h017026h/Documents/GitKraken/TGPPairProject/PairProject/Saved/Stalchild_Animation_Controller24D74772452AB00635590D9BE5FFED1B.tmp' to '../../../../../Users/h017026h/Documents/GitKraken/TGPPairProject/PairProject/Content/Assets/Models/Character_Models/Stalchild/Stalchild_Animations/Stalchild_Animation_Controller.uasset'
[2018.12.23-18.50.51:844][346]LogEditorTransaction: Undo Delete current selection
[2018.12.23-18.50.52:004][346]LogActorComponent: RegisterComponentWithWorld: (/Engine/Transient.World_5:PersistentLevel.AnimationEditorPreviewActor_0.DebugSkelMeshComponent_0) Already registered. Aborting.
[2018.12.23-18.50.52:007][346]LogActorComponent: RegisterComponentWithWorld: (/Engine/Transient.World_13:PersistentLevel.AnimationEditorPreviewActor_0.DebugSkelMeshComponent_0) Already registered. Aborting.
[2018.12.23-18.50.52:381][389]LogEditorTransaction: Undo Delete current selection
[2018.12.23-18.50.52:543][389]LogActorComponent: RegisterComponentWithWorld: (/Engine/Transient.World_5:PersistentLevel.AnimationEditorPreviewActor_0.DebugSkelMeshComponent_0) Already registered. Aborting.
[2018.12.23-18.50.52:545][389]LogActorComponent: RegisterComponentWithWorld: (/Engine/Transient.World_13:PersistentLevel.AnimationEditorPreviewActor_0.DebugSkelMeshComponent_0) Already registered. Aborting.
[2018.12.23-18.50.52:917][432]LogEditorTransaction: Undo Delete current selection
[2018.12.23-18.50.53:085][432]LogActorComponent: RegisterComponentWithWorld: (/Engine/Transient.World_5:PersistentLevel.AnimationEditorPreviewActor_0.DebugSkelMeshComponent_0) Already registered. Aborting.
[2018.12.23-18.50.53:087][432]LogActorComponent: RegisterComponentWithWorld: (/Engine/Transient.World_13:PersistentLevel.AnimationEditorPreviewActor_0.DebugSkelMeshComponent_0) Already registered. Aborting.
[2018.12.23-18.51.08:516][254]LogAssetEditorManager: Opening Asset editor for Class /Script/PairProject.BaseEnemy
[2018.12.23-18.51.08:955][254]LogVSAccessor: Warning: Couldn't goto line number '1' in 'D:/Users/h017026h/Documents/GitKraken/TGPPairProject/PairProject/Source/PairProject/Public/BaseEnemy.h'
[2018.12.23-18.51.29:427][198]LogAssetEditorManager: Opening Asset editor for Blueprint /Game/Blueprints/MyBaseEnemy.MyBaseEnemy
[2018.12.23-18.51.48:311][402]LogAssetEditorManager: Opening Asset editor for Blueprint /Game/Blueprints/MyLinkCharacter.MyLinkCharacter
[2018.12.23-18.51.52:817][896]LogRenderer: Reallocating scene render targets to support 1064x712 Format 10 NumSamples 1 (Frame:1).
[2018.12.23-18.52.55:836][330]LogSlate: FSceneViewport::OnFocusLost() reason 0
[2018.12.23-18.53.48:546][608]LogSlate: FSceneViewport::OnFocusLost() reason 0
[2018.12.23-18.53.48:694][626]BlueprintLog: New page: Compile MyBaseEnemy
[2018.12.23-18.53.49:806][735]Cmd: OBJ SAVEPACKAGE PACKAGE="/Game/Blueprints/MyBaseEnemy" FILE="../../../../../Users/h017026h/Documents/GitKraken/TGPPairProject/PairProject/Content/Blueprints/MyBaseEnemy.uasset" SILENT=true
[2018.12.23-18.53.49:838][735]LogSavePackage: Moving '../../../../../Users/h017026h/Documents/GitKraken/TGPPairProject/PairProject/Saved/MyBaseEnemyFCD5375343BA00BFBA74ADAED789D4EF.tmp' to '../../../../../Users/h017026h/Documents/GitKraken/TGPPairProject/PairProject/Content/Blueprints/MyBaseEnemy.uasset'
[2018.12.23-18.54.26:196][ 35]BlueprintLog: New page: Compile Stalchild_Animation_Controller
[2018.12.23-18.54.26:204][ 35]LogBlueprint: Warning: [Compiler Stalchild_Animation_Controller] 'Base Enemy' does not inherit from 'Pawn' ( Cast To BaseEnemy  would always fail).
[2018.12.23-18.54.26:206][ 35]LogBlueprint: Warning: [Compiler Stalchild_Animation_Controller] 'Base Enemy' does not inherit from 'Pawn' ( Cast To BaseEnemy  would always fail).
[2018.12.23-18.54.26:320][ 35]LogBlueprint: Warning: [Compiler Stalchild_Animation_Controller] [0430.79] Compile of Stalchild_Animation_Controller successful, but with 2 Warning(s) [in 123 ms] (/Game/Assets/Models/Character_Models/Stalchild/Stalchild_Animations/Stalchild_Animation_Controller.Stalchild_Animation_Controller)
[2018.12.23-18.57.52:067][557]LogFileHelpers: Editor autosave (incl. sublevels) for '/Temp/Untitled_1' took 0.032
[2018.12.23-18.57.52:091][557]OBJ SavePackage: Generating thumbnails for [1] asset(s) in package [/Game/Assets/Models/Character_Models/Stalchild/Stalchild_Animations/Stalchild_Animation_Controller] ([1] browsable assets)...
[2018.12.23-18.57.52:122][557]OBJ SavePackage:     Rendered thumbnail for [AnimBlueprint /Game/Assets/Models/Character_Models/Stalchild/Stalchild_Animations/Stalchild_Animation_Controller.Stalchild_Animation_Controller]
[2018.12.23-18.57.52:122][557]OBJ SavePackage: Finished generating thumbnails for package [/Game/Assets/Models/Character_Models/Stalchild/Stalchild_Animations/Stalchild_Animation_Controller]
[2018.12.23-18.57.52:173][557]LogSavePackage: Moving '../../../../../Users/h017026h/Documents/GitKraken/TGPPairProject/PairProject/Saved/Stalchild_Animation_Controller_AC8CEEF45440FF6BDDAD0A19087ADF75C.tmp' to '../../../../../Users/h017026h/Documents/GitKraken/TGPPairProject/PairProject/Saved/Autosaves/Game/Assets/Models/Character_Models/Stalchild/Stalchild_Animations/Stalchild_Animation_Controller_Auto1.uasset'
[2018.12.23-18.57.52:175][557]LogFileHelpers: Auto-saving content packages took 0.107
[2018.12.23-18.58.05:298][392]LogLinker: Warning: Can't find file '/Game/Scenes/CameraTestScene_BuiltData'
[2018.12.23-18.58.05:299][392]LogLinker: Warning: Can't find file for asset '/Game/Scenes/CameraTestScene_BuiltData' while loading ../../../../../Users/h017026h/Documents/GitKraken/TGPPairProject/PairProject/Content/Scenes/CameraTestScene.umap.
[2018.12.23-18.58.05:299][392]LoadErrors: Error: /Game/Scenes/CameraTestScene : Can't find file for asset. /Game/Scenes/CameraTestScene_BuiltData
[2018.12.23-18.58.05:300][392]LogLinker: Warning: Can't find file '/Game/Scenes/CameraTestScene_BuiltData'
[2018.12.23-18.58.05:300][392]LogLinker: Warning: Can't find file for asset '/Game/Scenes/CameraTestScene_BuiltData' while loading ../../../../../Users/h017026h/Documents/GitKraken/TGPPairProject/PairProject/Content/Scenes/CameraTestScene.umap.
[2018.12.23-18.58.05:301][392]LogLinker: Warning: Can't find file '/Game/Scenes/CameraTestScene_BuiltData'
[2018.12.23-18.58.05:301][392]LogLinker: Warning: Can't find file for asset '/Game/Scenes/CameraTestScene_BuiltData' while loading NULL.
[2018.12.23-18.58.05:302][392]LogLinker: Warning: Can't find file '/Game/Scenes/CameraTestScene_BuiltData'
[2018.12.23-18.58.05:302][392]LogLinker: Warning: Can't find file for asset '/Game/Scenes/CameraTestScene_BuiltData' while loading NULL.
[2018.12.23-18.58.05:308][392]LogLinker: Warning: Can't find file '/Game/Scenes/CameraTestScene_BuiltData'
[2018.12.23-18.58.05:308][392]LoadErrors: Failed to load /Game/Scenes/CameraTestScene_BuiltData.CameraTestScene_BuiltData Referenced by PersistentLevel
[2018.12.23-18.58.05:308][392]LogLinker: Warning: Can't find file for asset '/Game/Scenes/CameraTestScene_BuiltData' while loading NULL.
[2018.12.23-18.58.05:313][392]LogAIModule: Creating AISystem for world CameraTestScene
[2018.12.23-18.58.05:321][392]LogAssetEditorManager: Opening Asset editor for World /Game/Scenes/CameraTestScene.CameraTestScene
[2018.12.23-18.58.08:542][392]LogSlate: Window 'Save Content' being destroyed
[2018.12.23-18.58.08:546][392]Cmd: MAP LOAD FILE="../../../../../Users/h017026h/Documents/GitKraken/TGPPairProject/PairProject/Content/Scenes/CameraTestScene.umap" TEMPLATE=0 SHOWPROGRESS=1 FEATURELEVEL=3
[2018.12.23-18.58.08:548][392]LightingResults: New page: Lighting Build
[2018.12.23-18.58.08:549][392]LoadErrors: New page: Loading map: CameraTestScene.umap
[2018.12.23-18.58.08:549][392]MapCheck: New page: Map Check
[2018.12.23-18.58.08:549][392]LightingResults: New page: Lighting Build
[2018.12.23-18.58.08:581][392]LogEditorServer: Finished looking for orphan Actors (0.000 secs)
[2018.12.23-18.58.08:638][392]Cmd: MAP CHECKDEP NOCLEARLOG
[2018.12.23-18.58.08:702][392]MapCheck: Map check complete: 0 Error(s), 0 Warning(s), took 64.157ms to complete.
[2018.12.23-18.58.08:702][392]LogFileHelpers: Loading map 'CameraTestScene' took 0.158
[2018.12.23-18.58.12:547][840]LogSlate: FSceneViewport::OnFocusLost() reason 0
[2018.12.23-18.58.18:723][518]LogSlate: FSceneViewport::OnFocusLost() reason 0
[2018.12.23-18.58.22:441][962]BlueprintLog: New page: Compile Stalchild_Animation_Controller
[2018.12.23-18.58.22:450][962]LogBlueprint: Warning: [Compiler Stalchild_Animation_Controller] 'Base Enemy' does not inherit from 'Pawn' ( Cast To BaseEnemy  would always fail).
[2018.12.23-18.58.22:451][962]LogBlueprint: Warning: [Compiler Stalchild_Animation_Controller] 'Base Enemy' does not inherit from 'Pawn' ( Cast To BaseEnemy  would always fail).
[2018.12.23-18.58.22:576][962]LogBlueprint: Warning: [Compiler Stalchild_Animation_Controller] [0667.04] Compile of Stalchild_Animation_Controller successful, but with 2 Warning(s) [in 135 ms] (/Game/Assets/Models/Character_Models/Stalchild/Stalchild_Animations/Stalchild_Animation_Controller.Stalchild_Animation_Controller)
[2018.12.23-19.00.48:219][688]BlueprintLog: New page: Compile Stalchild_Animation_Controller
[2018.12.23-19.00.49:042][763]LogSavePackage: Moving '../../../../../Users/h017026h/Documents/GitKraken/TGPPairProject/PairProject/Saved/Stalchild_Animation_Controller9DEE30FE4D17F35BE85D7B84CB303DFA.tmp' to '../../../../../Users/h017026h/Documents/GitKraken/TGPPairProject/PairProject/Content/Assets/Models/Character_Models/Stalchild/Stalchild_Animations/Stalchild_Animation_Controller.uasset'
[2018.12.23-19.00.59:545][951]LogSavePackage: Moving '../../../../../Users/h017026h/Documents/GitKraken/TGPPairProject/PairProject/Saved/CameraTestSceneD62A4C7149D06902843EEAB2049D32BE.tmp' to '../../../../../Users/h017026h/Documents/GitKraken/TGPPairProject/PairProject/Content/Scenes/CameraTestScene.umap'
[2018.12.23-19.00.59:583][951]LogFileHelpers: Saving map 'CameraTestScene' took 0.289
[2018.12.23-19.02.13:073][757]LogAssetEditorManager: Opening Asset editor for AnimBlueprint /Game/Assets/Models/Character_Models/Stalchild/Stalchild_Animations/Stalchild_Animation_Controller.Stalchild_Animation_Controller
[2018.12.23-19.02.13:112][757]LogActorComponent: RegisterComponentWithWorld: (/Engine/Transient.World_20:PersistentLevel.AnimationEditorPreviewActor_0.DebugSkelMeshComponent_0) Already registered. Aborting.
[2018.12.23-19.02.13:296][757]LogSkeletalMesh: USkeletalMeshComponent::InitArticulated : Bodies already created (/Engine/Transient.World_20:PersistentLevel.AnimationEditorPreviewActor_0.DebugSkelMeshComponent_0) - call TermArticulated first.
[2018.12.23-19.02.52:835][432]BlueprintLog: New page: Compile Stalchild_Animation_Controller
[2018.12.23-19.02.52:846][432]LogBlueprint: Error: [Compiler Stalchild_Animation_Controller] The type of  Object  is undetermined.  Connect something to  Cast To BaseEnemy  to imply a specific type.
[2018.12.23-19.02.52:846][432]LogBlueprint: Error: [Compiler Stalchild_Animation_Controller] The current value of the ' Object ' pin is invalid: Unsupported type Object Wildcard on pin Object
[2018.12.23-19.02.52:965][432]LogBlueprint: Warning: [Compiler Stalchild_Animation_Controller] [0937.43] Compile of Stalchild_Animation_Controller failed. 2 Fatal Issue(s) 0 Warning(s) [in 129 ms] (/Game/Assets/Models/Character_Models/Stalchild/Stalchild_Animations/Stalchild_Animation_Controller.Stalchild_Animation_Controller)
[2018.12.23-19.03.13:974][940]BlueprintLog: New page: Compile Stalchild_Animation_Controller
[2018.12.23-19.03.13:983][940]LogBlueprint: Error: [Compiler Stalchild_Animation_Controller] This blueprint (self) is not a Actor, therefore ' Target ' must have a connection.
[2018.12.23-19.03.14:106][940]LogBlueprint: Warning: [Compiler Stalchild_Animation_Controller] [0958.57] Compile of Stalchild_Animation_Controller failed. 1 Fatal Issue(s) 0 Warning(s) [in 131 ms] (/Game/Assets/Models/Character_Models/Stalchild/Stalchild_Animations/Stalchild_Animation_Controller.Stalchild_Animation_Controller)
[2018.12.23-19.03.48:424][ 11]LogRenderer: Reallocating scene render targets to support 1208x712 Format 10 NumSamples 1 (Frame:176).
[2018.12.23-19.04.27:310][ 75]LogRenderer: Reallocating scene render targets to support 1208x900 Format 10 NumSamples 1 (Frame:10509).
[2018.12.23-19.05.01:979][190]BlueprintLog: New page: Compile Stalchild_Animation_Controller
[2018.12.23-19.05.05:174][547]LogSavePackage: Moving '../../../../../Users/h017026h/Documents/GitKraken/TGPPairProject/PairProject/Saved/Stalchild_Animation_Controller488736194A66A3DC1E8A6E915CD6E252.tmp' to '../../../../../Users/h017026h/Documents/GitKraken/TGPPairProject/PairProject/Content/Assets/Models/Character_Models/Stalchild/Stalchild_Animations/Stalchild_Animation_Controller.uasset'
[2018.12.23-19.05.23:906][756]BlueprintLog: New page: Compile Stalchild_Animation_Controller
[2018.12.23-19.05.23:916][756]LogBlueprint: Error: [Compiler Stalchild_Animation_Controller] The type of  Object  is undetermined.  Connect something to  Cast To BaseEnemy  to imply a specific type.
[2018.12.23-19.05.23:917][756]LogBlueprint: Error: [Compiler Stalchild_Animation_Controller] The current value of the ' Object ' pin is invalid: Unsupported type Object Wildcard on pin Object
[2018.12.23-19.05.24:032][756]LogBlueprint: Warning: [Compiler Stalchild_Animation_Controller] [1088.50] Compile of Stalchild_Animation_Controller failed. 2 Fatal Issue(s) 0 Warning(s) [in 125 ms] (/Game/Assets/Models/Character_Models/Stalchild/Stalchild_Animations/Stalchild_Animation_Controller.Stalchild_Animation_Controller)
[2018.12.23-19.05.27:622][178]LogSavePackage: Moving '../../../../../Users/h017026h/Documents/GitKraken/TGPPairProject/PairProject/Saved/Stalchild_Animation_ControllerD27D576A437FED14F2A88FAFE3C92A5B.tmp' to '../../../../../Users/h017026h/Documents/GitKraken/TGPPairProject/PairProject/Content/Assets/Models/Character_Models/Stalchild/Stalchild_Animations/Stalchild_Animation_Controller.uasset'
[2018.12.23-19.05.30:491][518]BlueprintLog: New page: Compile Stalchild_Animation_Controller
[2018.12.23-19.05.31:415][605]LogSavePackage: Moving '../../../../../Users/h017026h/Documents/GitKraken/TGPPairProject/PairProject/Saved/Stalchild_Animation_Controller69AC4AAB4FE89C83B479CFBF713C3E3A.tmp' to '../../../../../Users/h017026h/Documents/GitKraken/TGPPairProject/PairProject/Content/Assets/Models/Character_Models/Stalchild/Stalchild_Animations/Stalchild_Animation_Controller.uasset'
[2018.12.23-19.06.47:318][  7]BlueprintLog: New page: Compile Stalchild_Animation_Controller
[2018.12.23-19.06.48:299][ 99]LogSavePackage: Moving '../../../../../Users/h017026h/Documents/GitKraken/TGPPairProject/PairProject/Saved/Stalchild_Animation_Controller1965CA9E4E6884EBFF9A269D945222F1.tmp' to '../../../../../Users/h017026h/Documents/GitKraken/TGPPairProject/PairProject/Content/Assets/Models/Character_Models/Stalchild/Stalchild_Animations/Stalchild_Animation_Controller.uasset'
[2018.12.23-19.06.50:974][412]Cmd: OBJ SAVEPACKAGE PACKAGE="/Game/Blueprints/MyLinkCharacter" FILE="../../../../../Users/h017026h/Documents/GitKraken/TGPPairProject/PairProject/Content/Blueprints/MyLinkCharacter.uasset" SILENT=true
[2018.12.23-19.06.51:004][412]LogSavePackage: Moving '../../../../../Users/h017026h/Documents/GitKraken/TGPPairProject/PairProject/Saved/MyLinkCharacter9F975C8D43699800EB5E0E89C8B15D13.tmp' to '../../../../../Users/h017026h/Documents/GitKraken/TGPPairProject/PairProject/Content/Blueprints/MyLinkCharacter.uasset'
[2018.12.23-19.06.52:247][559]Cmd: OBJ SAVEPACKAGE PACKAGE="/Game/Blueprints/MyBaseEnemy" FILE="../../../../../Users/h017026h/Documents/GitKraken/TGPPairProject/PairProject/Content/Blueprints/MyBaseEnemy.uasset" SILENT=true
[2018.12.23-19.06.52:271][559]LogSavePackage: Moving '../../../../../Users/h017026h/Documents/GitKraken/TGPPairProject/PairProject/Saved/MyBaseEnemyA0457B6E4B5BFA527C6F408B6DC3BE07.tmp' to '../../../../../Users/h017026h/Documents/GitKraken/TGPPairProject/PairProject/Content/Blueprints/MyBaseEnemy.uasset'
