Log file open, 12/27/18 00:04:19
LogWindows: Failed to load 'aqProf.dll' (GetLastError=126)
LogWindows: File 'aqProf.dll' does not exist
LogWindows: Failed to load 'VSPerf140.dll' (GetLastError=126)
LogWindows: File 'VSPerf140.dll' does not exist
LogWindows: Failed to load 'VtuneApi.dll' (GetLastError=126)
LogWindows: File 'VtuneApi.dll' does not exist
LogWindows: Failed to load 'VtuneApi32e.dll' (GetLastError=126)
LogWindows: File 'VtuneApi32e.dll' does not exist
LogInit: Display: Running engine for game: PairProject
LogPlatformFile: Not using cached read wrapper
LogTaskGraph: Started task graph with 5 named threads and 35 total threads with 3 sets of task threads.
LogStats: Stats thread started at 0.486010
LogD3D11RHI: Loaded GFSDK_Aftermath_Lib.x64.dll
LogICUInternationalization: Display: ICU TimeZone Detection - Raw Offset: +0:00, Platform Override: ''
LogPluginManager: Mounting plugin Paper2D
LogPluginManager: Mounting plugin AISupport
LogPluginManager: Mounting plugin LightPropagationVolume
LogPluginManager: Mounting plugin CLionSourceCodeAccess
LogPluginManager: Mounting plugin CodeLiteSourceCodeAccess
LogPluginManager: Mounting plugin GitSourceControl
LogPluginManager: Mounting plugin KDevelopSourceCodeAccess
LogPluginManager: Mounting plugin NullSourceCodeAccess
LogPluginManager: Mounting plugin PerforceSourceControl
LogPluginManager: Mounting plugin SubversionSourceControl
LogPluginManager: Mounting plugin UObjectPlugin
LogPluginManager: Mounting plugin VisualStudioCodeSourceCodeAccess
LogPluginManager: Mounting plugin VisualStudioSourceCodeAccess
LogPluginManager: Mounting plugin XCodeSourceCodeAccess
LogPluginManager: Mounting plugin AssetManagerEditor
LogPluginManager: Mounting plugin CryptoKeys
LogPluginManager: Mounting plugin DataValidation
LogPluginManager: Mounting plugin FacialAnimation
LogPluginManager: Mounting plugin GameplayTagsEditor
LogPluginManager: Mounting plugin MacGraphicsSwitching
LogPluginManager: Mounting plugin MeshEditor
LogPluginManager: Mounting plugin MobileLauncherProfileWizard
LogPluginManager: Mounting plugin PluginBrowser
LogPluginManager: Mounting plugin SpeedTreeImporter
LogPluginManager: Mounting plugin DatasmithContent
LogPluginManager: Mounting plugin AlembicImporter
LogPluginManager: Mounting plugin AppleImageUtils
LogPluginManager: Mounting plugin AppleVision
LogPluginManager: Mounting plugin BackChannel
LogPluginManager: Mounting plugin CharacterAI
LogPluginManager: Mounting plugin GeometryCache
LogPluginManager: Mounting plugin HTML5Networking
LogPluginManager: Mounting plugin ProxyLODPlugin
LogPluginManager: Mounting plugin MagicLeap
LogPluginManager: Mounting plugin MagicLeapEmulator
LogPluginManager: Mounting plugin MagicLeapMedia
LogPluginManager: Mounting plugin AndroidMedia
LogPluginManager: Mounting plugin AvfMedia
LogPluginManager: Mounting plugin ImgMedia
LogPluginManager: Mounting plugin LinearTimecode
LogPluginManager: Mounting plugin MediaCompositing
LogPluginManager: Mounting plugin MediaPlayerEditor
LogPluginManager: Mounting plugin WmfMedia
LogPluginManager: Mounting plugin TcpMessaging
LogPluginManager: Mounting plugin UdpMessaging
LogPluginManager: Mounting plugin ActorSequence
LogPluginManager: Mounting plugin LevelSequenceEditor
LogPluginManager: Mounting plugin MatineeToLevelSequence
LogPluginManager: Mounting plugin NetcodeUnitTest
LogPluginManager: Mounting plugin NUTUnrealEngine4
LogPluginManager: Mounting plugin OnlineSubsystemGooglePlay
LogPluginManager: Mounting plugin OnlineSubsystemIOS
LogPluginManager: Mounting plugin OnlineSubsystem
LogPluginManager: Mounting plugin OnlineSubsystemNull
LogPluginManager: Mounting plugin OnlineSubsystemUtils
LogPluginManager: Mounting plugin LauncherChunkInstaller
LogPluginManager: Mounting plugin AndroidDeviceProfileSelector
LogPluginManager: Mounting plugin AndroidMoviePlayer
LogPluginManager: Mounting plugin AndroidPermission
LogPluginManager: Mounting plugin AppleMoviePlayer
LogPluginManager: Mounting plugin ArchVisCharacter
LogPluginManager: Mounting plugin AudioCapture
LogPluginManager: Mounting plugin CableComponent
LogPluginManager: Mounting plugin CustomMeshComponent
LogPluginManager: Mounting plugin EditableMesh
LogPluginManager: Mounting plugin ExampleDeviceProfileSelector
LogPluginManager: Mounting plugin GoogleCloudMessaging
LogPluginManager: Mounting plugin ImmediatePhysics
LogPluginManager: Mounting plugin IOSDeviceProfileSelector
LogPluginManager: Mounting plugin LinuxDeviceProfileSelector
LogPluginManager: Mounting plugin LocationServicesBPLibrary
LogPluginManager: Mounting plugin MobilePatchingUtils
LogPluginManager: Mounting plugin OculusVR
LogPluginManager: Plugin shader directory ../../../Engine/Plugins/Runtime/Oculus/OculusVR/Shaders found
LogPluginManager: Mapping shader source directory ../../../Engine/Plugins/Runtime/Oculus/OculusVR/Shaders to virtual directory /Plugin/OculusVR
LogPluginManager: Mounting plugin PhysXVehicles
LogPluginManager: Mounting plugin ProceduralMeshComponent
LogPluginManager: Mounting plugin RuntimePhysXCooking
LogPluginManager: Mounting plugin SteamVR
LogPluginManager: Mounting plugin WindowsMoviePlayer
LogStreaming: Display: Took  0.161s to configure plugins.
LogInit: Using libcurl 7.55.1-DEV
LogInit:  - built for x86_64-pc-win32
LogInit:  - supports SSL with OpenSSL/1.0.2h
LogInit:  - supports HTTP deflate (compression) using libz 1.2.8
LogInit:  - other features:
LogInit:      CURL_VERSION_SSL
LogInit:      CURL_VERSION_LIBZ
LogInit:      CURL_VERSION_IPV6
LogInit:      CURL_VERSION_ASYNCHDNS
LogInit:      CURL_VERSION_LARGEFILE
LogInit:      CURL_VERSION_IDN
LogInit:  CurlRequestOptions (configurable via config and command line):
LogInit:  - bVerifyPeer = false  - Libcurl will NOT verify peer certificate
LogInit:  - bUseHttpProxy = false  - Libcurl will NOT use HTTP proxy
LogInit:  - bDontReuseConnections = false  - Libcurl will reuse connections
LogInit:  - CertBundlePath = nullptr  - Libcurl will use whatever was configured at build time.
LogInit:  - MaxHostConnections = 16  - Libcurl will limit the number of connections to a host
LogInit:  - LocalHostAddr = Default
LogInit:  - BufferSize = 65536
LogInit: WinSock: version 1.1 (2.2), MaxSocks=32767, MaxUdp=65467
LogInit: Build: ++UE4+Release-4.20-CL-4369336
LogInit: Engine Version: 4.20.3-4369336+++UE4+Release-4.20
LogInit: Compatible Engine Version: 4.20.0-4212847+++UE4+Release-4.20
LogInit: Net CL: 4212847
LogInit: OS: Windows 10 (), CPU: Intel(R) Core(TM) i7-8700K CPU @ 3.70GHz, GPU: NVIDIA GeForce GTX 950
LogInit: Compiled (64-bit): Sep 17 2018 12:26:19
LogInit: Compiled with Visual C++: 19.13.26129.00
LogInit: Build Configuration: Development
LogInit: Branch Name: ++UE4+Release-4.20
LogInit: Command Line:  -skipcompile
LogInit: Base Directory: D:/Program Files (x86)/UE_4.20/Engine/Binaries/Win64/
LogInit: Installed Engine Build: 1
LogDevObjectVersion: Number of dev versions registered: 20
LogDevObjectVersion:   Dev-Blueprints (B0D832E4-1F89-4F0D-ACCF-7EB736FD4AA2): 10
LogDevObjectVersion:   Dev-Build (E1C64328-A22C-4D53-A36C-8E866417BD8C): 0
LogDevObjectVersion:   Dev-Core (375EC13C-06E4-48FB-B500-84F0262A717E): 2
LogDevObjectVersion:   Dev-Editor (E4B068ED-F494-42E9-A231-DA0B2E46BB41): 24
LogDevObjectVersion:   Dev-Framework (CFFC743F-43B0-4480-9391-14DF171D2073): 34
LogDevObjectVersion:   Dev-Mobile (B02B49B5-BB20-44E9-A304-32B752E40360): 2
LogDevObjectVersion:   Dev-Networking (A4E4105C-59A1-49B5-A7C5-40C4547EDFEE): 0
LogDevObjectVersion:   Dev-Online (39C831C9-5AE6-47DC-9A44-9C173E1C8E7C): 0
LogDevObjectVersion:   Dev-Physics (78F01B33-EBEA-4F98-B9B4-84EACCB95AA2): 0
LogDevObjectVersion:   Dev-Platform (6631380F-2D4D-43E0-8009-CF276956A95A): 0
LogDevObjectVersion:   Dev-Rendering (12F88B9F-8875-4AFC-A67C-D90C383ABD29): 26
LogDevObjectVersion:   Dev-Sequencer (7B5AE74C-D270-4C10-A958-57980B212A5A): 9
LogDevObjectVersion:   Dev-VR (D7296918-1DD6-4BDD-9DE2-64A83CC13884): 2
LogDevObjectVersion:   Dev-LoadTimes (C2A15278-BFE7-4AFE-6C17-90FF531DF755): 1
LogDevObjectVersion:   Private-Geometry (6EACA3D4-40EC-4CC1-B786-8BED09428FC5): 3
LogDevObjectVersion:   Dev-AnimPhys (29E575DD-E0A3-4627-9D10-D276232CDCEA): 17
LogDevObjectVersion:   Dev-ReflectionCapture (6B266CEC-1EC7-4B8F-A30B-E4D90942FC07): 1
LogDevObjectVersion:   Dev-Automation (0DF73D61-A23F-47EA-B727-89E90C41499A): 1
LogDevObjectVersion:   FortniteMain (601D1886-AC64-4F84-AA16-D3DE0DEAC7D6): 12
LogDevObjectVersion:   Dev-Enterprise (9DFFBCD6-494F-0158-E221-12823C92A888): 1
LogStreaming: Display: Took  0.002s to delete old logs.
LogInit: Presizing for max 8388607 objects, including 0 objects not considered by GC, pre-allocating 0 bytes for permanent pool.
LogInit: Object subsystem initialized
[2018.12.27-00.04.19:728][  0]LogInit: Selected Device Profile: [Windows]
[2018.12.27-00.04.19:728][  0]LogInit: Applying CVar settings loaded from the selected device profile: [Windows]
[2018.12.27-00.04.19:741][  0]LogHAL: Display: Platform has ~ 16 GB [17132584960 / 17179869184 / 16], which maps to Larger [LargestMinGB=32, LargerMinGB=12, DefaultMinGB=8, SmallerMinGB=6, SmallestMinGB=0)
[2018.12.27-00.04.19:741][  0]LogInit: Setting Device Profile CVar: [[r.Vulkan.UseRealUBs:1]]
[2018.12.27-00.04.19:741][  0]LogInit: Going up to parent DeviceProfile []
[2018.12.27-00.04.19:742][  0]LogInit: Computer: DESKTOP-D8L6EI8
[2018.12.27-00.04.19:742][  0]LogInit: User: h017026h
[2018.12.27-00.04.19:742][  0]LogInit: CPU Page size=4096, Cores=6
[2018.12.27-00.04.19:742][  0]LogInit: High frequency timer resolution =3.609373 MHz
[2018.12.27-00.04.19:743][  0]LogMemory: Memory total: Physical=16.0GB (16GB approx)
[2018.12.27-00.04.19:743][  0]LogMemory: Platform Memory Stats for Windows
[2018.12.27-00.04.19:743][  0]LogMemory: Process Physical Memory: 103.21 MB used, 103.21 MB peak
[2018.12.27-00.04.19:743][  0]LogMemory: Process Virtual Memory: 93.89 MB used, 93.89 MB peak
[2018.12.27-00.04.19:743][  0]LogMemory: Physical Memory: 6710.89 MB used,  9628.02 MB free, 16338.91 MB total
[2018.12.27-00.04.19:743][  0]LogMemory: Virtual Memory: 4660.66 MB used,  9628.02 MB free, 134217728.00 MB total
[2018.12.27-00.04.19:836][  0]LogInit: Using OS detected language (en-GB).
[2018.12.27-00.04.19:836][  0]LogInit: Using OS detected locale (en-GB).
[2018.12.27-00.04.19:837][  0]LogTextLocalizationManager: No specific localization for 'en-GB' exists, so the 'en' localization will be used.
[2018.12.27-00.04.20:122][  0]LogStreaming: Display: Took  0.286s to InitEngineTextLocalization.
[2018.12.27-00.04.20:122][  0]LogInit: Setting process to per monitor DPI aware
[2018.12.27-00.04.20:162][  0]LogSlate: New Slate User Created.  User Index 0, Is Virtual User: 0
[2018.12.27-00.04.20:162][  0]LogSlate: Slate User Registered.  User Index 0, Is Virtual User: 0
[2018.12.27-00.04.20:384][  0]LogHMD: Failed to initialize OpenVR with code 110
[2018.12.27-00.04.20:384][  0]LogD3D11RHI: D3D11 adapters:
[2018.12.27-00.04.20:448][  0]LogD3D11RHI:    0. 'NVIDIA GeForce GTX 950' (Feature Level 11_0)
[2018.12.27-00.04.20:448][  0]LogD3D11RHI:       2007/0/8169 MB DedicatedVideo/DedicatedSystem/SharedSystem, Outputs:1, VendorId:0x10de
[2018.12.27-00.04.20:451][  0]LogD3D11RHI:    1. 'Microsoft Basic Render Driver' (Feature Level 11_0)
[2018.12.27-00.04.20:451][  0]LogD3D11RHI:       0/0/8169 MB DedicatedVideo/DedicatedSystem/SharedSystem, Outputs:0, VendorId:0x1414
[2018.12.27-00.04.20:451][  0]LogD3D11RHI: Chosen D3D11 Adapter: 0
[2018.12.27-00.04.20:456][  0]LogD3D11RHI: Creating new Direct3DDevice
[2018.12.27-00.04.20:456][  0]LogD3D11RHI:     GPU DeviceId: 0x1402 (for the marketing name, search the web for "GPU Device Id")
[2018.12.27-00.04.20:456][  0]LogWindows: EnumDisplayDevices:
[2018.12.27-00.04.20:456][  0]LogWindows:    0. 'NVIDIA GeForce GTX 950' (P:1 D:1)
[2018.12.27-00.04.20:457][  0]LogWindows:    1. 'NVIDIA GeForce GTX 950' (P:0 D:0)
[2018.12.27-00.04.20:457][  0]LogWindows:    2. 'NVIDIA GeForce GTX 950' (P:0 D:0)
[2018.12.27-00.04.20:457][  0]LogWindows:    3. 'NVIDIA GeForce GTX 950' (P:0 D:0)
[2018.12.27-00.04.20:457][  0]LogWindows: DebugString: FoundDriverCount:4 
[2018.12.27-00.04.20:458][  0]LogD3D11RHI:     Adapter Name: NVIDIA GeForce GTX 950
[2018.12.27-00.04.20:458][  0]LogD3D11RHI:   Driver Version: 399.07 (internal:24.21.13.9907, unified:399.07)
[2018.12.27-00.04.20:458][  0]LogD3D11RHI:      Driver Date: 8-21-2018
[2018.12.27-00.04.20:458][  0]LogRHI: Texture pool is 1405 MB (70% of 2007 MB)
[2018.12.27-00.04.20:490][  0]LogD3D11RHI: Async texture creation enabled
[2018.12.27-00.04.20:519][  0]LogD3D11RHI: GPU Timing Frequency: 1000.000000 (Debug: 2 2)
[2018.12.27-00.04.20:568][  0]LogShaderCompilers: Guid format shader working directory is -28 characters bigger than the processId version (../../../../../Users/h017026h/Documents/GitKraken/TGPPairProject/PairProject/Intermediate/Shaders/WorkingDirectory/16816/).
[2018.12.27-00.04.20:568][  0]LogShaderCompilers: Cleaned the shader compiler working directory 'C:/Users/h017026h/AppData/Local/Temp/UnrealShaderWorkingDir/C62269344D6D0262149368BB448F1426/'.
[2018.12.27-00.04.20:761][  0]LogTemp: Display: Loaded TP AllDesktopTargetPlatform
[2018.12.27-00.04.20:773][  0]LogTemp: Display: Loaded TP MacClientTargetPlatform
[2018.12.27-00.04.20:786][  0]LogTemp: Display: Loaded TP MacNoEditorTargetPlatform
[2018.12.27-00.04.20:799][  0]LogTemp: Display: Loaded TP MacServerTargetPlatform
[2018.12.27-00.04.20:814][  0]LogTemp: Display: Loaded TP MacTargetPlatform
[2018.12.27-00.04.20:826][  0]LogTemp: Display: Loaded TP WindowsClientTargetPlatform
[2018.12.27-00.04.20:837][  0]LogTemp: Display: Loaded TP WindowsNoEditorTargetPlatform
[2018.12.27-00.04.20:849][  0]LogTemp: Display: Loaded TP WindowsServerTargetPlatform
[2018.12.27-00.04.20:855][  0]LogTemp: Display: Loaded TP WindowsTargetPlatform
[2018.12.27-00.04.20:920][  0]LogTemp: Display: Loaded TP AndroidTargetPlatform
[2018.12.27-00.04.20:920][  0]LogTemp: Display: Loaded TP AndroidTargetPlatform
[2018.12.27-00.04.20:920][  0]LogTemp: Display: Loaded TP AndroidTargetPlatform
[2018.12.27-00.04.20:920][  0]LogTemp: Display: Loaded TP AndroidTargetPlatform
[2018.12.27-00.04.20:921][  0]LogTemp: Display: Loaded TP AndroidTargetPlatform
[2018.12.27-00.04.20:921][  0]LogTemp: Display: Loaded TP AndroidTargetPlatform
[2018.12.27-00.04.20:921][  0]LogTemp: Display: Loaded TP AndroidTargetPlatform
[2018.12.27-00.04.20:921][  0]LogTemp: Display: Loaded TP AndroidTargetPlatform
[2018.12.27-00.04.20:921][  0]LogTemp: Display: Loaded TP AndroidTargetPlatform
[2018.12.27-00.04.20:921][  0]LogTemp: Display: Loaded TP AndroidTargetPlatform
[2018.12.27-00.04.20:921][  0]LogTemp: Display: Loaded TP AndroidTargetPlatform
[2018.12.27-00.04.20:921][  0]LogTemp: Display: Loaded TP AndroidTargetPlatform
[2018.12.27-00.04.20:921][  0]LogTemp: Display: Loaded TP AndroidTargetPlatform
[2018.12.27-00.04.20:921][  0]LogTemp: Display: Loaded TP AndroidTargetPlatform
[2018.12.27-00.04.20:922][  0]LogTemp: Display: Loaded TP AndroidTargetPlatform
[2018.12.27-00.04.20:922][  0]LogTemp: Display: Loaded TP AndroidTargetPlatform
[2018.12.27-00.04.20:922][  0]LogTemp: Display: Loaded TP AndroidTargetPlatform
[2018.12.27-00.04.20:922][  0]LogTemp: Display: Loaded TP AndroidTargetPlatform
[2018.12.27-00.04.20:924][  0]LogTemp: Display: Loaded TP HTML5TargetPlatform
[2018.12.27-00.04.20:986][  0]LogTemp: Display: Loaded TP IOSTargetPlatform
[2018.12.27-00.04.20:986][  0]LogTemp: Display: Loaded TP IOSTargetPlatform
[2018.12.27-00.04.21:016][  0]LogTemp: Display: Loaded TP TVOSTargetPlatform
[2018.12.27-00.04.21:016][  0]LogTemp: Display: Loaded TP TVOSTargetPlatform
[2018.12.27-00.04.21:031][  0]LogTemp: Display: Loaded TP LinuxClientTargetPlatform
[2018.12.27-00.04.21:045][  0]LogTemp: Display: Loaded TP LinuxNoEditorTargetPlatform
[2018.12.27-00.04.21:057][  0]LogTemp: Display: Loaded TP LinuxServerTargetPlatform
[2018.12.27-00.04.21:069][  0]LogTemp: Display: Loaded TP LinuxTargetPlatform
[2018.12.27-00.04.21:079][  0]LogTemp: Display: Loaded TP LuminTargetPlatform
[2018.12.27-00.04.21:079][  0]LogTargetPlatformManager: Display: Building Assets For Windows
[2018.12.27-00.04.21:159][  0]LogXGEController: Cleaning working directory: C:/Users/h017026h/AppData/Local/Temp/UnrealXGEWorkingDir/
[2018.12.27-00.04.21:159][  0]LogXGEController: Cannot use XGE Controller as Incredibuild is not installed on this machine.
[2018.12.27-00.04.21:159][  0]LogShaderCompilers: Cannot use XGE Shader Compiler as Incredibuild is not installed on this machine.
[2018.12.27-00.04.21:159][  0]LogShaderCompilers: Display: Using Local Shader Compiler.
[2018.12.27-00.04.21:735][  0]LogDerivedDataCache: Display: Max Cache Size: 512 MB
[2018.12.27-00.04.21:783][  0]LogDerivedDataCache: Loaded boot cache 0.05s 71MB C:/Users/h017026h/AppData/Local/UnrealEngine/4.20/DerivedDataCache/Boot.ddc.
[2018.12.27-00.04.21:783][  0]LogDerivedDataCache: Display: Loaded Boot cache: C:/Users/h017026h/AppData/Local/UnrealEngine/4.20/DerivedDataCache/Boot.ddc
[2018.12.27-00.04.21:783][  0]LogDerivedDataCache: FDerivedDataBackendGraph:  Pak pak cache file ../../../../../Users/h017026h/Documents/GitKraken/TGPPairProject/PairProject/DerivedDataCache/DDC.ddp not found, will not use a pak cache.
[2018.12.27-00.04.21:783][  0]LogDerivedDataCache: Unable to find inner node Pak for hierarchical cache Hierarchy.
[2018.12.27-00.04.21:783][  0]LogDerivedDataCache: FDerivedDataBackendGraph:  CompressedPak pak cache file ../../../../../Users/h017026h/Documents/GitKraken/TGPPairProject/PairProject/DerivedDataCache/Compressed.ddp not found, will not use a pak cache.
[2018.12.27-00.04.21:783][  0]LogDerivedDataCache: Unable to find inner node CompressedPak for hierarchical cache Hierarchy.
[2018.12.27-00.04.21:796][  0]LogDerivedDataCache: Display: Pak cache opened for reading ../../../Engine/DerivedDataCache/Compressed.ddp.
[2018.12.27-00.04.21:809][  0]LogDerivedDataCache: Using Local data cache path C:/Users/h017026h/AppData/Local/UnrealEngine/Common/DerivedDataCache: Writable
[2018.12.27-00.04.21:809][  0]LogDerivedDataCache: Shared data cache path not found in *engine.ini, will not use an Shared cache.
[2018.12.27-00.04.21:809][  0]LogDerivedDataCache: Unable to find inner node Shared for hierarchical cache Hierarchy.
[2018.12.27-00.04.21:823][  0]LogMaterial: Verifying Global Shaders for PCD3D_SM5
[2018.12.27-00.04.21:825][  0]LogSlate: Using FreeType 2.6.0
[2018.12.27-00.04.21:826][  0]LogSlate: SlateFontServices - WITH_FREETYPE: 1, WITH_HARFBUZZ: 1
[2018.12.27-00.04.21:903][  0]LogAssetRegistry: FAssetRegistry took 0.0273 seconds to start up
[2018.12.27-00.04.22:144][  0]LogInit: Selected Device Profile: [Windows]
[2018.12.27-00.04.22:260][  0]LogSimplygon: Simplygon DLL not present - disabling.
[2018.12.27-00.04.22:267][  0]LogMeshReduction: Using SimplygonSwarm for distributed automatic mesh merging
[2018.12.27-00.04.22:267][  0]LogMeshReduction: Using ProxyLODMeshReduction for automatic mesh merging
[2018.12.27-00.04.22:267][  0]LogMeshReduction: Using QuadricMeshReduction for automatic static mesh reduction
[2018.12.27-00.04.22:267][  0]LogMeshReduction: No automatic skeletal mesh reduction module available
[2018.12.27-00.04.22:282][  0]LogNetVersion: PairProject 1.0.0, NetCL: 4212847, EngineNetVer: 5, GameNetVer: 0 (Checksum: 2248716754)
[2018.12.27-00.04.22:783][  0]LogPackageLocalizationCache: Processed 11 localized package path(s) for 2 prioritized culture(s) in 0.185842 seconds
[2018.12.27-00.04.22:789][  0]LogUObjectArray: 38425 objects as part of root set at end of initial load.
[2018.12.27-00.04.22:789][  0]LogUObjectAllocator: 6690864 out of 0 bytes used by permanent object pool.
[2018.12.27-00.04.22:789][  0]LogUObjectArray: CloseDisregardForGC: 0/0 objects in disregard for GC pool
[2018.12.27-00.04.23:640][  0]LogTcpMessaging: Initializing TcpMessaging bridge
[2018.12.27-00.04.23:655][  0]LogUdpMessaging: Initializing bridge on interface 0.0.0.0:0 to multicast group 230.0.0.1:6666.
[2018.12.27-00.04.23:826][  0]SourceControl: Source control is disabled
[2018.12.27-00.04.23:826][  0]SourceControl: Source control is disabled
[2018.12.27-00.04.23:829][  0]SourceControl: Source control is disabled
[2018.12.27-00.04.23:831][  0]SourceControl: Source control is disabled
[2018.12.27-00.04.24:085][  0]LogAndroidPermission: UAndroidPermissionCallbackProxy::GetInstance
[2018.12.27-00.04.24:176][  0]LogOcInput: OculusInput pre-init called
[2018.12.27-00.04.24:234][  0]LogEngine: Initializing Engine...
[2018.12.27-00.04.24:235][  0]LogHMD: Failed to initialize OpenVR with code 110
[2018.12.27-00.04.24:236][  0]LogStats: UGameplayTagsManager::ConstructGameplayTagTree: ImportINI prefixes -  0.000 s
[2018.12.27-00.04.24:236][  0]LogStats: UGameplayTagsManager::ConstructGameplayTagTree: Construct from data asset -  0.000 s
[2018.12.27-00.04.24:237][  0]LogStats: UGameplayTagsManager::ConstructGameplayTagTree: ImportINI -  0.000 s
[2018.12.27-00.04.24:237][  0]LogStats: UGameplayTagsManager::ConstructGameplayTagTree: GameplayTagTreeChangedEvent.Broadcast -  0.000 s
[2018.12.27-00.04.24:397][  0]LogInit: Initializing FReadOnlyCVARCache
[2018.12.27-00.04.24:406][  0]LogAIModule: Creating AISystem for world Untitled
[2018.12.27-00.04.24:426][  0]LogInit: XAudio2 using 'Headset Earphone (Corsair VOID PRO USB Gaming Headset)' : 6 channels at 48 kHz using 16 bits per sample (channel mask 0x3f)
[2018.12.27-00.04.24:534][  0]LogInit: FAudioDevice initialized.
[2018.12.27-00.04.24:535][  0]LogNetVersion: Set ProjectVersion to 1.0.0.0. Version Checksum will be recalculated on next use.
[2018.12.27-00.04.24:602][  0]LogDerivedDataCache: Saved boot cache 0.07s 71MB C:/Users/h017026h/AppData/Local/UnrealEngine/4.20/DerivedDataCache/Boot.ddc.
[2018.12.27-00.04.24:617][  0]LogInit: Texture streaming: Enabled
[2018.12.27-00.04.24:637][  0]LogEngineSessionManager: EngineSessionManager initialized
[2018.12.27-00.04.24:645][  0]LogInit: Transaction tracking system initialized
[2018.12.27-00.04.24:671][  0]BlueprintLog: New page: Editor Load
[2018.12.27-00.04.24:769][  0]LocalizationService: Localization service is disabled
[2018.12.27-00.04.24:999][  0]LogCook: Display: Max memory allowance for cook 16384mb min free memory 0mb
[2018.12.27-00.04.24:999][  0]LogCook: Display: Mobile HDR setting 1
[2018.12.27-00.04.24:999][  0]LogGameplayTags: Display: UGameplayTagsManager::DoneAddingNativeTags. DelegateIsBound: 0
[2018.12.27-00.04.25:000][  0]LogStats: UGameplayTagsManager::ConstructGameplayTagTree: ImportINI prefixes -  0.000 s
[2018.12.27-00.04.25:000][  0]LogStats: UGameplayTagsManager::ConstructGameplayTagTree: Construct from data asset -  0.000 s
[2018.12.27-00.04.25:000][  0]LogStats: UGameplayTagsManager::ConstructGameplayTagTree: ImportINI -  0.000 s
[2018.12.27-00.04.25:000][  0]LogStats: UGameplayTagsManager::ConstructGameplayTagTree: GameplayTagTreeChangedEvent.Broadcast -  0.000 s
[2018.12.27-00.04.25:141][  0]LogFileCache: Scanning file cache for directory 'D:/Users/h017026h/Documents/GitKraken/TGPPairProject/PairProject/Content/' took 0.02s
[2018.12.27-00.04.25:141][  0]SourceControl: Source control is disabled
[2018.12.27-00.04.25:142][  0]Cmd: MAP LOAD FILE="../../../Engine/Content/Maps/Templates/Template_Default.umap" TEMPLATE=1 SHOWPROGRESS=1 FEATURELEVEL=3
[2018.12.27-00.04.25:142][  0]LightingResults: New page: Lighting Build
[2018.12.27-00.04.25:144][  0]MapCheck: New page: Map Check
[2018.12.27-00.04.25:144][  0]LightingResults: New page: Lighting Build
[2018.12.27-00.04.25:306][  0]LogAIModule: Creating AISystem for world Untitled_1
[2018.12.27-00.04.25:314][  0]LogEditorServer: Finished looking for orphan Actors (0.000 secs)
[2018.12.27-00.04.25:334][  0]Cmd: MAP CHECKDEP NOCLEARLOG
[2018.12.27-00.04.25:378][  0]MapCheck: Map check complete: 0 Error(s), 0 Warning(s), took 43.313ms to complete.
[2018.12.27-00.04.25:378][  0]LogFileHelpers: Loading map 'Template_Default' took 0.237
[2018.12.27-00.04.25:481][  0]LogSlate: Updating window title bar state: overlay mode, drag disabled, window buttons hidden, title bar hidden
[2018.12.27-00.04.25:487][  0]LogSlate: Updating window title bar state: overlay mode, drag disabled, window buttons hidden, title bar hidden
[2018.12.27-00.04.25:494][  0]LogSlate: Updating window title bar state: overlay mode, drag disabled, window buttons hidden, title bar hidden
[2018.12.27-00.04.25:502][  0]LogSlate: Updating window title bar state: overlay mode, drag disabled, window buttons hidden, title bar hidden
[2018.12.27-00.04.25:509][  0]LogCollectionManager: Loaded 0 collections in 0.001435 seconds
[2018.12.27-00.04.25:554][  0]LogFileCache: Scanning file cache for directory 'D:/Users/h017026h/Documents/GitKraken/TGPPairProject/PairProject/Saved/Collections/' took 0.01s
[2018.12.27-00.04.25:554][  0]LogFileCache: Scanning file cache for directory 'D:/Users/h017026h/Documents/GitKraken/TGPPairProject/PairProject/Content/Developers/h017026h/Collections/' took 0.01s
[2018.12.27-00.04.25:554][  0]LogFileCache: Scanning file cache for directory 'D:/Users/h017026h/Documents/GitKraken/TGPPairProject/PairProject/Content/Collections/' took 0.01s
[2018.12.27-00.04.25:554][  0]LogCollectionManager: Rebuilt the GUID cache for 0 collections in 0.000000 seconds
[2018.12.27-00.04.25:563][  0]LogContentBrowser: Native class hierarchy populated in 0.0081 seconds. Added 2578 classes and 606 folders.
[2018.12.27-00.04.25:566][  0]LogContentBrowser: Native class hierarchy updated for 'WidgetCarousel' in 0.0003 seconds. Added 0 classes and 0 folders.
[2018.12.27-00.04.25:613][  0]LogContentBrowser: Native class hierarchy updated for 'AddContentDialog' in 0.0003 seconds. Added 0 classes and 0 folders.
[2018.12.27-00.04.25:618][  0]LogContentBrowser: Native class hierarchy updated for 'SceneOutliner' in 0.0004 seconds. Added 1 classes and 2 folders.
[2018.12.27-00.04.26:411][  0]LogSlate: Only BGRA pngs, bmps or icos are supported in by External Image Picker
[2018.12.27-00.04.26:454][  0]LogTemp: Executing iPhonePackager certificates Engine -bundlename com.YourCompany.PairProject
[2018.12.27-00.04.26:454][  0]LogTemp: CWD: D:\Program Files (x86)\UE_4.20\Engine\Binaries\DotNET\IOS
[2018.12.27-00.04.26:454][  0]LogTemp: Initial Dir: D:\Program Files (x86)\UE_4.20
[2018.12.27-00.04.26:454][  0]LogTemp: Env CWD: D:\Program Files (x86)\UE_4.20\Engine\Binaries\DotNET\IOS
[2018.12.27-00.04.26:455][  0]LogTemp: BranchPath = DESKTOP-D8L6EI8/D/Program Files (x86)/UE_4.20/Engine/Binaries --- GameBranchPath = DESKTOP-D8L6EI8/D/Program Files (x86)/UE_4.20/Engine/Binaries
[2018.12.27-00.04.26:474][  0]LogTemp: IPP ERROR: Could not find provision directory 'C:\Users\h017026h\AppData\Local/Apple Computer/MobileDevice/Provisioning Profiles/'.
[2018.12.27-00.04.26:474][  0]LogContentBrowser: Native class hierarchy updated for 'HierarchicalLODOutliner' in 0.0003 seconds. Added 0 classes and 0 folders.
[2018.12.27-00.04.26:474][  0]LogLoad: (Engine Initialization) Total time: 8.77 seconds
[2018.12.27-00.04.26:475][  0]LogLoad: (Engine Initialization) Total Blueprint compile time: 0.00 seconds
[2018.12.27-00.04.26:508][  0]LogWindowsTextInputMethodSystem: Display: IME system now deactivated.
[2018.12.27-00.04.26:550][  0]LogContentStreaming: Texture pool size now 1000 MB
[2018.12.27-00.04.26:551][  0]LogSlate: Took 0.000207 seconds to synchronously load lazily loaded font '../../../Engine/Content/Slate/Fonts/Roboto-Regular.ttf' (155K)
[2018.12.27-00.04.26:553][  0]LogSlate: Took 0.000187 seconds to synchronously load lazily loaded font '../../../Engine/Content/Slate/Fonts/Roboto-Bold.ttf' (160K)
[2018.12.27-00.04.26:557][  0]LogRenderer: Reallocating scene render targets to support 64x64 Format 10 NumSamples 1 (Frame:1).
[2018.12.27-00.04.26:558][  0]LogSlate: Took 0.000453 seconds to synchronously load lazily loaded font '../../../Engine/Content/Editor/Slate/Fonts/FontAwesome.ttf' (139K)
[2018.12.27-00.04.26:651][  0]LogRenderer: Reallocating scene render targets to support 1064x484 Format 10 NumSamples 1 (Frame:1).
[2018.12.27-00.04.26:677][  0]LogSlate: Took 0.000146 seconds to synchronously load lazily loaded font '../../../Engine/Content/Slate/Fonts/Roboto-Light.ttf' (167K)
[2018.12.27-00.04.26:704][  1]LogAssetRegistry: Asset discovery search completed in 4.8246 seconds
[2018.12.27-00.04.26:705][  1]LogCollectionManager: Rebuilt the object cache for 0 collections in 0.000000 seconds (found 0 objects)
[2018.12.27-00.04.26:705][  1]LogCollectionManager: Fixed up redirectors for 0 collections in 0.000133 seconds (updated 0 objects)
[2018.12.27-00.04.29:166][290]LogSlate: FSceneViewport::OnFocusLost() reason 0
[2018.12.27-00.04.31:785][604]LogSlate: Took 0.000219 seconds to synchronously load lazily loaded font '../../../Engine/Content/Slate/Fonts/Roboto-Light.ttf' (167K)
[2018.12.27-00.04.31:830][604]LogLinker: Warning: Can't find file '/Game/Scenes/CameraTestScene_BuiltData'
[2018.12.27-00.04.31:830][604]LogLinker: Warning: Can't find file for asset '/Game/Scenes/CameraTestScene_BuiltData' while loading ../../../../../Users/h017026h/Documents/GitKraken/TGPPairProject/PairProject/Content/Scenes/CameraTestScene.umap.
[2018.12.27-00.04.31:830][604]LoadErrors: Error: /Game/Scenes/CameraTestScene : Can't find file for asset. /Game/Scenes/CameraTestScene_BuiltData
[2018.12.27-00.04.31:831][604]LogLinker: Warning: Can't find file '/Game/Scenes/CameraTestScene_BuiltData'
[2018.12.27-00.04.31:832][604]LogLinker: Warning: Can't find file for asset '/Game/Scenes/CameraTestScene_BuiltData' while loading ../../../../../Users/h017026h/Documents/GitKraken/TGPPairProject/PairProject/Content/Scenes/CameraTestScene.umap.
[2018.12.27-00.04.31:833][604]LogLinker: Warning: Can't find file '/Game/Scenes/CameraTestScene_BuiltData'
[2018.12.27-00.04.31:833][604]LogLinker: Warning: Can't find file for asset '/Game/Scenes/CameraTestScene_BuiltData' while loading NULL.
[2018.12.27-00.04.31:834][604]LogLinker: Warning: Can't find file '/Game/Scenes/CameraTestScene_BuiltData'
[2018.12.27-00.04.31:834][604]LogLinker: Warning: Can't find file for asset '/Game/Scenes/CameraTestScene_BuiltData' while loading NULL.
[2018.12.27-00.04.31:849][604]LogLinker: Warning: Can't find file '/Game/Scenes/CameraTestScene_BuiltData'
[2018.12.27-00.04.31:850][604]LoadErrors: Failed to load /Game/Scenes/CameraTestScene_BuiltData.CameraTestScene_BuiltData Referenced by PersistentLevel
[2018.12.27-00.04.31:850][604]LogLinker: Warning: Can't find file for asset '/Game/Scenes/CameraTestScene_BuiltData' while loading NULL.
[2018.12.27-00.04.31:867][604]LogAIModule: Creating AISystem for world CameraTestScene
[2018.12.27-00.04.31:873][604]LogAssetEditorManager: Opening Asset editor for World /Game/Scenes/CameraTestScene.CameraTestScene
[2018.12.27-00.04.31:895][604]Cmd: MAP LOAD FILE="../../../../../Users/h017026h/Documents/GitKraken/TGPPairProject/PairProject/Content/Scenes/CameraTestScene.umap" TEMPLATE=0 SHOWPROGRESS=1 FEATURELEVEL=3
[2018.12.27-00.04.31:895][604]LightingResults: New page: Lighting Build
[2018.12.27-00.04.31:896][604]LoadErrors: New page: Loading map: CameraTestScene.umap
[2018.12.27-00.04.31:896][604]MapCheck: New page: Map Check
[2018.12.27-00.04.31:896][604]LightingResults: New page: Lighting Build
[2018.12.27-00.04.31:921][604]LogEditorServer: Finished looking for orphan Actors (0.000 secs)
[2018.12.27-00.04.31:979][604]Cmd: MAP CHECKDEP NOCLEARLOG
[2018.12.27-00.04.32:031][604]MapCheck: Map check complete: 0 Error(s), 0 Warning(s), took 51.611ms to complete.
[2018.12.27-00.04.32:031][604]LogFileHelpers: Loading map 'CameraTestScene' took 0.136
[2018.12.27-00.04.38:261][326]LogAssetEditorManager: Opening Asset editor for AnimBlueprint /Game/Assets/Models/Character_Models/Link/Link_Animations/Movement_Animations/Link_Animation_Controller.Link_Animation_Controller
[2018.12.27-00.04.38:275][326]LogContentBrowser: Native class hierarchy updated for 'SkeletonEditor' in 0.0004 seconds. Added 1 classes and 2 folders.
[2018.12.27-00.04.38:440][326]LogActorComponent: RegisterComponentWithWorld: (/Engine/Transient.World_8:PersistentLevel.AnimationEditorPreviewActor_0.DebugSkelMeshComponent_0) Already registered. Aborting.
[2018.12.27-00.04.38:442][326]LogContentBrowser: Native class hierarchy updated for 'PinnedCommandList' in 0.0003 seconds. Added 1 classes and 0 folders.
[2018.12.27-00.04.38:795][326]LogContentBrowser: Native class hierarchy updated for 'BlueprintGraph' in 0.0008 seconds. Added 116 classes and 0 folders.
[2018.12.27-00.04.39:379][326]LogSkeletalMesh: USkeletalMeshComponent::InitArticulated : Bodies already created (/Engine/Transient.World_8:PersistentLevel.AnimationEditorPreviewActor_0.DebugSkelMeshComponent_0) - call TermArticulated first.
[2018.12.27-00.04.39:608][326]LogSlate: Took 0.000177 seconds to synchronously load lazily loaded font '../../../Engine/Content/Slate/Fonts/Roboto-BoldCondensed.ttf' (158K)
[2018.12.27-00.04.39:664][326]LogContentBrowser: Native class hierarchy updated for 'ClothingSystemEditorInterface' in 0.0003 seconds. Added 1 classes and 0 folders.
[2018.12.27-00.04.41:126][472]LogSlate: Window 'Link_Animation_Controller' being destroyed
[2018.12.27-00.05.19:144][961]BlueprintLog: New page: Compile Link_Animation_Controller
[2018.12.27-00.05.37:007][ 16]BlueprintLog: New page: Compile Link_Animation_Controller
[2018.12.27-00.05.37:893][ 68]LogSavePackage: Moving '../../../../../Users/h017026h/Documents/GitKraken/TGPPairProject/PairProject/Saved/Link_Animation_Controller666B96E847FB94899D1F95B4F278B374.tmp' to '../../../../../Users/h017026h/Documents/GitKraken/TGPPairProject/PairProject/Content/Assets/Models/Character_Models/Link/Link_Animations/Movement_Animations/Link_Animation_Controller.uasset'
[2018.12.27-00.05.38:644][143]LogSlate: Took 0.007786 seconds to synchronously load lazily loaded font '../../../Engine/Content/Slate/Fonts/Roboto-Italic.ttf' (157K)
[2018.12.27-00.05.52:024][699]LogAssetEditorManager: Opening Asset editor for AnimSequence /Game/Assets/Models/Character_Models/Link/Link_Animations/sword_and_shield_attack.sword_and_shield_attack
[2018.12.27-00.05.52:118][699]LogActorComponent: RegisterComponentWithWorld: (/Engine/Transient.World_10:PersistentLevel.AnimationEditorPreviewActor_0.DebugSkelMeshComponent_0) Already registered. Aborting.
[2018.12.27-00.05.52:195][699]LogSkeletalMesh: USkeletalMeshComponent::InitArticulated : Bodies already created (/Engine/Transient.World_10:PersistentLevel.AnimationEditorPreviewActor_0.DebugSkelMeshComponent_0) - call TermArticulated first.
[2018.12.27-00.05.52:793][700]LogContentBrowser: Verbose: The majority of assets in the view are of type: AnimSequence
[2018.12.27-00.06.03:834][944]LogAssetEditorManager: Opening Asset editor for AnimSequence /Game/Assets/Models/Character_Models/Link/Link_Animations/sword_and_shield_attack__2_.sword_and_shield_attack__2_
[2018.12.27-00.06.03:839][944]LogActorComponent: RegisterComponentWithWorld: (/Engine/Transient.World_13:PersistentLevel.AnimationEditorPreviewActor_0.DebugSkelMeshComponent_0) Already registered. Aborting.
[2018.12.27-00.06.03:860][944]LogSkeletalMesh: USkeletalMeshComponent::InitArticulated : Bodies already created (/Engine/Transient.World_13:PersistentLevel.AnimationEditorPreviewActor_0.DebugSkelMeshComponent_0) - call TermArticulated first.
[2018.12.27-00.06.04:151][944]LogContentBrowser: Verbose: The majority of assets in the view are of type: AnimSequence
[2018.12.27-00.06.10:206][651]LogAssetEditorManager: Opening Asset editor for AnimSequence /Game/Assets/Models/Character_Models/Link/Link_Animations/sword_and_shield_attack__3_.sword_and_shield_attack__3_
[2018.12.27-00.06.18:241][583]LogAssetEditorManager: Opening Asset editor for AnimSequence /Game/Assets/Models/Character_Models/Link/Link_Animations/sword_and_shield_slash__2_.sword_and_shield_slash__2_
[2018.12.27-00.06.23:834][216]LogAssetEditorManager: Opening Asset editor for AnimSequence /Game/Assets/Models/Character_Models/Link/Link_Animations/sword_and_shield_slash.sword_and_shield_slash
[2018.12.27-00.07.09:328][530]BlueprintLog: New page: Compile Link_Animation_Controller
[2018.12.27-00.07.10:013][585]LogSavePackage: Moving '../../../../../Users/h017026h/Documents/GitKraken/TGPPairProject/PairProject/Saved/Link_Animation_ControllerB1EB7DAD46727B1E6F8E148A3E0DC91F.tmp' to '../../../../../Users/h017026h/Documents/GitKraken/TGPPairProject/PairProject/Content/Assets/Models/Character_Models/Link/Link_Animations/Movement_Animations/Link_Animation_Controller.uasset'
[2018.12.27-00.07.12:251][851]LogTemp: Repeating last play command: Selected Viewport
[2018.12.27-00.07.12:267][851]LogBlueprintUserMessages: Early PlayInEditor Detection: Level '/Game/Scenes/CameraTestScene.CameraTestScene:PersistentLevel' has LevelScriptBlueprint '/Game/Scenes/CameraTestScene.CameraTestScene:PersistentLevel.CameraTestScene' with GeneratedClass '/Game/Scenes/CameraTestScene.CameraTestScene_C' with ClassGeneratedBy '/Game/Scenes/CameraTestScene.CameraTestScene:PersistentLevel.CameraTestScene'
[2018.12.27-00.07.12:268][851]LogPlayLevel: PlayLevel: No blueprints needed recompiling
[2018.12.27-00.07.12:281][851]PIE: New page: PIE session: CameraTestScene (27 Dec 2018 00:07:12)
[2018.12.27-00.07.12:282][851]LogPlayLevel: Creating play world package: /Game/Scenes/UEDPIE_0_CameraTestScene
[2018.12.27-00.07.12:285][851]LogPlayLevel: PIE: StaticDuplicateObject took: (0.003370s)
[2018.12.27-00.07.12:286][851]LogAIModule: Creating AISystem for world CameraTestScene
[2018.12.27-00.07.12:286][851]LogPlayLevel: PIE: World Init took: (0.000870s)
[2018.12.27-00.07.12:286][851]LogPlayLevel: PIE: Created PIE world by copying editor world from /Game/Scenes/CameraTestScene.CameraTestScene to /Game/Scenes/UEDPIE_0_CameraTestScene.CameraTestScene (0.004790s)
[2018.12.27-00.07.12:337][851]LogInit: XAudio2 using 'Headset Earphone (Corsair VOID PRO USB Gaming Headset)' : 6 channels at 48 kHz using 16 bits per sample (channel mask 0x3f)
[2018.12.27-00.07.12:440][851]LogInit: FAudioDevice initialized.
[2018.12.27-00.07.12:446][851]LogSlate: Updating window title bar state: overlay mode, drag disabled, window buttons hidden, title bar hidden
[2018.12.27-00.07.12:494][851]LogLoad: Game class is 'GameModeBase'
[2018.12.27-00.07.12:497][851]LogWorld: Bringing World /Game/Scenes/UEDPIE_0_CameraTestScene.CameraTestScene up for play (max tick rate 0) at 2018.12.27-00.07.12
[2018.12.27-00.07.12:498][851]LogWorld: Bringing up level for play took: 0.003349
[2018.12.27-00.07.12:511][851]LogGameMode: FindPlayerStart: PATHS NOT DEFINED or NO PLAYERSTART with positive rating
[2018.12.27-00.07.12:518][851]LogContentBrowser: Native class hierarchy updated for 'MovieSceneCapture' in 0.0004 seconds. Added 10 classes and 0 folders.
[2018.12.27-00.07.12:520][851]PIE: Play in editor start time for /Game/Scenes/UEDPIE_0_CameraTestScene -0.19
[2018.12.27-00.07.12:521][851]LogBlueprintUserMessages: Late PlayInEditor Detection: Level '/Game/Scenes/CameraTestScene.CameraTestScene:PersistentLevel' has LevelScriptBlueprint '/Game/Scenes/CameraTestScene.CameraTestScene:PersistentLevel.CameraTestScene' with GeneratedClass '/Game/Scenes/CameraTestScene.CameraTestScene_C' with ClassGeneratedBy '/Game/Scenes/CameraTestScene.CameraTestScene:PersistentLevel.CameraTestScene'
[2018.12.27-00.07.12:541][851]LogRenderer: Reallocating scene render targets to support 1292x756 Format 10 NumSamples 1 (Frame:1).
[2018.12.27-00.07.20:500][794]LogBlueprintUserMessages: Early EndPlayMap Detection: Level '/Game/Scenes/CameraTestScene.CameraTestScene:PersistentLevel' has LevelScriptBlueprint '/Game/Scenes/CameraTestScene.CameraTestScene:PersistentLevel.CameraTestScene' with GeneratedClass '/Game/Scenes/CameraTestScene.CameraTestScene_C' with ClassGeneratedBy '/Game/Scenes/CameraTestScene.CameraTestScene:PersistentLevel.CameraTestScene'
[2018.12.27-00.07.20:501][794]LogSlate: Updating window title bar state: overlay mode, drag disabled, window buttons hidden, title bar hidden
[2018.12.27-00.07.20:523][794]LogSlate: Window 'PairProject Game Preview Standalone (64-bit/PCD3D_SM5)' being destroyed
[2018.12.27-00.07.20:568][794]LogPlayLevel: Display: Shutting down PIE online subsystems
[2018.12.27-00.07.20:569][794]LogBlueprintUserMessages: Late EndPlayMap Detection: Level '/Game/Scenes/CameraTestScene.CameraTestScene:PersistentLevel' has LevelScriptBlueprint '/Game/Scenes/CameraTestScene.CameraTestScene:PersistentLevel.CameraTestScene' with GeneratedClass '/Game/Scenes/CameraTestScene.CameraTestScene_C' with ClassGeneratedBy '/Game/Scenes/CameraTestScene.CameraTestScene:PersistentLevel.CameraTestScene'
[2018.12.27-00.07.20:615][795]LogPlayLevel: Display: Destroying online subsystem :Context_20
[2018.12.27-00.07.41:126][188]LogAssetEditorManager: Opening Asset editor for AnimBlueprint /Game/Assets/Models/Character_Models/Stalchild/Stalchild_Animations/Stalchild_Animation_Controller.Stalchild_Animation_Controller
[2018.12.27-00.07.41:172][188]LogActorComponent: RegisterComponentWithWorld: (/Engine/Transient.World_20:PersistentLevel.AnimationEditorPreviewActor_0.DebugSkelMeshComponent_0) Already registered. Aborting.
[2018.12.27-00.07.41:355][188]LogSkeletalMesh: USkeletalMeshComponent::InitArticulated : Bodies already created (/Engine/Transient.World_20:PersistentLevel.AnimationEditorPreviewActor_0.DebugSkelMeshComponent_0) - call TermArticulated first.
[2018.12.27-00.08.37:300][787]BlueprintLog: New page: Compile Link_Animation_Controller
[2018.12.27-00.08.38:008][845]LogSavePackage: Moving '../../../../../Users/h017026h/Documents/GitKraken/TGPPairProject/PairProject/Saved/Link_Animation_ControllerB62F51A14086A6DC246300827D6BFC20.tmp' to '../../../../../Users/h017026h/Documents/GitKraken/TGPPairProject/PairProject/Content/Assets/Models/Character_Models/Link/Link_Animations/Movement_Animations/Link_Animation_Controller.uasset'
[2018.12.27-00.09.04:593][ 31]LogTemp: Repeating last play command: Selected Viewport
[2018.12.27-00.09.04:609][ 31]LogBlueprintUserMessages: Early PlayInEditor Detection: Level '/Game/Scenes/CameraTestScene.CameraTestScene:PersistentLevel' has LevelScriptBlueprint '/Game/Scenes/CameraTestScene.CameraTestScene:PersistentLevel.CameraTestScene' with GeneratedClass '/Game/Scenes/CameraTestScene.CameraTestScene_C' with ClassGeneratedBy '/Game/Scenes/CameraTestScene.CameraTestScene:PersistentLevel.CameraTestScene'
[2018.12.27-00.09.04:609][ 31]LogPlayLevel: PlayLevel: No blueprints needed recompiling
[2018.12.27-00.09.04:609][ 31]PIE: New page: PIE session: CameraTestScene (27 Dec 2018 00:09:04)
[2018.12.27-00.09.04:609][ 31]LogPlayLevel: Creating play world package: /Game/Scenes/UEDPIE_0_CameraTestScene
[2018.12.27-00.09.04:612][ 31]LogPlayLevel: PIE: StaticDuplicateObject took: (0.002254s)
[2018.12.27-00.09.04:612][ 31]LogAIModule: Creating AISystem for world CameraTestScene
[2018.12.27-00.09.04:613][ 31]LogPlayLevel: PIE: World Init took: (0.000780s)
[2018.12.27-00.09.04:613][ 31]LogPlayLevel: PIE: Created PIE world by copying editor world from /Game/Scenes/CameraTestScene.CameraTestScene to /Game/Scenes/UEDPIE_0_CameraTestScene.CameraTestScene (0.003451s)
[2018.12.27-00.09.04:647][ 31]LogInit: XAudio2 using 'Headset Earphone (Corsair VOID PRO USB Gaming Headset)' : 6 channels at 48 kHz using 16 bits per sample (channel mask 0x3f)
[2018.12.27-00.09.04:743][ 31]LogInit: FAudioDevice initialized.
[2018.12.27-00.09.04:777][ 31]LogLoad: Game class is 'GameModeBase'
[2018.12.27-00.09.04:779][ 31]LogWorld: Bringing World /Game/Scenes/UEDPIE_0_CameraTestScene.CameraTestScene up for play (max tick rate 0) at 2018.12.27-00.09.04
[2018.12.27-00.09.04:780][ 31]LogWorld: Bringing up level for play took: 0.002255
[2018.12.27-00.09.04:794][ 31]PIE: Play in editor start time for /Game/Scenes/UEDPIE_0_CameraTestScene 0.083
[2018.12.27-00.09.04:794][ 31]LogBlueprintUserMessages: Late PlayInEditor Detection: Level '/Game/Scenes/CameraTestScene.CameraTestScene:PersistentLevel' has LevelScriptBlueprint '/Game/Scenes/CameraTestScene.CameraTestScene:PersistentLevel.CameraTestScene' with GeneratedClass '/Game/Scenes/CameraTestScene.CameraTestScene_C' with ClassGeneratedBy '/Game/Scenes/CameraTestScene.CameraTestScene:PersistentLevel.CameraTestScene'
[2018.12.27-00.09.16:741][462]LogBlueprintUserMessages: Early EndPlayMap Detection: Level '/Game/Scenes/CameraTestScene.CameraTestScene:PersistentLevel' has LevelScriptBlueprint '/Game/Scenes/CameraTestScene.CameraTestScene:PersistentLevel.CameraTestScene' with GeneratedClass '/Game/Scenes/CameraTestScene.CameraTestScene_C' with ClassGeneratedBy '/Game/Scenes/CameraTestScene.CameraTestScene:PersistentLevel.CameraTestScene'
[2018.12.27-00.09.16:741][462]LogSlate: Updating window title bar state: overlay mode, drag disabled, window buttons hidden, title bar hidden
[2018.12.27-00.09.16:778][462]LogPlayLevel: Display: Shutting down PIE online subsystems
[2018.12.27-00.09.16:779][462]LogBlueprintUserMessages: Late EndPlayMap Detection: Level '/Game/Scenes/CameraTestScene.CameraTestScene:PersistentLevel' has LevelScriptBlueprint '/Game/Scenes/CameraTestScene.CameraTestScene:PersistentLevel.CameraTestScene' with GeneratedClass '/Game/Scenes/CameraTestScene.CameraTestScene_C' with ClassGeneratedBy '/Game/Scenes/CameraTestScene.CameraTestScene:PersistentLevel.CameraTestScene'
[2018.12.27-00.09.16:803][462]LogSlate: Updating window title bar state: overlay mode, drag disabled, window buttons hidden, title bar hidden
[2018.12.27-00.09.16:841][465]LogPlayLevel: Display: Destroying online subsystem :Context_25
[2018.12.27-00.09.51:694][461]LogSlate: FSceneViewport::OnFocusLost() reason 2
