Log file open, 12/21/18 16:57:47
LogWindows: Failed to load 'aqProf.dll' (GetLastError=126)
LogWindows: File 'aqProf.dll' does not exist
LogWindows: Failed to load 'VSPerf140.dll' (GetLastError=126)
LogWindows: File 'VSPerf140.dll' does not exist
LogWindows: Failed to load 'VtuneApi.dll' (GetLastError=126)
LogWindows: File 'VtuneApi.dll' does not exist
LogWindows: Failed to load 'VtuneApi32e.dll' (GetLastError=126)
LogWindows: File 'VtuneApi32e.dll' does not exist
LogInit: Display: Running engine for game: PairProject
LogPlatformFile: Not using cached read wrapper
LogTaskGraph: Started task graph with 5 named threads and 23 total threads with 3 sets of task threads.
LogStats: Stats thread started at 0.422315
LogD3D11RHI: Loaded GFSDK_Aftermath_Lib.x64.dll
LogICUInternationalization: Display: ICU TimeZone Detection - Raw Offset: +0:00, Platform Override: ''
LogPluginManager: Mounting plugin Paper2D
LogPluginManager: Mounting plugin AISupport
LogPluginManager: Mounting plugin LightPropagationVolume
LogPluginManager: Mounting plugin CLionSourceCodeAccess
LogPluginManager: Mounting plugin CodeLiteSourceCodeAccess
LogPluginManager: Mounting plugin GitSourceControl
LogPluginManager: Mounting plugin KDevelopSourceCodeAccess
LogPluginManager: Mounting plugin NullSourceCodeAccess
LogPluginManager: Mounting plugin PerforceSourceControl
LogPluginManager: Mounting plugin SubversionSourceControl
LogPluginManager: Mounting plugin UObjectPlugin
LogPluginManager: Mounting plugin VisualStudioCodeSourceCodeAccess
LogPluginManager: Mounting plugin VisualStudioSourceCodeAccess
LogPluginManager: Mounting plugin XCodeSourceCodeAccess
LogPluginManager: Mounting plugin AssetManagerEditor
LogPluginManager: Mounting plugin CryptoKeys
LogPluginManager: Mounting plugin DataValidation
LogPluginManager: Mounting plugin FacialAnimation
LogPluginManager: Mounting plugin GameplayTagsEditor
LogPluginManager: Mounting plugin MacGraphicsSwitching
LogPluginManager: Mounting plugin MeshEditor
LogPluginManager: Mounting plugin MobileLauncherProfileWizard
LogPluginManager: Mounting plugin PluginBrowser
LogPluginManager: Mounting plugin SpeedTreeImporter
LogPluginManager: Mounting plugin DatasmithContent
LogPluginManager: Mounting plugin AlembicImporter
LogPluginManager: Mounting plugin AppleImageUtils
LogPluginManager: Mounting plugin AppleVision
LogPluginManager: Mounting plugin BackChannel
LogPluginManager: Mounting plugin CharacterAI
LogPluginManager: Mounting plugin GeometryCache
LogPluginManager: Mounting plugin HTML5Networking
LogPluginManager: Mounting plugin ProxyLODPlugin
LogPluginManager: Mounting plugin MagicLeap
LogPluginManager: Mounting plugin MagicLeapEmulator
LogPluginManager: Mounting plugin MagicLeapMedia
LogPluginManager: Mounting plugin AndroidMedia
LogPluginManager: Mounting plugin AvfMedia
LogPluginManager: Mounting plugin ImgMedia
LogPluginManager: Mounting plugin LinearTimecode
LogPluginManager: Mounting plugin MediaCompositing
LogPluginManager: Mounting plugin MediaPlayerEditor
LogPluginManager: Mounting plugin WmfMedia
LogPluginManager: Mounting plugin TcpMessaging
LogPluginManager: Mounting plugin UdpMessaging
LogPluginManager: Mounting plugin ActorSequence
LogPluginManager: Mounting plugin LevelSequenceEditor
LogPluginManager: Mounting plugin MatineeToLevelSequence
LogPluginManager: Mounting plugin NetcodeUnitTest
LogPluginManager: Mounting plugin NUTUnrealEngine4
LogPluginManager: Mounting plugin OnlineSubsystemGooglePlay
LogPluginManager: Mounting plugin OnlineSubsystemIOS
LogPluginManager: Mounting plugin OnlineSubsystem
LogPluginManager: Mounting plugin OnlineSubsystemNull
LogPluginManager: Mounting plugin OnlineSubsystemUtils
LogPluginManager: Mounting plugin LauncherChunkInstaller
LogPluginManager: Mounting plugin AndroidDeviceProfileSelector
LogPluginManager: Mounting plugin AndroidMoviePlayer
LogPluginManager: Mounting plugin AndroidPermission
LogPluginManager: Mounting plugin AppleMoviePlayer
LogPluginManager: Mounting plugin ArchVisCharacter
LogPluginManager: Mounting plugin AudioCapture
LogPluginManager: Mounting plugin CableComponent
LogPluginManager: Mounting plugin CustomMeshComponent
LogPluginManager: Mounting plugin EditableMesh
LogPluginManager: Mounting plugin ExampleDeviceProfileSelector
LogPluginManager: Mounting plugin GoogleCloudMessaging
LogPluginManager: Mounting plugin ImmediatePhysics
LogPluginManager: Mounting plugin IOSDeviceProfileSelector
LogPluginManager: Mounting plugin LinuxDeviceProfileSelector
LogPluginManager: Mounting plugin LocationServicesBPLibrary
LogPluginManager: Mounting plugin MobilePatchingUtils
LogPluginManager: Mounting plugin OculusVR
LogPluginManager: Plugin shader directory ../../../Engine/Plugins/Runtime/Oculus/OculusVR/Shaders found
LogPluginManager: Mapping shader source directory ../../../Engine/Plugins/Runtime/Oculus/OculusVR/Shaders to virtual directory /Plugin/OculusVR
LogPluginManager: Mounting plugin PhysXVehicles
LogPluginManager: Mounting plugin ProceduralMeshComponent
LogPluginManager: Mounting plugin RuntimePhysXCooking
LogPluginManager: Mounting plugin SteamVR
LogPluginManager: Mounting plugin WindowsMoviePlayer
LogStreaming: Display: Took  0.220s to configure plugins.
LogInit: Using libcurl 7.55.1-DEV
LogInit:  - built for x86_64-pc-win32
LogInit:  - supports SSL with OpenSSL/1.0.2h
LogInit:  - supports HTTP deflate (compression) using libz 1.2.8
LogInit:  - other features:
LogInit:      CURL_VERSION_SSL
LogInit:      CURL_VERSION_LIBZ
LogInit:      CURL_VERSION_IPV6
LogInit:      CURL_VERSION_ASYNCHDNS
LogInit:      CURL_VERSION_LARGEFILE
LogInit:      CURL_VERSION_IDN
LogInit:  CurlRequestOptions (configurable via config and command line):
LogInit:  - bVerifyPeer = false  - Libcurl will NOT verify peer certificate
LogInit:  - bUseHttpProxy = false  - Libcurl will NOT use HTTP proxy
LogInit:  - bDontReuseConnections = false  - Libcurl will reuse connections
LogInit:  - CertBundlePath = nullptr  - Libcurl will use whatever was configured at build time.
LogInit:  - MaxHostConnections = 16  - Libcurl will limit the number of connections to a host
LogInit:  - LocalHostAddr = Default
LogInit:  - BufferSize = 65536
LogInit: WinSock: version 1.1 (2.2), MaxSocks=32767, MaxUdp=65467
LogInit: Build: ++UE4+Release-4.20-CL-4369336
LogInit: Engine Version: 4.20.3-4369336+++UE4+Release-4.20
LogInit: Compatible Engine Version: 4.20.0-4212847+++UE4+Release-4.20
LogInit: Net CL: 4212847
LogInit: OS: Windows 10 (), CPU: AMD FX(tm)-8320 Eight-Core Processor           , GPU: NVIDIA GeForce GTX 960
LogInit: Compiled (64-bit): Sep 17 2018 12:26:19
LogInit: Compiled with Visual C++: 19.13.26129.00
LogInit: Build Configuration: Development
LogInit: Branch Name: ++UE4+Release-4.20
LogInit: Command Line:  -skipcompile
LogInit: Base Directory: C:/Program Files/Epic Games/UE_4.20/Engine/Binaries/Win64/
LogInit: Installed Engine Build: 1
LogDevObjectVersion: Number of dev versions registered: 20
LogDevObjectVersion:   Dev-Blueprints (B0D832E4-1F89-4F0D-ACCF-7EB736FD4AA2): 10
LogDevObjectVersion:   Dev-Build (E1C64328-A22C-4D53-A36C-8E866417BD8C): 0
LogDevObjectVersion:   Dev-Core (375EC13C-06E4-48FB-B500-84F0262A717E): 2
LogDevObjectVersion:   Dev-Editor (E4B068ED-F494-42E9-A231-DA0B2E46BB41): 24
LogDevObjectVersion:   Dev-Framework (CFFC743F-43B0-4480-9391-14DF171D2073): 34
LogDevObjectVersion:   Dev-Mobile (B02B49B5-BB20-44E9-A304-32B752E40360): 2
LogDevObjectVersion:   Dev-Networking (A4E4105C-59A1-49B5-A7C5-40C4547EDFEE): 0
LogDevObjectVersion:   Dev-Online (39C831C9-5AE6-47DC-9A44-9C173E1C8E7C): 0
LogDevObjectVersion:   Dev-Physics (78F01B33-EBEA-4F98-B9B4-84EACCB95AA2): 0
LogDevObjectVersion:   Dev-Platform (6631380F-2D4D-43E0-8009-CF276956A95A): 0
LogDevObjectVersion:   Dev-Rendering (12F88B9F-8875-4AFC-A67C-D90C383ABD29): 26
LogDevObjectVersion:   Dev-Sequencer (7B5AE74C-D270-4C10-A958-57980B212A5A): 9
LogDevObjectVersion:   Dev-VR (D7296918-1DD6-4BDD-9DE2-64A83CC13884): 2
LogDevObjectVersion:   Dev-LoadTimes (C2A15278-BFE7-4AFE-6C17-90FF531DF755): 1
LogDevObjectVersion:   Private-Geometry (6EACA3D4-40EC-4CC1-B786-8BED09428FC5): 3
LogDevObjectVersion:   Dev-AnimPhys (29E575DD-E0A3-4627-9D10-D276232CDCEA): 17
LogDevObjectVersion:   Dev-ReflectionCapture (6B266CEC-1EC7-4B8F-A30B-E4D90942FC07): 1
LogDevObjectVersion:   Dev-Automation (0DF73D61-A23F-47EA-B727-89E90C41499A): 1
LogDevObjectVersion:   FortniteMain (601D1886-AC64-4F84-AA16-D3DE0DEAC7D6): 12
LogDevObjectVersion:   Dev-Enterprise (9DFFBCD6-494F-0158-E221-12823C92A888): 1
LogStreaming: Display: Took  0.013s to delete old logs.
LogInit: Presizing for max 8388607 objects, including 0 objects not considered by GC, pre-allocating 0 bytes for permanent pool.
LogInit: Object subsystem initialized
[2018.12.21-16.57.47:862][  0]LogInit: Selected Device Profile: [Windows]
[2018.12.21-16.57.47:863][  0]LogInit: Applying CVar settings loaded from the selected device profile: [Windows]
[2018.12.21-16.57.47:887][  0]LogHAL: Display: Platform has ~ 16 GB [17125670912 / 17179869184 / 16], which maps to Larger [LargestMinGB=32, LargerMinGB=12, DefaultMinGB=8, SmallerMinGB=6, SmallestMinGB=0)
[2018.12.21-16.57.47:887][  0]LogInit: Setting Device Profile CVar: [[r.Vulkan.UseRealUBs:1]]
[2018.12.21-16.57.47:887][  0]LogInit: Going up to parent DeviceProfile []
[2018.12.21-16.57.47:887][  0]LogInit: Computer: DESKTOP-P20JPTF
[2018.12.21-16.57.47:887][  0]LogInit: User: Minat
[2018.12.21-16.57.47:888][  0]LogInit: CPU Page size=4096, Cores=4
[2018.12.21-16.57.47:888][  0]LogInit: High frequency timer resolution =3.418061 MHz
[2018.12.21-16.57.47:888][  0]LogMemory: Memory total: Physical=15.9GB (16GB approx)
[2018.12.21-16.57.47:888][  0]LogMemory: Platform Memory Stats for Windows
[2018.12.21-16.57.47:888][  0]LogMemory: Process Physical Memory: 101.81 MB used, 101.81 MB peak
[2018.12.21-16.57.47:888][  0]LogMemory: Process Virtual Memory: 89.22 MB used, 89.22 MB peak
[2018.12.21-16.57.47:888][  0]LogMemory: Physical Memory: 7514.39 MB used,  8817.93 MB free, 16332.31 MB total
[2018.12.21-16.57.47:888][  0]LogMemory: Virtual Memory: 4638.79 MB used,  8817.93 MB free, 134217728.00 MB total
[2018.12.21-16.57.48:078][  0]LogInit: Using OS detected language (en-US).
[2018.12.21-16.57.48:078][  0]LogInit: Using OS detected locale (en-GB).
[2018.12.21-16.57.48:080][  0]LogTextLocalizationManager: No specific localization for 'en-US' exists, so the 'en' localization will be used.
[2018.12.21-16.57.48:596][  0]LogStreaming: Display: Took  0.517s to InitEngineTextLocalization.
[2018.12.21-16.57.48:596][  0]LogInit: Setting process to per monitor DPI aware
[2018.12.21-16.57.48:660][  0]LogSlate: New Slate User Created.  User Index 0, Is Virtual User: 0
[2018.12.21-16.57.48:660][  0]LogSlate: Slate User Registered.  User Index 0, Is Virtual User: 0
[2018.12.21-16.57.48:942][  0]LogHMD: Failed to initialize OpenVR with code 110
[2018.12.21-16.57.48:942][  0]LogD3D11RHI: D3D11 adapters:
[2018.12.21-16.57.49:025][  0]LogD3D11RHI:    0. 'NVIDIA GeForce GTX 960' (Feature Level 11_0)
[2018.12.21-16.57.49:025][  0]LogD3D11RHI:       2016/0/8166 MB DedicatedVideo/DedicatedSystem/SharedSystem, Outputs:1, VendorId:0x10de
[2018.12.21-16.57.49:032][  0]LogD3D11RHI:    1. 'Microsoft Basic Render Driver' (Feature Level 11_0)
[2018.12.21-16.57.49:032][  0]LogD3D11RHI:       0/0/8166 MB DedicatedVideo/DedicatedSystem/SharedSystem, Outputs:0, VendorId:0x1414
[2018.12.21-16.57.49:032][  0]LogD3D11RHI: Chosen D3D11 Adapter: 0
[2018.12.21-16.57.49:042][  0]LogD3D11RHI: Creating new Direct3DDevice
[2018.12.21-16.57.49:042][  0]LogD3D11RHI:     GPU DeviceId: 0x1401 (for the marketing name, search the web for "GPU Device Id")
[2018.12.21-16.57.49:042][  0]LogWindows: EnumDisplayDevices:
[2018.12.21-16.57.49:043][  0]LogWindows:    0. 'NVIDIA GeForce GTX 960' (P:1 D:1)
[2018.12.21-16.57.49:043][  0]LogWindows:    1. 'NVIDIA GeForce GTX 960' (P:0 D:0)
[2018.12.21-16.57.49:043][  0]LogWindows:    2. 'NVIDIA GeForce GTX 960' (P:0 D:0)
[2018.12.21-16.57.49:044][  0]LogWindows:    3. 'NVIDIA GeForce GTX 960' (P:0 D:0)
[2018.12.21-16.57.49:044][  0]LogWindows: DebugString: FoundDriverCount:4 
[2018.12.21-16.57.49:044][  0]LogD3D11RHI:     Adapter Name: NVIDIA GeForce GTX 960
[2018.12.21-16.57.49:044][  0]LogD3D11RHI:   Driver Version: 388.13 (internal:23.21.13.8813, unified:388.13)
[2018.12.21-16.57.49:044][  0]LogD3D11RHI:      Driver Date: 10-27-2017
[2018.12.21-16.57.49:045][  0]LogRHI: Texture pool is 1411 MB (70% of 2016 MB)
[2018.12.21-16.57.49:095][  0]LogD3D11RHI: Async texture creation enabled
[2018.12.21-16.57.49:107][  0]LogD3D11RHI: GPU Timing Frequency: 1000.000000 (Debug: 2 1)
[2018.12.21-16.57.49:156][  0]LogShaderCompilers: Guid format shader working directory is -40 characters bigger than the processId version (E:/Staffs Uni/Level 5/Technical Games Production/Pair/Kraken/TGPPairProject/PairProject/Intermediate/Shaders/WorkingDirectory/832/).
[2018.12.21-16.57.49:156][  0]LogShaderCompilers: Cleaned the shader compiler working directory 'C:/Users/Minat/AppData/Local/Temp/UnrealShaderWorkingDir/808A70E24E9F68A59D170D8DB5AD3604/'.
[2018.12.21-16.57.49:519][  0]LogTemp: Display: Loaded TP AllDesktopTargetPlatform
[2018.12.21-16.57.49:545][  0]LogTemp: Display: Loaded TP MacClientTargetPlatform
[2018.12.21-16.57.49:570][  0]LogTemp: Display: Loaded TP MacNoEditorTargetPlatform
[2018.12.21-16.57.49:595][  0]LogTemp: Display: Loaded TP MacServerTargetPlatform
[2018.12.21-16.57.49:621][  0]LogTemp: Display: Loaded TP MacTargetPlatform
[2018.12.21-16.57.49:648][  0]LogTemp: Display: Loaded TP WindowsClientTargetPlatform
[2018.12.21-16.57.49:675][  0]LogTemp: Display: Loaded TP WindowsNoEditorTargetPlatform
[2018.12.21-16.57.49:705][  0]LogTemp: Display: Loaded TP WindowsServerTargetPlatform
[2018.12.21-16.57.49:718][  0]LogTemp: Display: Loaded TP WindowsTargetPlatform
[2018.12.21-16.57.49:856][  0]LogTemp: Display: Loaded TP AndroidTargetPlatform
[2018.12.21-16.57.49:857][  0]LogTemp: Display: Loaded TP AndroidTargetPlatform
[2018.12.21-16.57.49:857][  0]LogTemp: Display: Loaded TP AndroidTargetPlatform
[2018.12.21-16.57.49:857][  0]LogTemp: Display: Loaded TP AndroidTargetPlatform
[2018.12.21-16.57.49:857][  0]LogTemp: Display: Loaded TP AndroidTargetPlatform
[2018.12.21-16.57.49:857][  0]LogTemp: Display: Loaded TP AndroidTargetPlatform
[2018.12.21-16.57.49:857][  0]LogTemp: Display: Loaded TP AndroidTargetPlatform
[2018.12.21-16.57.49:857][  0]LogTemp: Display: Loaded TP AndroidTargetPlatform
[2018.12.21-16.57.49:857][  0]LogTemp: Display: Loaded TP AndroidTargetPlatform
[2018.12.21-16.57.49:857][  0]LogTemp: Display: Loaded TP AndroidTargetPlatform
[2018.12.21-16.57.49:857][  0]LogTemp: Display: Loaded TP AndroidTargetPlatform
[2018.12.21-16.57.49:857][  0]LogTemp: Display: Loaded TP AndroidTargetPlatform
[2018.12.21-16.57.49:858][  0]LogTemp: Display: Loaded TP AndroidTargetPlatform
[2018.12.21-16.57.49:858][  0]LogTemp: Display: Loaded TP AndroidTargetPlatform
[2018.12.21-16.57.49:858][  0]LogTemp: Display: Loaded TP AndroidTargetPlatform
[2018.12.21-16.57.49:858][  0]LogTemp: Display: Loaded TP AndroidTargetPlatform
[2018.12.21-16.57.49:858][  0]LogTemp: Display: Loaded TP AndroidTargetPlatform
[2018.12.21-16.57.49:858][  0]LogTemp: Display: Loaded TP AndroidTargetPlatform
[2018.12.21-16.57.49:862][  0]LogTemp: Display: Loaded TP HTML5TargetPlatform
[2018.12.21-16.57.49:959][  0]LogTemp: Display: Loaded TP IOSTargetPlatform
[2018.12.21-16.57.49:959][  0]LogTemp: Display: Loaded TP IOSTargetPlatform
[2018.12.21-16.57.50:004][  0]LogTemp: Display: Loaded TP TVOSTargetPlatform
[2018.12.21-16.57.50:004][  0]LogTemp: Display: Loaded TP TVOSTargetPlatform
[2018.12.21-16.57.50:026][  0]LogTemp: Display: Loaded TP LinuxClientTargetPlatform
[2018.12.21-16.57.50:049][  0]LogTemp: Display: Loaded TP LinuxNoEditorTargetPlatform
[2018.12.21-16.57.50:074][  0]LogTemp: Display: Loaded TP LinuxServerTargetPlatform
[2018.12.21-16.57.50:103][  0]LogTemp: Display: Loaded TP LinuxTargetPlatform
[2018.12.21-16.57.50:121][  0]LogTemp: Display: Loaded TP LuminTargetPlatform
[2018.12.21-16.57.50:121][  0]LogTargetPlatformManager: Display: Building Assets For Windows
[2018.12.21-16.57.50:280][  0]LogXGEController: Cleaning working directory: C:/Users/Minat/AppData/Local/Temp/UnrealXGEWorkingDir/
[2018.12.21-16.57.50:281][  0]LogXGEController: Cannot use XGE Controller as Incredibuild is not installed on this machine.
[2018.12.21-16.57.50:281][  0]LogShaderCompilers: Cannot use XGE Shader Compiler as Incredibuild is not installed on this machine.
[2018.12.21-16.57.50:281][  0]LogShaderCompilers: Display: Using Local Shader Compiler.
[2018.12.21-16.57.51:492][  0]LogDerivedDataCache: Display: Max Cache Size: 512 MB
[2018.12.21-16.57.51:921][  0]LogDerivedDataCache: Loaded boot cache 0.43s 71MB C:/Users/Minat/AppData/Local/UnrealEngine/4.20/DerivedDataCache/Boot.ddc.
[2018.12.21-16.57.51:922][  0]LogDerivedDataCache: Display: Loaded Boot cache: C:/Users/Minat/AppData/Local/UnrealEngine/4.20/DerivedDataCache/Boot.ddc
[2018.12.21-16.57.51:922][  0]LogDerivedDataCache: FDerivedDataBackendGraph:  Pak pak cache file E:/Staffs Uni/Level 5/Technical Games Production/Pair/Kraken/TGPPairProject/PairProject/DerivedDataCache/DDC.ddp not found, will not use a pak cache.
[2018.12.21-16.57.51:923][  0]LogDerivedDataCache: Unable to find inner node Pak for hierarchical cache Hierarchy.
[2018.12.21-16.57.51:923][  0]LogDerivedDataCache: FDerivedDataBackendGraph:  CompressedPak pak cache file E:/Staffs Uni/Level 5/Technical Games Production/Pair/Kraken/TGPPairProject/PairProject/DerivedDataCache/Compressed.ddp not found, will not use a pak cache.
[2018.12.21-16.57.51:923][  0]LogDerivedDataCache: Unable to find inner node CompressedPak for hierarchical cache Hierarchy.
[2018.12.21-16.57.51:939][  0]LogDerivedDataCache: Display: Pak cache opened for reading ../../../Engine/DerivedDataCache/Compressed.ddp.
[2018.12.21-16.57.51:953][  0]LogDerivedDataCache: Using Local data cache path C:/Users/Minat/AppData/Local/UnrealEngine/Common/DerivedDataCache: Writable
[2018.12.21-16.57.51:953][  0]LogDerivedDataCache: Shared data cache path not found in *engine.ini, will not use an Shared cache.
[2018.12.21-16.57.51:953][  0]LogDerivedDataCache: Unable to find inner node Shared for hierarchical cache Hierarchy.
[2018.12.21-16.57.51:985][  0]LogMaterial: Verifying Global Shaders for PCD3D_SM5
[2018.12.21-16.57.51:986][  0]LogSlate: Using FreeType 2.6.0
[2018.12.21-16.57.52:026][  0]LogSlate: SlateFontServices - WITH_FREETYPE: 1, WITH_HARFBUZZ: 1
[2018.12.21-16.57.53:947][  0]LogAssetRegistry: FAssetRegistry took 0.0319 seconds to start up
[2018.12.21-16.57.54:516][  0]LogInit: Selected Device Profile: [Windows]
[2018.12.21-16.57.54:774][  0]LogSimplygon: Simplygon DLL not present - disabling.
[2018.12.21-16.57.54:783][  0]LogMeshReduction: Using SimplygonSwarm for distributed automatic mesh merging
[2018.12.21-16.57.54:783][  0]LogMeshReduction: Using ProxyLODMeshReduction for automatic mesh merging
[2018.12.21-16.57.54:784][  0]LogMeshReduction: Using QuadricMeshReduction for automatic static mesh reduction
[2018.12.21-16.57.54:784][  0]LogMeshReduction: No automatic skeletal mesh reduction module available
[2018.12.21-16.57.54:804][  0]LogNetVersion: PairProject 1.0.0, NetCL: 4212847, EngineNetVer: 5, GameNetVer: 0 (Checksum: 2248716754)
[2018.12.21-16.57.55:671][  0]LogPackageLocalizationCache: Processed 11 localized package path(s) for 2 prioritized culture(s) in 0.293064 seconds
[2018.12.21-16.57.55:683][  0]LogUObjectArray: 38425 objects as part of root set at end of initial load.
[2018.12.21-16.57.55:684][  0]LogUObjectAllocator: 6690864 out of 0 bytes used by permanent object pool.
[2018.12.21-16.57.55:684][  0]LogUObjectArray: CloseDisregardForGC: 0/0 objects in disregard for GC pool
[2018.12.21-16.58.02:598][  0]LogTcpMessaging: Initializing TcpMessaging bridge
[2018.12.21-16.58.02:615][  0]LogUdpMessaging: Initializing bridge on interface 0.0.0.0:0 to multicast group 230.0.0.1:6666.
[2018.12.21-16.58.02:871][  0]SourceControl: Source control is disabled
[2018.12.21-16.58.02:871][  0]SourceControl: Source control is disabled
[2018.12.21-16.58.02:875][  0]SourceControl: Source control is disabled
[2018.12.21-16.58.02:878][  0]SourceControl: Source control is disabled
[2018.12.21-16.58.03:244][  0]LogAndroidPermission: UAndroidPermissionCallbackProxy::GetInstance
[2018.12.21-16.58.03:380][  0]LogOcInput: OculusInput pre-init called
[2018.12.21-16.58.03:539][  0]LogEngine: Initializing Engine...
[2018.12.21-16.58.03:541][  0]LogHMD: Failed to initialize OpenVR with code 110
[2018.12.21-16.58.03:543][  0]LogStats: UGameplayTagsManager::ConstructGameplayTagTree: ImportINI prefixes -  0.000 s
[2018.12.21-16.58.03:544][  0]LogStats: UGameplayTagsManager::ConstructGameplayTagTree: Construct from data asset -  0.000 s
[2018.12.21-16.58.03:544][  0]LogStats: UGameplayTagsManager::ConstructGameplayTagTree: ImportINI -  0.000 s
[2018.12.21-16.58.03:544][  0]LogStats: UGameplayTagsManager::ConstructGameplayTagTree: GameplayTagTreeChangedEvent.Broadcast -  0.000 s
[2018.12.21-16.58.03:828][  0]LogInit: Initializing FReadOnlyCVARCache
[2018.12.21-16.58.03:853][  0]LogAIModule: Creating AISystem for world Untitled
[2018.12.21-16.58.03:873][  0]LogInit: XAudio2 using 'SyncMaster-4 (NVIDIA High Definition Audio)' : 2 channels at 48 kHz using 16 bits per sample (channel mask 0x3)
[2018.12.21-16.58.03:893][  0]LogInit: FAudioDevice initialized.
[2018.12.21-16.58.03:894][  0]LogNetVersion: Set ProjectVersion to 1.0.0.0. Version Checksum will be recalculated on next use.
[2018.12.21-16.58.04:110][  0]LogDerivedDataCache: Saved boot cache 0.22s 71MB C:/Users/Minat/AppData/Local/UnrealEngine/4.20/DerivedDataCache/Boot.ddc.
[2018.12.21-16.58.04:128][  0]LogInit: Texture streaming: Enabled
[2018.12.21-16.58.04:166][  0]LogEngineSessionManager: EngineSessionManager initialized
[2018.12.21-16.58.04:184][  0]LogInit: Transaction tracking system initialized
[2018.12.21-16.58.04:238][  0]BlueprintLog: New page: Editor Load
[2018.12.21-16.58.04:522][  0]LocalizationService: Localization service is disabled
[2018.12.21-16.58.04:991][  0]LogCook: Display: Max memory allowance for cook 16384mb min free memory 0mb
[2018.12.21-16.58.04:992][  0]LogCook: Display: Mobile HDR setting 1
[2018.12.21-16.58.04:992][  0]LogGameplayTags: Display: UGameplayTagsManager::DoneAddingNativeTags. DelegateIsBound: 0
[2018.12.21-16.58.04:992][  0]LogStats: UGameplayTagsManager::ConstructGameplayTagTree: ImportINI prefixes -  0.000 s
[2018.12.21-16.58.04:992][  0]LogStats: UGameplayTagsManager::ConstructGameplayTagTree: Construct from data asset -  0.000 s
[2018.12.21-16.58.04:993][  0]LogStats: UGameplayTagsManager::ConstructGameplayTagTree: ImportINI -  0.000 s
[2018.12.21-16.58.04:993][  0]LogStats: UGameplayTagsManager::ConstructGameplayTagTree: GameplayTagTreeChangedEvent.Broadcast -  0.000 s
[2018.12.21-16.58.05:242][  0]LogFileCache: Scanning file cache for directory 'E:/Staffs Uni/Level 5/Technical Games Production/Pair/Kraken/TGPPairProject/PairProject/Content/' took 0.03s
[2018.12.21-16.58.05:615][  0]SourceControl: Source control is disabled
[2018.12.21-16.58.05:616][  0]Cmd: MAP LOAD FILE="../../../Engine/Content/Maps/Templates/Template_Default.umap" TEMPLATE=1 SHOWPROGRESS=1 FEATURELEVEL=3
[2018.12.21-16.58.05:616][  0]LightingResults: New page: Lighting Build
[2018.12.21-16.58.05:621][  0]MapCheck: New page: Map Check
[2018.12.21-16.58.05:621][  0]LightingResults: New page: Lighting Build
[2018.12.21-16.58.06:054][  0]LogAIModule: Creating AISystem for world Untitled_1
[2018.12.21-16.58.06:068][  0]LogEditorServer: Finished looking for orphan Actors (0.000 secs)
[2018.12.21-16.58.06:202][  0]Cmd: MAP CHECKDEP NOCLEARLOG
[2018.12.21-16.58.06:313][  0]MapCheck: Map check complete: 0 Error(s), 0 Warning(s), took 110.381ms to complete.
[2018.12.21-16.58.06:313][  0]LogFileHelpers: Loading map 'Template_Default' took 0.698
[2018.12.21-16.58.06:549][  0]LogSlate: Updating window title bar state: overlay mode, drag disabled, window buttons hidden, title bar hidden
[2018.12.21-16.58.06:561][  0]LogSlate: Updating window title bar state: overlay mode, drag disabled, window buttons hidden, title bar hidden
[2018.12.21-16.58.06:572][  0]LogSlate: Updating window title bar state: overlay mode, drag disabled, window buttons hidden, title bar hidden
[2018.12.21-16.58.06:583][  0]LogSlate: Updating window title bar state: overlay mode, drag disabled, window buttons hidden, title bar hidden
[2018.12.21-16.58.06:601][  0]LogCollectionManager: Loaded 0 collections in 0.003169 seconds
[2018.12.21-16.58.06:652][  0]LogFileCache: Scanning file cache for directory 'E:/Staffs Uni/Level 5/Technical Games Production/Pair/Kraken/TGPPairProject/PairProject/Saved/Collections/' took 0.01s
[2018.12.21-16.58.06:652][  0]LogFileCache: Scanning file cache for directory 'E:/Staffs Uni/Level 5/Technical Games Production/Pair/Kraken/TGPPairProject/PairProject/Content/Developers/Minat/Collections/' took 0.01s
[2018.12.21-16.58.06:652][  0]LogFileCache: Scanning file cache for directory 'E:/Staffs Uni/Level 5/Technical Games Production/Pair/Kraken/TGPPairProject/PairProject/Content/Collections/' took 0.01s
[2018.12.21-16.58.06:652][  0]LogCollectionManager: Rebuilt the GUID cache for 0 collections in 0.000001 seconds
[2018.12.21-16.58.06:671][  0]LogContentBrowser: Native class hierarchy populated in 0.0187 seconds. Added 2577 classes and 606 folders.
[2018.12.21-16.58.06:683][  0]LogContentBrowser: Native class hierarchy updated for 'WidgetCarousel' in 0.0004 seconds. Added 0 classes and 0 folders.
[2018.12.21-16.58.07:703][  0]LogContentBrowser: Native class hierarchy updated for 'AddContentDialog' in 0.0005 seconds. Added 0 classes and 0 folders.
[2018.12.21-16.58.07:714][  0]LogContentBrowser: Native class hierarchy updated for 'SceneOutliner' in 0.0005 seconds. Added 1 classes and 2 folders.
[2018.12.21-16.58.07:771][  0]LogContentBrowser: Native class hierarchy updated for 'HierarchicalLODOutliner' in 0.0005 seconds. Added 0 classes and 0 folders.
[2018.12.21-16.58.07:771][  0]LogLoad: (Engine Initialization) Total time: 23.37 seconds
[2018.12.21-16.58.07:771][  0]LogLoad: (Engine Initialization) Total Blueprint compile time: 0.00 seconds
[2018.12.21-16.58.07:782][  0]LogWindowsTextInputMethodSystem: Display: IME system now deactivated.
[2018.12.21-16.58.07:803][  0]LogContentStreaming: Texture pool size now 1000 MB
[2018.12.21-16.58.07:843][  0]LogSlate: Took 0.037444 seconds to synchronously load lazily loaded font '../../../Engine/Content/Slate/Fonts/Roboto-Regular.ttf' (155K)
[2018.12.21-16.58.07:914][  0]LogSlate: Took 0.068819 seconds to synchronously load lazily loaded font '../../../Engine/Content/Slate/Fonts/Roboto-Bold.ttf' (160K)
[2018.12.21-16.58.07:968][  0]LogSlate: Took 0.047380 seconds to synchronously load lazily loaded font '../../../Engine/Content/Editor/Slate/Fonts/FontAwesome.ttf' (139K)
[2018.12.21-16.58.08:149][  0]LogRenderer: Reallocating scene render targets to support 804x360 Format 10 NumSamples 1 (Frame:1).
[2018.12.21-16.58.08:237][  0]LogSlate: Took 0.028715 seconds to synchronously load lazily loaded font '../../../Engine/Content/Slate/Fonts/Roboto-Light.ttf' (167K)
[2018.12.21-16.58.08:262][  1]LogCollectionManager: Rebuilt the object cache for 0 collections in 0.000001 seconds (found 0 objects)
[2018.12.21-16.58.08:377][  2]LogAssetRegistry: Asset discovery search completed in 14.4554 seconds
[2018.12.21-16.58.08:380][  2]LogCollectionManager: Fixed up redirectors for 0 collections in 0.000007 seconds (updated 0 objects)
[2018.12.21-16.58.10:582][259]LogSlate: FSceneViewport::OnFocusLost() reason 2
[2018.12.21-16.58.13:059][541]LogSlate: FSceneViewport::OnFocusLost() reason 0
[2018.12.21-16.58.13:180][555]LogSlate: Took 0.000277 seconds to synchronously load lazily loaded font '../../../Engine/Content/Slate/Fonts/Roboto-Light.ttf' (167K)
[2018.12.21-16.58.13:234][555]LogAIModule: Creating AISystem for world JamieTestScene
[2018.12.21-16.58.13:242][555]LogAssetEditorManager: Opening Asset editor for World /Game/Scenes/JamieTestScene.JamieTestScene
[2018.12.21-16.58.13:377][555]Cmd: MAP LOAD FILE="E:/Staffs Uni/Level 5/Technical Games Production/Pair/Kraken/TGPPairProject/PairProject/Content/Scenes/JamieTestScene.umap" TEMPLATE=0 SHOWPROGRESS=1 FEATURELEVEL=3
[2018.12.21-16.58.13:378][555]LightingResults: New page: Lighting Build
[2018.12.21-16.58.13:379][555]LoadErrors: New page: Loading map: JamieTestScene.umap
[2018.12.21-16.58.13:380][555]MapCheck: New page: Map Check
[2018.12.21-16.58.13:380][555]LightingResults: New page: Lighting Build
[2018.12.21-16.58.13:522][555]LogEditorServer: Finished looking for orphan Actors (0.000 secs)
[2018.12.21-16.58.13:804][555]Cmd: MAP CHECKDEP NOCLEARLOG
[2018.12.21-16.58.13:912][555]MapCheck: Map check complete: 0 Error(s), 0 Warning(s), took 108.079ms to complete.
[2018.12.21-16.58.13:913][555]LogFileHelpers: Loading map 'JamieTestScene' took 0.536
[2018.12.21-16.58.14:495][610]LogSlate: FSceneViewport::OnFocusLost() reason 0
[2018.12.21-16.58.14:553][617]LogTemp: Repeating last play command: Selected Viewport
[2018.12.21-16.58.14:581][617]LogPlayLevel: PlayLevel: No blueprints needed recompiling
[2018.12.21-16.58.14:597][617]PIE: New page: PIE session: JamieTestScene (21 Dec 2018 16:58:14)
[2018.12.21-16.58.14:597][617]LogPlayLevel: Creating play world package: /Game/Scenes/UEDPIE_0_JamieTestScene
[2018.12.21-16.58.14:601][617]LogPlayLevel: PIE: StaticDuplicateObject took: (0.004013s)
[2018.12.21-16.58.14:603][617]LogAIModule: Creating AISystem for world JamieTestScene
[2018.12.21-16.58.14:603][617]LogPlayLevel: PIE: World Init took: (0.001422s)
[2018.12.21-16.58.14:603][617]LogPlayLevel: PIE: Created PIE world by copying editor world from /Game/Scenes/JamieTestScene.JamieTestScene to /Game/Scenes/UEDPIE_0_JamieTestScene.JamieTestScene (0.006052s)
[2018.12.21-16.58.14:755][617]LogInit: XAudio2 using 'SyncMaster-4 (NVIDIA High Definition Audio)' : 2 channels at 48 kHz using 16 bits per sample (channel mask 0x3)
[2018.12.21-16.58.14:767][617]LogInit: FAudioDevice initialized.
[2018.12.21-16.58.14:814][617]LogLoad: Game class is 'GameModeBase'
[2018.12.21-16.58.14:817][617]LogWorld: Bringing World /Game/Scenes/UEDPIE_0_JamieTestScene.JamieTestScene up for play (max tick rate 0) at 2018.12.21-16.58.14
[2018.12.21-16.58.14:817][617]LogWorld: Bringing up level for play took: 0.001285
[2018.12.21-16.58.14:840][617]LogContentBrowser: Native class hierarchy updated for 'MovieSceneCapture' in 0.0005 seconds. Added 10 classes and 0 folders.
[2018.12.21-16.58.14:842][617]PIE: Play in editor start time for /Game/Scenes/UEDPIE_0_JamieTestScene -0.138
[2018.12.21-16.58.24:652][820]LogSlate: FSceneViewport::OnFocusLost() reason 2
[2018.12.21-16.58.25:817][959]LogSlate: Updating window title bar state: overlay mode, drag disabled, window buttons hidden, title bar hidden
[2018.12.21-16.58.25:857][959]LogPlayLevel: Display: Shutting down PIE online subsystems
[2018.12.21-16.58.25:981][959]LogSlate: Updating window title bar state: overlay mode, drag disabled, window buttons hidden, title bar hidden
[2018.12.21-16.58.26:007][960]LogPlayLevel: Display: Destroying online subsystem :Context_1
[2018.12.21-16.58.27:102][ 46]LogRenderer: Reallocating scene render targets to support 1056x556 Format 10 NumSamples 1 (Frame:7).
