Log file open, 01/06/19 15:43:06
LogWindows: Failed to load 'aqProf.dll' (GetLastError=126)
LogWindows: File 'aqProf.dll' does not exist
LogWindows: Failed to load 'VSPerf140.dll' (GetLastError=126)
LogWindows: File 'VSPerf140.dll' does not exist
LogWindows: Failed to load 'VtuneApi.dll' (GetLastError=126)
LogWindows: File 'VtuneApi.dll' does not exist
LogWindows: Failed to load 'VtuneApi32e.dll' (GetLastError=126)
LogWindows: File 'VtuneApi32e.dll' does not exist
LogInit: Display: Running engine for game: PairProject
LogPlatformFile: Not using cached read wrapper
LogTaskGraph: Started task graph with 5 named threads and 35 total threads with 3 sets of task threads.
LogStats: Stats thread started at 0.549692
LogD3D11RHI: Loaded GFSDK_Aftermath_Lib.x64.dll
LogICUInternationalization: Display: ICU TimeZone Detection - Raw Offset: +0:00, Platform Override: ''
LogPluginManager: Mounting plugin Paper2D
LogPluginManager: Mounting plugin AISupport
LogPluginManager: Mounting plugin LightPropagationVolume
LogPluginManager: Mounting plugin CLionSourceCodeAccess
LogPluginManager: Mounting plugin CodeLiteSourceCodeAccess
LogPluginManager: Mounting plugin GitSourceControl
LogPluginManager: Mounting plugin KDevelopSourceCodeAccess
LogPluginManager: Mounting plugin NullSourceCodeAccess
LogPluginManager: Mounting plugin PerforceSourceControl
LogPluginManager: Mounting plugin SubversionSourceControl
LogPluginManager: Mounting plugin UObjectPlugin
LogPluginManager: Mounting plugin VisualStudioCodeSourceCodeAccess
LogPluginManager: Mounting plugin VisualStudioSourceCodeAccess
LogPluginManager: Mounting plugin XCodeSourceCodeAccess
LogPluginManager: Mounting plugin AssetManagerEditor
LogPluginManager: Mounting plugin CryptoKeys
LogPluginManager: Mounting plugin DataValidation
LogPluginManager: Mounting plugin FacialAnimation
LogPluginManager: Mounting plugin GameplayTagsEditor
LogPluginManager: Mounting plugin MacGraphicsSwitching
LogPluginManager: Mounting plugin MeshEditor
LogPluginManager: Mounting plugin MobileLauncherProfileWizard
LogPluginManager: Mounting plugin PluginBrowser
LogPluginManager: Mounting plugin SpeedTreeImporter
LogPluginManager: Mounting plugin DatasmithContent
LogPluginManager: Mounting plugin AlembicImporter
LogPluginManager: Mounting plugin AppleImageUtils
LogPluginManager: Mounting plugin AppleVision
LogPluginManager: Mounting plugin BackChannel
LogPluginManager: Mounting plugin CharacterAI
LogPluginManager: Mounting plugin GeometryCache
LogPluginManager: Mounting plugin HTML5Networking
LogPluginManager: Mounting plugin ProxyLODPlugin
LogPluginManager: Mounting plugin MagicLeap
LogPluginManager: Mounting plugin MagicLeapEmulator
LogPluginManager: Mounting plugin MagicLeapMedia
LogPluginManager: Mounting plugin AndroidMedia
LogPluginManager: Mounting plugin AvfMedia
LogPluginManager: Mounting plugin ImgMedia
LogPluginManager: Mounting plugin LinearTimecode
LogPluginManager: Mounting plugin MediaCompositing
LogPluginManager: Mounting plugin MediaPlayerEditor
LogPluginManager: Mounting plugin WmfMedia
LogPluginManager: Mounting plugin TcpMessaging
LogPluginManager: Mounting plugin UdpMessaging
LogPluginManager: Mounting plugin ActorSequence
LogPluginManager: Mounting plugin LevelSequenceEditor
LogPluginManager: Mounting plugin MatineeToLevelSequence
LogPluginManager: Mounting plugin NetcodeUnitTest
LogPluginManager: Mounting plugin NUTUnrealEngine4
LogPluginManager: Mounting plugin OnlineSubsystemGooglePlay
LogPluginManager: Mounting plugin OnlineSubsystemIOS
LogPluginManager: Mounting plugin OnlineSubsystem
LogPluginManager: Mounting plugin OnlineSubsystemNull
LogPluginManager: Mounting plugin OnlineSubsystemUtils
LogPluginManager: Mounting plugin LauncherChunkInstaller
LogPluginManager: Mounting plugin AndroidDeviceProfileSelector
LogPluginManager: Mounting plugin AndroidMoviePlayer
LogPluginManager: Mounting plugin AndroidPermission
LogPluginManager: Mounting plugin ApexDestruction
LogPluginManager: Mounting plugin AppleMoviePlayer
LogPluginManager: Mounting plugin ArchVisCharacter
LogPluginManager: Mounting plugin AudioCapture
LogPluginManager: Mounting plugin CableComponent
LogPluginManager: Mounting plugin CustomMeshComponent
LogPluginManager: Mounting plugin EditableMesh
LogPluginManager: Mounting plugin ExampleDeviceProfileSelector
LogPluginManager: Mounting plugin GoogleCloudMessaging
LogPluginManager: Mounting plugin ImmediatePhysics
LogPluginManager: Mounting plugin IOSDeviceProfileSelector
LogPluginManager: Mounting plugin LinuxDeviceProfileSelector
LogPluginManager: Mounting plugin LocationServicesBPLibrary
LogPluginManager: Mounting plugin MobilePatchingUtils
LogPluginManager: Mounting plugin OculusVR
LogPluginManager: Plugin shader directory ../../../Engine/Plugins/Runtime/Oculus/OculusVR/Shaders found
LogPluginManager: Mapping shader source directory ../../../Engine/Plugins/Runtime/Oculus/OculusVR/Shaders to virtual directory /Plugin/OculusVR
LogPluginManager: Mounting plugin PhysXVehicles
LogPluginManager: Mounting plugin ProceduralMeshComponent
LogPluginManager: Mounting plugin RuntimePhysXCooking
LogPluginManager: Mounting plugin SteamVR
LogPluginManager: Mounting plugin WindowsMoviePlayer
LogStreaming: Display: Took  0.196s to configure plugins.
LogInit: Using libcurl 7.55.1-DEV
LogInit:  - built for x86_64-pc-win32
LogInit:  - supports SSL with OpenSSL/1.0.2h
LogInit:  - supports HTTP deflate (compression) using libz 1.2.8
LogInit:  - other features:
LogInit:      CURL_VERSION_SSL
LogInit:      CURL_VERSION_LIBZ
LogInit:      CURL_VERSION_IPV6
LogInit:      CURL_VERSION_ASYNCHDNS
LogInit:      CURL_VERSION_LARGEFILE
LogInit:      CURL_VERSION_IDN
LogInit:  CurlRequestOptions (configurable via config and command line):
LogInit:  - bVerifyPeer = false  - Libcurl will NOT verify peer certificate
LogInit:  - bUseHttpProxy = false  - Libcurl will NOT use HTTP proxy
LogInit:  - bDontReuseConnections = false  - Libcurl will reuse connections
LogInit:  - CertBundlePath = nullptr  - Libcurl will use whatever was configured at build time.
LogInit:  - MaxHostConnections = 16  - Libcurl will limit the number of connections to a host
LogInit:  - LocalHostAddr = Default
LogInit:  - BufferSize = 65536
LogInit: WinSock: version 1.1 (2.2), MaxSocks=32767, MaxUdp=65467
LogInit: Build: ++UE4+Release-4.20-CL-4369336
LogInit: Engine Version: 4.20.3-4369336+++UE4+Release-4.20
LogInit: Compatible Engine Version: 4.20.0-4212847+++UE4+Release-4.20
LogInit: Net CL: 4212847
LogInit: OS: Windows 10 (), CPU: Intel(R) Core(TM) i7-8700K CPU @ 3.70GHz, GPU: NVIDIA GeForce GTX 950
LogInit: Compiled (64-bit): Sep 17 2018 12:26:19
LogInit: Compiled with Visual C++: 19.13.26129.00
LogInit: Build Configuration: Development
LogInit: Branch Name: ++UE4+Release-4.20
LogInit: Command Line:  -skipcompile
LogInit: Base Directory: D:/Program Files (x86)/UE_4.20/Engine/Binaries/Win64/
LogInit: Installed Engine Build: 1
LogDevObjectVersion: Number of dev versions registered: 20
LogDevObjectVersion:   Dev-Blueprints (B0D832E4-1F89-4F0D-ACCF-7EB736FD4AA2): 10
LogDevObjectVersion:   Dev-Build (E1C64328-A22C-4D53-A36C-8E866417BD8C): 0
LogDevObjectVersion:   Dev-Core (375EC13C-06E4-48FB-B500-84F0262A717E): 2
LogDevObjectVersion:   Dev-Editor (E4B068ED-F494-42E9-A231-DA0B2E46BB41): 24
LogDevObjectVersion:   Dev-Framework (CFFC743F-43B0-4480-9391-14DF171D2073): 34
LogDevObjectVersion:   Dev-Mobile (B02B49B5-BB20-44E9-A304-32B752E40360): 2
LogDevObjectVersion:   Dev-Networking (A4E4105C-59A1-49B5-A7C5-40C4547EDFEE): 0
LogDevObjectVersion:   Dev-Online (39C831C9-5AE6-47DC-9A44-9C173E1C8E7C): 0
LogDevObjectVersion:   Dev-Physics (78F01B33-EBEA-4F98-B9B4-84EACCB95AA2): 0
LogDevObjectVersion:   Dev-Platform (6631380F-2D4D-43E0-8009-CF276956A95A): 0
LogDevObjectVersion:   Dev-Rendering (12F88B9F-8875-4AFC-A67C-D90C383ABD29): 26
LogDevObjectVersion:   Dev-Sequencer (7B5AE74C-D270-4C10-A958-57980B212A5A): 9
LogDevObjectVersion:   Dev-VR (D7296918-1DD6-4BDD-9DE2-64A83CC13884): 2
LogDevObjectVersion:   Dev-LoadTimes (C2A15278-BFE7-4AFE-6C17-90FF531DF755): 1
LogDevObjectVersion:   Private-Geometry (6EACA3D4-40EC-4CC1-B786-8BED09428FC5): 3
LogDevObjectVersion:   Dev-AnimPhys (29E575DD-E0A3-4627-9D10-D276232CDCEA): 17
LogDevObjectVersion:   Dev-ReflectionCapture (6B266CEC-1EC7-4B8F-A30B-E4D90942FC07): 1
LogDevObjectVersion:   Dev-Automation (0DF73D61-A23F-47EA-B727-89E90C41499A): 1
LogDevObjectVersion:   FortniteMain (601D1886-AC64-4F84-AA16-D3DE0DEAC7D6): 12
LogDevObjectVersion:   Dev-Enterprise (9DFFBCD6-494F-0158-E221-12823C92A888): 1
LogStreaming: Display: Took  0.002s to delete old logs.
LogInit: Presizing for max 8388607 objects, including 0 objects not considered by GC, pre-allocating 0 bytes for permanent pool.
LogInit: Object subsystem initialized
[2019.01.06-15.43.06:760][  0]LogInit: Selected Device Profile: [Windows]
[2019.01.06-15.43.06:760][  0]LogInit: Applying CVar settings loaded from the selected device profile: [Windows]
[2019.01.06-15.43.06:772][  0]LogHAL: Display: Platform has ~ 16 GB [17132584960 / 17179869184 / 16], which maps to Larger [LargestMinGB=32, LargerMinGB=12, DefaultMinGB=8, SmallerMinGB=6, SmallestMinGB=0)
[2019.01.06-15.43.06:772][  0]LogInit: Setting Device Profile CVar: [[r.Vulkan.UseRealUBs:1]]
[2019.01.06-15.43.06:773][  0]LogInit: Going up to parent DeviceProfile []
[2019.01.06-15.43.06:773][  0]LogInit: Computer: DESKTOP-D8L6EI8
[2019.01.06-15.43.06:773][  0]LogInit: User: h017026h
[2019.01.06-15.43.06:773][  0]LogInit: CPU Page size=4096, Cores=6
[2019.01.06-15.43.06:773][  0]LogInit: High frequency timer resolution =3.609373 MHz
[2019.01.06-15.43.06:774][  0]LogMemory: Memory total: Physical=16.0GB (16GB approx)
[2019.01.06-15.43.06:774][  0]LogMemory: Platform Memory Stats for Windows
[2019.01.06-15.43.06:774][  0]LogMemory: Process Physical Memory: 104.60 MB used, 104.60 MB peak
[2019.01.06-15.43.06:774][  0]LogMemory: Process Virtual Memory: 88.32 MB used, 88.32 MB peak
[2019.01.06-15.43.06:774][  0]LogMemory: Physical Memory: 7100.88 MB used,  9238.02 MB free, 16338.91 MB total
[2019.01.06-15.43.06:774][  0]LogMemory: Virtual Memory: 4655.16 MB used,  9238.02 MB free, 134217728.00 MB total
[2019.01.06-15.43.06:863][  0]LogInit: Using OS detected language (en-GB).
[2019.01.06-15.43.06:863][  0]LogInit: Using OS detected locale (en-GB).
[2019.01.06-15.43.06:865][  0]LogTextLocalizationManager: No specific localization for 'en-GB' exists, so the 'en' localization will be used.
[2019.01.06-15.43.07:167][  0]LogStreaming: Display: Took  0.304s to InitEngineTextLocalization.
[2019.01.06-15.43.07:167][  0]LogInit: Setting process to per monitor DPI aware
[2019.01.06-15.43.07:211][  0]LogSlate: New Slate User Created.  User Index 0, Is Virtual User: 0
[2019.01.06-15.43.07:212][  0]LogSlate: Slate User Registered.  User Index 0, Is Virtual User: 0
[2019.01.06-15.43.07:467][  0]LogHMD: Failed to initialize OpenVR with code 110
[2019.01.06-15.43.07:467][  0]LogD3D11RHI: D3D11 adapters:
[2019.01.06-15.43.07:534][  0]LogD3D11RHI:    0. 'NVIDIA GeForce GTX 950' (Feature Level 11_0)
[2019.01.06-15.43.07:534][  0]LogD3D11RHI:       2007/0/8169 MB DedicatedVideo/DedicatedSystem/SharedSystem, Outputs:1, VendorId:0x10de
[2019.01.06-15.43.07:538][  0]LogD3D11RHI:    1. 'Microsoft Basic Render Driver' (Feature Level 11_0)
[2019.01.06-15.43.07:538][  0]LogD3D11RHI:       0/0/8169 MB DedicatedVideo/DedicatedSystem/SharedSystem, Outputs:0, VendorId:0x1414
[2019.01.06-15.43.07:538][  0]LogD3D11RHI: Chosen D3D11 Adapter: 0
[2019.01.06-15.43.07:544][  0]LogD3D11RHI: Creating new Direct3DDevice
[2019.01.06-15.43.07:544][  0]LogD3D11RHI:     GPU DeviceId: 0x1402 (for the marketing name, search the web for "GPU Device Id")
[2019.01.06-15.43.07:545][  0]LogWindows: EnumDisplayDevices:
[2019.01.06-15.43.07:545][  0]LogWindows:    0. 'NVIDIA GeForce GTX 950' (P:1 D:1)
[2019.01.06-15.43.07:545][  0]LogWindows:    1. 'NVIDIA GeForce GTX 950' (P:0 D:0)
[2019.01.06-15.43.07:545][  0]LogWindows:    2. 'NVIDIA GeForce GTX 950' (P:0 D:0)
[2019.01.06-15.43.07:546][  0]LogWindows:    3. 'NVIDIA GeForce GTX 950' (P:0 D:0)
[2019.01.06-15.43.07:546][  0]LogWindows: DebugString: FoundDriverCount:4 
[2019.01.06-15.43.07:546][  0]LogD3D11RHI:     Adapter Name: NVIDIA GeForce GTX 950
[2019.01.06-15.43.07:546][  0]LogD3D11RHI:   Driver Version: 399.07 (internal:24.21.13.9907, unified:399.07)
[2019.01.06-15.43.07:546][  0]LogD3D11RHI:      Driver Date: 8-21-2018
[2019.01.06-15.43.07:546][  0]LogRHI: Texture pool is 1405 MB (70% of 2007 MB)
[2019.01.06-15.43.07:581][  0]LogD3D11RHI: Async texture creation enabled
[2019.01.06-15.43.07:612][  0]LogD3D11RHI: GPU Timing Frequency: 1000.000000 (Debug: 2 2)
[2019.01.06-15.43.07:660][  0]LogShaderCompilers: Guid format shader working directory is -28 characters bigger than the processId version (../../../../../Users/h017026h/Documents/GitKraken/TGPPairProject/PairProject/Intermediate/Shaders/WorkingDirectory/19136/).
[2019.01.06-15.43.07:660][  0]LogShaderCompilers: Cleaned the shader compiler working directory 'C:/Users/h017026h/AppData/Local/Temp/UnrealShaderWorkingDir/21B4D4F94C4520CEE0E05EA99B45E2AE/'.
[2019.01.06-15.43.07:887][  0]LogTemp: Display: Loaded TP AllDesktopTargetPlatform
[2019.01.06-15.43.07:902][  0]LogTemp: Display: Loaded TP MacClientTargetPlatform
[2019.01.06-15.43.07:914][  0]LogTemp: Display: Loaded TP MacNoEditorTargetPlatform
[2019.01.06-15.43.07:925][  0]LogTemp: Display: Loaded TP MacServerTargetPlatform
[2019.01.06-15.43.07:937][  0]LogTemp: Display: Loaded TP MacTargetPlatform
[2019.01.06-15.43.07:951][  0]LogTemp: Display: Loaded TP WindowsClientTargetPlatform
[2019.01.06-15.43.07:963][  0]LogTemp: Display: Loaded TP WindowsNoEditorTargetPlatform
[2019.01.06-15.43.07:974][  0]LogTemp: Display: Loaded TP WindowsServerTargetPlatform
[2019.01.06-15.43.07:980][  0]LogTemp: Display: Loaded TP WindowsTargetPlatform
[2019.01.06-15.43.08:043][  0]LogTemp: Display: Loaded TP AndroidTargetPlatform
[2019.01.06-15.43.08:043][  0]LogTemp: Display: Loaded TP AndroidTargetPlatform
[2019.01.06-15.43.08:043][  0]LogTemp: Display: Loaded TP AndroidTargetPlatform
[2019.01.06-15.43.08:043][  0]LogTemp: Display: Loaded TP AndroidTargetPlatform
[2019.01.06-15.43.08:043][  0]LogTemp: Display: Loaded TP AndroidTargetPlatform
[2019.01.06-15.43.08:043][  0]LogTemp: Display: Loaded TP AndroidTargetPlatform
[2019.01.06-15.43.08:044][  0]LogTemp: Display: Loaded TP AndroidTargetPlatform
[2019.01.06-15.43.08:044][  0]LogTemp: Display: Loaded TP AndroidTargetPlatform
[2019.01.06-15.43.08:044][  0]LogTemp: Display: Loaded TP AndroidTargetPlatform
[2019.01.06-15.43.08:044][  0]LogTemp: Display: Loaded TP AndroidTargetPlatform
[2019.01.06-15.43.08:044][  0]LogTemp: Display: Loaded TP AndroidTargetPlatform
[2019.01.06-15.43.08:044][  0]LogTemp: Display: Loaded TP AndroidTargetPlatform
[2019.01.06-15.43.08:044][  0]LogTemp: Display: Loaded TP AndroidTargetPlatform
[2019.01.06-15.43.08:044][  0]LogTemp: Display: Loaded TP AndroidTargetPlatform
[2019.01.06-15.43.08:044][  0]LogTemp: Display: Loaded TP AndroidTargetPlatform
[2019.01.06-15.43.08:045][  0]LogTemp: Display: Loaded TP AndroidTargetPlatform
[2019.01.06-15.43.08:045][  0]LogTemp: Display: Loaded TP AndroidTargetPlatform
[2019.01.06-15.43.08:045][  0]LogTemp: Display: Loaded TP AndroidTargetPlatform
[2019.01.06-15.43.08:051][  0]LogTemp: Display: Loaded TP HTML5TargetPlatform
[2019.01.06-15.43.08:114][  0]LogTemp: Display: Loaded TP IOSTargetPlatform
[2019.01.06-15.43.08:114][  0]LogTemp: Display: Loaded TP IOSTargetPlatform
[2019.01.06-15.43.08:133][  0]LogTemp: Display: Loaded TP TVOSTargetPlatform
[2019.01.06-15.43.08:134][  0]LogTemp: Display: Loaded TP TVOSTargetPlatform
[2019.01.06-15.43.08:145][  0]LogTemp: Display: Loaded TP LinuxClientTargetPlatform
[2019.01.06-15.43.08:157][  0]LogTemp: Display: Loaded TP LinuxNoEditorTargetPlatform
[2019.01.06-15.43.08:169][  0]LogTemp: Display: Loaded TP LinuxServerTargetPlatform
[2019.01.06-15.43.08:181][  0]LogTemp: Display: Loaded TP LinuxTargetPlatform
[2019.01.06-15.43.08:190][  0]LogTemp: Display: Loaded TP LuminTargetPlatform
[2019.01.06-15.43.08:190][  0]LogTargetPlatformManager: Display: Building Assets For Windows
[2019.01.06-15.43.08:270][  0]LogXGEController: Cleaning working directory: C:/Users/h017026h/AppData/Local/Temp/UnrealXGEWorkingDir/
[2019.01.06-15.43.08:270][  0]LogXGEController: Cannot use XGE Controller as Incredibuild is not installed on this machine.
[2019.01.06-15.43.08:270][  0]LogShaderCompilers: Cannot use XGE Shader Compiler as Incredibuild is not installed on this machine.
[2019.01.06-15.43.08:270][  0]LogShaderCompilers: Display: Using Local Shader Compiler.
[2019.01.06-15.43.08:837][  0]LogDerivedDataCache: Display: Max Cache Size: 512 MB
[2019.01.06-15.43.08:885][  0]LogDerivedDataCache: Loaded boot cache 0.05s 71MB C:/Users/h017026h/AppData/Local/UnrealEngine/4.20/DerivedDataCache/Boot.ddc.
[2019.01.06-15.43.08:885][  0]LogDerivedDataCache: Display: Loaded Boot cache: C:/Users/h017026h/AppData/Local/UnrealEngine/4.20/DerivedDataCache/Boot.ddc
[2019.01.06-15.43.08:885][  0]LogDerivedDataCache: FDerivedDataBackendGraph:  Pak pak cache file ../../../../../Users/h017026h/Documents/GitKraken/TGPPairProject/PairProject/DerivedDataCache/DDC.ddp not found, will not use a pak cache.
[2019.01.06-15.43.08:885][  0]LogDerivedDataCache: Unable to find inner node Pak for hierarchical cache Hierarchy.
[2019.01.06-15.43.08:886][  0]LogDerivedDataCache: FDerivedDataBackendGraph:  CompressedPak pak cache file ../../../../../Users/h017026h/Documents/GitKraken/TGPPairProject/PairProject/DerivedDataCache/Compressed.ddp not found, will not use a pak cache.
[2019.01.06-15.43.08:886][  0]LogDerivedDataCache: Unable to find inner node CompressedPak for hierarchical cache Hierarchy.
[2019.01.06-15.43.08:896][  0]LogDerivedDataCache: Display: Pak cache opened for reading ../../../Engine/DerivedDataCache/Compressed.ddp.
[2019.01.06-15.43.08:909][  0]LogDerivedDataCache: Using Local data cache path C:/Users/h017026h/AppData/Local/UnrealEngine/Common/DerivedDataCache: Writable
[2019.01.06-15.43.08:909][  0]LogDerivedDataCache: Shared data cache path not found in *engine.ini, will not use an Shared cache.
[2019.01.06-15.43.08:909][  0]LogDerivedDataCache: Unable to find inner node Shared for hierarchical cache Hierarchy.
[2019.01.06-15.43.08:925][  0]LogMaterial: Verifying Global Shaders for PCD3D_SM5
[2019.01.06-15.43.08:926][  0]LogSlate: Using FreeType 2.6.0
[2019.01.06-15.43.08:927][  0]LogSlate: SlateFontServices - WITH_FREETYPE: 1, WITH_HARFBUZZ: 1
[2019.01.06-15.43.09:002][  0]LogAssetRegistry: FAssetRegistry took 0.0269 seconds to start up
[2019.01.06-15.43.09:260][  0]LogInit: Selected Device Profile: [Windows]
[2019.01.06-15.43.09:378][  0]LogSimplygon: Simplygon DLL not present - disabling.
[2019.01.06-15.43.09:384][  0]LogMeshReduction: Using SimplygonSwarm for distributed automatic mesh merging
[2019.01.06-15.43.09:384][  0]LogMeshReduction: Using ProxyLODMeshReduction for automatic mesh merging
[2019.01.06-15.43.09:384][  0]LogMeshReduction: Using QuadricMeshReduction for automatic static mesh reduction
[2019.01.06-15.43.09:384][  0]LogMeshReduction: No automatic skeletal mesh reduction module available
[2019.01.06-15.43.09:396][  0]LogNetVersion: PairProject 1.0.0, NetCL: 4212847, EngineNetVer: 5, GameNetVer: 0 (Checksum: 2248716754)
[2019.01.06-15.43.09:885][  0]LogPackageLocalizationCache: Processed 11 localized package path(s) for 2 prioritized culture(s) in 0.155750 seconds
[2019.01.06-15.43.09:890][  0]LogUObjectArray: 38425 objects as part of root set at end of initial load.
[2019.01.06-15.43.09:891][  0]LogUObjectAllocator: 6690864 out of 0 bytes used by permanent object pool.
[2019.01.06-15.43.09:891][  0]LogUObjectArray: CloseDisregardForGC: 0/0 objects in disregard for GC pool
[2019.01.06-15.43.10:765][  0]LogTcpMessaging: Initializing TcpMessaging bridge
[2019.01.06-15.43.10:782][  0]LogUdpMessaging: Initializing bridge on interface 0.0.0.0:0 to multicast group 230.0.0.1:6666.
[2019.01.06-15.43.10:984][  0]SourceControl: Source control is disabled
[2019.01.06-15.43.10:984][  0]SourceControl: Source control is disabled
[2019.01.06-15.43.10:987][  0]SourceControl: Source control is disabled
[2019.01.06-15.43.10:990][  0]SourceControl: Source control is disabled
[2019.01.06-15.43.11:217][  0]LogAndroidPermission: UAndroidPermissionCallbackProxy::GetInstance
[2019.01.06-15.43.11:314][  0]LogOcInput: OculusInput pre-init called
[2019.01.06-15.43.11:373][  0]LogEngine: Initializing Engine...
[2019.01.06-15.43.11:373][  0]LogHMD: Failed to initialize OpenVR with code 110
[2019.01.06-15.43.11:375][  0]LogStats: UGameplayTagsManager::ConstructGameplayTagTree: ImportINI prefixes -  0.000 s
[2019.01.06-15.43.11:375][  0]LogStats: UGameplayTagsManager::ConstructGameplayTagTree: Construct from data asset -  0.000 s
[2019.01.06-15.43.11:375][  0]LogStats: UGameplayTagsManager::ConstructGameplayTagTree: ImportINI -  0.000 s
[2019.01.06-15.43.11:375][  0]LogStats: UGameplayTagsManager::ConstructGameplayTagTree: GameplayTagTreeChangedEvent.Broadcast -  0.000 s
[2019.01.06-15.43.11:547][  0]LogInit: Initializing FReadOnlyCVARCache
[2019.01.06-15.43.11:559][  0]LogAIModule: Creating AISystem for world Untitled
[2019.01.06-15.43.11:582][  0]LogInit: XAudio2 using 'Headset Earphone (Corsair VOID PRO USB Gaming Headset)' : 6 channels at 48 kHz using 16 bits per sample (channel mask 0x3f)
[2019.01.06-15.43.11:682][  0]LogInit: FAudioDevice initialized.
[2019.01.06-15.43.11:683][  0]LogNetVersion: Set ProjectVersion to 1.0.0.0. Version Checksum will be recalculated on next use.
[2019.01.06-15.43.11:753][  0]LogDerivedDataCache: Saved boot cache 0.07s 71MB C:/Users/h017026h/AppData/Local/UnrealEngine/4.20/DerivedDataCache/Boot.ddc.
[2019.01.06-15.43.11:756][  0]LogInit: Texture streaming: Enabled
[2019.01.06-15.43.11:775][  0]LogEngineSessionManager: EngineSessionManager initialized
[2019.01.06-15.43.11:785][  0]LogInit: Transaction tracking system initialized
[2019.01.06-15.43.11:810][  0]BlueprintLog: New page: Editor Load
[2019.01.06-15.43.11:898][  0]LocalizationService: Localization service is disabled
[2019.01.06-15.43.12:151][  0]LogCook: Display: Max memory allowance for cook 16384mb min free memory 0mb
[2019.01.06-15.43.12:152][  0]LogCook: Display: Mobile HDR setting 1
[2019.01.06-15.43.12:152][  0]LogGameplayTags: Display: UGameplayTagsManager::DoneAddingNativeTags. DelegateIsBound: 0
[2019.01.06-15.43.12:152][  0]LogStats: UGameplayTagsManager::ConstructGameplayTagTree: ImportINI prefixes -  0.000 s
[2019.01.06-15.43.12:152][  0]LogStats: UGameplayTagsManager::ConstructGameplayTagTree: Construct from data asset -  0.000 s
[2019.01.06-15.43.12:152][  0]LogStats: UGameplayTagsManager::ConstructGameplayTagTree: ImportINI -  0.000 s
[2019.01.06-15.43.12:152][  0]LogStats: UGameplayTagsManager::ConstructGameplayTagTree: GameplayTagTreeChangedEvent.Broadcast -  0.000 s
[2019.01.06-15.43.12:300][  0]LogFileCache: Scanning file cache for directory 'D:/Users/h017026h/Documents/GitKraken/TGPPairProject/PairProject/Content/' took 0.03s
[2019.01.06-15.43.12:300][  0]SourceControl: Source control is disabled
[2019.01.06-15.43.12:300][  0]Cmd: MAP LOAD FILE="../../../../../Users/h017026h/Documents/GitKraken/TGPPairProject/PairProject/Content/Scenes/StartScreen.umap" TEMPLATE=0 SHOWPROGRESS=1 FEATURELEVEL=3
[2019.01.06-15.43.12:301][  0]LightingResults: New page: Lighting Build
[2019.01.06-15.43.12:303][  0]MapCheck: New page: Map Check
[2019.01.06-15.43.12:303][  0]LightingResults: New page: Lighting Build
[2019.01.06-15.43.12:396][  0]LogAIModule: Creating AISystem for world StartScreen
[2019.01.06-15.43.12:397][  0]LogEditorServer: Finished looking for orphan Actors (0.000 secs)
[2019.01.06-15.43.12:420][  0]Cmd: MAP CHECKDEP NOCLEARLOG
[2019.01.06-15.43.12:473][  0]MapCheck: Map check complete: 0 Error(s), 0 Warning(s), took 52.352ms to complete.
[2019.01.06-15.43.12:473][  0]LogFileHelpers: Loading map 'StartScreen' took 0.172
[2019.01.06-15.43.12:583][  0]LogSlate: Updating window title bar state: overlay mode, drag disabled, window buttons hidden, title bar hidden
[2019.01.06-15.43.12:589][  0]LogSlate: Updating window title bar state: overlay mode, drag disabled, window buttons hidden, title bar hidden
[2019.01.06-15.43.12:598][  0]LogSlate: Updating window title bar state: overlay mode, drag disabled, window buttons hidden, title bar hidden
[2019.01.06-15.43.12:603][  0]LogSlate: Updating window title bar state: overlay mode, drag disabled, window buttons hidden, title bar hidden
[2019.01.06-15.43.12:609][  0]LogCollectionManager: Loaded 0 collections in 0.000949 seconds
[2019.01.06-15.43.12:655][  0]LogFileCache: Scanning file cache for directory 'D:/Users/h017026h/Documents/GitKraken/TGPPairProject/PairProject/Saved/Collections/' took 0.01s
[2019.01.06-15.43.12:655][  0]LogFileCache: Scanning file cache for directory 'D:/Users/h017026h/Documents/GitKraken/TGPPairProject/PairProject/Content/Developers/h017026h/Collections/' took 0.01s
[2019.01.06-15.43.12:655][  0]LogFileCache: Scanning file cache for directory 'D:/Users/h017026h/Documents/GitKraken/TGPPairProject/PairProject/Content/Collections/' took 0.01s
[2019.01.06-15.43.12:655][  0]LogCollectionManager: Rebuilt the GUID cache for 0 collections in 0.000000 seconds
[2019.01.06-15.43.12:666][  0]LogContentBrowser: Native class hierarchy populated in 0.0113 seconds. Added 2594 classes and 611 folders.
[2019.01.06-15.43.12:671][  0]LogContentBrowser: Native class hierarchy updated for 'WidgetCarousel' in 0.0004 seconds. Added 0 classes and 0 folders.
[2019.01.06-15.43.12:728][  0]LogContentBrowser: Native class hierarchy updated for 'AddContentDialog' in 0.0003 seconds. Added 0 classes and 0 folders.
[2019.01.06-15.43.12:734][  0]LogContentBrowser: Native class hierarchy updated for 'SceneOutliner' in 0.0004 seconds. Added 1 classes and 2 folders.
[2019.01.06-15.43.12:745][  0]LogSlate: Took 0.000207 seconds to synchronously load lazily loaded font '../../../Engine/Content/Slate/Fonts/Roboto-Regular.ttf' (155K)
[2019.01.06-15.43.12:747][  0]LogSlate: Took 0.000204 seconds to synchronously load lazily loaded font '../../../Engine/Content/Slate/Fonts/Roboto-Bold.ttf' (160K)
[2019.01.06-15.43.12:752][  0]LogSlate: Took 0.000257 seconds to synchronously load lazily loaded font '../../../Engine/Content/Editor/Slate/Fonts/FontAwesome.ttf' (139K)
[2019.01.06-15.43.12:823][  0]LogRenderer: Reallocating scene render targets to support 1232x556 Format 10 NumSamples 1 (Frame:1).
[2019.01.06-15.43.12:962][  0]LogContentBrowser: Native class hierarchy updated for 'HierarchicalLODOutliner' in 0.0004 seconds. Added 0 classes and 0 folders.
[2019.01.06-15.43.12:963][  0]LogLoad: (Engine Initialization) Total time: 8.57 seconds
[2019.01.06-15.43.12:963][  0]LogLoad: (Engine Initialization) Total Blueprint compile time: 0.00 seconds
[2019.01.06-15.43.12:974][  0]LogWindowsTextInputMethodSystem: Display: IME system now deactivated.
[2019.01.06-15.43.12:997][  0]LogContentStreaming: Texture pool size now 1000 MB
[2019.01.06-15.43.13:098][  1]LogAssetRegistry: Asset discovery search completed in 4.1197 seconds
[2019.01.06-15.43.13:100][  1]LogCollectionManager: Rebuilt the object cache for 0 collections in 0.000000 seconds (found 0 objects)
[2019.01.06-15.43.13:100][  1]LogCollectionManager: Fixed up redirectors for 0 collections in 0.000167 seconds (updated 0 objects)
[2019.01.06-15.43.15:171][246]LogSlate: FSceneViewport::OnFocusLost() reason 0
[2019.01.06-15.43.15:272][258]LogTemp: Repeating last play command: Selected Viewport
[2019.01.06-15.43.15:293][258]LogBlueprintUserMessages: Early PlayInEditor Detection: Level '/Game/Scenes/StartScreen.StartScreen:PersistentLevel' has LevelScriptBlueprint '/Game/Scenes/StartScreen.StartScreen:PersistentLevel.StartScreen' with GeneratedClass '/Game/Scenes/StartScreen.StartScreen_C' with ClassGeneratedBy '/Game/Scenes/StartScreen.StartScreen:PersistentLevel.StartScreen'
[2019.01.06-15.43.15:293][258]LogPlayLevel: PlayLevel: No blueprints needed recompiling
[2019.01.06-15.43.15:307][258]PIE: New page: PIE session: StartScreen (6 Jan 2019 15:43:15)
[2019.01.06-15.43.15:308][258]LogPlayLevel: Creating play world package: /Game/Scenes/UEDPIE_0_StartScreen
[2019.01.06-15.43.15:309][258]LogPlayLevel: PIE: StaticDuplicateObject took: (0.001031s)
[2019.01.06-15.43.15:309][258]LogAIModule: Creating AISystem for world StartScreen
[2019.01.06-15.43.15:310][258]LogPlayLevel: PIE: World Init took: (0.000796s)
[2019.01.06-15.43.15:310][258]LogPlayLevel: PIE: Created PIE world by copying editor world from /Game/Scenes/StartScreen.StartScreen to /Game/Scenes/UEDPIE_0_StartScreen.StartScreen (0.002226s)
[2019.01.06-15.43.15:339][258]LogInit: XAudio2 using 'Headset Earphone (Corsair VOID PRO USB Gaming Headset)' : 6 channels at 48 kHz using 16 bits per sample (channel mask 0x3f)
[2019.01.06-15.43.15:431][258]LogInit: FAudioDevice initialized.
[2019.01.06-15.43.15:482][258]LogLoad: Game class is 'TestGameMode_C'
[2019.01.06-15.43.15:484][258]LogWorld: Bringing World /Game/Scenes/UEDPIE_0_StartScreen.StartScreen up for play (max tick rate 0) at 2019.01.06-15.43.15
[2019.01.06-15.43.15:485][258]LogWorld: Bringing up level for play took: 0.000582
[2019.01.06-15.43.15:501][258]LogContentBrowser: Native class hierarchy updated for 'MovieSceneCapture' in 0.0004 seconds. Added 10 classes and 0 folders.
[2019.01.06-15.43.15:501][258]LogGameMode: Display: Match State Changed from EnteringMap to WaitingToStart
[2019.01.06-15.43.15:501][258]LogGameState: Match State Changed from EnteringMap to WaitingToStart
[2019.01.06-15.43.15:501][258]LogGameMode: Display: Match State Changed from WaitingToStart to InProgress
[2019.01.06-15.43.15:503][258]LogGameState: Match State Changed from WaitingToStart to InProgress
[2019.01.06-15.43.15:503][258]PIE: Play in editor start time for /Game/Scenes/UEDPIE_0_StartScreen -0.544
[2019.01.06-15.43.15:504][258]LogBlueprintUserMessages: Late PlayInEditor Detection: Level '/Game/Scenes/StartScreen.StartScreen:PersistentLevel' has LevelScriptBlueprint '/Game/Scenes/StartScreen.StartScreen:PersistentLevel.StartScreen' with GeneratedClass '/Game/Scenes/StartScreen.StartScreen_C' with ClassGeneratedBy '/Game/Scenes/StartScreen.StartScreen:PersistentLevel.StartScreen'
[2019.01.06-15.43.17:083][445]LogSlate: Took 0.000203 seconds to synchronously load lazily loaded font '../../../Engine/Content/Slate/Fonts/Roboto-Light.ttf' (167K)
[2019.01.06-15.43.19:717][760]LogGameMode: Display: Match State Changed from InProgress to LeavingMap
[2019.01.06-15.43.19:717][760]LogGameState: Match State Changed from InProgress to LeavingMap
[2019.01.06-15.43.19:718][760]LogNet: Browse: /Game/Scenes/CameraTestScene
[2019.01.06-15.43.19:718][760]LogLoad: LoadMap: /Game/Scenes/CameraTestScene
[2019.01.06-15.43.21:035][760]LogAIModule: Creating AISystem for world CameraTestScene
[2019.01.06-15.43.21:035][760]LogLoad: Game class is 'TestGameMode_C'
[2019.01.06-15.43.21:048][760]LogWorld: Bringing World /Game/Scenes/UEDPIE_0_CameraTestScene.CameraTestScene up for play (max tick rate 0) at 2019.01.06-15.43.21
[2019.01.06-15.43.21:049][760]LogWorld: Bringing up level for play took: 0.013030
[2019.01.06-15.43.21:050][760]LogGameMode: FindPlayerStart: PATHS NOT DEFINED or NO PLAYERSTART with positive rating
[2019.01.06-15.43.21:050][760]LogGameMode: Display: Match State Changed from EnteringMap to WaitingToStart
[2019.01.06-15.43.21:050][760]LogGameState: Match State Changed from EnteringMap to WaitingToStart
[2019.01.06-15.43.21:050][760]LogGameMode: Display: Match State Changed from WaitingToStart to InProgress
[2019.01.06-15.43.21:052][760]LogActor: Warning: MyBPBasePlayerWeapon_C /Game/Scenes/UEDPIE_0_CameraTestScene.CameraTestScene:PersistentLevel.MyBPBasePlayerWeapon_C_0 has natively added scene component(s), but none of them were set as the actor's RootComponent - picking one arbitrarily
[2019.01.06-15.43.21:052][760]LogActor: Warning: MyBiggoronKnifeWeapon_C /Game/Scenes/UEDPIE_0_CameraTestScene.CameraTestScene:PersistentLevel.MyBiggoronKnifeWeapon_C_0 has natively added scene component(s), but none of them were set as the actor's RootComponent - picking one arbitrarily
[2019.01.06-15.43.21:053][760]LogGameState: Match State Changed from WaitingToStart to InProgress
[2019.01.06-15.43.21:053][760]LogLoad: Took 1.335191 seconds to LoadMap(/Game/Scenes/CameraTestScene)
[2019.01.06-15.43.21:060][760]LogSlate: Took 0.002386 seconds to synchronously load lazily loaded font '../../../Engine/Content/SlateDebug/Fonts/LastResort.ttf' (5269K)
[2019.01.06-15.43.21:099][761]LogCharacterMovement: Warning: GetSimulationTimeStep() - Max iterations 8 hit while remaining time 0.062043 > MaxSimulationTimeStep (0.050) for 'MyImpaCharacter_17', movement 'Walking'
[2019.01.06-15.43.24:857][205]LogBlueprintUserMessages: [Send_Player_C_0] 1
[2019.01.06-15.43.30:517][884]LogBlueprintUserMessages: [Send_Player_C_1] 0
[2019.01.06-15.43.34:374][347]LogBlueprintUserMessages: Early EndPlayMap Detection: Level '/Game/Scenes/StartScreen.StartScreen:PersistentLevel' has LevelScriptBlueprint '/Game/Scenes/StartScreen.StartScreen:PersistentLevel.StartScreen' with GeneratedClass '/Game/Scenes/StartScreen.StartScreen_C' with ClassGeneratedBy '/Game/Scenes/StartScreen.StartScreen:PersistentLevel.StartScreen'
[2019.01.06-15.43.34:374][347]LogSlate: Updating window title bar state: overlay mode, drag disabled, window buttons hidden, title bar hidden
[2019.01.06-15.43.34:412][347]LogPlayLevel: Display: Shutting down PIE online subsystems
[2019.01.06-15.43.34:412][347]LogBlueprintUserMessages: Late EndPlayMap Detection: Level '/Game/Scenes/StartScreen.StartScreen:PersistentLevel' has LevelScriptBlueprint '/Game/Scenes/StartScreen.StartScreen:PersistentLevel.StartScreen' with GeneratedClass '/Game/Scenes/StartScreen.StartScreen_C' with ClassGeneratedBy '/Game/Scenes/StartScreen.StartScreen:PersistentLevel.StartScreen'
[2019.01.06-15.43.34:434][347]LogSlate: Updating window title bar state: overlay mode, drag disabled, window buttons hidden, title bar hidden
[2019.01.06-15.43.34:478][351]LogPlayLevel: Display: Destroying online subsystem :Context_1
[2019.01.06-15.43.38:549][757]LogSlate: FSceneViewport::OnFocusLost() reason 0
[2019.01.06-15.43.50:445][103]LogSlate: Took 0.000232 seconds to synchronously load lazily loaded font '../../../Engine/Content/Slate/Fonts/Roboto-Light.ttf' (167K)
[2019.01.06-15.43.50:452][103]LogAssetEditorManager: Opening Asset editor for WidgetBlueprint /Game/UIs/Send_Player.Send_Player
[2019.01.06-15.43.50:813][103]LogContentBrowser: Native class hierarchy updated for 'BlueprintGraph' in 0.0006 seconds. Added 116 classes and 0 folders.
[2019.01.06-15.43.51:485][103]LogSlate: Took 0.000263 seconds to synchronously load lazily loaded font '../../../Engine/Content/Slate/Fonts/Roboto-BoldCondensed.ttf' (158K)
[2019.01.06-15.43.52:802][237]LogSlate: Took 0.000210 seconds to synchronously load lazily loaded font '../../../Engine/Content/Slate/Fonts/Roboto-Italic.ttf' (157K)
[2019.01.06-15.44.02:082][266]BlueprintLog: New page: Compile Send_Player
[2019.01.06-15.44.02:572][306]Cmd: OBJ SAVEPACKAGE PACKAGE="/Game/UIs/Send_Player" FILE="../../../../../Users/h017026h/Documents/GitKraken/TGPPairProject/PairProject/Content/UIs/Send_Player.uasset" SILENT=true
[2019.01.06-15.44.02:642][306]LogSavePackage: Moving '../../../../../Users/h017026h/Documents/GitKraken/TGPPairProject/PairProject/Saved/Send_Player1647AA694CC3EE6ADBF9C6BAC72F5DBF.tmp' to '../../../../../Users/h017026h/Documents/GitKraken/TGPPairProject/PairProject/Content/UIs/Send_Player.uasset'
[2019.01.06-15.44.03:596][419]LogSlate: Window 'Send_Player' being destroyed
[2019.01.06-15.44.07:061][827]LogActor: Warning: MyBPBaseKeep_C /Engine/Transient.World_6:PersistentLevel.MyBPBaseKeep_C_0 has natively added scene component(s), but none of them were set as the actor's RootComponent - picking one arbitrarily
[2019.01.06-15.44.09:319][ 91]LogAssetEditorManager: Opening Asset editor for Blueprint /Game/Blueprints/Character_BPs/MyImpaCharacter.MyImpaCharacter
[2019.01.06-15.44.11:192][267]LogAssetEditorManager: Opening Asset editor for Blueprint /Game/Blueprints/Character_BPs/MyLinkCharacter.MyLinkCharacter
[2019.01.06-15.44.41:688][831]BlueprintLog: New page: Compile MyLinkCharacter
[2019.01.06-15.44.42:568][901]LogSavePackage: Moving '../../../../../Users/h017026h/Documents/GitKraken/TGPPairProject/PairProject/Saved/MyLinkCharacter267AD4B34CBBDF39E3B6E0B3721A316E.tmp' to '../../../../../Users/h017026h/Documents/GitKraken/TGPPairProject/PairProject/Content/Blueprints/Character_BPs/MyLinkCharacter.uasset'
[2019.01.06-15.44.43:318][989]LogTemp: Repeating last play command: Selected Viewport
[2019.01.06-15.44.43:344][989]LogBlueprintUserMessages: Early PlayInEditor Detection: Level '/Game/Scenes/StartScreen.StartScreen:PersistentLevel' has LevelScriptBlueprint '/Game/Scenes/StartScreen.StartScreen:PersistentLevel.StartScreen' with GeneratedClass '/Game/Scenes/StartScreen.StartScreen_C' with ClassGeneratedBy '/Game/Scenes/StartScreen.StartScreen:PersistentLevel.StartScreen'
[2019.01.06-15.44.43:344][989]LogPlayLevel: PlayLevel: No blueprints needed recompiling
[2019.01.06-15.44.43:344][989]PIE: New page: PIE session: StartScreen (6 Jan 2019 15:44:43)
[2019.01.06-15.44.43:344][989]LogPlayLevel: Creating play world package: /Game/Scenes/UEDPIE_0_StartScreen
[2019.01.06-15.44.43:345][989]LogPlayLevel: PIE: StaticDuplicateObject took: (0.000907s)
[2019.01.06-15.44.43:346][989]LogAIModule: Creating AISystem for world StartScreen
[2019.01.06-15.44.43:346][989]LogPlayLevel: PIE: World Init took: (0.000789s)
[2019.01.06-15.44.43:347][989]LogPlayLevel: PIE: Created PIE world by copying editor world from /Game/Scenes/StartScreen.StartScreen to /Game/Scenes/UEDPIE_0_StartScreen.StartScreen (0.002173s)
[2019.01.06-15.44.43:377][989]LogInit: XAudio2 using 'Headset Earphone (Corsair VOID PRO USB Gaming Headset)' : 6 channels at 48 kHz using 16 bits per sample (channel mask 0x3f)
[2019.01.06-15.44.43:472][989]LogInit: FAudioDevice initialized.
[2019.01.06-15.44.43:478][989]LogSlate: Updating window title bar state: overlay mode, drag disabled, window buttons hidden, title bar hidden
[2019.01.06-15.44.43:517][989]LogLoad: Game class is 'TestGameMode_C'
[2019.01.06-15.44.43:518][989]LogWorld: Bringing World /Game/Scenes/UEDPIE_0_StartScreen.StartScreen up for play (max tick rate 0) at 2019.01.06-15.44.43
[2019.01.06-15.44.43:518][989]LogWorld: Bringing up level for play took: 0.000832
[2019.01.06-15.44.43:532][989]LogGameMode: FindPlayerStart: PATHS NOT DEFINED or NO PLAYERSTART with positive rating
[2019.01.06-15.44.43:532][989]LogGameMode: Display: Match State Changed from EnteringMap to WaitingToStart
[2019.01.06-15.44.43:532][989]LogGameState: Match State Changed from EnteringMap to WaitingToStart
[2019.01.06-15.44.43:532][989]LogGameMode: Display: Match State Changed from WaitingToStart to InProgress
[2019.01.06-15.44.43:534][989]LogGameState: Match State Changed from WaitingToStart to InProgress
[2019.01.06-15.44.43:536][989]PIE: Play in editor start time for /Game/Scenes/UEDPIE_0_StartScreen -0.512
[2019.01.06-15.44.43:536][989]LogBlueprintUserMessages: Late PlayInEditor Detection: Level '/Game/Scenes/StartScreen.StartScreen:PersistentLevel' has LevelScriptBlueprint '/Game/Scenes/StartScreen.StartScreen:PersistentLevel.StartScreen' with GeneratedClass '/Game/Scenes/StartScreen.StartScreen_C' with ClassGeneratedBy '/Game/Scenes/StartScreen.StartScreen:PersistentLevel.StartScreen'
[2019.01.06-15.44.43:552][989]LogRenderer: Reallocating scene render targets to support 1292x756 Format 10 NumSamples 1 (Frame:1).
[2019.01.06-15.44.46:625][354]LogGameMode: Display: Match State Changed from InProgress to LeavingMap
[2019.01.06-15.44.46:625][354]LogGameState: Match State Changed from InProgress to LeavingMap
[2019.01.06-15.44.46:625][354]LogNet: Browse: /Game/Scenes/CameraTestScene
[2019.01.06-15.44.46:626][354]LogLoad: LoadMap: /Game/Scenes/CameraTestScene
[2019.01.06-15.44.46:904][354]LogAIModule: Creating AISystem for world CameraTestScene
[2019.01.06-15.44.46:904][354]LogLoad: Game class is 'TestGameMode_C'
[2019.01.06-15.44.46:916][354]LogWorld: Bringing World /Game/Scenes/UEDPIE_0_CameraTestScene.CameraTestScene up for play (max tick rate 0) at 2019.01.06-15.44.46
[2019.01.06-15.44.46:917][354]LogWorld: Bringing up level for play took: 0.011367
[2019.01.06-15.44.46:917][354]LogGameMode: FindPlayerStart: PATHS NOT DEFINED or NO PLAYERSTART with positive rating
[2019.01.06-15.44.46:918][354]LogGameMode: Display: Match State Changed from EnteringMap to WaitingToStart
[2019.01.06-15.44.46:918][354]LogGameState: Match State Changed from EnteringMap to WaitingToStart
[2019.01.06-15.44.46:918][354]LogGameMode: Display: Match State Changed from WaitingToStart to InProgress
[2019.01.06-15.44.46:919][354]LogActor: Warning: MyBPBasePlayerWeapon_C /Game/Scenes/UEDPIE_0_CameraTestScene.CameraTestScene:PersistentLevel.MyBPBasePlayerWeapon_C_0 has natively added scene component(s), but none of them were set as the actor's RootComponent - picking one arbitrarily
[2019.01.06-15.44.46:919][354]LogActor: Warning: MyBiggoronKnifeWeapon_C /Game/Scenes/UEDPIE_0_CameraTestScene.CameraTestScene:PersistentLevel.MyBiggoronKnifeWeapon_C_0 has natively added scene component(s), but none of them were set as the actor's RootComponent - picking one arbitrarily
[2019.01.06-15.44.46:921][354]LogGameState: Match State Changed from WaitingToStart to InProgress
[2019.01.06-15.44.46:921][354]LogLoad: Took 0.295135 seconds to LoadMap(/Game/Scenes/CameraTestScene)
[2019.01.06-15.45.06:898][680]LogBlueprintUserMessages: Early EndPlayMap Detection: Level '/Game/Scenes/StartScreen.StartScreen:PersistentLevel' has LevelScriptBlueprint '/Game/Scenes/StartScreen.StartScreen:PersistentLevel.StartScreen' with GeneratedClass '/Game/Scenes/StartScreen.StartScreen_C' with ClassGeneratedBy '/Game/Scenes/StartScreen.StartScreen:PersistentLevel.StartScreen'
[2019.01.06-15.45.06:899][680]LogSlate: Updating window title bar state: overlay mode, drag disabled, window buttons hidden, title bar hidden
[2019.01.06-15.45.06:921][680]LogSlate: Window 'PairProject Game Preview Standalone (64-bit/PCD3D_SM5)' being destroyed
[2019.01.06-15.45.06:958][680]LogPlayLevel: Display: Shutting down PIE online subsystems
[2019.01.06-15.45.06:959][680]LogBlueprintUserMessages: Late EndPlayMap Detection: Level '/Game/Scenes/StartScreen.StartScreen:PersistentLevel' has LevelScriptBlueprint '/Game/Scenes/StartScreen.StartScreen:PersistentLevel.StartScreen' with GeneratedClass '/Game/Scenes/StartScreen.StartScreen_C' with ClassGeneratedBy '/Game/Scenes/StartScreen.StartScreen:PersistentLevel.StartScreen'
[2019.01.06-15.45.07:004][681]LogPlayLevel: Display: Destroying online subsystem :Context_13
[2019.01.06-15.45.11:250][161]LogActorComponent: UnregisterComponent: (/Engine/Transient.EditorFloorComp) Not registered. Aborting.
[2019.01.06-15.45.11:306][161]LogSlate: Window 'PairProject - Unreal Editor' being destroyed
[2019.01.06-15.45.11:307][161]LogWindowsTextInputMethodSystem: Display: IME system now deactivated.
[2019.01.06-15.45.11:496][162]Cmd: QUIT_EDITOR
[2019.01.06-15.45.12:272][162]LogExit: Preparing to exit.
