Log file open, 12/30/18 07:30:41
LogWindows: Failed to load 'aqProf.dll' (GetLastError=126)
LogWindows: File 'aqProf.dll' does not exist
LogWindows: Failed to load 'VSPerf140.dll' (GetLastError=126)
LogWindows: File 'VSPerf140.dll' does not exist
LogWindows: Failed to load 'VtuneApi.dll' (GetLastError=126)
LogWindows: File 'VtuneApi.dll' does not exist
LogWindows: Failed to load 'VtuneApi32e.dll' (GetLastError=126)
LogWindows: File 'VtuneApi32e.dll' does not exist
LogInit: Display: Running engine for game: PairProject
LogPlatformFile: Not using cached read wrapper
LogTaskGraph: Started task graph with 5 named threads and 23 total threads with 3 sets of task threads.
LogStats: Stats thread started at 0.488697
LogD3D11RHI: Loaded GFSDK_Aftermath_Lib.x64.dll
LogICUInternationalization: Display: ICU TimeZone Detection - Raw Offset: +0:00, Platform Override: ''
LogPluginManager: Mounting plugin Paper2D
LogPluginManager: Mounting plugin AISupport
LogPluginManager: Mounting plugin LightPropagationVolume
LogPluginManager: Mounting plugin CLionSourceCodeAccess
LogPluginManager: Mounting plugin CodeLiteSourceCodeAccess
LogPluginManager: Mounting plugin GitSourceControl
LogPluginManager: Mounting plugin KDevelopSourceCodeAccess
LogPluginManager: Mounting plugin NullSourceCodeAccess
LogPluginManager: Mounting plugin PerforceSourceControl
LogPluginManager: Mounting plugin SubversionSourceControl
LogPluginManager: Mounting plugin UObjectPlugin
LogPluginManager: Mounting plugin VisualStudioCodeSourceCodeAccess
LogPluginManager: Mounting plugin VisualStudioSourceCodeAccess
LogPluginManager: Mounting plugin XCodeSourceCodeAccess
LogPluginManager: Mounting plugin AssetManagerEditor
LogPluginManager: Mounting plugin CryptoKeys
LogPluginManager: Mounting plugin DataValidation
LogPluginManager: Mounting plugin FacialAnimation
LogPluginManager: Mounting plugin GameplayTagsEditor
LogPluginManager: Mounting plugin MacGraphicsSwitching
LogPluginManager: Mounting plugin MeshEditor
LogPluginManager: Mounting plugin MobileLauncherProfileWizard
LogPluginManager: Mounting plugin PluginBrowser
LogPluginManager: Mounting plugin SpeedTreeImporter
LogPluginManager: Mounting plugin DatasmithContent
LogPluginManager: Mounting plugin AlembicImporter
LogPluginManager: Mounting plugin AppleImageUtils
LogPluginManager: Mounting plugin AppleVision
LogPluginManager: Mounting plugin BackChannel
LogPluginManager: Mounting plugin CharacterAI
LogPluginManager: Mounting plugin GeometryCache
LogPluginManager: Mounting plugin HTML5Networking
LogPluginManager: Mounting plugin ProxyLODPlugin
LogPluginManager: Mounting plugin MagicLeap
LogPluginManager: Mounting plugin MagicLeapEmulator
LogPluginManager: Mounting plugin MagicLeapMedia
LogPluginManager: Mounting plugin AndroidMedia
LogPluginManager: Mounting plugin AvfMedia
LogPluginManager: Mounting plugin ImgMedia
LogPluginManager: Mounting plugin LinearTimecode
LogPluginManager: Mounting plugin MediaCompositing
LogPluginManager: Mounting plugin MediaPlayerEditor
LogPluginManager: Mounting plugin WmfMedia
LogPluginManager: Mounting plugin TcpMessaging
LogPluginManager: Mounting plugin UdpMessaging
LogPluginManager: Mounting plugin ActorSequence
LogPluginManager: Mounting plugin LevelSequenceEditor
LogPluginManager: Mounting plugin MatineeToLevelSequence
LogPluginManager: Mounting plugin NetcodeUnitTest
LogPluginManager: Mounting plugin NUTUnrealEngine4
LogPluginManager: Mounting plugin OnlineSubsystemGooglePlay
LogPluginManager: Mounting plugin OnlineSubsystemIOS
LogPluginManager: Mounting plugin OnlineSubsystem
LogPluginManager: Mounting plugin OnlineSubsystemNull
LogPluginManager: Mounting plugin OnlineSubsystemUtils
LogPluginManager: Mounting plugin LauncherChunkInstaller
LogPluginManager: Mounting plugin AndroidDeviceProfileSelector
LogPluginManager: Mounting plugin AndroidMoviePlayer
LogPluginManager: Mounting plugin AndroidPermission
LogPluginManager: Mounting plugin AppleMoviePlayer
LogPluginManager: Mounting plugin ArchVisCharacter
LogPluginManager: Mounting plugin AudioCapture
LogPluginManager: Mounting plugin CableComponent
LogPluginManager: Mounting plugin CustomMeshComponent
LogPluginManager: Mounting plugin EditableMesh
LogPluginManager: Mounting plugin ExampleDeviceProfileSelector
LogPluginManager: Mounting plugin GoogleCloudMessaging
LogPluginManager: Mounting plugin ImmediatePhysics
LogPluginManager: Mounting plugin IOSDeviceProfileSelector
LogPluginManager: Mounting plugin LinuxDeviceProfileSelector
LogPluginManager: Mounting plugin LocationServicesBPLibrary
LogPluginManager: Mounting plugin MobilePatchingUtils
LogPluginManager: Mounting plugin OculusVR
LogPluginManager: Plugin shader directory ../../../Engine/Plugins/Runtime/Oculus/OculusVR/Shaders found
LogPluginManager: Mapping shader source directory ../../../Engine/Plugins/Runtime/Oculus/OculusVR/Shaders to virtual directory /Plugin/OculusVR
LogPluginManager: Mounting plugin PhysXVehicles
LogPluginManager: Mounting plugin ProceduralMeshComponent
LogPluginManager: Mounting plugin RuntimePhysXCooking
LogPluginManager: Mounting plugin SteamVR
LogPluginManager: Mounting plugin WindowsMoviePlayer
LogStreaming: Display: Took  0.270s to configure plugins.
LogInit: Using libcurl 7.55.1-DEV
LogInit:  - built for x86_64-pc-win32
LogInit:  - supports SSL with OpenSSL/1.0.2h
LogInit:  - supports HTTP deflate (compression) using libz 1.2.8
LogInit:  - other features:
LogInit:      CURL_VERSION_SSL
LogInit:      CURL_VERSION_LIBZ
LogInit:      CURL_VERSION_IPV6
LogInit:      CURL_VERSION_ASYNCHDNS
LogInit:      CURL_VERSION_LARGEFILE
LogInit:      CURL_VERSION_IDN
LogInit:  CurlRequestOptions (configurable via config and command line):
LogInit:  - bVerifyPeer = false  - Libcurl will NOT verify peer certificate
LogInit:  - bUseHttpProxy = false  - Libcurl will NOT use HTTP proxy
LogInit:  - bDontReuseConnections = false  - Libcurl will reuse connections
LogInit:  - CertBundlePath = nullptr  - Libcurl will use whatever was configured at build time.
LogInit:  - MaxHostConnections = 16  - Libcurl will limit the number of connections to a host
LogInit:  - LocalHostAddr = Default
LogInit:  - BufferSize = 65536
LogInit: WinSock: version 1.1 (2.2), MaxSocks=32767, MaxUdp=65467
LogInit: Build: ++UE4+Release-4.20-CL-4369336
LogInit: Engine Version: 4.20.3-4369336+++UE4+Release-4.20
LogInit: Compatible Engine Version: 4.20.0-4212847+++UE4+Release-4.20
LogInit: Net CL: 4212847
LogInit: OS: Windows 10 (), CPU: AMD FX(tm)-8320 Eight-Core Processor           , GPU: NVIDIA GeForce GTX 960
LogInit: Compiled (64-bit): Sep 17 2018 12:26:19
LogInit: Compiled with Visual C++: 19.13.26129.00
LogInit: Build Configuration: Development
LogInit: Branch Name: ++UE4+Release-4.20
LogInit: Command Line:  -skipcompile
LogInit: Base Directory: C:/Program Files/Epic Games/UE_4.20/Engine/Binaries/Win64/
LogInit: Installed Engine Build: 1
LogDevObjectVersion: Number of dev versions registered: 20
LogDevObjectVersion:   Dev-Blueprints (B0D832E4-1F89-4F0D-ACCF-7EB736FD4AA2): 10
LogDevObjectVersion:   Dev-Build (E1C64328-A22C-4D53-A36C-8E866417BD8C): 0
LogDevObjectVersion:   Dev-Core (375EC13C-06E4-48FB-B500-84F0262A717E): 2
LogDevObjectVersion:   Dev-Editor (E4B068ED-F494-42E9-A231-DA0B2E46BB41): 24
LogDevObjectVersion:   Dev-Framework (CFFC743F-43B0-4480-9391-14DF171D2073): 34
LogDevObjectVersion:   Dev-Mobile (B02B49B5-BB20-44E9-A304-32B752E40360): 2
LogDevObjectVersion:   Dev-Networking (A4E4105C-59A1-49B5-A7C5-40C4547EDFEE): 0
LogDevObjectVersion:   Dev-Online (39C831C9-5AE6-47DC-9A44-9C173E1C8E7C): 0
LogDevObjectVersion:   Dev-Physics (78F01B33-EBEA-4F98-B9B4-84EACCB95AA2): 0
LogDevObjectVersion:   Dev-Platform (6631380F-2D4D-43E0-8009-CF276956A95A): 0
LogDevObjectVersion:   Dev-Rendering (12F88B9F-8875-4AFC-A67C-D90C383ABD29): 26
LogDevObjectVersion:   Dev-Sequencer (7B5AE74C-D270-4C10-A958-57980B212A5A): 9
LogDevObjectVersion:   Dev-VR (D7296918-1DD6-4BDD-9DE2-64A83CC13884): 2
LogDevObjectVersion:   Dev-LoadTimes (C2A15278-BFE7-4AFE-6C17-90FF531DF755): 1
LogDevObjectVersion:   Private-Geometry (6EACA3D4-40EC-4CC1-B786-8BED09428FC5): 3
LogDevObjectVersion:   Dev-AnimPhys (29E575DD-E0A3-4627-9D10-D276232CDCEA): 17
LogDevObjectVersion:   Dev-ReflectionCapture (6B266CEC-1EC7-4B8F-A30B-E4D90942FC07): 1
LogDevObjectVersion:   Dev-Automation (0DF73D61-A23F-47EA-B727-89E90C41499A): 1
LogDevObjectVersion:   FortniteMain (601D1886-AC64-4F84-AA16-D3DE0DEAC7D6): 12
LogDevObjectVersion:   Dev-Enterprise (9DFFBCD6-494F-0158-E221-12823C92A888): 1
LogStreaming: Display: Took  0.009s to delete old logs.
LogInit: Presizing for max 8388607 objects, including 0 objects not considered by GC, pre-allocating 0 bytes for permanent pool.
LogInit: Object subsystem initialized
[2018.12.30-07.30.41:800][  0]LogInit: Selected Device Profile: [Windows]
[2018.12.30-07.30.41:801][  0]LogInit: Applying CVar settings loaded from the selected device profile: [Windows]
[2018.12.30-07.30.41:826][  0]LogHAL: Display: Platform has ~ 16 GB [17125670912 / 17179869184 / 16], which maps to Larger [LargestMinGB=32, LargerMinGB=12, DefaultMinGB=8, SmallerMinGB=6, SmallestMinGB=0)
[2018.12.30-07.30.41:826][  0]LogInit: Setting Device Profile CVar: [[r.Vulkan.UseRealUBs:1]]
[2018.12.30-07.30.41:826][  0]LogInit: Going up to parent DeviceProfile []
[2018.12.30-07.30.41:826][  0]LogInit: Computer: DESKTOP-P20JPTF
[2018.12.30-07.30.41:827][  0]LogInit: User: Minat
[2018.12.30-07.30.41:827][  0]LogInit: CPU Page size=4096, Cores=4
[2018.12.30-07.30.41:827][  0]LogInit: High frequency timer resolution =3.418060 MHz
[2018.12.30-07.30.41:827][  0]LogMemory: Memory total: Physical=15.9GB (16GB approx)
[2018.12.30-07.30.41:827][  0]LogMemory: Platform Memory Stats for Windows
[2018.12.30-07.30.41:827][  0]LogMemory: Process Physical Memory: 101.27 MB used, 101.27 MB peak
[2018.12.30-07.30.41:828][  0]LogMemory: Process Virtual Memory: 93.16 MB used, 93.16 MB peak
[2018.12.30-07.30.41:828][  0]LogMemory: Physical Memory: 7995.45 MB used,  8336.86 MB free, 16332.31 MB total
[2018.12.30-07.30.41:828][  0]LogMemory: Virtual Memory: 4642.79 MB used,  8336.86 MB free, 134217728.00 MB total
[2018.12.30-07.30.41:978][  0]LogInit: Using OS detected language (en-US).
[2018.12.30-07.30.41:978][  0]LogInit: Using OS detected locale (en-GB).
[2018.12.30-07.30.41:980][  0]LogTextLocalizationManager: No specific localization for 'en-US' exists, so the 'en' localization will be used.
[2018.12.30-07.30.42:478][  0]LogStreaming: Display: Took  0.500s to InitEngineTextLocalization.
[2018.12.30-07.30.42:478][  0]LogInit: Setting process to per monitor DPI aware
[2018.12.30-07.30.42:526][  0]LogSlate: New Slate User Created.  User Index 0, Is Virtual User: 0
[2018.12.30-07.30.42:526][  0]LogSlate: Slate User Registered.  User Index 0, Is Virtual User: 0
[2018.12.30-07.30.42:806][  0]LogHMD: Failed to initialize OpenVR with code 110
[2018.12.30-07.30.42:806][  0]LogD3D11RHI: D3D11 adapters:
[2018.12.30-07.30.42:912][  0]LogD3D11RHI:    0. 'NVIDIA GeForce GTX 960' (Feature Level 11_0)
[2018.12.30-07.30.42:913][  0]LogD3D11RHI:       2007/0/8166 MB DedicatedVideo/DedicatedSystem/SharedSystem, Outputs:1, VendorId:0x10de
[2018.12.30-07.30.42:919][  0]LogD3D11RHI:    1. 'Microsoft Basic Render Driver' (Feature Level 11_0)
[2018.12.30-07.30.42:919][  0]LogD3D11RHI:       0/0/8166 MB DedicatedVideo/DedicatedSystem/SharedSystem, Outputs:0, VendorId:0x1414
[2018.12.30-07.30.42:919][  0]LogD3D11RHI: Chosen D3D11 Adapter: 0
[2018.12.30-07.30.42:930][  0]LogD3D11RHI: Creating new Direct3DDevice
[2018.12.30-07.30.42:931][  0]LogD3D11RHI:     GPU DeviceId: 0x1401 (for the marketing name, search the web for "GPU Device Id")
[2018.12.30-07.30.42:931][  0]LogWindows: EnumDisplayDevices:
[2018.12.30-07.30.42:931][  0]LogWindows:    0. 'NVIDIA GeForce GTX 960' (P:1 D:1)
[2018.12.30-07.30.42:931][  0]LogWindows:    1. 'NVIDIA GeForce GTX 960' (P:0 D:0)
[2018.12.30-07.30.42:932][  0]LogWindows:    2. 'NVIDIA GeForce GTX 960' (P:0 D:0)
[2018.12.30-07.30.42:932][  0]LogWindows:    3. 'NVIDIA GeForce GTX 960' (P:0 D:0)
[2018.12.30-07.30.42:933][  0]LogWindows: DebugString: FoundDriverCount:4 
[2018.12.30-07.30.42:933][  0]LogD3D11RHI:     Adapter Name: NVIDIA GeForce GTX 960
[2018.12.30-07.30.42:933][  0]LogD3D11RHI:   Driver Version: 399.24 (internal:24.21.13.9924, unified:399.24)
[2018.12.30-07.30.42:933][  0]LogD3D11RHI:      Driver Date: 9-5-2018
[2018.12.30-07.30.42:933][  0]LogRHI: Texture pool is 1405 MB (70% of 2007 MB)
[2018.12.30-07.30.43:000][  0]LogD3D11RHI: Async texture creation enabled
[2018.12.30-07.30.43:019][  0]LogD3D11RHI: GPU Timing Frequency: 1000.000000 (Debug: 2 2)
[2018.12.30-07.30.43:067][  0]LogShaderCompilers: Guid format shader working directory is -39 characters bigger than the processId version (E:/Staffs Uni/Level 5/Technical Games Production/Pair/NEW/TGPPairProject/PairProject/Intermediate/Shaders/WorkingDirectory/22604/).
[2018.12.30-07.30.43:068][  0]LogShaderCompilers: Cleaned the shader compiler working directory 'C:/Users/Minat/AppData/Local/Temp/UnrealShaderWorkingDir/36D0EBC0495C4818A589469FDAA65C61/'.
[2018.12.30-07.30.43:418][  0]LogTemp: Display: Loaded TP AllDesktopTargetPlatform
[2018.12.30-07.30.43:444][  0]LogTemp: Display: Loaded TP MacClientTargetPlatform
[2018.12.30-07.30.43:470][  0]LogTemp: Display: Loaded TP MacNoEditorTargetPlatform
[2018.12.30-07.30.43:495][  0]LogTemp: Display: Loaded TP MacServerTargetPlatform
[2018.12.30-07.30.43:522][  0]LogTemp: Display: Loaded TP MacTargetPlatform
[2018.12.30-07.30.43:548][  0]LogTemp: Display: Loaded TP WindowsClientTargetPlatform
[2018.12.30-07.30.43:574][  0]LogTemp: Display: Loaded TP WindowsNoEditorTargetPlatform
[2018.12.30-07.30.43:600][  0]LogTemp: Display: Loaded TP WindowsServerTargetPlatform
[2018.12.30-07.30.43:614][  0]LogTemp: Display: Loaded TP WindowsTargetPlatform
[2018.12.30-07.30.43:750][  0]LogTemp: Display: Loaded TP AndroidTargetPlatform
[2018.12.30-07.30.43:750][  0]LogTemp: Display: Loaded TP AndroidTargetPlatform
[2018.12.30-07.30.43:750][  0]LogTemp: Display: Loaded TP AndroidTargetPlatform
[2018.12.30-07.30.43:750][  0]LogTemp: Display: Loaded TP AndroidTargetPlatform
[2018.12.30-07.30.43:750][  0]LogTemp: Display: Loaded TP AndroidTargetPlatform
[2018.12.30-07.30.43:750][  0]LogTemp: Display: Loaded TP AndroidTargetPlatform
[2018.12.30-07.30.43:750][  0]LogTemp: Display: Loaded TP AndroidTargetPlatform
[2018.12.30-07.30.43:750][  0]LogTemp: Display: Loaded TP AndroidTargetPlatform
[2018.12.30-07.30.43:750][  0]LogTemp: Display: Loaded TP AndroidTargetPlatform
[2018.12.30-07.30.43:750][  0]LogTemp: Display: Loaded TP AndroidTargetPlatform
[2018.12.30-07.30.43:751][  0]LogTemp: Display: Loaded TP AndroidTargetPlatform
[2018.12.30-07.30.43:751][  0]LogTemp: Display: Loaded TP AndroidTargetPlatform
[2018.12.30-07.30.43:751][  0]LogTemp: Display: Loaded TP AndroidTargetPlatform
[2018.12.30-07.30.43:751][  0]LogTemp: Display: Loaded TP AndroidTargetPlatform
[2018.12.30-07.30.43:751][  0]LogTemp: Display: Loaded TP AndroidTargetPlatform
[2018.12.30-07.30.43:751][  0]LogTemp: Display: Loaded TP AndroidTargetPlatform
[2018.12.30-07.30.43:751][  0]LogTemp: Display: Loaded TP AndroidTargetPlatform
[2018.12.30-07.30.43:751][  0]LogTemp: Display: Loaded TP AndroidTargetPlatform
[2018.12.30-07.30.43:755][  0]LogTemp: Display: Loaded TP HTML5TargetPlatform
[2018.12.30-07.30.43:847][  0]LogTemp: Display: Loaded TP IOSTargetPlatform
[2018.12.30-07.30.43:847][  0]LogTemp: Display: Loaded TP IOSTargetPlatform
[2018.12.30-07.30.43:891][  0]LogTemp: Display: Loaded TP TVOSTargetPlatform
[2018.12.30-07.30.43:891][  0]LogTemp: Display: Loaded TP TVOSTargetPlatform
[2018.12.30-07.30.43:913][  0]LogTemp: Display: Loaded TP LinuxClientTargetPlatform
[2018.12.30-07.30.43:936][  0]LogTemp: Display: Loaded TP LinuxNoEditorTargetPlatform
[2018.12.30-07.30.43:959][  0]LogTemp: Display: Loaded TP LinuxServerTargetPlatform
[2018.12.30-07.30.43:984][  0]LogTemp: Display: Loaded TP LinuxTargetPlatform
[2018.12.30-07.30.44:002][  0]LogTemp: Display: Loaded TP LuminTargetPlatform
[2018.12.30-07.30.44:002][  0]LogTargetPlatformManager: Display: Building Assets For Windows
[2018.12.30-07.30.44:159][  0]LogXGEController: Cleaning working directory: C:/Users/Minat/AppData/Local/Temp/UnrealXGEWorkingDir/
[2018.12.30-07.30.44:160][  0]LogXGEController: Cannot use XGE Controller as Incredibuild is not installed on this machine.
[2018.12.30-07.30.44:160][  0]LogShaderCompilers: Cannot use XGE Shader Compiler as Incredibuild is not installed on this machine.
[2018.12.30-07.30.44:160][  0]LogShaderCompilers: Display: Using Local Shader Compiler.
[2018.12.30-07.30.45:346][  0]LogDerivedDataCache: Display: Max Cache Size: 512 MB
[2018.12.30-07.30.45:441][  0]LogDerivedDataCache: Loaded boot cache 0.09s 71MB C:/Users/Minat/AppData/Local/UnrealEngine/4.20/DerivedDataCache/Boot.ddc.
[2018.12.30-07.30.45:442][  0]LogDerivedDataCache: Display: Loaded Boot cache: C:/Users/Minat/AppData/Local/UnrealEngine/4.20/DerivedDataCache/Boot.ddc
[2018.12.30-07.30.45:442][  0]LogDerivedDataCache: FDerivedDataBackendGraph:  Pak pak cache file E:/Staffs Uni/Level 5/Technical Games Production/Pair/NEW/TGPPairProject/PairProject/DerivedDataCache/DDC.ddp not found, will not use a pak cache.
[2018.12.30-07.30.45:442][  0]LogDerivedDataCache: Unable to find inner node Pak for hierarchical cache Hierarchy.
[2018.12.30-07.30.45:442][  0]LogDerivedDataCache: FDerivedDataBackendGraph:  CompressedPak pak cache file E:/Staffs Uni/Level 5/Technical Games Production/Pair/NEW/TGPPairProject/PairProject/DerivedDataCache/Compressed.ddp not found, will not use a pak cache.
[2018.12.30-07.30.45:443][  0]LogDerivedDataCache: Unable to find inner node CompressedPak for hierarchical cache Hierarchy.
[2018.12.30-07.30.45:461][  0]LogDerivedDataCache: Display: Pak cache opened for reading ../../../Engine/DerivedDataCache/Compressed.ddp.
[2018.12.30-07.30.45:474][  0]LogDerivedDataCache: Using Local data cache path C:/Users/Minat/AppData/Local/UnrealEngine/Common/DerivedDataCache: Writable
[2018.12.30-07.30.45:474][  0]LogDerivedDataCache: Shared data cache path not found in *engine.ini, will not use an Shared cache.
[2018.12.30-07.30.45:474][  0]LogDerivedDataCache: Unable to find inner node Shared for hierarchical cache Hierarchy.
[2018.12.30-07.30.45:504][  0]LogMaterial: Verifying Global Shaders for PCD3D_SM5
[2018.12.30-07.30.45:506][  0]LogSlate: Using FreeType 2.6.0
[2018.12.30-07.30.45:507][  0]LogSlate: SlateFontServices - WITH_FREETYPE: 1, WITH_HARFBUZZ: 1
[2018.12.30-07.30.45:606][  0]LogAssetRegistry: FAssetRegistry took 0.0315 seconds to start up
[2018.12.30-07.30.46:164][  0]LogInit: Selected Device Profile: [Windows]
[2018.12.30-07.30.46:263][  0]LogSimplygon: Simplygon DLL not present - disabling.
[2018.12.30-07.30.46:273][  0]LogMeshReduction: Using SimplygonSwarm for distributed automatic mesh merging
[2018.12.30-07.30.46:273][  0]LogMeshReduction: Using ProxyLODMeshReduction for automatic mesh merging
[2018.12.30-07.30.46:273][  0]LogMeshReduction: Using QuadricMeshReduction for automatic static mesh reduction
[2018.12.30-07.30.46:274][  0]LogMeshReduction: No automatic skeletal mesh reduction module available
[2018.12.30-07.30.46:399][  0]LogNetVersion: PairProject 1.0.0, NetCL: 4212847, EngineNetVer: 5, GameNetVer: 0 (Checksum: 2248716754)
[2018.12.30-07.30.47:296][  0]LogPackageLocalizationCache: Processed 11 localized package path(s) for 2 prioritized culture(s) in 0.339218 seconds
[2018.12.30-07.30.47:305][  0]LogUObjectArray: 38425 objects as part of root set at end of initial load.
[2018.12.30-07.30.47:305][  0]LogUObjectAllocator: 6690872 out of 0 bytes used by permanent object pool.
[2018.12.30-07.30.47:305][  0]LogUObjectArray: CloseDisregardForGC: 0/0 objects in disregard for GC pool
[2018.12.30-07.30.48:576][  0]LogTcpMessaging: Initializing TcpMessaging bridge
[2018.12.30-07.30.48:594][  0]LogUdpMessaging: Initializing bridge on interface 0.0.0.0:0 to multicast group 230.0.0.1:6666.
[2018.12.30-07.30.48:889][  0]SourceControl: Source control is disabled
[2018.12.30-07.30.48:889][  0]SourceControl: Source control is disabled
[2018.12.30-07.30.48:893][  0]SourceControl: Source control is disabled
[2018.12.30-07.30.48:896][  0]SourceControl: Source control is disabled
[2018.12.30-07.30.49:171][  0]LogAndroidPermission: UAndroidPermissionCallbackProxy::GetInstance
[2018.12.30-07.30.49:308][  0]LogOcInput: OculusInput pre-init called
[2018.12.30-07.30.49:398][  0]LogEngine: Initializing Engine...
[2018.12.30-07.30.49:399][  0]LogHMD: Failed to initialize OpenVR with code 110
[2018.12.30-07.30.49:401][  0]LogStats: UGameplayTagsManager::ConstructGameplayTagTree: ImportINI prefixes -  0.000 s
[2018.12.30-07.30.49:401][  0]LogStats: UGameplayTagsManager::ConstructGameplayTagTree: Construct from data asset -  0.000 s
[2018.12.30-07.30.49:401][  0]LogStats: UGameplayTagsManager::ConstructGameplayTagTree: ImportINI -  0.000 s
[2018.12.30-07.30.49:401][  0]LogStats: UGameplayTagsManager::ConstructGameplayTagTree: GameplayTagTreeChangedEvent.Broadcast -  0.000 s
[2018.12.30-07.30.49:677][  0]LogInit: Initializing FReadOnlyCVARCache
[2018.12.30-07.30.49:710][  0]LogAIModule: Creating AISystem for world Untitled
[2018.12.30-07.30.49:735][  0]LogInit: XAudio2 using 'SyncMaster (NVIDIA High Definition Audio)' : 2 channels at 48 kHz using 16 bits per sample (channel mask 0x3)
[2018.12.30-07.30.49:775][  0]LogInit: FAudioDevice initialized.
[2018.12.30-07.30.49:775][  0]LogNetVersion: Set ProjectVersion to 1.0.0.0. Version Checksum will be recalculated on next use.
[2018.12.30-07.30.49:960][  0]LogDerivedDataCache: Saved boot cache 0.18s 71MB C:/Users/Minat/AppData/Local/UnrealEngine/4.20/DerivedDataCache/Boot.ddc.
[2018.12.30-07.30.49:977][  0]LogInit: Texture streaming: Enabled
[2018.12.30-07.30.50:016][  0]LogEngineSessionManager: EngineSessionManager initialized
[2018.12.30-07.30.50:034][  0]LogInit: Transaction tracking system initialized
[2018.12.30-07.30.50:092][  0]BlueprintLog: New page: Editor Load
[2018.12.30-07.30.50:267][  0]LocalizationService: Localization service is disabled
[2018.12.30-07.30.50:663][  0]LogCook: Display: Max memory allowance for cook 16384mb min free memory 0mb
[2018.12.30-07.30.50:664][  0]LogCook: Display: Mobile HDR setting 1
[2018.12.30-07.30.50:664][  0]LogGameplayTags: Display: UGameplayTagsManager::DoneAddingNativeTags. DelegateIsBound: 0
[2018.12.30-07.30.50:664][  0]LogStats: UGameplayTagsManager::ConstructGameplayTagTree: ImportINI prefixes -  0.000 s
[2018.12.30-07.30.50:664][  0]LogStats: UGameplayTagsManager::ConstructGameplayTagTree: Construct from data asset -  0.000 s
[2018.12.30-07.30.50:665][  0]LogStats: UGameplayTagsManager::ConstructGameplayTagTree: ImportINI -  0.000 s
[2018.12.30-07.30.50:665][  0]LogStats: UGameplayTagsManager::ConstructGameplayTagTree: GameplayTagTreeChangedEvent.Broadcast -  0.000 s
[2018.12.30-07.30.50:678][  0]LogFileCache: Scanning file cache for directory 'E:/Staffs Uni/Level 5/Technical Games Production/Pair/NEW/TGPPairProject/PairProject/Content/' took 0.02s
[2018.12.30-07.30.50:919][  0]SourceControl: Source control is disabled
[2018.12.30-07.30.50:919][  0]Cmd: MAP LOAD FILE="../../../Engine/Content/Maps/Templates/Template_Default.umap" TEMPLATE=1 SHOWPROGRESS=1 FEATURELEVEL=3
[2018.12.30-07.30.50:920][  0]LightingResults: New page: Lighting Build
[2018.12.30-07.30.50:926][  0]MapCheck: New page: Map Check
[2018.12.30-07.30.50:926][  0]LightingResults: New page: Lighting Build
[2018.12.30-07.30.51:356][  0]LogAIModule: Creating AISystem for world Untitled_1
[2018.12.30-07.30.51:369][  0]LogEditorServer: Finished looking for orphan Actors (0.000 secs)
[2018.12.30-07.30.51:504][  0]Cmd: MAP CHECKDEP NOCLEARLOG
[2018.12.30-07.30.51:619][  0]MapCheck: Map check complete: 0 Error(s), 0 Warning(s), took 114.131ms to complete.
[2018.12.30-07.30.51:619][  0]LogFileHelpers: Loading map 'Template_Default' took 0.700
[2018.12.30-07.30.51:760][  0]LogSlate: Updating window title bar state: overlay mode, drag disabled, window buttons hidden, title bar hidden
[2018.12.30-07.30.51:772][  0]LogSlate: Updating window title bar state: overlay mode, drag disabled, window buttons hidden, title bar hidden
[2018.12.30-07.30.51:783][  0]LogSlate: Updating window title bar state: overlay mode, drag disabled, window buttons hidden, title bar hidden
[2018.12.30-07.30.51:794][  0]LogSlate: Updating window title bar state: overlay mode, drag disabled, window buttons hidden, title bar hidden
[2018.12.30-07.30.51:807][  0]LogCollectionManager: Loaded 0 collections in 0.003255 seconds
[2018.12.30-07.30.51:858][  0]LogFileCache: Scanning file cache for directory 'E:/Staffs Uni/Level 5/Technical Games Production/Pair/NEW/TGPPairProject/PairProject/Saved/Collections/' took 0.01s
[2018.12.30-07.30.51:858][  0]LogFileCache: Scanning file cache for directory 'E:/Staffs Uni/Level 5/Technical Games Production/Pair/NEW/TGPPairProject/PairProject/Content/Developers/Minat/Collections/' took 0.01s
[2018.12.30-07.30.51:858][  0]LogFileCache: Scanning file cache for directory 'E:/Staffs Uni/Level 5/Technical Games Production/Pair/NEW/TGPPairProject/PairProject/Content/Collections/' took 0.01s
[2018.12.30-07.30.51:858][  0]LogCollectionManager: Rebuilt the GUID cache for 0 collections in 0.000000 seconds
[2018.12.30-07.30.51:876][  0]LogContentBrowser: Native class hierarchy populated in 0.0176 seconds. Added 2580 classes and 606 folders.
[2018.12.30-07.30.51:887][  0]LogContentBrowser: Native class hierarchy updated for 'WidgetCarousel' in 0.0004 seconds. Added 0 classes and 0 folders.
[2018.12.30-07.30.51:975][  0]LogContentBrowser: Native class hierarchy updated for 'AddContentDialog' in 0.0004 seconds. Added 0 classes and 0 folders.
[2018.12.30-07.30.51:987][  0]LogContentBrowser: Native class hierarchy updated for 'SceneOutliner' in 0.0005 seconds. Added 1 classes and 2 folders.
[2018.12.30-07.30.52:007][  0]LogSlate: Took 0.000420 seconds to synchronously load lazily loaded font '../../../Engine/Content/Slate/Fonts/Roboto-Regular.ttf' (155K)
[2018.12.30-07.30.52:010][  0]LogSlate: Took 0.000282 seconds to synchronously load lazily loaded font '../../../Engine/Content/Slate/Fonts/Roboto-Bold.ttf' (160K)
[2018.12.30-07.30.52:018][  0]LogSlate: Took 0.000298 seconds to synchronously load lazily loaded font '../../../Engine/Content/Editor/Slate/Fonts/FontAwesome.ttf' (139K)
[2018.12.30-07.30.52:132][  0]LogRenderer: Reallocating scene render targets to support 1056x556 Format 10 NumSamples 1 (Frame:1).
[2018.12.30-07.30.52:282][  0]LogContentBrowser: Native class hierarchy updated for 'HierarchicalLODOutliner' in 0.0004 seconds. Added 0 classes and 0 folders.
[2018.12.30-07.30.52:282][  0]LogLoad: (Engine Initialization) Total time: 14.01 seconds
[2018.12.30-07.30.52:282][  0]LogLoad: (Engine Initialization) Total Blueprint compile time: 0.00 seconds
[2018.12.30-07.30.52:294][  0]LogWindowsTextInputMethodSystem: Display: IME system now deactivated.
[2018.12.30-07.30.52:315][  0]LogContentStreaming: Texture pool size now 1000 MB
[2018.12.30-07.30.52:350][  0]LogSlate: Took 0.000337 seconds to synchronously load lazily loaded font '../../../Engine/Content/Slate/Fonts/Roboto-Light.ttf' (167K)
[2018.12.30-07.30.52:551][  2]LogAssetRegistry: Asset discovery search completed in 6.9696 seconds
[2018.12.30-07.30.52:554][  2]LogCollectionManager: Rebuilt the object cache for 0 collections in 0.000000 seconds (found 0 objects)
[2018.12.30-07.30.52:554][  2]LogCollectionManager: Fixed up redirectors for 0 collections in 0.000239 seconds (updated 0 objects)
[2018.12.30-07.30.54:622][242]LogSlate: FSceneViewport::OnFocusLost() reason 0
[2018.12.30-07.30.54:763][259]LogTemp: Repeating last play command: Selected Viewport
[2018.12.30-07.30.54:799][259]LogPlayLevel: PlayLevel: No blueprints needed recompiling
[2018.12.30-07.30.54:815][259]PIE: New page: PIE session: Untitled_1 (30 Dec 2018 07:30:54)
[2018.12.30-07.30.54:815][259]LogPlayLevel: Creating play world package: /Temp/UEDPIE_0_Untitled_1
[2018.12.30-07.30.54:820][259]LogPlayLevel: PIE: StaticDuplicateObject took: (0.004609s)
[2018.12.30-07.30.54:821][259]LogAIModule: Creating AISystem for world Untitled_1
[2018.12.30-07.30.54:821][259]LogPlayLevel: PIE: World Init took: (0.001254s)
[2018.12.30-07.30.54:822][259]LogPlayLevel: PIE: Created PIE world by copying editor world from /Temp/Untitled_1.Untitled_1 to /Temp/UEDPIE_0_Untitled_1.Untitled_1 (0.006460s)
[2018.12.30-07.30.54:976][259]LogInit: XAudio2 using 'SyncMaster (NVIDIA High Definition Audio)' : 2 channels at 48 kHz using 16 bits per sample (channel mask 0x3)
[2018.12.30-07.30.54:988][259]LogInit: FAudioDevice initialized.
