Log file open, 11/21/18 20:33:15
LogWindows: Failed to load 'aqProf.dll' (GetLastError=126)
LogWindows: File 'aqProf.dll' does not exist
LogWindows: Failed to load 'VSPerf140.dll' (GetLastError=126)
LogWindows: File 'VSPerf140.dll' does not exist
LogWindows: Failed to load 'VtuneApi.dll' (GetLastError=126)
LogWindows: File 'VtuneApi.dll' does not exist
LogWindows: Failed to load 'VtuneApi32e.dll' (GetLastError=126)
LogWindows: File 'VtuneApi32e.dll' does not exist
LogInit: Display: Running engine for game: PairProject
LogPlatformFile: Not using cached read wrapper
LogTaskGraph: Started task graph with 5 named threads and 23 total threads with 3 sets of task threads.
LogStats: Stats thread started at 0.706427
LogD3D11RHI: Loaded GFSDK_Aftermath_Lib.x64.dll
LogICUInternationalization: Display: ICU TimeZone Detection - Raw Offset: +0:00, Platform Override: ''
LogPluginManager: Mounting plugin Paper2D
LogPluginManager: Mounting plugin AISupport
LogPluginManager: Mounting plugin LightPropagationVolume
LogPluginManager: Mounting plugin CLionSourceCodeAccess
LogPluginManager: Mounting plugin CodeLiteSourceCodeAccess
LogPluginManager: Mounting plugin GitSourceControl
LogPluginManager: Mounting plugin KDevelopSourceCodeAccess
LogPluginManager: Mounting plugin NullSourceCodeAccess
LogPluginManager: Mounting plugin PerforceSourceControl
LogPluginManager: Mounting plugin SubversionSourceControl
LogPluginManager: Mounting plugin UObjectPlugin
LogPluginManager: Mounting plugin VisualStudioCodeSourceCodeAccess
LogPluginManager: Mounting plugin VisualStudioSourceCodeAccess
LogPluginManager: Mounting plugin XCodeSourceCodeAccess
LogPluginManager: Mounting plugin AssetManagerEditor
LogPluginManager: Mounting plugin CryptoKeys
LogPluginManager: Mounting plugin DataValidation
LogPluginManager: Mounting plugin FacialAnimation
LogPluginManager: Mounting plugin GameplayTagsEditor
LogPluginManager: Mounting plugin MacGraphicsSwitching
LogPluginManager: Mounting plugin MeshEditor
LogPluginManager: Mounting plugin MobileLauncherProfileWizard
LogPluginManager: Mounting plugin PluginBrowser
LogPluginManager: Mounting plugin SpeedTreeImporter
LogPluginManager: Mounting plugin DatasmithContent
LogPluginManager: Mounting plugin AlembicImporter
LogPluginManager: Mounting plugin AppleImageUtils
LogPluginManager: Mounting plugin AppleVision
LogPluginManager: Mounting plugin BackChannel
LogPluginManager: Mounting plugin CharacterAI
LogPluginManager: Mounting plugin GeometryCache
LogPluginManager: Mounting plugin HTML5Networking
LogPluginManager: Mounting plugin ProxyLODPlugin
LogPluginManager: Mounting plugin MagicLeap
LogPluginManager: Mounting plugin MagicLeapEmulator
LogPluginManager: Mounting plugin MagicLeapMedia
LogPluginManager: Mounting plugin AndroidMedia
LogPluginManager: Mounting plugin AvfMedia
LogPluginManager: Mounting plugin ImgMedia
LogPluginManager: Mounting plugin LinearTimecode
LogPluginManager: Mounting plugin MediaCompositing
LogPluginManager: Mounting plugin MediaPlayerEditor
LogPluginManager: Mounting plugin WmfMedia
LogPluginManager: Mounting plugin TcpMessaging
LogPluginManager: Mounting plugin UdpMessaging
LogPluginManager: Mounting plugin ActorSequence
LogPluginManager: Mounting plugin LevelSequenceEditor
LogPluginManager: Mounting plugin MatineeToLevelSequence
LogPluginManager: Mounting plugin NetcodeUnitTest
LogPluginManager: Mounting plugin NUTUnrealEngine4
LogPluginManager: Mounting plugin OnlineSubsystemGooglePlay
LogPluginManager: Mounting plugin OnlineSubsystemIOS
LogPluginManager: Mounting plugin OnlineSubsystem
LogPluginManager: Mounting plugin OnlineSubsystemNull
LogPluginManager: Mounting plugin OnlineSubsystemUtils
LogPluginManager: Mounting plugin LauncherChunkInstaller
LogPluginManager: Mounting plugin AndroidDeviceProfileSelector
LogPluginManager: Mounting plugin AndroidMoviePlayer
LogPluginManager: Mounting plugin AndroidPermission
LogPluginManager: Mounting plugin AppleMoviePlayer
LogPluginManager: Mounting plugin ArchVisCharacter
LogPluginManager: Mounting plugin AudioCapture
LogPluginManager: Mounting plugin CableComponent
LogPluginManager: Mounting plugin CustomMeshComponent
LogPluginManager: Mounting plugin EditableMesh
LogPluginManager: Mounting plugin ExampleDeviceProfileSelector
LogPluginManager: Mounting plugin GoogleCloudMessaging
LogPluginManager: Mounting plugin ImmediatePhysics
LogPluginManager: Mounting plugin IOSDeviceProfileSelector
LogPluginManager: Mounting plugin LinuxDeviceProfileSelector
LogPluginManager: Mounting plugin LocationServicesBPLibrary
LogPluginManager: Mounting plugin MobilePatchingUtils
LogPluginManager: Mounting plugin OculusVR
LogPluginManager: Plugin shader directory ../../../Engine/Plugins/Runtime/Oculus/OculusVR/Shaders found
LogPluginManager: Mapping shader source directory ../../../Engine/Plugins/Runtime/Oculus/OculusVR/Shaders to virtual directory /Plugin/OculusVR
LogPluginManager: Mounting plugin PhysXVehicles
LogPluginManager: Mounting plugin ProceduralMeshComponent
LogPluginManager: Mounting plugin RuntimePhysXCooking
LogPluginManager: Mounting plugin SteamVR
LogPluginManager: Mounting plugin WindowsMoviePlayer
LogStreaming: Display: Took  0.218s to configure plugins.
LogInit: Using libcurl 7.55.1-DEV
LogInit:  - built for x86_64-pc-win32
LogInit:  - supports SSL with OpenSSL/1.0.2h
LogInit:  - supports HTTP deflate (compression) using libz 1.2.8
LogInit:  - other features:
LogInit:      CURL_VERSION_SSL
LogInit:      CURL_VERSION_LIBZ
LogInit:      CURL_VERSION_IPV6
LogInit:      CURL_VERSION_ASYNCHDNS
LogInit:      CURL_VERSION_LARGEFILE
LogInit:      CURL_VERSION_IDN
LogInit:  CurlRequestOptions (configurable via config and command line):
LogInit:  - bVerifyPeer = false  - Libcurl will NOT verify peer certificate
LogInit:  - bUseHttpProxy = false  - Libcurl will NOT use HTTP proxy
LogInit:  - bDontReuseConnections = false  - Libcurl will reuse connections
LogInit:  - CertBundlePath = nullptr  - Libcurl will use whatever was configured at build time.
LogInit:  - MaxHostConnections = 16  - Libcurl will limit the number of connections to a host
LogInit:  - LocalHostAddr = Default
LogInit:  - BufferSize = 65536
LogInit: WinSock: version 1.1 (2.2), MaxSocks=32767, MaxUdp=65467
LogInit: Build: ++UE4+Release-4.20-CL-4369336
LogInit: Engine Version: 4.20.3-4369336+++UE4+Release-4.20
LogInit: Compatible Engine Version: 4.20.0-4212847+++UE4+Release-4.20
LogInit: Net CL: 4212847
LogInit: OS: Windows 10 (), CPU: Intel(R) Xeon(R) CPU E5-1620 v4 @ 3.50GHz, GPU: NVIDIA GeForce GTX 1070
LogInit: Compiled (64-bit): Sep 17 2018 12:26:19
LogInit: Compiled with Visual C++: 19.13.26129.00
LogInit: Build Configuration: Development
LogInit: Branch Name: ++UE4+Release-4.20
LogInit: Command Line:  -skipcompile
LogInit: Base Directory: C:/Epic/UE4/UE_4.20/Engine/Binaries/Win64/
LogInit: Installed Engine Build: 1
LogDevObjectVersion: Number of dev versions registered: 20
LogDevObjectVersion:   Dev-Blueprints (B0D832E4-1F89-4F0D-ACCF-7EB736FD4AA2): 10
LogDevObjectVersion:   Dev-Build (E1C64328-A22C-4D53-A36C-8E866417BD8C): 0
LogDevObjectVersion:   Dev-Core (375EC13C-06E4-48FB-B500-84F0262A717E): 2
LogDevObjectVersion:   Dev-Editor (E4B068ED-F494-42E9-A231-DA0B2E46BB41): 24
LogDevObjectVersion:   Dev-Framework (CFFC743F-43B0-4480-9391-14DF171D2073): 34
LogDevObjectVersion:   Dev-Mobile (B02B49B5-BB20-44E9-A304-32B752E40360): 2
LogDevObjectVersion:   Dev-Networking (A4E4105C-59A1-49B5-A7C5-40C4547EDFEE): 0
LogDevObjectVersion:   Dev-Online (39C831C9-5AE6-47DC-9A44-9C173E1C8E7C): 0
LogDevObjectVersion:   Dev-Physics (78F01B33-EBEA-4F98-B9B4-84EACCB95AA2): 0
LogDevObjectVersion:   Dev-Platform (6631380F-2D4D-43E0-8009-CF276956A95A): 0
LogDevObjectVersion:   Dev-Rendering (12F88B9F-8875-4AFC-A67C-D90C383ABD29): 26
LogDevObjectVersion:   Dev-Sequencer (7B5AE74C-D270-4C10-A958-57980B212A5A): 9
LogDevObjectVersion:   Dev-VR (D7296918-1DD6-4BDD-9DE2-64A83CC13884): 2
LogDevObjectVersion:   Dev-LoadTimes (C2A15278-BFE7-4AFE-6C17-90FF531DF755): 1
LogDevObjectVersion:   Private-Geometry (6EACA3D4-40EC-4CC1-B786-8BED09428FC5): 3
LogDevObjectVersion:   Dev-AnimPhys (29E575DD-E0A3-4627-9D10-D276232CDCEA): 17
LogDevObjectVersion:   Dev-ReflectionCapture (6B266CEC-1EC7-4B8F-A30B-E4D90942FC07): 1
LogDevObjectVersion:   Dev-Automation (0DF73D61-A23F-47EA-B727-89E90C41499A): 1
LogDevObjectVersion:   FortniteMain (601D1886-AC64-4F84-AA16-D3DE0DEAC7D6): 12
LogDevObjectVersion:   Dev-Enterprise (9DFFBCD6-494F-0158-E221-12823C92A888): 1
LogStreaming: Display: Took  0.001s to delete old logs.
LogInit: Presizing for max 8388607 objects, including 0 objects not considered by GC, pre-allocating 0 bytes for permanent pool.
LogInit: Object subsystem initialized
[2018.11.21-20.33.15:626][  0]LogInit: Selected Device Profile: [Windows]
[2018.11.21-20.33.15:626][  0]LogInit: Applying CVar settings loaded from the selected device profile: [Windows]
[2018.11.21-20.33.15:644][  0]LogHAL: Display: Platform has ~ 32 GB [34272002048 / 34359738368 / 32], which maps to Largest [LargestMinGB=32, LargerMinGB=12, DefaultMinGB=8, SmallerMinGB=6, SmallestMinGB=0)
[2018.11.21-20.33.15:645][  0]LogInit: Setting Device Profile CVar: [[r.Vulkan.UseRealUBs:1]]
[2018.11.21-20.33.15:645][  0]LogInit: Going up to parent DeviceProfile []
[2018.11.21-20.33.15:645][  0]LogInit: Computer: D105-30
[2018.11.21-20.33.15:645][  0]LogInit: User: c013767h
[2018.11.21-20.33.15:645][  0]LogInit: CPU Page size=4096, Cores=4
[2018.11.21-20.33.15:645][  0]LogInit: High frequency timer resolution =3.410073 MHz
[2018.11.21-20.33.15:646][  0]LogMemory: Memory total: Physical=31.9GB (32GB approx)
[2018.11.21-20.33.15:646][  0]LogMemory: Platform Memory Stats for Windows
[2018.11.21-20.33.15:646][  0]LogMemory: Process Physical Memory: 100.93 MB used, 100.93 MB peak
[2018.11.21-20.33.15:646][  0]LogMemory: Process Virtual Memory: 91.02 MB used, 91.02 MB peak
[2018.11.21-20.33.15:646][  0]LogMemory: Physical Memory: 7821.28 MB used,  24863.05 MB free, 32684.33 MB total
[2018.11.21-20.33.15:646][  0]LogMemory: Virtual Memory: 4640.09 MB used,  24863.05 MB free, 134217728.00 MB total
[2018.11.21-20.33.15:830][  0]LogInit: Using OS detected language (en-US).
[2018.11.21-20.33.15:830][  0]LogInit: Using OS detected locale (en-GB).
[2018.11.21-20.33.15:832][  0]LogTextLocalizationManager: No specific localization for 'en-US' exists, so the 'en' localization will be used.
[2018.11.21-20.33.16:211][  0]LogStreaming: Display: Took  0.381s to InitEngineTextLocalization.
[2018.11.21-20.33.16:212][  0]LogInit: Setting process to per monitor DPI aware
[2018.11.21-20.33.16:298][  0]LogSlate: New Slate User Created.  User Index 0, Is Virtual User: 0
[2018.11.21-20.33.16:298][  0]LogSlate: Slate User Registered.  User Index 0, Is Virtual User: 0
[2018.11.21-20.33.16:639][  0]LogHMD: Failed to initialize OpenVR with code 110
[2018.11.21-20.33.16:639][  0]LogD3D11RHI: D3D11 adapters:
[2018.11.21-20.33.16:751][  0]LogD3D11RHI:    0. 'NVIDIA GeForce GTX 1070' (Feature Level 11_0)
[2018.11.21-20.33.16:751][  0]LogD3D11RHI:       8088/0/16342 MB DedicatedVideo/DedicatedSystem/SharedSystem, Outputs:2, VendorId:0x10de
[2018.11.21-20.33.16:757][  0]LogD3D11RHI:    1. 'Microsoft Basic Render Driver' (Feature Level 11_0)
[2018.11.21-20.33.16:757][  0]LogD3D11RHI:       0/0/16342 MB DedicatedVideo/DedicatedSystem/SharedSystem, Outputs:0, VendorId:0x1414
[2018.11.21-20.33.16:757][  0]LogD3D11RHI: Chosen D3D11 Adapter: 0
[2018.11.21-20.33.16:767][  0]LogD3D11RHI: Creating new Direct3DDevice
[2018.11.21-20.33.16:767][  0]LogD3D11RHI:     GPU DeviceId: 0x1b81 (for the marketing name, search the web for "GPU Device Id")
[2018.11.21-20.33.16:768][  0]LogWindows: EnumDisplayDevices:
[2018.11.21-20.33.16:768][  0]LogWindows:    0. 'NVIDIA GeForce GTX 1070' (P:1 D:1)
[2018.11.21-20.33.16:768][  0]LogWindows:    1. 'NVIDIA GeForce GTX 1070' (P:0 D:1)
[2018.11.21-20.33.16:769][  0]LogWindows:    2. 'NVIDIA GeForce GTX 1070' (P:0 D:0)
[2018.11.21-20.33.16:769][  0]LogWindows:    3. 'NVIDIA GeForce GTX 1070' (P:0 D:0)
[2018.11.21-20.33.16:769][  0]LogWindows: DebugString: FoundDriverCount:4 
[2018.11.21-20.33.16:769][  0]LogD3D11RHI:     Adapter Name: NVIDIA GeForce GTX 1070
[2018.11.21-20.33.16:769][  0]LogD3D11RHI:   Driver Version: 398.82 (internal:24.21.13.9882, unified:398.82)
[2018.11.21-20.33.16:770][  0]LogD3D11RHI:      Driver Date: 7-30-2018
[2018.11.21-20.33.16:770][  0]LogRHI: Texture pool is 5661 MB (70% of 8088 MB)
[2018.11.21-20.33.16:821][  0]LogD3D11RHI: Async texture creation enabled
[2018.11.21-20.33.16:839][  0]LogD3D11RHI: GPU Timing Frequency: 1000.000000 (Debug: 2 2)
[2018.11.21-20.33.16:929][  0]LogShaderCompilers: Guid format shader working directory is -32 characters bigger than the processId version (E:/Staffs Uni/Level 5/Technical Games Production/Pair/TGPPairProject/PairProject/Intermediate/Shaders/WorkingDirectory/16060/).
[2018.11.21-20.33.16:930][  0]LogShaderCompilers: Cleaned the shader compiler working directory 'C:/Users/c013767h/AppData/Local/Temp/UnrealShaderWorkingDir/401827C7422243340ED4559EFBF6F554/'.
[2018.11.21-20.33.17:336][  0]LogTemp: Display: Loaded TP AllDesktopTargetPlatform
[2018.11.21-20.33.17:355][  0]LogTemp: Display: Loaded TP MacClientTargetPlatform
[2018.11.21-20.33.17:374][  0]LogTemp: Display: Loaded TP MacNoEditorTargetPlatform
[2018.11.21-20.33.17:393][  0]LogTemp: Display: Loaded TP MacServerTargetPlatform
[2018.11.21-20.33.17:412][  0]LogTemp: Display: Loaded TP MacTargetPlatform
[2018.11.21-20.33.17:431][  0]LogTemp: Display: Loaded TP WindowsClientTargetPlatform
[2018.11.21-20.33.17:450][  0]LogTemp: Display: Loaded TP WindowsNoEditorTargetPlatform
[2018.11.21-20.33.17:481][  0]LogTemp: Display: Loaded TP WindowsServerTargetPlatform
[2018.11.21-20.33.17:500][  0]LogTemp: Display: Loaded TP WindowsTargetPlatform
[2018.11.21-20.33.17:586][  0]LogTemp: Display: Loaded TP AndroidTargetPlatform
[2018.11.21-20.33.17:586][  0]LogTemp: Display: Loaded TP AndroidTargetPlatform
[2018.11.21-20.33.17:586][  0]LogTemp: Display: Loaded TP AndroidTargetPlatform
[2018.11.21-20.33.17:586][  0]LogTemp: Display: Loaded TP AndroidTargetPlatform
[2018.11.21-20.33.17:586][  0]LogTemp: Display: Loaded TP AndroidTargetPlatform
[2018.11.21-20.33.17:586][  0]LogTemp: Display: Loaded TP AndroidTargetPlatform
[2018.11.21-20.33.17:587][  0]LogTemp: Display: Loaded TP AndroidTargetPlatform
[2018.11.21-20.33.17:587][  0]LogTemp: Display: Loaded TP AndroidTargetPlatform
[2018.11.21-20.33.17:587][  0]LogTemp: Display: Loaded TP AndroidTargetPlatform
[2018.11.21-20.33.17:587][  0]LogTemp: Display: Loaded TP AndroidTargetPlatform
[2018.11.21-20.33.17:587][  0]LogTemp: Display: Loaded TP AndroidTargetPlatform
[2018.11.21-20.33.17:587][  0]LogTemp: Display: Loaded TP AndroidTargetPlatform
[2018.11.21-20.33.17:587][  0]LogTemp: Display: Loaded TP AndroidTargetPlatform
[2018.11.21-20.33.17:587][  0]LogTemp: Display: Loaded TP AndroidTargetPlatform
[2018.11.21-20.33.17:587][  0]LogTemp: Display: Loaded TP AndroidTargetPlatform
[2018.11.21-20.33.17:587][  0]LogTemp: Display: Loaded TP AndroidTargetPlatform
[2018.11.21-20.33.17:587][  0]LogTemp: Display: Loaded TP AndroidTargetPlatform
[2018.11.21-20.33.17:587][  0]LogTemp: Display: Loaded TP AndroidTargetPlatform
[2018.11.21-20.33.17:593][  0]LogTemp: Display: Loaded TP HTML5TargetPlatform
[2018.11.21-20.33.17:680][  0]LogTemp: Display: Loaded TP IOSTargetPlatform
[2018.11.21-20.33.17:680][  0]LogTemp: Display: Loaded TP IOSTargetPlatform
[2018.11.21-20.33.17:759][  0]LogTemp: Display: Loaded TP TVOSTargetPlatform
[2018.11.21-20.33.17:759][  0]LogTemp: Display: Loaded TP TVOSTargetPlatform
[2018.11.21-20.33.17:778][  0]LogTemp: Display: Loaded TP LinuxClientTargetPlatform
[2018.11.21-20.33.17:817][  0]LogTemp: Display: Loaded TP LinuxNoEditorTargetPlatform
[2018.11.21-20.33.17:837][  0]LogTemp: Display: Loaded TP LinuxServerTargetPlatform
[2018.11.21-20.33.17:868][  0]LogTemp: Display: Loaded TP LinuxTargetPlatform
[2018.11.21-20.33.17:885][  0]LogTemp: Display: Loaded TP LuminTargetPlatform
[2018.11.21-20.33.17:885][  0]LogTargetPlatformManager: Display: Building Assets For Windows
[2018.11.21-20.33.18:144][  0]LogXGEController: Cleaning working directory: C:/Users/c013767h/AppData/Local/Temp/UnrealXGEWorkingDir/
[2018.11.21-20.33.18:144][  0]LogXGEController: Cannot use XGE Controller as Incredibuild is not installed on this machine.
[2018.11.21-20.33.18:145][  0]LogShaderCompilers: Cannot use XGE Shader Compiler as Incredibuild is not installed on this machine.
[2018.11.21-20.33.18:145][  0]LogShaderCompilers: Display: Using Local Shader Compiler.
[2018.11.21-20.33.19:281][  0]LogDerivedDataCache: Display: Max Cache Size: 512 MB
[2018.11.21-20.33.19:443][  0]LogDerivedDataCache: Loaded boot cache 0.16s 87MB C:/Users/c013767h/AppData/Local/UnrealEngine/4.20/DerivedDataCache/Boot.ddc.
[2018.11.21-20.33.19:444][  0]LogDerivedDataCache: Display: Loaded Boot cache: C:/Users/c013767h/AppData/Local/UnrealEngine/4.20/DerivedDataCache/Boot.ddc
[2018.11.21-20.33.19:444][  0]LogDerivedDataCache: FDerivedDataBackendGraph:  Pak pak cache file E:/Staffs Uni/Level 5/Technical Games Production/Pair/TGPPairProject/PairProject/DerivedDataCache/DDC.ddp not found, will not use a pak cache.
[2018.11.21-20.33.19:444][  0]LogDerivedDataCache: Unable to find inner node Pak for hierarchical cache Hierarchy.
[2018.11.21-20.33.19:444][  0]LogDerivedDataCache: FDerivedDataBackendGraph:  CompressedPak pak cache file E:/Staffs Uni/Level 5/Technical Games Production/Pair/TGPPairProject/PairProject/DerivedDataCache/Compressed.ddp not found, will not use a pak cache.
[2018.11.21-20.33.19:444][  0]LogDerivedDataCache: Unable to find inner node CompressedPak for hierarchical cache Hierarchy.
[2018.11.21-20.33.19:466][  0]LogDerivedDataCache: Display: Pak cache opened for reading ../../../Engine/DerivedDataCache/Compressed.ddp.
[2018.11.21-20.33.19:481][  0]LogDerivedDataCache: Using Local data cache path C:/Users/c013767h/AppData/Local/UnrealEngine/Common/DerivedDataCache: Writable
[2018.11.21-20.33.19:481][  0]LogDerivedDataCache: Shared data cache path not found in *engine.ini, will not use an Shared cache.
[2018.11.21-20.33.19:481][  0]LogDerivedDataCache: Unable to find inner node Shared for hierarchical cache Hierarchy.
[2018.11.21-20.33.19:513][  0]LogMaterial: Verifying Global Shaders for PCD3D_SM5
[2018.11.21-20.33.19:517][  0]LogSlate: Using FreeType 2.6.0
[2018.11.21-20.33.19:519][  0]LogSlate: SlateFontServices - WITH_FREETYPE: 1, WITH_HARFBUZZ: 1
[2018.11.21-20.33.19:631][  0]LogAssetRegistry: FAssetRegistry took 0.0289 seconds to start up
[2018.11.21-20.33.20:058][  0]LogFileManager: Warning: DeleteFile was unable to delete 'E:/Staffs Uni/Level 5/Technical Games Production/Pair/TGPPairProject/PairProject/Intermediate/CachedAssetRegistry.bin', retrying in .5s...
[2018.11.21-20.33.20:058][  0]LogInit: Selected Device Profile: [Windows]
[2018.11.21-20.33.20:256][  0]LogSimplygon: Simplygon DLL not present - disabling.
[2018.11.21-20.33.20:269][  0]LogMeshReduction: Using SimplygonSwarm for distributed automatic mesh merging
[2018.11.21-20.33.20:269][  0]LogMeshReduction: Using ProxyLODMeshReduction for automatic mesh merging
[2018.11.21-20.33.20:269][  0]LogMeshReduction: Using QuadricMeshReduction for automatic static mesh reduction
[2018.11.21-20.33.20:269][  0]LogMeshReduction: No automatic skeletal mesh reduction module available
[2018.11.21-20.33.20:289][  0]LogNetVersion: PairProject 1.0.0, NetCL: 4212847, EngineNetVer: 5, GameNetVer: 0 (Checksum: 2248716754)
[2018.11.21-20.33.21:209][  0]LogFileManager: Warning: DeleteFile recovered during retry!
[2018.11.21-20.33.21:210][  0]LogPackageLocalizationCache: Processed 11 localized package path(s) for 2 prioritized culture(s) in 0.269385 seconds
[2018.11.21-20.33.21:222][  0]LogUObjectArray: 38425 objects as part of root set at end of initial load.
[2018.11.21-20.33.21:222][  0]LogUObjectAllocator: 6690864 out of 0 bytes used by permanent object pool.
[2018.11.21-20.33.21:222][  0]LogUObjectArray: CloseDisregardForGC: 0/0 objects in disregard for GC pool
[2018.11.21-20.33.22:689][  0]LogTcpMessaging: Initializing TcpMessaging bridge
[2018.11.21-20.33.22:708][  0]LogUdpMessaging: Initializing bridge on interface 0.0.0.0:0 to multicast group 230.0.0.1:6666.
[2018.11.21-20.33.23:054][  0]SourceControl: Source control is disabled
[2018.11.21-20.33.23:054][  0]SourceControl: Source control is disabled
[2018.11.21-20.33.23:060][  0]SourceControl: Source control is disabled
[2018.11.21-20.33.23:065][  0]SourceControl: Source control is disabled
[2018.11.21-20.33.23:417][  0]LogAndroidPermission: UAndroidPermissionCallbackProxy::GetInstance
[2018.11.21-20.33.23:539][  0]LogOcInput: OculusInput pre-init called
[2018.11.21-20.33.23:629][  0]LogEngine: Initializing Engine...
[2018.11.21-20.33.23:630][  0]LogHMD: Failed to initialize OpenVR with code 110
[2018.11.21-20.33.23:631][  0]LogStats: UGameplayTagsManager::ConstructGameplayTagTree: ImportINI prefixes -  0.000 s
[2018.11.21-20.33.23:631][  0]LogStats: UGameplayTagsManager::ConstructGameplayTagTree: Construct from data asset -  0.000 s
[2018.11.21-20.33.23:632][  0]LogStats: UGameplayTagsManager::ConstructGameplayTagTree: ImportINI -  0.000 s
[2018.11.21-20.33.23:632][  0]LogStats: UGameplayTagsManager::ConstructGameplayTagTree: GameplayTagTreeChangedEvent.Broadcast -  0.000 s
[2018.11.21-20.33.23:926][  0]LogInit: Initializing FReadOnlyCVARCache
[2018.11.21-20.33.23:959][  0]LogAIModule: Creating AISystem for world Untitled
[2018.11.21-20.33.23:980][  0]LogInit: XAudio2 using 'Speakers (Realtek High Definition Audio)' : 2 channels at 48 kHz using 32 bits per sample (channel mask 0x3)
[2018.11.21-20.33.24:091][  0]LogInit: FAudioDevice initialized.
[2018.11.21-20.33.24:091][  0]LogNetVersion: Set ProjectVersion to 1.0.0.0. Version Checksum will be recalculated on next use.
[2018.11.21-20.33.24:299][  0]LogDerivedDataCache: Saved boot cache 0.21s 87MB C:/Users/c013767h/AppData/Local/UnrealEngine/4.20/DerivedDataCache/Boot.ddc.
[2018.11.21-20.33.24:378][  0]LogInit: Texture streaming: Enabled
[2018.11.21-20.33.24:431][  0]LogEngineSessionManager: EngineSessionManager initialized
[2018.11.21-20.33.24:453][  0]LogInit: Transaction tracking system initialized
[2018.11.21-20.33.24:523][  0]BlueprintLog: New page: Editor Load
[2018.11.21-20.33.24:729][  0]LocalizationService: Localization service is disabled
[2018.11.21-20.33.25:140][  0]LogFileCache: Scanning file cache for directory 'E:/Staffs Uni/Level 5/Technical Games Production/Pair/TGPPairProject/PairProject/Content/' took 0.01s
[2018.11.21-20.33.25:141][  0]LogCook: Display: Max memory allowance for cook 16384mb min free memory 0mb
[2018.11.21-20.33.25:141][  0]LogCook: Display: Mobile HDR setting 1
[2018.11.21-20.33.25:141][  0]LogGameplayTags: Display: UGameplayTagsManager::DoneAddingNativeTags. DelegateIsBound: 0
[2018.11.21-20.33.25:141][  0]LogStats: UGameplayTagsManager::ConstructGameplayTagTree: ImportINI prefixes -  0.000 s
[2018.11.21-20.33.25:141][  0]LogStats: UGameplayTagsManager::ConstructGameplayTagTree: Construct from data asset -  0.000 s
[2018.11.21-20.33.25:142][  0]LogStats: UGameplayTagsManager::ConstructGameplayTagTree: ImportINI -  0.000 s
[2018.11.21-20.33.25:142][  0]LogStats: UGameplayTagsManager::ConstructGameplayTagTree: GameplayTagTreeChangedEvent.Broadcast -  0.000 s
[2018.11.21-20.33.25:416][  0]SourceControl: Source control is disabled
[2018.11.21-20.33.25:416][  0]Cmd: MAP LOAD FILE="../../../Engine/Content/Maps/Templates/Template_Default.umap" TEMPLATE=1 SHOWPROGRESS=1 FEATURELEVEL=3
[2018.11.21-20.33.25:417][  0]LightingResults: New page: Lighting Build
[2018.11.21-20.33.25:423][  0]MapCheck: New page: Map Check
[2018.11.21-20.33.25:423][  0]LightingResults: New page: Lighting Build
[2018.11.21-20.33.25:655][  0]LogAIModule: Creating AISystem for world Untitled_1
[2018.11.21-20.33.25:667][  0]LogEditorServer: Finished looking for orphan Actors (0.000 secs)
[2018.11.21-20.33.25:693][  0]Cmd: MAP CHECKDEP NOCLEARLOG
[2018.11.21-20.33.25:889][  0]MapCheck: Map check complete: 0 Error(s), 0 Warning(s), took 196.261ms to complete.
[2018.11.21-20.33.25:890][  0]LogFileHelpers: Loading map 'Template_Default' took 0.473
[2018.11.21-20.33.26:045][  0]LogSlate: Updating window title bar state: overlay mode, drag disabled, window buttons hidden, title bar hidden
[2018.11.21-20.33.26:053][  0]LogSlate: Updating window title bar state: overlay mode, drag disabled, window buttons hidden, title bar hidden
[2018.11.21-20.33.26:060][  0]LogSlate: Updating window title bar state: overlay mode, drag disabled, window buttons hidden, title bar hidden
[2018.11.21-20.33.26:067][  0]LogSlate: Updating window title bar state: overlay mode, drag disabled, window buttons hidden, title bar hidden
[2018.11.21-20.33.26:081][  0]LogCollectionManager: Loaded 0 collections in 0.003849 seconds
[2018.11.21-20.33.26:148][  0]LogFileCache: Scanning file cache for directory 'E:/Staffs Uni/Level 5/Technical Games Production/Pair/TGPPairProject/PairProject/Saved/Collections/' took 0.01s
[2018.11.21-20.33.26:148][  0]LogFileCache: Scanning file cache for directory 'E:/Staffs Uni/Level 5/Technical Games Production/Pair/TGPPairProject/PairProject/Content/Developers/c013767h/Collections/' took 0.01s
[2018.11.21-20.33.26:149][  0]LogFileCache: Scanning file cache for directory 'E:/Staffs Uni/Level 5/Technical Games Production/Pair/TGPPairProject/PairProject/Content/Collections/' took 0.01s
[2018.11.21-20.33.26:149][  0]LogCollectionManager: Rebuilt the GUID cache for 0 collections in 0.000000 seconds
[2018.11.21-20.33.26:172][  0]LogContentBrowser: Native class hierarchy populated in 0.0222 seconds. Added 2575 classes and 606 folders.
[2018.11.21-20.33.26:186][  0]LogContentBrowser: Native class hierarchy updated for 'WidgetCarousel' in 0.0004 seconds. Added 0 classes and 0 folders.
[2018.11.21-20.33.26:316][  0]LogContentBrowser: Native class hierarchy updated for 'AddContentDialog' in 0.0004 seconds. Added 0 classes and 0 folders.
[2018.11.21-20.33.26:327][  0]LogContentBrowser: Native class hierarchy updated for 'SceneOutliner' in 0.0004 seconds. Added 1 classes and 2 folders.
[2018.11.21-20.33.26:343][  0]LogSlate: Took 0.000323 seconds to synchronously load lazily loaded font '../../../Engine/Content/Slate/Fonts/Roboto-Regular.ttf' (155K)
[2018.11.21-20.33.26:346][  0]LogSlate: Took 0.000368 seconds to synchronously load lazily loaded font '../../../Engine/Content/Slate/Fonts/Roboto-Bold.ttf' (160K)
[2018.11.21-20.33.26:353][  0]LogSlate: Took 0.000303 seconds to synchronously load lazily loaded font '../../../Engine/Content/Editor/Slate/Fonts/FontAwesome.ttf' (139K)
[2018.11.21-20.33.26:435][  0]LogRenderer: Reallocating scene render targets to support 1208x576 Format 10 NumSamples 1 (Frame:1).
[2018.11.21-20.33.26:486][  0]LogSlate: Took 0.000284 seconds to synchronously load lazily loaded font '../../../Engine/Content/Slate/Fonts/Roboto-Light.ttf' (167K)
[2018.11.21-20.33.26:567][  0]LogSlate: FSceneViewport::OnFocusLost() reason 2
[2018.11.21-20.33.26:591][  0]LogSlate: Window 'Tutorials' being destroyed
[2018.11.21-20.33.26:641][  0]LogContentBrowser: Native class hierarchy updated for 'HierarchicalLODOutliner' in 0.0004 seconds. Added 0 classes and 0 folders.
[2018.11.21-20.33.26:641][  0]LogLoad: (Engine Initialization) Total time: 15.15 seconds
[2018.11.21-20.33.26:641][  0]LogLoad: (Engine Initialization) Total Blueprint compile time: 0.00 seconds
[2018.11.21-20.33.26:652][  0]LogWindowsTextInputMethodSystem: Display: IME system now deactivated.
[2018.11.21-20.33.26:673][  0]LogContentStreaming: Texture pool size now 1000 MB
[2018.11.21-20.33.26:719][  1]LogAssetRegistry: Asset discovery search completed in 7.1120 seconds
[2018.11.21-20.33.26:721][  1]LogCollectionManager: Rebuilt the object cache for 0 collections in 0.000001 seconds (found 0 objects)
[2018.11.21-20.33.26:721][  1]LogCollectionManager: Fixed up redirectors for 0 collections in 0.000134 seconds (updated 0 objects)
[2018.11.21-20.33.32:068][622]LogSlate: FSceneViewport::OnFocusLost() reason 0
[2018.11.21-20.33.34:097][857]LogSlate: Took 0.000267 seconds to synchronously load lazily loaded font '../../../Engine/Content/Slate/Fonts/Roboto-Light.ttf' (167K)
[2018.11.21-20.33.34:175][857]LogSlate: Took 0.011482 seconds to synchronously load lazily loaded font '../../../Engine/Content/Slate/Fonts/Roboto-BoldCondensed.ttf' (158K)
[2018.11.21-20.33.43:177][936]LogSlate: Window 'Add Blueprint Class' being destroyed
[2018.11.21-20.33.54:851][299]LogLinker: Warning: Can't find file '/Game/BasicLevel_BuiltData'
[2018.11.21-20.33.54:851][299]LogLinker: Warning: Can't find file for asset '/Game/BasicLevel_BuiltData' while loading E:/Staffs Uni/Level 5/Technical Games Production/Pair/TGPPairProject/PairProject/Content/BasicLevel.umap.
[2018.11.21-20.33.54:851][299]LoadErrors: Error: /Game/BasicLevel : Can't find file for asset. /Game/BasicLevel_BuiltData
[2018.11.21-20.33.54:854][299]LogLinker: Warning: Can't find file '/Game/BasicLevel_BuiltData'
[2018.11.21-20.33.54:854][299]LogLinker: Warning: Can't find file for asset '/Game/BasicLevel_BuiltData' while loading E:/Staffs Uni/Level 5/Technical Games Production/Pair/TGPPairProject/PairProject/Content/BasicLevel.umap.
[2018.11.21-20.33.54:859][299]LogLinker: Warning: Can't find file '/Game/BasicLevel_BuiltData'
[2018.11.21-20.33.54:859][299]LoadErrors: Failed to load /Game/BasicLevel_BuiltData.BasicLevel_BuiltData Referenced by PersistentLevel
[2018.11.21-20.33.54:860][299]LogLinker: Warning: Can't find file for asset '/Game/BasicLevel_BuiltData' while loading NULL.
[2018.11.21-20.33.54:862][299]LogAIModule: Creating AISystem for world BasicLevel
[2018.11.21-20.33.57:019][511]LogSavePackage: Moving 'E:/Staffs Uni/Level 5/Technical Games Production/Pair/TGPPairProject/PairProject/Saved/BasicLevel90A4E2134F72795700C0ED9BA2FA6929.tmp' to 'E:/Staffs Uni/Level 5/Technical Games Production/Pair/TGPPairProject/PairProject/Content/Scenes/BasicLevel.umap'
[2018.11.21-20.33.57:057][511]LogFileHelpers: Saving map 'BasicLevel' took 0.324
[2018.11.21-20.34.26:562][779]LogSlate: Window 'Save Level As' being destroyed
[2018.11.21-20.35.05:067][329]LogAssetEditorManager: Opening Asset editor for Blueprint /Game/Blueprints/MyBaseEnemy.MyBaseEnemy
[2018.11.21-20.35.05:903][329]LogContentBrowser: Native class hierarchy updated for 'BlueprintGraph' in 0.0017 seconds. Added 116 classes and 0 folders.
[2018.11.21-20.35.07:148][329]LogSlate: Window 'Add Blueprint Class' being destroyed
[2018.11.21-20.35.11:736][791]LogSlate: Took 0.006045 seconds to synchronously load lazily loaded font '../../../Engine/Content/Slate/Fonts/Roboto-Italic.ttf' (157K)
[2018.11.21-20.35.21:239][780]Cmd: OBJ SAVEPACKAGE PACKAGE="/Game/Blueprints/MyBaseEnemy" FILE="E:/Staffs Uni/Level 5/Technical Games Production/Pair/TGPPairProject/PairProject/Content/Blueprints/MyBaseEnemy.uasset" SILENT=true
[2018.11.21-20.35.21:262][780]LogSavePackage: Moving 'E:/Staffs Uni/Level 5/Technical Games Production/Pair/TGPPairProject/PairProject/Saved/MyBaseEnemy32AA6BBC4AAA0A5E642795879916A55E.tmp' to 'E:/Staffs Uni/Level 5/Technical Games Production/Pair/TGPPairProject/PairProject/Content/Blueprints/MyBaseEnemy.uasset'
[2018.11.21-20.35.23:621][ 58]LogSlate: Window 'MyBaseEnemy' being destroyed
[2018.11.21-20.35.23:624][ 58]LogSlate: Window 'MyBaseEnemy' being destroyed
[2018.11.21-20.35.28:679][636]LogSlate: FSceneViewport::OnFocusLost() reason 0
[2018.11.21-20.35.32:937][108]LogEditorViewport: Clicking on Actor (LMB): MyBaseEnemy_C (MyBaseEnemy)
[2018.11.21-20.35.37:033][589]LogSlate: FSceneViewport::OnFocusLost() reason 0
[2018.11.21-20.35.52:392][386]LogEditorViewport: Clicking on Actor (LMB): BP_Sky_Sphere_C (Sky Sphere)
[2018.11.21-20.35.53:475][509]LogSlate: FSceneViewport::OnFocusLost() reason 0
[2018.11.21-20.35.53:542][517]LogTemp: Repeating last play command: Selected Viewport
[2018.11.21-20.35.53:955][517]BlueprintLog: New page: Pre-Play auto-recompile
[2018.11.21-20.35.53:959][517]LogPlayLevel: [PlayLevel] Compiling MyBaseEnemy before play...
[2018.11.21-20.35.54:132][517]LogPlayLevel: PlayLevel: Blueprint regeneration took 177 ms (1 blueprints)
[2018.11.21-20.35.54:149][517]PIE: New page: PIE session: Untitled_1 (21 Nov 2018 20:35:54)
[2018.11.21-20.35.54:149][517]LogPlayLevel: Creating play world package: /Temp/UEDPIE_0_Untitled_1
[2018.11.21-20.35.54:153][517]LogPlayLevel: PIE: StaticDuplicateObject took: (0.003718s)
[2018.11.21-20.35.54:153][517]LogAIModule: Creating AISystem for world Untitled_1
[2018.11.21-20.35.54:154][517]LogPlayLevel: PIE: World Init took: (0.000990s)
[2018.11.21-20.35.54:154][517]LogPlayLevel: PIE: Created PIE world by copying editor world from /Temp/Untitled_1.Untitled_1 to /Temp/UEDPIE_0_Untitled_1.Untitled_1 (0.005145s)
[2018.11.21-20.35.54:192][517]LogInit: XAudio2 using 'Speakers (Realtek High Definition Audio)' : 2 channels at 48 kHz using 32 bits per sample (channel mask 0x3)
[2018.11.21-20.35.54:209][517]LogInit: FAudioDevice initialized.
[2018.11.21-20.35.54:261][517]LogLoad: Game class is 'GameModeBase'
[2018.11.21-20.35.54:264][517]LogWorld: Bringing World /Temp/UEDPIE_0_Untitled_1.Untitled_1 up for play (max tick rate 0) at 2018.11.21-20.35.54
[2018.11.21-20.35.54:264][517]LogWorld: Bringing up level for play took: 0.001163
[2018.11.21-20.35.54:301][517]LogContentBrowser: Native class hierarchy updated for 'MovieSceneCapture' in 0.0006 seconds. Added 10 classes and 0 folders.
[2018.11.21-20.35.54:304][517]PIE: Play in editor start time for /Temp/UEDPIE_0_Untitled_1 1.058
[2018.11.21-20.36.03:057][554]LogSlate: Updating window title bar state: overlay mode, drag disabled, window buttons hidden, title bar hidden
[2018.11.21-20.36.03:097][554]LogPlayLevel: Display: Shutting down PIE online subsystems
[2018.11.21-20.36.03:140][554]LogSlate: Updating window title bar state: overlay mode, drag disabled, window buttons hidden, title bar hidden
[2018.11.21-20.36.03:169][555]LogPlayLevel: Display: Destroying online subsystem :Context_5
[2018.11.21-20.36.05:382][810]LogEditorViewport: Clicking on Actor (LMB): MyBaseEnemy_C (MyBaseEnemy)
[2018.11.21-20.36.06:975][973]LogSlate: FSceneViewport::OnFocusLost() reason 0
[2018.11.21-20.36.10:188][199]LogSlate: Window 'Save Level As' being destroyed
[2018.11.21-20.36.10:741][262]LogTemp: Repeating last play command: Selected Viewport
[2018.11.21-20.36.10:756][262]LogPlayLevel: PlayLevel: No blueprints needed recompiling
[2018.11.21-20.36.10:757][262]PIE: New page: PIE session: Untitled_1 (21 Nov 2018 20:36:10)
[2018.11.21-20.36.10:757][262]LogPlayLevel: Creating play world package: /Temp/UEDPIE_0_Untitled_1
[2018.11.21-20.36.10:759][262]LogPlayLevel: PIE: StaticDuplicateObject took: (0.001910s)
[2018.11.21-20.36.10:759][262]LogAIModule: Creating AISystem for world Untitled_1
[2018.11.21-20.36.10:760][262]LogPlayLevel: PIE: World Init took: (0.000809s)
[2018.11.21-20.36.10:760][262]LogPlayLevel: PIE: Created PIE world by copying editor world from /Temp/Untitled_1.Untitled_1 to /Temp/UEDPIE_0_Untitled_1.Untitled_1 (0.002997s)
[2018.11.21-20.36.10:791][262]LogInit: XAudio2 using 'Speakers (Realtek High Definition Audio)' : 2 channels at 48 kHz using 32 bits per sample (channel mask 0x3)
[2018.11.21-20.36.10:806][262]LogInit: FAudioDevice initialized.
[2018.11.21-20.36.10:842][262]LogLoad: Game class is 'GameModeBase'
[2018.11.21-20.36.10:843][262]LogWorld: Bringing World /Temp/UEDPIE_0_Untitled_1.Untitled_1 up for play (max tick rate 0) at 2018.11.21-20.36.10
[2018.11.21-20.36.10:844][262]LogWorld: Bringing up level for play took: 0.000773
[2018.11.21-20.36.10:857][262]PIE: Play in editor start time for /Temp/UEDPIE_0_Untitled_1 -0.389
[2018.11.21-20.36.13:884][622]LogSlate: Updating window title bar state: overlay mode, drag disabled, window buttons hidden, title bar hidden
[2018.11.21-20.36.13:921][622]LogPlayLevel: Display: Shutting down PIE online subsystems
[2018.11.21-20.36.13:956][622]LogSlate: Updating window title bar state: overlay mode, drag disabled, window buttons hidden, title bar hidden
[2018.11.21-20.36.13:984][624]LogPlayLevel: Display: Destroying online subsystem :Context_6
[2018.11.21-20.36.14:606][698]LogEditorViewport: Clicking on Actor (LMB): BP_Sky_Sphere_C (Sky Sphere)
[2018.11.21-20.36.15:254][770]LogEditorViewport: Clicking on Actor (LMB): MyBaseEnemy_C (MyBaseEnemy)
[2018.11.21-20.36.16:522][917]LogSlate: FSceneViewport::OnFocusLost() reason 0
[2018.11.21-20.36.18:732][182]LogTemp: Repeating last play command: Selected Viewport
[2018.11.21-20.36.18:854][182]LogPlayLevel: PlayLevel: No blueprints needed recompiling
[2018.11.21-20.36.18:854][182]PIE: New page: PIE session: Untitled_1 (21 Nov 2018 20:36:18)
[2018.11.21-20.36.18:854][182]LogPlayLevel: Creating play world package: /Temp/UEDPIE_0_Untitled_1
[2018.11.21-20.36.18:859][182]LogPlayLevel: PIE: StaticDuplicateObject took: (0.004616s)
[2018.11.21-20.36.18:860][182]LogAIModule: Creating AISystem for world Untitled_1
[2018.11.21-20.36.18:861][182]LogPlayLevel: PIE: World Init took: (0.001994s)
[2018.11.21-20.36.18:861][182]LogPlayLevel: PIE: Created PIE world by copying editor world from /Temp/Untitled_1.Untitled_1 to /Temp/UEDPIE_0_Untitled_1.Untitled_1 (0.007451s)
[2018.11.21-20.36.18:911][182]LogInit: XAudio2 using 'Speakers (Realtek High Definition Audio)' : 2 channels at 48 kHz using 32 bits per sample (channel mask 0x3)
[2018.11.21-20.36.18:929][182]LogInit: FAudioDevice initialized.
[2018.11.21-20.36.18:965][182]LogLoad: Game class is 'GameModeBase'
[2018.11.21-20.36.18:967][182]LogWorld: Bringing World /Temp/UEDPIE_0_Untitled_1.Untitled_1 up for play (max tick rate 0) at 2018.11.21-20.36.18
[2018.11.21-20.36.18:967][182]LogWorld: Bringing up level for play took: 0.000781
[2018.11.21-20.36.18:981][182]PIE: Play in editor start time for /Temp/UEDPIE_0_Untitled_1 -0.265
[2018.11.21-20.36.20:830][402]LogSlate: Updating window title bar state: overlay mode, drag disabled, window buttons hidden, title bar hidden
[2018.11.21-20.36.20:870][402]LogPlayLevel: Display: Shutting down PIE online subsystems
[2018.11.21-20.36.20:903][402]LogSlate: Updating window title bar state: overlay mode, drag disabled, window buttons hidden, title bar hidden
[2018.11.21-20.36.20:944][404]LogPlayLevel: Display: Destroying online subsystem :Context_7
[2018.11.21-20.36.21:952][525]LogEditorViewport: Clicking on Actor (LMB): MyBaseEnemy_C (MyBaseEnemy)
[2018.11.21-20.36.41:976][916]LogSlate: FSceneViewport::OnFocusLost() reason 0
[2018.11.21-20.36.44:436][210]LogTemp: Repeating last play command: Selected Viewport
[2018.11.21-20.36.44:452][210]LogPlayLevel: PlayLevel: No blueprints needed recompiling
[2018.11.21-20.36.44:452][210]PIE: New page: PIE session: Untitled_1 (21 Nov 2018 20:36:44)
[2018.11.21-20.36.44:453][210]LogPlayLevel: Creating play world package: /Temp/UEDPIE_0_Untitled_1
[2018.11.21-20.36.44:455][210]LogPlayLevel: PIE: StaticDuplicateObject took: (0.001924s)
[2018.11.21-20.36.44:455][210]LogAIModule: Creating AISystem for world Untitled_1
[2018.11.21-20.36.44:455][210]LogPlayLevel: PIE: World Init took: (0.000744s)
[2018.11.21-20.36.44:456][210]LogPlayLevel: PIE: Created PIE world by copying editor world from /Temp/Untitled_1.Untitled_1 to /Temp/UEDPIE_0_Untitled_1.Untitled_1 (0.002966s)
[2018.11.21-20.36.44:486][210]LogInit: XAudio2 using 'Speakers (Realtek High Definition Audio)' : 2 channels at 48 kHz using 32 bits per sample (channel mask 0x3)
[2018.11.21-20.36.44:500][210]LogInit: FAudioDevice initialized.
[2018.11.21-20.36.44:540][210]LogLoad: Game class is 'GameModeBase'
[2018.11.21-20.36.44:542][210]LogWorld: Bringing World /Temp/UEDPIE_0_Untitled_1.Untitled_1 up for play (max tick rate 0) at 2018.11.21-20.36.44
[2018.11.21-20.36.44:543][210]LogWorld: Bringing up level for play took: 0.001246
[2018.11.21-20.36.44:559][210]PIE: Play in editor start time for /Temp/UEDPIE_0_Untitled_1 -0.688
[2018.11.21-20.37.00:678][134]LogSlate: Updating window title bar state: overlay mode, drag disabled, window buttons hidden, title bar hidden
[2018.11.21-20.37.00:715][134]LogPlayLevel: Display: Shutting down PIE online subsystems
[2018.11.21-20.37.00:772][134]LogSlate: Updating window title bar state: overlay mode, drag disabled, window buttons hidden, title bar hidden
[2018.11.21-20.37.00:793][135]LogPlayLevel: Display: Destroying online subsystem :Context_8
[2018.11.21-20.37.01:651][238]LogSlate: FSceneViewport::OnFocusLost() reason 0
[2018.11.21-20.37.01:726][247]LogTemp: Repeating last play command: Selected Viewport
[2018.11.21-20.37.01:742][247]LogPlayLevel: PlayLevel: No blueprints needed recompiling
[2018.11.21-20.37.01:742][247]PIE: New page: PIE session: Untitled_1 (21 Nov 2018 20:37:01)
[2018.11.21-20.37.01:742][247]LogPlayLevel: Creating play world package: /Temp/UEDPIE_0_Untitled_1
[2018.11.21-20.37.01:744][247]LogPlayLevel: PIE: StaticDuplicateObject took: (0.002062s)
[2018.11.21-20.37.01:745][247]LogAIModule: Creating AISystem for world Untitled_1
[2018.11.21-20.37.01:745][247]LogPlayLevel: PIE: World Init took: (0.000771s)
[2018.11.21-20.37.01:745][247]LogPlayLevel: PIE: Created PIE world by copying editor world from /Temp/Untitled_1.Untitled_1 to /Temp/UEDPIE_0_Untitled_1.Untitled_1 (0.003159s)
[2018.11.21-20.37.01:775][247]LogInit: XAudio2 using 'Speakers (Realtek High Definition Audio)' : 2 channels at 48 kHz using 32 bits per sample (channel mask 0x3)
[2018.11.21-20.37.01:789][247]LogInit: FAudioDevice initialized.
[2018.11.21-20.37.01:823][247]LogLoad: Game class is 'GameModeBase'
[2018.11.21-20.37.01:824][247]LogWorld: Bringing World /Temp/UEDPIE_0_Untitled_1.Untitled_1 up for play (max tick rate 0) at 2018.11.21-20.37.01
[2018.11.21-20.37.01:825][247]LogWorld: Bringing up level for play took: 0.000698
[2018.11.21-20.37.01:840][247]PIE: Play in editor start time for /Temp/UEDPIE_0_Untitled_1 0.594
[2018.11.21-20.37.14:949][808]LogSlate: Updating window title bar state: overlay mode, drag disabled, window buttons hidden, title bar hidden
[2018.11.21-20.37.14:992][808]LogPlayLevel: Display: Shutting down PIE online subsystems
[2018.11.21-20.37.15:042][808]LogSlate: Updating window title bar state: overlay mode, drag disabled, window buttons hidden, title bar hidden
[2018.11.21-20.37.15:066][809]LogPlayLevel: Display: Destroying online subsystem :Context_9
[2018.11.21-20.40.33:768][515]LogEditorViewport: Clicking on Actor (LMB): MyBaseEnemy_C (MyBaseEnemy)
[2018.11.21-20.40.36:122][791]LogSlate: FSceneViewport::OnFocusLost() reason 0
[2018.11.21-20.40.36:196][800]LogTemp: Repeating last play command: Selected Viewport
[2018.11.21-20.40.36:213][800]LogPlayLevel: PlayLevel: No blueprints needed recompiling
[2018.11.21-20.40.36:213][800]PIE: New page: PIE session: Untitled_1 (21 Nov 2018 20:40:36)
[2018.11.21-20.40.36:213][800]LogPlayLevel: Creating play world package: /Temp/UEDPIE_0_Untitled_1
[2018.11.21-20.40.36:216][800]LogPlayLevel: PIE: StaticDuplicateObject took: (0.002276s)
[2018.11.21-20.40.36:217][800]LogAIModule: Creating AISystem for world Untitled_1
[2018.11.21-20.40.36:217][800]LogPlayLevel: PIE: World Init took: (0.001097s)
[2018.11.21-20.40.36:217][800]LogPlayLevel: PIE: Created PIE world by copying editor world from /Temp/Untitled_1.Untitled_1 to /Temp/UEDPIE_0_Untitled_1.Untitled_1 (0.003695s)
[2018.11.21-20.40.36:253][800]LogInit: XAudio2 using 'Speakers (Realtek High Definition Audio)' : 2 channels at 48 kHz using 32 bits per sample (channel mask 0x3)
[2018.11.21-20.40.36:271][800]LogInit: FAudioDevice initialized.
[2018.11.21-20.40.36:304][800]LogLoad: Game class is 'GameModeBase'
[2018.11.21-20.40.36:306][800]LogWorld: Bringing World /Temp/UEDPIE_0_Untitled_1.Untitled_1 up for play (max tick rate 0) at 2018.11.21-20.40.36
[2018.11.21-20.40.36:306][800]LogWorld: Bringing up level for play took: 0.000773
[2018.11.21-20.40.36:319][800]PIE: Play in editor start time for /Temp/UEDPIE_0_Untitled_1 1.073
[2018.11.21-20.40.45:367][882]LogSlate: FSceneViewport::OnFocusLost() reason 0
[2018.11.21-20.40.58:509][421]LogSlate: FSceneViewport::OnFocusLost() reason 2
[2018.11.21-20.41.01:182][740]LogSlate: FSceneViewport::OnFocusLost() reason 0
[2018.11.21-20.41.01:292][753]LogSlate: Updating window title bar state: overlay mode, drag disabled, window buttons hidden, title bar hidden
[2018.11.21-20.41.01:331][753]LogPlayLevel: Display: Shutting down PIE online subsystems
[2018.11.21-20.41.01:362][753]LogSlate: Updating window title bar state: overlay mode, drag disabled, window buttons hidden, title bar hidden
[2018.11.21-20.41.01:391][755]LogPlayLevel: Display: Destroying online subsystem :Context_10
[2018.11.21-20.41.05:668][265]Cmd: SELECT NONE
[2018.11.21-20.41.16:798][446]LogSlate: FSceneViewport::OnFocusLost() reason 2
[2018.11.21-20.41.17:756][526]LogTemp: Repeating last play command: Selected Viewport
[2018.11.21-20.41.17:773][526]LogPlayLevel: PlayLevel: No blueprints needed recompiling
[2018.11.21-20.41.17:773][526]PIE: New page: PIE session: Untitled_1 (21 Nov 2018 20:41:17)
[2018.11.21-20.41.17:773][526]LogPlayLevel: Creating play world package: /Temp/UEDPIE_0_Untitled_1
[2018.11.21-20.41.17:775][526]LogPlayLevel: PIE: StaticDuplicateObject took: (0.002145s)
[2018.11.21-20.41.17:776][526]LogAIModule: Creating AISystem for world Untitled_1
[2018.11.21-20.41.17:776][526]LogPlayLevel: PIE: World Init took: (0.001106s)
[2018.11.21-20.41.17:777][526]LogPlayLevel: PIE: Created PIE world by copying editor world from /Temp/Untitled_1.Untitled_1 to /Temp/UEDPIE_0_Untitled_1.Untitled_1 (0.003603s)
[2018.11.21-20.41.17:809][526]LogInit: XAudio2 using 'Speakers (Realtek High Definition Audio)' : 2 channels at 48 kHz using 32 bits per sample (channel mask 0x3)
[2018.11.21-20.41.17:826][526]LogInit: FAudioDevice initialized.
[2018.11.21-20.41.17:864][526]LogLoad: Game class is 'GameModeBase'
[2018.11.21-20.41.17:865][526]LogWorld: Bringing World /Temp/UEDPIE_0_Untitled_1.Untitled_1 up for play (max tick rate 0) at 2018.11.21-20.41.17
[2018.11.21-20.41.17:866][526]LogWorld: Bringing up level for play took: 0.001082
[2018.11.21-20.41.17:880][526]PIE: Play in editor start time for /Temp/UEDPIE_0_Untitled_1 0.634
[2018.11.21-20.47.20:486][404]LogSlate: Updating window title bar state: overlay mode, drag disabled, window buttons hidden, title bar hidden
[2018.11.21-20.47.20:522][404]LogPlayLevel: Display: Shutting down PIE online subsystems
[2018.11.21-20.47.20:555][404]LogSlate: Updating window title bar state: overlay mode, drag disabled, window buttons hidden, title bar hidden
[2018.11.21-20.47.20:608][406]LogPlayLevel: Display: Destroying online subsystem :Context_11
[2018.11.21-20.47.21:209][478]LogEditorViewport: Clicking on Actor (LMB): BP_Sky_Sphere_C (Sky Sphere)
[2018.11.21-20.47.21:795][543]LogEditorViewport: Clicking on Actor (LMB): BP_Sky_Sphere_C (Sky Sphere)
[2018.11.21-20.47.22:306][602]LogEditorViewport: Clicking on Actor (LMB): MyBaseEnemy_C (MyBaseEnemy2)
[2018.11.21-20.47.28:425][330]LogEditorViewport: Clicking on Actor (LMB): MyBaseEnemy_C (MyBaseEnemy)
[2018.11.21-20.47.41:204][662]LogSlate: FSceneViewport::OnFocusLost() reason 2
[2018.11.21-20.47.53:970][842]LogTemp: Repeating last play command: Selected Viewport
[2018.11.21-20.47.53:986][842]LogPlayLevel: PlayLevel: No blueprints needed recompiling
[2018.11.21-20.47.53:986][842]PIE: New page: PIE session: Untitled_1 (21 Nov 2018 20:47:53)
[2018.11.21-20.47.53:986][842]LogPlayLevel: Creating play world package: /Temp/UEDPIE_0_Untitled_1
[2018.11.21-20.47.53:989][842]LogPlayLevel: PIE: StaticDuplicateObject took: (0.002233s)
[2018.11.21-20.47.53:989][842]LogAIModule: Creating AISystem for world Untitled_1
[2018.11.21-20.47.53:990][842]LogPlayLevel: PIE: World Init took: (0.000959s)
[2018.11.21-20.47.53:990][842]LogPlayLevel: PIE: Created PIE world by copying editor world from /Temp/Untitled_1.Untitled_1 to /Temp/UEDPIE_0_Untitled_1.Untitled_1 (0.003568s)
[2018.11.21-20.47.54:017][842]LogInit: XAudio2 using 'Speakers (Realtek High Definition Audio)' : 2 channels at 48 kHz using 32 bits per sample (channel mask 0x3)
[2018.11.21-20.47.54:032][842]LogInit: FAudioDevice initialized.
[2018.11.21-20.47.54:066][842]LogLoad: Game class is 'GameModeBase'
[2018.11.21-20.47.54:067][842]LogWorld: Bringing World /Temp/UEDPIE_0_Untitled_1.Untitled_1 up for play (max tick rate 0) at 2018.11.21-20.47.54
[2018.11.21-20.47.54:067][842]LogWorld: Bringing up level for play took: 0.000761
[2018.11.21-20.47.54:081][842]PIE: Play in editor start time for /Temp/UEDPIE_0_Untitled_1 0.836
